<?xml version="1.0" encoding="UTF-8"?>
<TestRun id="b500a565-ec76-4186-a26e-01bc0e8c925a" name="nielsobr@USSLCL00134 2012-07-07 17:05:33" runUser="CORP\nielsobr" xmlns="http://microsoft.com/schemas/VisualStudio/TeamTest/2010">
  <TestSettings name="Local" id="8a64df0a-58a3-4d83-8a12-9a4d4c2701f1">
    <Description>These are default test settings for a local test run.</Description>
    <Deployment enabled="false" runDeploymentRoot="nielsobr_USSLCL00134 2012-07-07 17_05_33">
      <DeploymentItem filename="C:\Bruce N\Programming\Quantum Computing\LinearAlgebra\bin\Debug\LinearAlgebra.dll" />
    </Deployment>
    <Execution>
      <TestTypeSpecific />
      <AgentRule name="Execution Agents">
      </AgentRule>
    </Execution>
  </TestSettings>
  <Times creation="2012-07-07T17:05:33.7966492-06:00" queuing="2012-07-07T17:05:38.2199022-06:00" start="2012-07-07T17:05:38.5089188-06:00" finish="2012-07-07T17:05:44.0922381-06:00" />
  <ResultSummary outcome="Completed">
    <Counters total="153" executed="153" passed="153" error="0" failed="0" timeout="0" aborted="0" inconclusive="0" passedButRunAborted="0" notRunnable="0" notExecuted="0" disconnected="0" warning="0" completed="0" inProgress="0" pending="0" />
  </ResultSummary>
  <TestDefinitions>
    <UnitTest name="Exercise1o3o4" storage="c:\bruce n\programming\quantum computing\testcomplexnumber\bin\debug\testcomplexnumber.dll" id="07679b95-0c77-33dd-c8d5-e1376510063a">
      <Execution id="e5e7c22e-a5f1-4386-8297-5e3a84c94593" />
      <TestMethod codeBase="C:/Bruce N/Programming/Quantum Computing/TestComplexNumber/bin/Debug/TestComplexNumber.DLL" adapterTypeName="Microsoft.VisualStudio.TestTools.TestTypes.Unit.UnitTestAdapter, Microsoft.VisualStudio.QualityTools.Tips.UnitTest.Adapter, Version=10.0.0.0, Culture=neutral, PublicKeyToken=b03f5f7f11d50a3a" className="TestComplexNumber.QCExercisesChapter1, TestComplexNumber, Version=1.0.0.0, Culture=neutral, PublicKeyToken=null" name="Exercise1o3o4" />
    </UnitTest>
    <UnitTest name="Exercise3o1o4" storage="c:\bruce n\programming\quantum computing\testcomplexnumber\bin\debug\testcomplexnumber.dll" id="06c32b76-050d-0c74-e5e5-24e8d789eea7">
      <Execution id="4047e6ce-0f7b-4923-88bb-614c3f6a264a" />
      <TestMethod codeBase="C:/Bruce N/Programming/Quantum Computing/TestComplexNumber/bin/Debug/TestComplexNumber.DLL" adapterTypeName="Microsoft.VisualStudio.TestTools.TestTypes.Unit.UnitTestAdapter, Microsoft.VisualStudio.QualityTools.Tips.UnitTest.Adapter, Version=10.0.0.0, Culture=neutral, PublicKeyToken=b03f5f7f11d50a3a" className="TestComplexNumber.QCExercisesChapter3, TestComplexNumber, Version=1.0.0.0, Culture=neutral, PublicKeyToken=null" name="Exercise3o1o4" />
    </UnitTest>
    <UnitTest name="Exercise2o7o3" storage="c:\bruce n\programming\quantum computing\testcomplexnumber\bin\debug\testcomplexnumber.dll" id="fcfa95f2-720f-8082-c577-4f9e22c76102">
      <Execution id="1eeaecaf-c8c4-4423-b1df-100d7a01ccd1" />
      <TestMethod codeBase="C:/Bruce N/Programming/Quantum Computing/TestComplexNumber/bin/Debug/TestComplexNumber.DLL" adapterTypeName="Microsoft.VisualStudio.TestTools.TestTypes.Unit.UnitTestAdapter, Microsoft.VisualStudio.QualityTools.Tips.UnitTest.Adapter, Version=10.0.0.0, Culture=neutral, PublicKeyToken=b03f5f7f11d50a3a" className="TestComplexNumber.QCExercisesChapter2, TestComplexNumber, Version=1.0.0.0, Culture=neutral, PublicKeyToken=null" name="Exercise2o7o3" />
    </UnitTest>
    <UnitTest name="NegativeOneTest" storage="c:\bruce n\programming\quantum computing\testcomplexnumber\bin\debug\testcomplexnumber.dll" id="e817df08-1352-7924-6f37-9159ad0539e6">
      <Execution id="bf6390d8-13b8-4cc0-8d22-b6223a24b742" />
      <TestMethod codeBase="C:/Bruce N/Programming/Quantum Computing/TestComplexNumber/bin/Debug/TestComplexNumber.DLL" adapterTypeName="Microsoft.VisualStudio.TestTools.TestTypes.Unit.UnitTestAdapter, Microsoft.VisualStudio.QualityTools.Tips.UnitTest.Adapter, Version=10.0.0.0, Culture=neutral, PublicKeyToken=b03f5f7f11d50a3a" className="TestComplexNumber.ComplexNumberTest, TestComplexNumber, Version=1.0.0.0, Culture=neutral, PublicKeyToken=null" name="NegativeOneTest" />
    </UnitTest>
    <UnitTest name="op_SubtractionTest" storage="c:\bruce n\programming\quantum computing\testcomplexnumber\bin\debug\testcomplexnumber.dll" id="ff295562-5e99-9434-0a6c-61d038c92b18">
      <Execution id="ff23c577-47d1-4c63-b13c-d1d1dd0ba5cd" />
      <TestMethod codeBase="C:/Bruce N/Programming/Quantum Computing/TestComplexNumber/bin/Debug/TestComplexNumber.DLL" adapterTypeName="Microsoft.VisualStudio.TestTools.TestTypes.Unit.UnitTestAdapter, Microsoft.VisualStudio.QualityTools.Tips.UnitTest.Adapter, Version=10.0.0.0, Culture=neutral, PublicKeyToken=b03f5f7f11d50a3a" className="TestComplexNumber.VectorTest, TestComplexNumber, Version=1.0.0.0, Culture=neutral, PublicKeyToken=null" name="op_SubtractionTest" />
    </UnitTest>
    <UnitTest name="GetAngleDegreesTest" storage="c:\bruce n\programming\quantum computing\testcomplexnumber\bin\debug\testcomplexnumber.dll" id="9e43b977-3c91-5be2-de15-4f95a8e1f8c7">
      <Execution id="1a9255c2-12ed-4181-a07c-7988314c73d2" />
      <TestMethod codeBase="C:/Bruce N/Programming/Quantum Computing/TestComplexNumber/bin/Debug/TestComplexNumber.DLL" adapterTypeName="Microsoft.VisualStudio.TestTools.TestTypes.Unit.UnitTestAdapter, Microsoft.VisualStudio.QualityTools.Tips.UnitTest.Adapter, Version=10.0.0.0, Culture=neutral, PublicKeyToken=b03f5f7f11d50a3a" className="TestComplexNumber.ComplexNumberTest, TestComplexNumber, Version=1.0.0.0, Culture=neutral, PublicKeyToken=null" name="GetAngleDegreesTest" />
    </UnitTest>
    <UnitTest name="CompareSizeTest" storage="c:\bruce n\programming\quantum computing\testcomplexnumber\bin\debug\testcomplexnumber.dll" id="3b6c1979-5d5b-f7df-8831-5e65b0e818fd">
      <Execution id="45c996db-8642-4021-9899-f38e6c10fe3c" />
      <TestMethod codeBase="C:/Bruce N/Programming/Quantum Computing/TestComplexNumber/bin/Debug/TestComplexNumber.DLL" adapterTypeName="Microsoft.VisualStudio.TestTools.TestTypes.Unit.UnitTestAdapter, Microsoft.VisualStudio.QualityTools.Tips.UnitTest.Adapter, Version=10.0.0.0, Culture=neutral, PublicKeyToken=b03f5f7f11d50a3a" className="TestComplexNumber.MatrixTest, TestComplexNumber, Version=1.0.0.0, Culture=neutral, PublicKeyToken=null" name="CompareSizeTest" />
    </UnitTest>
    <UnitTest name="Exercise2o6o8" storage="c:\bruce n\programming\quantum computing\testcomplexnumber\bin\debug\testcomplexnumber.dll" id="f1d86270-c9d8-c961-65be-24cc50d1fc4b">
      <Execution id="05192bca-9f7f-4607-94c4-62f78522b232" />
      <TestMethod codeBase="C:/Bruce N/Programming/Quantum Computing/TestComplexNumber/bin/Debug/TestComplexNumber.DLL" adapterTypeName="Microsoft.VisualStudio.TestTools.TestTypes.Unit.UnitTestAdapter, Microsoft.VisualStudio.QualityTools.Tips.UnitTest.Adapter, Version=10.0.0.0, Culture=neutral, PublicKeyToken=b03f5f7f11d50a3a" className="TestComplexNumber.QCExercisesChapter2, TestComplexNumber, Version=1.0.0.0, Culture=neutral, PublicKeyToken=null" name="Exercise2o6o8" />
    </UnitTest>
    <UnitTest name="Exercise2o2o8" storage="c:\bruce n\programming\quantum computing\testcomplexnumber\bin\debug\testcomplexnumber.dll" id="0a0f56e1-2426-9c27-75c5-72e83aa4f18c">
      <Execution id="11f7347a-ff3d-4369-96b2-8e330e06de57" />
      <TestMethod codeBase="C:/Bruce N/Programming/Quantum Computing/TestComplexNumber/bin/Debug/TestComplexNumber.DLL" adapterTypeName="Microsoft.VisualStudio.TestTools.TestTypes.Unit.UnitTestAdapter, Microsoft.VisualStudio.QualityTools.Tips.UnitTest.Adapter, Version=10.0.0.0, Culture=neutral, PublicKeyToken=b03f5f7f11d50a3a" className="TestComplexNumber.QCExercisesChapter2, TestComplexNumber, Version=1.0.0.0, Culture=neutral, PublicKeyToken=null" name="Exercise2o2o8" />
    </UnitTest>
    <UnitTest name="Exercise4o1o5" storage="c:\bruce n\programming\quantum computing\testcomplexnumber\bin\debug\testcomplexnumber.dll" id="b920ca27-2e1f-e8ec-c9ba-d4cbb754ace4">
      <Execution id="8cb68292-3e35-404d-b43d-3bf0698559b0" />
      <TestMethod codeBase="C:/Bruce N/Programming/Quantum Computing/TestComplexNumber/bin/Debug/TestComplexNumber.DLL" adapterTypeName="Microsoft.VisualStudio.TestTools.TestTypes.Unit.UnitTestAdapter, Microsoft.VisualStudio.QualityTools.Tips.UnitTest.Adapter, Version=10.0.0.0, Culture=neutral, PublicKeyToken=b03f5f7f11d50a3a" className="TestComplexNumber.QCExercisesChapter4, TestComplexNumber, Version=1.0.0.0, Culture=neutral, PublicKeyToken=null" name="Exercise4o1o5" />
    </UnitTest>
    <UnitTest name="GetAngleTest" storage="c:\bruce n\programming\quantum computing\testcomplexnumber\bin\debug\testcomplexnumber.dll" id="aaa025c4-539f-dc62-f50b-af3c4325c449">
      <Execution id="f84e8553-1715-492b-a53c-f74e6c0c8f57" />
      <TestMethod codeBase="C:/Bruce N/Programming/Quantum Computing/TestComplexNumber/bin/Debug/TestComplexNumber.DLL" adapterTypeName="Microsoft.VisualStudio.TestTools.TestTypes.Unit.UnitTestAdapter, Microsoft.VisualStudio.QualityTools.Tips.UnitTest.Adapter, Version=10.0.0.0, Culture=neutral, PublicKeyToken=b03f5f7f11d50a3a" className="TestComplexNumber.ComplexNumberTest, TestComplexNumber, Version=1.0.0.0, Culture=neutral, PublicKeyToken=null" name="GetAngleTest" />
    </UnitTest>
    <UnitTest name="Exercise2o4o8" storage="c:\bruce n\programming\quantum computing\testcomplexnumber\bin\debug\testcomplexnumber.dll" id="df9d4979-ebf4-48fa-eaa6-d378215805ce">
      <Execution id="762d6090-add4-4ff3-a892-ba42c84694e1" />
      <TestMethod codeBase="C:/Bruce N/Programming/Quantum Computing/TestComplexNumber/bin/Debug/TestComplexNumber.DLL" adapterTypeName="Microsoft.VisualStudio.TestTools.TestTypes.Unit.UnitTestAdapter, Microsoft.VisualStudio.QualityTools.Tips.UnitTest.Adapter, Version=10.0.0.0, Culture=neutral, PublicKeyToken=b03f5f7f11d50a3a" className="TestComplexNumber.QCExercisesChapter2, TestComplexNumber, Version=1.0.0.0, Culture=neutral, PublicKeyToken=null" name="Exercise2o4o8" />
    </UnitTest>
    <UnitTest name="Exercise4o4o1" storage="c:\bruce n\programming\quantum computing\testcomplexnumber\bin\debug\testcomplexnumber.dll" id="93416627-340b-18aa-c933-38279467b58a">
      <Execution id="8ad161cb-983d-411c-b679-a7cf0a13cb6d" />
      <TestMethod codeBase="C:/Bruce N/Programming/Quantum Computing/TestComplexNumber/bin/Debug/TestComplexNumber.DLL" adapterTypeName="Microsoft.VisualStudio.TestTools.TestTypes.Unit.UnitTestAdapter, Microsoft.VisualStudio.QualityTools.Tips.UnitTest.Adapter, Version=10.0.0.0, Culture=neutral, PublicKeyToken=b03f5f7f11d50a3a" className="TestComplexNumber.QCExercisesChapter4, TestComplexNumber, Version=1.0.0.0, Culture=neutral, PublicKeyToken=null" name="Exercise4o4o1" />
    </UnitTest>
    <UnitTest name="TraceTest" storage="c:\bruce n\programming\quantum computing\testcomplexnumber\bin\debug\testcomplexnumber.dll" id="a462fc82-d08d-a927-6e82-ea09024ca4ef">
      <DeploymentItems>
        <DeploymentItem filename="LinearAlgebra.dll" />
      </DeploymentItems>
      <Execution id="bf2d53a9-59d3-4aad-a279-f5c476200298" />
      <TestMethod codeBase="C:/Bruce N/Programming/Quantum Computing/TestComplexNumber/bin/Debug/TestComplexNumber.DLL" adapterTypeName="Microsoft.VisualStudio.TestTools.TestTypes.Unit.UnitTestAdapter, Microsoft.VisualStudio.QualityTools.Tips.UnitTest.Adapter, Version=10.0.0.0, Culture=neutral, PublicKeyToken=b03f5f7f11d50a3a" className="TestComplexNumber.MatrixTest, TestComplexNumber, Version=1.0.0.0, Culture=neutral, PublicKeyToken=null" name="TraceTest" />
    </UnitTest>
    <UnitTest name="TensorProductTest" storage="c:\bruce n\programming\quantum computing\testcomplexnumber\bin\debug\testcomplexnumber.dll" id="e34bbd78-70b7-8bee-c46b-6fb18c901aa2">
      <Execution id="e4bda080-2d2e-4e52-ade5-7fd3fd277878" />
      <TestMethod codeBase="C:/Bruce N/Programming/Quantum Computing/TestComplexNumber/bin/Debug/TestComplexNumber.DLL" adapterTypeName="Microsoft.VisualStudio.TestTools.TestTypes.Unit.UnitTestAdapter, Microsoft.VisualStudio.QualityTools.Tips.UnitTest.Adapter, Version=10.0.0.0, Culture=neutral, PublicKeyToken=b03f5f7f11d50a3a" className="TestComplexNumber.MatrixTest, TestComplexNumber, Version=1.0.0.0, Culture=neutral, PublicKeyToken=null" name="TensorProductTest" />
    </UnitTest>
    <UnitTest name="Exercise1o3o8" storage="c:\bruce n\programming\quantum computing\testcomplexnumber\bin\debug\testcomplexnumber.dll" id="4d151c41-de40-a77d-9114-a00800a2f22f">
      <Execution id="39f1037f-c70d-4545-a534-60df622ec85b" />
      <TestMethod codeBase="C:/Bruce N/Programming/Quantum Computing/TestComplexNumber/bin/Debug/TestComplexNumber.DLL" adapterTypeName="Microsoft.VisualStudio.TestTools.TestTypes.Unit.UnitTestAdapter, Microsoft.VisualStudio.QualityTools.Tips.UnitTest.Adapter, Version=10.0.0.0, Culture=neutral, PublicKeyToken=b03f5f7f11d50a3a" className="TestComplexNumber.QCExercisesChapter1, TestComplexNumber, Version=1.0.0.0, Culture=neutral, PublicKeyToken=null" name="Exercise1o3o8" />
    </UnitTest>
    <UnitTest name="VectorConstructorTest2" storage="c:\bruce n\programming\quantum computing\testcomplexnumber\bin\debug\testcomplexnumber.dll" id="9c92819f-751b-655e-72f6-604f0653711c">
      <Execution id="4b05923a-236a-410d-ad3e-8ed3cfc5a411" />
      <TestMethod codeBase="C:/Bruce N/Programming/Quantum Computing/TestComplexNumber/bin/Debug/TestComplexNumber.DLL" adapterTypeName="Microsoft.VisualStudio.TestTools.TestTypes.Unit.UnitTestAdapter, Microsoft.VisualStudio.QualityTools.Tips.UnitTest.Adapter, Version=10.0.0.0, Culture=neutral, PublicKeyToken=b03f5f7f11d50a3a" className="TestComplexNumber.VectorTest, TestComplexNumber, Version=1.0.0.0, Culture=neutral, PublicKeyToken=null" name="VectorConstructorTest2" />
    </UnitTest>
    <UnitTest name="Exercise4o2o6" storage="c:\bruce n\programming\quantum computing\testcomplexnumber\bin\debug\testcomplexnumber.dll" id="1f1cd201-bd9b-d73b-7631-79422db50907">
      <Execution id="ebb8d925-18ef-4607-b00c-25561296ebcf" />
      <TestMethod codeBase="C:/Bruce N/Programming/Quantum Computing/TestComplexNumber/bin/Debug/TestComplexNumber.DLL" adapterTypeName="Microsoft.VisualStudio.TestTools.TestTypes.Unit.UnitTestAdapter, Microsoft.VisualStudio.QualityTools.Tips.UnitTest.Adapter, Version=10.0.0.0, Culture=neutral, PublicKeyToken=b03f5f7f11d50a3a" className="TestComplexNumber.QCExercisesChapter4, TestComplexNumber, Version=1.0.0.0, Culture=neutral, PublicKeyToken=null" name="Exercise4o2o6" />
    </UnitTest>
    <UnitTest name="Example2o3o3" storage="c:\bruce n\programming\quantum computing\testcomplexnumber\bin\debug\testcomplexnumber.dll" id="f4a6d75b-22de-c9be-71c8-5150c846f601">
      <Execution id="9071a16d-2b29-4d03-a60a-98fcdd8830f1" />
      <TestMethod codeBase="C:/Bruce N/Programming/Quantum Computing/TestComplexNumber/bin/Debug/TestComplexNumber.DLL" adapterTypeName="Microsoft.VisualStudio.TestTools.TestTypes.Unit.UnitTestAdapter, Microsoft.VisualStudio.QualityTools.Tips.UnitTest.Adapter, Version=10.0.0.0, Culture=neutral, PublicKeyToken=b03f5f7f11d50a3a" className="TestComplexNumber.QCExercisesChapter2, TestComplexNumber, Version=1.0.0.0, Culture=neutral, PublicKeyToken=null" name="Example2o3o3" />
    </UnitTest>
    <UnitTest name="Exercise4o1o1" storage="c:\bruce n\programming\quantum computing\testcomplexnumber\bin\debug\testcomplexnumber.dll" id="56d4e2ab-80ac-74c9-cdc4-cd3967d0842f">
      <Execution id="9336a9e9-eafb-4be0-8072-44606fbcb0e5" />
      <TestMethod codeBase="C:/Bruce N/Programming/Quantum Computing/TestComplexNumber/bin/Debug/TestComplexNumber.DLL" adapterTypeName="Microsoft.VisualStudio.TestTools.TestTypes.Unit.UnitTestAdapter, Microsoft.VisualStudio.QualityTools.Tips.UnitTest.Adapter, Version=10.0.0.0, Culture=neutral, PublicKeyToken=b03f5f7f11d50a3a" className="TestComplexNumber.QCExercisesChapter4, TestComplexNumber, Version=1.0.0.0, Culture=neutral, PublicKeyToken=null" name="Exercise4o1o1" />
    </UnitTest>
    <UnitTest name="EqualsTest" storage="c:\bruce n\programming\quantum computing\testcomplexnumber\bin\debug\testcomplexnumber.dll" id="bc74a9f0-dfbc-1cfa-6718-f3d2cbf87b3b">
      <Execution id="8b6a304c-12dd-405c-8587-bb9937d5fe13" />
      <TestMethod codeBase="C:/Bruce N/Programming/Quantum Computing/TestComplexNumber/bin/Debug/TestComplexNumber.DLL" adapterTypeName="Microsoft.VisualStudio.TestTools.TestTypes.Unit.UnitTestAdapter, Microsoft.VisualStudio.QualityTools.Tips.UnitTest.Adapter, Version=10.0.0.0, Culture=neutral, PublicKeyToken=b03f5f7f11d50a3a" className="TestComplexNumber.VectorTest, TestComplexNumber, Version=1.0.0.0, Culture=neutral, PublicKeyToken=null" name="EqualsTest" />
    </UnitTest>
    <UnitTest name="GetNormalizedVectorTest" storage="c:\bruce n\programming\quantum computing\testcomplexnumber\bin\debug\testcomplexnumber.dll" id="c73872e3-de49-0d4a-fbe2-3bd9c4a10210">
      <Execution id="e4ced9bf-53ed-43de-903d-c38607681bad" />
      <TestMethod codeBase="C:/Bruce N/Programming/Quantum Computing/TestComplexNumber/bin/Debug/TestComplexNumber.DLL" adapterTypeName="Microsoft.VisualStudio.TestTools.TestTypes.Unit.UnitTestAdapter, Microsoft.VisualStudio.QualityTools.Tips.UnitTest.Adapter, Version=10.0.0.0, Culture=neutral, PublicKeyToken=b03f5f7f11d50a3a" className="TestComplexNumber.ComplexVectorTest, TestComplexNumber, Version=1.0.0.0, Culture=neutral, PublicKeyToken=null" name="GetNormalizedVectorTest" />
    </UnitTest>
    <UnitTest name="ZeroTest" storage="c:\bruce n\programming\quantum computing\testcomplexnumber\bin\debug\testcomplexnumber.dll" id="c93ffe48-5243-dfb2-8a93-461c879cf606">
      <Execution id="dac2e4b0-f74a-45aa-a90d-0e7b6bfef6e0" />
      <TestMethod codeBase="C:/Bruce N/Programming/Quantum Computing/TestComplexNumber/bin/Debug/TestComplexNumber.DLL" adapterTypeName="Microsoft.VisualStudio.TestTools.TestTypes.Unit.UnitTestAdapter, Microsoft.VisualStudio.QualityTools.Tips.UnitTest.Adapter, Version=10.0.0.0, Culture=neutral, PublicKeyToken=b03f5f7f11d50a3a" className="TestComplexNumber.ComplexNumberTest, TestComplexNumber, Version=1.0.0.0, Culture=neutral, PublicKeyToken=null" name="ZeroTest" />
    </UnitTest>
    <UnitTest name="EqualsTest" storage="c:\bruce n\programming\quantum computing\testcomplexnumber\bin\debug\testcomplexnumber.dll" id="191c732e-b797-fda9-14e6-f62313d93af1">
      <Execution id="fdfbbaa9-0f55-4fee-8643-b61542b3dbb7" />
      <TestMethod codeBase="C:/Bruce N/Programming/Quantum Computing/TestComplexNumber/bin/Debug/TestComplexNumber.DLL" adapterTypeName="Microsoft.VisualStudio.TestTools.TestTypes.Unit.UnitTestAdapter, Microsoft.VisualStudio.QualityTools.Tips.UnitTest.Adapter, Version=10.0.0.0, Culture=neutral, PublicKeyToken=b03f5f7f11d50a3a" className="TestComplexNumber.ComplexMatrixTest, TestComplexNumber, Version=1.0.0.0, Culture=neutral, PublicKeyToken=null" name="EqualsTest" />
    </UnitTest>
    <UnitTest name="IdentityMatrixTest" storage="c:\bruce n\programming\quantum computing\testcomplexnumber\bin\debug\testcomplexnumber.dll" id="aac142ce-38b2-6d3f-cd65-e8254c3e066b">
      <Execution id="974dcd85-920b-410f-bfc0-a1ad9adcbc9c" />
      <TestMethod codeBase="C:/Bruce N/Programming/Quantum Computing/TestComplexNumber/bin/Debug/TestComplexNumber.DLL" adapterTypeName="Microsoft.VisualStudio.TestTools.TestTypes.Unit.UnitTestAdapter, Microsoft.VisualStudio.QualityTools.Tips.UnitTest.Adapter, Version=10.0.0.0, Culture=neutral, PublicKeyToken=b03f5f7f11d50a3a" className="TestComplexNumber.ComplexMatrixTest, TestComplexNumber, Version=1.0.0.0, Culture=neutral, PublicKeyToken=null" name="IdentityMatrixTest" />
    </UnitTest>
    <UnitTest name="Exercise2o4o1" storage="c:\bruce n\programming\quantum computing\testcomplexnumber\bin\debug\testcomplexnumber.dll" id="06f73701-65f7-da2b-e94f-6c850186d97a">
      <Execution id="78fec8b1-02de-4ae6-ba25-7c8deb1c4420" />
      <TestMethod codeBase="C:/Bruce N/Programming/Quantum Computing/TestComplexNumber/bin/Debug/TestComplexNumber.DLL" adapterTypeName="Microsoft.VisualStudio.TestTools.TestTypes.Unit.UnitTestAdapter, Microsoft.VisualStudio.QualityTools.Tips.UnitTest.Adapter, Version=10.0.0.0, Culture=neutral, PublicKeyToken=b03f5f7f11d50a3a" className="TestComplexNumber.QCExercisesChapter2, TestComplexNumber, Version=1.0.0.0, Culture=neutral, PublicKeyToken=null" name="Exercise2o4o1" />
    </UnitTest>
    <UnitTest name="Exercise3o2o1" storage="c:\bruce n\programming\quantum computing\testcomplexnumber\bin\debug\testcomplexnumber.dll" id="9cf4c4e1-7186-5bdb-2eef-3b22d03cb6e0">
      <Execution id="1b9421fd-b737-447f-8666-8b9b18f320df" />
      <TestMethod codeBase="C:/Bruce N/Programming/Quantum Computing/TestComplexNumber/bin/Debug/TestComplexNumber.DLL" adapterTypeName="Microsoft.VisualStudio.TestTools.TestTypes.Unit.UnitTestAdapter, Microsoft.VisualStudio.QualityTools.Tips.UnitTest.Adapter, Version=10.0.0.0, Culture=neutral, PublicKeyToken=b03f5f7f11d50a3a" className="TestComplexNumber.QCExercisesChapter3, TestComplexNumber, Version=1.0.0.0, Culture=neutral, PublicKeyToken=null" name="Exercise3o2o1" />
    </UnitTest>
    <UnitTest name="Exercise2o2o5" storage="c:\bruce n\programming\quantum computing\testcomplexnumber\bin\debug\testcomplexnumber.dll" id="afec4393-b7fa-2c17-aed2-743a831c3492">
      <Execution id="c9910936-0855-44a4-aba8-22ca3c93e989" />
      <TestMethod codeBase="C:/Bruce N/Programming/Quantum Computing/TestComplexNumber/bin/Debug/TestComplexNumber.DLL" adapterTypeName="Microsoft.VisualStudio.TestTools.TestTypes.Unit.UnitTestAdapter, Microsoft.VisualStudio.QualityTools.Tips.UnitTest.Adapter, Version=10.0.0.0, Culture=neutral, PublicKeyToken=b03f5f7f11d50a3a" className="TestComplexNumber.QCExercisesChapter2, TestComplexNumber, Version=1.0.0.0, Culture=neutral, PublicKeyToken=null" name="Exercise2o2o5" />
    </UnitTest>
    <UnitTest name="Example4o3o2" storage="c:\bruce n\programming\quantum computing\testcomplexnumber\bin\debug\testcomplexnumber.dll" id="7ce48d38-4867-2cfe-7006-39c642c6f124">
      <Execution id="2b248516-4bfe-45a4-aee0-64c56292c485" />
      <TestMethod codeBase="C:/Bruce N/Programming/Quantum Computing/TestComplexNumber/bin/Debug/TestComplexNumber.DLL" adapterTypeName="Microsoft.VisualStudio.TestTools.TestTypes.Unit.UnitTestAdapter, Microsoft.VisualStudio.QualityTools.Tips.UnitTest.Adapter, Version=10.0.0.0, Culture=neutral, PublicKeyToken=b03f5f7f11d50a3a" className="TestComplexNumber.QCExercisesChapter4, TestComplexNumber, Version=1.0.0.0, Culture=neutral, PublicKeyToken=null" name="Example4o3o2" />
    </UnitTest>
    <UnitTest name="Exercise2o2o6" storage="c:\bruce n\programming\quantum computing\testcomplexnumber\bin\debug\testcomplexnumber.dll" id="183ae838-6eb2-ddd1-fc18-d3ab32673286">
      <Execution id="b0b7e71f-509c-4dfe-b1f8-1796310d393e" />
      <TestMethod codeBase="C:/Bruce N/Programming/Quantum Computing/TestComplexNumber/bin/Debug/TestComplexNumber.DLL" adapterTypeName="Microsoft.VisualStudio.TestTools.TestTypes.Unit.UnitTestAdapter, Microsoft.VisualStudio.QualityTools.Tips.UnitTest.Adapter, Version=10.0.0.0, Culture=neutral, PublicKeyToken=b03f5f7f11d50a3a" className="TestComplexNumber.QCExercisesChapter2, TestComplexNumber, Version=1.0.0.0, Culture=neutral, PublicKeyToken=null" name="Exercise2o2o6" />
    </UnitTest>
    <UnitTest name="RealTest" storage="c:\bruce n\programming\quantum computing\testcomplexnumber\bin\debug\testcomplexnumber.dll" id="c184168b-7b90-1c26-9870-9e31f6f1dde3">
      <Execution id="3fcfe574-2918-41fe-b021-64d206731cb4" />
      <TestMethod codeBase="C:/Bruce N/Programming/Quantum Computing/TestComplexNumber/bin/Debug/TestComplexNumber.DLL" adapterTypeName="Microsoft.VisualStudio.TestTools.TestTypes.Unit.UnitTestAdapter, Microsoft.VisualStudio.QualityTools.Tips.UnitTest.Adapter, Version=10.0.0.0, Culture=neutral, PublicKeyToken=b03f5f7f11d50a3a" className="TestComplexNumber.ComplexNumberTest, TestComplexNumber, Version=1.0.0.0, Culture=neutral, PublicKeyToken=null" name="RealTest" />
    </UnitTest>
    <UnitTest name="Exercise2o4o7" storage="c:\bruce n\programming\quantum computing\testcomplexnumber\bin\debug\testcomplexnumber.dll" id="704f985a-5aa6-9a9c-79d7-6d97e84b7f0f">
      <Execution id="b5117b0a-4077-43ee-a666-379abd76dea0" />
      <TestMethod codeBase="C:/Bruce N/Programming/Quantum Computing/TestComplexNumber/bin/Debug/TestComplexNumber.DLL" adapterTypeName="Microsoft.VisualStudio.TestTools.TestTypes.Unit.UnitTestAdapter, Microsoft.VisualStudio.QualityTools.Tips.UnitTest.Adapter, Version=10.0.0.0, Culture=neutral, PublicKeyToken=b03f5f7f11d50a3a" className="TestComplexNumber.QCExercisesChapter2, TestComplexNumber, Version=1.0.0.0, Culture=neutral, PublicKeyToken=null" name="Exercise2o4o7" />
    </UnitTest>
    <UnitTest name="op_MultiplyTest1" storage="c:\bruce n\programming\quantum computing\testcomplexnumber\bin\debug\testcomplexnumber.dll" id="194ba9b1-34c4-2b4a-2ba8-b132b9ebf998">
      <Execution id="9bc1477f-c1fd-4e20-a3e3-f8347bd56bfe" />
      <TestMethod codeBase="C:/Bruce N/Programming/Quantum Computing/TestComplexNumber/bin/Debug/TestComplexNumber.DLL" adapterTypeName="Microsoft.VisualStudio.TestTools.TestTypes.Unit.UnitTestAdapter, Microsoft.VisualStudio.QualityTools.Tips.UnitTest.Adapter, Version=10.0.0.0, Culture=neutral, PublicKeyToken=b03f5f7f11d50a3a" className="TestComplexNumber.MatrixTest, TestComplexNumber, Version=1.0.0.0, Culture=neutral, PublicKeyToken=null" name="op_MultiplyTest1" />
    </UnitTest>
    <UnitTest name="LengthTest" storage="c:\bruce n\programming\quantum computing\testcomplexnumber\bin\debug\testcomplexnumber.dll" id="81ff8154-7b8a-e690-97b4-6435aa07756d">
      <Execution id="aa22250e-d1ef-4b22-bb65-b462f2086ad8" />
      <TestMethod codeBase="C:/Bruce N/Programming/Quantum Computing/TestComplexNumber/bin/Debug/TestComplexNumber.DLL" adapterTypeName="Microsoft.VisualStudio.TestTools.TestTypes.Unit.UnitTestAdapter, Microsoft.VisualStudio.QualityTools.Tips.UnitTest.Adapter, Version=10.0.0.0, Culture=neutral, PublicKeyToken=b03f5f7f11d50a3a" className="TestComplexNumber.VectorTest, TestComplexNumber, Version=1.0.0.0, Culture=neutral, PublicKeyToken=null" name="LengthTest" />
    </UnitTest>
    <UnitTest name="Example4o2o14" storage="c:\bruce n\programming\quantum computing\testcomplexnumber\bin\debug\testcomplexnumber.dll" id="a6320d81-84be-b348-18dd-019a5fed078d">
      <Execution id="97ba0b64-3a12-4303-8032-0ff0f7f8a1ed" />
      <TestMethod codeBase="C:/Bruce N/Programming/Quantum Computing/TestComplexNumber/bin/Debug/TestComplexNumber.DLL" adapterTypeName="Microsoft.VisualStudio.TestTools.TestTypes.Unit.UnitTestAdapter, Microsoft.VisualStudio.QualityTools.Tips.UnitTest.Adapter, Version=10.0.0.0, Culture=neutral, PublicKeyToken=b03f5f7f11d50a3a" className="TestComplexNumber.QCExercisesChapter4, TestComplexNumber, Version=1.0.0.0, Culture=neutral, PublicKeyToken=null" name="Example4o2o14" />
    </UnitTest>
    <UnitTest name="TransposeTest" storage="c:\bruce n\programming\quantum computing\testcomplexnumber\bin\debug\testcomplexnumber.dll" id="10573e1f-0aa2-6e3a-c6a4-1a9a094661dc">
      <Execution id="94c4a7d3-bdbb-4400-b286-0f3a843adc73" />
      <TestMethod codeBase="C:/Bruce N/Programming/Quantum Computing/TestComplexNumber/bin/Debug/TestComplexNumber.DLL" adapterTypeName="Microsoft.VisualStudio.TestTools.TestTypes.Unit.UnitTestAdapter, Microsoft.VisualStudio.QualityTools.Tips.UnitTest.Adapter, Version=10.0.0.0, Culture=neutral, PublicKeyToken=b03f5f7f11d50a3a" className="TestComplexNumber.MatrixTest, TestComplexNumber, Version=1.0.0.0, Culture=neutral, PublicKeyToken=null" name="TransposeTest" />
    </UnitTest>
    <UnitTest name="op_AdditionTest" storage="c:\bruce n\programming\quantum computing\testcomplexnumber\bin\debug\testcomplexnumber.dll" id="38b23d36-491d-02f4-07c2-9d3cd23affc3">
      <Execution id="71b968d7-d220-4f80-816d-834242ae52ca" />
      <TestMethod codeBase="C:/Bruce N/Programming/Quantum Computing/TestComplexNumber/bin/Debug/TestComplexNumber.DLL" adapterTypeName="Microsoft.VisualStudio.TestTools.TestTypes.Unit.UnitTestAdapter, Microsoft.VisualStudio.QualityTools.Tips.UnitTest.Adapter, Version=10.0.0.0, Culture=neutral, PublicKeyToken=b03f5f7f11d50a3a" className="TestComplexNumber.VectorTest, TestComplexNumber, Version=1.0.0.0, Culture=neutral, PublicKeyToken=null" name="op_AdditionTest" />
    </UnitTest>
    <UnitTest name="VectorConstructorTest" storage="c:\bruce n\programming\quantum computing\testcomplexnumber\bin\debug\testcomplexnumber.dll" id="5b0b7f1b-1d05-7deb-83d6-f2293e41cb23">
      <Execution id="fb9ced32-0f01-401b-a36f-fa028cf8a89c" />
      <TestMethod codeBase="C:/Bruce N/Programming/Quantum Computing/TestComplexNumber/bin/Debug/TestComplexNumber.DLL" adapterTypeName="Microsoft.VisualStudio.TestTools.TestTypes.Unit.UnitTestAdapter, Microsoft.VisualStudio.QualityTools.Tips.UnitTest.Adapter, Version=10.0.0.0, Culture=neutral, PublicKeyToken=b03f5f7f11d50a3a" className="TestComplexNumber.VectorTest, TestComplexNumber, Version=1.0.0.0, Culture=neutral, PublicKeyToken=null" name="VectorConstructorTest" />
    </UnitTest>
    <UnitTest name="Exercise2o6o1" storage="c:\bruce n\programming\quantum computing\testcomplexnumber\bin\debug\testcomplexnumber.dll" id="bfd8552d-cec2-9ab5-c397-fd0fb67479e8">
      <Execution id="925a94cc-c2a5-4afc-82b5-02380050eace" />
      <TestMethod codeBase="C:/Bruce N/Programming/Quantum Computing/TestComplexNumber/bin/Debug/TestComplexNumber.DLL" adapterTypeName="Microsoft.VisualStudio.TestTools.TestTypes.Unit.UnitTestAdapter, Microsoft.VisualStudio.QualityTools.Tips.UnitTest.Adapter, Version=10.0.0.0, Culture=neutral, PublicKeyToken=b03f5f7f11d50a3a" className="TestComplexNumber.QCExercisesChapter2, TestComplexNumber, Version=1.0.0.0, Culture=neutral, PublicKeyToken=null" name="Exercise2o6o1" />
    </UnitTest>
    <UnitTest name="GetKetTest" storage="c:\bruce n\programming\quantum computing\testcomplexnumber\bin\debug\testcomplexnumber.dll" id="f0ba5c0b-8960-4edd-4fed-108844165cf0">
      <Execution id="1aa36da7-7079-49ab-9270-7177b2c530d7" />
      <TestMethod codeBase="C:/Bruce N/Programming/Quantum Computing/TestComplexNumber/bin/Debug/TestComplexNumber.DLL" adapterTypeName="Microsoft.VisualStudio.TestTools.TestTypes.Unit.UnitTestAdapter, Microsoft.VisualStudio.QualityTools.Tips.UnitTest.Adapter, Version=10.0.0.0, Culture=neutral, PublicKeyToken=b03f5f7f11d50a3a" className="TestComplexNumber.ComplexVectorTest, TestComplexNumber, Version=1.0.0.0, Culture=neutral, PublicKeyToken=null" name="GetKetTest" />
    </UnitTest>
    <UnitTest name="op_DotProductTest" storage="c:\bruce n\programming\quantum computing\testcomplexnumber\bin\debug\testcomplexnumber.dll" id="45e4093b-3343-3a21-e7a7-e836435896d3">
      <Execution id="ab1c25e7-1517-4f50-ae8c-5c4722c6e3a3" />
      <TestMethod codeBase="C:/Bruce N/Programming/Quantum Computing/TestComplexNumber/bin/Debug/TestComplexNumber.DLL" adapterTypeName="Microsoft.VisualStudio.TestTools.TestTypes.Unit.UnitTestAdapter, Microsoft.VisualStudio.QualityTools.Tips.UnitTest.Adapter, Version=10.0.0.0, Culture=neutral, PublicKeyToken=b03f5f7f11d50a3a" className="TestComplexNumber.VectorTest, TestComplexNumber, Version=1.0.0.0, Culture=neutral, PublicKeyToken=null" name="op_DotProductTest" />
    </UnitTest>
    <UnitTest name="Exercise2o6o9" storage="c:\bruce n\programming\quantum computing\testcomplexnumber\bin\debug\testcomplexnumber.dll" id="9c8a3a37-92aa-2f07-2535-a6f269371959">
      <Execution id="178eda2d-9504-41fc-93a3-c64f7d576846" />
      <TestMethod codeBase="C:/Bruce N/Programming/Quantum Computing/TestComplexNumber/bin/Debug/TestComplexNumber.DLL" adapterTypeName="Microsoft.VisualStudio.TestTools.TestTypes.Unit.UnitTestAdapter, Microsoft.VisualStudio.QualityTools.Tips.UnitTest.Adapter, Version=10.0.0.0, Culture=neutral, PublicKeyToken=b03f5f7f11d50a3a" className="TestComplexNumber.QCExercisesChapter2, TestComplexNumber, Version=1.0.0.0, Culture=neutral, PublicKeyToken=null" name="Exercise2o6o9" />
    </UnitTest>
    <UnitTest name="InnerProductTest" storage="c:\bruce n\programming\quantum computing\testcomplexnumber\bin\debug\testcomplexnumber.dll" id="4611c12d-ab9b-ec67-f03d-aef14139fd18">
      <Execution id="ee3fb8a4-735c-44ae-9f88-0fad67d515d6" />
      <TestMethod codeBase="C:/Bruce N/Programming/Quantum Computing/TestComplexNumber/bin/Debug/TestComplexNumber.DLL" adapterTypeName="Microsoft.VisualStudio.TestTools.TestTypes.Unit.UnitTestAdapter, Microsoft.VisualStudio.QualityTools.Tips.UnitTest.Adapter, Version=10.0.0.0, Culture=neutral, PublicKeyToken=b03f5f7f11d50a3a" className="TestComplexNumber.ComplexMatrixTest, TestComplexNumber, Version=1.0.0.0, Culture=neutral, PublicKeyToken=null" name="InnerProductTest" />
    </UnitTest>
    <UnitTest name="op_MultiplyTest" storage="c:\bruce n\programming\quantum computing\testcomplexnumber\bin\debug\testcomplexnumber.dll" id="0599638c-2006-192a-49da-9fa79df3b55e">
      <Execution id="ed8af47f-7d6a-4837-8a4b-a07a03fd5e01" />
      <TestMethod codeBase="C:/Bruce N/Programming/Quantum Computing/TestComplexNumber/bin/Debug/TestComplexNumber.DLL" adapterTypeName="Microsoft.VisualStudio.TestTools.TestTypes.Unit.UnitTestAdapter, Microsoft.VisualStudio.QualityTools.Tips.UnitTest.Adapter, Version=10.0.0.0, Culture=neutral, PublicKeyToken=b03f5f7f11d50a3a" className="TestComplexNumber.MatrixTest, TestComplexNumber, Version=1.0.0.0, Culture=neutral, PublicKeyToken=null" name="op_MultiplyTest" />
    </UnitTest>
    <UnitTest name="Exercise2o6o6" storage="c:\bruce n\programming\quantum computing\testcomplexnumber\bin\debug\testcomplexnumber.dll" id="0627374f-baab-d288-a8a5-3146f1936a2d">
      <Execution id="f04c6f38-7b67-4f40-96fb-12ec6968ef09" />
      <TestMethod codeBase="C:/Bruce N/Programming/Quantum Computing/TestComplexNumber/bin/Debug/TestComplexNumber.DLL" adapterTypeName="Microsoft.VisualStudio.TestTools.TestTypes.Unit.UnitTestAdapter, Microsoft.VisualStudio.QualityTools.Tips.UnitTest.Adapter, Version=10.0.0.0, Culture=neutral, PublicKeyToken=b03f5f7f11d50a3a" className="TestComplexNumber.QCExercisesChapter2, TestComplexNumber, Version=1.0.0.0, Culture=neutral, PublicKeyToken=null" name="Exercise2o6o6" />
    </UnitTest>
    <UnitTest name="IdentityMatrixTest" storage="c:\bruce n\programming\quantum computing\testcomplexnumber\bin\debug\testcomplexnumber.dll" id="25da0ecb-8f65-f3a6-c92d-fed8f87247e6">
      <Execution id="a647070e-afd7-4337-a9a2-87f6643093fb" />
      <TestMethod codeBase="C:/Bruce N/Programming/Quantum Computing/TestComplexNumber/bin/Debug/TestComplexNumber.DLL" adapterTypeName="Microsoft.VisualStudio.TestTools.TestTypes.Unit.UnitTestAdapter, Microsoft.VisualStudio.QualityTools.Tips.UnitTest.Adapter, Version=10.0.0.0, Culture=neutral, PublicKeyToken=b03f5f7f11d50a3a" className="TestComplexNumber.MatrixTest, TestComplexNumber, Version=1.0.0.0, Culture=neutral, PublicKeyToken=null" name="IdentityMatrixTest" />
    </UnitTest>
    <UnitTest name="Exercise1o3o3" storage="c:\bruce n\programming\quantum computing\testcomplexnumber\bin\debug\testcomplexnumber.dll" id="70274760-027a-23e7-88b1-7688da4db4eb">
      <Execution id="14f924b6-de56-4a34-aaa6-e3f8b077520b" />
      <TestMethod codeBase="C:/Bruce N/Programming/Quantum Computing/TestComplexNumber/bin/Debug/TestComplexNumber.DLL" adapterTypeName="Microsoft.VisualStudio.TestTools.TestTypes.Unit.UnitTestAdapter, Microsoft.VisualStudio.QualityTools.Tips.UnitTest.Adapter, Version=10.0.0.0, Culture=neutral, PublicKeyToken=b03f5f7f11d50a3a" className="TestComplexNumber.QCExercisesChapter1, TestComplexNumber, Version=1.0.0.0, Culture=neutral, PublicKeyToken=null" name="Exercise1o3o3" />
    </UnitTest>
    <UnitTest name="Exercise4o2o7" storage="c:\bruce n\programming\quantum computing\testcomplexnumber\bin\debug\testcomplexnumber.dll" id="f368b193-6b5a-1b14-7094-e125316b3e80">
      <Execution id="849821ee-7bff-48fd-b0bd-126d6e22942d" />
      <TestMethod codeBase="C:/Bruce N/Programming/Quantum Computing/TestComplexNumber/bin/Debug/TestComplexNumber.DLL" adapterTypeName="Microsoft.VisualStudio.TestTools.TestTypes.Unit.UnitTestAdapter, Microsoft.VisualStudio.QualityTools.Tips.UnitTest.Adapter, Version=10.0.0.0, Culture=neutral, PublicKeyToken=b03f5f7f11d50a3a" className="TestComplexNumber.QCExercisesChapter4, TestComplexNumber, Version=1.0.0.0, Culture=neutral, PublicKeyToken=null" name="Exercise4o2o7" />
    </UnitTest>
    <UnitTest name="GetAngleTest" storage="c:\bruce n\programming\quantum computing\testcomplexnumber\bin\debug\testcomplexnumber.dll" id="05b12b43-1783-0ca5-6417-946a728e7bad">
      <Execution id="3431436c-ddd8-4999-88bd-261014d948cd" />
      <TestMethod codeBase="C:/Bruce N/Programming/Quantum Computing/TestComplexNumber/bin/Debug/TestComplexNumber.DLL" adapterTypeName="Microsoft.VisualStudio.TestTools.TestTypes.Unit.UnitTestAdapter, Microsoft.VisualStudio.QualityTools.Tips.UnitTest.Adapter, Version=10.0.0.0, Culture=neutral, PublicKeyToken=b03f5f7f11d50a3a" className="TestComplexNumber.VectorTest, TestComplexNumber, Version=1.0.0.0, Culture=neutral, PublicKeyToken=null" name="GetAngleTest" />
    </UnitTest>
    <UnitTest name="Example4o2o1" storage="c:\bruce n\programming\quantum computing\testcomplexnumber\bin\debug\testcomplexnumber.dll" id="cfda23f5-8521-9279-3cfb-c362ea2104e6">
      <Execution id="a7cc567e-ed2c-4ac0-8f5d-edc1cee855ea" />
      <TestMethod codeBase="C:/Bruce N/Programming/Quantum Computing/TestComplexNumber/bin/Debug/TestComplexNumber.DLL" adapterTypeName="Microsoft.VisualStudio.TestTools.TestTypes.Unit.UnitTestAdapter, Microsoft.VisualStudio.QualityTools.Tips.UnitTest.Adapter, Version=10.0.0.0, Culture=neutral, PublicKeyToken=b03f5f7f11d50a3a" className="TestComplexNumber.QCExercisesChapter4, TestComplexNumber, Version=1.0.0.0, Culture=neutral, PublicKeyToken=null" name="Example4o2o1" />
    </UnitTest>
    <UnitTest name="op_DivisionTest" storage="c:\bruce n\programming\quantum computing\testcomplexnumber\bin\debug\testcomplexnumber.dll" id="8071e8fe-9b4b-2580-cbc1-7f7b5fdb3e47">
      <Execution id="13a218e4-2982-4dd7-b9b4-7a3f816b56ff" />
      <TestMethod codeBase="C:/Bruce N/Programming/Quantum Computing/TestComplexNumber/bin/Debug/TestComplexNumber.DLL" adapterTypeName="Microsoft.VisualStudio.TestTools.TestTypes.Unit.UnitTestAdapter, Microsoft.VisualStudio.QualityTools.Tips.UnitTest.Adapter, Version=10.0.0.0, Culture=neutral, PublicKeyToken=b03f5f7f11d50a3a" className="TestComplexNumber.ComplexNumberTest, TestComplexNumber, Version=1.0.0.0, Culture=neutral, PublicKeyToken=null" name="op_DivisionTest" />
    </UnitTest>
    <UnitTest name="CommutatorTest" storage="c:\bruce n\programming\quantum computing\testcomplexnumber\bin\debug\testcomplexnumber.dll" id="dd1468a1-9af3-1aa0-7b70-41b163e3c3e7">
      <Execution id="0a453a77-5025-41d6-801a-0a85d4b4de44" />
      <TestMethod codeBase="C:/Bruce N/Programming/Quantum Computing/TestComplexNumber/bin/Debug/TestComplexNumber.DLL" adapterTypeName="Microsoft.VisualStudio.TestTools.TestTypes.Unit.UnitTestAdapter, Microsoft.VisualStudio.QualityTools.Tips.UnitTest.Adapter, Version=10.0.0.0, Culture=neutral, PublicKeyToken=b03f5f7f11d50a3a" className="TestComplexNumber.MatrixTest, TestComplexNumber, Version=1.0.0.0, Culture=neutral, PublicKeyToken=null" name="CommutatorTest" />
    </UnitTest>
    <UnitTest name="ConjugateTest" storage="c:\bruce n\programming\quantum computing\testcomplexnumber\bin\debug\testcomplexnumber.dll" id="d1e32dc2-f33f-5363-4a8c-0ea170a9c822">
      <Execution id="cce31bef-db2f-426b-b0f4-466d64826062" />
      <TestMethod codeBase="C:/Bruce N/Programming/Quantum Computing/TestComplexNumber/bin/Debug/TestComplexNumber.DLL" adapterTypeName="Microsoft.VisualStudio.TestTools.TestTypes.Unit.UnitTestAdapter, Microsoft.VisualStudio.QualityTools.Tips.UnitTest.Adapter, Version=10.0.0.0, Culture=neutral, PublicKeyToken=b03f5f7f11d50a3a" className="TestComplexNumber.ComplexNumberTest, TestComplexNumber, Version=1.0.0.0, Culture=neutral, PublicKeyToken=null" name="ConjugateTest" />
    </UnitTest>
    <UnitTest name="op_UnaryNegationTest" storage="c:\bruce n\programming\quantum computing\testcomplexnumber\bin\debug\testcomplexnumber.dll" id="8e039ac3-296f-0b32-1467-d43005f9a8c9">
      <Execution id="9d78404f-c313-4011-a679-d6e837e7c491" />
      <TestMethod codeBase="C:/Bruce N/Programming/Quantum Computing/TestComplexNumber/bin/Debug/TestComplexNumber.DLL" adapterTypeName="Microsoft.VisualStudio.TestTools.TestTypes.Unit.UnitTestAdapter, Microsoft.VisualStudio.QualityTools.Tips.UnitTest.Adapter, Version=10.0.0.0, Culture=neutral, PublicKeyToken=b03f5f7f11d50a3a" className="TestComplexNumber.VectorTest, TestComplexNumber, Version=1.0.0.0, Culture=neutral, PublicKeyToken=null" name="op_UnaryNegationTest" />
    </UnitTest>
    <UnitTest name="Exercise2o4o3" storage="c:\bruce n\programming\quantum computing\testcomplexnumber\bin\debug\testcomplexnumber.dll" id="c75fc2ac-fde7-2038-d9a8-d86e951811a0">
      <Execution id="a41bc3e6-cdc7-4d6f-b394-82e99f6a71dc" />
      <TestMethod codeBase="C:/Bruce N/Programming/Quantum Computing/TestComplexNumber/bin/Debug/TestComplexNumber.DLL" adapterTypeName="Microsoft.VisualStudio.TestTools.TestTypes.Unit.UnitTestAdapter, Microsoft.VisualStudio.QualityTools.Tips.UnitTest.Adapter, Version=10.0.0.0, Culture=neutral, PublicKeyToken=b03f5f7f11d50a3a" className="TestComplexNumber.QCExercisesChapter2, TestComplexNumber, Version=1.0.0.0, Culture=neutral, PublicKeyToken=null" name="Exercise2o4o3" />
    </UnitTest>
    <UnitTest name="InnerProductTest" storage="c:\bruce n\programming\quantum computing\testcomplexnumber\bin\debug\testcomplexnumber.dll" id="84a3a475-fcd9-a697-a886-bb4311389ff1">
      <Execution id="a514baf6-a041-49b6-b33b-f702c711ed70" />
      <TestMethod codeBase="C:/Bruce N/Programming/Quantum Computing/TestComplexNumber/bin/Debug/TestComplexNumber.DLL" adapterTypeName="Microsoft.VisualStudio.TestTools.TestTypes.Unit.UnitTestAdapter, Microsoft.VisualStudio.QualityTools.Tips.UnitTest.Adapter, Version=10.0.0.0, Culture=neutral, PublicKeyToken=b03f5f7f11d50a3a" className="TestComplexNumber.MatrixTest, TestComplexNumber, Version=1.0.0.0, Culture=neutral, PublicKeyToken=null" name="InnerProductTest" />
    </UnitTest>
    <UnitTest name="DistanceTest" storage="c:\bruce n\programming\quantum computing\testcomplexnumber\bin\debug\testcomplexnumber.dll" id="89a43019-9aa1-6b73-f686-b9999e672584">
      <Execution id="3ebe7850-3d3c-44a3-8857-22e2ead048df" />
      <TestMethod codeBase="C:/Bruce N/Programming/Quantum Computing/TestComplexNumber/bin/Debug/TestComplexNumber.DLL" adapterTypeName="Microsoft.VisualStudio.TestTools.TestTypes.Unit.UnitTestAdapter, Microsoft.VisualStudio.QualityTools.Tips.UnitTest.Adapter, Version=10.0.0.0, Culture=neutral, PublicKeyToken=b03f5f7f11d50a3a" className="TestComplexNumber.VectorTest, TestComplexNumber, Version=1.0.0.0, Culture=neutral, PublicKeyToken=null" name="DistanceTest" />
    </UnitTest>
    <UnitTest name="EqualsTest" storage="c:\bruce n\programming\quantum computing\testcomplexnumber\bin\debug\testcomplexnumber.dll" id="e620761f-f36f-3a30-5a60-f84267c8154b">
      <Execution id="c9df3427-e2ef-43c4-ad0f-027c7e5c7b02" />
      <TestMethod codeBase="C:/Bruce N/Programming/Quantum Computing/TestComplexNumber/bin/Debug/TestComplexNumber.DLL" adapterTypeName="Microsoft.VisualStudio.TestTools.TestTypes.Unit.UnitTestAdapter, Microsoft.VisualStudio.QualityTools.Tips.UnitTest.Adapter, Version=10.0.0.0, Culture=neutral, PublicKeyToken=b03f5f7f11d50a3a" className="TestComplexNumber.MatrixTest, TestComplexNumber, Version=1.0.0.0, Culture=neutral, PublicKeyToken=null" name="EqualsTest" />
    </UnitTest>
    <UnitTest name="Exercise3o3o1" storage="c:\bruce n\programming\quantum computing\testcomplexnumber\bin\debug\testcomplexnumber.dll" id="2495be45-e753-45de-32ff-e2c3eb28668d">
      <Execution id="b7b5ede5-3a0f-4af7-aba2-3ff5679b1c32" />
      <TestMethod codeBase="C:/Bruce N/Programming/Quantum Computing/TestComplexNumber/bin/Debug/TestComplexNumber.DLL" adapterTypeName="Microsoft.VisualStudio.TestTools.TestTypes.Unit.UnitTestAdapter, Microsoft.VisualStudio.QualityTools.Tips.UnitTest.Adapter, Version=10.0.0.0, Culture=neutral, PublicKeyToken=b03f5f7f11d50a3a" className="TestComplexNumber.QCExercisesChapter3, TestComplexNumber, Version=1.0.0.0, Culture=neutral, PublicKeyToken=null" name="Exercise3o3o1" />
    </UnitTest>
    <UnitTest name="Exercise4o2o8" storage="c:\bruce n\programming\quantum computing\testcomplexnumber\bin\debug\testcomplexnumber.dll" id="8c87e582-c187-2428-641f-ac52b8bc8afb">
      <Execution id="60451488-9900-43c6-8ac2-ce539e5c7452" />
      <TestMethod codeBase="C:/Bruce N/Programming/Quantum Computing/TestComplexNumber/bin/Debug/TestComplexNumber.DLL" adapterTypeName="Microsoft.VisualStudio.TestTools.TestTypes.Unit.UnitTestAdapter, Microsoft.VisualStudio.QualityTools.Tips.UnitTest.Adapter, Version=10.0.0.0, Culture=neutral, PublicKeyToken=b03f5f7f11d50a3a" className="TestComplexNumber.QCExercisesChapter4, TestComplexNumber, Version=1.0.0.0, Culture=neutral, PublicKeyToken=null" name="Exercise4o2o8" />
    </UnitTest>
    <UnitTest name="op_PowerTest" storage="c:\bruce n\programming\quantum computing\testcomplexnumber\bin\debug\testcomplexnumber.dll" id="2461313c-95d1-07bf-c932-ab214f8a619b">
      <Execution id="4309ed59-79b7-4ba8-9ea6-e1e05e1b717c" />
      <TestMethod codeBase="C:/Bruce N/Programming/Quantum Computing/TestComplexNumber/bin/Debug/TestComplexNumber.DLL" adapterTypeName="Microsoft.VisualStudio.TestTools.TestTypes.Unit.UnitTestAdapter, Microsoft.VisualStudio.QualityTools.Tips.UnitTest.Adapter, Version=10.0.0.0, Culture=neutral, PublicKeyToken=b03f5f7f11d50a3a" className="TestComplexNumber.ComplexNumberTest, TestComplexNumber, Version=1.0.0.0, Culture=neutral, PublicKeyToken=null" name="op_PowerTest" />
    </UnitTest>
    <UnitTest name="GetNormalizedAmplitudeTest" storage="c:\bruce n\programming\quantum computing\testcomplexnumber\bin\debug\testcomplexnumber.dll" id="7c93be96-b5a0-1d46-8810-c4cc0920cb2c">
      <Execution id="e4ae39ea-34d8-44da-9edf-07d62c831c73" />
      <TestMethod codeBase="C:/Bruce N/Programming/Quantum Computing/TestComplexNumber/bin/Debug/TestComplexNumber.DLL" adapterTypeName="Microsoft.VisualStudio.TestTools.TestTypes.Unit.UnitTestAdapter, Microsoft.VisualStudio.QualityTools.Tips.UnitTest.Adapter, Version=10.0.0.0, Culture=neutral, PublicKeyToken=b03f5f7f11d50a3a" className="TestComplexNumber.ComplexVectorTest, TestComplexNumber, Version=1.0.0.0, Culture=neutral, PublicKeyToken=null" name="GetNormalizedAmplitudeTest" />
    </UnitTest>
    <UnitTest name="op_AdditionTest" storage="c:\bruce n\programming\quantum computing\testcomplexnumber\bin\debug\testcomplexnumber.dll" id="728da468-f507-e742-b2ad-f61f3c2f234c">
      <Execution id="1a949e21-5e1e-4172-9161-836290af160f" />
      <TestMethod codeBase="C:/Bruce N/Programming/Quantum Computing/TestComplexNumber/bin/Debug/TestComplexNumber.DLL" adapterTypeName="Microsoft.VisualStudio.TestTools.TestTypes.Unit.UnitTestAdapter, Microsoft.VisualStudio.QualityTools.Tips.UnitTest.Adapter, Version=10.0.0.0, Culture=neutral, PublicKeyToken=b03f5f7f11d50a3a" className="TestComplexNumber.ComplexNumberTest, TestComplexNumber, Version=1.0.0.0, Culture=neutral, PublicKeyToken=null" name="op_AdditionTest" />
    </UnitTest>
    <UnitTest name="EqualsTest" storage="c:\bruce n\programming\quantum computing\testcomplexnumber\bin\debug\testcomplexnumber.dll" id="2196f553-8d96-0cb1-ab6a-222290e750c6">
      <Execution id="faec379d-9f4f-478f-a11a-b0b71c8345b6" />
      <TestMethod codeBase="C:/Bruce N/Programming/Quantum Computing/TestComplexNumber/bin/Debug/TestComplexNumber.DLL" adapterTypeName="Microsoft.VisualStudio.TestTools.TestTypes.Unit.UnitTestAdapter, Microsoft.VisualStudio.QualityTools.Tips.UnitTest.Adapter, Version=10.0.0.0, Culture=neutral, PublicKeyToken=b03f5f7f11d50a3a" className="TestComplexNumber.ComplexVectorTest, TestComplexNumber, Version=1.0.0.0, Culture=neutral, PublicKeyToken=null" name="EqualsTest" />
    </UnitTest>
    <UnitTest name="op_SubtractionTest" storage="c:\bruce n\programming\quantum computing\testcomplexnumber\bin\debug\testcomplexnumber.dll" id="8283d241-590a-b382-504b-bad3e64fc92e">
      <Execution id="2fcf8c88-a2bd-45fc-9bbe-dcfc85dbd6a4" />
      <TestMethod codeBase="C:/Bruce N/Programming/Quantum Computing/TestComplexNumber/bin/Debug/TestComplexNumber.DLL" adapterTypeName="Microsoft.VisualStudio.TestTools.TestTypes.Unit.UnitTestAdapter, Microsoft.VisualStudio.QualityTools.Tips.UnitTest.Adapter, Version=10.0.0.0, Culture=neutral, PublicKeyToken=b03f5f7f11d50a3a" className="TestComplexNumber.MatrixTest, TestComplexNumber, Version=1.0.0.0, Culture=neutral, PublicKeyToken=null" name="op_SubtractionTest" />
    </UnitTest>
    <UnitTest name="Exercise3o2o6" storage="c:\bruce n\programming\quantum computing\testcomplexnumber\bin\debug\testcomplexnumber.dll" id="aec04687-b925-f293-88d7-b9bf8f00fc28">
      <Execution id="23229442-911e-43eb-a85c-5b990ad6eb99" />
      <TestMethod codeBase="C:/Bruce N/Programming/Quantum Computing/TestComplexNumber/bin/Debug/TestComplexNumber.DLL" adapterTypeName="Microsoft.VisualStudio.TestTools.TestTypes.Unit.UnitTestAdapter, Microsoft.VisualStudio.QualityTools.Tips.UnitTest.Adapter, Version=10.0.0.0, Culture=neutral, PublicKeyToken=b03f5f7f11d50a3a" className="TestComplexNumber.QCExercisesChapter3, TestComplexNumber, Version=1.0.0.0, Culture=neutral, PublicKeyToken=null" name="Exercise3o2o6" />
    </UnitTest>
    <UnitTest name="TransposeTest" storage="c:\bruce n\programming\quantum computing\testcomplexnumber\bin\debug\testcomplexnumber.dll" id="45c1478b-4df2-7873-3421-9c35cffff0b5">
      <Execution id="df3c965e-20c4-4192-801f-c57e56aa0012" />
      <TestMethod codeBase="C:/Bruce N/Programming/Quantum Computing/TestComplexNumber/bin/Debug/TestComplexNumber.DLL" adapterTypeName="Microsoft.VisualStudio.TestTools.TestTypes.Unit.UnitTestAdapter, Microsoft.VisualStudio.QualityTools.Tips.UnitTest.Adapter, Version=10.0.0.0, Culture=neutral, PublicKeyToken=b03f5f7f11d50a3a" className="TestComplexNumber.ComplexMatrixTest, TestComplexNumber, Version=1.0.0.0, Culture=neutral, PublicKeyToken=null" name="TransposeTest" />
    </UnitTest>
    <UnitTest name="ModulusTest" storage="c:\bruce n\programming\quantum computing\testcomplexnumber\bin\debug\testcomplexnumber.dll" id="85bc1fba-aa1e-c1ef-9000-a508e9350978">
      <Execution id="bafd40b2-65bd-4abd-a5e7-2c888ef70ed7" />
      <TestMethod codeBase="C:/Bruce N/Programming/Quantum Computing/TestComplexNumber/bin/Debug/TestComplexNumber.DLL" adapterTypeName="Microsoft.VisualStudio.TestTools.TestTypes.Unit.UnitTestAdapter, Microsoft.VisualStudio.QualityTools.Tips.UnitTest.Adapter, Version=10.0.0.0, Culture=neutral, PublicKeyToken=b03f5f7f11d50a3a" className="TestComplexNumber.ComplexNumberTest, TestComplexNumber, Version=1.0.0.0, Culture=neutral, PublicKeyToken=null" name="ModulusTest" />
    </UnitTest>
    <UnitTest name="SetCartesianCoordinatesTest" storage="c:\bruce n\programming\quantum computing\testcomplexnumber\bin\debug\testcomplexnumber.dll" id="7f3420a7-c01c-ee16-8a61-460ee76e48af">
      <Execution id="ab0fb7f7-26f8-4c9c-a8ef-502ea67d00f3" />
      <TestMethod codeBase="C:/Bruce N/Programming/Quantum Computing/TestComplexNumber/bin/Debug/TestComplexNumber.DLL" adapterTypeName="Microsoft.VisualStudio.TestTools.TestTypes.Unit.UnitTestAdapter, Microsoft.VisualStudio.QualityTools.Tips.UnitTest.Adapter, Version=10.0.0.0, Culture=neutral, PublicKeyToken=b03f5f7f11d50a3a" className="TestComplexNumber.ComplexNumberTest, TestComplexNumber, Version=1.0.0.0, Culture=neutral, PublicKeyToken=null" name="SetCartesianCoordinatesTest" />
    </UnitTest>
    <UnitTest name="TestEquation2o13" storage="c:\bruce n\programming\quantum computing\testcomplexnumber\bin\debug\testcomplexnumber.dll" id="e3655047-245b-e2c7-2c26-19e72f979c1d">
      <Execution id="7565317b-89c0-47dd-b69f-cf471dde7dbd" />
      <TestMethod codeBase="C:/Bruce N/Programming/Quantum Computing/TestComplexNumber/bin/Debug/TestComplexNumber.DLL" adapterTypeName="Microsoft.VisualStudio.TestTools.TestTypes.Unit.UnitTestAdapter, Microsoft.VisualStudio.QualityTools.Tips.UnitTest.Adapter, Version=10.0.0.0, Culture=neutral, PublicKeyToken=b03f5f7f11d50a3a" className="TestComplexNumber.QCExercisesChapter2, TestComplexNumber, Version=1.0.0.0, Culture=neutral, PublicKeyToken=null" name="TestEquation2o13" />
    </UnitTest>
    <UnitTest name="PolarCoordinatesTest" storage="c:\bruce n\programming\quantum computing\testcomplexnumber\bin\debug\testcomplexnumber.dll" id="fb89f0d9-b250-f580-809f-a6350fa8fd66">
      <Execution id="538901bc-dbd5-405e-8052-3968fd36a025" />
      <TestMethod codeBase="C:/Bruce N/Programming/Quantum Computing/TestComplexNumber/bin/Debug/TestComplexNumber.DLL" adapterTypeName="Microsoft.VisualStudio.TestTools.TestTypes.Unit.UnitTestAdapter, Microsoft.VisualStudio.QualityTools.Tips.UnitTest.Adapter, Version=10.0.0.0, Culture=neutral, PublicKeyToken=b03f5f7f11d50a3a" className="TestComplexNumber.ComplexNumberTest, TestComplexNumber, Version=1.0.0.0, Culture=neutral, PublicKeyToken=null" name="PolarCoordinatesTest" />
    </UnitTest>
    <UnitTest name="Exercise3o1o1" storage="c:\bruce n\programming\quantum computing\testcomplexnumber\bin\debug\testcomplexnumber.dll" id="8948e81d-4481-f3a6-0a8b-92d5a21b0ed1">
      <Execution id="32731d2a-6c45-4517-a9ca-5416d5355cdd" />
      <TestMethod codeBase="C:/Bruce N/Programming/Quantum Computing/TestComplexNumber/bin/Debug/TestComplexNumber.DLL" adapterTypeName="Microsoft.VisualStudio.TestTools.TestTypes.Unit.UnitTestAdapter, Microsoft.VisualStudio.QualityTools.Tips.UnitTest.Adapter, Version=10.0.0.0, Culture=neutral, PublicKeyToken=b03f5f7f11d50a3a" className="TestComplexNumber.QCExercisesChapter3, TestComplexNumber, Version=1.0.0.0, Culture=neutral, PublicKeyToken=null" name="Exercise3o1o1" />
    </UnitTest>
    <UnitTest name="Exercise3o1o2" storage="c:\bruce n\programming\quantum computing\testcomplexnumber\bin\debug\testcomplexnumber.dll" id="1683eaf6-b230-9872-7e1d-e1c2509c0be1">
      <Execution id="36903045-c3ab-4d56-8cf0-43bbe4e2e2ef" />
      <TestMethod codeBase="C:/Bruce N/Programming/Quantum Computing/TestComplexNumber/bin/Debug/TestComplexNumber.DLL" adapterTypeName="Microsoft.VisualStudio.TestTools.TestTypes.Unit.UnitTestAdapter, Microsoft.VisualStudio.QualityTools.Tips.UnitTest.Adapter, Version=10.0.0.0, Culture=neutral, PublicKeyToken=b03f5f7f11d50a3a" className="TestComplexNumber.QCExercisesChapter3, TestComplexNumber, Version=1.0.0.0, Culture=neutral, PublicKeyToken=null" name="Exercise3o1o2" />
    </UnitTest>
    <UnitTest name="ToStringTest" storage="c:\bruce n\programming\quantum computing\testcomplexnumber\bin\debug\testcomplexnumber.dll" id="a742c746-5181-52e8-23a7-13e7e8c75d0d">
      <Execution id="3b8ad6cb-e7c5-4142-bb96-26ddc3b0bc01" />
      <TestMethod codeBase="C:/Bruce N/Programming/Quantum Computing/TestComplexNumber/bin/Debug/TestComplexNumber.DLL" adapterTypeName="Microsoft.VisualStudio.TestTools.TestTypes.Unit.UnitTestAdapter, Microsoft.VisualStudio.QualityTools.Tips.UnitTest.Adapter, Version=10.0.0.0, Culture=neutral, PublicKeyToken=b03f5f7f11d50a3a" className="TestComplexNumber.VectorTest, TestComplexNumber, Version=1.0.0.0, Culture=neutral, PublicKeyToken=null" name="ToStringTest" />
    </UnitTest>
    <UnitTest name="IsOrthogonalTest" storage="c:\bruce n\programming\quantum computing\testcomplexnumber\bin\debug\testcomplexnumber.dll" id="f45ba4d9-1948-fd2a-d93c-c51eacddf456">
      <Execution id="c0ad2bc1-dc91-4faf-884e-f66b01c1b3d7" />
      <TestMethod codeBase="C:/Bruce N/Programming/Quantum Computing/TestComplexNumber/bin/Debug/TestComplexNumber.DLL" adapterTypeName="Microsoft.VisualStudio.TestTools.TestTypes.Unit.UnitTestAdapter, Microsoft.VisualStudio.QualityTools.Tips.UnitTest.Adapter, Version=10.0.0.0, Culture=neutral, PublicKeyToken=b03f5f7f11d50a3a" className="TestComplexNumber.VectorTest, TestComplexNumber, Version=1.0.0.0, Culture=neutral, PublicKeyToken=null" name="IsOrthogonalTest" />
    </UnitTest>
    <UnitTest name="Number13" storage="c:\bruce n\programming\quantum computing\testcomplexnumber\bin\debug\testcomplexnumber.dll" id="0ba55472-e42d-ce89-4611-b74239fe58fa">
      <Execution id="dc175a43-621d-43ce-9e10-a2e5a7e2fa2f" />
      <TestMethod codeBase="C:/Bruce N/Programming/Quantum Computing/TestComplexNumber/bin/Debug/TestComplexNumber.DLL" adapterTypeName="Microsoft.VisualStudio.TestTools.TestTypes.Unit.UnitTestAdapter, Microsoft.VisualStudio.QualityTools.Tips.UnitTest.Adapter, Version=10.0.0.0, Culture=neutral, PublicKeyToken=b03f5f7f11d50a3a" className="ExercisesChapter1Tests.LAExercise1o1, TestComplexNumber, Version=1.0.0.0, Culture=neutral, PublicKeyToken=null" name="Number13" />
    </UnitTest>
    <UnitTest name="SetToZeroTest" storage="c:\bruce n\programming\quantum computing\testcomplexnumber\bin\debug\testcomplexnumber.dll" id="965a50e8-2ef6-40c1-4122-e2170c7021eb">
      <Execution id="d6ec7e24-99b8-4b3f-a0e8-f4c0c3d03c8e" />
      <TestMethod codeBase="C:/Bruce N/Programming/Quantum Computing/TestComplexNumber/bin/Debug/TestComplexNumber.DLL" adapterTypeName="Microsoft.VisualStudio.TestTools.TestTypes.Unit.UnitTestAdapter, Microsoft.VisualStudio.QualityTools.Tips.UnitTest.Adapter, Version=10.0.0.0, Culture=neutral, PublicKeyToken=b03f5f7f11d50a3a" className="TestComplexNumber.ComplexVectorTest, TestComplexNumber, Version=1.0.0.0, Culture=neutral, PublicKeyToken=null" name="SetToZeroTest" />
    </UnitTest>
    <UnitTest name="InnerProductTest" storage="c:\bruce n\programming\quantum computing\testcomplexnumber\bin\debug\testcomplexnumber.dll" id="7f620adb-a555-cf8e-6039-9aba1a009772">
      <Execution id="58944536-99ca-4547-935f-9a8fb32d01cb" />
      <TestMethod codeBase="C:/Bruce N/Programming/Quantum Computing/TestComplexNumber/bin/Debug/TestComplexNumber.DLL" adapterTypeName="Microsoft.VisualStudio.TestTools.TestTypes.Unit.UnitTestAdapter, Microsoft.VisualStudio.QualityTools.Tips.UnitTest.Adapter, Version=10.0.0.0, Culture=neutral, PublicKeyToken=b03f5f7f11d50a3a" className="TestComplexNumber.ComplexNumberTest, TestComplexNumber, Version=1.0.0.0, Culture=neutral, PublicKeyToken=null" name="InnerProductTest" />
    </UnitTest>
    <UnitTest name="Example4o2o7" storage="c:\bruce n\programming\quantum computing\testcomplexnumber\bin\debug\testcomplexnumber.dll" id="acd83d3c-1f09-56f5-c309-c66c3b56b876">
      <Execution id="57e04169-3c8c-4d6b-bbfd-310da47fa68c" />
      <TestMethod codeBase="C:/Bruce N/Programming/Quantum Computing/TestComplexNumber/bin/Debug/TestComplexNumber.DLL" adapterTypeName="Microsoft.VisualStudio.TestTools.TestTypes.Unit.UnitTestAdapter, Microsoft.VisualStudio.QualityTools.Tips.UnitTest.Adapter, Version=10.0.0.0, Culture=neutral, PublicKeyToken=b03f5f7f11d50a3a" className="TestComplexNumber.QCExercisesChapter4, TestComplexNumber, Version=1.0.0.0, Culture=neutral, PublicKeyToken=null" name="Example4o2o7" />
    </UnitTest>
    <UnitTest name="op_MultiplyTest1" storage="c:\bruce n\programming\quantum computing\testcomplexnumber\bin\debug\testcomplexnumber.dll" id="a250f3fb-9de6-3396-c0f7-a3dadfe0ee2c">
      <Execution id="6b162a49-9de0-4152-92c2-cae0988b92af" />
      <TestMethod codeBase="C:/Bruce N/Programming/Quantum Computing/TestComplexNumber/bin/Debug/TestComplexNumber.DLL" adapterTypeName="Microsoft.VisualStudio.TestTools.TestTypes.Unit.UnitTestAdapter, Microsoft.VisualStudio.QualityTools.Tips.UnitTest.Adapter, Version=10.0.0.0, Culture=neutral, PublicKeyToken=b03f5f7f11d50a3a" className="TestComplexNumber.ComplexNumberTest, TestComplexNumber, Version=1.0.0.0, Culture=neutral, PublicKeyToken=null" name="op_MultiplyTest1" />
    </UnitTest>
    <UnitTest name="Exercise1o3o9" storage="c:\bruce n\programming\quantum computing\testcomplexnumber\bin\debug\testcomplexnumber.dll" id="fa18e5a6-2bc3-12df-bb51-c37d30f52f95">
      <Execution id="50873185-7020-4de3-8559-43fa611be4f2" />
      <TestMethod codeBase="C:/Bruce N/Programming/Quantum Computing/TestComplexNumber/bin/Debug/TestComplexNumber.DLL" adapterTypeName="Microsoft.VisualStudio.TestTools.TestTypes.Unit.UnitTestAdapter, Microsoft.VisualStudio.QualityTools.Tips.UnitTest.Adapter, Version=10.0.0.0, Culture=neutral, PublicKeyToken=b03f5f7f11d50a3a" className="TestComplexNumber.QCExercisesChapter1, TestComplexNumber, Version=1.0.0.0, Culture=neutral, PublicKeyToken=null" name="Exercise1o3o9" />
    </UnitTest>
    <UnitTest name="op_UnaryNegationTest" storage="c:\bruce n\programming\quantum computing\testcomplexnumber\bin\debug\testcomplexnumber.dll" id="df464f9e-b112-5566-5b91-0946280686ed">
      <Execution id="41698cb2-197e-4df8-a54b-3fc0b4fbbd14" />
      <TestMethod codeBase="C:/Bruce N/Programming/Quantum Computing/TestComplexNumber/bin/Debug/TestComplexNumber.DLL" adapterTypeName="Microsoft.VisualStudio.TestTools.TestTypes.Unit.UnitTestAdapter, Microsoft.VisualStudio.QualityTools.Tips.UnitTest.Adapter, Version=10.0.0.0, Culture=neutral, PublicKeyToken=b03f5f7f11d50a3a" className="TestComplexNumber.MatrixTest, TestComplexNumber, Version=1.0.0.0, Culture=neutral, PublicKeyToken=null" name="op_UnaryNegationTest" />
    </UnitTest>
    <UnitTest name="op_AdditionTest" storage="c:\bruce n\programming\quantum computing\testcomplexnumber\bin\debug\testcomplexnumber.dll" id="843d4548-139b-668c-d827-42f4346b3ef0">
      <Execution id="33b18d8f-4ac1-4d1e-b609-6e1be5d30ffd" />
      <TestMethod codeBase="C:/Bruce N/Programming/Quantum Computing/TestComplexNumber/bin/Debug/TestComplexNumber.DLL" adapterTypeName="Microsoft.VisualStudio.TestTools.TestTypes.Unit.UnitTestAdapter, Microsoft.VisualStudio.QualityTools.Tips.UnitTest.Adapter, Version=10.0.0.0, Culture=neutral, PublicKeyToken=b03f5f7f11d50a3a" className="TestComplexNumber.MatrixTest, TestComplexNumber, Version=1.0.0.0, Culture=neutral, PublicKeyToken=null" name="op_AdditionTest" />
    </UnitTest>
    <UnitTest name="ImaginaryTest" storage="c:\bruce n\programming\quantum computing\testcomplexnumber\bin\debug\testcomplexnumber.dll" id="f2fd9c40-ebed-2a46-34fc-5586a484fe11">
      <Execution id="17403980-dfb9-4330-b2d5-7c13f3d83bb5" />
      <TestMethod codeBase="C:/Bruce N/Programming/Quantum Computing/TestComplexNumber/bin/Debug/TestComplexNumber.DLL" adapterTypeName="Microsoft.VisualStudio.TestTools.TestTypes.Unit.UnitTestAdapter, Microsoft.VisualStudio.QualityTools.Tips.UnitTest.Adapter, Version=10.0.0.0, Culture=neutral, PublicKeyToken=b03f5f7f11d50a3a" className="TestComplexNumber.ComplexNumberTest, TestComplexNumber, Version=1.0.0.0, Culture=neutral, PublicKeyToken=null" name="ImaginaryTest" />
    </UnitTest>
    <UnitTest name="Exercise2o2o9" storage="c:\bruce n\programming\quantum computing\testcomplexnumber\bin\debug\testcomplexnumber.dll" id="6ffdc6d3-cefb-3296-5e75-ac13fe3afd03">
      <Execution id="badd0610-e3e9-45de-a88b-d88f16fef2fd" />
      <TestMethod codeBase="C:/Bruce N/Programming/Quantum Computing/TestComplexNumber/bin/Debug/TestComplexNumber.DLL" adapterTypeName="Microsoft.VisualStudio.TestTools.TestTypes.Unit.UnitTestAdapter, Microsoft.VisualStudio.QualityTools.Tips.UnitTest.Adapter, Version=10.0.0.0, Culture=neutral, PublicKeyToken=b03f5f7f11d50a3a" className="TestComplexNumber.QCExercisesChapter2, TestComplexNumber, Version=1.0.0.0, Culture=neutral, PublicKeyToken=null" name="Exercise2o2o9" />
    </UnitTest>
    <UnitTest name="Exercise2o1o1" storage="c:\bruce n\programming\quantum computing\testcomplexnumber\bin\debug\testcomplexnumber.dll" id="3ab0606d-4843-ff36-b97d-0c79e11782f1">
      <Execution id="c41e587c-8fb6-4e9c-b0fd-5dc5762e3aa1" />
      <TestMethod codeBase="C:/Bruce N/Programming/Quantum Computing/TestComplexNumber/bin/Debug/TestComplexNumber.DLL" adapterTypeName="Microsoft.VisualStudio.TestTools.TestTypes.Unit.UnitTestAdapter, Microsoft.VisualStudio.QualityTools.Tips.UnitTest.Adapter, Version=10.0.0.0, Culture=neutral, PublicKeyToken=b03f5f7f11d50a3a" className="TestComplexNumber.QCExercisesChapter2, TestComplexNumber, Version=1.0.0.0, Culture=neutral, PublicKeyToken=null" name="Exercise2o1o1" />
    </UnitTest>
    <UnitTest name="GetAmplitudeTest" storage="c:\bruce n\programming\quantum computing\testcomplexnumber\bin\debug\testcomplexnumber.dll" id="d5ba24d1-27d1-0b69-994f-a21952016180">
      <Execution id="cae5650e-0581-4b31-8115-1140b4048e9d" />
      <TestMethod codeBase="C:/Bruce N/Programming/Quantum Computing/TestComplexNumber/bin/Debug/TestComplexNumber.DLL" adapterTypeName="Microsoft.VisualStudio.TestTools.TestTypes.Unit.UnitTestAdapter, Microsoft.VisualStudio.QualityTools.Tips.UnitTest.Adapter, Version=10.0.0.0, Culture=neutral, PublicKeyToken=b03f5f7f11d50a3a" className="TestComplexNumber.ComplexVectorTest, TestComplexNumber, Version=1.0.0.0, Culture=neutral, PublicKeyToken=null" name="GetAmplitudeTest" />
    </UnitTest>
    <UnitTest name="DivideTest" storage="c:\bruce n\programming\quantum computing\testcomplexnumber\bin\debug\testcomplexnumber.dll" id="cad52bb7-add3-40f2-d3bf-b3532e5f7a63">
      <Execution id="42c77fc4-466a-4990-8692-560054e98ee0" />
      <TestMethod codeBase="C:/Bruce N/Programming/Quantum Computing/TestComplexNumber/bin/Debug/TestComplexNumber.DLL" adapterTypeName="Microsoft.VisualStudio.TestTools.TestTypes.Unit.UnitTestAdapter, Microsoft.VisualStudio.QualityTools.Tips.UnitTest.Adapter, Version=10.0.0.0, Culture=neutral, PublicKeyToken=b03f5f7f11d50a3a" className="TestComplexNumber.ComplexNumberTest, TestComplexNumber, Version=1.0.0.0, Culture=neutral, PublicKeyToken=null" name="DivideTest" />
    </UnitTest>
    <UnitTest name="op_MultiplyTest" storage="c:\bruce n\programming\quantum computing\testcomplexnumber\bin\debug\testcomplexnumber.dll" id="a2a281b6-476e-eb5a-45e5-afa89a5fb8b5">
      <Execution id="1363ea8b-f00e-414b-9bda-1b829c439954" />
      <TestMethod codeBase="C:/Bruce N/Programming/Quantum Computing/TestComplexNumber/bin/Debug/TestComplexNumber.DLL" adapterTypeName="Microsoft.VisualStudio.TestTools.TestTypes.Unit.UnitTestAdapter, Microsoft.VisualStudio.QualityTools.Tips.UnitTest.Adapter, Version=10.0.0.0, Culture=neutral, PublicKeyToken=b03f5f7f11d50a3a" className="TestComplexNumber.ComplexNumberTest, TestComplexNumber, Version=1.0.0.0, Culture=neutral, PublicKeyToken=null" name="op_MultiplyTest" />
    </UnitTest>
    <UnitTest name="IsHermitianTest" storage="c:\bruce n\programming\quantum computing\testcomplexnumber\bin\debug\testcomplexnumber.dll" id="49e51852-7075-5008-f887-b580ee4d13af">
      <Execution id="72467cad-b12f-42ad-a12c-02e6cdac81f7" />
      <TestMethod codeBase="C:/Bruce N/Programming/Quantum Computing/TestComplexNumber/bin/Debug/TestComplexNumber.DLL" adapterTypeName="Microsoft.VisualStudio.TestTools.TestTypes.Unit.UnitTestAdapter, Microsoft.VisualStudio.QualityTools.Tips.UnitTest.Adapter, Version=10.0.0.0, Culture=neutral, PublicKeyToken=b03f5f7f11d50a3a" className="TestComplexNumber.ComplexMatrixTest, TestComplexNumber, Version=1.0.0.0, Culture=neutral, PublicKeyToken=null" name="IsHermitianTest" />
    </UnitTest>
    <UnitTest name="ComplexToDoubleTest" storage="c:\bruce n\programming\quantum computing\testcomplexnumber\bin\debug\testcomplexnumber.dll" id="3c01b151-3119-7729-69fb-12ad4b09e592">
      <DeploymentItems>
        <DeploymentItem filename="LinearAlgebra.dll" />
      </DeploymentItems>
      <Execution id="6f19a6c8-6d31-4588-81c0-1ee3998f91c4" />
      <TestMethod codeBase="C:/Bruce N/Programming/Quantum Computing/TestComplexNumber/bin/Debug/TestComplexNumber.DLL" adapterTypeName="Microsoft.VisualStudio.TestTools.TestTypes.Unit.UnitTestAdapter, Microsoft.VisualStudio.QualityTools.Tips.UnitTest.Adapter, Version=10.0.0.0, Culture=neutral, PublicKeyToken=b03f5f7f11d50a3a" className="TestComplexNumber.MatrixTest, TestComplexNumber, Version=1.0.0.0, Culture=neutral, PublicKeyToken=null" name="ComplexToDoubleTest" />
    </UnitTest>
    <UnitTest name="Exercise1o2o12" storage="c:\bruce n\programming\quantum computing\testcomplexnumber\bin\debug\testcomplexnumber.dll" id="511a4f61-ce89-55d2-60bf-217e67e9f532">
      <Execution id="024cb37d-dab8-4b20-a842-07d8718ce47f" />
      <TestMethod codeBase="C:/Bruce N/Programming/Quantum Computing/TestComplexNumber/bin/Debug/TestComplexNumber.DLL" adapterTypeName="Microsoft.VisualStudio.TestTools.TestTypes.Unit.UnitTestAdapter, Microsoft.VisualStudio.QualityTools.Tips.UnitTest.Adapter, Version=10.0.0.0, Culture=neutral, PublicKeyToken=b03f5f7f11d50a3a" className="TestComplexNumber.QCExercisesChapter1, TestComplexNumber, Version=1.0.0.0, Culture=neutral, PublicKeyToken=null" name="Exercise1o2o12" />
    </UnitTest>
    <UnitTest name="Exercise1o2o4" storage="c:\bruce n\programming\quantum computing\testcomplexnumber\bin\debug\testcomplexnumber.dll" id="afbb9659-a5fc-9266-3d62-d7f0d8dcbab6">
      <Execution id="6f3cd45e-e171-45f0-b898-fb1fc3830cf2" />
      <TestMethod codeBase="C:/Bruce N/Programming/Quantum Computing/TestComplexNumber/bin/Debug/TestComplexNumber.DLL" adapterTypeName="Microsoft.VisualStudio.TestTools.TestTypes.Unit.UnitTestAdapter, Microsoft.VisualStudio.QualityTools.Tips.UnitTest.Adapter, Version=10.0.0.0, Culture=neutral, PublicKeyToken=b03f5f7f11d50a3a" className="TestComplexNumber.QCExercisesChapter1, TestComplexNumber, Version=1.0.0.0, Culture=neutral, PublicKeyToken=null" name="Exercise1o2o4" />
    </UnitTest>
    <UnitTest name="MatrixConstructorTest" storage="c:\bruce n\programming\quantum computing\testcomplexnumber\bin\debug\testcomplexnumber.dll" id="fa106201-6689-e149-ee9f-22bc394d4b15">
      <Execution id="e22d0c34-e18a-46a4-87e6-c16918025352" />
      <TestMethod codeBase="C:/Bruce N/Programming/Quantum Computing/TestComplexNumber/bin/Debug/TestComplexNumber.DLL" adapterTypeName="Microsoft.VisualStudio.TestTools.TestTypes.Unit.UnitTestAdapter, Microsoft.VisualStudio.QualityTools.Tips.UnitTest.Adapter, Version=10.0.0.0, Culture=neutral, PublicKeyToken=b03f5f7f11d50a3a" className="TestComplexNumber.MatrixTest, TestComplexNumber, Version=1.0.0.0, Culture=neutral, PublicKeyToken=null" name="MatrixConstructorTest" />
    </UnitTest>
    <UnitTest name="Example4o2o12" storage="c:\bruce n\programming\quantum computing\testcomplexnumber\bin\debug\testcomplexnumber.dll" id="6dbfaaf3-0c2f-79c7-5448-3d9091ca07d2">
      <Execution id="37a76eac-8f69-4a62-b69c-6fdf1e3b63fd" />
      <TestMethod codeBase="C:/Bruce N/Programming/Quantum Computing/TestComplexNumber/bin/Debug/TestComplexNumber.DLL" adapterTypeName="Microsoft.VisualStudio.TestTools.TestTypes.Unit.UnitTestAdapter, Microsoft.VisualStudio.QualityTools.Tips.UnitTest.Adapter, Version=10.0.0.0, Culture=neutral, PublicKeyToken=b03f5f7f11d50a3a" className="TestComplexNumber.QCExercisesChapter4, TestComplexNumber, Version=1.0.0.0, Culture=neutral, PublicKeyToken=null" name="Example4o2o12" />
    </UnitTest>
    <UnitTest name="Exercise2o4o5" storage="c:\bruce n\programming\quantum computing\testcomplexnumber\bin\debug\testcomplexnumber.dll" id="cf3f4348-6cc3-43d1-c760-65208684009c">
      <Execution id="1bf92071-8a78-4e82-a59a-959172867c53" />
      <TestMethod codeBase="C:/Bruce N/Programming/Quantum Computing/TestComplexNumber/bin/Debug/TestComplexNumber.DLL" adapterTypeName="Microsoft.VisualStudio.TestTools.TestTypes.Unit.UnitTestAdapter, Microsoft.VisualStudio.QualityTools.Tips.UnitTest.Adapter, Version=10.0.0.0, Culture=neutral, PublicKeyToken=b03f5f7f11d50a3a" className="TestComplexNumber.QCExercisesChapter2, TestComplexNumber, Version=1.0.0.0, Culture=neutral, PublicKeyToken=null" name="Exercise2o4o5" />
    </UnitTest>
    <UnitTest name="Exercise2o6o5" storage="c:\bruce n\programming\quantum computing\testcomplexnumber\bin\debug\testcomplexnumber.dll" id="ee944308-05a6-64ab-5bf9-f0a0e7c8737a">
      <Execution id="4cf3d830-6175-4ebb-b1f1-f8b52aa5e7dc" />
      <TestMethod codeBase="C:/Bruce N/Programming/Quantum Computing/TestComplexNumber/bin/Debug/TestComplexNumber.DLL" adapterTypeName="Microsoft.VisualStudio.TestTools.TestTypes.Unit.UnitTestAdapter, Microsoft.VisualStudio.QualityTools.Tips.UnitTest.Adapter, Version=10.0.0.0, Culture=neutral, PublicKeyToken=b03f5f7f11d50a3a" className="TestComplexNumber.QCExercisesChapter2, TestComplexNumber, Version=1.0.0.0, Culture=neutral, PublicKeyToken=null" name="Exercise2o6o5" />
    </UnitTest>
    <UnitTest name="RootTest" storage="c:\bruce n\programming\quantum computing\testcomplexnumber\bin\debug\testcomplexnumber.dll" id="b88b9ca8-ba65-70cd-81ce-345ab5fb1d53">
      <Execution id="92c03d31-f919-42dc-aa46-9abe5ebf4b80" />
      <TestMethod codeBase="C:/Bruce N/Programming/Quantum Computing/TestComplexNumber/bin/Debug/TestComplexNumber.DLL" adapterTypeName="Microsoft.VisualStudio.TestTools.TestTypes.Unit.UnitTestAdapter, Microsoft.VisualStudio.QualityTools.Tips.UnitTest.Adapter, Version=10.0.0.0, Culture=neutral, PublicKeyToken=b03f5f7f11d50a3a" className="TestComplexNumber.ComplexNumberTest, TestComplexNumber, Version=1.0.0.0, Culture=neutral, PublicKeyToken=null" name="RootTest" />
    </UnitTest>
    <UnitTest name="Example3o2o1" storage="c:\bruce n\programming\quantum computing\testcomplexnumber\bin\debug\testcomplexnumber.dll" id="fc5f6b28-8f99-b5ff-6ec9-739c1fd6e416">
      <Execution id="d7e6940d-5e10-430a-a4ce-0a1e1bf21300" />
      <TestMethod codeBase="C:/Bruce N/Programming/Quantum Computing/TestComplexNumber/bin/Debug/TestComplexNumber.DLL" adapterTypeName="Microsoft.VisualStudio.TestTools.TestTypes.Unit.UnitTestAdapter, Microsoft.VisualStudio.QualityTools.Tips.UnitTest.Adapter, Version=10.0.0.0, Culture=neutral, PublicKeyToken=b03f5f7f11d50a3a" className="TestComplexNumber.QCExercisesChapter3, TestComplexNumber, Version=1.0.0.0, Culture=neutral, PublicKeyToken=null" name="Example3o2o1" />
    </UnitTest>
    <UnitTest name="Exercise2o1o3" storage="c:\bruce n\programming\quantum computing\testcomplexnumber\bin\debug\testcomplexnumber.dll" id="bfd5a48b-9b5c-d7ad-9048-7f444861126c">
      <Execution id="7bbddd5b-8079-4dc9-910e-b4ee9dc2bc3a" />
      <TestMethod codeBase="C:/Bruce N/Programming/Quantum Computing/TestComplexNumber/bin/Debug/TestComplexNumber.DLL" adapterTypeName="Microsoft.VisualStudio.TestTools.TestTypes.Unit.UnitTestAdapter, Microsoft.VisualStudio.QualityTools.Tips.UnitTest.Adapter, Version=10.0.0.0, Culture=neutral, PublicKeyToken=b03f5f7f11d50a3a" className="TestComplexNumber.QCExercisesChapter2, TestComplexNumber, Version=1.0.0.0, Culture=neutral, PublicKeyToken=null" name="Exercise2o1o3" />
    </UnitTest>
    <UnitTest name="IsProbabilisticSystemTest" storage="c:\bruce n\programming\quantum computing\testcomplexnumber\bin\debug\testcomplexnumber.dll" id="257c1c06-b11a-4bb0-9757-e03ddfaada2b">
      <Execution id="927c5e93-c437-4f60-9352-2944fdf1630d" />
      <TestMethod codeBase="C:/Bruce N/Programming/Quantum Computing/TestComplexNumber/bin/Debug/TestComplexNumber.DLL" adapterTypeName="Microsoft.VisualStudio.TestTools.TestTypes.Unit.UnitTestAdapter, Microsoft.VisualStudio.QualityTools.Tips.UnitTest.Adapter, Version=10.0.0.0, Culture=neutral, PublicKeyToken=b03f5f7f11d50a3a" className="TestComplexNumber.DoubleMatrixTest, TestComplexNumber, Version=1.0.0.0, Culture=neutral, PublicKeyToken=null" name="IsProbabilisticSystemTest" />
    </UnitTest>
    <UnitTest name="op_SubtractionTest" storage="c:\bruce n\programming\quantum computing\testcomplexnumber\bin\debug\testcomplexnumber.dll" id="7892f007-71df-5c3b-ebcf-6ef2c37fadc0">
      <Execution id="8a021dfa-62c1-4bf1-af73-0b8ce401aede" />
      <TestMethod codeBase="C:/Bruce N/Programming/Quantum Computing/TestComplexNumber/bin/Debug/TestComplexNumber.DLL" adapterTypeName="Microsoft.VisualStudio.TestTools.TestTypes.Unit.UnitTestAdapter, Microsoft.VisualStudio.QualityTools.Tips.UnitTest.Adapter, Version=10.0.0.0, Culture=neutral, PublicKeyToken=b03f5f7f11d50a3a" className="TestComplexNumber.ComplexNumberTest, TestComplexNumber, Version=1.0.0.0, Culture=neutral, PublicKeyToken=null" name="op_SubtractionTest" />
    </UnitTest>
    <UnitTest name="Exercise2o2o1" storage="c:\bruce n\programming\quantum computing\testcomplexnumber\bin\debug\testcomplexnumber.dll" id="992a5310-7fd9-eb34-e20d-949f0af01a8f">
      <Execution id="7f9acbb7-3bb0-4d50-a320-ba22ddbbe0e6" />
      <TestMethod codeBase="C:/Bruce N/Programming/Quantum Computing/TestComplexNumber/bin/Debug/TestComplexNumber.DLL" adapterTypeName="Microsoft.VisualStudio.TestTools.TestTypes.Unit.UnitTestAdapter, Microsoft.VisualStudio.QualityTools.Tips.UnitTest.Adapter, Version=10.0.0.0, Culture=neutral, PublicKeyToken=b03f5f7f11d50a3a" className="TestComplexNumber.QCExercisesChapter2, TestComplexNumber, Version=1.0.0.0, Culture=neutral, PublicKeyToken=null" name="Exercise2o2o1" />
    </UnitTest>
    <UnitTest name="Exercise2o5o1" storage="c:\bruce n\programming\quantum computing\testcomplexnumber\bin\debug\testcomplexnumber.dll" id="715ebd6e-8b82-0185-36f5-00ae9c6bc485">
      <Execution id="670bbe98-ab2a-4086-b112-6b7fe332e2a9" />
      <TestMethod codeBase="C:/Bruce N/Programming/Quantum Computing/TestComplexNumber/bin/Debug/TestComplexNumber.DLL" adapterTypeName="Microsoft.VisualStudio.TestTools.TestTypes.Unit.UnitTestAdapter, Microsoft.VisualStudio.QualityTools.Tips.UnitTest.Adapter, Version=10.0.0.0, Culture=neutral, PublicKeyToken=b03f5f7f11d50a3a" className="TestComplexNumber.QCExercisesChapter2, TestComplexNumber, Version=1.0.0.0, Culture=neutral, PublicKeyToken=null" name="Exercise2o5o1" />
    </UnitTest>
    <UnitTest name="ItemTest" storage="c:\bruce n\programming\quantum computing\testcomplexnumber\bin\debug\testcomplexnumber.dll" id="d234dbe8-2eb3-6ce6-3747-7c6cec0f5c2b">
      <Execution id="974e43fd-662c-487e-a978-37ab31d8421c" />
      <TestMethod codeBase="C:/Bruce N/Programming/Quantum Computing/TestComplexNumber/bin/Debug/TestComplexNumber.DLL" adapterTypeName="Microsoft.VisualStudio.TestTools.TestTypes.Unit.UnitTestAdapter, Microsoft.VisualStudio.QualityTools.Tips.UnitTest.Adapter, Version=10.0.0.0, Culture=neutral, PublicKeyToken=b03f5f7f11d50a3a" className="TestComplexNumber.ComplexMatrixTest, TestComplexNumber, Version=1.0.0.0, Culture=neutral, PublicKeyToken=null" name="ItemTest" />
    </UnitTest>
    <UnitTest name="Number11" storage="c:\bruce n\programming\quantum computing\testcomplexnumber\bin\debug\testcomplexnumber.dll" id="45426eba-5da1-7927-75a6-85bf8e09818e">
      <Execution id="1c600202-984d-4ef8-82ef-f3f71e841bac" />
      <TestMethod codeBase="C:/Bruce N/Programming/Quantum Computing/TestComplexNumber/bin/Debug/TestComplexNumber.DLL" adapterTypeName="Microsoft.VisualStudio.TestTools.TestTypes.Unit.UnitTestAdapter, Microsoft.VisualStudio.QualityTools.Tips.UnitTest.Adapter, Version=10.0.0.0, Culture=neutral, PublicKeyToken=b03f5f7f11d50a3a" className="ExercisesChapter1Tests.LAExercise1o1, TestComplexNumber, Version=1.0.0.0, Culture=neutral, PublicKeyToken=null" name="Number11" />
    </UnitTest>
    <UnitTest name="CartesianCoordinatesTest" storage="c:\bruce n\programming\quantum computing\testcomplexnumber\bin\debug\testcomplexnumber.dll" id="33874d17-d7f8-330a-d70a-23c0ca497170">
      <Execution id="bd1a5079-4f47-4f51-8658-65530924cbba" />
      <TestMethod codeBase="C:/Bruce N/Programming/Quantum Computing/TestComplexNumber/bin/Debug/TestComplexNumber.DLL" adapterTypeName="Microsoft.VisualStudio.TestTools.TestTypes.Unit.UnitTestAdapter, Microsoft.VisualStudio.QualityTools.Tips.UnitTest.Adapter, Version=10.0.0.0, Culture=neutral, PublicKeyToken=b03f5f7f11d50a3a" className="TestComplexNumber.ComplexNumberTest, TestComplexNumber, Version=1.0.0.0, Culture=neutral, PublicKeyToken=null" name="CartesianCoordinatesTest" />
    </UnitTest>
    <UnitTest name="Example2o3o5" storage="c:\bruce n\programming\quantum computing\testcomplexnumber\bin\debug\testcomplexnumber.dll" id="2940acf1-9b67-2da0-4ad9-484d74cbdbc9">
      <Execution id="4793beb3-220f-46e8-af00-0d67a9e2f4a6" />
      <TestMethod codeBase="C:/Bruce N/Programming/Quantum Computing/TestComplexNumber/bin/Debug/TestComplexNumber.DLL" adapterTypeName="Microsoft.VisualStudio.TestTools.TestTypes.Unit.UnitTestAdapter, Microsoft.VisualStudio.QualityTools.Tips.UnitTest.Adapter, Version=10.0.0.0, Culture=neutral, PublicKeyToken=b03f5f7f11d50a3a" className="TestComplexNumber.QCExercisesChapter2, TestComplexNumber, Version=1.0.0.0, Culture=neutral, PublicKeyToken=null" name="Example2o3o5" />
    </UnitTest>
    <UnitTest name="op_MultiplyTest1" storage="c:\bruce n\programming\quantum computing\testcomplexnumber\bin\debug\testcomplexnumber.dll" id="e58e75f5-82f4-68b3-9174-e83157c210fe">
      <Execution id="2b047aa5-6970-43c1-a5ed-e7d6a3496fed" />
      <TestMethod codeBase="C:/Bruce N/Programming/Quantum Computing/TestComplexNumber/bin/Debug/TestComplexNumber.DLL" adapterTypeName="Microsoft.VisualStudio.TestTools.TestTypes.Unit.UnitTestAdapter, Microsoft.VisualStudio.QualityTools.Tips.UnitTest.Adapter, Version=10.0.0.0, Culture=neutral, PublicKeyToken=b03f5f7f11d50a3a" className="TestComplexNumber.VectorTest, TestComplexNumber, Version=1.0.0.0, Culture=neutral, PublicKeyToken=null" name="op_MultiplyTest1" />
    </UnitTest>
    <UnitTest name="op_MultiplyTest2" storage="c:\bruce n\programming\quantum computing\testcomplexnumber\bin\debug\testcomplexnumber.dll" id="6453b38b-95cb-b6aa-9375-25acdc4c2487">
      <Execution id="837debde-4da6-4819-bb11-fb067b084b13" />
      <TestMethod codeBase="C:/Bruce N/Programming/Quantum Computing/TestComplexNumber/bin/Debug/TestComplexNumber.DLL" adapterTypeName="Microsoft.VisualStudio.TestTools.TestTypes.Unit.UnitTestAdapter, Microsoft.VisualStudio.QualityTools.Tips.UnitTest.Adapter, Version=10.0.0.0, Culture=neutral, PublicKeyToken=b03f5f7f11d50a3a" className="TestComplexNumber.ComplexNumberTest, TestComplexNumber, Version=1.0.0.0, Culture=neutral, PublicKeyToken=null" name="op_MultiplyTest2" />
    </UnitTest>
    <UnitTest name="Exercise1o3o7" storage="c:\bruce n\programming\quantum computing\testcomplexnumber\bin\debug\testcomplexnumber.dll" id="b3de0653-64d2-8615-b480-d5f14ca81853">
      <Execution id="a3b0f023-4686-4dc9-af03-c7459a0ee3e9" />
      <TestMethod codeBase="C:/Bruce N/Programming/Quantum Computing/TestComplexNumber/bin/Debug/TestComplexNumber.DLL" adapterTypeName="Microsoft.VisualStudio.TestTools.TestTypes.Unit.UnitTestAdapter, Microsoft.VisualStudio.QualityTools.Tips.UnitTest.Adapter, Version=10.0.0.0, Culture=neutral, PublicKeyToken=b03f5f7f11d50a3a" className="TestComplexNumber.QCExercisesChapter1, TestComplexNumber, Version=1.0.0.0, Culture=neutral, PublicKeyToken=null" name="Exercise1o3o7" />
    </UnitTest>
    <UnitTest name="Exercise2o4o6" storage="c:\bruce n\programming\quantum computing\testcomplexnumber\bin\debug\testcomplexnumber.dll" id="70b0a96d-aaac-2125-44fa-4f6d63eb62a7">
      <Execution id="5e9115e0-96ca-4424-8e64-ec4862a87f7c" />
      <TestMethod codeBase="C:/Bruce N/Programming/Quantum Computing/TestComplexNumber/bin/Debug/TestComplexNumber.DLL" adapterTypeName="Microsoft.VisualStudio.TestTools.TestTypes.Unit.UnitTestAdapter, Microsoft.VisualStudio.QualityTools.Tips.UnitTest.Adapter, Version=10.0.0.0, Culture=neutral, PublicKeyToken=b03f5f7f11d50a3a" className="TestComplexNumber.QCExercisesChapter2, TestComplexNumber, Version=1.0.0.0, Culture=neutral, PublicKeyToken=null" name="Exercise2o4o6" />
    </UnitTest>
    <UnitTest name="Exercise4o2o9" storage="c:\bruce n\programming\quantum computing\testcomplexnumber\bin\debug\testcomplexnumber.dll" id="7f80f8e7-2e2b-ea96-23b0-2d1d4cb799d4">
      <Execution id="13ec7bd9-40e2-4aa9-ab05-43b316f509bf" />
      <TestMethod codeBase="C:/Bruce N/Programming/Quantum Computing/TestComplexNumber/bin/Debug/TestComplexNumber.DLL" adapterTypeName="Microsoft.VisualStudio.TestTools.TestTypes.Unit.UnitTestAdapter, Microsoft.VisualStudio.QualityTools.Tips.UnitTest.Adapter, Version=10.0.0.0, Culture=neutral, PublicKeyToken=b03f5f7f11d50a3a" className="TestComplexNumber.QCExercisesChapter4, TestComplexNumber, Version=1.0.0.0, Culture=neutral, PublicKeyToken=null" name="Exercise4o2o9" />
    </UnitTest>
    <UnitTest name="Exercise2o7o4" storage="c:\bruce n\programming\quantum computing\testcomplexnumber\bin\debug\testcomplexnumber.dll" id="ae083652-0bf7-c673-dce4-870a432603ee">
      <Execution id="9ddf056d-4993-4ba8-a311-82ec606cdece" />
      <TestMethod codeBase="C:/Bruce N/Programming/Quantum Computing/TestComplexNumber/bin/Debug/TestComplexNumber.DLL" adapterTypeName="Microsoft.VisualStudio.TestTools.TestTypes.Unit.UnitTestAdapter, Microsoft.VisualStudio.QualityTools.Tips.UnitTest.Adapter, Version=10.0.0.0, Culture=neutral, PublicKeyToken=b03f5f7f11d50a3a" className="TestComplexNumber.QCExercisesChapter2, TestComplexNumber, Version=1.0.0.0, Culture=neutral, PublicKeyToken=null" name="Exercise2o7o4" />
    </UnitTest>
    <UnitTest name="Number7" storage="c:\bruce n\programming\quantum computing\testcomplexnumber\bin\debug\testcomplexnumber.dll" id="2691a8a8-cda7-2520-f88d-5b729c47edea">
      <Execution id="30df2774-37e4-4426-965d-35c057dff25a" />
      <TestMethod codeBase="C:/Bruce N/Programming/Quantum Computing/TestComplexNumber/bin/Debug/TestComplexNumber.DLL" adapterTypeName="Microsoft.VisualStudio.TestTools.TestTypes.Unit.UnitTestAdapter, Microsoft.VisualStudio.QualityTools.Tips.UnitTest.Adapter, Version=10.0.0.0, Culture=neutral, PublicKeyToken=b03f5f7f11d50a3a" className="ExercisesChapter1Tests.LAExercise1o1, TestComplexNumber, Version=1.0.0.0, Culture=neutral, PublicKeyToken=null" name="Number7" />
    </UnitTest>
    <UnitTest name="Example4o3o1" storage="c:\bruce n\programming\quantum computing\testcomplexnumber\bin\debug\testcomplexnumber.dll" id="26598c77-ae79-f56c-1115-9577c1ec0551">
      <Execution id="181f2857-d14e-4e6a-b959-d4cef79f79f7" />
      <TestMethod codeBase="C:/Bruce N/Programming/Quantum Computing/TestComplexNumber/bin/Debug/TestComplexNumber.DLL" adapterTypeName="Microsoft.VisualStudio.TestTools.TestTypes.Unit.UnitTestAdapter, Microsoft.VisualStudio.QualityTools.Tips.UnitTest.Adapter, Version=10.0.0.0, Culture=neutral, PublicKeyToken=b03f5f7f11d50a3a" className="TestComplexNumber.QCExercisesChapter4, TestComplexNumber, Version=1.0.0.0, Culture=neutral, PublicKeyToken=null" name="Example4o3o1" />
    </UnitTest>
    <UnitTest name="op_DivisionTest" storage="c:\bruce n\programming\quantum computing\testcomplexnumber\bin\debug\testcomplexnumber.dll" id="d1cc7d48-afbd-466f-5015-ef2680fa4bcb">
      <Execution id="b3cfa023-e465-4099-a3fc-34e0c98bf851" />
      <TestMethod codeBase="C:/Bruce N/Programming/Quantum Computing/TestComplexNumber/bin/Debug/TestComplexNumber.DLL" adapterTypeName="Microsoft.VisualStudio.TestTools.TestTypes.Unit.UnitTestAdapter, Microsoft.VisualStudio.QualityTools.Tips.UnitTest.Adapter, Version=10.0.0.0, Culture=neutral, PublicKeyToken=b03f5f7f11d50a3a" className="TestComplexNumber.MatrixTest, TestComplexNumber, Version=1.0.0.0, Culture=neutral, PublicKeyToken=null" name="op_DivisionTest" />
    </UnitTest>
    <UnitTest name="op_PowerTest" storage="c:\bruce n\programming\quantum computing\testcomplexnumber\bin\debug\testcomplexnumber.dll" id="59d167f3-98f7-3905-876e-bc940d58c269">
      <Execution id="2f623a4c-489c-4977-9518-d2fd9b689a0f" />
      <TestMethod codeBase="C:/Bruce N/Programming/Quantum Computing/TestComplexNumber/bin/Debug/TestComplexNumber.DLL" adapterTypeName="Microsoft.VisualStudio.TestTools.TestTypes.Unit.UnitTestAdapter, Microsoft.VisualStudio.QualityTools.Tips.UnitTest.Adapter, Version=10.0.0.0, Culture=neutral, PublicKeyToken=b03f5f7f11d50a3a" className="TestComplexNumber.MatrixTest, TestComplexNumber, Version=1.0.0.0, Culture=neutral, PublicKeyToken=null" name="op_PowerTest" />
    </UnitTest>
    <UnitTest name="ExponentialFormTest" storage="c:\bruce n\programming\quantum computing\testcomplexnumber\bin\debug\testcomplexnumber.dll" id="64c1c071-8523-ad97-417a-c762f98be0b4">
      <Execution id="51ab9308-8a6f-4677-a740-4db912744120" />
      <TestMethod codeBase="C:/Bruce N/Programming/Quantum Computing/TestComplexNumber/bin/Debug/TestComplexNumber.DLL" adapterTypeName="Microsoft.VisualStudio.TestTools.TestTypes.Unit.UnitTestAdapter, Microsoft.VisualStudio.QualityTools.Tips.UnitTest.Adapter, Version=10.0.0.0, Culture=neutral, PublicKeyToken=b03f5f7f11d50a3a" className="TestComplexNumber.ComplexNumberTest, TestComplexNumber, Version=1.0.0.0, Culture=neutral, PublicKeyToken=null" name="ExponentialFormTest" />
    </UnitTest>
    <UnitTest name="Exercise2o2o3" storage="c:\bruce n\programming\quantum computing\testcomplexnumber\bin\debug\testcomplexnumber.dll" id="2b7e328f-6321-4faa-4f85-a74ea89855b4">
      <Execution id="795c3c87-518a-4f50-8aa3-432397fc8a7f" />
      <TestMethod codeBase="C:/Bruce N/Programming/Quantum Computing/TestComplexNumber/bin/Debug/TestComplexNumber.DLL" adapterTypeName="Microsoft.VisualStudio.TestTools.TestTypes.Unit.UnitTestAdapter, Microsoft.VisualStudio.QualityTools.Tips.UnitTest.Adapter, Version=10.0.0.0, Culture=neutral, PublicKeyToken=b03f5f7f11d50a3a" className="TestComplexNumber.QCExercisesChapter2, TestComplexNumber, Version=1.0.0.0, Culture=neutral, PublicKeyToken=null" name="Exercise2o2o3" />
    </UnitTest>
    <UnitTest name="op_EqualityTest" storage="c:\bruce n\programming\quantum computing\testcomplexnumber\bin\debug\testcomplexnumber.dll" id="5f6e4234-ae47-44fc-62c5-b75e2f29c018">
      <Execution id="88fead76-5315-479e-b6a1-e3e658e536e2" />
      <TestMethod codeBase="C:/Bruce N/Programming/Quantum Computing/TestComplexNumber/bin/Debug/TestComplexNumber.DLL" adapterTypeName="Microsoft.VisualStudio.TestTools.TestTypes.Unit.UnitTestAdapter, Microsoft.VisualStudio.QualityTools.Tips.UnitTest.Adapter, Version=10.0.0.0, Culture=neutral, PublicKeyToken=b03f5f7f11d50a3a" className="TestComplexNumber.VectorTest, TestComplexNumber, Version=1.0.0.0, Culture=neutral, PublicKeyToken=null" name="op_EqualityTest" />
    </UnitTest>
    <UnitTest name="op_ImplicitTest" storage="c:\bruce n\programming\quantum computing\testcomplexnumber\bin\debug\testcomplexnumber.dll" id="86846568-9c1a-b5d9-8a2f-14b2fd1eb1c6">
      <Execution id="64b241ac-9f77-42d0-956f-c858b2d20bbf" />
      <TestMethod codeBase="C:/Bruce N/Programming/Quantum Computing/TestComplexNumber/bin/Debug/TestComplexNumber.DLL" adapterTypeName="Microsoft.VisualStudio.TestTools.TestTypes.Unit.UnitTestAdapter, Microsoft.VisualStudio.QualityTools.Tips.UnitTest.Adapter, Version=10.0.0.0, Culture=neutral, PublicKeyToken=b03f5f7f11d50a3a" className="TestComplexNumber.ComplexMatrixTest, TestComplexNumber, Version=1.0.0.0, Culture=neutral, PublicKeyToken=null" name="op_ImplicitTest" />
    </UnitTest>
    <UnitTest name="VarianceTest" storage="c:\bruce n\programming\quantum computing\testcomplexnumber\bin\debug\testcomplexnumber.dll" id="a3e4879d-2ea1-a209-e3f3-b52750cb2d8b">
      <Execution id="eba8c844-3233-4a28-9405-17697ef271fc" />
      <TestMethod codeBase="C:/Bruce N/Programming/Quantum Computing/TestComplexNumber/bin/Debug/TestComplexNumber.DLL" adapterTypeName="Microsoft.VisualStudio.TestTools.TestTypes.Unit.UnitTestAdapter, Microsoft.VisualStudio.QualityTools.Tips.UnitTest.Adapter, Version=10.0.0.0, Culture=neutral, PublicKeyToken=b03f5f7f11d50a3a" className="TestComplexNumber.ComplexMatrixTest, TestComplexNumber, Version=1.0.0.0, Culture=neutral, PublicKeyToken=null" name="VarianceTest" />
    </UnitTest>
    <UnitTest name="Exercise2o7o9" storage="c:\bruce n\programming\quantum computing\testcomplexnumber\bin\debug\testcomplexnumber.dll" id="f2c9598d-6c11-6ff1-ac6e-8c319ed45aad">
      <Execution id="949b2f39-9aea-4395-81de-c79677f54aa2" />
      <TestMethod codeBase="C:/Bruce N/Programming/Quantum Computing/TestComplexNumber/bin/Debug/TestComplexNumber.DLL" adapterTypeName="Microsoft.VisualStudio.TestTools.TestTypes.Unit.UnitTestAdapter, Microsoft.VisualStudio.QualityTools.Tips.UnitTest.Adapter, Version=10.0.0.0, Culture=neutral, PublicKeyToken=b03f5f7f11d50a3a" className="TestComplexNumber.QCExercisesChapter2, TestComplexNumber, Version=1.0.0.0, Culture=neutral, PublicKeyToken=null" name="Exercise2o7o9" />
    </UnitTest>
    <UnitTest name="TakeModulusSquaredTest" storage="c:\bruce n\programming\quantum computing\testcomplexnumber\bin\debug\testcomplexnumber.dll" id="8ddf2343-b416-72d4-fe07-7424be6bf3cc">
      <DeploymentItems>
        <DeploymentItem filename="LinearAlgebra.dll" />
      </DeploymentItems>
      <Execution id="ffa658dd-a7e5-487b-b150-0e564c7b008a" />
      <TestMethod codeBase="C:/Bruce N/Programming/Quantum Computing/TestComplexNumber/bin/Debug/TestComplexNumber.DLL" adapterTypeName="Microsoft.VisualStudio.TestTools.TestTypes.Unit.UnitTestAdapter, Microsoft.VisualStudio.QualityTools.Tips.UnitTest.Adapter, Version=10.0.0.0, Culture=neutral, PublicKeyToken=b03f5f7f11d50a3a" className="TestComplexNumber.MatrixTest, TestComplexNumber, Version=1.0.0.0, Culture=neutral, PublicKeyToken=null" name="TakeModulusSquaredTest" />
    </UnitTest>
    <UnitTest name="ConjugateTest" storage="c:\bruce n\programming\quantum computing\testcomplexnumber\bin\debug\testcomplexnumber.dll" id="bb7a77ba-178f-5917-6d9f-a8ef964738e0">
      <Execution id="022564ae-e06c-4368-8fdc-0aa732b495b1" />
      <TestMethod codeBase="C:/Bruce N/Programming/Quantum Computing/TestComplexNumber/bin/Debug/TestComplexNumber.DLL" adapterTypeName="Microsoft.VisualStudio.TestTools.TestTypes.Unit.UnitTestAdapter, Microsoft.VisualStudio.QualityTools.Tips.UnitTest.Adapter, Version=10.0.0.0, Culture=neutral, PublicKeyToken=b03f5f7f11d50a3a" className="TestComplexNumber.ComplexMatrixTest, TestComplexNumber, Version=1.0.0.0, Culture=neutral, PublicKeyToken=null" name="ConjugateTest" />
    </UnitTest>
    <UnitTest name="op_MultiplyTest" storage="c:\bruce n\programming\quantum computing\testcomplexnumber\bin\debug\testcomplexnumber.dll" id="30603adb-abfd-1ae1-9190-dbf549cbf25b">
      <Execution id="d6974d07-221c-40aa-a4d7-613ba87bb9c1" />
      <TestMethod codeBase="C:/Bruce N/Programming/Quantum Computing/TestComplexNumber/bin/Debug/TestComplexNumber.DLL" adapterTypeName="Microsoft.VisualStudio.TestTools.TestTypes.Unit.UnitTestAdapter, Microsoft.VisualStudio.QualityTools.Tips.UnitTest.Adapter, Version=10.0.0.0, Culture=neutral, PublicKeyToken=b03f5f7f11d50a3a" className="TestComplexNumber.VectorTest, TestComplexNumber, Version=1.0.0.0, Culture=neutral, PublicKeyToken=null" name="op_MultiplyTest" />
    </UnitTest>
    <UnitTest name="Exercise5o1o2" storage="c:\bruce n\programming\quantum computing\testcomplexnumber\bin\debug\testcomplexnumber.dll" id="68d9476b-abb8-54b5-889a-36592d83ac9e">
      <Execution id="b35edc33-5499-4277-871d-957c728f8c15" />
      <TestMethod codeBase="C:/Bruce N/Programming/Quantum Computing/TestComplexNumber/bin/Debug/TestComplexNumber.DLL" adapterTypeName="Microsoft.VisualStudio.TestTools.TestTypes.Unit.UnitTestAdapter, Microsoft.VisualStudio.QualityTools.Tips.UnitTest.Adapter, Version=10.0.0.0, Culture=neutral, PublicKeyToken=b03f5f7f11d50a3a" className="TestComplexNumber.QCExercisesChapter5, TestComplexNumber, Version=1.0.0.0, Culture=neutral, PublicKeyToken=null" name="Exercise5o1o2" />
    </UnitTest>
    <UnitTest name="op_InequalityTest" storage="c:\bruce n\programming\quantum computing\testcomplexnumber\bin\debug\testcomplexnumber.dll" id="84b36a15-9006-9254-a29b-b856bea432a4">
      <Execution id="0f97713d-9213-4c9a-83fe-e330e39f7ccc" />
      <TestMethod codeBase="C:/Bruce N/Programming/Quantum Computing/TestComplexNumber/bin/Debug/TestComplexNumber.DLL" adapterTypeName="Microsoft.VisualStudio.TestTools.TestTypes.Unit.UnitTestAdapter, Microsoft.VisualStudio.QualityTools.Tips.UnitTest.Adapter, Version=10.0.0.0, Culture=neutral, PublicKeyToken=b03f5f7f11d50a3a" className="TestComplexNumber.MatrixTest, TestComplexNumber, Version=1.0.0.0, Culture=neutral, PublicKeyToken=null" name="op_InequalityTest" />
    </UnitTest>
    <UnitTest name="op_MultiplyMatrixWithVector" storage="c:\bruce n\programming\quantum computing\testcomplexnumber\bin\debug\testcomplexnumber.dll" id="c446db48-fe0d-6c23-577a-d3adf5810ca1">
      <Execution id="37878aa1-f752-45a9-92a6-2d2b2017783c" />
      <TestMethod codeBase="C:/Bruce N/Programming/Quantum Computing/TestComplexNumber/bin/Debug/TestComplexNumber.DLL" adapterTypeName="Microsoft.VisualStudio.TestTools.TestTypes.Unit.UnitTestAdapter, Microsoft.VisualStudio.QualityTools.Tips.UnitTest.Adapter, Version=10.0.0.0, Culture=neutral, PublicKeyToken=b03f5f7f11d50a3a" className="TestComplexNumber.MatrixTest, TestComplexNumber, Version=1.0.0.0, Culture=neutral, PublicKeyToken=null" name="op_MultiplyMatrixWithVector" />
    </UnitTest>
    <UnitTest name="Exercise4o2o2" storage="c:\bruce n\programming\quantum computing\testcomplexnumber\bin\debug\testcomplexnumber.dll" id="976f17c9-51e8-e105-25f5-c30dcb83cb62">
      <Execution id="70c8a152-df64-4141-a0e6-72bdf948d4ac" />
      <TestMethod codeBase="C:/Bruce N/Programming/Quantum Computing/TestComplexNumber/bin/Debug/TestComplexNumber.DLL" adapterTypeName="Microsoft.VisualStudio.TestTools.TestTypes.Unit.UnitTestAdapter, Microsoft.VisualStudio.QualityTools.Tips.UnitTest.Adapter, Version=10.0.0.0, Culture=neutral, PublicKeyToken=b03f5f7f11d50a3a" className="TestComplexNumber.QCExercisesChapter4, TestComplexNumber, Version=1.0.0.0, Culture=neutral, PublicKeyToken=null" name="Exercise4o2o2" />
    </UnitTest>
    <UnitTest name="Exercise2o7o1" storage="c:\bruce n\programming\quantum computing\testcomplexnumber\bin\debug\testcomplexnumber.dll" id="3aefb9d4-9cc0-272d-dc50-69446f55302e">
      <Execution id="6c48a448-70ba-409b-ae7c-8167a6162156" />
      <TestMethod codeBase="C:/Bruce N/Programming/Quantum Computing/TestComplexNumber/bin/Debug/TestComplexNumber.DLL" adapterTypeName="Microsoft.VisualStudio.TestTools.TestTypes.Unit.UnitTestAdapter, Microsoft.VisualStudio.QualityTools.Tips.UnitTest.Adapter, Version=10.0.0.0, Culture=neutral, PublicKeyToken=b03f5f7f11d50a3a" className="TestComplexNumber.QCExercisesChapter2, TestComplexNumber, Version=1.0.0.0, Culture=neutral, PublicKeyToken=null" name="Exercise2o7o1" />
    </UnitTest>
    <UnitTest name="Exercise3o2o4" storage="c:\bruce n\programming\quantum computing\testcomplexnumber\bin\debug\testcomplexnumber.dll" id="85e31a7a-8f31-96c4-5236-3d22a4f800d8">
      <Execution id="00e8e41a-50e3-4564-994c-5570e0fee42f" />
      <TestMethod codeBase="C:/Bruce N/Programming/Quantum Computing/TestComplexNumber/bin/Debug/TestComplexNumber.DLL" adapterTypeName="Microsoft.VisualStudio.TestTools.TestTypes.Unit.UnitTestAdapter, Microsoft.VisualStudio.QualityTools.Tips.UnitTest.Adapter, Version=10.0.0.0, Culture=neutral, PublicKeyToken=b03f5f7f11d50a3a" className="TestComplexNumber.QCExercisesChapter3, TestComplexNumber, Version=1.0.0.0, Culture=neutral, PublicKeyToken=null" name="Exercise3o2o4" />
    </UnitTest>
    <UnitTest name="op_PowerTest" storage="c:\bruce n\programming\quantum computing\testcomplexnumber\bin\debug\testcomplexnumber.dll" id="cd40d60c-7ba3-fd50-057a-8cb8ecef5565">
      <Execution id="459a55a9-1045-4616-bf4b-25efb870d79c" />
      <TestMethod codeBase="C:/Bruce N/Programming/Quantum Computing/TestComplexNumber/bin/Debug/TestComplexNumber.DLL" adapterTypeName="Microsoft.VisualStudio.TestTools.TestTypes.Unit.UnitTestAdapter, Microsoft.VisualStudio.QualityTools.Tips.UnitTest.Adapter, Version=10.0.0.0, Culture=neutral, PublicKeyToken=b03f5f7f11d50a3a" className="TestComplexNumber.ComplexMatrixTest, TestComplexNumber, Version=1.0.0.0, Culture=neutral, PublicKeyToken=null" name="op_PowerTest" />
    </UnitTest>
    <UnitTest name="Exercise2o1o4" storage="c:\bruce n\programming\quantum computing\testcomplexnumber\bin\debug\testcomplexnumber.dll" id="7aa98473-1098-0db5-704a-fcb553d21f64">
      <Execution id="c5eafd8a-bc21-4f01-8790-20e05582b0d3" />
      <TestMethod codeBase="C:/Bruce N/Programming/Quantum Computing/TestComplexNumber/bin/Debug/TestComplexNumber.DLL" adapterTypeName="Microsoft.VisualStudio.TestTools.TestTypes.Unit.UnitTestAdapter, Microsoft.VisualStudio.QualityTools.Tips.UnitTest.Adapter, Version=10.0.0.0, Culture=neutral, PublicKeyToken=b03f5f7f11d50a3a" className="TestComplexNumber.QCExercisesChapter2, TestComplexNumber, Version=1.0.0.0, Culture=neutral, PublicKeyToken=null" name="Exercise2o1o4" />
    </UnitTest>
    <UnitTest name="Exercise3o4o3" storage="c:\bruce n\programming\quantum computing\testcomplexnumber\bin\debug\testcomplexnumber.dll" id="2c0938a7-7ed1-e7a6-af0a-563ef75e9dfc">
      <Execution id="1146480f-0159-4c80-8a81-da2a32723e7c" />
      <TestMethod codeBase="C:/Bruce N/Programming/Quantum Computing/TestComplexNumber/bin/Debug/TestComplexNumber.DLL" adapterTypeName="Microsoft.VisualStudio.TestTools.TestTypes.Unit.UnitTestAdapter, Microsoft.VisualStudio.QualityTools.Tips.UnitTest.Adapter, Version=10.0.0.0, Culture=neutral, PublicKeyToken=b03f5f7f11d50a3a" className="TestComplexNumber.QCExercisesChapter3, TestComplexNumber, Version=1.0.0.0, Culture=neutral, PublicKeyToken=null" name="Exercise3o4o3" />
    </UnitTest>
    <UnitTest name="AdjointTest" storage="c:\bruce n\programming\quantum computing\testcomplexnumber\bin\debug\testcomplexnumber.dll" id="bf6c2469-a2b3-a877-1023-ee9bd6de0e5b">
      <Execution id="d793e034-b86f-49a0-a581-5b46bd892fe6" />
      <TestMethod codeBase="C:/Bruce N/Programming/Quantum Computing/TestComplexNumber/bin/Debug/TestComplexNumber.DLL" adapterTypeName="Microsoft.VisualStudio.TestTools.TestTypes.Unit.UnitTestAdapter, Microsoft.VisualStudio.QualityTools.Tips.UnitTest.Adapter, Version=10.0.0.0, Culture=neutral, PublicKeyToken=b03f5f7f11d50a3a" className="TestComplexNumber.ComplexMatrixTest, TestComplexNumber, Version=1.0.0.0, Culture=neutral, PublicKeyToken=null" name="AdjointTest" />
    </UnitTest>
    <UnitTest name="ITest" storage="c:\bruce n\programming\quantum computing\testcomplexnumber\bin\debug\testcomplexnumber.dll" id="48d6f10d-3141-2ae9-4d33-c4a338f334ee">
      <Execution id="e0657d2a-864f-4e0d-9599-32fc5d540e13" />
      <TestMethod codeBase="C:/Bruce N/Programming/Quantum Computing/TestComplexNumber/bin/Debug/TestComplexNumber.DLL" adapterTypeName="Microsoft.VisualStudio.TestTools.TestTypes.Unit.UnitTestAdapter, Microsoft.VisualStudio.QualityTools.Tips.UnitTest.Adapter, Version=10.0.0.0, Culture=neutral, PublicKeyToken=b03f5f7f11d50a3a" className="TestComplexNumber.ComplexNumberTest, TestComplexNumber, Version=1.0.0.0, Culture=neutral, PublicKeyToken=null" name="ITest" />
    </UnitTest>
    <UnitTest name="Exercise1o2o3" storage="c:\bruce n\programming\quantum computing\testcomplexnumber\bin\debug\testcomplexnumber.dll" id="2c5f1bbd-c340-38e3-42f3-b2209263335f">
      <Execution id="fcbc4d5b-6be0-4577-92c4-8c27f3b28702" />
      <TestMethod codeBase="C:/Bruce N/Programming/Quantum Computing/TestComplexNumber/bin/Debug/TestComplexNumber.DLL" adapterTypeName="Microsoft.VisualStudio.TestTools.TestTypes.Unit.UnitTestAdapter, Microsoft.VisualStudio.QualityTools.Tips.UnitTest.Adapter, Version=10.0.0.0, Culture=neutral, PublicKeyToken=b03f5f7f11d50a3a" className="TestComplexNumber.QCExercisesChapter1, TestComplexNumber, Version=1.0.0.0, Culture=neutral, PublicKeyToken=null" name="Exercise1o2o3" />
    </UnitTest>
    <UnitTest name="op_EqualityTest" storage="c:\bruce n\programming\quantum computing\testcomplexnumber\bin\debug\testcomplexnumber.dll" id="9cca6d32-4a0b-e5dd-1a59-a901edd68fd6">
      <Execution id="a721ea5c-cada-432a-b93d-5539962703df" />
      <TestMethod codeBase="C:/Bruce N/Programming/Quantum Computing/TestComplexNumber/bin/Debug/TestComplexNumber.DLL" adapterTypeName="Microsoft.VisualStudio.TestTools.TestTypes.Unit.UnitTestAdapter, Microsoft.VisualStudio.QualityTools.Tips.UnitTest.Adapter, Version=10.0.0.0, Culture=neutral, PublicKeyToken=b03f5f7f11d50a3a" className="TestComplexNumber.MatrixTest, TestComplexNumber, Version=1.0.0.0, Culture=neutral, PublicKeyToken=null" name="op_EqualityTest" />
    </UnitTest>
    <UnitTest name="SetPolarCoordinatesTest" storage="c:\bruce n\programming\quantum computing\testcomplexnumber\bin\debug\testcomplexnumber.dll" id="5783bddb-fec7-d995-a012-a4ea9e07bdbd">
      <Execution id="e83b0c91-6e0c-4590-8835-d7fd5063b254" />
      <TestMethod codeBase="C:/Bruce N/Programming/Quantum Computing/TestComplexNumber/bin/Debug/TestComplexNumber.DLL" adapterTypeName="Microsoft.VisualStudio.TestTools.TestTypes.Unit.UnitTestAdapter, Microsoft.VisualStudio.QualityTools.Tips.UnitTest.Adapter, Version=10.0.0.0, Culture=neutral, PublicKeyToken=b03f5f7f11d50a3a" className="TestComplexNumber.ComplexNumberTest, TestComplexNumber, Version=1.0.0.0, Culture=neutral, PublicKeyToken=null" name="SetPolarCoordinatesTest" />
    </UnitTest>
    <UnitTest name="Exercise2o7o7" storage="c:\bruce n\programming\quantum computing\testcomplexnumber\bin\debug\testcomplexnumber.dll" id="b02641ef-4dbb-1d38-fc9f-e1bd29220c37">
      <Execution id="4262f361-dad7-4b50-ba8c-b0cbd7f9cfad" />
      <TestMethod codeBase="C:/Bruce N/Programming/Quantum Computing/TestComplexNumber/bin/Debug/TestComplexNumber.DLL" adapterTypeName="Microsoft.VisualStudio.TestTools.TestTypes.Unit.UnitTestAdapter, Microsoft.VisualStudio.QualityTools.Tips.UnitTest.Adapter, Version=10.0.0.0, Culture=neutral, PublicKeyToken=b03f5f7f11d50a3a" className="TestComplexNumber.QCExercisesChapter2, TestComplexNumber, Version=1.0.0.0, Culture=neutral, PublicKeyToken=null" name="Exercise2o7o7" />
    </UnitTest>
    <UnitTest name="op_MultiplyMatrixAndVectorTest" storage="c:\bruce n\programming\quantum computing\testcomplexnumber\bin\debug\testcomplexnumber.dll" id="2f70a04a-052e-804a-c12d-8ce7e0d5829f">
      <Execution id="932ba3c5-f405-493a-acc6-1615c7369308" />
      <TestMethod codeBase="C:/Bruce N/Programming/Quantum Computing/TestComplexNumber/bin/Debug/TestComplexNumber.DLL" adapterTypeName="Microsoft.VisualStudio.TestTools.TestTypes.Unit.UnitTestAdapter, Microsoft.VisualStudio.QualityTools.Tips.UnitTest.Adapter, Version=10.0.0.0, Culture=neutral, PublicKeyToken=b03f5f7f11d50a3a" className="TestComplexNumber.ComplexMatrixTest, TestComplexNumber, Version=1.0.0.0, Culture=neutral, PublicKeyToken=null" name="op_MultiplyMatrixAndVectorTest" />
    </UnitTest>
    <UnitTest name="ExpectedValueTest" storage="c:\bruce n\programming\quantum computing\testcomplexnumber\bin\debug\testcomplexnumber.dll" id="0b103c37-48a5-eca8-d21a-8bbd6e27c98c">
      <Execution id="8563a4c7-505a-48a7-a3ec-d52614da3baa" />
      <TestMethod codeBase="C:/Bruce N/Programming/Quantum Computing/TestComplexNumber/bin/Debug/TestComplexNumber.DLL" adapterTypeName="Microsoft.VisualStudio.TestTools.TestTypes.Unit.UnitTestAdapter, Microsoft.VisualStudio.QualityTools.Tips.UnitTest.Adapter, Version=10.0.0.0, Culture=neutral, PublicKeyToken=b03f5f7f11d50a3a" className="TestComplexNumber.ComplexMatrixTest, TestComplexNumber, Version=1.0.0.0, Culture=neutral, PublicKeyToken=null" name="ExpectedValueTest" />
    </UnitTest>
    <UnitTest name="VectorConstructorTest1" storage="c:\bruce n\programming\quantum computing\testcomplexnumber\bin\debug\testcomplexnumber.dll" id="1aac7064-31c6-c120-9e54-0819977db45a">
      <Execution id="eb0b8898-8a6b-4e72-8146-85cd1a78ebae" />
      <TestMethod codeBase="C:/Bruce N/Programming/Quantum Computing/TestComplexNumber/bin/Debug/TestComplexNumber.DLL" adapterTypeName="Microsoft.VisualStudio.TestTools.TestTypes.Unit.UnitTestAdapter, Microsoft.VisualStudio.QualityTools.Tips.UnitTest.Adapter, Version=10.0.0.0, Culture=neutral, PublicKeyToken=b03f5f7f11d50a3a" className="TestComplexNumber.VectorTest, TestComplexNumber, Version=1.0.0.0, Culture=neutral, PublicKeyToken=null" name="VectorConstructorTest1" />
    </UnitTest>
    <UnitTest name="NegativeITest" storage="c:\bruce n\programming\quantum computing\testcomplexnumber\bin\debug\testcomplexnumber.dll" id="2705846c-0b46-907b-6d14-254e6bc6494a">
      <Execution id="513548a7-7b1d-46ef-859f-65302aa28818" />
      <TestMethod codeBase="C:/Bruce N/Programming/Quantum Computing/TestComplexNumber/bin/Debug/TestComplexNumber.DLL" adapterTypeName="Microsoft.VisualStudio.TestTools.TestTypes.Unit.UnitTestAdapter, Microsoft.VisualStudio.QualityTools.Tips.UnitTest.Adapter, Version=10.0.0.0, Culture=neutral, PublicKeyToken=b03f5f7f11d50a3a" className="TestComplexNumber.ComplexNumberTest, TestComplexNumber, Version=1.0.0.0, Culture=neutral, PublicKeyToken=null" name="NegativeITest" />
    </UnitTest>
    <UnitTest name="OneTest" storage="c:\bruce n\programming\quantum computing\testcomplexnumber\bin\debug\testcomplexnumber.dll" id="bc5ed1ac-46cb-3ce7-5958-bc8141b19b62">
      <Execution id="bc8eb4ef-de04-49dc-98aa-8bbc5142d667" />
      <TestMethod codeBase="C:/Bruce N/Programming/Quantum Computing/TestComplexNumber/bin/Debug/TestComplexNumber.DLL" adapterTypeName="Microsoft.VisualStudio.TestTools.TestTypes.Unit.UnitTestAdapter, Microsoft.VisualStudio.QualityTools.Tips.UnitTest.Adapter, Version=10.0.0.0, Culture=neutral, PublicKeyToken=b03f5f7f11d50a3a" className="TestComplexNumber.ComplexNumberTest, TestComplexNumber, Version=1.0.0.0, Culture=neutral, PublicKeyToken=null" name="OneTest" />
    </UnitTest>
    <UnitTest name="op_InequalityTest" storage="c:\bruce n\programming\quantum computing\testcomplexnumber\bin\debug\testcomplexnumber.dll" id="353600d6-8f81-a743-8f0c-ac1e5f0cc59e">
      <Execution id="2f148a75-68c8-4ff4-b557-df9142a4a7e3" />
      <TestMethod codeBase="C:/Bruce N/Programming/Quantum Computing/TestComplexNumber/bin/Debug/TestComplexNumber.DLL" adapterTypeName="Microsoft.VisualStudio.TestTools.TestTypes.Unit.UnitTestAdapter, Microsoft.VisualStudio.QualityTools.Tips.UnitTest.Adapter, Version=10.0.0.0, Culture=neutral, PublicKeyToken=b03f5f7f11d50a3a" className="TestComplexNumber.VectorTest, TestComplexNumber, Version=1.0.0.0, Culture=neutral, PublicKeyToken=null" name="op_InequalityTest" />
    </UnitTest>
    <UnitTest name="Exercise3o4o2" storage="c:\bruce n\programming\quantum computing\testcomplexnumber\bin\debug\testcomplexnumber.dll" id="65483be5-ecd7-0f52-6a6b-f305d0d31089">
      <Execution id="30e2dd0d-be4a-4b9a-8a88-392dc3df60fa" />
      <TestMethod codeBase="C:/Bruce N/Programming/Quantum Computing/TestComplexNumber/bin/Debug/TestComplexNumber.DLL" adapterTypeName="Microsoft.VisualStudio.TestTools.TestTypes.Unit.UnitTestAdapter, Microsoft.VisualStudio.QualityTools.Tips.UnitTest.Adapter, Version=10.0.0.0, Culture=neutral, PublicKeyToken=b03f5f7f11d50a3a" className="TestComplexNumber.QCExercisesChapter3, TestComplexNumber, Version=1.0.0.0, Culture=neutral, PublicKeyToken=null" name="Exercise3o4o2" />
    </UnitTest>
    <UnitTest name="Number9" storage="c:\bruce n\programming\quantum computing\testcomplexnumber\bin\debug\testcomplexnumber.dll" id="6b99a904-39c7-b2a5-cb92-c1c5bd5d3c67">
      <Execution id="dd0c607f-aea1-4f16-aa1c-8cd0bc997f34" />
      <TestMethod codeBase="C:/Bruce N/Programming/Quantum Computing/TestComplexNumber/bin/Debug/TestComplexNumber.DLL" adapterTypeName="Microsoft.VisualStudio.TestTools.TestTypes.Unit.UnitTestAdapter, Microsoft.VisualStudio.QualityTools.Tips.UnitTest.Adapter, Version=10.0.0.0, Culture=neutral, PublicKeyToken=b03f5f7f11d50a3a" className="ExercisesChapter1Tests.LAExercise1o1, TestComplexNumber, Version=1.0.0.0, Culture=neutral, PublicKeyToken=null" name="Number9" />
    </UnitTest>
    <UnitTest name="ToStringTest" storage="c:\bruce n\programming\quantum computing\testcomplexnumber\bin\debug\testcomplexnumber.dll" id="e6cae91e-3af9-1d6d-3935-2160925e38e7">
      <Execution id="912bc042-5400-43d2-aaac-c242b12047a2" />
      <TestMethod codeBase="C:/Bruce N/Programming/Quantum Computing/TestComplexNumber/bin/Debug/TestComplexNumber.DLL" adapterTypeName="Microsoft.VisualStudio.TestTools.TestTypes.Unit.UnitTestAdapter, Microsoft.VisualStudio.QualityTools.Tips.UnitTest.Adapter, Version=10.0.0.0, Culture=neutral, PublicKeyToken=b03f5f7f11d50a3a" className="TestComplexNumber.ComplexNumberTest, TestComplexNumber, Version=1.0.0.0, Culture=neutral, PublicKeyToken=null" name="ToStringTest" />
    </UnitTest>
    <UnitTest name="Exercise1o3o2" storage="c:\bruce n\programming\quantum computing\testcomplexnumber\bin\debug\testcomplexnumber.dll" id="69c0b0c9-79e3-762b-51b3-d77e96aed020">
      <Execution id="1a16c6d7-1262-4939-a3d0-b4506acc5994" />
      <TestMethod codeBase="C:/Bruce N/Programming/Quantum Computing/TestComplexNumber/bin/Debug/TestComplexNumber.DLL" adapterTypeName="Microsoft.VisualStudio.TestTools.TestTypes.Unit.UnitTestAdapter, Microsoft.VisualStudio.QualityTools.Tips.UnitTest.Adapter, Version=10.0.0.0, Culture=neutral, PublicKeyToken=b03f5f7f11d50a3a" className="TestComplexNumber.QCExercisesChapter1, TestComplexNumber, Version=1.0.0.0, Culture=neutral, PublicKeyToken=null" name="Exercise1o3o2" />
    </UnitTest>
    <UnitTest name="Exercise2o7o5" storage="c:\bruce n\programming\quantum computing\testcomplexnumber\bin\debug\testcomplexnumber.dll" id="c028a664-47e7-d1e0-a29b-c2782421ecca">
      <Execution id="c2f38e24-3819-4aeb-864c-62a1a386b290" />
      <TestMethod codeBase="C:/Bruce N/Programming/Quantum Computing/TestComplexNumber/bin/Debug/TestComplexNumber.DLL" adapterTypeName="Microsoft.VisualStudio.TestTools.TestTypes.Unit.UnitTestAdapter, Microsoft.VisualStudio.QualityTools.Tips.UnitTest.Adapter, Version=10.0.0.0, Culture=neutral, PublicKeyToken=b03f5f7f11d50a3a" className="TestComplexNumber.QCExercisesChapter2, TestComplexNumber, Version=1.0.0.0, Culture=neutral, PublicKeyToken=null" name="Exercise2o7o5" />
    </UnitTest>
  </TestDefinitions>
  <TestLists>
    <TestList name="Results Not in a List" id="8c84fa94-04c1-424b-9868-57a2d4851a1d" />
    <TestList name="All Loaded Results" id="19431567-8539-422a-85d7-44ee4e166bda" />
  </TestLists>
  <TestEntries>
    <TestEntry testId="2196f553-8d96-0cb1-ab6a-222290e750c6" executionId="faec379d-9f4f-478f-a11a-b0b71c8345b6" testListId="8c84fa94-04c1-424b-9868-57a2d4851a1d" />
    <TestEntry testId="965a50e8-2ef6-40c1-4122-e2170c7021eb" executionId="d6ec7e24-99b8-4b3f-a0e8-f4c0c3d03c8e" testListId="8c84fa94-04c1-424b-9868-57a2d4851a1d" />
    <TestEntry testId="f0ba5c0b-8960-4edd-4fed-108844165cf0" executionId="1aa36da7-7079-49ab-9270-7177b2c530d7" testListId="8c84fa94-04c1-424b-9868-57a2d4851a1d" />
    <TestEntry testId="d5ba24d1-27d1-0b69-994f-a21952016180" executionId="cae5650e-0581-4b31-8115-1140b4048e9d" testListId="8c84fa94-04c1-424b-9868-57a2d4851a1d" />
    <TestEntry testId="7c93be96-b5a0-1d46-8810-c4cc0920cb2c" executionId="e4ae39ea-34d8-44da-9edf-07d62c831c73" testListId="8c84fa94-04c1-424b-9868-57a2d4851a1d" />
    <TestEntry testId="c73872e3-de49-0d4a-fbe2-3bd9c4a10210" executionId="e4ced9bf-53ed-43de-903d-c38607681bad" testListId="8c84fa94-04c1-424b-9868-57a2d4851a1d" />
    <TestEntry testId="257c1c06-b11a-4bb0-9757-e03ddfaada2b" executionId="927c5e93-c437-4f60-9352-2944fdf1630d" testListId="8c84fa94-04c1-424b-9868-57a2d4851a1d" />
    <TestEntry testId="bb7a77ba-178f-5917-6d9f-a8ef964738e0" executionId="022564ae-e06c-4368-8fdc-0aa732b495b1" testListId="8c84fa94-04c1-424b-9868-57a2d4851a1d" />
    <TestEntry testId="191c732e-b797-fda9-14e6-f62313d93af1" executionId="fdfbbaa9-0f55-4fee-8643-b61542b3dbb7" testListId="8c84fa94-04c1-424b-9868-57a2d4851a1d" />
    <TestEntry testId="4611c12d-ab9b-ec67-f03d-aef14139fd18" executionId="ee3fb8a4-735c-44ae-9f88-0fad67d515d6" testListId="8c84fa94-04c1-424b-9868-57a2d4851a1d" />
    <TestEntry testId="bf6c2469-a2b3-a877-1023-ee9bd6de0e5b" executionId="d793e034-b86f-49a0-a581-5b46bd892fe6" testListId="8c84fa94-04c1-424b-9868-57a2d4851a1d" />
    <TestEntry testId="45c1478b-4df2-7873-3421-9c35cffff0b5" executionId="df3c965e-20c4-4192-801f-c57e56aa0012" testListId="8c84fa94-04c1-424b-9868-57a2d4851a1d" />
    <TestEntry testId="d234dbe8-2eb3-6ce6-3747-7c6cec0f5c2b" executionId="974e43fd-662c-487e-a978-37ab31d8421c" testListId="8c84fa94-04c1-424b-9868-57a2d4851a1d" />
    <TestEntry testId="aac142ce-38b2-6d3f-cd65-e8254c3e066b" executionId="974dcd85-920b-410f-bfc0-a1ad9adcbc9c" testListId="8c84fa94-04c1-424b-9868-57a2d4851a1d" />
    <TestEntry testId="2f70a04a-052e-804a-c12d-8ce7e0d5829f" executionId="932ba3c5-f405-493a-acc6-1615c7369308" testListId="8c84fa94-04c1-424b-9868-57a2d4851a1d" />
    <TestEntry testId="49e51852-7075-5008-f887-b580ee4d13af" executionId="72467cad-b12f-42ad-a12c-02e6cdac81f7" testListId="8c84fa94-04c1-424b-9868-57a2d4851a1d" />
    <TestEntry testId="86846568-9c1a-b5d9-8a2f-14b2fd1eb1c6" executionId="64b241ac-9f77-42d0-956f-c858b2d20bbf" testListId="8c84fa94-04c1-424b-9868-57a2d4851a1d" />
    <TestEntry testId="cd40d60c-7ba3-fd50-057a-8cb8ecef5565" executionId="459a55a9-1045-4616-bf4b-25efb870d79c" testListId="8c84fa94-04c1-424b-9868-57a2d4851a1d" />
    <TestEntry testId="0b103c37-48a5-eca8-d21a-8bbd6e27c98c" executionId="8563a4c7-505a-48a7-a3ec-d52614da3baa" testListId="8c84fa94-04c1-424b-9868-57a2d4851a1d" />
    <TestEntry testId="a3e4879d-2ea1-a209-e3f3-b52750cb2d8b" executionId="eba8c844-3233-4a28-9405-17697ef271fc" testListId="8c84fa94-04c1-424b-9868-57a2d4851a1d" />
    <TestEntry testId="56d4e2ab-80ac-74c9-cdc4-cd3967d0842f" executionId="9336a9e9-eafb-4be0-8072-44606fbcb0e5" testListId="8c84fa94-04c1-424b-9868-57a2d4851a1d" />
    <TestEntry testId="b920ca27-2e1f-e8ec-c9ba-d4cbb754ace4" executionId="8cb68292-3e35-404d-b43d-3bf0698559b0" testListId="8c84fa94-04c1-424b-9868-57a2d4851a1d" />
    <TestEntry testId="cfda23f5-8521-9279-3cfb-c362ea2104e6" executionId="a7cc567e-ed2c-4ac0-8f5d-edc1cee855ea" testListId="8c84fa94-04c1-424b-9868-57a2d4851a1d" />
    <TestEntry testId="976f17c9-51e8-e105-25f5-c30dcb83cb62" executionId="70c8a152-df64-4141-a0e6-72bdf948d4ac" testListId="8c84fa94-04c1-424b-9868-57a2d4851a1d" />
    <TestEntry testId="1f1cd201-bd9b-d73b-7631-79422db50907" executionId="ebb8d925-18ef-4607-b00c-25561296ebcf" testListId="8c84fa94-04c1-424b-9868-57a2d4851a1d" />
    <TestEntry testId="f368b193-6b5a-1b14-7094-e125316b3e80" executionId="849821ee-7bff-48fd-b0bd-126d6e22942d" testListId="8c84fa94-04c1-424b-9868-57a2d4851a1d" />
    <TestEntry testId="8c87e582-c187-2428-641f-ac52b8bc8afb" executionId="60451488-9900-43c6-8ac2-ce539e5c7452" testListId="8c84fa94-04c1-424b-9868-57a2d4851a1d" />
    <TestEntry testId="7f80f8e7-2e2b-ea96-23b0-2d1d4cb799d4" executionId="13ec7bd9-40e2-4aa9-ab05-43b316f509bf" testListId="8c84fa94-04c1-424b-9868-57a2d4851a1d" />
    <TestEntry testId="acd83d3c-1f09-56f5-c309-c66c3b56b876" executionId="57e04169-3c8c-4d6b-bbfd-310da47fa68c" testListId="8c84fa94-04c1-424b-9868-57a2d4851a1d" />
    <TestEntry testId="6dbfaaf3-0c2f-79c7-5448-3d9091ca07d2" executionId="37a76eac-8f69-4a62-b69c-6fdf1e3b63fd" testListId="8c84fa94-04c1-424b-9868-57a2d4851a1d" />
    <TestEntry testId="a6320d81-84be-b348-18dd-019a5fed078d" executionId="97ba0b64-3a12-4303-8032-0ff0f7f8a1ed" testListId="8c84fa94-04c1-424b-9868-57a2d4851a1d" />
    <TestEntry testId="26598c77-ae79-f56c-1115-9577c1ec0551" executionId="181f2857-d14e-4e6a-b959-d4cef79f79f7" testListId="8c84fa94-04c1-424b-9868-57a2d4851a1d" />
    <TestEntry testId="7ce48d38-4867-2cfe-7006-39c642c6f124" executionId="2b248516-4bfe-45a4-aee0-64c56292c485" testListId="8c84fa94-04c1-424b-9868-57a2d4851a1d" />
    <TestEntry testId="93416627-340b-18aa-c933-38279467b58a" executionId="8ad161cb-983d-411c-b679-a7cf0a13cb6d" testListId="8c84fa94-04c1-424b-9868-57a2d4851a1d" />
    <TestEntry testId="5b0b7f1b-1d05-7deb-83d6-f2293e41cb23" executionId="fb9ced32-0f01-401b-a36f-fa028cf8a89c" testListId="8c84fa94-04c1-424b-9868-57a2d4851a1d" />
    <TestEntry testId="1aac7064-31c6-c120-9e54-0819977db45a" executionId="eb0b8898-8a6b-4e72-8146-85cd1a78ebae" testListId="8c84fa94-04c1-424b-9868-57a2d4851a1d" />
    <TestEntry testId="9c92819f-751b-655e-72f6-604f0653711c" executionId="4b05923a-236a-410d-ad3e-8ed3cfc5a411" testListId="8c84fa94-04c1-424b-9868-57a2d4851a1d" />
    <TestEntry testId="bc74a9f0-dfbc-1cfa-6718-f3d2cbf87b3b" executionId="8b6a304c-12dd-405c-8587-bb9937d5fe13" testListId="8c84fa94-04c1-424b-9868-57a2d4851a1d" />
    <TestEntry testId="89a43019-9aa1-6b73-f686-b9999e672584" executionId="3ebe7850-3d3c-44a3-8857-22e2ead048df" testListId="8c84fa94-04c1-424b-9868-57a2d4851a1d" />
    <TestEntry testId="81ff8154-7b8a-e690-97b4-6435aa07756d" executionId="aa22250e-d1ef-4b22-bb65-b462f2086ad8" testListId="8c84fa94-04c1-424b-9868-57a2d4851a1d" />
    <TestEntry testId="a742c746-5181-52e8-23a7-13e7e8c75d0d" executionId="3b8ad6cb-e7c5-4142-bb96-26ddc3b0bc01" testListId="8c84fa94-04c1-424b-9868-57a2d4851a1d" />
    <TestEntry testId="38b23d36-491d-02f4-07c2-9d3cd23affc3" executionId="71b968d7-d220-4f80-816d-834242ae52ca" testListId="8c84fa94-04c1-424b-9868-57a2d4851a1d" />
    <TestEntry testId="5f6e4234-ae47-44fc-62c5-b75e2f29c018" executionId="88fead76-5315-479e-b6a1-e3e658e536e2" testListId="8c84fa94-04c1-424b-9868-57a2d4851a1d" />
    <TestEntry testId="353600d6-8f81-a743-8f0c-ac1e5f0cc59e" executionId="2f148a75-68c8-4ff4-b557-df9142a4a7e3" testListId="8c84fa94-04c1-424b-9868-57a2d4851a1d" />
    <TestEntry testId="30603adb-abfd-1ae1-9190-dbf549cbf25b" executionId="d6974d07-221c-40aa-a4d7-613ba87bb9c1" testListId="8c84fa94-04c1-424b-9868-57a2d4851a1d" />
    <TestEntry testId="e58e75f5-82f4-68b3-9174-e83157c210fe" executionId="2b047aa5-6970-43c1-a5ed-e7d6a3496fed" testListId="8c84fa94-04c1-424b-9868-57a2d4851a1d" />
    <TestEntry testId="45e4093b-3343-3a21-e7a7-e836435896d3" executionId="ab1c25e7-1517-4f50-ae8c-5c4722c6e3a3" testListId="8c84fa94-04c1-424b-9868-57a2d4851a1d" />
    <TestEntry testId="ff295562-5e99-9434-0a6c-61d038c92b18" executionId="ff23c577-47d1-4c63-b13c-d1d1dd0ba5cd" testListId="8c84fa94-04c1-424b-9868-57a2d4851a1d" />
    <TestEntry testId="05b12b43-1783-0ca5-6417-946a728e7bad" executionId="3431436c-ddd8-4999-88bd-261014d948cd" testListId="8c84fa94-04c1-424b-9868-57a2d4851a1d" />
    <TestEntry testId="f45ba4d9-1948-fd2a-d93c-c51eacddf456" executionId="c0ad2bc1-dc91-4faf-884e-f66b01c1b3d7" testListId="8c84fa94-04c1-424b-9868-57a2d4851a1d" />
    <TestEntry testId="8e039ac3-296f-0b32-1467-d43005f9a8c9" executionId="9d78404f-c313-4011-a679-d6e837e7c491" testListId="8c84fa94-04c1-424b-9868-57a2d4851a1d" />
    <TestEntry testId="8948e81d-4481-f3a6-0a8b-92d5a21b0ed1" executionId="32731d2a-6c45-4517-a9ca-5416d5355cdd" testListId="8c84fa94-04c1-424b-9868-57a2d4851a1d" />
    <TestEntry testId="1683eaf6-b230-9872-7e1d-e1c2509c0be1" executionId="36903045-c3ab-4d56-8cf0-43bbe4e2e2ef" testListId="8c84fa94-04c1-424b-9868-57a2d4851a1d" />
    <TestEntry testId="06c32b76-050d-0c74-e5e5-24e8d789eea7" executionId="4047e6ce-0f7b-4923-88bb-614c3f6a264a" testListId="8c84fa94-04c1-424b-9868-57a2d4851a1d" />
    <TestEntry testId="fc5f6b28-8f99-b5ff-6ec9-739c1fd6e416" executionId="d7e6940d-5e10-430a-a4ce-0a1e1bf21300" testListId="8c84fa94-04c1-424b-9868-57a2d4851a1d" />
    <TestEntry testId="9cf4c4e1-7186-5bdb-2eef-3b22d03cb6e0" executionId="1b9421fd-b737-447f-8666-8b9b18f320df" testListId="8c84fa94-04c1-424b-9868-57a2d4851a1d" />
    <TestEntry testId="85e31a7a-8f31-96c4-5236-3d22a4f800d8" executionId="00e8e41a-50e3-4564-994c-5570e0fee42f" testListId="8c84fa94-04c1-424b-9868-57a2d4851a1d" />
    <TestEntry testId="aec04687-b925-f293-88d7-b9bf8f00fc28" executionId="23229442-911e-43eb-a85c-5b990ad6eb99" testListId="8c84fa94-04c1-424b-9868-57a2d4851a1d" />
    <TestEntry testId="2495be45-e753-45de-32ff-e2c3eb28668d" executionId="b7b5ede5-3a0f-4af7-aba2-3ff5679b1c32" testListId="8c84fa94-04c1-424b-9868-57a2d4851a1d" />
    <TestEntry testId="65483be5-ecd7-0f52-6a6b-f305d0d31089" executionId="30e2dd0d-be4a-4b9a-8a88-392dc3df60fa" testListId="8c84fa94-04c1-424b-9868-57a2d4851a1d" />
    <TestEntry testId="2c0938a7-7ed1-e7a6-af0a-563ef75e9dfc" executionId="1146480f-0159-4c80-8a81-da2a32723e7c" testListId="8c84fa94-04c1-424b-9868-57a2d4851a1d" />
    <TestEntry testId="3ab0606d-4843-ff36-b97d-0c79e11782f1" executionId="c41e587c-8fb6-4e9c-b0fd-5dc5762e3aa1" testListId="8c84fa94-04c1-424b-9868-57a2d4851a1d" />
    <TestEntry testId="e3655047-245b-e2c7-2c26-19e72f979c1d" executionId="7565317b-89c0-47dd-b69f-cf471dde7dbd" testListId="8c84fa94-04c1-424b-9868-57a2d4851a1d" />
    <TestEntry testId="bfd5a48b-9b5c-d7ad-9048-7f444861126c" executionId="7bbddd5b-8079-4dc9-910e-b4ee9dc2bc3a" testListId="8c84fa94-04c1-424b-9868-57a2d4851a1d" />
    <TestEntry testId="7aa98473-1098-0db5-704a-fcb553d21f64" executionId="c5eafd8a-bc21-4f01-8790-20e05582b0d3" testListId="8c84fa94-04c1-424b-9868-57a2d4851a1d" />
    <TestEntry testId="992a5310-7fd9-eb34-e20d-949f0af01a8f" executionId="7f9acbb7-3bb0-4d50-a320-ba22ddbbe0e6" testListId="8c84fa94-04c1-424b-9868-57a2d4851a1d" />
    <TestEntry testId="2b7e328f-6321-4faa-4f85-a74ea89855b4" executionId="795c3c87-518a-4f50-8aa3-432397fc8a7f" testListId="8c84fa94-04c1-424b-9868-57a2d4851a1d" />
    <TestEntry testId="afec4393-b7fa-2c17-aed2-743a831c3492" executionId="c9910936-0855-44a4-aba8-22ca3c93e989" testListId="8c84fa94-04c1-424b-9868-57a2d4851a1d" />
    <TestEntry testId="183ae838-6eb2-ddd1-fc18-d3ab32673286" executionId="b0b7e71f-509c-4dfe-b1f8-1796310d393e" testListId="8c84fa94-04c1-424b-9868-57a2d4851a1d" />
    <TestEntry testId="0a0f56e1-2426-9c27-75c5-72e83aa4f18c" executionId="11f7347a-ff3d-4369-96b2-8e330e06de57" testListId="8c84fa94-04c1-424b-9868-57a2d4851a1d" />
    <TestEntry testId="6ffdc6d3-cefb-3296-5e75-ac13fe3afd03" executionId="badd0610-e3e9-45de-a88b-d88f16fef2fd" testListId="8c84fa94-04c1-424b-9868-57a2d4851a1d" />
    <TestEntry testId="2940acf1-9b67-2da0-4ad9-484d74cbdbc9" executionId="4793beb3-220f-46e8-af00-0d67a9e2f4a6" testListId="8c84fa94-04c1-424b-9868-57a2d4851a1d" />
    <TestEntry testId="f4a6d75b-22de-c9be-71c8-5150c846f601" executionId="9071a16d-2b29-4d03-a60a-98fcdd8830f1" testListId="8c84fa94-04c1-424b-9868-57a2d4851a1d" />
    <TestEntry testId="06f73701-65f7-da2b-e94f-6c850186d97a" executionId="78fec8b1-02de-4ae6-ba25-7c8deb1c4420" testListId="8c84fa94-04c1-424b-9868-57a2d4851a1d" />
    <TestEntry testId="c75fc2ac-fde7-2038-d9a8-d86e951811a0" executionId="a41bc3e6-cdc7-4d6f-b394-82e99f6a71dc" testListId="8c84fa94-04c1-424b-9868-57a2d4851a1d" />
    <TestEntry testId="cf3f4348-6cc3-43d1-c760-65208684009c" executionId="1bf92071-8a78-4e82-a59a-959172867c53" testListId="8c84fa94-04c1-424b-9868-57a2d4851a1d" />
    <TestEntry testId="70b0a96d-aaac-2125-44fa-4f6d63eb62a7" executionId="5e9115e0-96ca-4424-8e64-ec4862a87f7c" testListId="8c84fa94-04c1-424b-9868-57a2d4851a1d" />
    <TestEntry testId="704f985a-5aa6-9a9c-79d7-6d97e84b7f0f" executionId="b5117b0a-4077-43ee-a666-379abd76dea0" testListId="8c84fa94-04c1-424b-9868-57a2d4851a1d" />
    <TestEntry testId="df9d4979-ebf4-48fa-eaa6-d378215805ce" executionId="762d6090-add4-4ff3-a892-ba42c84694e1" testListId="8c84fa94-04c1-424b-9868-57a2d4851a1d" />
    <TestEntry testId="715ebd6e-8b82-0185-36f5-00ae9c6bc485" executionId="670bbe98-ab2a-4086-b112-6b7fe332e2a9" testListId="8c84fa94-04c1-424b-9868-57a2d4851a1d" />
    <TestEntry testId="bfd8552d-cec2-9ab5-c397-fd0fb67479e8" executionId="925a94cc-c2a5-4afc-82b5-02380050eace" testListId="8c84fa94-04c1-424b-9868-57a2d4851a1d" />
    <TestEntry testId="ee944308-05a6-64ab-5bf9-f0a0e7c8737a" executionId="4cf3d830-6175-4ebb-b1f1-f8b52aa5e7dc" testListId="8c84fa94-04c1-424b-9868-57a2d4851a1d" />
    <TestEntry testId="0627374f-baab-d288-a8a5-3146f1936a2d" executionId="f04c6f38-7b67-4f40-96fb-12ec6968ef09" testListId="8c84fa94-04c1-424b-9868-57a2d4851a1d" />
    <TestEntry testId="f1d86270-c9d8-c961-65be-24cc50d1fc4b" executionId="05192bca-9f7f-4607-94c4-62f78522b232" testListId="8c84fa94-04c1-424b-9868-57a2d4851a1d" />
    <TestEntry testId="9c8a3a37-92aa-2f07-2535-a6f269371959" executionId="178eda2d-9504-41fc-93a3-c64f7d576846" testListId="8c84fa94-04c1-424b-9868-57a2d4851a1d" />
    <TestEntry testId="3aefb9d4-9cc0-272d-dc50-69446f55302e" executionId="6c48a448-70ba-409b-ae7c-8167a6162156" testListId="8c84fa94-04c1-424b-9868-57a2d4851a1d" />
    <TestEntry testId="fcfa95f2-720f-8082-c577-4f9e22c76102" executionId="1eeaecaf-c8c4-4423-b1df-100d7a01ccd1" testListId="8c84fa94-04c1-424b-9868-57a2d4851a1d" />
    <TestEntry testId="ae083652-0bf7-c673-dce4-870a432603ee" executionId="9ddf056d-4993-4ba8-a311-82ec606cdece" testListId="8c84fa94-04c1-424b-9868-57a2d4851a1d" />
    <TestEntry testId="c028a664-47e7-d1e0-a29b-c2782421ecca" executionId="c2f38e24-3819-4aeb-864c-62a1a386b290" testListId="8c84fa94-04c1-424b-9868-57a2d4851a1d" />
    <TestEntry testId="b02641ef-4dbb-1d38-fc9f-e1bd29220c37" executionId="4262f361-dad7-4b50-ba8c-b0cbd7f9cfad" testListId="8c84fa94-04c1-424b-9868-57a2d4851a1d" />
    <TestEntry testId="f2c9598d-6c11-6ff1-ac6e-8c319ed45aad" executionId="949b2f39-9aea-4395-81de-c79677f54aa2" testListId="8c84fa94-04c1-424b-9868-57a2d4851a1d" />
    <TestEntry testId="c93ffe48-5243-dfb2-8a93-461c879cf606" executionId="dac2e4b0-f74a-45aa-a90d-0e7b6bfef6e0" testListId="8c84fa94-04c1-424b-9868-57a2d4851a1d" />
    <TestEntry testId="bc5ed1ac-46cb-3ce7-5958-bc8141b19b62" executionId="bc8eb4ef-de04-49dc-98aa-8bbc5142d667" testListId="8c84fa94-04c1-424b-9868-57a2d4851a1d" />
    <TestEntry testId="e817df08-1352-7924-6f37-9159ad0539e6" executionId="bf6390d8-13b8-4cc0-8d22-b6223a24b742" testListId="8c84fa94-04c1-424b-9868-57a2d4851a1d" />
    <TestEntry testId="2705846c-0b46-907b-6d14-254e6bc6494a" executionId="513548a7-7b1d-46ef-859f-65302aa28818" testListId="8c84fa94-04c1-424b-9868-57a2d4851a1d" />
    <TestEntry testId="c184168b-7b90-1c26-9870-9e31f6f1dde3" executionId="3fcfe574-2918-41fe-b021-64d206731cb4" testListId="8c84fa94-04c1-424b-9868-57a2d4851a1d" />
    <TestEntry testId="f2fd9c40-ebed-2a46-34fc-5586a484fe11" executionId="17403980-dfb9-4330-b2d5-7c13f3d83bb5" testListId="8c84fa94-04c1-424b-9868-57a2d4851a1d" />
    <TestEntry testId="48d6f10d-3141-2ae9-4d33-c4a338f334ee" executionId="e0657d2a-864f-4e0d-9599-32fc5d540e13" testListId="8c84fa94-04c1-424b-9868-57a2d4851a1d" />
    <TestEntry testId="728da468-f507-e742-b2ad-f61f3c2f234c" executionId="1a949e21-5e1e-4172-9161-836290af160f" testListId="8c84fa94-04c1-424b-9868-57a2d4851a1d" />
    <TestEntry testId="e6cae91e-3af9-1d6d-3935-2160925e38e7" executionId="912bc042-5400-43d2-aaac-c242b12047a2" testListId="8c84fa94-04c1-424b-9868-57a2d4851a1d" />
    <TestEntry testId="a2a281b6-476e-eb5a-45e5-afa89a5fb8b5" executionId="1363ea8b-f00e-414b-9bda-1b829c439954" testListId="8c84fa94-04c1-424b-9868-57a2d4851a1d" />
    <TestEntry testId="8071e8fe-9b4b-2580-cbc1-7f7b5fdb3e47" executionId="13a218e4-2982-4dd7-b9b4-7a3f816b56ff" testListId="8c84fa94-04c1-424b-9868-57a2d4851a1d" />
    <TestEntry testId="85bc1fba-aa1e-c1ef-9000-a508e9350978" executionId="bafd40b2-65bd-4abd-a5e7-2c888ef70ed7" testListId="8c84fa94-04c1-424b-9868-57a2d4851a1d" />
    <TestEntry testId="d1e32dc2-f33f-5363-4a8c-0ea170a9c822" executionId="cce31bef-db2f-426b-b0f4-466d64826062" testListId="8c84fa94-04c1-424b-9868-57a2d4851a1d" />
    <TestEntry testId="aaa025c4-539f-dc62-f50b-af3c4325c449" executionId="f84e8553-1715-492b-a53c-f74e6c0c8f57" testListId="8c84fa94-04c1-424b-9868-57a2d4851a1d" />
    <TestEntry testId="9e43b977-3c91-5be2-de15-4f95a8e1f8c7" executionId="1a9255c2-12ed-4181-a07c-7988314c73d2" testListId="8c84fa94-04c1-424b-9868-57a2d4851a1d" />
    <TestEntry testId="5783bddb-fec7-d995-a012-a4ea9e07bdbd" executionId="e83b0c91-6e0c-4590-8835-d7fd5063b254" testListId="8c84fa94-04c1-424b-9868-57a2d4851a1d" />
    <TestEntry testId="7f3420a7-c01c-ee16-8a61-460ee76e48af" executionId="ab0fb7f7-26f8-4c9c-a8ef-502ea67d00f3" testListId="8c84fa94-04c1-424b-9868-57a2d4851a1d" />
    <TestEntry testId="cad52bb7-add3-40f2-d3bf-b3532e5f7a63" executionId="42c77fc4-466a-4990-8692-560054e98ee0" testListId="8c84fa94-04c1-424b-9868-57a2d4851a1d" />
    <TestEntry testId="2461313c-95d1-07bf-c932-ab214f8a619b" executionId="4309ed59-79b7-4ba8-9ea6-e1e05e1b717c" testListId="8c84fa94-04c1-424b-9868-57a2d4851a1d" />
    <TestEntry testId="b88b9ca8-ba65-70cd-81ce-345ab5fb1d53" executionId="92c03d31-f919-42dc-aa46-9abe5ebf4b80" testListId="8c84fa94-04c1-424b-9868-57a2d4851a1d" />
    <TestEntry testId="fb89f0d9-b250-f580-809f-a6350fa8fd66" executionId="538901bc-dbd5-405e-8052-3968fd36a025" testListId="8c84fa94-04c1-424b-9868-57a2d4851a1d" />
    <TestEntry testId="33874d17-d7f8-330a-d70a-23c0ca497170" executionId="bd1a5079-4f47-4f51-8658-65530924cbba" testListId="8c84fa94-04c1-424b-9868-57a2d4851a1d" />
    <TestEntry testId="64c1c071-8523-ad97-417a-c762f98be0b4" executionId="51ab9308-8a6f-4677-a740-4db912744120" testListId="8c84fa94-04c1-424b-9868-57a2d4851a1d" />
    <TestEntry testId="7892f007-71df-5c3b-ebcf-6ef2c37fadc0" executionId="8a021dfa-62c1-4bf1-af73-0b8ce401aede" testListId="8c84fa94-04c1-424b-9868-57a2d4851a1d" />
    <TestEntry testId="a250f3fb-9de6-3396-c0f7-a3dadfe0ee2c" executionId="6b162a49-9de0-4152-92c2-cae0988b92af" testListId="8c84fa94-04c1-424b-9868-57a2d4851a1d" />
    <TestEntry testId="6453b38b-95cb-b6aa-9375-25acdc4c2487" executionId="837debde-4da6-4819-bb11-fb067b084b13" testListId="8c84fa94-04c1-424b-9868-57a2d4851a1d" />
    <TestEntry testId="7f620adb-a555-cf8e-6039-9aba1a009772" executionId="58944536-99ca-4547-935f-9a8fb32d01cb" testListId="8c84fa94-04c1-424b-9868-57a2d4851a1d" />
    <TestEntry testId="2c5f1bbd-c340-38e3-42f3-b2209263335f" executionId="fcbc4d5b-6be0-4577-92c4-8c27f3b28702" testListId="8c84fa94-04c1-424b-9868-57a2d4851a1d" />
    <TestEntry testId="afbb9659-a5fc-9266-3d62-d7f0d8dcbab6" executionId="6f3cd45e-e171-45f0-b898-fb1fc3830cf2" testListId="8c84fa94-04c1-424b-9868-57a2d4851a1d" />
    <TestEntry testId="511a4f61-ce89-55d2-60bf-217e67e9f532" executionId="024cb37d-dab8-4b20-a842-07d8718ce47f" testListId="8c84fa94-04c1-424b-9868-57a2d4851a1d" />
    <TestEntry testId="69c0b0c9-79e3-762b-51b3-d77e96aed020" executionId="1a16c6d7-1262-4939-a3d0-b4506acc5994" testListId="8c84fa94-04c1-424b-9868-57a2d4851a1d" />
    <TestEntry testId="70274760-027a-23e7-88b1-7688da4db4eb" executionId="14f924b6-de56-4a34-aaa6-e3f8b077520b" testListId="8c84fa94-04c1-424b-9868-57a2d4851a1d" />
    <TestEntry testId="07679b95-0c77-33dd-c8d5-e1376510063a" executionId="e5e7c22e-a5f1-4386-8297-5e3a84c94593" testListId="8c84fa94-04c1-424b-9868-57a2d4851a1d" />
    <TestEntry testId="b3de0653-64d2-8615-b480-d5f14ca81853" executionId="a3b0f023-4686-4dc9-af03-c7459a0ee3e9" testListId="8c84fa94-04c1-424b-9868-57a2d4851a1d" />
    <TestEntry testId="4d151c41-de40-a77d-9114-a00800a2f22f" executionId="39f1037f-c70d-4545-a534-60df622ec85b" testListId="8c84fa94-04c1-424b-9868-57a2d4851a1d" />
    <TestEntry testId="fa18e5a6-2bc3-12df-bb51-c37d30f52f95" executionId="50873185-7020-4de3-8559-43fa611be4f2" testListId="8c84fa94-04c1-424b-9868-57a2d4851a1d" />
    <TestEntry testId="fa106201-6689-e149-ee9f-22bc394d4b15" executionId="e22d0c34-e18a-46a4-87e6-c16918025352" testListId="8c84fa94-04c1-424b-9868-57a2d4851a1d" />
    <TestEntry testId="df464f9e-b112-5566-5b91-0946280686ed" executionId="41698cb2-197e-4df8-a54b-3fc0b4fbbd14" testListId="8c84fa94-04c1-424b-9868-57a2d4851a1d" />
    <TestEntry testId="8283d241-590a-b382-504b-bad3e64fc92e" executionId="2fcf8c88-a2bd-45fc-9bbe-dcfc85dbd6a4" testListId="8c84fa94-04c1-424b-9868-57a2d4851a1d" />
    <TestEntry testId="843d4548-139b-668c-d827-42f4346b3ef0" executionId="33b18d8f-4ac1-4d1e-b609-6e1be5d30ffd" testListId="8c84fa94-04c1-424b-9868-57a2d4851a1d" />
    <TestEntry testId="0599638c-2006-192a-49da-9fa79df3b55e" executionId="ed8af47f-7d6a-4837-8a4b-a07a03fd5e01" testListId="8c84fa94-04c1-424b-9868-57a2d4851a1d" />
    <TestEntry testId="84b36a15-9006-9254-a29b-b856bea432a4" executionId="0f97713d-9213-4c9a-83fe-e330e39f7ccc" testListId="8c84fa94-04c1-424b-9868-57a2d4851a1d" />
    <TestEntry testId="9cca6d32-4a0b-e5dd-1a59-a901edd68fd6" executionId="a721ea5c-cada-432a-b93d-5539962703df" testListId="8c84fa94-04c1-424b-9868-57a2d4851a1d" />
    <TestEntry testId="e620761f-f36f-3a30-5a60-f84267c8154b" executionId="c9df3427-e2ef-43c4-ad0f-027c7e5c7b02" testListId="8c84fa94-04c1-424b-9868-57a2d4851a1d" />
    <TestEntry testId="3b6c1979-5d5b-f7df-8831-5e65b0e818fd" executionId="45c996db-8642-4021-9899-f38e6c10fe3c" testListId="8c84fa94-04c1-424b-9868-57a2d4851a1d" />
    <TestEntry testId="10573e1f-0aa2-6e3a-c6a4-1a9a094661dc" executionId="94c4a7d3-bdbb-4400-b286-0f3a843adc73" testListId="8c84fa94-04c1-424b-9868-57a2d4851a1d" />
    <TestEntry testId="194ba9b1-34c4-2b4a-2ba8-b132b9ebf998" executionId="9bc1477f-c1fd-4e20-a3e3-f8347bd56bfe" testListId="8c84fa94-04c1-424b-9868-57a2d4851a1d" />
    <TestEntry testId="c446db48-fe0d-6c23-577a-d3adf5810ca1" executionId="37878aa1-f752-45a9-92a6-2d2b2017783c" testListId="8c84fa94-04c1-424b-9868-57a2d4851a1d" />
    <TestEntry testId="25da0ecb-8f65-f3a6-c92d-fed8f87247e6" executionId="a647070e-afd7-4337-a9a2-87f6643093fb" testListId="8c84fa94-04c1-424b-9868-57a2d4851a1d" />
    <TestEntry testId="a462fc82-d08d-a927-6e82-ea09024ca4ef" executionId="bf2d53a9-59d3-4aad-a279-f5c476200298" testListId="8c84fa94-04c1-424b-9868-57a2d4851a1d" />
    <TestEntry testId="84a3a475-fcd9-a697-a886-bb4311389ff1" executionId="a514baf6-a041-49b6-b33b-f702c711ed70" testListId="8c84fa94-04c1-424b-9868-57a2d4851a1d" />
    <TestEntry testId="e34bbd78-70b7-8bee-c46b-6fb18c901aa2" executionId="e4bda080-2d2e-4e52-ade5-7fd3fd277878" testListId="8c84fa94-04c1-424b-9868-57a2d4851a1d" />
    <TestEntry testId="59d167f3-98f7-3905-876e-bc940d58c269" executionId="2f623a4c-489c-4977-9518-d2fd9b689a0f" testListId="8c84fa94-04c1-424b-9868-57a2d4851a1d" />
    <TestEntry testId="8ddf2343-b416-72d4-fe07-7424be6bf3cc" executionId="ffa658dd-a7e5-487b-b150-0e564c7b008a" testListId="8c84fa94-04c1-424b-9868-57a2d4851a1d" />
    <TestEntry testId="3c01b151-3119-7729-69fb-12ad4b09e592" executionId="6f19a6c8-6d31-4588-81c0-1ee3998f91c4" testListId="8c84fa94-04c1-424b-9868-57a2d4851a1d" />
    <TestEntry testId="dd1468a1-9af3-1aa0-7b70-41b163e3c3e7" executionId="0a453a77-5025-41d6-801a-0a85d4b4de44" testListId="8c84fa94-04c1-424b-9868-57a2d4851a1d" />
    <TestEntry testId="d1cc7d48-afbd-466f-5015-ef2680fa4bcb" executionId="b3cfa023-e465-4099-a3fc-34e0c98bf851" testListId="8c84fa94-04c1-424b-9868-57a2d4851a1d" />
    <TestEntry testId="2691a8a8-cda7-2520-f88d-5b729c47edea" executionId="30df2774-37e4-4426-965d-35c057dff25a" testListId="8c84fa94-04c1-424b-9868-57a2d4851a1d" />
    <TestEntry testId="6b99a904-39c7-b2a5-cb92-c1c5bd5d3c67" executionId="dd0c607f-aea1-4f16-aa1c-8cd0bc997f34" testListId="8c84fa94-04c1-424b-9868-57a2d4851a1d" />
    <TestEntry testId="45426eba-5da1-7927-75a6-85bf8e09818e" executionId="1c600202-984d-4ef8-82ef-f3f71e841bac" testListId="8c84fa94-04c1-424b-9868-57a2d4851a1d" />
    <TestEntry testId="0ba55472-e42d-ce89-4611-b74239fe58fa" executionId="dc175a43-621d-43ce-9e10-a2e5a7e2fa2f" testListId="8c84fa94-04c1-424b-9868-57a2d4851a1d" />
    <TestEntry testId="68d9476b-abb8-54b5-889a-36592d83ac9e" executionId="b35edc33-5499-4277-871d-957c728f8c15" testListId="8c84fa94-04c1-424b-9868-57a2d4851a1d" />
  </TestEntries>
  <Results>
    <UnitTestResult executionId="faec379d-9f4f-478f-a11a-b0b71c8345b6" testId="2196f553-8d96-0cb1-ab6a-222290e750c6" testName="EqualsTest" computerName="USSLCL00134" duration="00:00:00.0741961" startTime="2012-07-07T17:05:38.6259255-06:00" endTime="2012-07-07T17:05:40.0700081-06:00" testType="13cdc9d9-ddb5-4fa4-a97d-d965ccfc6d4b" outcome="Passed" testListId="8c84fa94-04c1-424b-9868-57a2d4851a1d" relativeResultsDirectory="faec379d-9f4f-478f-a11a-b0b71c8345b6">
    </UnitTestResult>
    <UnitTestResult executionId="d6ec7e24-99b8-4b3f-a0e8-f4c0c3d03c8e" testId="965a50e8-2ef6-40c1-4122-e2170c7021eb" testName="SetToZeroTest" computerName="USSLCL00134" duration="00:00:00.3139229" startTime="2012-07-07T17:05:40.1060101-06:00" endTime="2012-07-07T17:05:40.4380291-06:00" testType="13cdc9d9-ddb5-4fa4-a97d-d965ccfc6d4b" outcome="Passed" testListId="8c84fa94-04c1-424b-9868-57a2d4851a1d" relativeResultsDirectory="d6ec7e24-99b8-4b3f-a0e8-f4c0c3d03c8e">
    </UnitTestResult>
    <UnitTestResult executionId="1aa36da7-7079-49ab-9270-7177b2c530d7" testId="f0ba5c0b-8960-4edd-4fed-108844165cf0" testName="GetKetTest" computerName="USSLCL00134" duration="00:00:00.0023347" startTime="2012-07-07T17:05:40.4540300-06:00" endTime="2012-07-07T17:05:40.4750312-06:00" testType="13cdc9d9-ddb5-4fa4-a97d-d965ccfc6d4b" outcome="Passed" testListId="8c84fa94-04c1-424b-9868-57a2d4851a1d" relativeResultsDirectory="1aa36da7-7079-49ab-9270-7177b2c530d7">
    </UnitTestResult>
    <UnitTestResult executionId="cae5650e-0581-4b31-8115-1140b4048e9d" testId="d5ba24d1-27d1-0b69-994f-a21952016180" testName="GetAmplitudeTest" computerName="USSLCL00134" duration="00:00:00.0466571" startTime="2012-07-07T17:05:40.4850318-06:00" endTime="2012-07-07T17:05:40.5450352-06:00" testType="13cdc9d9-ddb5-4fa4-a97d-d965ccfc6d4b" outcome="Passed" testListId="8c84fa94-04c1-424b-9868-57a2d4851a1d" relativeResultsDirectory="cae5650e-0581-4b31-8115-1140b4048e9d">
    </UnitTestResult>
    <UnitTestResult executionId="e4ae39ea-34d8-44da-9edf-07d62c831c73" testId="7c93be96-b5a0-1d46-8810-c4cc0920cb2c" testName="GetNormalizedAmplitudeTest" computerName="USSLCL00134" duration="00:00:00.0061077" startTime="2012-07-07T17:05:40.5540357-06:00" endTime="2012-07-07T17:05:40.5690366-06:00" testType="13cdc9d9-ddb5-4fa4-a97d-d965ccfc6d4b" outcome="Passed" testListId="8c84fa94-04c1-424b-9868-57a2d4851a1d" relativeResultsDirectory="e4ae39ea-34d8-44da-9edf-07d62c831c73">
    </UnitTestResult>
    <UnitTestResult executionId="e4ced9bf-53ed-43de-903d-c38607681bad" testId="c73872e3-de49-0d4a-fbe2-3bd9c4a10210" testName="GetNormalizedVectorTest" computerName="USSLCL00134" duration="00:00:00.0022135" startTime="2012-07-07T17:05:40.5780371-06:00" endTime="2012-07-07T17:05:40.5910379-06:00" testType="13cdc9d9-ddb5-4fa4-a97d-d965ccfc6d4b" outcome="Passed" testListId="8c84fa94-04c1-424b-9868-57a2d4851a1d" relativeResultsDirectory="e4ced9bf-53ed-43de-903d-c38607681bad">
    </UnitTestResult>
    <UnitTestResult executionId="927c5e93-c437-4f60-9352-2944fdf1630d" testId="257c1c06-b11a-4bb0-9757-e03ddfaada2b" testName="IsProbabilisticSystemTest" computerName="USSLCL00134" duration="00:00:00.0121596" startTime="2012-07-07T17:05:40.5970382-06:00" endTime="2012-07-07T17:05:40.6190395-06:00" testType="13cdc9d9-ddb5-4fa4-a97d-d965ccfc6d4b" outcome="Passed" testListId="8c84fa94-04c1-424b-9868-57a2d4851a1d" relativeResultsDirectory="927c5e93-c437-4f60-9352-2944fdf1630d">
    </UnitTestResult>
    <UnitTestResult executionId="022564ae-e06c-4368-8fdc-0aa732b495b1" testId="bb7a77ba-178f-5917-6d9f-a8ef964738e0" testName="ConjugateTest" computerName="USSLCL00134" duration="00:00:00.0072306" startTime="2012-07-07T17:05:40.6310401-06:00" endTime="2012-07-07T17:05:40.6490412-06:00" testType="13cdc9d9-ddb5-4fa4-a97d-d965ccfc6d4b" outcome="Passed" testListId="8c84fa94-04c1-424b-9868-57a2d4851a1d" relativeResultsDirectory="022564ae-e06c-4368-8fdc-0aa732b495b1">
    </UnitTestResult>
    <UnitTestResult executionId="fdfbbaa9-0f55-4fee-8643-b61542b3dbb7" testId="191c732e-b797-fda9-14e6-f62313d93af1" testName="EqualsTest" computerName="USSLCL00134" duration="00:00:00.0014254" startTime="2012-07-07T17:05:40.6600418-06:00" endTime="2012-07-07T17:05:40.6710424-06:00" testType="13cdc9d9-ddb5-4fa4-a97d-d965ccfc6d4b" outcome="Passed" testListId="8c84fa94-04c1-424b-9868-57a2d4851a1d" relativeResultsDirectory="fdfbbaa9-0f55-4fee-8643-b61542b3dbb7">
    </UnitTestResult>
    <UnitTestResult executionId="ee3fb8a4-735c-44ae-9f88-0fad67d515d6" testId="4611c12d-ab9b-ec67-f03d-aef14139fd18" testName="InnerProductTest" computerName="USSLCL00134" duration="00:00:00.0037156" startTime="2012-07-07T17:05:40.6800429-06:00" endTime="2012-07-07T17:05:40.6930437-06:00" testType="13cdc9d9-ddb5-4fa4-a97d-d965ccfc6d4b" outcome="Passed" testListId="8c84fa94-04c1-424b-9868-57a2d4851a1d" relativeResultsDirectory="ee3fb8a4-735c-44ae-9f88-0fad67d515d6">
    </UnitTestResult>
    <UnitTestResult executionId="d793e034-b86f-49a0-a581-5b46bd892fe6" testId="bf6c2469-a2b3-a877-1023-ee9bd6de0e5b" testName="AdjointTest" computerName="USSLCL00134" duration="00:00:00.0011702" startTime="2012-07-07T17:05:40.6990440-06:00" endTime="2012-07-07T17:05:40.7190452-06:00" testType="13cdc9d9-ddb5-4fa4-a97d-d965ccfc6d4b" outcome="Passed" testListId="8c84fa94-04c1-424b-9868-57a2d4851a1d" relativeResultsDirectory="d793e034-b86f-49a0-a581-5b46bd892fe6">
    </UnitTestResult>
    <UnitTestResult executionId="df3c965e-20c4-4192-801f-c57e56aa0012" testId="45c1478b-4df2-7873-3421-9c35cffff0b5" testName="TransposeTest" computerName="USSLCL00134" duration="00:00:00.0012795" startTime="2012-07-07T17:05:40.7260456-06:00" endTime="2012-07-07T17:05:40.7360462-06:00" testType="13cdc9d9-ddb5-4fa4-a97d-d965ccfc6d4b" outcome="Passed" testListId="8c84fa94-04c1-424b-9868-57a2d4851a1d" relativeResultsDirectory="df3c965e-20c4-4192-801f-c57e56aa0012">
    </UnitTestResult>
    <UnitTestResult executionId="974e43fd-662c-487e-a978-37ab31d8421c" testId="d234dbe8-2eb3-6ce6-3747-7c6cec0f5c2b" testName="ItemTest" computerName="USSLCL00134" duration="00:00:00.0004230" startTime="2012-07-07T17:05:40.7420465-06:00" endTime="2012-07-07T17:05:40.7510470-06:00" testType="13cdc9d9-ddb5-4fa4-a97d-d965ccfc6d4b" outcome="Passed" testListId="8c84fa94-04c1-424b-9868-57a2d4851a1d" relativeResultsDirectory="974e43fd-662c-487e-a978-37ab31d8421c">
    </UnitTestResult>
    <UnitTestResult executionId="974dcd85-920b-410f-bfc0-a1ad9adcbc9c" testId="aac142ce-38b2-6d3f-cd65-e8254c3e066b" testName="IdentityMatrixTest" computerName="USSLCL00134" duration="00:00:00.0012295" startTime="2012-07-07T17:05:40.7570474-06:00" endTime="2012-07-07T17:05:40.7660479-06:00" testType="13cdc9d9-ddb5-4fa4-a97d-d965ccfc6d4b" outcome="Passed" testListId="8c84fa94-04c1-424b-9868-57a2d4851a1d" relativeResultsDirectory="974dcd85-920b-410f-bfc0-a1ad9adcbc9c">
    </UnitTestResult>
    <UnitTestResult executionId="932ba3c5-f405-493a-acc6-1615c7369308" testId="2f70a04a-052e-804a-c12d-8ce7e0d5829f" testName="op_MultiplyMatrixAndVectorTest" computerName="USSLCL00134" duration="00:00:00.0011771" startTime="2012-07-07T17:05:40.7720482-06:00" endTime="2012-07-07T17:05:40.7820488-06:00" testType="13cdc9d9-ddb5-4fa4-a97d-d965ccfc6d4b" outcome="Passed" testListId="8c84fa94-04c1-424b-9868-57a2d4851a1d" relativeResultsDirectory="932ba3c5-f405-493a-acc6-1615c7369308">
    </UnitTestResult>
    <UnitTestResult executionId="72467cad-b12f-42ad-a12c-02e6cdac81f7" testId="49e51852-7075-5008-f887-b580ee4d13af" testName="IsHermitianTest" computerName="USSLCL00134" duration="00:00:00.0103268" startTime="2012-07-07T17:05:40.7870491-06:00" endTime="2012-07-07T17:05:40.8060502-06:00" testType="13cdc9d9-ddb5-4fa4-a97d-d965ccfc6d4b" outcome="Passed" testListId="8c84fa94-04c1-424b-9868-57a2d4851a1d" relativeResultsDirectory="72467cad-b12f-42ad-a12c-02e6cdac81f7">
    </UnitTestResult>
    <UnitTestResult executionId="64b241ac-9f77-42d0-956f-c858b2d20bbf" testId="86846568-9c1a-b5d9-8a2f-14b2fd1eb1c6" testName="op_ImplicitTest" computerName="USSLCL00134" duration="00:00:00.0032047" startTime="2012-07-07T17:05:40.8120505-06:00" endTime="2012-07-07T17:05:40.8260513-06:00" testType="13cdc9d9-ddb5-4fa4-a97d-d965ccfc6d4b" outcome="Passed" testListId="8c84fa94-04c1-424b-9868-57a2d4851a1d" relativeResultsDirectory="64b241ac-9f77-42d0-956f-c858b2d20bbf">
    </UnitTestResult>
    <UnitTestResult executionId="459a55a9-1045-4616-bf4b-25efb870d79c" testId="cd40d60c-7ba3-fd50-057a-8cb8ecef5565" testName="op_PowerTest" computerName="USSLCL00134" duration="00:00:00.0043507" startTime="2012-07-07T17:05:40.8330517-06:00" endTime="2012-07-07T17:05:40.8470525-06:00" testType="13cdc9d9-ddb5-4fa4-a97d-d965ccfc6d4b" outcome="Passed" testListId="8c84fa94-04c1-424b-9868-57a2d4851a1d" relativeResultsDirectory="459a55a9-1045-4616-bf4b-25efb870d79c">
    </UnitTestResult>
    <UnitTestResult executionId="8563a4c7-505a-48a7-a3ec-d52614da3baa" testId="0b103c37-48a5-eca8-d21a-8bbd6e27c98c" testName="ExpectedValueTest" computerName="USSLCL00134" duration="00:00:00.0014247" startTime="2012-07-07T17:05:40.8530528-06:00" endTime="2012-07-07T17:05:40.8660536-06:00" testType="13cdc9d9-ddb5-4fa4-a97d-d965ccfc6d4b" outcome="Passed" testListId="8c84fa94-04c1-424b-9868-57a2d4851a1d" relativeResultsDirectory="8563a4c7-505a-48a7-a3ec-d52614da3baa">
    </UnitTestResult>
    <UnitTestResult executionId="eba8c844-3233-4a28-9405-17697ef271fc" testId="a3e4879d-2ea1-a209-e3f3-b52750cb2d8b" testName="VarianceTest" computerName="USSLCL00134" duration="00:00:00.0046237" startTime="2012-07-07T17:05:40.8720539-06:00" endTime="2012-07-07T17:05:40.8880548-06:00" testType="13cdc9d9-ddb5-4fa4-a97d-d965ccfc6d4b" outcome="Passed" testListId="8c84fa94-04c1-424b-9868-57a2d4851a1d" relativeResultsDirectory="eba8c844-3233-4a28-9405-17697ef271fc">
    </UnitTestResult>
    <UnitTestResult executionId="9336a9e9-eafb-4be0-8072-44606fbcb0e5" testId="56d4e2ab-80ac-74c9-cdc4-cd3967d0842f" testName="Exercise4o1o1" computerName="USSLCL00134" duration="00:00:00.0012083" startTime="2012-07-07T17:05:40.8940552-06:00" endTime="2012-07-07T17:05:40.9050558-06:00" testType="13cdc9d9-ddb5-4fa4-a97d-d965ccfc6d4b" outcome="Passed" testListId="8c84fa94-04c1-424b-9868-57a2d4851a1d" relativeResultsDirectory="9336a9e9-eafb-4be0-8072-44606fbcb0e5">
    </UnitTestResult>
    <UnitTestResult executionId="8cb68292-3e35-404d-b43d-3bf0698559b0" testId="b920ca27-2e1f-e8ec-c9ba-d4cbb754ace4" testName="Exercise4o1o5" computerName="USSLCL00134" duration="00:00:00.0007545" startTime="2012-07-07T17:05:40.9110562-06:00" endTime="2012-07-07T17:05:40.9230568-06:00" testType="13cdc9d9-ddb5-4fa4-a97d-d965ccfc6d4b" outcome="Passed" testListId="8c84fa94-04c1-424b-9868-57a2d4851a1d" relativeResultsDirectory="8cb68292-3e35-404d-b43d-3bf0698559b0">
    </UnitTestResult>
    <UnitTestResult executionId="a7cc567e-ed2c-4ac0-8f5d-edc1cee855ea" testId="cfda23f5-8521-9279-3cfb-c362ea2104e6" testName="Example4o2o1" computerName="USSLCL00134" duration="00:00:00.0008199" startTime="2012-07-07T17:05:40.9310573-06:00" endTime="2012-07-07T17:05:40.9430580-06:00" testType="13cdc9d9-ddb5-4fa4-a97d-d965ccfc6d4b" outcome="Passed" testListId="8c84fa94-04c1-424b-9868-57a2d4851a1d" relativeResultsDirectory="a7cc567e-ed2c-4ac0-8f5d-edc1cee855ea">
    </UnitTestResult>
    <UnitTestResult executionId="70c8a152-df64-4141-a0e6-72bdf948d4ac" testId="976f17c9-51e8-e105-25f5-c30dcb83cb62" testName="Exercise4o2o2" computerName="USSLCL00134" duration="00:00:00.0010501" startTime="2012-07-07T17:05:40.9510585-06:00" endTime="2012-07-07T17:05:40.9630591-06:00" testType="13cdc9d9-ddb5-4fa4-a97d-d965ccfc6d4b" outcome="Passed" testListId="8c84fa94-04c1-424b-9868-57a2d4851a1d" relativeResultsDirectory="70c8a152-df64-4141-a0e6-72bdf948d4ac">
    </UnitTestResult>
    <UnitTestResult executionId="ebb8d925-18ef-4607-b00c-25561296ebcf" testId="1f1cd201-bd9b-d73b-7631-79422db50907" testName="Exercise4o2o6" computerName="USSLCL00134" duration="00:00:00.0015244" startTime="2012-07-07T17:05:40.9720597-06:00" endTime="2012-07-07T17:05:40.9840603-06:00" testType="13cdc9d9-ddb5-4fa4-a97d-d965ccfc6d4b" outcome="Passed" testListId="8c84fa94-04c1-424b-9868-57a2d4851a1d" relativeResultsDirectory="ebb8d925-18ef-4607-b00c-25561296ebcf">
    </UnitTestResult>
    <UnitTestResult executionId="849821ee-7bff-48fd-b0bd-126d6e22942d" testId="f368b193-6b5a-1b14-7094-e125316b3e80" testName="Exercise4o2o7" computerName="USSLCL00134" duration="00:00:00.0019517" startTime="2012-07-07T17:05:40.9900607-06:00" endTime="2012-07-07T17:05:41.0010613-06:00" testType="13cdc9d9-ddb5-4fa4-a97d-d965ccfc6d4b" outcome="Passed" testListId="8c84fa94-04c1-424b-9868-57a2d4851a1d" relativeResultsDirectory="849821ee-7bff-48fd-b0bd-126d6e22942d">
    </UnitTestResult>
    <UnitTestResult executionId="60451488-9900-43c6-8ac2-ce539e5c7452" testId="8c87e582-c187-2428-641f-ac52b8bc8afb" testName="Exercise4o2o8" computerName="USSLCL00134" duration="00:00:00.0045286" startTime="2012-07-07T17:05:41.0070617-06:00" endTime="2012-07-07T17:05:41.0210625-06:00" testType="13cdc9d9-ddb5-4fa4-a97d-d965ccfc6d4b" outcome="Passed" testListId="8c84fa94-04c1-424b-9868-57a2d4851a1d" relativeResultsDirectory="60451488-9900-43c6-8ac2-ce539e5c7452">
    </UnitTestResult>
    <UnitTestResult executionId="13ec7bd9-40e2-4aa9-ab05-43b316f509bf" testId="7f80f8e7-2e2b-ea96-23b0-2d1d4cb799d4" testName="Exercise4o2o9" computerName="USSLCL00134" duration="00:00:00.0019967" startTime="2012-07-07T17:05:41.0270628-06:00" endTime="2012-07-07T17:05:41.0400635-06:00" testType="13cdc9d9-ddb5-4fa4-a97d-d965ccfc6d4b" outcome="Passed" testListId="8c84fa94-04c1-424b-9868-57a2d4851a1d" relativeResultsDirectory="13ec7bd9-40e2-4aa9-ab05-43b316f509bf">
    </UnitTestResult>
    <UnitTestResult executionId="57e04169-3c8c-4d6b-bbfd-310da47fa68c" testId="acd83d3c-1f09-56f5-c309-c66c3b56b876" testName="Example4o2o7" computerName="USSLCL00134" duration="00:00:00.0020914" startTime="2012-07-07T17:05:41.0460639-06:00" endTime="2012-07-07T17:05:41.0590646-06:00" testType="13cdc9d9-ddb5-4fa4-a97d-d965ccfc6d4b" outcome="Passed" testListId="8c84fa94-04c1-424b-9868-57a2d4851a1d" relativeResultsDirectory="57e04169-3c8c-4d6b-bbfd-310da47fa68c">
    </UnitTestResult>
    <UnitTestResult executionId="37a76eac-8f69-4a62-b69c-6fdf1e3b63fd" testId="6dbfaaf3-0c2f-79c7-5448-3d9091ca07d2" testName="Example4o2o12" computerName="USSLCL00134" duration="00:00:00.0292336" startTime="2012-07-07T17:05:41.0650650-06:00" endTime="2012-07-07T17:05:41.1040672-06:00" testType="13cdc9d9-ddb5-4fa4-a97d-d965ccfc6d4b" outcome="Passed" testListId="8c84fa94-04c1-424b-9868-57a2d4851a1d" relativeResultsDirectory="37a76eac-8f69-4a62-b69c-6fdf1e3b63fd">
    </UnitTestResult>
    <UnitTestResult executionId="97ba0b64-3a12-4303-8032-0ff0f7f8a1ed" testId="a6320d81-84be-b348-18dd-019a5fed078d" testName="Example4o2o14" computerName="USSLCL00134" duration="00:00:00.0030792" startTime="2012-07-07T17:05:41.1120677-06:00" endTime="2012-07-07T17:05:41.1270685-06:00" testType="13cdc9d9-ddb5-4fa4-a97d-d965ccfc6d4b" outcome="Passed" testListId="8c84fa94-04c1-424b-9868-57a2d4851a1d" relativeResultsDirectory="97ba0b64-3a12-4303-8032-0ff0f7f8a1ed">
    </UnitTestResult>
    <UnitTestResult executionId="181f2857-d14e-4e6a-b959-d4cef79f79f7" testId="26598c77-ae79-f56c-1115-9577c1ec0551" testName="Example4o3o1" computerName="USSLCL00134" duration="00:00:00.0014697" startTime="2012-07-07T17:05:41.1340689-06:00" endTime="2012-07-07T17:05:41.1470697-06:00" testType="13cdc9d9-ddb5-4fa4-a97d-d965ccfc6d4b" outcome="Passed" testListId="8c84fa94-04c1-424b-9868-57a2d4851a1d" relativeResultsDirectory="181f2857-d14e-4e6a-b959-d4cef79f79f7">
    </UnitTestResult>
    <UnitTestResult executionId="2b248516-4bfe-45a4-aee0-64c56292c485" testId="7ce48d38-4867-2cfe-7006-39c642c6f124" testName="Example4o3o2" computerName="USSLCL00134" duration="00:00:00.0017049" startTime="2012-07-07T17:05:41.1560702-06:00" endTime="2012-07-07T17:05:41.1870720-06:00" testType="13cdc9d9-ddb5-4fa4-a97d-d965ccfc6d4b" outcome="Passed" testListId="8c84fa94-04c1-424b-9868-57a2d4851a1d" relativeResultsDirectory="2b248516-4bfe-45a4-aee0-64c56292c485">
    </UnitTestResult>
    <UnitTestResult executionId="8ad161cb-983d-411c-b679-a7cf0a13cb6d" testId="93416627-340b-18aa-c933-38279467b58a" testName="Exercise4o4o1" computerName="USSLCL00134" duration="00:00:00.0170893" startTime="2012-07-07T17:05:41.1970725-06:00" endTime="2012-07-07T17:05:41.2270742-06:00" testType="13cdc9d9-ddb5-4fa4-a97d-d965ccfc6d4b" outcome="Passed" testListId="8c84fa94-04c1-424b-9868-57a2d4851a1d" relativeResultsDirectory="8ad161cb-983d-411c-b679-a7cf0a13cb6d">
    </UnitTestResult>
    <UnitTestResult executionId="fb9ced32-0f01-401b-a36f-fa028cf8a89c" testId="5b0b7f1b-1d05-7deb-83d6-f2293e41cb23" testName="VectorConstructorTest" computerName="USSLCL00134" duration="00:00:00.0013084" startTime="2012-07-07T17:05:41.2330746-06:00" endTime="2012-07-07T17:05:41.2440752-06:00" testType="13cdc9d9-ddb5-4fa4-a97d-d965ccfc6d4b" outcome="Passed" testListId="8c84fa94-04c1-424b-9868-57a2d4851a1d" relativeResultsDirectory="fb9ced32-0f01-401b-a36f-fa028cf8a89c">
    </UnitTestResult>
    <UnitTestResult executionId="eb0b8898-8a6b-4e72-8146-85cd1a78ebae" testId="1aac7064-31c6-c120-9e54-0819977db45a" testName="VectorConstructorTest1" computerName="USSLCL00134" duration="00:00:00.0004700" startTime="2012-07-07T17:05:41.2500756-06:00" endTime="2012-07-07T17:05:41.2590761-06:00" testType="13cdc9d9-ddb5-4fa4-a97d-d965ccfc6d4b" outcome="Passed" testListId="8c84fa94-04c1-424b-9868-57a2d4851a1d" relativeResultsDirectory="eb0b8898-8a6b-4e72-8146-85cd1a78ebae">
    </UnitTestResult>
    <UnitTestResult executionId="4b05923a-236a-410d-ad3e-8ed3cfc5a411" testId="9c92819f-751b-655e-72f6-604f0653711c" testName="VectorConstructorTest2" computerName="USSLCL00134" duration="00:00:00.0003918" startTime="2012-07-07T17:05:41.2660765-06:00" endTime="2012-07-07T17:05:41.2760770-06:00" testType="13cdc9d9-ddb5-4fa4-a97d-d965ccfc6d4b" outcome="Passed" testListId="8c84fa94-04c1-424b-9868-57a2d4851a1d" relativeResultsDirectory="4b05923a-236a-410d-ad3e-8ed3cfc5a411">
    </UnitTestResult>
    <UnitTestResult executionId="8b6a304c-12dd-405c-8587-bb9937d5fe13" testId="bc74a9f0-dfbc-1cfa-6718-f3d2cbf87b3b" testName="EqualsTest" computerName="USSLCL00134" duration="00:00:00.0003299" startTime="2012-07-07T17:05:41.2820774-06:00" endTime="2012-07-07T17:05:41.2910779-06:00" testType="13cdc9d9-ddb5-4fa4-a97d-d965ccfc6d4b" outcome="Passed" testListId="8c84fa94-04c1-424b-9868-57a2d4851a1d" relativeResultsDirectory="8b6a304c-12dd-405c-8587-bb9937d5fe13">
    </UnitTestResult>
    <UnitTestResult executionId="3ebe7850-3d3c-44a3-8857-22e2ead048df" testId="89a43019-9aa1-6b73-f686-b9999e672584" testName="DistanceTest" computerName="USSLCL00134" duration="00:00:00.0109720" startTime="2012-07-07T17:05:41.2970782-06:00" endTime="2012-07-07T17:05:41.3170794-06:00" testType="13cdc9d9-ddb5-4fa4-a97d-d965ccfc6d4b" outcome="Passed" testListId="8c84fa94-04c1-424b-9868-57a2d4851a1d" relativeResultsDirectory="3ebe7850-3d3c-44a3-8857-22e2ead048df">
    </UnitTestResult>
    <UnitTestResult executionId="aa22250e-d1ef-4b22-bb65-b462f2086ad8" testId="81ff8154-7b8a-e690-97b4-6435aa07756d" testName="LengthTest" computerName="USSLCL00134" duration="00:00:00.0005454" startTime="2012-07-07T17:05:41.3230797-06:00" endTime="2012-07-07T17:05:41.3340804-06:00" testType="13cdc9d9-ddb5-4fa4-a97d-d965ccfc6d4b" outcome="Passed" testListId="8c84fa94-04c1-424b-9868-57a2d4851a1d" relativeResultsDirectory="aa22250e-d1ef-4b22-bb65-b462f2086ad8">
    </UnitTestResult>
    <UnitTestResult executionId="3b8ad6cb-e7c5-4142-bb96-26ddc3b0bc01" testId="a742c746-5181-52e8-23a7-13e7e8c75d0d" testName="ToStringTest" computerName="USSLCL00134" duration="00:00:00.0009604" startTime="2012-07-07T17:05:41.3390806-06:00" endTime="2012-07-07T17:05:41.3500813-06:00" testType="13cdc9d9-ddb5-4fa4-a97d-d965ccfc6d4b" outcome="Passed" testListId="8c84fa94-04c1-424b-9868-57a2d4851a1d" relativeResultsDirectory="3b8ad6cb-e7c5-4142-bb96-26ddc3b0bc01">
    </UnitTestResult>
    <UnitTestResult executionId="71b968d7-d220-4f80-816d-834242ae52ca" testId="38b23d36-491d-02f4-07c2-9d3cd23affc3" testName="op_AdditionTest" computerName="USSLCL00134" duration="00:00:00.0029599" startTime="2012-07-07T17:05:41.3560816-06:00" endTime="2012-07-07T17:05:41.3690824-06:00" testType="13cdc9d9-ddb5-4fa4-a97d-d965ccfc6d4b" outcome="Passed" testListId="8c84fa94-04c1-424b-9868-57a2d4851a1d" relativeResultsDirectory="71b968d7-d220-4f80-816d-834242ae52ca">
    </UnitTestResult>
    <UnitTestResult executionId="88fead76-5315-479e-b6a1-e3e658e536e2" testId="5f6e4234-ae47-44fc-62c5-b75e2f29c018" testName="op_EqualityTest" computerName="USSLCL00134" duration="00:00:00.0003422" startTime="2012-07-07T17:05:41.3750827-06:00" endTime="2012-07-07T17:05:41.3860833-06:00" testType="13cdc9d9-ddb5-4fa4-a97d-d965ccfc6d4b" outcome="Passed" testListId="8c84fa94-04c1-424b-9868-57a2d4851a1d" relativeResultsDirectory="88fead76-5315-479e-b6a1-e3e658e536e2">
    </UnitTestResult>
    <UnitTestResult executionId="2f148a75-68c8-4ff4-b557-df9142a4a7e3" testId="353600d6-8f81-a743-8f0c-ac1e5f0cc59e" testName="op_InequalityTest" computerName="USSLCL00134" duration="00:00:00.0003160" startTime="2012-07-07T17:05:41.3930837-06:00" endTime="2012-07-07T17:05:41.4040844-06:00" testType="13cdc9d9-ddb5-4fa4-a97d-d965ccfc6d4b" outcome="Passed" testListId="8c84fa94-04c1-424b-9868-57a2d4851a1d" relativeResultsDirectory="2f148a75-68c8-4ff4-b557-df9142a4a7e3">
    </UnitTestResult>
    <UnitTestResult executionId="d6974d07-221c-40aa-a4d7-613ba87bb9c1" testId="30603adb-abfd-1ae1-9190-dbf549cbf25b" testName="op_MultiplyTest" computerName="USSLCL00134" duration="00:00:00.0027058" startTime="2012-07-07T17:05:41.4080846-06:00" endTime="2012-07-07T17:05:41.4210853-06:00" testType="13cdc9d9-ddb5-4fa4-a97d-d965ccfc6d4b" outcome="Passed" testListId="8c84fa94-04c1-424b-9868-57a2d4851a1d" relativeResultsDirectory="d6974d07-221c-40aa-a4d7-613ba87bb9c1">
    </UnitTestResult>
    <UnitTestResult executionId="2b047aa5-6970-43c1-a5ed-e7d6a3496fed" testId="e58e75f5-82f4-68b3-9174-e83157c210fe" testName="op_MultiplyTest1" computerName="USSLCL00134" duration="00:00:00.0004534" startTime="2012-07-07T17:05:41.4270857-06:00" endTime="2012-07-07T17:05:41.4380863-06:00" testType="13cdc9d9-ddb5-4fa4-a97d-d965ccfc6d4b" outcome="Passed" testListId="8c84fa94-04c1-424b-9868-57a2d4851a1d" relativeResultsDirectory="2b047aa5-6970-43c1-a5ed-e7d6a3496fed">
    </UnitTestResult>
    <UnitTestResult executionId="ab1c25e7-1517-4f50-ae8c-5c4722c6e3a3" testId="45e4093b-3343-3a21-e7a7-e836435896d3" testName="op_DotProductTest" computerName="USSLCL00134" duration="00:00:00.0005639" startTime="2012-07-07T17:05:41.4440867-06:00" endTime="2012-07-07T17:05:41.4560873-06:00" testType="13cdc9d9-ddb5-4fa4-a97d-d965ccfc6d4b" outcome="Passed" testListId="8c84fa94-04c1-424b-9868-57a2d4851a1d" relativeResultsDirectory="ab1c25e7-1517-4f50-ae8c-5c4722c6e3a3">
    </UnitTestResult>
    <UnitTestResult executionId="ff23c577-47d1-4c63-b13c-d1d1dd0ba5cd" testId="ff295562-5e99-9434-0a6c-61d038c92b18" testName="op_SubtractionTest" computerName="USSLCL00134" duration="00:00:00.0005054" startTime="2012-07-07T17:05:41.4630877-06:00" endTime="2012-07-07T17:05:41.4750884-06:00" testType="13cdc9d9-ddb5-4fa4-a97d-d965ccfc6d4b" outcome="Passed" testListId="8c84fa94-04c1-424b-9868-57a2d4851a1d" relativeResultsDirectory="ff23c577-47d1-4c63-b13c-d1d1dd0ba5cd">
    </UnitTestResult>
    <UnitTestResult executionId="3431436c-ddd8-4999-88bd-261014d948cd" testId="05b12b43-1783-0ca5-6417-946a728e7bad" testName="GetAngleTest" computerName="USSLCL00134" duration="00:00:00.0013642" startTime="2012-07-07T17:05:41.4890892-06:00" endTime="2012-07-07T17:05:41.5010899-06:00" testType="13cdc9d9-ddb5-4fa4-a97d-d965ccfc6d4b" outcome="Passed" testListId="8c84fa94-04c1-424b-9868-57a2d4851a1d" relativeResultsDirectory="3431436c-ddd8-4999-88bd-261014d948cd">
    </UnitTestResult>
    <UnitTestResult executionId="c0ad2bc1-dc91-4faf-884e-f66b01c1b3d7" testId="f45ba4d9-1948-fd2a-d93c-c51eacddf456" testName="IsOrthogonalTest" computerName="USSLCL00134" duration="00:00:00.0047469" startTime="2012-07-07T17:05:41.5070903-06:00" endTime="2012-07-07T17:05:41.5220911-06:00" testType="13cdc9d9-ddb5-4fa4-a97d-d965ccfc6d4b" outcome="Passed" testListId="8c84fa94-04c1-424b-9868-57a2d4851a1d" relativeResultsDirectory="c0ad2bc1-dc91-4faf-884e-f66b01c1b3d7">
    </UnitTestResult>
    <UnitTestResult executionId="9d78404f-c313-4011-a679-d6e837e7c491" testId="8e039ac3-296f-0b32-1467-d43005f9a8c9" testName="op_UnaryNegationTest" computerName="USSLCL00134" duration="00:00:00.0048365" startTime="2012-07-07T17:05:41.5290915-06:00" endTime="2012-07-07T17:05:41.5440924-06:00" testType="13cdc9d9-ddb5-4fa4-a97d-d965ccfc6d4b" outcome="Passed" testListId="8c84fa94-04c1-424b-9868-57a2d4851a1d" relativeResultsDirectory="9d78404f-c313-4011-a679-d6e837e7c491">
    </UnitTestResult>
    <UnitTestResult executionId="32731d2a-6c45-4517-a9ca-5416d5355cdd" testId="8948e81d-4481-f3a6-0a8b-92d5a21b0ed1" testName="Exercise3o1o1" computerName="USSLCL00134" duration="00:00:00.0018154" startTime="2012-07-07T17:05:41.5510928-06:00" endTime="2012-07-07T17:05:41.5630935-06:00" testType="13cdc9d9-ddb5-4fa4-a97d-d965ccfc6d4b" outcome="Passed" testListId="8c84fa94-04c1-424b-9868-57a2d4851a1d" relativeResultsDirectory="32731d2a-6c45-4517-a9ca-5416d5355cdd">
    </UnitTestResult>
    <UnitTestResult executionId="36903045-c3ab-4d56-8cf0-43bbe4e2e2ef" testId="1683eaf6-b230-9872-7e1d-e1c2509c0be1" testName="Exercise3o1o2" computerName="USSLCL00134" duration="00:00:00.0059976" startTime="2012-07-07T17:05:41.5700939-06:00" endTime="2012-07-07T17:05:41.5920951-06:00" testType="13cdc9d9-ddb5-4fa4-a97d-d965ccfc6d4b" outcome="Passed" testListId="8c84fa94-04c1-424b-9868-57a2d4851a1d" relativeResultsDirectory="36903045-c3ab-4d56-8cf0-43bbe4e2e2ef">
    </UnitTestResult>
    <UnitTestResult executionId="4047e6ce-0f7b-4923-88bb-614c3f6a264a" testId="06c32b76-050d-0c74-e5e5-24e8d789eea7" testName="Exercise3o1o4" computerName="USSLCL00134" duration="00:00:00.0016699" startTime="2012-07-07T17:05:41.5980955-06:00" endTime="2012-07-07T17:05:41.6120963-06:00" testType="13cdc9d9-ddb5-4fa4-a97d-d965ccfc6d4b" outcome="Passed" testListId="8c84fa94-04c1-424b-9868-57a2d4851a1d" relativeResultsDirectory="4047e6ce-0f7b-4923-88bb-614c3f6a264a">
    </UnitTestResult>
    <UnitTestResult executionId="d7e6940d-5e10-430a-a4ce-0a1e1bf21300" testId="fc5f6b28-8f99-b5ff-6ec9-739c1fd6e416" testName="Example3o2o1" computerName="USSLCL00134" duration="00:00:00.0008180" startTime="2012-07-07T17:05:41.6190967-06:00" endTime="2012-07-07T17:05:41.6300973-06:00" testType="13cdc9d9-ddb5-4fa4-a97d-d965ccfc6d4b" outcome="Passed" testListId="8c84fa94-04c1-424b-9868-57a2d4851a1d" relativeResultsDirectory="d7e6940d-5e10-430a-a4ce-0a1e1bf21300">
    </UnitTestResult>
    <UnitTestResult executionId="1b9421fd-b737-447f-8666-8b9b18f320df" testId="9cf4c4e1-7186-5bdb-2eef-3b22d03cb6e0" testName="Exercise3o2o1" computerName="USSLCL00134" duration="00:00:00.0008168" startTime="2012-07-07T17:05:41.6350976-06:00" endTime="2012-07-07T17:05:41.6460982-06:00" testType="13cdc9d9-ddb5-4fa4-a97d-d965ccfc6d4b" outcome="Passed" testListId="8c84fa94-04c1-424b-9868-57a2d4851a1d" relativeResultsDirectory="1b9421fd-b737-447f-8666-8b9b18f320df">
    </UnitTestResult>
    <UnitTestResult executionId="00e8e41a-50e3-4564-994c-5570e0fee42f" testId="85e31a7a-8f31-96c4-5236-3d22a4f800d8" testName="Exercise3o2o4" computerName="USSLCL00134" duration="00:00:00.0008438" startTime="2012-07-07T17:05:41.6510985-06:00" endTime="2012-07-07T17:05:41.6640992-06:00" testType="13cdc9d9-ddb5-4fa4-a97d-d965ccfc6d4b" outcome="Passed" testListId="8c84fa94-04c1-424b-9868-57a2d4851a1d" relativeResultsDirectory="00e8e41a-50e3-4564-994c-5570e0fee42f">
    </UnitTestResult>
    <UnitTestResult executionId="23229442-911e-43eb-a85c-5b990ad6eb99" testId="aec04687-b925-f293-88d7-b9bf8f00fc28" testName="Exercise3o2o6" computerName="USSLCL00134" duration="00:00:00.0067267" startTime="2012-07-07T17:05:41.6710996-06:00" endTime="2012-07-07T17:05:41.6911008-06:00" testType="13cdc9d9-ddb5-4fa4-a97d-d965ccfc6d4b" outcome="Passed" testListId="8c84fa94-04c1-424b-9868-57a2d4851a1d" relativeResultsDirectory="23229442-911e-43eb-a85c-5b990ad6eb99">
    </UnitTestResult>
    <UnitTestResult executionId="b7b5ede5-3a0f-4af7-aba2-3ff5679b1c32" testId="2495be45-e753-45de-32ff-e2c3eb28668d" testName="Exercise3o3o1" computerName="USSLCL00134" duration="00:00:00.0140770" startTime="2012-07-07T17:05:41.6971011-06:00" endTime="2012-07-07T17:05:41.7211025-06:00" testType="13cdc9d9-ddb5-4fa4-a97d-d965ccfc6d4b" outcome="Passed" testListId="8c84fa94-04c1-424b-9868-57a2d4851a1d" relativeResultsDirectory="b7b5ede5-3a0f-4af7-aba2-3ff5679b1c32">
    </UnitTestResult>
    <UnitTestResult executionId="30e2dd0d-be4a-4b9a-8a88-392dc3df60fa" testId="65483be5-ecd7-0f52-6a6b-f305d0d31089" testName="Exercise3o4o2" computerName="USSLCL00134" duration="00:00:00.0063610" startTime="2012-07-07T17:05:41.7301030-06:00" endTime="2012-07-07T17:05:41.7461039-06:00" testType="13cdc9d9-ddb5-4fa4-a97d-d965ccfc6d4b" outcome="Passed" testListId="8c84fa94-04c1-424b-9868-57a2d4851a1d" relativeResultsDirectory="30e2dd0d-be4a-4b9a-8a88-392dc3df60fa">
    </UnitTestResult>
    <UnitTestResult executionId="1146480f-0159-4c80-8a81-da2a32723e7c" testId="2c0938a7-7ed1-e7a6-af0a-563ef75e9dfc" testName="Exercise3o4o3" computerName="USSLCL00134" duration="00:00:00.0011637" startTime="2012-07-07T17:05:41.7531043-06:00" endTime="2012-07-07T17:05:41.7641050-06:00" testType="13cdc9d9-ddb5-4fa4-a97d-d965ccfc6d4b" outcome="Passed" testListId="8c84fa94-04c1-424b-9868-57a2d4851a1d" relativeResultsDirectory="1146480f-0159-4c80-8a81-da2a32723e7c">
    </UnitTestResult>
    <UnitTestResult executionId="c41e587c-8fb6-4e9c-b0fd-5dc5762e3aa1" testId="3ab0606d-4843-ff36-b97d-0c79e11782f1" testName="Exercise2o1o1" computerName="USSLCL00134" duration="00:00:00.0007980" startTime="2012-07-07T17:05:41.7701053-06:00" endTime="2012-07-07T17:05:41.7811059-06:00" testType="13cdc9d9-ddb5-4fa4-a97d-d965ccfc6d4b" outcome="Passed" testListId="8c84fa94-04c1-424b-9868-57a2d4851a1d" relativeResultsDirectory="c41e587c-8fb6-4e9c-b0fd-5dc5762e3aa1">
    </UnitTestResult>
    <UnitTestResult executionId="7565317b-89c0-47dd-b69f-cf471dde7dbd" testId="e3655047-245b-e2c7-2c26-19e72f979c1d" testName="TestEquation2o13" computerName="USSLCL00134" duration="00:00:00.0004850" startTime="2012-07-07T17:05:41.7871063-06:00" endTime="2012-07-07T17:05:41.7971068-06:00" testType="13cdc9d9-ddb5-4fa4-a97d-d965ccfc6d4b" outcome="Passed" testListId="8c84fa94-04c1-424b-9868-57a2d4851a1d" relativeResultsDirectory="7565317b-89c0-47dd-b69f-cf471dde7dbd">
    </UnitTestResult>
    <UnitTestResult executionId="7bbddd5b-8079-4dc9-910e-b4ee9dc2bc3a" testId="bfd5a48b-9b5c-d7ad-9048-7f444861126c" testName="Exercise2o1o3" computerName="USSLCL00134" duration="00:00:00.0007021" startTime="2012-07-07T17:05:41.8021071-06:00" endTime="2012-07-07T17:05:41.8131078-06:00" testType="13cdc9d9-ddb5-4fa4-a97d-d965ccfc6d4b" outcome="Passed" testListId="8c84fa94-04c1-424b-9868-57a2d4851a1d" relativeResultsDirectory="7bbddd5b-8079-4dc9-910e-b4ee9dc2bc3a">
    </UnitTestResult>
    <UnitTestResult executionId="c5eafd8a-bc21-4f01-8790-20e05582b0d3" testId="7aa98473-1098-0db5-704a-fcb553d21f64" testName="Exercise2o1o4" computerName="USSLCL00134" duration="00:00:00.0005139" startTime="2012-07-07T17:05:41.8201082-06:00" endTime="2012-07-07T17:05:41.8311088-06:00" testType="13cdc9d9-ddb5-4fa4-a97d-d965ccfc6d4b" outcome="Passed" testListId="8c84fa94-04c1-424b-9868-57a2d4851a1d" relativeResultsDirectory="c5eafd8a-bc21-4f01-8790-20e05582b0d3">
    </UnitTestResult>
    <UnitTestResult executionId="7f9acbb7-3bb0-4d50-a320-ba22ddbbe0e6" testId="992a5310-7fd9-eb34-e20d-949f0af01a8f" testName="Exercise2o2o1" computerName="USSLCL00134" duration="00:00:00.0004053" startTime="2012-07-07T17:05:41.8371091-06:00" endTime="2012-07-07T17:05:41.8471097-06:00" testType="13cdc9d9-ddb5-4fa4-a97d-d965ccfc6d4b" outcome="Passed" testListId="8c84fa94-04c1-424b-9868-57a2d4851a1d" relativeResultsDirectory="7f9acbb7-3bb0-4d50-a320-ba22ddbbe0e6">
    </UnitTestResult>
    <UnitTestResult executionId="795c3c87-518a-4f50-8aa3-432397fc8a7f" testId="2b7e328f-6321-4faa-4f85-a74ea89855b4" testName="Exercise2o2o3" computerName="USSLCL00134" duration="00:00:00.0020129" startTime="2012-07-07T17:05:41.8551102-06:00" endTime="2012-07-07T17:05:41.8681109-06:00" testType="13cdc9d9-ddb5-4fa4-a97d-d965ccfc6d4b" outcome="Passed" testListId="8c84fa94-04c1-424b-9868-57a2d4851a1d" relativeResultsDirectory="795c3c87-518a-4f50-8aa3-432397fc8a7f">
    </UnitTestResult>
    <UnitTestResult executionId="c9910936-0855-44a4-aba8-22ca3c93e989" testId="afec4393-b7fa-2c17-aed2-743a831c3492" testName="Exercise2o2o5" computerName="USSLCL00134" duration="00:00:00.0021057" startTime="2012-07-07T17:05:41.8971126-06:00" endTime="2012-07-07T17:05:41.9111134-06:00" testType="13cdc9d9-ddb5-4fa4-a97d-d965ccfc6d4b" outcome="Passed" testListId="8c84fa94-04c1-424b-9868-57a2d4851a1d" relativeResultsDirectory="c9910936-0855-44a4-aba8-22ca3c93e989">
    </UnitTestResult>
    <UnitTestResult executionId="b0b7e71f-509c-4dfe-b1f8-1796310d393e" testId="183ae838-6eb2-ddd1-fc18-d3ab32673286" testName="Exercise2o2o6" computerName="USSLCL00134" duration="00:00:00.0207214" startTime="2012-07-07T17:05:41.9201139-06:00" endTime="2012-07-07T17:05:41.9511157-06:00" testType="13cdc9d9-ddb5-4fa4-a97d-d965ccfc6d4b" outcome="Passed" testListId="8c84fa94-04c1-424b-9868-57a2d4851a1d" relativeResultsDirectory="b0b7e71f-509c-4dfe-b1f8-1796310d393e">
    </UnitTestResult>
    <UnitTestResult executionId="11f7347a-ff3d-4369-96b2-8e330e06de57" testId="0a0f56e1-2426-9c27-75c5-72e83aa4f18c" testName="Exercise2o2o8" computerName="USSLCL00134" duration="00:00:00.0018708" startTime="2012-07-07T17:05:41.9601162-06:00" endTime="2012-07-07T17:05:41.9721169-06:00" testType="13cdc9d9-ddb5-4fa4-a97d-d965ccfc6d4b" outcome="Passed" testListId="8c84fa94-04c1-424b-9868-57a2d4851a1d" relativeResultsDirectory="11f7347a-ff3d-4369-96b2-8e330e06de57">
    </UnitTestResult>
    <UnitTestResult executionId="badd0610-e3e9-45de-a88b-d88f16fef2fd" testId="6ffdc6d3-cefb-3296-5e75-ac13fe3afd03" testName="Exercise2o2o9" computerName="USSLCL00134" duration="00:00:00.0083639" startTime="2012-07-07T17:05:41.9801173-06:00" endTime="2012-07-07T17:05:41.9991184-06:00" testType="13cdc9d9-ddb5-4fa4-a97d-d965ccfc6d4b" outcome="Passed" testListId="8c84fa94-04c1-424b-9868-57a2d4851a1d" relativeResultsDirectory="badd0610-e3e9-45de-a88b-d88f16fef2fd">
    </UnitTestResult>
    <UnitTestResult executionId="4793beb3-220f-46e8-af00-0d67a9e2f4a6" testId="2940acf1-9b67-2da0-4ad9-484d74cbdbc9" testName="Example2o3o5" computerName="USSLCL00134" duration="00:00:00.0012314" startTime="2012-07-07T17:05:42.0101190-06:00" endTime="2012-07-07T17:05:42.0231198-06:00" testType="13cdc9d9-ddb5-4fa4-a97d-d965ccfc6d4b" outcome="Passed" testListId="8c84fa94-04c1-424b-9868-57a2d4851a1d" relativeResultsDirectory="4793beb3-220f-46e8-af00-0d67a9e2f4a6">
    </UnitTestResult>
    <UnitTestResult executionId="9071a16d-2b29-4d03-a60a-98fcdd8830f1" testId="f4a6d75b-22de-c9be-71c8-5150c846f601" testName="Example2o3o3" computerName="USSLCL00134" duration="00:00:00.0006286" startTime="2012-07-07T17:05:42.0291201-06:00" endTime="2012-07-07T17:05:42.0401207-06:00" testType="13cdc9d9-ddb5-4fa4-a97d-d965ccfc6d4b" outcome="Passed" testListId="8c84fa94-04c1-424b-9868-57a2d4851a1d" relativeResultsDirectory="9071a16d-2b29-4d03-a60a-98fcdd8830f1">
    </UnitTestResult>
    <UnitTestResult executionId="78fec8b1-02de-4ae6-ba25-7c8deb1c4420" testId="06f73701-65f7-da2b-e94f-6c850186d97a" testName="Exercise2o4o1" computerName="USSLCL00134" duration="00:00:00.0013015" startTime="2012-07-07T17:05:42.0461211-06:00" endTime="2012-07-07T17:05:42.0581218-06:00" testType="13cdc9d9-ddb5-4fa4-a97d-d965ccfc6d4b" outcome="Passed" testListId="8c84fa94-04c1-424b-9868-57a2d4851a1d" relativeResultsDirectory="78fec8b1-02de-4ae6-ba25-7c8deb1c4420">
    </UnitTestResult>
    <UnitTestResult executionId="a41bc3e6-cdc7-4d6f-b394-82e99f6a71dc" testId="c75fc2ac-fde7-2038-d9a8-d86e951811a0" testName="Exercise2o4o3" computerName="USSLCL00134" duration="00:00:00.0024186" startTime="2012-07-07T17:05:42.0651222-06:00" endTime="2012-07-07T17:05:42.0781229-06:00" testType="13cdc9d9-ddb5-4fa4-a97d-d965ccfc6d4b" outcome="Passed" testListId="8c84fa94-04c1-424b-9868-57a2d4851a1d" relativeResultsDirectory="a41bc3e6-cdc7-4d6f-b394-82e99f6a71dc">
    </UnitTestResult>
    <UnitTestResult executionId="1bf92071-8a78-4e82-a59a-959172867c53" testId="cf3f4348-6cc3-43d1-c760-65208684009c" testName="Exercise2o4o5" computerName="USSLCL00134" duration="00:00:00.0009658" startTime="2012-07-07T17:05:42.0851233-06:00" endTime="2012-07-07T17:05:42.0961239-06:00" testType="13cdc9d9-ddb5-4fa4-a97d-d965ccfc6d4b" outcome="Passed" testListId="8c84fa94-04c1-424b-9868-57a2d4851a1d" relativeResultsDirectory="1bf92071-8a78-4e82-a59a-959172867c53">
    </UnitTestResult>
    <UnitTestResult executionId="5e9115e0-96ca-4424-8e64-ec4862a87f7c" testId="70b0a96d-aaac-2125-44fa-4f6d63eb62a7" testName="Exercise2o4o6" computerName="USSLCL00134" duration="00:00:00.0007495" startTime="2012-07-07T17:05:42.1011242-06:00" endTime="2012-07-07T17:05:42.1121249-06:00" testType="13cdc9d9-ddb5-4fa4-a97d-d965ccfc6d4b" outcome="Passed" testListId="8c84fa94-04c1-424b-9868-57a2d4851a1d" relativeResultsDirectory="5e9115e0-96ca-4424-8e64-ec4862a87f7c">
    </UnitTestResult>
    <UnitTestResult executionId="b5117b0a-4077-43ee-a666-379abd76dea0" testId="704f985a-5aa6-9a9c-79d7-6d97e84b7f0f" testName="Exercise2o4o7" computerName="USSLCL00134" duration="00:00:00.0006386" startTime="2012-07-07T17:05:42.1191253-06:00" endTime="2012-07-07T17:05:42.1311259-06:00" testType="13cdc9d9-ddb5-4fa4-a97d-d965ccfc6d4b" outcome="Passed" testListId="8c84fa94-04c1-424b-9868-57a2d4851a1d" relativeResultsDirectory="b5117b0a-4077-43ee-a666-379abd76dea0">
    </UnitTestResult>
    <UnitTestResult executionId="762d6090-add4-4ff3-a892-ba42c84694e1" testId="df9d4979-ebf4-48fa-eaa6-d378215805ce" testName="Exercise2o4o8" computerName="USSLCL00134" duration="00:00:00.0009339" startTime="2012-07-07T17:05:42.1371263-06:00" endTime="2012-07-07T17:05:42.1481269-06:00" testType="13cdc9d9-ddb5-4fa4-a97d-d965ccfc6d4b" outcome="Passed" testListId="8c84fa94-04c1-424b-9868-57a2d4851a1d" relativeResultsDirectory="762d6090-add4-4ff3-a892-ba42c84694e1">
    </UnitTestResult>
    <UnitTestResult executionId="670bbe98-ab2a-4086-b112-6b7fe332e2a9" testId="715ebd6e-8b82-0185-36f5-00ae9c6bc485" testName="Exercise2o5o1" computerName="USSLCL00134" duration="00:00:00.0015837" startTime="2012-07-07T17:05:42.1541273-06:00" endTime="2012-07-07T17:05:42.1661279-06:00" testType="13cdc9d9-ddb5-4fa4-a97d-d965ccfc6d4b" outcome="Passed" testListId="8c84fa94-04c1-424b-9868-57a2d4851a1d" relativeResultsDirectory="670bbe98-ab2a-4086-b112-6b7fe332e2a9">
    </UnitTestResult>
    <UnitTestResult executionId="925a94cc-c2a5-4afc-82b5-02380050eace" testId="bfd8552d-cec2-9ab5-c397-fd0fb67479e8" testName="Exercise2o6o1" computerName="USSLCL00134" duration="00:00:00.0006486" startTime="2012-07-07T17:05:42.1721283-06:00" endTime="2012-07-07T17:05:42.1831289-06:00" testType="13cdc9d9-ddb5-4fa4-a97d-d965ccfc6d4b" outcome="Passed" testListId="8c84fa94-04c1-424b-9868-57a2d4851a1d" relativeResultsDirectory="925a94cc-c2a5-4afc-82b5-02380050eace">
    </UnitTestResult>
    <UnitTestResult executionId="4cf3d830-6175-4ebb-b1f1-f8b52aa5e7dc" testId="ee944308-05a6-64ab-5bf9-f0a0e7c8737a" testName="Exercise2o6o5" computerName="USSLCL00134" duration="00:00:00.0016222" startTime="2012-07-07T17:05:42.1891293-06:00" endTime="2012-07-07T17:05:42.2011300-06:00" testType="13cdc9d9-ddb5-4fa4-a97d-d965ccfc6d4b" outcome="Passed" testListId="8c84fa94-04c1-424b-9868-57a2d4851a1d" relativeResultsDirectory="4cf3d830-6175-4ebb-b1f1-f8b52aa5e7dc">
    </UnitTestResult>
    <UnitTestResult executionId="f04c6f38-7b67-4f40-96fb-12ec6968ef09" testId="0627374f-baab-d288-a8a5-3146f1936a2d" testName="Exercise2o6o6" computerName="USSLCL00134" duration="00:00:00.0023694" startTime="2012-07-07T17:05:42.2091304-06:00" endTime="2012-07-07T17:05:42.2221312-06:00" testType="13cdc9d9-ddb5-4fa4-a97d-d965ccfc6d4b" outcome="Passed" testListId="8c84fa94-04c1-424b-9868-57a2d4851a1d" relativeResultsDirectory="f04c6f38-7b67-4f40-96fb-12ec6968ef09">
    </UnitTestResult>
    <UnitTestResult executionId="05192bca-9f7f-4607-94c4-62f78522b232" testId="f1d86270-c9d8-c961-65be-24cc50d1fc4b" testName="Exercise2o6o8" computerName="USSLCL00134" duration="00:00:00.0025060" startTime="2012-07-07T17:05:42.2291316-06:00" endTime="2012-07-07T17:05:42.2421323-06:00" testType="13cdc9d9-ddb5-4fa4-a97d-d965ccfc6d4b" outcome="Passed" testListId="8c84fa94-04c1-424b-9868-57a2d4851a1d" relativeResultsDirectory="05192bca-9f7f-4607-94c4-62f78522b232">
    </UnitTestResult>
    <UnitTestResult executionId="178eda2d-9504-41fc-93a3-c64f7d576846" testId="9c8a3a37-92aa-2f07-2535-a6f269371959" testName="Exercise2o6o9" computerName="USSLCL00134" duration="00:00:00.0046229" startTime="2012-07-07T17:05:42.2521329-06:00" endTime="2012-07-07T17:05:42.2681338-06:00" testType="13cdc9d9-ddb5-4fa4-a97d-d965ccfc6d4b" outcome="Passed" testListId="8c84fa94-04c1-424b-9868-57a2d4851a1d" relativeResultsDirectory="178eda2d-9504-41fc-93a3-c64f7d576846">
    </UnitTestResult>
    <UnitTestResult executionId="6c48a448-70ba-409b-ae7c-8167a6162156" testId="3aefb9d4-9cc0-272d-dc50-69446f55302e" testName="Exercise2o7o1" computerName="USSLCL00134" duration="00:00:00.0014886" startTime="2012-07-07T17:05:42.2741341-06:00" endTime="2012-07-07T17:05:42.2861348-06:00" testType="13cdc9d9-ddb5-4fa4-a97d-d965ccfc6d4b" outcome="Passed" testListId="8c84fa94-04c1-424b-9868-57a2d4851a1d" relativeResultsDirectory="6c48a448-70ba-409b-ae7c-8167a6162156">
    </UnitTestResult>
    <UnitTestResult executionId="1eeaecaf-c8c4-4423-b1df-100d7a01ccd1" testId="fcfa95f2-720f-8082-c577-4f9e22c76102" testName="Exercise2o7o3" computerName="USSLCL00134" duration="00:00:00.0117954" startTime="2012-07-07T17:05:42.2921352-06:00" endTime="2012-07-07T17:05:42.3141364-06:00" testType="13cdc9d9-ddb5-4fa4-a97d-d965ccfc6d4b" outcome="Passed" testListId="8c84fa94-04c1-424b-9868-57a2d4851a1d" relativeResultsDirectory="1eeaecaf-c8c4-4423-b1df-100d7a01ccd1">
    </UnitTestResult>
    <UnitTestResult executionId="9ddf056d-4993-4ba8-a311-82ec606cdece" testId="ae083652-0bf7-c673-dce4-870a432603ee" testName="Exercise2o7o4" computerName="USSLCL00134" duration="00:00:00.0016075" startTime="2012-07-07T17:05:42.3201368-06:00" endTime="2012-07-07T17:05:42.3321374-06:00" testType="13cdc9d9-ddb5-4fa4-a97d-d965ccfc6d4b" outcome="Passed" testListId="8c84fa94-04c1-424b-9868-57a2d4851a1d" relativeResultsDirectory="9ddf056d-4993-4ba8-a311-82ec606cdece">
    </UnitTestResult>
    <UnitTestResult executionId="c2f38e24-3819-4aeb-864c-62a1a386b290" testId="c028a664-47e7-d1e0-a29b-c2782421ecca" testName="Exercise2o7o5" computerName="USSLCL00134" duration="00:00:00.0014089" startTime="2012-07-07T17:05:42.3391378-06:00" endTime="2012-07-07T17:05:42.3511385-06:00" testType="13cdc9d9-ddb5-4fa4-a97d-d965ccfc6d4b" outcome="Passed" testListId="8c84fa94-04c1-424b-9868-57a2d4851a1d" relativeResultsDirectory="c2f38e24-3819-4aeb-864c-62a1a386b290">
    </UnitTestResult>
    <UnitTestResult executionId="4262f361-dad7-4b50-ba8c-b0cbd7f9cfad" testId="b02641ef-4dbb-1d38-fc9f-e1bd29220c37" testName="Exercise2o7o7" computerName="USSLCL00134" duration="00:00:00.0021919" startTime="2012-07-07T17:05:42.3571389-06:00" endTime="2012-07-07T17:05:42.3691396-06:00" testType="13cdc9d9-ddb5-4fa4-a97d-d965ccfc6d4b" outcome="Passed" testListId="8c84fa94-04c1-424b-9868-57a2d4851a1d" relativeResultsDirectory="4262f361-dad7-4b50-ba8c-b0cbd7f9cfad">
    </UnitTestResult>
    <UnitTestResult executionId="949b2f39-9aea-4395-81de-c79677f54aa2" testId="f2c9598d-6c11-6ff1-ac6e-8c319ed45aad" testName="Exercise2o7o9" computerName="USSLCL00134" duration="00:00:00.0013404" startTime="2012-07-07T17:05:42.3761400-06:00" endTime="2012-07-07T17:05:42.3871406-06:00" testType="13cdc9d9-ddb5-4fa4-a97d-d965ccfc6d4b" outcome="Passed" testListId="8c84fa94-04c1-424b-9868-57a2d4851a1d" relativeResultsDirectory="949b2f39-9aea-4395-81de-c79677f54aa2">
    </UnitTestResult>
    <UnitTestResult executionId="dac2e4b0-f74a-45aa-a90d-0e7b6bfef6e0" testId="c93ffe48-5243-dfb2-8a93-461c879cf606" testName="ZeroTest" computerName="USSLCL00134" duration="00:00:00.0003225" startTime="2012-07-07T17:05:42.3931409-06:00" endTime="2012-07-07T17:05:42.4031415-06:00" testType="13cdc9d9-ddb5-4fa4-a97d-d965ccfc6d4b" outcome="Passed" testListId="8c84fa94-04c1-424b-9868-57a2d4851a1d" relativeResultsDirectory="dac2e4b0-f74a-45aa-a90d-0e7b6bfef6e0">
    </UnitTestResult>
    <UnitTestResult executionId="bc8eb4ef-de04-49dc-98aa-8bbc5142d667" testId="bc5ed1ac-46cb-3ce7-5958-bc8141b19b62" testName="OneTest" computerName="USSLCL00134" duration="00:00:00.0002517" startTime="2012-07-07T17:05:42.4101419-06:00" endTime="2012-07-07T17:05:42.4211425-06:00" testType="13cdc9d9-ddb5-4fa4-a97d-d965ccfc6d4b" outcome="Passed" testListId="8c84fa94-04c1-424b-9868-57a2d4851a1d" relativeResultsDirectory="bc8eb4ef-de04-49dc-98aa-8bbc5142d667">
    </UnitTestResult>
    <UnitTestResult executionId="bf6390d8-13b8-4cc0-8d22-b6223a24b742" testId="e817df08-1352-7924-6f37-9159ad0539e6" testName="NegativeOneTest" computerName="USSLCL00134" duration="00:00:00.0003356" startTime="2012-07-07T17:05:42.4271429-06:00" endTime="2012-07-07T17:05:42.4381435-06:00" testType="13cdc9d9-ddb5-4fa4-a97d-d965ccfc6d4b" outcome="Passed" testListId="8c84fa94-04c1-424b-9868-57a2d4851a1d" relativeResultsDirectory="bf6390d8-13b8-4cc0-8d22-b6223a24b742">
    </UnitTestResult>
    <UnitTestResult executionId="513548a7-7b1d-46ef-859f-65302aa28818" testId="2705846c-0b46-907b-6d14-254e6bc6494a" testName="NegativeITest" computerName="USSLCL00134" duration="00:00:00.0002475" startTime="2012-07-07T17:05:42.4431438-06:00" endTime="2012-07-07T17:05:42.4751456-06:00" testType="13cdc9d9-ddb5-4fa4-a97d-d965ccfc6d4b" outcome="Passed" testListId="8c84fa94-04c1-424b-9868-57a2d4851a1d" relativeResultsDirectory="513548a7-7b1d-46ef-859f-65302aa28818">
    </UnitTestResult>
    <UnitTestResult executionId="3fcfe574-2918-41fe-b021-64d206731cb4" testId="c184168b-7b90-1c26-9870-9e31f6f1dde3" testName="RealTest" computerName="USSLCL00134" duration="00:00:00.0003229" startTime="2012-07-07T17:05:42.4941467-06:00" endTime="2012-07-07T17:05:42.5131478-06:00" testType="13cdc9d9-ddb5-4fa4-a97d-d965ccfc6d4b" outcome="Passed" testListId="8c84fa94-04c1-424b-9868-57a2d4851a1d" relativeResultsDirectory="3fcfe574-2918-41fe-b021-64d206731cb4">
    </UnitTestResult>
    <UnitTestResult executionId="17403980-dfb9-4330-b2d5-7c13f3d83bb5" testId="f2fd9c40-ebed-2a46-34fc-5586a484fe11" testName="ImaginaryTest" computerName="USSLCL00134" duration="00:00:00.0003618" startTime="2012-07-07T17:05:42.5211483-06:00" endTime="2012-07-07T17:05:42.5381492-06:00" testType="13cdc9d9-ddb5-4fa4-a97d-d965ccfc6d4b" outcome="Passed" testListId="8c84fa94-04c1-424b-9868-57a2d4851a1d" relativeResultsDirectory="17403980-dfb9-4330-b2d5-7c13f3d83bb5">
    </UnitTestResult>
    <UnitTestResult executionId="e0657d2a-864f-4e0d-9599-32fc5d540e13" testId="48d6f10d-3141-2ae9-4d33-c4a338f334ee" testName="ITest" computerName="USSLCL00134" duration="00:00:00.0003118" startTime="2012-07-07T17:05:42.5501499-06:00" endTime="2012-07-07T17:05:42.5651508-06:00" testType="13cdc9d9-ddb5-4fa4-a97d-d965ccfc6d4b" outcome="Passed" testListId="8c84fa94-04c1-424b-9868-57a2d4851a1d" relativeResultsDirectory="e0657d2a-864f-4e0d-9599-32fc5d540e13">
    </UnitTestResult>
    <UnitTestResult executionId="1a949e21-5e1e-4172-9161-836290af160f" testId="728da468-f507-e742-b2ad-f61f3c2f234c" testName="op_AdditionTest" computerName="USSLCL00134" duration="00:00:00.0005901" startTime="2012-07-07T17:05:42.5731512-06:00" endTime="2012-07-07T17:05:42.5881521-06:00" testType="13cdc9d9-ddb5-4fa4-a97d-d965ccfc6d4b" outcome="Passed" testListId="8c84fa94-04c1-424b-9868-57a2d4851a1d" relativeResultsDirectory="1a949e21-5e1e-4172-9161-836290af160f">
    </UnitTestResult>
    <UnitTestResult executionId="912bc042-5400-43d2-aaac-c242b12047a2" testId="e6cae91e-3af9-1d6d-3935-2160925e38e7" testName="ToStringTest" computerName="USSLCL00134" duration="00:00:00.0004134" startTime="2012-07-07T17:05:42.5991527-06:00" endTime="2012-07-07T17:05:42.6081532-06:00" testType="13cdc9d9-ddb5-4fa4-a97d-d965ccfc6d4b" outcome="Passed" testListId="8c84fa94-04c1-424b-9868-57a2d4851a1d" relativeResultsDirectory="912bc042-5400-43d2-aaac-c242b12047a2">
    </UnitTestResult>
    <UnitTestResult executionId="1363ea8b-f00e-414b-9bda-1b829c439954" testId="a2a281b6-476e-eb5a-45e5-afa89a5fb8b5" testName="op_MultiplyTest" computerName="USSLCL00134" duration="00:00:00.0004092" startTime="2012-07-07T17:05:42.6181538-06:00" endTime="2012-07-07T17:05:42.6271543-06:00" testType="13cdc9d9-ddb5-4fa4-a97d-d965ccfc6d4b" outcome="Passed" testListId="8c84fa94-04c1-424b-9868-57a2d4851a1d" relativeResultsDirectory="1363ea8b-f00e-414b-9bda-1b829c439954">
    </UnitTestResult>
    <UnitTestResult executionId="13a218e4-2982-4dd7-b9b4-7a3f816b56ff" testId="8071e8fe-9b4b-2580-cbc1-7f7b5fdb3e47" testName="op_DivisionTest" computerName="USSLCL00134" duration="00:00:00.0005443" startTime="2012-07-07T17:05:42.6331547-06:00" endTime="2012-07-07T17:05:42.6411551-06:00" testType="13cdc9d9-ddb5-4fa4-a97d-d965ccfc6d4b" outcome="Passed" testListId="8c84fa94-04c1-424b-9868-57a2d4851a1d" relativeResultsDirectory="13a218e4-2982-4dd7-b9b4-7a3f816b56ff">
    </UnitTestResult>
    <UnitTestResult executionId="bafd40b2-65bd-4abd-a5e7-2c888ef70ed7" testId="85bc1fba-aa1e-c1ef-9000-a508e9350978" testName="ModulusTest" computerName="USSLCL00134" duration="00:00:00.0002702" startTime="2012-07-07T17:05:42.6481555-06:00" endTime="2012-07-07T17:05:42.6581561-06:00" testType="13cdc9d9-ddb5-4fa4-a97d-d965ccfc6d4b" outcome="Passed" testListId="8c84fa94-04c1-424b-9868-57a2d4851a1d" relativeResultsDirectory="bafd40b2-65bd-4abd-a5e7-2c888ef70ed7">
    </UnitTestResult>
    <UnitTestResult executionId="cce31bef-db2f-426b-b0f4-466d64826062" testId="d1e32dc2-f33f-5363-4a8c-0ea170a9c822" testName="ConjugateTest" computerName="USSLCL00134" duration="00:00:00.0002633" startTime="2012-07-07T17:05:42.6641564-06:00" endTime="2012-07-07T17:05:42.6731569-06:00" testType="13cdc9d9-ddb5-4fa4-a97d-d965ccfc6d4b" outcome="Passed" testListId="8c84fa94-04c1-424b-9868-57a2d4851a1d" relativeResultsDirectory="cce31bef-db2f-426b-b0f4-466d64826062">
    </UnitTestResult>
    <UnitTestResult executionId="f84e8553-1715-492b-a53c-f74e6c0c8f57" testId="aaa025c4-539f-dc62-f50b-af3c4325c449" testName="GetAngleTest" computerName="USSLCL00134" duration="00:00:00.0004099" startTime="2012-07-07T17:05:42.6791573-06:00" endTime="2012-07-07T17:05:42.6881578-06:00" testType="13cdc9d9-ddb5-4fa4-a97d-d965ccfc6d4b" outcome="Passed" testListId="8c84fa94-04c1-424b-9868-57a2d4851a1d" relativeResultsDirectory="f84e8553-1715-492b-a53c-f74e6c0c8f57">
    </UnitTestResult>
    <UnitTestResult executionId="1a9255c2-12ed-4181-a07c-7988314c73d2" testId="9e43b977-3c91-5be2-de15-4f95a8e1f8c7" testName="GetAngleDegreesTest" computerName="USSLCL00134" duration="00:00:00.0003880" startTime="2012-07-07T17:05:42.6951582-06:00" endTime="2012-07-07T17:05:42.7041587-06:00" testType="13cdc9d9-ddb5-4fa4-a97d-d965ccfc6d4b" outcome="Passed" testListId="8c84fa94-04c1-424b-9868-57a2d4851a1d" relativeResultsDirectory="1a9255c2-12ed-4181-a07c-7988314c73d2">
    </UnitTestResult>
    <UnitTestResult executionId="e83b0c91-6e0c-4590-8835-d7fd5063b254" testId="5783bddb-fec7-d995-a012-a4ea9e07bdbd" testName="SetPolarCoordinatesTest" computerName="USSLCL00134" duration="00:00:00.0004242" startTime="2012-07-07T17:05:42.7091590-06:00" endTime="2012-07-07T17:05:42.7181595-06:00" testType="13cdc9d9-ddb5-4fa4-a97d-d965ccfc6d4b" outcome="Passed" testListId="8c84fa94-04c1-424b-9868-57a2d4851a1d" relativeResultsDirectory="e83b0c91-6e0c-4590-8835-d7fd5063b254">
    </UnitTestResult>
    <UnitTestResult executionId="ab0fb7f7-26f8-4c9c-a8ef-502ea67d00f3" testId="7f3420a7-c01c-ee16-8a61-460ee76e48af" testName="SetCartesianCoordinatesTest" computerName="USSLCL00134" duration="00:00:00.0003718" startTime="2012-07-07T17:05:42.7241599-06:00" endTime="2012-07-07T17:05:42.7331604-06:00" testType="13cdc9d9-ddb5-4fa4-a97d-d965ccfc6d4b" outcome="Passed" testListId="8c84fa94-04c1-424b-9868-57a2d4851a1d" relativeResultsDirectory="ab0fb7f7-26f8-4c9c-a8ef-502ea67d00f3">
    </UnitTestResult>
    <UnitTestResult executionId="42c77fc4-466a-4990-8692-560054e98ee0" testId="cad52bb7-add3-40f2-d3bf-b3532e5f7a63" testName="DivideTest" computerName="USSLCL00134" duration="00:00:00.0004811" startTime="2012-07-07T17:05:42.7391607-06:00" endTime="2012-07-07T17:05:42.7481612-06:00" testType="13cdc9d9-ddb5-4fa4-a97d-d965ccfc6d4b" outcome="Passed" testListId="8c84fa94-04c1-424b-9868-57a2d4851a1d" relativeResultsDirectory="42c77fc4-466a-4990-8692-560054e98ee0">
    </UnitTestResult>
    <UnitTestResult executionId="4309ed59-79b7-4ba8-9ea6-e1e05e1b717c" testId="2461313c-95d1-07bf-c932-ab214f8a619b" testName="op_PowerTest" computerName="USSLCL00134" duration="00:00:00.0004330" startTime="2012-07-07T17:05:42.7561617-06:00" endTime="2012-07-07T17:05:42.7651622-06:00" testType="13cdc9d9-ddb5-4fa4-a97d-d965ccfc6d4b" outcome="Passed" testListId="8c84fa94-04c1-424b-9868-57a2d4851a1d" relativeResultsDirectory="4309ed59-79b7-4ba8-9ea6-e1e05e1b717c">
    </UnitTestResult>
    <UnitTestResult executionId="92c03d31-f919-42dc-aa46-9abe5ebf4b80" testId="b88b9ca8-ba65-70cd-81ce-345ab5fb1d53" testName="RootTest" computerName="USSLCL00134" duration="00:00:00.0006682" startTime="2012-07-07T17:05:42.7711626-06:00" endTime="2012-07-07T17:05:42.7821632-06:00" testType="13cdc9d9-ddb5-4fa4-a97d-d965ccfc6d4b" outcome="Passed" testListId="8c84fa94-04c1-424b-9868-57a2d4851a1d" relativeResultsDirectory="92c03d31-f919-42dc-aa46-9abe5ebf4b80">
    </UnitTestResult>
    <UnitTestResult executionId="538901bc-dbd5-405e-8052-3968fd36a025" testId="fb89f0d9-b250-f580-809f-a6350fa8fd66" testName="PolarCoordinatesTest" computerName="USSLCL00134" duration="00:00:00.0004496" startTime="2012-07-07T17:05:42.7901636-06:00" endTime="2012-07-07T17:05:42.7991642-06:00" testType="13cdc9d9-ddb5-4fa4-a97d-d965ccfc6d4b" outcome="Passed" testListId="8c84fa94-04c1-424b-9868-57a2d4851a1d" relativeResultsDirectory="538901bc-dbd5-405e-8052-3968fd36a025">
    </UnitTestResult>
    <UnitTestResult executionId="bd1a5079-4f47-4f51-8658-65530924cbba" testId="33874d17-d7f8-330a-d70a-23c0ca497170" testName="CartesianCoordinatesTest" computerName="USSLCL00134" duration="00:00:00.0005085" startTime="2012-07-07T17:05:42.8061646-06:00" endTime="2012-07-07T17:05:42.8161651-06:00" testType="13cdc9d9-ddb5-4fa4-a97d-d965ccfc6d4b" outcome="Passed" testListId="8c84fa94-04c1-424b-9868-57a2d4851a1d" relativeResultsDirectory="bd1a5079-4f47-4f51-8658-65530924cbba">
    </UnitTestResult>
    <UnitTestResult executionId="51ab9308-8a6f-4677-a740-4db912744120" testId="64c1c071-8523-ad97-417a-c762f98be0b4" testName="ExponentialFormTest" computerName="USSLCL00134" duration="00:00:00.0004646" startTime="2012-07-07T17:05:42.8211654-06:00" endTime="2012-07-07T17:05:42.8311660-06:00" testType="13cdc9d9-ddb5-4fa4-a97d-d965ccfc6d4b" outcome="Passed" testListId="8c84fa94-04c1-424b-9868-57a2d4851a1d" relativeResultsDirectory="51ab9308-8a6f-4677-a740-4db912744120">
    </UnitTestResult>
    <UnitTestResult executionId="8a021dfa-62c1-4bf1-af73-0b8ce401aede" testId="7892f007-71df-5c3b-ebcf-6ef2c37fadc0" testName="op_SubtractionTest" computerName="USSLCL00134" duration="00:00:00.0004388" startTime="2012-07-07T17:05:42.8381664-06:00" endTime="2012-07-07T17:05:42.8471669-06:00" testType="13cdc9d9-ddb5-4fa4-a97d-d965ccfc6d4b" outcome="Passed" testListId="8c84fa94-04c1-424b-9868-57a2d4851a1d" relativeResultsDirectory="8a021dfa-62c1-4bf1-af73-0b8ce401aede">
    </UnitTestResult>
    <UnitTestResult executionId="6b162a49-9de0-4152-92c2-cae0988b92af" testId="a250f3fb-9de6-3396-c0f7-a3dadfe0ee2c" testName="op_MultiplyTest1" computerName="USSLCL00134" duration="00:00:00.0002706" startTime="2012-07-07T17:05:42.8581675-06:00" endTime="2012-07-07T17:05:42.8671680-06:00" testType="13cdc9d9-ddb5-4fa4-a97d-d965ccfc6d4b" outcome="Passed" testListId="8c84fa94-04c1-424b-9868-57a2d4851a1d" relativeResultsDirectory="6b162a49-9de0-4152-92c2-cae0988b92af">
    </UnitTestResult>
    <UnitTestResult executionId="837debde-4da6-4819-bb11-fb067b084b13" testId="6453b38b-95cb-b6aa-9375-25acdc4c2487" testName="op_MultiplyTest2" computerName="USSLCL00134" duration="00:00:00.0003699" startTime="2012-07-07T17:05:42.8731684-06:00" endTime="2012-07-07T17:05:42.8841690-06:00" testType="13cdc9d9-ddb5-4fa4-a97d-d965ccfc6d4b" outcome="Passed" testListId="8c84fa94-04c1-424b-9868-57a2d4851a1d" relativeResultsDirectory="837debde-4da6-4819-bb11-fb067b084b13">
    </UnitTestResult>
    <UnitTestResult executionId="58944536-99ca-4547-935f-9a8fb32d01cb" testId="7f620adb-a555-cf8e-6039-9aba1a009772" testName="InnerProductTest" computerName="USSLCL00134" duration="00:00:00.0004346" startTime="2012-07-07T17:05:42.8891693-06:00" endTime="2012-07-07T17:05:42.8991699-06:00" testType="13cdc9d9-ddb5-4fa4-a97d-d965ccfc6d4b" outcome="Passed" testListId="8c84fa94-04c1-424b-9868-57a2d4851a1d" relativeResultsDirectory="58944536-99ca-4547-935f-9a8fb32d01cb">
    </UnitTestResult>
    <UnitTestResult executionId="fcbc4d5b-6be0-4577-92c4-8c27f3b28702" testId="2c5f1bbd-c340-38e3-42f3-b2209263335f" testName="Exercise1o2o3" computerName="USSLCL00134" duration="00:00:00.0003603" startTime="2012-07-07T17:05:42.9051702-06:00" endTime="2012-07-07T17:05:42.9141707-06:00" testType="13cdc9d9-ddb5-4fa4-a97d-d965ccfc6d4b" outcome="Passed" testListId="8c84fa94-04c1-424b-9868-57a2d4851a1d" relativeResultsDirectory="fcbc4d5b-6be0-4577-92c4-8c27f3b28702">
    </UnitTestResult>
    <UnitTestResult executionId="6f3cd45e-e171-45f0-b898-fb1fc3830cf2" testId="afbb9659-a5fc-9266-3d62-d7f0d8dcbab6" testName="Exercise1o2o4" computerName="USSLCL00134" duration="00:00:00.0002452" startTime="2012-07-07T17:05:42.9191710-06:00" endTime="2012-07-07T17:05:42.9281715-06:00" testType="13cdc9d9-ddb5-4fa4-a97d-d965ccfc6d4b" outcome="Passed" testListId="8c84fa94-04c1-424b-9868-57a2d4851a1d" relativeResultsDirectory="6f3cd45e-e171-45f0-b898-fb1fc3830cf2">
    </UnitTestResult>
    <UnitTestResult executionId="024cb37d-dab8-4b20-a842-07d8718ce47f" testId="511a4f61-ce89-55d2-60bf-217e67e9f532" testName="Exercise1o2o12" computerName="USSLCL00134" duration="00:00:00.0003406" startTime="2012-07-07T17:05:42.9331718-06:00" endTime="2012-07-07T17:05:42.9421723-06:00" testType="13cdc9d9-ddb5-4fa4-a97d-d965ccfc6d4b" outcome="Passed" testListId="8c84fa94-04c1-424b-9868-57a2d4851a1d" relativeResultsDirectory="024cb37d-dab8-4b20-a842-07d8718ce47f">
    </UnitTestResult>
    <UnitTestResult executionId="1a16c6d7-1262-4939-a3d0-b4506acc5994" testId="69c0b0c9-79e3-762b-51b3-d77e96aed020" testName="Exercise1o3o2" computerName="USSLCL00134" duration="00:00:00.0003006" startTime="2012-07-07T17:05:42.9471726-06:00" endTime="2012-07-07T17:05:42.9561731-06:00" testType="13cdc9d9-ddb5-4fa4-a97d-d965ccfc6d4b" outcome="Passed" testListId="8c84fa94-04c1-424b-9868-57a2d4851a1d" relativeResultsDirectory="1a16c6d7-1262-4939-a3d0-b4506acc5994">
    </UnitTestResult>
    <UnitTestResult executionId="14f924b6-de56-4a34-aaa6-e3f8b077520b" testId="70274760-027a-23e7-88b1-7688da4db4eb" testName="Exercise1o3o3" computerName="USSLCL00134" duration="00:00:00.0004053" startTime="2012-07-07T17:05:42.9801745-06:00" endTime="2012-07-07T17:05:42.9951754-06:00" testType="13cdc9d9-ddb5-4fa4-a97d-d965ccfc6d4b" outcome="Passed" testListId="8c84fa94-04c1-424b-9868-57a2d4851a1d" relativeResultsDirectory="14f924b6-de56-4a34-aaa6-e3f8b077520b">
    </UnitTestResult>
    <UnitTestResult executionId="e5e7c22e-a5f1-4386-8297-5e3a84c94593" testId="07679b95-0c77-33dd-c8d5-e1376510063a" testName="Exercise1o3o4" computerName="USSLCL00134" duration="00:00:00.0006555" startTime="2012-07-07T17:05:43.0051759-06:00" endTime="2012-07-07T17:05:43.0211769-06:00" testType="13cdc9d9-ddb5-4fa4-a97d-d965ccfc6d4b" outcome="Passed" testListId="8c84fa94-04c1-424b-9868-57a2d4851a1d" relativeResultsDirectory="e5e7c22e-a5f1-4386-8297-5e3a84c94593">
    </UnitTestResult>
    <UnitTestResult executionId="a3b0f023-4686-4dc9-af03-c7459a0ee3e9" testId="b3de0653-64d2-8615-b480-d5f14ca81853" testName="Exercise1o3o7" computerName="USSLCL00134" duration="00:00:00.0004831" startTime="2012-07-07T17:05:43.0311774-06:00" endTime="2012-07-07T17:05:43.0491785-06:00" testType="13cdc9d9-ddb5-4fa4-a97d-d965ccfc6d4b" outcome="Passed" testListId="8c84fa94-04c1-424b-9868-57a2d4851a1d" relativeResultsDirectory="a3b0f023-4686-4dc9-af03-c7459a0ee3e9">
    </UnitTestResult>
    <UnitTestResult executionId="39f1037f-c70d-4545-a534-60df622ec85b" testId="4d151c41-de40-a77d-9114-a00800a2f22f" testName="Exercise1o3o8" computerName="USSLCL00134" duration="00:00:00.0004380" startTime="2012-07-07T17:05:43.0581790-06:00" endTime="2012-07-07T17:05:43.0761800-06:00" testType="13cdc9d9-ddb5-4fa4-a97d-d965ccfc6d4b" outcome="Passed" testListId="8c84fa94-04c1-424b-9868-57a2d4851a1d" relativeResultsDirectory="39f1037f-c70d-4545-a534-60df622ec85b">
    </UnitTestResult>
    <UnitTestResult executionId="50873185-7020-4de3-8559-43fa611be4f2" testId="fa18e5a6-2bc3-12df-bb51-c37d30f52f95" testName="Exercise1o3o9" computerName="USSLCL00134" duration="00:00:00.0005508" startTime="2012-07-07T17:05:43.0841805-06:00" endTime="2012-07-07T17:05:43.1011814-06:00" testType="13cdc9d9-ddb5-4fa4-a97d-d965ccfc6d4b" outcome="Passed" testListId="8c84fa94-04c1-424b-9868-57a2d4851a1d" relativeResultsDirectory="50873185-7020-4de3-8559-43fa611be4f2">
    </UnitTestResult>
    <UnitTestResult executionId="e22d0c34-e18a-46a4-87e6-c16918025352" testId="fa106201-6689-e149-ee9f-22bc394d4b15" testName="MatrixConstructorTest" computerName="USSLCL00134" duration="00:00:00.0024198" startTime="2012-07-07T17:05:43.1091819-06:00" endTime="2012-07-07T17:05:43.1261829-06:00" testType="13cdc9d9-ddb5-4fa4-a97d-d965ccfc6d4b" outcome="Passed" testListId="8c84fa94-04c1-424b-9868-57a2d4851a1d" relativeResultsDirectory="e22d0c34-e18a-46a4-87e6-c16918025352">
    </UnitTestResult>
    <UnitTestResult executionId="41698cb2-197e-4df8-a54b-3fc0b4fbbd14" testId="df464f9e-b112-5566-5b91-0946280686ed" testName="op_UnaryNegationTest" computerName="USSLCL00134" duration="00:00:00.0013434" startTime="2012-07-07T17:05:43.1341833-06:00" endTime="2012-07-07T17:05:43.1511843-06:00" testType="13cdc9d9-ddb5-4fa4-a97d-d965ccfc6d4b" outcome="Passed" testListId="8c84fa94-04c1-424b-9868-57a2d4851a1d" relativeResultsDirectory="41698cb2-197e-4df8-a54b-3fc0b4fbbd14">
    </UnitTestResult>
    <UnitTestResult executionId="2fcf8c88-a2bd-45fc-9bbe-dcfc85dbd6a4" testId="8283d241-590a-b382-504b-bad3e64fc92e" testName="op_SubtractionTest" computerName="USSLCL00134" duration="00:00:00.0018966" startTime="2012-07-07T17:05:43.1581847-06:00" endTime="2012-07-07T17:05:43.1751857-06:00" testType="13cdc9d9-ddb5-4fa4-a97d-d965ccfc6d4b" outcome="Passed" testListId="8c84fa94-04c1-424b-9868-57a2d4851a1d" relativeResultsDirectory="2fcf8c88-a2bd-45fc-9bbe-dcfc85dbd6a4">
    </UnitTestResult>
    <UnitTestResult executionId="33b18d8f-4ac1-4d1e-b609-6e1be5d30ffd" testId="843d4548-139b-668c-d827-42f4346b3ef0" testName="op_AdditionTest" computerName="USSLCL00134" duration="00:00:00.0019024" startTime="2012-07-07T17:05:43.1831861-06:00" endTime="2012-07-07T17:05:43.2001871-06:00" testType="13cdc9d9-ddb5-4fa4-a97d-d965ccfc6d4b" outcome="Passed" testListId="8c84fa94-04c1-424b-9868-57a2d4851a1d" relativeResultsDirectory="33b18d8f-4ac1-4d1e-b609-6e1be5d30ffd">
    </UnitTestResult>
    <UnitTestResult executionId="ed8af47f-7d6a-4837-8a4b-a07a03fd5e01" testId="0599638c-2006-192a-49da-9fa79df3b55e" testName="op_MultiplyTest" computerName="USSLCL00134" duration="00:00:00.0038649" startTime="2012-07-07T17:05:43.2081876-06:00" endTime="2012-07-07T17:05:43.2261886-06:00" testType="13cdc9d9-ddb5-4fa4-a97d-d965ccfc6d4b" outcome="Passed" testListId="8c84fa94-04c1-424b-9868-57a2d4851a1d" relativeResultsDirectory="ed8af47f-7d6a-4837-8a4b-a07a03fd5e01">
    </UnitTestResult>
    <UnitTestResult executionId="0f97713d-9213-4c9a-83fe-e330e39f7ccc" testId="84b36a15-9006-9254-a29b-b856bea432a4" testName="op_InequalityTest" computerName="USSLCL00134" duration="00:00:00.0018235" startTime="2012-07-07T17:05:43.2351891-06:00" endTime="2012-07-07T17:05:43.2531901-06:00" testType="13cdc9d9-ddb5-4fa4-a97d-d965ccfc6d4b" outcome="Passed" testListId="8c84fa94-04c1-424b-9868-57a2d4851a1d" relativeResultsDirectory="0f97713d-9213-4c9a-83fe-e330e39f7ccc">
    </UnitTestResult>
    <UnitTestResult executionId="a721ea5c-cada-432a-b93d-5539962703df" testId="9cca6d32-4a0b-e5dd-1a59-a901edd68fd6" testName="op_EqualityTest" computerName="USSLCL00134" duration="00:00:00.0019467" startTime="2012-07-07T17:05:43.2611906-06:00" endTime="2012-07-07T17:05:43.2801917-06:00" testType="13cdc9d9-ddb5-4fa4-a97d-d965ccfc6d4b" outcome="Passed" testListId="8c84fa94-04c1-424b-9868-57a2d4851a1d" relativeResultsDirectory="a721ea5c-cada-432a-b93d-5539962703df">
    </UnitTestResult>
    <UnitTestResult executionId="c9df3427-e2ef-43c4-ad0f-027c7e5c7b02" testId="e620761f-f36f-3a30-5a60-f84267c8154b" testName="EqualsTest" computerName="USSLCL00134" duration="00:00:00.0020029" startTime="2012-07-07T17:05:43.2871921-06:00" endTime="2012-07-07T17:05:43.3061932-06:00" testType="13cdc9d9-ddb5-4fa4-a97d-d965ccfc6d4b" outcome="Passed" testListId="8c84fa94-04c1-424b-9868-57a2d4851a1d" relativeResultsDirectory="c9df3427-e2ef-43c4-ad0f-027c7e5c7b02">
    </UnitTestResult>
    <UnitTestResult executionId="45c996db-8642-4021-9899-f38e6c10fe3c" testId="3b6c1979-5d5b-f7df-8831-5e65b0e818fd" testName="CompareSizeTest" computerName="USSLCL00134" duration="00:00:00.0009231" startTime="2012-07-07T17:05:43.3161937-06:00" endTime="2012-07-07T17:05:43.3321946-06:00" testType="13cdc9d9-ddb5-4fa4-a97d-d965ccfc6d4b" outcome="Passed" testListId="8c84fa94-04c1-424b-9868-57a2d4851a1d" relativeResultsDirectory="45c996db-8642-4021-9899-f38e6c10fe3c">
    </UnitTestResult>
    <UnitTestResult executionId="94c4a7d3-bdbb-4400-b286-0f3a843adc73" testId="10573e1f-0aa2-6e3a-c6a4-1a9a094661dc" testName="TransposeTest" computerName="USSLCL00134" duration="00:00:00.0024487" startTime="2012-07-07T17:05:43.3411952-06:00" endTime="2012-07-07T17:05:43.3611963-06:00" testType="13cdc9d9-ddb5-4fa4-a97d-d965ccfc6d4b" outcome="Passed" testListId="8c84fa94-04c1-424b-9868-57a2d4851a1d" relativeResultsDirectory="94c4a7d3-bdbb-4400-b286-0f3a843adc73">
    </UnitTestResult>
    <UnitTestResult executionId="9bc1477f-c1fd-4e20-a3e3-f8347bd56bfe" testId="194ba9b1-34c4-2b4a-2ba8-b132b9ebf998" testName="op_MultiplyTest1" computerName="USSLCL00134" duration="00:00:00.0105743" startTime="2012-07-07T17:05:43.3701968-06:00" endTime="2012-07-07T17:05:43.3971984-06:00" testType="13cdc9d9-ddb5-4fa4-a97d-d965ccfc6d4b" outcome="Passed" testListId="8c84fa94-04c1-424b-9868-57a2d4851a1d" relativeResultsDirectory="9bc1477f-c1fd-4e20-a3e3-f8347bd56bfe">
    </UnitTestResult>
    <UnitTestResult executionId="37878aa1-f752-45a9-92a6-2d2b2017783c" testId="c446db48-fe0d-6c23-577a-d3adf5810ca1" testName="op_MultiplyMatrixWithVector" computerName="USSLCL00134" duration="00:00:00.0023709" startTime="2012-07-07T17:05:43.4071989-06:00" endTime="2012-07-07T17:05:43.4252000-06:00" testType="13cdc9d9-ddb5-4fa4-a97d-d965ccfc6d4b" outcome="Passed" testListId="8c84fa94-04c1-424b-9868-57a2d4851a1d" relativeResultsDirectory="37878aa1-f752-45a9-92a6-2d2b2017783c">
    </UnitTestResult>
    <UnitTestResult executionId="a647070e-afd7-4337-a9a2-87f6643093fb" testId="25da0ecb-8f65-f3a6-c92d-fed8f87247e6" testName="IdentityMatrixTest" computerName="USSLCL00134" duration="00:00:00.0015328" startTime="2012-07-07T17:05:43.4342005-06:00" endTime="2012-07-07T17:05:43.4522015-06:00" testType="13cdc9d9-ddb5-4fa4-a97d-d965ccfc6d4b" outcome="Passed" testListId="8c84fa94-04c1-424b-9868-57a2d4851a1d" relativeResultsDirectory="a647070e-afd7-4337-a9a2-87f6643093fb">
    </UnitTestResult>
    <UnitTestResult executionId="bf2d53a9-59d3-4aad-a279-f5c476200298" testId="a462fc82-d08d-a927-6e82-ea09024ca4ef" testName="TraceTest" computerName="USSLCL00134" duration="00:00:00.0276703" startTime="2012-07-07T17:05:43.4612020-06:00" endTime="2012-07-07T17:05:43.5052045-06:00" testType="13cdc9d9-ddb5-4fa4-a97d-d965ccfc6d4b" outcome="Passed" testListId="8c84fa94-04c1-424b-9868-57a2d4851a1d" relativeResultsDirectory="bf2d53a9-59d3-4aad-a279-f5c476200298">
    </UnitTestResult>
    <UnitTestResult executionId="a514baf6-a041-49b6-b33b-f702c711ed70" testId="84a3a475-fcd9-a697-a886-bb4311389ff1" testName="InnerProductTest" computerName="USSLCL00134" duration="00:00:00.0028790" startTime="2012-07-07T17:05:43.5152051-06:00" endTime="2012-07-07T17:05:43.5342062-06:00" testType="13cdc9d9-ddb5-4fa4-a97d-d965ccfc6d4b" outcome="Passed" testListId="8c84fa94-04c1-424b-9868-57a2d4851a1d" relativeResultsDirectory="a514baf6-a041-49b6-b33b-f702c711ed70">
    </UnitTestResult>
    <UnitTestResult executionId="e4bda080-2d2e-4e52-ade5-7fd3fd277878" testId="e34bbd78-70b7-8bee-c46b-6fb18c901aa2" testName="TensorProductTest" computerName="USSLCL00134" duration="00:00:00.0028344" startTime="2012-07-07T17:05:43.5422067-06:00" endTime="2012-07-07T17:05:43.5612077-06:00" testType="13cdc9d9-ddb5-4fa4-a97d-d965ccfc6d4b" outcome="Passed" testListId="8c84fa94-04c1-424b-9868-57a2d4851a1d" relativeResultsDirectory="e4bda080-2d2e-4e52-ade5-7fd3fd277878">
    </UnitTestResult>
    <UnitTestResult executionId="2f623a4c-489c-4977-9518-d2fd9b689a0f" testId="59d167f3-98f7-3905-876e-bc940d58c269" testName="op_PowerTest" computerName="USSLCL00134" duration="00:00:00.0064645" startTime="2012-07-07T17:05:43.5712083-06:00" endTime="2012-07-07T17:05:43.5932096-06:00" testType="13cdc9d9-ddb5-4fa4-a97d-d965ccfc6d4b" outcome="Passed" testListId="8c84fa94-04c1-424b-9868-57a2d4851a1d" relativeResultsDirectory="2f623a4c-489c-4977-9518-d2fd9b689a0f">
    </UnitTestResult>
    <UnitTestResult executionId="ffa658dd-a7e5-487b-b150-0e564c7b008a" testId="8ddf2343-b416-72d4-fe07-7424be6bf3cc" testName="TakeModulusSquaredTest" computerName="USSLCL00134" duration="00:00:00.0034800" startTime="2012-07-07T17:05:43.6032101-06:00" endTime="2012-07-07T17:05:43.6212112-06:00" testType="13cdc9d9-ddb5-4fa4-a97d-d965ccfc6d4b" outcome="Passed" testListId="8c84fa94-04c1-424b-9868-57a2d4851a1d" relativeResultsDirectory="ffa658dd-a7e5-487b-b150-0e564c7b008a">
    </UnitTestResult>
    <UnitTestResult executionId="6f19a6c8-6d31-4588-81c0-1ee3998f91c4" testId="3c01b151-3119-7729-69fb-12ad4b09e592" testName="ComplexToDoubleTest" computerName="USSLCL00134" duration="00:00:00.0018651" startTime="2012-07-07T17:05:43.6362120-06:00" endTime="2012-07-07T17:05:43.6532130-06:00" testType="13cdc9d9-ddb5-4fa4-a97d-d965ccfc6d4b" outcome="Passed" testListId="8c84fa94-04c1-424b-9868-57a2d4851a1d" relativeResultsDirectory="6f19a6c8-6d31-4588-81c0-1ee3998f91c4">
    </UnitTestResult>
    <UnitTestResult executionId="0a453a77-5025-41d6-801a-0a85d4b4de44" testId="dd1468a1-9af3-1aa0-7b70-41b163e3c3e7" testName="CommutatorTest" computerName="USSLCL00134" duration="00:00:00.0034007" startTime="2012-07-07T17:05:43.6632136-06:00" endTime="2012-07-07T17:05:43.6822147-06:00" testType="13cdc9d9-ddb5-4fa4-a97d-d965ccfc6d4b" outcome="Passed" testListId="8c84fa94-04c1-424b-9868-57a2d4851a1d" relativeResultsDirectory="0a453a77-5025-41d6-801a-0a85d4b4de44">
    </UnitTestResult>
    <UnitTestResult executionId="b3cfa023-e465-4099-a3fc-34e0c98bf851" testId="d1cc7d48-afbd-466f-5015-ef2680fa4bcb" testName="op_DivisionTest" computerName="USSLCL00134" duration="00:00:00.0100908" startTime="2012-07-07T17:05:43.6902151-06:00" endTime="2012-07-07T17:05:43.7152166-06:00" testType="13cdc9d9-ddb5-4fa4-a97d-d965ccfc6d4b" outcome="Passed" testListId="8c84fa94-04c1-424b-9868-57a2d4851a1d" relativeResultsDirectory="b3cfa023-e465-4099-a3fc-34e0c98bf851">
    </UnitTestResult>
    <UnitTestResult executionId="30df2774-37e4-4426-965d-35c057dff25a" testId="2691a8a8-cda7-2520-f88d-5b729c47edea" testName="Number7" computerName="USSLCL00134" duration="00:00:00.0007772" startTime="2012-07-07T17:05:43.7232170-06:00" endTime="2012-07-07T17:05:43.7392179-06:00" testType="13cdc9d9-ddb5-4fa4-a97d-d965ccfc6d4b" outcome="Passed" testListId="8c84fa94-04c1-424b-9868-57a2d4851a1d" relativeResultsDirectory="30df2774-37e4-4426-965d-35c057dff25a">
    </UnitTestResult>
    <UnitTestResult executionId="dd0c607f-aea1-4f16-aa1c-8cd0bc997f34" testId="6b99a904-39c7-b2a5-cb92-c1c5bd5d3c67" testName="Number9" computerName="USSLCL00134" duration="00:00:00.0006397" startTime="2012-07-07T17:05:43.7462183-06:00" endTime="2012-07-07T17:05:43.7632193-06:00" testType="13cdc9d9-ddb5-4fa4-a97d-d965ccfc6d4b" outcome="Passed" testListId="8c84fa94-04c1-424b-9868-57a2d4851a1d" relativeResultsDirectory="dd0c607f-aea1-4f16-aa1c-8cd0bc997f34">
    </UnitTestResult>
    <UnitTestResult executionId="1c600202-984d-4ef8-82ef-f3f71e841bac" testId="45426eba-5da1-7927-75a6-85bf8e09818e" testName="Number11" computerName="USSLCL00134" duration="00:00:00.0006721" startTime="2012-07-07T17:05:43.7702197-06:00" endTime="2012-07-07T17:05:43.7842205-06:00" testType="13cdc9d9-ddb5-4fa4-a97d-d965ccfc6d4b" outcome="Passed" testListId="8c84fa94-04c1-424b-9868-57a2d4851a1d" relativeResultsDirectory="1c600202-984d-4ef8-82ef-f3f71e841bac">
    </UnitTestResult>
    <UnitTestResult executionId="dc175a43-621d-43ce-9e10-a2e5a7e2fa2f" testId="0ba55472-e42d-ce89-4611-b74239fe58fa" testName="Number13" computerName="USSLCL00134" duration="00:00:00.0008546" startTime="2012-07-07T17:05:43.7922210-06:00" endTime="2012-07-07T17:05:43.8062218-06:00" testType="13cdc9d9-ddb5-4fa4-a97d-d965ccfc6d4b" outcome="Passed" testListId="8c84fa94-04c1-424b-9868-57a2d4851a1d" relativeResultsDirectory="dc175a43-621d-43ce-9e10-a2e5a7e2fa2f">
    </UnitTestResult>
    <UnitTestResult executionId="b35edc33-5499-4277-871d-957c728f8c15" testId="68d9476b-abb8-54b5-889a-36592d83ac9e" testName="Exercise5o1o2" computerName="USSLCL00134" duration="00:00:00.0017003" startTime="2012-07-07T17:05:43.8162223-06:00" endTime="2012-07-07T17:05:43.8332233-06:00" testType="13cdc9d9-ddb5-4fa4-a97d-d965ccfc6d4b" outcome="Passed" testListId="8c84fa94-04c1-424b-9868-57a2d4851a1d" relativeResultsDirectory="b35edc33-5499-4277-871d-957c728f8c15">
    </UnitTestResult>
  </Results>
</TestRun>