<?xml version="1.0" encoding="UTF-8"?>
<TestRun id="23e2ff52-a159-4f02-a1b2-8237fc056028" name="nielsobr@USSLCL00134 2012-06-22 16:19:09" runUser="CORP\nielsobr" xmlns="http://microsoft.com/schemas/VisualStudio/TeamTest/2010">
  <TestSettings name="Local" id="8a64df0a-58a3-4d83-8a12-9a4d4c2701f1">
    <Description>These are default test settings for a local test run.</Description>
    <Deployment enabled="false" runDeploymentRoot="nielsobr_USSLCL00134 2012-06-22 16_19_09">
      <DeploymentItem filename="C:\Bruce N\Programming\Quantum Computing\LinearAlgebra\bin\Debug\LinearAlgebra.dll" />
    </Deployment>
    <Execution>
      <TestTypeSpecific />
      <AgentRule name="Execution Agents">
      </AgentRule>
    </Execution>
  </TestSettings>
  <Times creation="2012-06-22T16:19:09.4943472-06:00" queuing="2012-06-22T16:19:12.0784950-06:00" start="2012-06-22T16:19:12.2305037-06:00" finish="2012-06-22T16:19:42.3432261-06:00" />
  <ResultSummary outcome="Completed">
    <Counters total="151" executed="151" passed="151" error="0" failed="0" timeout="0" aborted="0" inconclusive="0" passedButRunAborted="0" notRunnable="0" notExecuted="0" disconnected="0" warning="0" completed="0" inProgress="0" pending="0" />
  </ResultSummary>
  <TestDefinitions>
    <UnitTest name="Exercise1o3o4" storage="c:\bruce n\programming\quantum computing\testcomplexnumber\bin\debug\testcomplexnumber.dll" id="07679b95-0c77-33dd-c8d5-e1376510063a">
      <Execution id="820b0d49-9db0-4888-b023-decf1654d204" />
      <TestMethod codeBase="C:/Bruce N/Programming/Quantum Computing/TestComplexNumber/bin/Debug/TestComplexNumber.DLL" adapterTypeName="Microsoft.VisualStudio.TestTools.TestTypes.Unit.UnitTestAdapter, Microsoft.VisualStudio.QualityTools.Tips.UnitTest.Adapter, Version=10.0.0.0, Culture=neutral, PublicKeyToken=b03f5f7f11d50a3a" className="TestComplexNumber.QCExercisesChapter1, TestComplexNumber, Version=1.0.0.0, Culture=neutral, PublicKeyToken=null" name="Exercise1o3o4" />
    </UnitTest>
    <UnitTest name="Exercise3o1o4" storage="c:\bruce n\programming\quantum computing\testcomplexnumber\bin\debug\testcomplexnumber.dll" id="06c32b76-050d-0c74-e5e5-24e8d789eea7">
      <Execution id="e28932e2-09b7-48f1-bc88-eec5bb772414" />
      <TestMethod codeBase="C:/Bruce N/Programming/Quantum Computing/TestComplexNumber/bin/Debug/TestComplexNumber.DLL" adapterTypeName="Microsoft.VisualStudio.TestTools.TestTypes.Unit.UnitTestAdapter, Microsoft.VisualStudio.QualityTools.Tips.UnitTest.Adapter, Version=10.0.0.0, Culture=neutral, PublicKeyToken=b03f5f7f11d50a3a" className="TestComplexNumber.QCExercisesChapter3, TestComplexNumber, Version=1.0.0.0, Culture=neutral, PublicKeyToken=null" name="Exercise3o1o4" />
    </UnitTest>
    <UnitTest name="Exercise2o7o3" storage="c:\bruce n\programming\quantum computing\testcomplexnumber\bin\debug\testcomplexnumber.dll" id="fcfa95f2-720f-8082-c577-4f9e22c76102">
      <Execution id="4ae4a02b-c823-48ca-acff-54881a240d19" />
      <TestMethod codeBase="C:/Bruce N/Programming/Quantum Computing/TestComplexNumber/bin/Debug/TestComplexNumber.DLL" adapterTypeName="Microsoft.VisualStudio.TestTools.TestTypes.Unit.UnitTestAdapter, Microsoft.VisualStudio.QualityTools.Tips.UnitTest.Adapter, Version=10.0.0.0, Culture=neutral, PublicKeyToken=b03f5f7f11d50a3a" className="TestComplexNumber.QCExercisesChapter2, TestComplexNumber, Version=1.0.0.0, Culture=neutral, PublicKeyToken=null" name="Exercise2o7o3" />
    </UnitTest>
    <UnitTest name="NegativeOneTest" storage="c:\bruce n\programming\quantum computing\testcomplexnumber\bin\debug\testcomplexnumber.dll" id="e817df08-1352-7924-6f37-9159ad0539e6">
      <Execution id="405a93e0-2196-4c04-b192-ea91beda7a68" />
      <TestMethod codeBase="C:/Bruce N/Programming/Quantum Computing/TestComplexNumber/bin/Debug/TestComplexNumber.DLL" adapterTypeName="Microsoft.VisualStudio.TestTools.TestTypes.Unit.UnitTestAdapter, Microsoft.VisualStudio.QualityTools.Tips.UnitTest.Adapter, Version=10.0.0.0, Culture=neutral, PublicKeyToken=b03f5f7f11d50a3a" className="TestComplexNumber.ComplexNumberTest, TestComplexNumber, Version=1.0.0.0, Culture=neutral, PublicKeyToken=null" name="NegativeOneTest" />
    </UnitTest>
    <UnitTest name="op_SubtractionTest" storage="c:\bruce n\programming\quantum computing\testcomplexnumber\bin\debug\testcomplexnumber.dll" id="ff295562-5e99-9434-0a6c-61d038c92b18">
      <Execution id="9439fc6a-a91d-47b4-abce-033833718f41" />
      <TestMethod codeBase="C:/Bruce N/Programming/Quantum Computing/TestComplexNumber/bin/Debug/TestComplexNumber.DLL" adapterTypeName="Microsoft.VisualStudio.TestTools.TestTypes.Unit.UnitTestAdapter, Microsoft.VisualStudio.QualityTools.Tips.UnitTest.Adapter, Version=10.0.0.0, Culture=neutral, PublicKeyToken=b03f5f7f11d50a3a" className="TestComplexNumber.VectorTest, TestComplexNumber, Version=1.0.0.0, Culture=neutral, PublicKeyToken=null" name="op_SubtractionTest" />
    </UnitTest>
    <UnitTest name="GetAngleDegreesTest" storage="c:\bruce n\programming\quantum computing\testcomplexnumber\bin\debug\testcomplexnumber.dll" id="9e43b977-3c91-5be2-de15-4f95a8e1f8c7">
      <Execution id="479650e3-78e7-4ab7-9dcd-ff22f68c1335" />
      <TestMethod codeBase="C:/Bruce N/Programming/Quantum Computing/TestComplexNumber/bin/Debug/TestComplexNumber.DLL" adapterTypeName="Microsoft.VisualStudio.TestTools.TestTypes.Unit.UnitTestAdapter, Microsoft.VisualStudio.QualityTools.Tips.UnitTest.Adapter, Version=10.0.0.0, Culture=neutral, PublicKeyToken=b03f5f7f11d50a3a" className="TestComplexNumber.ComplexNumberTest, TestComplexNumber, Version=1.0.0.0, Culture=neutral, PublicKeyToken=null" name="GetAngleDegreesTest" />
    </UnitTest>
    <UnitTest name="CompareSizeTest" storage="c:\bruce n\programming\quantum computing\testcomplexnumber\bin\debug\testcomplexnumber.dll" id="3b6c1979-5d5b-f7df-8831-5e65b0e818fd">
      <Execution id="41d7ac55-526e-4456-bcfe-4bcb505fd760" />
      <TestMethod codeBase="C:/Bruce N/Programming/Quantum Computing/TestComplexNumber/bin/Debug/TestComplexNumber.DLL" adapterTypeName="Microsoft.VisualStudio.TestTools.TestTypes.Unit.UnitTestAdapter, Microsoft.VisualStudio.QualityTools.Tips.UnitTest.Adapter, Version=10.0.0.0, Culture=neutral, PublicKeyToken=b03f5f7f11d50a3a" className="TestComplexNumber.MatrixTest, TestComplexNumber, Version=1.0.0.0, Culture=neutral, PublicKeyToken=null" name="CompareSizeTest" />
    </UnitTest>
    <UnitTest name="Exercise2o6o8" storage="c:\bruce n\programming\quantum computing\testcomplexnumber\bin\debug\testcomplexnumber.dll" id="f1d86270-c9d8-c961-65be-24cc50d1fc4b">
      <Execution id="6d84ca81-5d49-4e55-80aa-391c8dc1a902" />
      <TestMethod codeBase="C:/Bruce N/Programming/Quantum Computing/TestComplexNumber/bin/Debug/TestComplexNumber.DLL" adapterTypeName="Microsoft.VisualStudio.TestTools.TestTypes.Unit.UnitTestAdapter, Microsoft.VisualStudio.QualityTools.Tips.UnitTest.Adapter, Version=10.0.0.0, Culture=neutral, PublicKeyToken=b03f5f7f11d50a3a" className="TestComplexNumber.QCExercisesChapter2, TestComplexNumber, Version=1.0.0.0, Culture=neutral, PublicKeyToken=null" name="Exercise2o6o8" />
    </UnitTest>
    <UnitTest name="Exercise2o2o8" storage="c:\bruce n\programming\quantum computing\testcomplexnumber\bin\debug\testcomplexnumber.dll" id="0a0f56e1-2426-9c27-75c5-72e83aa4f18c">
      <Execution id="2a89f4cf-5b7a-48ea-8cd7-8a22427e3387" />
      <TestMethod codeBase="C:/Bruce N/Programming/Quantum Computing/TestComplexNumber/bin/Debug/TestComplexNumber.DLL" adapterTypeName="Microsoft.VisualStudio.TestTools.TestTypes.Unit.UnitTestAdapter, Microsoft.VisualStudio.QualityTools.Tips.UnitTest.Adapter, Version=10.0.0.0, Culture=neutral, PublicKeyToken=b03f5f7f11d50a3a" className="TestComplexNumber.QCExercisesChapter2, TestComplexNumber, Version=1.0.0.0, Culture=neutral, PublicKeyToken=null" name="Exercise2o2o8" />
    </UnitTest>
    <UnitTest name="Exercise4o1o5" storage="c:\bruce n\programming\quantum computing\testcomplexnumber\bin\debug\testcomplexnumber.dll" id="b920ca27-2e1f-e8ec-c9ba-d4cbb754ace4">
      <Execution id="8b8fbdc8-b533-48fb-8144-f3c3bf039025" />
      <TestMethod codeBase="C:/Bruce N/Programming/Quantum Computing/TestComplexNumber/bin/Debug/TestComplexNumber.DLL" adapterTypeName="Microsoft.VisualStudio.TestTools.TestTypes.Unit.UnitTestAdapter, Microsoft.VisualStudio.QualityTools.Tips.UnitTest.Adapter, Version=10.0.0.0, Culture=neutral, PublicKeyToken=b03f5f7f11d50a3a" className="TestComplexNumber.QCExercisesChapter4, TestComplexNumber, Version=1.0.0.0, Culture=neutral, PublicKeyToken=null" name="Exercise4o1o5" />
    </UnitTest>
    <UnitTest name="GetAngleTest" storage="c:\bruce n\programming\quantum computing\testcomplexnumber\bin\debug\testcomplexnumber.dll" id="aaa025c4-539f-dc62-f50b-af3c4325c449">
      <Execution id="5305a267-a1d9-45d0-a788-71def370688e" />
      <TestMethod codeBase="C:/Bruce N/Programming/Quantum Computing/TestComplexNumber/bin/Debug/TestComplexNumber.DLL" adapterTypeName="Microsoft.VisualStudio.TestTools.TestTypes.Unit.UnitTestAdapter, Microsoft.VisualStudio.QualityTools.Tips.UnitTest.Adapter, Version=10.0.0.0, Culture=neutral, PublicKeyToken=b03f5f7f11d50a3a" className="TestComplexNumber.ComplexNumberTest, TestComplexNumber, Version=1.0.0.0, Culture=neutral, PublicKeyToken=null" name="GetAngleTest" />
    </UnitTest>
    <UnitTest name="Exercise2o4o8" storage="c:\bruce n\programming\quantum computing\testcomplexnumber\bin\debug\testcomplexnumber.dll" id="df9d4979-ebf4-48fa-eaa6-d378215805ce">
      <Execution id="90aa050e-14bf-4aac-8eb3-ea9394461ce9" />
      <TestMethod codeBase="C:/Bruce N/Programming/Quantum Computing/TestComplexNumber/bin/Debug/TestComplexNumber.DLL" adapterTypeName="Microsoft.VisualStudio.TestTools.TestTypes.Unit.UnitTestAdapter, Microsoft.VisualStudio.QualityTools.Tips.UnitTest.Adapter, Version=10.0.0.0, Culture=neutral, PublicKeyToken=b03f5f7f11d50a3a" className="TestComplexNumber.QCExercisesChapter2, TestComplexNumber, Version=1.0.0.0, Culture=neutral, PublicKeyToken=null" name="Exercise2o4o8" />
    </UnitTest>
    <UnitTest name="TraceTest" storage="c:\bruce n\programming\quantum computing\testcomplexnumber\bin\debug\testcomplexnumber.dll" id="a462fc82-d08d-a927-6e82-ea09024ca4ef">
      <DeploymentItems>
        <DeploymentItem filename="LinearAlgebra.dll" />
      </DeploymentItems>
      <Execution id="e3225577-6d9e-4c35-a26e-a0ff651e5d8f" />
      <TestMethod codeBase="C:/Bruce N/Programming/Quantum Computing/TestComplexNumber/bin/Debug/TestComplexNumber.DLL" adapterTypeName="Microsoft.VisualStudio.TestTools.TestTypes.Unit.UnitTestAdapter, Microsoft.VisualStudio.QualityTools.Tips.UnitTest.Adapter, Version=10.0.0.0, Culture=neutral, PublicKeyToken=b03f5f7f11d50a3a" className="TestComplexNumber.MatrixTest, TestComplexNumber, Version=1.0.0.0, Culture=neutral, PublicKeyToken=null" name="TraceTest" />
    </UnitTest>
    <UnitTest name="TensorProductTest" storage="c:\bruce n\programming\quantum computing\testcomplexnumber\bin\debug\testcomplexnumber.dll" id="e34bbd78-70b7-8bee-c46b-6fb18c901aa2">
      <Execution id="abad4867-1d0f-4fe9-a015-833e1a2d9112" />
      <TestMethod codeBase="C:/Bruce N/Programming/Quantum Computing/TestComplexNumber/bin/Debug/TestComplexNumber.DLL" adapterTypeName="Microsoft.VisualStudio.TestTools.TestTypes.Unit.UnitTestAdapter, Microsoft.VisualStudio.QualityTools.Tips.UnitTest.Adapter, Version=10.0.0.0, Culture=neutral, PublicKeyToken=b03f5f7f11d50a3a" className="TestComplexNumber.MatrixTest, TestComplexNumber, Version=1.0.0.0, Culture=neutral, PublicKeyToken=null" name="TensorProductTest" />
    </UnitTest>
    <UnitTest name="Exercise1o3o8" storage="c:\bruce n\programming\quantum computing\testcomplexnumber\bin\debug\testcomplexnumber.dll" id="4d151c41-de40-a77d-9114-a00800a2f22f">
      <Execution id="eb2f1365-5a01-467b-b631-a932716c1f1b" />
      <TestMethod codeBase="C:/Bruce N/Programming/Quantum Computing/TestComplexNumber/bin/Debug/TestComplexNumber.DLL" adapterTypeName="Microsoft.VisualStudio.TestTools.TestTypes.Unit.UnitTestAdapter, Microsoft.VisualStudio.QualityTools.Tips.UnitTest.Adapter, Version=10.0.0.0, Culture=neutral, PublicKeyToken=b03f5f7f11d50a3a" className="TestComplexNumber.QCExercisesChapter1, TestComplexNumber, Version=1.0.0.0, Culture=neutral, PublicKeyToken=null" name="Exercise1o3o8" />
    </UnitTest>
    <UnitTest name="VectorConstructorTest2" storage="c:\bruce n\programming\quantum computing\testcomplexnumber\bin\debug\testcomplexnumber.dll" id="9c92819f-751b-655e-72f6-604f0653711c">
      <Execution id="955cc5af-5d2d-4f4a-bd8c-113214dcb4e9" />
      <TestMethod codeBase="C:/Bruce N/Programming/Quantum Computing/TestComplexNumber/bin/Debug/TestComplexNumber.DLL" adapterTypeName="Microsoft.VisualStudio.TestTools.TestTypes.Unit.UnitTestAdapter, Microsoft.VisualStudio.QualityTools.Tips.UnitTest.Adapter, Version=10.0.0.0, Culture=neutral, PublicKeyToken=b03f5f7f11d50a3a" className="TestComplexNumber.VectorTest, TestComplexNumber, Version=1.0.0.0, Culture=neutral, PublicKeyToken=null" name="VectorConstructorTest2" />
    </UnitTest>
    <UnitTest name="Exercise4o2o6" storage="c:\bruce n\programming\quantum computing\testcomplexnumber\bin\debug\testcomplexnumber.dll" id="1f1cd201-bd9b-d73b-7631-79422db50907">
      <Execution id="0527d06c-1df5-4b5d-8261-9f95f95fa455" />
      <TestMethod codeBase="C:/Bruce N/Programming/Quantum Computing/TestComplexNumber/bin/Debug/TestComplexNumber.DLL" adapterTypeName="Microsoft.VisualStudio.TestTools.TestTypes.Unit.UnitTestAdapter, Microsoft.VisualStudio.QualityTools.Tips.UnitTest.Adapter, Version=10.0.0.0, Culture=neutral, PublicKeyToken=b03f5f7f11d50a3a" className="TestComplexNumber.QCExercisesChapter4, TestComplexNumber, Version=1.0.0.0, Culture=neutral, PublicKeyToken=null" name="Exercise4o2o6" />
    </UnitTest>
    <UnitTest name="Example2o3o3" storage="c:\bruce n\programming\quantum computing\testcomplexnumber\bin\debug\testcomplexnumber.dll" id="f4a6d75b-22de-c9be-71c8-5150c846f601">
      <Execution id="feb4c9a3-33ef-4214-bdc9-80ad402d78de" />
      <TestMethod codeBase="C:/Bruce N/Programming/Quantum Computing/TestComplexNumber/bin/Debug/TestComplexNumber.DLL" adapterTypeName="Microsoft.VisualStudio.TestTools.TestTypes.Unit.UnitTestAdapter, Microsoft.VisualStudio.QualityTools.Tips.UnitTest.Adapter, Version=10.0.0.0, Culture=neutral, PublicKeyToken=b03f5f7f11d50a3a" className="TestComplexNumber.QCExercisesChapter2, TestComplexNumber, Version=1.0.0.0, Culture=neutral, PublicKeyToken=null" name="Example2o3o3" />
    </UnitTest>
    <UnitTest name="Exercise4o1o1" storage="c:\bruce n\programming\quantum computing\testcomplexnumber\bin\debug\testcomplexnumber.dll" id="56d4e2ab-80ac-74c9-cdc4-cd3967d0842f">
      <Execution id="388318a7-3aac-4f61-8273-1aadc853a2b7" />
      <TestMethod codeBase="C:/Bruce N/Programming/Quantum Computing/TestComplexNumber/bin/Debug/TestComplexNumber.DLL" adapterTypeName="Microsoft.VisualStudio.TestTools.TestTypes.Unit.UnitTestAdapter, Microsoft.VisualStudio.QualityTools.Tips.UnitTest.Adapter, Version=10.0.0.0, Culture=neutral, PublicKeyToken=b03f5f7f11d50a3a" className="TestComplexNumber.QCExercisesChapter4, TestComplexNumber, Version=1.0.0.0, Culture=neutral, PublicKeyToken=null" name="Exercise4o1o1" />
    </UnitTest>
    <UnitTest name="EqualsTest" storage="c:\bruce n\programming\quantum computing\testcomplexnumber\bin\debug\testcomplexnumber.dll" id="bc74a9f0-dfbc-1cfa-6718-f3d2cbf87b3b">
      <Execution id="9b534b9a-83eb-4d58-9f15-805100b37982" />
      <TestMethod codeBase="C:/Bruce N/Programming/Quantum Computing/TestComplexNumber/bin/Debug/TestComplexNumber.DLL" adapterTypeName="Microsoft.VisualStudio.TestTools.TestTypes.Unit.UnitTestAdapter, Microsoft.VisualStudio.QualityTools.Tips.UnitTest.Adapter, Version=10.0.0.0, Culture=neutral, PublicKeyToken=b03f5f7f11d50a3a" className="TestComplexNumber.VectorTest, TestComplexNumber, Version=1.0.0.0, Culture=neutral, PublicKeyToken=null" name="EqualsTest" />
    </UnitTest>
    <UnitTest name="GetNormalizedVectorTest" storage="c:\bruce n\programming\quantum computing\testcomplexnumber\bin\debug\testcomplexnumber.dll" id="c73872e3-de49-0d4a-fbe2-3bd9c4a10210">
      <Execution id="43c41e79-d4ad-450c-9794-1afa1aad00d7" />
      <TestMethod codeBase="C:/Bruce N/Programming/Quantum Computing/TestComplexNumber/bin/Debug/TestComplexNumber.DLL" adapterTypeName="Microsoft.VisualStudio.TestTools.TestTypes.Unit.UnitTestAdapter, Microsoft.VisualStudio.QualityTools.Tips.UnitTest.Adapter, Version=10.0.0.0, Culture=neutral, PublicKeyToken=b03f5f7f11d50a3a" className="TestComplexNumber.ComplexVectorTest, TestComplexNumber, Version=1.0.0.0, Culture=neutral, PublicKeyToken=null" name="GetNormalizedVectorTest" />
    </UnitTest>
    <UnitTest name="ZeroTest" storage="c:\bruce n\programming\quantum computing\testcomplexnumber\bin\debug\testcomplexnumber.dll" id="c93ffe48-5243-dfb2-8a93-461c879cf606">
      <Execution id="fff753fb-8f3f-4bce-a0d1-0bc67ba91d68" />
      <TestMethod codeBase="C:/Bruce N/Programming/Quantum Computing/TestComplexNumber/bin/Debug/TestComplexNumber.DLL" adapterTypeName="Microsoft.VisualStudio.TestTools.TestTypes.Unit.UnitTestAdapter, Microsoft.VisualStudio.QualityTools.Tips.UnitTest.Adapter, Version=10.0.0.0, Culture=neutral, PublicKeyToken=b03f5f7f11d50a3a" className="TestComplexNumber.ComplexNumberTest, TestComplexNumber, Version=1.0.0.0, Culture=neutral, PublicKeyToken=null" name="ZeroTest" />
    </UnitTest>
    <UnitTest name="EqualsTest" storage="c:\bruce n\programming\quantum computing\testcomplexnumber\bin\debug\testcomplexnumber.dll" id="191c732e-b797-fda9-14e6-f62313d93af1">
      <Execution id="5098fe50-6109-4eb5-a2d9-52c8fea10a52" />
      <TestMethod codeBase="C:/Bruce N/Programming/Quantum Computing/TestComplexNumber/bin/Debug/TestComplexNumber.DLL" adapterTypeName="Microsoft.VisualStudio.TestTools.TestTypes.Unit.UnitTestAdapter, Microsoft.VisualStudio.QualityTools.Tips.UnitTest.Adapter, Version=10.0.0.0, Culture=neutral, PublicKeyToken=b03f5f7f11d50a3a" className="TestComplexNumber.ComplexMatrixTest, TestComplexNumber, Version=1.0.0.0, Culture=neutral, PublicKeyToken=null" name="EqualsTest" />
    </UnitTest>
    <UnitTest name="IdentityMatrixTest" storage="c:\bruce n\programming\quantum computing\testcomplexnumber\bin\debug\testcomplexnumber.dll" id="aac142ce-38b2-6d3f-cd65-e8254c3e066b">
      <Execution id="67b88c49-0639-4cd9-8990-4435cdb23def" />
      <TestMethod codeBase="C:/Bruce N/Programming/Quantum Computing/TestComplexNumber/bin/Debug/TestComplexNumber.DLL" adapterTypeName="Microsoft.VisualStudio.TestTools.TestTypes.Unit.UnitTestAdapter, Microsoft.VisualStudio.QualityTools.Tips.UnitTest.Adapter, Version=10.0.0.0, Culture=neutral, PublicKeyToken=b03f5f7f11d50a3a" className="TestComplexNumber.ComplexMatrixTest, TestComplexNumber, Version=1.0.0.0, Culture=neutral, PublicKeyToken=null" name="IdentityMatrixTest" />
    </UnitTest>
    <UnitTest name="Exercise2o4o1" storage="c:\bruce n\programming\quantum computing\testcomplexnumber\bin\debug\testcomplexnumber.dll" id="06f73701-65f7-da2b-e94f-6c850186d97a">
      <Execution id="75e9fa62-d4a8-4fbf-9129-cf087528a1e4" />
      <TestMethod codeBase="C:/Bruce N/Programming/Quantum Computing/TestComplexNumber/bin/Debug/TestComplexNumber.DLL" adapterTypeName="Microsoft.VisualStudio.TestTools.TestTypes.Unit.UnitTestAdapter, Microsoft.VisualStudio.QualityTools.Tips.UnitTest.Adapter, Version=10.0.0.0, Culture=neutral, PublicKeyToken=b03f5f7f11d50a3a" className="TestComplexNumber.QCExercisesChapter2, TestComplexNumber, Version=1.0.0.0, Culture=neutral, PublicKeyToken=null" name="Exercise2o4o1" />
    </UnitTest>
    <UnitTest name="Exercise3o2o1" storage="c:\bruce n\programming\quantum computing\testcomplexnumber\bin\debug\testcomplexnumber.dll" id="9cf4c4e1-7186-5bdb-2eef-3b22d03cb6e0">
      <Execution id="d2587e1b-7453-4e7a-8725-8ef44aea3719" />
      <TestMethod codeBase="C:/Bruce N/Programming/Quantum Computing/TestComplexNumber/bin/Debug/TestComplexNumber.DLL" adapterTypeName="Microsoft.VisualStudio.TestTools.TestTypes.Unit.UnitTestAdapter, Microsoft.VisualStudio.QualityTools.Tips.UnitTest.Adapter, Version=10.0.0.0, Culture=neutral, PublicKeyToken=b03f5f7f11d50a3a" className="TestComplexNumber.QCExercisesChapter3, TestComplexNumber, Version=1.0.0.0, Culture=neutral, PublicKeyToken=null" name="Exercise3o2o1" />
    </UnitTest>
    <UnitTest name="Exercise2o2o5" storage="c:\bruce n\programming\quantum computing\testcomplexnumber\bin\debug\testcomplexnumber.dll" id="afec4393-b7fa-2c17-aed2-743a831c3492">
      <Execution id="f7bf6af1-e38c-497f-9817-91d77dfa118a" />
      <TestMethod codeBase="C:/Bruce N/Programming/Quantum Computing/TestComplexNumber/bin/Debug/TestComplexNumber.DLL" adapterTypeName="Microsoft.VisualStudio.TestTools.TestTypes.Unit.UnitTestAdapter, Microsoft.VisualStudio.QualityTools.Tips.UnitTest.Adapter, Version=10.0.0.0, Culture=neutral, PublicKeyToken=b03f5f7f11d50a3a" className="TestComplexNumber.QCExercisesChapter2, TestComplexNumber, Version=1.0.0.0, Culture=neutral, PublicKeyToken=null" name="Exercise2o2o5" />
    </UnitTest>
    <UnitTest name="Example4o3o2" storage="c:\bruce n\programming\quantum computing\testcomplexnumber\bin\debug\testcomplexnumber.dll" id="7ce48d38-4867-2cfe-7006-39c642c6f124">
      <Execution id="bb52bb61-8d23-4527-a6ea-ec6b3a6c1313" />
      <TestMethod codeBase="C:/Bruce N/Programming/Quantum Computing/TestComplexNumber/bin/Debug/TestComplexNumber.DLL" adapterTypeName="Microsoft.VisualStudio.TestTools.TestTypes.Unit.UnitTestAdapter, Microsoft.VisualStudio.QualityTools.Tips.UnitTest.Adapter, Version=10.0.0.0, Culture=neutral, PublicKeyToken=b03f5f7f11d50a3a" className="TestComplexNumber.QCExercisesChapter4, TestComplexNumber, Version=1.0.0.0, Culture=neutral, PublicKeyToken=null" name="Example4o3o2" />
    </UnitTest>
    <UnitTest name="Exercise2o2o6" storage="c:\bruce n\programming\quantum computing\testcomplexnumber\bin\debug\testcomplexnumber.dll" id="183ae838-6eb2-ddd1-fc18-d3ab32673286">
      <Execution id="b6e02c4c-cd47-48e3-b8b1-6c1aaf58e4f7" />
      <TestMethod codeBase="C:/Bruce N/Programming/Quantum Computing/TestComplexNumber/bin/Debug/TestComplexNumber.DLL" adapterTypeName="Microsoft.VisualStudio.TestTools.TestTypes.Unit.UnitTestAdapter, Microsoft.VisualStudio.QualityTools.Tips.UnitTest.Adapter, Version=10.0.0.0, Culture=neutral, PublicKeyToken=b03f5f7f11d50a3a" className="TestComplexNumber.QCExercisesChapter2, TestComplexNumber, Version=1.0.0.0, Culture=neutral, PublicKeyToken=null" name="Exercise2o2o6" />
    </UnitTest>
    <UnitTest name="RealTest" storage="c:\bruce n\programming\quantum computing\testcomplexnumber\bin\debug\testcomplexnumber.dll" id="c184168b-7b90-1c26-9870-9e31f6f1dde3">
      <Execution id="2e9514f1-03a3-45b4-a044-f5ae1cea1cbb" />
      <TestMethod codeBase="C:/Bruce N/Programming/Quantum Computing/TestComplexNumber/bin/Debug/TestComplexNumber.DLL" adapterTypeName="Microsoft.VisualStudio.TestTools.TestTypes.Unit.UnitTestAdapter, Microsoft.VisualStudio.QualityTools.Tips.UnitTest.Adapter, Version=10.0.0.0, Culture=neutral, PublicKeyToken=b03f5f7f11d50a3a" className="TestComplexNumber.ComplexNumberTest, TestComplexNumber, Version=1.0.0.0, Culture=neutral, PublicKeyToken=null" name="RealTest" />
    </UnitTest>
    <UnitTest name="Exercise2o4o7" storage="c:\bruce n\programming\quantum computing\testcomplexnumber\bin\debug\testcomplexnumber.dll" id="704f985a-5aa6-9a9c-79d7-6d97e84b7f0f">
      <Execution id="efddcce7-344f-401d-a7f7-4e72feee1483" />
      <TestMethod codeBase="C:/Bruce N/Programming/Quantum Computing/TestComplexNumber/bin/Debug/TestComplexNumber.DLL" adapterTypeName="Microsoft.VisualStudio.TestTools.TestTypes.Unit.UnitTestAdapter, Microsoft.VisualStudio.QualityTools.Tips.UnitTest.Adapter, Version=10.0.0.0, Culture=neutral, PublicKeyToken=b03f5f7f11d50a3a" className="TestComplexNumber.QCExercisesChapter2, TestComplexNumber, Version=1.0.0.0, Culture=neutral, PublicKeyToken=null" name="Exercise2o4o7" />
    </UnitTest>
    <UnitTest name="op_MultiplyTest1" storage="c:\bruce n\programming\quantum computing\testcomplexnumber\bin\debug\testcomplexnumber.dll" id="194ba9b1-34c4-2b4a-2ba8-b132b9ebf998">
      <Execution id="d085067a-d22d-4ffd-a02f-5bd09a06695a" />
      <TestMethod codeBase="C:/Bruce N/Programming/Quantum Computing/TestComplexNumber/bin/Debug/TestComplexNumber.DLL" adapterTypeName="Microsoft.VisualStudio.TestTools.TestTypes.Unit.UnitTestAdapter, Microsoft.VisualStudio.QualityTools.Tips.UnitTest.Adapter, Version=10.0.0.0, Culture=neutral, PublicKeyToken=b03f5f7f11d50a3a" className="TestComplexNumber.MatrixTest, TestComplexNumber, Version=1.0.0.0, Culture=neutral, PublicKeyToken=null" name="op_MultiplyTest1" />
    </UnitTest>
    <UnitTest name="LengthTest" storage="c:\bruce n\programming\quantum computing\testcomplexnumber\bin\debug\testcomplexnumber.dll" id="81ff8154-7b8a-e690-97b4-6435aa07756d">
      <Execution id="10f1c5f0-71b2-41cc-8507-aa9b3911f950" />
      <TestMethod codeBase="C:/Bruce N/Programming/Quantum Computing/TestComplexNumber/bin/Debug/TestComplexNumber.DLL" adapterTypeName="Microsoft.VisualStudio.TestTools.TestTypes.Unit.UnitTestAdapter, Microsoft.VisualStudio.QualityTools.Tips.UnitTest.Adapter, Version=10.0.0.0, Culture=neutral, PublicKeyToken=b03f5f7f11d50a3a" className="TestComplexNumber.VectorTest, TestComplexNumber, Version=1.0.0.0, Culture=neutral, PublicKeyToken=null" name="LengthTest" />
    </UnitTest>
    <UnitTest name="Example4o2o14" storage="c:\bruce n\programming\quantum computing\testcomplexnumber\bin\debug\testcomplexnumber.dll" id="a6320d81-84be-b348-18dd-019a5fed078d">
      <Execution id="4a12c7be-847d-4365-9a6d-2c73f5fbf91a" />
      <TestMethod codeBase="C:/Bruce N/Programming/Quantum Computing/TestComplexNumber/bin/Debug/TestComplexNumber.DLL" adapterTypeName="Microsoft.VisualStudio.TestTools.TestTypes.Unit.UnitTestAdapter, Microsoft.VisualStudio.QualityTools.Tips.UnitTest.Adapter, Version=10.0.0.0, Culture=neutral, PublicKeyToken=b03f5f7f11d50a3a" className="TestComplexNumber.QCExercisesChapter4, TestComplexNumber, Version=1.0.0.0, Culture=neutral, PublicKeyToken=null" name="Example4o2o14" />
    </UnitTest>
    <UnitTest name="TransposeTest" storage="c:\bruce n\programming\quantum computing\testcomplexnumber\bin\debug\testcomplexnumber.dll" id="10573e1f-0aa2-6e3a-c6a4-1a9a094661dc">
      <Execution id="567304e1-2708-4478-9a7e-6e77506a0380" />
      <TestMethod codeBase="C:/Bruce N/Programming/Quantum Computing/TestComplexNumber/bin/Debug/TestComplexNumber.DLL" adapterTypeName="Microsoft.VisualStudio.TestTools.TestTypes.Unit.UnitTestAdapter, Microsoft.VisualStudio.QualityTools.Tips.UnitTest.Adapter, Version=10.0.0.0, Culture=neutral, PublicKeyToken=b03f5f7f11d50a3a" className="TestComplexNumber.MatrixTest, TestComplexNumber, Version=1.0.0.0, Culture=neutral, PublicKeyToken=null" name="TransposeTest" />
    </UnitTest>
    <UnitTest name="op_AdditionTest" storage="c:\bruce n\programming\quantum computing\testcomplexnumber\bin\debug\testcomplexnumber.dll" id="38b23d36-491d-02f4-07c2-9d3cd23affc3">
      <Execution id="6272821f-b807-4bef-975f-cff310b92cd8" />
      <TestMethod codeBase="C:/Bruce N/Programming/Quantum Computing/TestComplexNumber/bin/Debug/TestComplexNumber.DLL" adapterTypeName="Microsoft.VisualStudio.TestTools.TestTypes.Unit.UnitTestAdapter, Microsoft.VisualStudio.QualityTools.Tips.UnitTest.Adapter, Version=10.0.0.0, Culture=neutral, PublicKeyToken=b03f5f7f11d50a3a" className="TestComplexNumber.VectorTest, TestComplexNumber, Version=1.0.0.0, Culture=neutral, PublicKeyToken=null" name="op_AdditionTest" />
    </UnitTest>
    <UnitTest name="VectorConstructorTest" storage="c:\bruce n\programming\quantum computing\testcomplexnumber\bin\debug\testcomplexnumber.dll" id="5b0b7f1b-1d05-7deb-83d6-f2293e41cb23">
      <Execution id="afae11a1-c245-4002-97cd-a6f4c60a614c" />
      <TestMethod codeBase="C:/Bruce N/Programming/Quantum Computing/TestComplexNumber/bin/Debug/TestComplexNumber.DLL" adapterTypeName="Microsoft.VisualStudio.TestTools.TestTypes.Unit.UnitTestAdapter, Microsoft.VisualStudio.QualityTools.Tips.UnitTest.Adapter, Version=10.0.0.0, Culture=neutral, PublicKeyToken=b03f5f7f11d50a3a" className="TestComplexNumber.VectorTest, TestComplexNumber, Version=1.0.0.0, Culture=neutral, PublicKeyToken=null" name="VectorConstructorTest" />
    </UnitTest>
    <UnitTest name="Exercise2o6o1" storage="c:\bruce n\programming\quantum computing\testcomplexnumber\bin\debug\testcomplexnumber.dll" id="bfd8552d-cec2-9ab5-c397-fd0fb67479e8">
      <Execution id="a9423d23-f36e-4039-ae93-263133ce36f4" />
      <TestMethod codeBase="C:/Bruce N/Programming/Quantum Computing/TestComplexNumber/bin/Debug/TestComplexNumber.DLL" adapterTypeName="Microsoft.VisualStudio.TestTools.TestTypes.Unit.UnitTestAdapter, Microsoft.VisualStudio.QualityTools.Tips.UnitTest.Adapter, Version=10.0.0.0, Culture=neutral, PublicKeyToken=b03f5f7f11d50a3a" className="TestComplexNumber.QCExercisesChapter2, TestComplexNumber, Version=1.0.0.0, Culture=neutral, PublicKeyToken=null" name="Exercise2o6o1" />
    </UnitTest>
    <UnitTest name="GetKetTest" storage="c:\bruce n\programming\quantum computing\testcomplexnumber\bin\debug\testcomplexnumber.dll" id="f0ba5c0b-8960-4edd-4fed-108844165cf0">
      <Execution id="faa554cb-057b-4e2e-86ad-90239801fe1a" />
      <TestMethod codeBase="C:/Bruce N/Programming/Quantum Computing/TestComplexNumber/bin/Debug/TestComplexNumber.DLL" adapterTypeName="Microsoft.VisualStudio.TestTools.TestTypes.Unit.UnitTestAdapter, Microsoft.VisualStudio.QualityTools.Tips.UnitTest.Adapter, Version=10.0.0.0, Culture=neutral, PublicKeyToken=b03f5f7f11d50a3a" className="TestComplexNumber.ComplexVectorTest, TestComplexNumber, Version=1.0.0.0, Culture=neutral, PublicKeyToken=null" name="GetKetTest" />
    </UnitTest>
    <UnitTest name="op_DotProductTest" storage="c:\bruce n\programming\quantum computing\testcomplexnumber\bin\debug\testcomplexnumber.dll" id="45e4093b-3343-3a21-e7a7-e836435896d3">
      <Execution id="3ff8e8f3-e476-47da-814b-175136736610" />
      <TestMethod codeBase="C:/Bruce N/Programming/Quantum Computing/TestComplexNumber/bin/Debug/TestComplexNumber.DLL" adapterTypeName="Microsoft.VisualStudio.TestTools.TestTypes.Unit.UnitTestAdapter, Microsoft.VisualStudio.QualityTools.Tips.UnitTest.Adapter, Version=10.0.0.0, Culture=neutral, PublicKeyToken=b03f5f7f11d50a3a" className="TestComplexNumber.VectorTest, TestComplexNumber, Version=1.0.0.0, Culture=neutral, PublicKeyToken=null" name="op_DotProductTest" />
    </UnitTest>
    <UnitTest name="Exercise2o6o9" storage="c:\bruce n\programming\quantum computing\testcomplexnumber\bin\debug\testcomplexnumber.dll" id="9c8a3a37-92aa-2f07-2535-a6f269371959">
      <Execution id="137d1cbd-20f7-4f2a-99e7-a37ac7f027ca" />
      <TestMethod codeBase="C:/Bruce N/Programming/Quantum Computing/TestComplexNumber/bin/Debug/TestComplexNumber.DLL" adapterTypeName="Microsoft.VisualStudio.TestTools.TestTypes.Unit.UnitTestAdapter, Microsoft.VisualStudio.QualityTools.Tips.UnitTest.Adapter, Version=10.0.0.0, Culture=neutral, PublicKeyToken=b03f5f7f11d50a3a" className="TestComplexNumber.QCExercisesChapter2, TestComplexNumber, Version=1.0.0.0, Culture=neutral, PublicKeyToken=null" name="Exercise2o6o9" />
    </UnitTest>
    <UnitTest name="InnerProductTest" storage="c:\bruce n\programming\quantum computing\testcomplexnumber\bin\debug\testcomplexnumber.dll" id="4611c12d-ab9b-ec67-f03d-aef14139fd18">
      <Execution id="0c808960-574d-4965-9cdc-1e50e5d88913" />
      <TestMethod codeBase="C:/Bruce N/Programming/Quantum Computing/TestComplexNumber/bin/Debug/TestComplexNumber.DLL" adapterTypeName="Microsoft.VisualStudio.TestTools.TestTypes.Unit.UnitTestAdapter, Microsoft.VisualStudio.QualityTools.Tips.UnitTest.Adapter, Version=10.0.0.0, Culture=neutral, PublicKeyToken=b03f5f7f11d50a3a" className="TestComplexNumber.ComplexMatrixTest, TestComplexNumber, Version=1.0.0.0, Culture=neutral, PublicKeyToken=null" name="InnerProductTest" />
    </UnitTest>
    <UnitTest name="op_MultiplyTest" storage="c:\bruce n\programming\quantum computing\testcomplexnumber\bin\debug\testcomplexnumber.dll" id="0599638c-2006-192a-49da-9fa79df3b55e">
      <Execution id="4589cf30-03b7-4c6b-931d-d3ea1eb74d3b" />
      <TestMethod codeBase="C:/Bruce N/Programming/Quantum Computing/TestComplexNumber/bin/Debug/TestComplexNumber.DLL" adapterTypeName="Microsoft.VisualStudio.TestTools.TestTypes.Unit.UnitTestAdapter, Microsoft.VisualStudio.QualityTools.Tips.UnitTest.Adapter, Version=10.0.0.0, Culture=neutral, PublicKeyToken=b03f5f7f11d50a3a" className="TestComplexNumber.MatrixTest, TestComplexNumber, Version=1.0.0.0, Culture=neutral, PublicKeyToken=null" name="op_MultiplyTest" />
    </UnitTest>
    <UnitTest name="Exercise2o6o6" storage="c:\bruce n\programming\quantum computing\testcomplexnumber\bin\debug\testcomplexnumber.dll" id="0627374f-baab-d288-a8a5-3146f1936a2d">
      <Execution id="a35fc932-e4a9-467c-b95c-f8307c803ee8" />
      <TestMethod codeBase="C:/Bruce N/Programming/Quantum Computing/TestComplexNumber/bin/Debug/TestComplexNumber.DLL" adapterTypeName="Microsoft.VisualStudio.TestTools.TestTypes.Unit.UnitTestAdapter, Microsoft.VisualStudio.QualityTools.Tips.UnitTest.Adapter, Version=10.0.0.0, Culture=neutral, PublicKeyToken=b03f5f7f11d50a3a" className="TestComplexNumber.QCExercisesChapter2, TestComplexNumber, Version=1.0.0.0, Culture=neutral, PublicKeyToken=null" name="Exercise2o6o6" />
    </UnitTest>
    <UnitTest name="IdentityMatrixTest" storage="c:\bruce n\programming\quantum computing\testcomplexnumber\bin\debug\testcomplexnumber.dll" id="25da0ecb-8f65-f3a6-c92d-fed8f87247e6">
      <Execution id="8e8e2e9b-e95d-4296-99ef-2cecc7a28faa" />
      <TestMethod codeBase="C:/Bruce N/Programming/Quantum Computing/TestComplexNumber/bin/Debug/TestComplexNumber.DLL" adapterTypeName="Microsoft.VisualStudio.TestTools.TestTypes.Unit.UnitTestAdapter, Microsoft.VisualStudio.QualityTools.Tips.UnitTest.Adapter, Version=10.0.0.0, Culture=neutral, PublicKeyToken=b03f5f7f11d50a3a" className="TestComplexNumber.MatrixTest, TestComplexNumber, Version=1.0.0.0, Culture=neutral, PublicKeyToken=null" name="IdentityMatrixTest" />
    </UnitTest>
    <UnitTest name="Exercise1o3o3" storage="c:\bruce n\programming\quantum computing\testcomplexnumber\bin\debug\testcomplexnumber.dll" id="70274760-027a-23e7-88b1-7688da4db4eb">
      <Execution id="0300e4d2-69ec-45b7-8083-c2a1614ae940" />
      <TestMethod codeBase="C:/Bruce N/Programming/Quantum Computing/TestComplexNumber/bin/Debug/TestComplexNumber.DLL" adapterTypeName="Microsoft.VisualStudio.TestTools.TestTypes.Unit.UnitTestAdapter, Microsoft.VisualStudio.QualityTools.Tips.UnitTest.Adapter, Version=10.0.0.0, Culture=neutral, PublicKeyToken=b03f5f7f11d50a3a" className="TestComplexNumber.QCExercisesChapter1, TestComplexNumber, Version=1.0.0.0, Culture=neutral, PublicKeyToken=null" name="Exercise1o3o3" />
    </UnitTest>
    <UnitTest name="Exercise4o2o7" storage="c:\bruce n\programming\quantum computing\testcomplexnumber\bin\debug\testcomplexnumber.dll" id="f368b193-6b5a-1b14-7094-e125316b3e80">
      <Execution id="d8402327-7172-488e-8460-d021755aaeaf" />
      <TestMethod codeBase="C:/Bruce N/Programming/Quantum Computing/TestComplexNumber/bin/Debug/TestComplexNumber.DLL" adapterTypeName="Microsoft.VisualStudio.TestTools.TestTypes.Unit.UnitTestAdapter, Microsoft.VisualStudio.QualityTools.Tips.UnitTest.Adapter, Version=10.0.0.0, Culture=neutral, PublicKeyToken=b03f5f7f11d50a3a" className="TestComplexNumber.QCExercisesChapter4, TestComplexNumber, Version=1.0.0.0, Culture=neutral, PublicKeyToken=null" name="Exercise4o2o7" />
    </UnitTest>
    <UnitTest name="GetAngleTest" storage="c:\bruce n\programming\quantum computing\testcomplexnumber\bin\debug\testcomplexnumber.dll" id="05b12b43-1783-0ca5-6417-946a728e7bad">
      <Execution id="a94d2c47-5b0a-4b50-bd30-e7ae06aa40f2" />
      <TestMethod codeBase="C:/Bruce N/Programming/Quantum Computing/TestComplexNumber/bin/Debug/TestComplexNumber.DLL" adapterTypeName="Microsoft.VisualStudio.TestTools.TestTypes.Unit.UnitTestAdapter, Microsoft.VisualStudio.QualityTools.Tips.UnitTest.Adapter, Version=10.0.0.0, Culture=neutral, PublicKeyToken=b03f5f7f11d50a3a" className="TestComplexNumber.VectorTest, TestComplexNumber, Version=1.0.0.0, Culture=neutral, PublicKeyToken=null" name="GetAngleTest" />
    </UnitTest>
    <UnitTest name="Example4o2o1" storage="c:\bruce n\programming\quantum computing\testcomplexnumber\bin\debug\testcomplexnumber.dll" id="cfda23f5-8521-9279-3cfb-c362ea2104e6">
      <Execution id="0f2dd5df-732e-4c2d-8357-2726c900f7de" />
      <TestMethod codeBase="C:/Bruce N/Programming/Quantum Computing/TestComplexNumber/bin/Debug/TestComplexNumber.DLL" adapterTypeName="Microsoft.VisualStudio.TestTools.TestTypes.Unit.UnitTestAdapter, Microsoft.VisualStudio.QualityTools.Tips.UnitTest.Adapter, Version=10.0.0.0, Culture=neutral, PublicKeyToken=b03f5f7f11d50a3a" className="TestComplexNumber.QCExercisesChapter4, TestComplexNumber, Version=1.0.0.0, Culture=neutral, PublicKeyToken=null" name="Example4o2o1" />
    </UnitTest>
    <UnitTest name="op_DivisionTest" storage="c:\bruce n\programming\quantum computing\testcomplexnumber\bin\debug\testcomplexnumber.dll" id="8071e8fe-9b4b-2580-cbc1-7f7b5fdb3e47">
      <Execution id="7a4743d1-361c-45cd-834e-a00c118af535" />
      <TestMethod codeBase="C:/Bruce N/Programming/Quantum Computing/TestComplexNumber/bin/Debug/TestComplexNumber.DLL" adapterTypeName="Microsoft.VisualStudio.TestTools.TestTypes.Unit.UnitTestAdapter, Microsoft.VisualStudio.QualityTools.Tips.UnitTest.Adapter, Version=10.0.0.0, Culture=neutral, PublicKeyToken=b03f5f7f11d50a3a" className="TestComplexNumber.ComplexNumberTest, TestComplexNumber, Version=1.0.0.0, Culture=neutral, PublicKeyToken=null" name="op_DivisionTest" />
    </UnitTest>
    <UnitTest name="CommutatorTest" storage="c:\bruce n\programming\quantum computing\testcomplexnumber\bin\debug\testcomplexnumber.dll" id="dd1468a1-9af3-1aa0-7b70-41b163e3c3e7">
      <Execution id="bd77b8ea-0de6-4708-89e3-2233ff4fe6d8" />
      <TestMethod codeBase="C:/Bruce N/Programming/Quantum Computing/TestComplexNumber/bin/Debug/TestComplexNumber.DLL" adapterTypeName="Microsoft.VisualStudio.TestTools.TestTypes.Unit.UnitTestAdapter, Microsoft.VisualStudio.QualityTools.Tips.UnitTest.Adapter, Version=10.0.0.0, Culture=neutral, PublicKeyToken=b03f5f7f11d50a3a" className="TestComplexNumber.MatrixTest, TestComplexNumber, Version=1.0.0.0, Culture=neutral, PublicKeyToken=null" name="CommutatorTest" />
    </UnitTest>
    <UnitTest name="ConjugateTest" storage="c:\bruce n\programming\quantum computing\testcomplexnumber\bin\debug\testcomplexnumber.dll" id="d1e32dc2-f33f-5363-4a8c-0ea170a9c822">
      <Execution id="37a9cbc0-f92e-4809-b1b8-66a3d6f0a74b" />
      <TestMethod codeBase="C:/Bruce N/Programming/Quantum Computing/TestComplexNumber/bin/Debug/TestComplexNumber.DLL" adapterTypeName="Microsoft.VisualStudio.TestTools.TestTypes.Unit.UnitTestAdapter, Microsoft.VisualStudio.QualityTools.Tips.UnitTest.Adapter, Version=10.0.0.0, Culture=neutral, PublicKeyToken=b03f5f7f11d50a3a" className="TestComplexNumber.ComplexNumberTest, TestComplexNumber, Version=1.0.0.0, Culture=neutral, PublicKeyToken=null" name="ConjugateTest" />
    </UnitTest>
    <UnitTest name="op_UnaryNegationTest" storage="c:\bruce n\programming\quantum computing\testcomplexnumber\bin\debug\testcomplexnumber.dll" id="8e039ac3-296f-0b32-1467-d43005f9a8c9">
      <Execution id="01914b90-3ccf-43c0-820a-ae9c0dc49f4e" />
      <TestMethod codeBase="C:/Bruce N/Programming/Quantum Computing/TestComplexNumber/bin/Debug/TestComplexNumber.DLL" adapterTypeName="Microsoft.VisualStudio.TestTools.TestTypes.Unit.UnitTestAdapter, Microsoft.VisualStudio.QualityTools.Tips.UnitTest.Adapter, Version=10.0.0.0, Culture=neutral, PublicKeyToken=b03f5f7f11d50a3a" className="TestComplexNumber.VectorTest, TestComplexNumber, Version=1.0.0.0, Culture=neutral, PublicKeyToken=null" name="op_UnaryNegationTest" />
    </UnitTest>
    <UnitTest name="Exercise2o4o3" storage="c:\bruce n\programming\quantum computing\testcomplexnumber\bin\debug\testcomplexnumber.dll" id="c75fc2ac-fde7-2038-d9a8-d86e951811a0">
      <Execution id="c6ddc401-f897-4d4d-8cd5-623a73dd4b17" />
      <TestMethod codeBase="C:/Bruce N/Programming/Quantum Computing/TestComplexNumber/bin/Debug/TestComplexNumber.DLL" adapterTypeName="Microsoft.VisualStudio.TestTools.TestTypes.Unit.UnitTestAdapter, Microsoft.VisualStudio.QualityTools.Tips.UnitTest.Adapter, Version=10.0.0.0, Culture=neutral, PublicKeyToken=b03f5f7f11d50a3a" className="TestComplexNumber.QCExercisesChapter2, TestComplexNumber, Version=1.0.0.0, Culture=neutral, PublicKeyToken=null" name="Exercise2o4o3" />
    </UnitTest>
    <UnitTest name="InnerProductTest" storage="c:\bruce n\programming\quantum computing\testcomplexnumber\bin\debug\testcomplexnumber.dll" id="84a3a475-fcd9-a697-a886-bb4311389ff1">
      <Execution id="cb156f4d-1c09-4354-b840-587ddf1b7768" />
      <TestMethod codeBase="C:/Bruce N/Programming/Quantum Computing/TestComplexNumber/bin/Debug/TestComplexNumber.DLL" adapterTypeName="Microsoft.VisualStudio.TestTools.TestTypes.Unit.UnitTestAdapter, Microsoft.VisualStudio.QualityTools.Tips.UnitTest.Adapter, Version=10.0.0.0, Culture=neutral, PublicKeyToken=b03f5f7f11d50a3a" className="TestComplexNumber.MatrixTest, TestComplexNumber, Version=1.0.0.0, Culture=neutral, PublicKeyToken=null" name="InnerProductTest" />
    </UnitTest>
    <UnitTest name="DistanceTest" storage="c:\bruce n\programming\quantum computing\testcomplexnumber\bin\debug\testcomplexnumber.dll" id="89a43019-9aa1-6b73-f686-b9999e672584">
      <Execution id="0e950397-0777-4997-9c87-243625268f4d" />
      <TestMethod codeBase="C:/Bruce N/Programming/Quantum Computing/TestComplexNumber/bin/Debug/TestComplexNumber.DLL" adapterTypeName="Microsoft.VisualStudio.TestTools.TestTypes.Unit.UnitTestAdapter, Microsoft.VisualStudio.QualityTools.Tips.UnitTest.Adapter, Version=10.0.0.0, Culture=neutral, PublicKeyToken=b03f5f7f11d50a3a" className="TestComplexNumber.VectorTest, TestComplexNumber, Version=1.0.0.0, Culture=neutral, PublicKeyToken=null" name="DistanceTest" />
    </UnitTest>
    <UnitTest name="Exercise2o4o6" storage="c:\bruce n\programming\quantum computing\testcomplexnumber\bin\debug\testcomplexnumber.dll" id="70b0a96d-aaac-2125-44fa-4f6d63eb62a7">
      <Execution id="a1b6f433-c938-4627-a154-7c95246f8faf" />
      <TestMethod codeBase="C:/Bruce N/Programming/Quantum Computing/TestComplexNumber/bin/Debug/TestComplexNumber.DLL" adapterTypeName="Microsoft.VisualStudio.TestTools.TestTypes.Unit.UnitTestAdapter, Microsoft.VisualStudio.QualityTools.Tips.UnitTest.Adapter, Version=10.0.0.0, Culture=neutral, PublicKeyToken=b03f5f7f11d50a3a" className="TestComplexNumber.QCExercisesChapter2, TestComplexNumber, Version=1.0.0.0, Culture=neutral, PublicKeyToken=null" name="Exercise2o4o6" />
    </UnitTest>
    <UnitTest name="EqualsTest" storage="c:\bruce n\programming\quantum computing\testcomplexnumber\bin\debug\testcomplexnumber.dll" id="e620761f-f36f-3a30-5a60-f84267c8154b">
      <Execution id="d59996f3-bb93-4f1c-aa70-f37d6bbc1053" />
      <TestMethod codeBase="C:/Bruce N/Programming/Quantum Computing/TestComplexNumber/bin/Debug/TestComplexNumber.DLL" adapterTypeName="Microsoft.VisualStudio.TestTools.TestTypes.Unit.UnitTestAdapter, Microsoft.VisualStudio.QualityTools.Tips.UnitTest.Adapter, Version=10.0.0.0, Culture=neutral, PublicKeyToken=b03f5f7f11d50a3a" className="TestComplexNumber.MatrixTest, TestComplexNumber, Version=1.0.0.0, Culture=neutral, PublicKeyToken=null" name="EqualsTest" />
    </UnitTest>
    <UnitTest name="Exercise3o3o1" storage="c:\bruce n\programming\quantum computing\testcomplexnumber\bin\debug\testcomplexnumber.dll" id="2495be45-e753-45de-32ff-e2c3eb28668d">
      <Execution id="26d6a51c-d82a-41a2-9d72-821a1c666c42" />
      <TestMethod codeBase="C:/Bruce N/Programming/Quantum Computing/TestComplexNumber/bin/Debug/TestComplexNumber.DLL" adapterTypeName="Microsoft.VisualStudio.TestTools.TestTypes.Unit.UnitTestAdapter, Microsoft.VisualStudio.QualityTools.Tips.UnitTest.Adapter, Version=10.0.0.0, Culture=neutral, PublicKeyToken=b03f5f7f11d50a3a" className="TestComplexNumber.QCExercisesChapter3, TestComplexNumber, Version=1.0.0.0, Culture=neutral, PublicKeyToken=null" name="Exercise3o3o1" />
    </UnitTest>
    <UnitTest name="Exercise4o2o8" storage="c:\bruce n\programming\quantum computing\testcomplexnumber\bin\debug\testcomplexnumber.dll" id="8c87e582-c187-2428-641f-ac52b8bc8afb">
      <Execution id="594b294f-7218-456c-b87f-732bcc79d405" />
      <TestMethod codeBase="C:/Bruce N/Programming/Quantum Computing/TestComplexNumber/bin/Debug/TestComplexNumber.DLL" adapterTypeName="Microsoft.VisualStudio.TestTools.TestTypes.Unit.UnitTestAdapter, Microsoft.VisualStudio.QualityTools.Tips.UnitTest.Adapter, Version=10.0.0.0, Culture=neutral, PublicKeyToken=b03f5f7f11d50a3a" className="TestComplexNumber.QCExercisesChapter4, TestComplexNumber, Version=1.0.0.0, Culture=neutral, PublicKeyToken=null" name="Exercise4o2o8" />
    </UnitTest>
    <UnitTest name="op_PowerTest" storage="c:\bruce n\programming\quantum computing\testcomplexnumber\bin\debug\testcomplexnumber.dll" id="2461313c-95d1-07bf-c932-ab214f8a619b">
      <Execution id="e09e14dc-3655-4e09-86ea-f8ec2d6515b2" />
      <TestMethod codeBase="C:/Bruce N/Programming/Quantum Computing/TestComplexNumber/bin/Debug/TestComplexNumber.DLL" adapterTypeName="Microsoft.VisualStudio.TestTools.TestTypes.Unit.UnitTestAdapter, Microsoft.VisualStudio.QualityTools.Tips.UnitTest.Adapter, Version=10.0.0.0, Culture=neutral, PublicKeyToken=b03f5f7f11d50a3a" className="TestComplexNumber.ComplexNumberTest, TestComplexNumber, Version=1.0.0.0, Culture=neutral, PublicKeyToken=null" name="op_PowerTest" />
    </UnitTest>
    <UnitTest name="GetNormalizedAmplitudeTest" storage="c:\bruce n\programming\quantum computing\testcomplexnumber\bin\debug\testcomplexnumber.dll" id="7c93be96-b5a0-1d46-8810-c4cc0920cb2c">
      <Execution id="08f25714-387e-4276-91f4-40340652d934" />
      <TestMethod codeBase="C:/Bruce N/Programming/Quantum Computing/TestComplexNumber/bin/Debug/TestComplexNumber.DLL" adapterTypeName="Microsoft.VisualStudio.TestTools.TestTypes.Unit.UnitTestAdapter, Microsoft.VisualStudio.QualityTools.Tips.UnitTest.Adapter, Version=10.0.0.0, Culture=neutral, PublicKeyToken=b03f5f7f11d50a3a" className="TestComplexNumber.ComplexVectorTest, TestComplexNumber, Version=1.0.0.0, Culture=neutral, PublicKeyToken=null" name="GetNormalizedAmplitudeTest" />
    </UnitTest>
    <UnitTest name="op_AdditionTest" storage="c:\bruce n\programming\quantum computing\testcomplexnumber\bin\debug\testcomplexnumber.dll" id="728da468-f507-e742-b2ad-f61f3c2f234c">
      <Execution id="187f4c99-a920-49d4-810b-9844a1e7db58" />
      <TestMethod codeBase="C:/Bruce N/Programming/Quantum Computing/TestComplexNumber/bin/Debug/TestComplexNumber.DLL" adapterTypeName="Microsoft.VisualStudio.TestTools.TestTypes.Unit.UnitTestAdapter, Microsoft.VisualStudio.QualityTools.Tips.UnitTest.Adapter, Version=10.0.0.0, Culture=neutral, PublicKeyToken=b03f5f7f11d50a3a" className="TestComplexNumber.ComplexNumberTest, TestComplexNumber, Version=1.0.0.0, Culture=neutral, PublicKeyToken=null" name="op_AdditionTest" />
    </UnitTest>
    <UnitTest name="EqualsTest" storage="c:\bruce n\programming\quantum computing\testcomplexnumber\bin\debug\testcomplexnumber.dll" id="2196f553-8d96-0cb1-ab6a-222290e750c6">
      <Execution id="2ff5d696-9ed2-45e5-b904-dfc833f83b80" />
      <TestMethod codeBase="C:/Bruce N/Programming/Quantum Computing/TestComplexNumber/bin/Debug/TestComplexNumber.DLL" adapterTypeName="Microsoft.VisualStudio.TestTools.TestTypes.Unit.UnitTestAdapter, Microsoft.VisualStudio.QualityTools.Tips.UnitTest.Adapter, Version=10.0.0.0, Culture=neutral, PublicKeyToken=b03f5f7f11d50a3a" className="TestComplexNumber.ComplexVectorTest, TestComplexNumber, Version=1.0.0.0, Culture=neutral, PublicKeyToken=null" name="EqualsTest" />
    </UnitTest>
    <UnitTest name="op_SubtractionTest" storage="c:\bruce n\programming\quantum computing\testcomplexnumber\bin\debug\testcomplexnumber.dll" id="8283d241-590a-b382-504b-bad3e64fc92e">
      <Execution id="48137a5e-f282-4768-9f38-41cf7d89f12c" />
      <TestMethod codeBase="C:/Bruce N/Programming/Quantum Computing/TestComplexNumber/bin/Debug/TestComplexNumber.DLL" adapterTypeName="Microsoft.VisualStudio.TestTools.TestTypes.Unit.UnitTestAdapter, Microsoft.VisualStudio.QualityTools.Tips.UnitTest.Adapter, Version=10.0.0.0, Culture=neutral, PublicKeyToken=b03f5f7f11d50a3a" className="TestComplexNumber.MatrixTest, TestComplexNumber, Version=1.0.0.0, Culture=neutral, PublicKeyToken=null" name="op_SubtractionTest" />
    </UnitTest>
    <UnitTest name="Exercise3o2o6" storage="c:\bruce n\programming\quantum computing\testcomplexnumber\bin\debug\testcomplexnumber.dll" id="aec04687-b925-f293-88d7-b9bf8f00fc28">
      <Execution id="56c8162c-24d4-4e89-96ea-c5750ff86c4e" />
      <TestMethod codeBase="C:/Bruce N/Programming/Quantum Computing/TestComplexNumber/bin/Debug/TestComplexNumber.DLL" adapterTypeName="Microsoft.VisualStudio.TestTools.TestTypes.Unit.UnitTestAdapter, Microsoft.VisualStudio.QualityTools.Tips.UnitTest.Adapter, Version=10.0.0.0, Culture=neutral, PublicKeyToken=b03f5f7f11d50a3a" className="TestComplexNumber.QCExercisesChapter3, TestComplexNumber, Version=1.0.0.0, Culture=neutral, PublicKeyToken=null" name="Exercise3o2o6" />
    </UnitTest>
    <UnitTest name="TransposeTest" storage="c:\bruce n\programming\quantum computing\testcomplexnumber\bin\debug\testcomplexnumber.dll" id="45c1478b-4df2-7873-3421-9c35cffff0b5">
      <Execution id="7477574f-a8ae-4b0d-bdd3-8593280b91cc" />
      <TestMethod codeBase="C:/Bruce N/Programming/Quantum Computing/TestComplexNumber/bin/Debug/TestComplexNumber.DLL" adapterTypeName="Microsoft.VisualStudio.TestTools.TestTypes.Unit.UnitTestAdapter, Microsoft.VisualStudio.QualityTools.Tips.UnitTest.Adapter, Version=10.0.0.0, Culture=neutral, PublicKeyToken=b03f5f7f11d50a3a" className="TestComplexNumber.ComplexMatrixTest, TestComplexNumber, Version=1.0.0.0, Culture=neutral, PublicKeyToken=null" name="TransposeTest" />
    </UnitTest>
    <UnitTest name="ModulusTest" storage="c:\bruce n\programming\quantum computing\testcomplexnumber\bin\debug\testcomplexnumber.dll" id="85bc1fba-aa1e-c1ef-9000-a508e9350978">
      <Execution id="940d8a9d-d8ab-46bb-b302-43f061755987" />
      <TestMethod codeBase="C:/Bruce N/Programming/Quantum Computing/TestComplexNumber/bin/Debug/TestComplexNumber.DLL" adapterTypeName="Microsoft.VisualStudio.TestTools.TestTypes.Unit.UnitTestAdapter, Microsoft.VisualStudio.QualityTools.Tips.UnitTest.Adapter, Version=10.0.0.0, Culture=neutral, PublicKeyToken=b03f5f7f11d50a3a" className="TestComplexNumber.ComplexNumberTest, TestComplexNumber, Version=1.0.0.0, Culture=neutral, PublicKeyToken=null" name="ModulusTest" />
    </UnitTest>
    <UnitTest name="SetCartesianCoordinatesTest" storage="c:\bruce n\programming\quantum computing\testcomplexnumber\bin\debug\testcomplexnumber.dll" id="7f3420a7-c01c-ee16-8a61-460ee76e48af">
      <Execution id="f0d02fe5-d709-4ced-9c1f-6c9626c77124" />
      <TestMethod codeBase="C:/Bruce N/Programming/Quantum Computing/TestComplexNumber/bin/Debug/TestComplexNumber.DLL" adapterTypeName="Microsoft.VisualStudio.TestTools.TestTypes.Unit.UnitTestAdapter, Microsoft.VisualStudio.QualityTools.Tips.UnitTest.Adapter, Version=10.0.0.0, Culture=neutral, PublicKeyToken=b03f5f7f11d50a3a" className="TestComplexNumber.ComplexNumberTest, TestComplexNumber, Version=1.0.0.0, Culture=neutral, PublicKeyToken=null" name="SetCartesianCoordinatesTest" />
    </UnitTest>
    <UnitTest name="TestEquation2o13" storage="c:\bruce n\programming\quantum computing\testcomplexnumber\bin\debug\testcomplexnumber.dll" id="e3655047-245b-e2c7-2c26-19e72f979c1d">
      <Execution id="b7f295d5-e4b1-496a-b2d4-35a22957e716" />
      <TestMethod codeBase="C:/Bruce N/Programming/Quantum Computing/TestComplexNumber/bin/Debug/TestComplexNumber.DLL" adapterTypeName="Microsoft.VisualStudio.TestTools.TestTypes.Unit.UnitTestAdapter, Microsoft.VisualStudio.QualityTools.Tips.UnitTest.Adapter, Version=10.0.0.0, Culture=neutral, PublicKeyToken=b03f5f7f11d50a3a" className="TestComplexNumber.QCExercisesChapter2, TestComplexNumber, Version=1.0.0.0, Culture=neutral, PublicKeyToken=null" name="TestEquation2o13" />
    </UnitTest>
    <UnitTest name="PolarCoordinatesTest" storage="c:\bruce n\programming\quantum computing\testcomplexnumber\bin\debug\testcomplexnumber.dll" id="fb89f0d9-b250-f580-809f-a6350fa8fd66">
      <Execution id="17763aa7-60f6-43f0-9d5d-3ce0f4965009" />
      <TestMethod codeBase="C:/Bruce N/Programming/Quantum Computing/TestComplexNumber/bin/Debug/TestComplexNumber.DLL" adapterTypeName="Microsoft.VisualStudio.TestTools.TestTypes.Unit.UnitTestAdapter, Microsoft.VisualStudio.QualityTools.Tips.UnitTest.Adapter, Version=10.0.0.0, Culture=neutral, PublicKeyToken=b03f5f7f11d50a3a" className="TestComplexNumber.ComplexNumberTest, TestComplexNumber, Version=1.0.0.0, Culture=neutral, PublicKeyToken=null" name="PolarCoordinatesTest" />
    </UnitTest>
    <UnitTest name="Exercise3o1o1" storage="c:\bruce n\programming\quantum computing\testcomplexnumber\bin\debug\testcomplexnumber.dll" id="8948e81d-4481-f3a6-0a8b-92d5a21b0ed1">
      <Execution id="7cb9be5d-ef8f-4911-aa1f-3c3b074fab3e" />
      <TestMethod codeBase="C:/Bruce N/Programming/Quantum Computing/TestComplexNumber/bin/Debug/TestComplexNumber.DLL" adapterTypeName="Microsoft.VisualStudio.TestTools.TestTypes.Unit.UnitTestAdapter, Microsoft.VisualStudio.QualityTools.Tips.UnitTest.Adapter, Version=10.0.0.0, Culture=neutral, PublicKeyToken=b03f5f7f11d50a3a" className="TestComplexNumber.QCExercisesChapter3, TestComplexNumber, Version=1.0.0.0, Culture=neutral, PublicKeyToken=null" name="Exercise3o1o1" />
    </UnitTest>
    <UnitTest name="Exercise3o1o2" storage="c:\bruce n\programming\quantum computing\testcomplexnumber\bin\debug\testcomplexnumber.dll" id="1683eaf6-b230-9872-7e1d-e1c2509c0be1">
      <Execution id="630c7c1a-e3a7-479e-ac0e-44d49d2266f3" />
      <TestMethod codeBase="C:/Bruce N/Programming/Quantum Computing/TestComplexNumber/bin/Debug/TestComplexNumber.DLL" adapterTypeName="Microsoft.VisualStudio.TestTools.TestTypes.Unit.UnitTestAdapter, Microsoft.VisualStudio.QualityTools.Tips.UnitTest.Adapter, Version=10.0.0.0, Culture=neutral, PublicKeyToken=b03f5f7f11d50a3a" className="TestComplexNumber.QCExercisesChapter3, TestComplexNumber, Version=1.0.0.0, Culture=neutral, PublicKeyToken=null" name="Exercise3o1o2" />
    </UnitTest>
    <UnitTest name="ToStringTest" storage="c:\bruce n\programming\quantum computing\testcomplexnumber\bin\debug\testcomplexnumber.dll" id="a742c746-5181-52e8-23a7-13e7e8c75d0d">
      <Execution id="ce96145f-6abb-4b6f-9490-8fcecc4eab0e" />
      <TestMethod codeBase="C:/Bruce N/Programming/Quantum Computing/TestComplexNumber/bin/Debug/TestComplexNumber.DLL" adapterTypeName="Microsoft.VisualStudio.TestTools.TestTypes.Unit.UnitTestAdapter, Microsoft.VisualStudio.QualityTools.Tips.UnitTest.Adapter, Version=10.0.0.0, Culture=neutral, PublicKeyToken=b03f5f7f11d50a3a" className="TestComplexNumber.VectorTest, TestComplexNumber, Version=1.0.0.0, Culture=neutral, PublicKeyToken=null" name="ToStringTest" />
    </UnitTest>
    <UnitTest name="IsOrthogonalTest" storage="c:\bruce n\programming\quantum computing\testcomplexnumber\bin\debug\testcomplexnumber.dll" id="f45ba4d9-1948-fd2a-d93c-c51eacddf456">
      <Execution id="47b9ee14-b8b1-4f86-ad82-b7da006afd93" />
      <TestMethod codeBase="C:/Bruce N/Programming/Quantum Computing/TestComplexNumber/bin/Debug/TestComplexNumber.DLL" adapterTypeName="Microsoft.VisualStudio.TestTools.TestTypes.Unit.UnitTestAdapter, Microsoft.VisualStudio.QualityTools.Tips.UnitTest.Adapter, Version=10.0.0.0, Culture=neutral, PublicKeyToken=b03f5f7f11d50a3a" className="TestComplexNumber.VectorTest, TestComplexNumber, Version=1.0.0.0, Culture=neutral, PublicKeyToken=null" name="IsOrthogonalTest" />
    </UnitTest>
    <UnitTest name="Number13" storage="c:\bruce n\programming\quantum computing\testcomplexnumber\bin\debug\testcomplexnumber.dll" id="0ba55472-e42d-ce89-4611-b74239fe58fa">
      <Execution id="6ee74211-194f-4add-a84d-6fa517592027" />
      <TestMethod codeBase="C:/Bruce N/Programming/Quantum Computing/TestComplexNumber/bin/Debug/TestComplexNumber.DLL" adapterTypeName="Microsoft.VisualStudio.TestTools.TestTypes.Unit.UnitTestAdapter, Microsoft.VisualStudio.QualityTools.Tips.UnitTest.Adapter, Version=10.0.0.0, Culture=neutral, PublicKeyToken=b03f5f7f11d50a3a" className="ExercisesChapter1Tests.LAExercise1o1, TestComplexNumber, Version=1.0.0.0, Culture=neutral, PublicKeyToken=null" name="Number13" />
    </UnitTest>
    <UnitTest name="SetToZeroTest" storage="c:\bruce n\programming\quantum computing\testcomplexnumber\bin\debug\testcomplexnumber.dll" id="965a50e8-2ef6-40c1-4122-e2170c7021eb">
      <Execution id="70f9b40b-b491-4ddf-8ed9-5e5955ed9abd" />
      <TestMethod codeBase="C:/Bruce N/Programming/Quantum Computing/TestComplexNumber/bin/Debug/TestComplexNumber.DLL" adapterTypeName="Microsoft.VisualStudio.TestTools.TestTypes.Unit.UnitTestAdapter, Microsoft.VisualStudio.QualityTools.Tips.UnitTest.Adapter, Version=10.0.0.0, Culture=neutral, PublicKeyToken=b03f5f7f11d50a3a" className="TestComplexNumber.ComplexVectorTest, TestComplexNumber, Version=1.0.0.0, Culture=neutral, PublicKeyToken=null" name="SetToZeroTest" />
    </UnitTest>
    <UnitTest name="InnerProductTest" storage="c:\bruce n\programming\quantum computing\testcomplexnumber\bin\debug\testcomplexnumber.dll" id="7f620adb-a555-cf8e-6039-9aba1a009772">
      <Execution id="2aa979d7-ae19-4638-be81-afe3de80971f" />
      <TestMethod codeBase="C:/Bruce N/Programming/Quantum Computing/TestComplexNumber/bin/Debug/TestComplexNumber.DLL" adapterTypeName="Microsoft.VisualStudio.TestTools.TestTypes.Unit.UnitTestAdapter, Microsoft.VisualStudio.QualityTools.Tips.UnitTest.Adapter, Version=10.0.0.0, Culture=neutral, PublicKeyToken=b03f5f7f11d50a3a" className="TestComplexNumber.ComplexNumberTest, TestComplexNumber, Version=1.0.0.0, Culture=neutral, PublicKeyToken=null" name="InnerProductTest" />
    </UnitTest>
    <UnitTest name="Example4o2o7" storage="c:\bruce n\programming\quantum computing\testcomplexnumber\bin\debug\testcomplexnumber.dll" id="acd83d3c-1f09-56f5-c309-c66c3b56b876">
      <Execution id="1b60e828-ecd9-41da-801f-a34330e1d81b" />
      <TestMethod codeBase="C:/Bruce N/Programming/Quantum Computing/TestComplexNumber/bin/Debug/TestComplexNumber.DLL" adapterTypeName="Microsoft.VisualStudio.TestTools.TestTypes.Unit.UnitTestAdapter, Microsoft.VisualStudio.QualityTools.Tips.UnitTest.Adapter, Version=10.0.0.0, Culture=neutral, PublicKeyToken=b03f5f7f11d50a3a" className="TestComplexNumber.QCExercisesChapter4, TestComplexNumber, Version=1.0.0.0, Culture=neutral, PublicKeyToken=null" name="Example4o2o7" />
    </UnitTest>
    <UnitTest name="op_MultiplyTest1" storage="c:\bruce n\programming\quantum computing\testcomplexnumber\bin\debug\testcomplexnumber.dll" id="a250f3fb-9de6-3396-c0f7-a3dadfe0ee2c">
      <Execution id="535ff2ef-9156-4cbd-bbea-03ede62b923d" />
      <TestMethod codeBase="C:/Bruce N/Programming/Quantum Computing/TestComplexNumber/bin/Debug/TestComplexNumber.DLL" adapterTypeName="Microsoft.VisualStudio.TestTools.TestTypes.Unit.UnitTestAdapter, Microsoft.VisualStudio.QualityTools.Tips.UnitTest.Adapter, Version=10.0.0.0, Culture=neutral, PublicKeyToken=b03f5f7f11d50a3a" className="TestComplexNumber.ComplexNumberTest, TestComplexNumber, Version=1.0.0.0, Culture=neutral, PublicKeyToken=null" name="op_MultiplyTest1" />
    </UnitTest>
    <UnitTest name="Exercise1o3o9" storage="c:\bruce n\programming\quantum computing\testcomplexnumber\bin\debug\testcomplexnumber.dll" id="fa18e5a6-2bc3-12df-bb51-c37d30f52f95">
      <Execution id="fe879838-ca94-4e05-a74a-0f3f0838eac5" />
      <TestMethod codeBase="C:/Bruce N/Programming/Quantum Computing/TestComplexNumber/bin/Debug/TestComplexNumber.DLL" adapterTypeName="Microsoft.VisualStudio.TestTools.TestTypes.Unit.UnitTestAdapter, Microsoft.VisualStudio.QualityTools.Tips.UnitTest.Adapter, Version=10.0.0.0, Culture=neutral, PublicKeyToken=b03f5f7f11d50a3a" className="TestComplexNumber.QCExercisesChapter1, TestComplexNumber, Version=1.0.0.0, Culture=neutral, PublicKeyToken=null" name="Exercise1o3o9" />
    </UnitTest>
    <UnitTest name="op_UnaryNegationTest" storage="c:\bruce n\programming\quantum computing\testcomplexnumber\bin\debug\testcomplexnumber.dll" id="df464f9e-b112-5566-5b91-0946280686ed">
      <Execution id="64464e31-d563-4012-94cb-d7a2aaf9388a" />
      <TestMethod codeBase="C:/Bruce N/Programming/Quantum Computing/TestComplexNumber/bin/Debug/TestComplexNumber.DLL" adapterTypeName="Microsoft.VisualStudio.TestTools.TestTypes.Unit.UnitTestAdapter, Microsoft.VisualStudio.QualityTools.Tips.UnitTest.Adapter, Version=10.0.0.0, Culture=neutral, PublicKeyToken=b03f5f7f11d50a3a" className="TestComplexNumber.MatrixTest, TestComplexNumber, Version=1.0.0.0, Culture=neutral, PublicKeyToken=null" name="op_UnaryNegationTest" />
    </UnitTest>
    <UnitTest name="op_AdditionTest" storage="c:\bruce n\programming\quantum computing\testcomplexnumber\bin\debug\testcomplexnumber.dll" id="843d4548-139b-668c-d827-42f4346b3ef0">
      <Execution id="71d40334-3e6d-4310-88ba-7f6b3eacf7f1" />
      <TestMethod codeBase="C:/Bruce N/Programming/Quantum Computing/TestComplexNumber/bin/Debug/TestComplexNumber.DLL" adapterTypeName="Microsoft.VisualStudio.TestTools.TestTypes.Unit.UnitTestAdapter, Microsoft.VisualStudio.QualityTools.Tips.UnitTest.Adapter, Version=10.0.0.0, Culture=neutral, PublicKeyToken=b03f5f7f11d50a3a" className="TestComplexNumber.MatrixTest, TestComplexNumber, Version=1.0.0.0, Culture=neutral, PublicKeyToken=null" name="op_AdditionTest" />
    </UnitTest>
    <UnitTest name="ImaginaryTest" storage="c:\bruce n\programming\quantum computing\testcomplexnumber\bin\debug\testcomplexnumber.dll" id="f2fd9c40-ebed-2a46-34fc-5586a484fe11">
      <Execution id="fffd1dfc-e7e3-43e6-b396-be8a073aacfd" />
      <TestMethod codeBase="C:/Bruce N/Programming/Quantum Computing/TestComplexNumber/bin/Debug/TestComplexNumber.DLL" adapterTypeName="Microsoft.VisualStudio.TestTools.TestTypes.Unit.UnitTestAdapter, Microsoft.VisualStudio.QualityTools.Tips.UnitTest.Adapter, Version=10.0.0.0, Culture=neutral, PublicKeyToken=b03f5f7f11d50a3a" className="TestComplexNumber.ComplexNumberTest, TestComplexNumber, Version=1.0.0.0, Culture=neutral, PublicKeyToken=null" name="ImaginaryTest" />
    </UnitTest>
    <UnitTest name="Exercise2o2o9" storage="c:\bruce n\programming\quantum computing\testcomplexnumber\bin\debug\testcomplexnumber.dll" id="6ffdc6d3-cefb-3296-5e75-ac13fe3afd03">
      <Execution id="21f24346-36a2-474a-b9dd-ff2e7aa2e011" />
      <TestMethod codeBase="C:/Bruce N/Programming/Quantum Computing/TestComplexNumber/bin/Debug/TestComplexNumber.DLL" adapterTypeName="Microsoft.VisualStudio.TestTools.TestTypes.Unit.UnitTestAdapter, Microsoft.VisualStudio.QualityTools.Tips.UnitTest.Adapter, Version=10.0.0.0, Culture=neutral, PublicKeyToken=b03f5f7f11d50a3a" className="TestComplexNumber.QCExercisesChapter2, TestComplexNumber, Version=1.0.0.0, Culture=neutral, PublicKeyToken=null" name="Exercise2o2o9" />
    </UnitTest>
    <UnitTest name="Exercise2o1o1" storage="c:\bruce n\programming\quantum computing\testcomplexnumber\bin\debug\testcomplexnumber.dll" id="3ab0606d-4843-ff36-b97d-0c79e11782f1">
      <Execution id="15942560-277e-4c72-af76-f5ae607b2380" />
      <TestMethod codeBase="C:/Bruce N/Programming/Quantum Computing/TestComplexNumber/bin/Debug/TestComplexNumber.DLL" adapterTypeName="Microsoft.VisualStudio.TestTools.TestTypes.Unit.UnitTestAdapter, Microsoft.VisualStudio.QualityTools.Tips.UnitTest.Adapter, Version=10.0.0.0, Culture=neutral, PublicKeyToken=b03f5f7f11d50a3a" className="TestComplexNumber.QCExercisesChapter2, TestComplexNumber, Version=1.0.0.0, Culture=neutral, PublicKeyToken=null" name="Exercise2o1o1" />
    </UnitTest>
    <UnitTest name="GetAmplitudeTest" storage="c:\bruce n\programming\quantum computing\testcomplexnumber\bin\debug\testcomplexnumber.dll" id="d5ba24d1-27d1-0b69-994f-a21952016180">
      <Execution id="62e9a1d2-3be2-438e-92ea-beea7d506c5b" />
      <TestMethod codeBase="C:/Bruce N/Programming/Quantum Computing/TestComplexNumber/bin/Debug/TestComplexNumber.DLL" adapterTypeName="Microsoft.VisualStudio.TestTools.TestTypes.Unit.UnitTestAdapter, Microsoft.VisualStudio.QualityTools.Tips.UnitTest.Adapter, Version=10.0.0.0, Culture=neutral, PublicKeyToken=b03f5f7f11d50a3a" className="TestComplexNumber.ComplexVectorTest, TestComplexNumber, Version=1.0.0.0, Culture=neutral, PublicKeyToken=null" name="GetAmplitudeTest" />
    </UnitTest>
    <UnitTest name="DivideTest" storage="c:\bruce n\programming\quantum computing\testcomplexnumber\bin\debug\testcomplexnumber.dll" id="cad52bb7-add3-40f2-d3bf-b3532e5f7a63">
      <Execution id="5b15181b-bfb9-4670-b1de-450a5d827e0d" />
      <TestMethod codeBase="C:/Bruce N/Programming/Quantum Computing/TestComplexNumber/bin/Debug/TestComplexNumber.DLL" adapterTypeName="Microsoft.VisualStudio.TestTools.TestTypes.Unit.UnitTestAdapter, Microsoft.VisualStudio.QualityTools.Tips.UnitTest.Adapter, Version=10.0.0.0, Culture=neutral, PublicKeyToken=b03f5f7f11d50a3a" className="TestComplexNumber.ComplexNumberTest, TestComplexNumber, Version=1.0.0.0, Culture=neutral, PublicKeyToken=null" name="DivideTest" />
    </UnitTest>
    <UnitTest name="op_MultiplyTest" storage="c:\bruce n\programming\quantum computing\testcomplexnumber\bin\debug\testcomplexnumber.dll" id="a2a281b6-476e-eb5a-45e5-afa89a5fb8b5">
      <Execution id="b2ea747c-2c6c-4de3-8d99-c363565d30db" />
      <TestMethod codeBase="C:/Bruce N/Programming/Quantum Computing/TestComplexNumber/bin/Debug/TestComplexNumber.DLL" adapterTypeName="Microsoft.VisualStudio.TestTools.TestTypes.Unit.UnitTestAdapter, Microsoft.VisualStudio.QualityTools.Tips.UnitTest.Adapter, Version=10.0.0.0, Culture=neutral, PublicKeyToken=b03f5f7f11d50a3a" className="TestComplexNumber.ComplexNumberTest, TestComplexNumber, Version=1.0.0.0, Culture=neutral, PublicKeyToken=null" name="op_MultiplyTest" />
    </UnitTest>
    <UnitTest name="IsHermitianTest" storage="c:\bruce n\programming\quantum computing\testcomplexnumber\bin\debug\testcomplexnumber.dll" id="49e51852-7075-5008-f887-b580ee4d13af">
      <Execution id="9e10a6bc-0195-4d89-84eb-63548c169e1c" />
      <TestMethod codeBase="C:/Bruce N/Programming/Quantum Computing/TestComplexNumber/bin/Debug/TestComplexNumber.DLL" adapterTypeName="Microsoft.VisualStudio.TestTools.TestTypes.Unit.UnitTestAdapter, Microsoft.VisualStudio.QualityTools.Tips.UnitTest.Adapter, Version=10.0.0.0, Culture=neutral, PublicKeyToken=b03f5f7f11d50a3a" className="TestComplexNumber.ComplexMatrixTest, TestComplexNumber, Version=1.0.0.0, Culture=neutral, PublicKeyToken=null" name="IsHermitianTest" />
    </UnitTest>
    <UnitTest name="ComplexToDoubleTest" storage="c:\bruce n\programming\quantum computing\testcomplexnumber\bin\debug\testcomplexnumber.dll" id="3c01b151-3119-7729-69fb-12ad4b09e592">
      <DeploymentItems>
        <DeploymentItem filename="LinearAlgebra.dll" />
      </DeploymentItems>
      <Execution id="6f12d694-000c-48c8-9319-a703ce4f15cc" />
      <TestMethod codeBase="C:/Bruce N/Programming/Quantum Computing/TestComplexNumber/bin/Debug/TestComplexNumber.DLL" adapterTypeName="Microsoft.VisualStudio.TestTools.TestTypes.Unit.UnitTestAdapter, Microsoft.VisualStudio.QualityTools.Tips.UnitTest.Adapter, Version=10.0.0.0, Culture=neutral, PublicKeyToken=b03f5f7f11d50a3a" className="TestComplexNumber.MatrixTest, TestComplexNumber, Version=1.0.0.0, Culture=neutral, PublicKeyToken=null" name="ComplexToDoubleTest" />
    </UnitTest>
    <UnitTest name="Exercise1o2o12" storage="c:\bruce n\programming\quantum computing\testcomplexnumber\bin\debug\testcomplexnumber.dll" id="511a4f61-ce89-55d2-60bf-217e67e9f532">
      <Execution id="f41047ea-7892-4a33-9e7c-1b9615dad6c8" />
      <TestMethod codeBase="C:/Bruce N/Programming/Quantum Computing/TestComplexNumber/bin/Debug/TestComplexNumber.DLL" adapterTypeName="Microsoft.VisualStudio.TestTools.TestTypes.Unit.UnitTestAdapter, Microsoft.VisualStudio.QualityTools.Tips.UnitTest.Adapter, Version=10.0.0.0, Culture=neutral, PublicKeyToken=b03f5f7f11d50a3a" className="TestComplexNumber.QCExercisesChapter1, TestComplexNumber, Version=1.0.0.0, Culture=neutral, PublicKeyToken=null" name="Exercise1o2o12" />
    </UnitTest>
    <UnitTest name="Exercise1o2o4" storage="c:\bruce n\programming\quantum computing\testcomplexnumber\bin\debug\testcomplexnumber.dll" id="afbb9659-a5fc-9266-3d62-d7f0d8dcbab6">
      <Execution id="379ec80c-2ae0-4e46-8be1-d36bb9c8da0c" />
      <TestMethod codeBase="C:/Bruce N/Programming/Quantum Computing/TestComplexNumber/bin/Debug/TestComplexNumber.DLL" adapterTypeName="Microsoft.VisualStudio.TestTools.TestTypes.Unit.UnitTestAdapter, Microsoft.VisualStudio.QualityTools.Tips.UnitTest.Adapter, Version=10.0.0.0, Culture=neutral, PublicKeyToken=b03f5f7f11d50a3a" className="TestComplexNumber.QCExercisesChapter1, TestComplexNumber, Version=1.0.0.0, Culture=neutral, PublicKeyToken=null" name="Exercise1o2o4" />
    </UnitTest>
    <UnitTest name="MatrixConstructorTest" storage="c:\bruce n\programming\quantum computing\testcomplexnumber\bin\debug\testcomplexnumber.dll" id="fa106201-6689-e149-ee9f-22bc394d4b15">
      <Execution id="e4977708-1528-4391-9e8d-3c86a9b44cc9" />
      <TestMethod codeBase="C:/Bruce N/Programming/Quantum Computing/TestComplexNumber/bin/Debug/TestComplexNumber.DLL" adapterTypeName="Microsoft.VisualStudio.TestTools.TestTypes.Unit.UnitTestAdapter, Microsoft.VisualStudio.QualityTools.Tips.UnitTest.Adapter, Version=10.0.0.0, Culture=neutral, PublicKeyToken=b03f5f7f11d50a3a" className="TestComplexNumber.MatrixTest, TestComplexNumber, Version=1.0.0.0, Culture=neutral, PublicKeyToken=null" name="MatrixConstructorTest" />
    </UnitTest>
    <UnitTest name="Example4o2o12" storage="c:\bruce n\programming\quantum computing\testcomplexnumber\bin\debug\testcomplexnumber.dll" id="6dbfaaf3-0c2f-79c7-5448-3d9091ca07d2">
      <Execution id="e361d7cc-ca5c-4da0-959d-22f7ff0ca7b5" />
      <TestMethod codeBase="C:/Bruce N/Programming/Quantum Computing/TestComplexNumber/bin/Debug/TestComplexNumber.DLL" adapterTypeName="Microsoft.VisualStudio.TestTools.TestTypes.Unit.UnitTestAdapter, Microsoft.VisualStudio.QualityTools.Tips.UnitTest.Adapter, Version=10.0.0.0, Culture=neutral, PublicKeyToken=b03f5f7f11d50a3a" className="TestComplexNumber.QCExercisesChapter4, TestComplexNumber, Version=1.0.0.0, Culture=neutral, PublicKeyToken=null" name="Example4o2o12" />
    </UnitTest>
    <UnitTest name="Exercise2o4o5" storage="c:\bruce n\programming\quantum computing\testcomplexnumber\bin\debug\testcomplexnumber.dll" id="cf3f4348-6cc3-43d1-c760-65208684009c">
      <Execution id="aeaad846-7578-4ccf-8c63-ae8d482b5f63" />
      <TestMethod codeBase="C:/Bruce N/Programming/Quantum Computing/TestComplexNumber/bin/Debug/TestComplexNumber.DLL" adapterTypeName="Microsoft.VisualStudio.TestTools.TestTypes.Unit.UnitTestAdapter, Microsoft.VisualStudio.QualityTools.Tips.UnitTest.Adapter, Version=10.0.0.0, Culture=neutral, PublicKeyToken=b03f5f7f11d50a3a" className="TestComplexNumber.QCExercisesChapter2, TestComplexNumber, Version=1.0.0.0, Culture=neutral, PublicKeyToken=null" name="Exercise2o4o5" />
    </UnitTest>
    <UnitTest name="Exercise2o6o5" storage="c:\bruce n\programming\quantum computing\testcomplexnumber\bin\debug\testcomplexnumber.dll" id="ee944308-05a6-64ab-5bf9-f0a0e7c8737a">
      <Execution id="363a848e-5330-4fc8-9106-727e1a2e5e91" />
      <TestMethod codeBase="C:/Bruce N/Programming/Quantum Computing/TestComplexNumber/bin/Debug/TestComplexNumber.DLL" adapterTypeName="Microsoft.VisualStudio.TestTools.TestTypes.Unit.UnitTestAdapter, Microsoft.VisualStudio.QualityTools.Tips.UnitTest.Adapter, Version=10.0.0.0, Culture=neutral, PublicKeyToken=b03f5f7f11d50a3a" className="TestComplexNumber.QCExercisesChapter2, TestComplexNumber, Version=1.0.0.0, Culture=neutral, PublicKeyToken=null" name="Exercise2o6o5" />
    </UnitTest>
    <UnitTest name="RootTest" storage="c:\bruce n\programming\quantum computing\testcomplexnumber\bin\debug\testcomplexnumber.dll" id="b88b9ca8-ba65-70cd-81ce-345ab5fb1d53">
      <Execution id="f8a7d2e4-f3d0-4e21-bc7e-b20abfe60962" />
      <TestMethod codeBase="C:/Bruce N/Programming/Quantum Computing/TestComplexNumber/bin/Debug/TestComplexNumber.DLL" adapterTypeName="Microsoft.VisualStudio.TestTools.TestTypes.Unit.UnitTestAdapter, Microsoft.VisualStudio.QualityTools.Tips.UnitTest.Adapter, Version=10.0.0.0, Culture=neutral, PublicKeyToken=b03f5f7f11d50a3a" className="TestComplexNumber.ComplexNumberTest, TestComplexNumber, Version=1.0.0.0, Culture=neutral, PublicKeyToken=null" name="RootTest" />
    </UnitTest>
    <UnitTest name="Example3o2o1" storage="c:\bruce n\programming\quantum computing\testcomplexnumber\bin\debug\testcomplexnumber.dll" id="fc5f6b28-8f99-b5ff-6ec9-739c1fd6e416">
      <Execution id="579e8c5e-176e-435a-aa88-66b2725c311b" />
      <TestMethod codeBase="C:/Bruce N/Programming/Quantum Computing/TestComplexNumber/bin/Debug/TestComplexNumber.DLL" adapterTypeName="Microsoft.VisualStudio.TestTools.TestTypes.Unit.UnitTestAdapter, Microsoft.VisualStudio.QualityTools.Tips.UnitTest.Adapter, Version=10.0.0.0, Culture=neutral, PublicKeyToken=b03f5f7f11d50a3a" className="TestComplexNumber.QCExercisesChapter3, TestComplexNumber, Version=1.0.0.0, Culture=neutral, PublicKeyToken=null" name="Example3o2o1" />
    </UnitTest>
    <UnitTest name="Exercise2o1o3" storage="c:\bruce n\programming\quantum computing\testcomplexnumber\bin\debug\testcomplexnumber.dll" id="bfd5a48b-9b5c-d7ad-9048-7f444861126c">
      <Execution id="d1fc4d38-1e55-4890-b3a0-a7645f4690da" />
      <TestMethod codeBase="C:/Bruce N/Programming/Quantum Computing/TestComplexNumber/bin/Debug/TestComplexNumber.DLL" adapterTypeName="Microsoft.VisualStudio.TestTools.TestTypes.Unit.UnitTestAdapter, Microsoft.VisualStudio.QualityTools.Tips.UnitTest.Adapter, Version=10.0.0.0, Culture=neutral, PublicKeyToken=b03f5f7f11d50a3a" className="TestComplexNumber.QCExercisesChapter2, TestComplexNumber, Version=1.0.0.0, Culture=neutral, PublicKeyToken=null" name="Exercise2o1o3" />
    </UnitTest>
    <UnitTest name="IsProbabilisticSystemTest" storage="c:\bruce n\programming\quantum computing\testcomplexnumber\bin\debug\testcomplexnumber.dll" id="257c1c06-b11a-4bb0-9757-e03ddfaada2b">
      <Execution id="a11f3147-024c-445a-b0d8-9c33e9a2f274" />
      <TestMethod codeBase="C:/Bruce N/Programming/Quantum Computing/TestComplexNumber/bin/Debug/TestComplexNumber.DLL" adapterTypeName="Microsoft.VisualStudio.TestTools.TestTypes.Unit.UnitTestAdapter, Microsoft.VisualStudio.QualityTools.Tips.UnitTest.Adapter, Version=10.0.0.0, Culture=neutral, PublicKeyToken=b03f5f7f11d50a3a" className="TestComplexNumber.DoubleMatrixTest, TestComplexNumber, Version=1.0.0.0, Culture=neutral, PublicKeyToken=null" name="IsProbabilisticSystemTest" />
    </UnitTest>
    <UnitTest name="op_SubtractionTest" storage="c:\bruce n\programming\quantum computing\testcomplexnumber\bin\debug\testcomplexnumber.dll" id="7892f007-71df-5c3b-ebcf-6ef2c37fadc0">
      <Execution id="b99a968f-7eda-471a-a7ec-1289c087d0f2" />
      <TestMethod codeBase="C:/Bruce N/Programming/Quantum Computing/TestComplexNumber/bin/Debug/TestComplexNumber.DLL" adapterTypeName="Microsoft.VisualStudio.TestTools.TestTypes.Unit.UnitTestAdapter, Microsoft.VisualStudio.QualityTools.Tips.UnitTest.Adapter, Version=10.0.0.0, Culture=neutral, PublicKeyToken=b03f5f7f11d50a3a" className="TestComplexNumber.ComplexNumberTest, TestComplexNumber, Version=1.0.0.0, Culture=neutral, PublicKeyToken=null" name="op_SubtractionTest" />
    </UnitTest>
    <UnitTest name="Exercise2o2o1" storage="c:\bruce n\programming\quantum computing\testcomplexnumber\bin\debug\testcomplexnumber.dll" id="992a5310-7fd9-eb34-e20d-949f0af01a8f">
      <Execution id="23560266-ab0e-4c35-bfea-775e313d067b" />
      <TestMethod codeBase="C:/Bruce N/Programming/Quantum Computing/TestComplexNumber/bin/Debug/TestComplexNumber.DLL" adapterTypeName="Microsoft.VisualStudio.TestTools.TestTypes.Unit.UnitTestAdapter, Microsoft.VisualStudio.QualityTools.Tips.UnitTest.Adapter, Version=10.0.0.0, Culture=neutral, PublicKeyToken=b03f5f7f11d50a3a" className="TestComplexNumber.QCExercisesChapter2, TestComplexNumber, Version=1.0.0.0, Culture=neutral, PublicKeyToken=null" name="Exercise2o2o1" />
    </UnitTest>
    <UnitTest name="Exercise2o5o1" storage="c:\bruce n\programming\quantum computing\testcomplexnumber\bin\debug\testcomplexnumber.dll" id="715ebd6e-8b82-0185-36f5-00ae9c6bc485">
      <Execution id="19ca1996-286e-4d1c-a0cd-21df5a3b3b47" />
      <TestMethod codeBase="C:/Bruce N/Programming/Quantum Computing/TestComplexNumber/bin/Debug/TestComplexNumber.DLL" adapterTypeName="Microsoft.VisualStudio.TestTools.TestTypes.Unit.UnitTestAdapter, Microsoft.VisualStudio.QualityTools.Tips.UnitTest.Adapter, Version=10.0.0.0, Culture=neutral, PublicKeyToken=b03f5f7f11d50a3a" className="TestComplexNumber.QCExercisesChapter2, TestComplexNumber, Version=1.0.0.0, Culture=neutral, PublicKeyToken=null" name="Exercise2o5o1" />
    </UnitTest>
    <UnitTest name="ItemTest" storage="c:\bruce n\programming\quantum computing\testcomplexnumber\bin\debug\testcomplexnumber.dll" id="d234dbe8-2eb3-6ce6-3747-7c6cec0f5c2b">
      <Execution id="f907aacd-9426-4b0b-8e64-ffda51c56b96" />
      <TestMethod codeBase="C:/Bruce N/Programming/Quantum Computing/TestComplexNumber/bin/Debug/TestComplexNumber.DLL" adapterTypeName="Microsoft.VisualStudio.TestTools.TestTypes.Unit.UnitTestAdapter, Microsoft.VisualStudio.QualityTools.Tips.UnitTest.Adapter, Version=10.0.0.0, Culture=neutral, PublicKeyToken=b03f5f7f11d50a3a" className="TestComplexNumber.ComplexMatrixTest, TestComplexNumber, Version=1.0.0.0, Culture=neutral, PublicKeyToken=null" name="ItemTest" />
    </UnitTest>
    <UnitTest name="Number11" storage="c:\bruce n\programming\quantum computing\testcomplexnumber\bin\debug\testcomplexnumber.dll" id="45426eba-5da1-7927-75a6-85bf8e09818e">
      <Execution id="bc969d34-af6f-4420-96e8-6b7545fb5a5a" />
      <TestMethod codeBase="C:/Bruce N/Programming/Quantum Computing/TestComplexNumber/bin/Debug/TestComplexNumber.DLL" adapterTypeName="Microsoft.VisualStudio.TestTools.TestTypes.Unit.UnitTestAdapter, Microsoft.VisualStudio.QualityTools.Tips.UnitTest.Adapter, Version=10.0.0.0, Culture=neutral, PublicKeyToken=b03f5f7f11d50a3a" className="ExercisesChapter1Tests.LAExercise1o1, TestComplexNumber, Version=1.0.0.0, Culture=neutral, PublicKeyToken=null" name="Number11" />
    </UnitTest>
    <UnitTest name="CartesianCoordinatesTest" storage="c:\bruce n\programming\quantum computing\testcomplexnumber\bin\debug\testcomplexnumber.dll" id="33874d17-d7f8-330a-d70a-23c0ca497170">
      <Execution id="86bdc9a4-179e-4d93-89d7-d2a44ad83eb4" />
      <TestMethod codeBase="C:/Bruce N/Programming/Quantum Computing/TestComplexNumber/bin/Debug/TestComplexNumber.DLL" adapterTypeName="Microsoft.VisualStudio.TestTools.TestTypes.Unit.UnitTestAdapter, Microsoft.VisualStudio.QualityTools.Tips.UnitTest.Adapter, Version=10.0.0.0, Culture=neutral, PublicKeyToken=b03f5f7f11d50a3a" className="TestComplexNumber.ComplexNumberTest, TestComplexNumber, Version=1.0.0.0, Culture=neutral, PublicKeyToken=null" name="CartesianCoordinatesTest" />
    </UnitTest>
    <UnitTest name="Example2o3o5" storage="c:\bruce n\programming\quantum computing\testcomplexnumber\bin\debug\testcomplexnumber.dll" id="2940acf1-9b67-2da0-4ad9-484d74cbdbc9">
      <Execution id="70992574-c6b3-4e57-8a22-ceb51b4bfb44" />
      <TestMethod codeBase="C:/Bruce N/Programming/Quantum Computing/TestComplexNumber/bin/Debug/TestComplexNumber.DLL" adapterTypeName="Microsoft.VisualStudio.TestTools.TestTypes.Unit.UnitTestAdapter, Microsoft.VisualStudio.QualityTools.Tips.UnitTest.Adapter, Version=10.0.0.0, Culture=neutral, PublicKeyToken=b03f5f7f11d50a3a" className="TestComplexNumber.QCExercisesChapter2, TestComplexNumber, Version=1.0.0.0, Culture=neutral, PublicKeyToken=null" name="Example2o3o5" />
    </UnitTest>
    <UnitTest name="op_MultiplyTest1" storage="c:\bruce n\programming\quantum computing\testcomplexnumber\bin\debug\testcomplexnumber.dll" id="e58e75f5-82f4-68b3-9174-e83157c210fe">
      <Execution id="7f37fef1-5569-4929-bf17-4b91e5255321" />
      <TestMethod codeBase="C:/Bruce N/Programming/Quantum Computing/TestComplexNumber/bin/Debug/TestComplexNumber.DLL" adapterTypeName="Microsoft.VisualStudio.TestTools.TestTypes.Unit.UnitTestAdapter, Microsoft.VisualStudio.QualityTools.Tips.UnitTest.Adapter, Version=10.0.0.0, Culture=neutral, PublicKeyToken=b03f5f7f11d50a3a" className="TestComplexNumber.VectorTest, TestComplexNumber, Version=1.0.0.0, Culture=neutral, PublicKeyToken=null" name="op_MultiplyTest1" />
    </UnitTest>
    <UnitTest name="op_MultiplyTest2" storage="c:\bruce n\programming\quantum computing\testcomplexnumber\bin\debug\testcomplexnumber.dll" id="6453b38b-95cb-b6aa-9375-25acdc4c2487">
      <Execution id="48c35e2f-48f6-47f3-84b0-2be980a05aa2" />
      <TestMethod codeBase="C:/Bruce N/Programming/Quantum Computing/TestComplexNumber/bin/Debug/TestComplexNumber.DLL" adapterTypeName="Microsoft.VisualStudio.TestTools.TestTypes.Unit.UnitTestAdapter, Microsoft.VisualStudio.QualityTools.Tips.UnitTest.Adapter, Version=10.0.0.0, Culture=neutral, PublicKeyToken=b03f5f7f11d50a3a" className="TestComplexNumber.ComplexNumberTest, TestComplexNumber, Version=1.0.0.0, Culture=neutral, PublicKeyToken=null" name="op_MultiplyTest2" />
    </UnitTest>
    <UnitTest name="Exercise1o3o7" storage="c:\bruce n\programming\quantum computing\testcomplexnumber\bin\debug\testcomplexnumber.dll" id="b3de0653-64d2-8615-b480-d5f14ca81853">
      <Execution id="834a6e98-c1dd-44ae-a61c-ae2ba205f629" />
      <TestMethod codeBase="C:/Bruce N/Programming/Quantum Computing/TestComplexNumber/bin/Debug/TestComplexNumber.DLL" adapterTypeName="Microsoft.VisualStudio.TestTools.TestTypes.Unit.UnitTestAdapter, Microsoft.VisualStudio.QualityTools.Tips.UnitTest.Adapter, Version=10.0.0.0, Culture=neutral, PublicKeyToken=b03f5f7f11d50a3a" className="TestComplexNumber.QCExercisesChapter1, TestComplexNumber, Version=1.0.0.0, Culture=neutral, PublicKeyToken=null" name="Exercise1o3o7" />
    </UnitTest>
    <UnitTest name="Exercise4o2o2" storage="c:\bruce n\programming\quantum computing\testcomplexnumber\bin\debug\testcomplexnumber.dll" id="976f17c9-51e8-e105-25f5-c30dcb83cb62">
      <Execution id="5678e618-5e70-4272-abd7-13549bad3a94" />
      <TestMethod codeBase="C:/Bruce N/Programming/Quantum Computing/TestComplexNumber/bin/Debug/TestComplexNumber.DLL" adapterTypeName="Microsoft.VisualStudio.TestTools.TestTypes.Unit.UnitTestAdapter, Microsoft.VisualStudio.QualityTools.Tips.UnitTest.Adapter, Version=10.0.0.0, Culture=neutral, PublicKeyToken=b03f5f7f11d50a3a" className="TestComplexNumber.QCExercisesChapter4, TestComplexNumber, Version=1.0.0.0, Culture=neutral, PublicKeyToken=null" name="Exercise4o2o2" />
    </UnitTest>
    <UnitTest name="Exercise4o2o9" storage="c:\bruce n\programming\quantum computing\testcomplexnumber\bin\debug\testcomplexnumber.dll" id="7f80f8e7-2e2b-ea96-23b0-2d1d4cb799d4">
      <Execution id="ca2d884b-31a1-4e43-be9b-41334b5717e9" />
      <TestMethod codeBase="C:/Bruce N/Programming/Quantum Computing/TestComplexNumber/bin/Debug/TestComplexNumber.DLL" adapterTypeName="Microsoft.VisualStudio.TestTools.TestTypes.Unit.UnitTestAdapter, Microsoft.VisualStudio.QualityTools.Tips.UnitTest.Adapter, Version=10.0.0.0, Culture=neutral, PublicKeyToken=b03f5f7f11d50a3a" className="TestComplexNumber.QCExercisesChapter4, TestComplexNumber, Version=1.0.0.0, Culture=neutral, PublicKeyToken=null" name="Exercise4o2o9" />
    </UnitTest>
    <UnitTest name="Exercise2o7o4" storage="c:\bruce n\programming\quantum computing\testcomplexnumber\bin\debug\testcomplexnumber.dll" id="ae083652-0bf7-c673-dce4-870a432603ee">
      <Execution id="e54fa561-de2e-4630-8dca-751d80875c37" />
      <TestMethod codeBase="C:/Bruce N/Programming/Quantum Computing/TestComplexNumber/bin/Debug/TestComplexNumber.DLL" adapterTypeName="Microsoft.VisualStudio.TestTools.TestTypes.Unit.UnitTestAdapter, Microsoft.VisualStudio.QualityTools.Tips.UnitTest.Adapter, Version=10.0.0.0, Culture=neutral, PublicKeyToken=b03f5f7f11d50a3a" className="TestComplexNumber.QCExercisesChapter2, TestComplexNumber, Version=1.0.0.0, Culture=neutral, PublicKeyToken=null" name="Exercise2o7o4" />
    </UnitTest>
    <UnitTest name="Number7" storage="c:\bruce n\programming\quantum computing\testcomplexnumber\bin\debug\testcomplexnumber.dll" id="2691a8a8-cda7-2520-f88d-5b729c47edea">
      <Execution id="c3a32fcd-0369-4426-b6c4-190e13781f3b" />
      <TestMethod codeBase="C:/Bruce N/Programming/Quantum Computing/TestComplexNumber/bin/Debug/TestComplexNumber.DLL" adapterTypeName="Microsoft.VisualStudio.TestTools.TestTypes.Unit.UnitTestAdapter, Microsoft.VisualStudio.QualityTools.Tips.UnitTest.Adapter, Version=10.0.0.0, Culture=neutral, PublicKeyToken=b03f5f7f11d50a3a" className="ExercisesChapter1Tests.LAExercise1o1, TestComplexNumber, Version=1.0.0.0, Culture=neutral, PublicKeyToken=null" name="Number7" />
    </UnitTest>
    <UnitTest name="Example4o3o1" storage="c:\bruce n\programming\quantum computing\testcomplexnumber\bin\debug\testcomplexnumber.dll" id="26598c77-ae79-f56c-1115-9577c1ec0551">
      <Execution id="cdcfd2f4-2ff1-4a3c-a614-35d0bd84badd" />
      <TestMethod codeBase="C:/Bruce N/Programming/Quantum Computing/TestComplexNumber/bin/Debug/TestComplexNumber.DLL" adapterTypeName="Microsoft.VisualStudio.TestTools.TestTypes.Unit.UnitTestAdapter, Microsoft.VisualStudio.QualityTools.Tips.UnitTest.Adapter, Version=10.0.0.0, Culture=neutral, PublicKeyToken=b03f5f7f11d50a3a" className="TestComplexNumber.QCExercisesChapter4, TestComplexNumber, Version=1.0.0.0, Culture=neutral, PublicKeyToken=null" name="Example4o3o1" />
    </UnitTest>
    <UnitTest name="op_DivisionTest" storage="c:\bruce n\programming\quantum computing\testcomplexnumber\bin\debug\testcomplexnumber.dll" id="d1cc7d48-afbd-466f-5015-ef2680fa4bcb">
      <Execution id="cb04041c-3338-4346-9cc3-9b178c54ea87" />
      <TestMethod codeBase="C:/Bruce N/Programming/Quantum Computing/TestComplexNumber/bin/Debug/TestComplexNumber.DLL" adapterTypeName="Microsoft.VisualStudio.TestTools.TestTypes.Unit.UnitTestAdapter, Microsoft.VisualStudio.QualityTools.Tips.UnitTest.Adapter, Version=10.0.0.0, Culture=neutral, PublicKeyToken=b03f5f7f11d50a3a" className="TestComplexNumber.MatrixTest, TestComplexNumber, Version=1.0.0.0, Culture=neutral, PublicKeyToken=null" name="op_DivisionTest" />
    </UnitTest>
    <UnitTest name="op_PowerTest" storage="c:\bruce n\programming\quantum computing\testcomplexnumber\bin\debug\testcomplexnumber.dll" id="59d167f3-98f7-3905-876e-bc940d58c269">
      <Execution id="f6e8ce70-c1e2-477d-aaef-a67fd8bd2d0c" />
      <TestMethod codeBase="C:/Bruce N/Programming/Quantum Computing/TestComplexNumber/bin/Debug/TestComplexNumber.DLL" adapterTypeName="Microsoft.VisualStudio.TestTools.TestTypes.Unit.UnitTestAdapter, Microsoft.VisualStudio.QualityTools.Tips.UnitTest.Adapter, Version=10.0.0.0, Culture=neutral, PublicKeyToken=b03f5f7f11d50a3a" className="TestComplexNumber.MatrixTest, TestComplexNumber, Version=1.0.0.0, Culture=neutral, PublicKeyToken=null" name="op_PowerTest" />
    </UnitTest>
    <UnitTest name="ExponentialFormTest" storage="c:\bruce n\programming\quantum computing\testcomplexnumber\bin\debug\testcomplexnumber.dll" id="64c1c071-8523-ad97-417a-c762f98be0b4">
      <Execution id="83a42ec7-061f-4e7f-ac3e-54f9ec15237a" />
      <TestMethod codeBase="C:/Bruce N/Programming/Quantum Computing/TestComplexNumber/bin/Debug/TestComplexNumber.DLL" adapterTypeName="Microsoft.VisualStudio.TestTools.TestTypes.Unit.UnitTestAdapter, Microsoft.VisualStudio.QualityTools.Tips.UnitTest.Adapter, Version=10.0.0.0, Culture=neutral, PublicKeyToken=b03f5f7f11d50a3a" className="TestComplexNumber.ComplexNumberTest, TestComplexNumber, Version=1.0.0.0, Culture=neutral, PublicKeyToken=null" name="ExponentialFormTest" />
    </UnitTest>
    <UnitTest name="Exercise2o2o3" storage="c:\bruce n\programming\quantum computing\testcomplexnumber\bin\debug\testcomplexnumber.dll" id="2b7e328f-6321-4faa-4f85-a74ea89855b4">
      <Execution id="c05d03a5-966b-4bfd-bb71-35cb6ae4ded9" />
      <TestMethod codeBase="C:/Bruce N/Programming/Quantum Computing/TestComplexNumber/bin/Debug/TestComplexNumber.DLL" adapterTypeName="Microsoft.VisualStudio.TestTools.TestTypes.Unit.UnitTestAdapter, Microsoft.VisualStudio.QualityTools.Tips.UnitTest.Adapter, Version=10.0.0.0, Culture=neutral, PublicKeyToken=b03f5f7f11d50a3a" className="TestComplexNumber.QCExercisesChapter2, TestComplexNumber, Version=1.0.0.0, Culture=neutral, PublicKeyToken=null" name="Exercise2o2o3" />
    </UnitTest>
    <UnitTest name="op_EqualityTest" storage="c:\bruce n\programming\quantum computing\testcomplexnumber\bin\debug\testcomplexnumber.dll" id="5f6e4234-ae47-44fc-62c5-b75e2f29c018">
      <Execution id="e47bf158-f053-499b-8cc3-af9c7072d02f" />
      <TestMethod codeBase="C:/Bruce N/Programming/Quantum Computing/TestComplexNumber/bin/Debug/TestComplexNumber.DLL" adapterTypeName="Microsoft.VisualStudio.TestTools.TestTypes.Unit.UnitTestAdapter, Microsoft.VisualStudio.QualityTools.Tips.UnitTest.Adapter, Version=10.0.0.0, Culture=neutral, PublicKeyToken=b03f5f7f11d50a3a" className="TestComplexNumber.VectorTest, TestComplexNumber, Version=1.0.0.0, Culture=neutral, PublicKeyToken=null" name="op_EqualityTest" />
    </UnitTest>
    <UnitTest name="op_ImplicitTest" storage="c:\bruce n\programming\quantum computing\testcomplexnumber\bin\debug\testcomplexnumber.dll" id="86846568-9c1a-b5d9-8a2f-14b2fd1eb1c6">
      <Execution id="9e766422-069f-48ea-8aa0-bb4828d592c8" />
      <TestMethod codeBase="C:/Bruce N/Programming/Quantum Computing/TestComplexNumber/bin/Debug/TestComplexNumber.DLL" adapterTypeName="Microsoft.VisualStudio.TestTools.TestTypes.Unit.UnitTestAdapter, Microsoft.VisualStudio.QualityTools.Tips.UnitTest.Adapter, Version=10.0.0.0, Culture=neutral, PublicKeyToken=b03f5f7f11d50a3a" className="TestComplexNumber.ComplexMatrixTest, TestComplexNumber, Version=1.0.0.0, Culture=neutral, PublicKeyToken=null" name="op_ImplicitTest" />
    </UnitTest>
    <UnitTest name="VarianceTest" storage="c:\bruce n\programming\quantum computing\testcomplexnumber\bin\debug\testcomplexnumber.dll" id="a3e4879d-2ea1-a209-e3f3-b52750cb2d8b">
      <Execution id="78fa4d49-0c4c-48c7-b159-e0c55fd724a0" />
      <TestMethod codeBase="C:/Bruce N/Programming/Quantum Computing/TestComplexNumber/bin/Debug/TestComplexNumber.DLL" adapterTypeName="Microsoft.VisualStudio.TestTools.TestTypes.Unit.UnitTestAdapter, Microsoft.VisualStudio.QualityTools.Tips.UnitTest.Adapter, Version=10.0.0.0, Culture=neutral, PublicKeyToken=b03f5f7f11d50a3a" className="TestComplexNumber.ComplexMatrixTest, TestComplexNumber, Version=1.0.0.0, Culture=neutral, PublicKeyToken=null" name="VarianceTest" />
    </UnitTest>
    <UnitTest name="Exercise2o7o9" storage="c:\bruce n\programming\quantum computing\testcomplexnumber\bin\debug\testcomplexnumber.dll" id="f2c9598d-6c11-6ff1-ac6e-8c319ed45aad">
      <Execution id="f6a233f0-e7dd-4f05-b87b-20b39cbbdea5" />
      <TestMethod codeBase="C:/Bruce N/Programming/Quantum Computing/TestComplexNumber/bin/Debug/TestComplexNumber.DLL" adapterTypeName="Microsoft.VisualStudio.TestTools.TestTypes.Unit.UnitTestAdapter, Microsoft.VisualStudio.QualityTools.Tips.UnitTest.Adapter, Version=10.0.0.0, Culture=neutral, PublicKeyToken=b03f5f7f11d50a3a" className="TestComplexNumber.QCExercisesChapter2, TestComplexNumber, Version=1.0.0.0, Culture=neutral, PublicKeyToken=null" name="Exercise2o7o9" />
    </UnitTest>
    <UnitTest name="TakeModulusSquaredTest" storage="c:\bruce n\programming\quantum computing\testcomplexnumber\bin\debug\testcomplexnumber.dll" id="8ddf2343-b416-72d4-fe07-7424be6bf3cc">
      <DeploymentItems>
        <DeploymentItem filename="LinearAlgebra.dll" />
      </DeploymentItems>
      <Execution id="b40182bb-4484-4a3a-85b9-1b9b0ba785cd" />
      <TestMethod codeBase="C:/Bruce N/Programming/Quantum Computing/TestComplexNumber/bin/Debug/TestComplexNumber.DLL" adapterTypeName="Microsoft.VisualStudio.TestTools.TestTypes.Unit.UnitTestAdapter, Microsoft.VisualStudio.QualityTools.Tips.UnitTest.Adapter, Version=10.0.0.0, Culture=neutral, PublicKeyToken=b03f5f7f11d50a3a" className="TestComplexNumber.MatrixTest, TestComplexNumber, Version=1.0.0.0, Culture=neutral, PublicKeyToken=null" name="TakeModulusSquaredTest" />
    </UnitTest>
    <UnitTest name="ConjugateTest" storage="c:\bruce n\programming\quantum computing\testcomplexnumber\bin\debug\testcomplexnumber.dll" id="bb7a77ba-178f-5917-6d9f-a8ef964738e0">
      <Execution id="ec049b69-c7e6-4b24-82c3-4c954745c1c5" />
      <TestMethod codeBase="C:/Bruce N/Programming/Quantum Computing/TestComplexNumber/bin/Debug/TestComplexNumber.DLL" adapterTypeName="Microsoft.VisualStudio.TestTools.TestTypes.Unit.UnitTestAdapter, Microsoft.VisualStudio.QualityTools.Tips.UnitTest.Adapter, Version=10.0.0.0, Culture=neutral, PublicKeyToken=b03f5f7f11d50a3a" className="TestComplexNumber.ComplexMatrixTest, TestComplexNumber, Version=1.0.0.0, Culture=neutral, PublicKeyToken=null" name="ConjugateTest" />
    </UnitTest>
    <UnitTest name="op_MultiplyTest" storage="c:\bruce n\programming\quantum computing\testcomplexnumber\bin\debug\testcomplexnumber.dll" id="30603adb-abfd-1ae1-9190-dbf549cbf25b">
      <Execution id="77199385-9db1-4eef-9fbf-4ad2df5dc18d" />
      <TestMethod codeBase="C:/Bruce N/Programming/Quantum Computing/TestComplexNumber/bin/Debug/TestComplexNumber.DLL" adapterTypeName="Microsoft.VisualStudio.TestTools.TestTypes.Unit.UnitTestAdapter, Microsoft.VisualStudio.QualityTools.Tips.UnitTest.Adapter, Version=10.0.0.0, Culture=neutral, PublicKeyToken=b03f5f7f11d50a3a" className="TestComplexNumber.VectorTest, TestComplexNumber, Version=1.0.0.0, Culture=neutral, PublicKeyToken=null" name="op_MultiplyTest" />
    </UnitTest>
    <UnitTest name="op_InequalityTest" storage="c:\bruce n\programming\quantum computing\testcomplexnumber\bin\debug\testcomplexnumber.dll" id="84b36a15-9006-9254-a29b-b856bea432a4">
      <Execution id="756a8194-7125-4ec0-8187-113b1cec9593" />
      <TestMethod codeBase="C:/Bruce N/Programming/Quantum Computing/TestComplexNumber/bin/Debug/TestComplexNumber.DLL" adapterTypeName="Microsoft.VisualStudio.TestTools.TestTypes.Unit.UnitTestAdapter, Microsoft.VisualStudio.QualityTools.Tips.UnitTest.Adapter, Version=10.0.0.0, Culture=neutral, PublicKeyToken=b03f5f7f11d50a3a" className="TestComplexNumber.MatrixTest, TestComplexNumber, Version=1.0.0.0, Culture=neutral, PublicKeyToken=null" name="op_InequalityTest" />
    </UnitTest>
    <UnitTest name="op_MultiplyMatrixWithVector" storage="c:\bruce n\programming\quantum computing\testcomplexnumber\bin\debug\testcomplexnumber.dll" id="c446db48-fe0d-6c23-577a-d3adf5810ca1">
      <Execution id="e77625c3-b73c-426a-b26f-d855a648e289" />
      <TestMethod codeBase="C:/Bruce N/Programming/Quantum Computing/TestComplexNumber/bin/Debug/TestComplexNumber.DLL" adapterTypeName="Microsoft.VisualStudio.TestTools.TestTypes.Unit.UnitTestAdapter, Microsoft.VisualStudio.QualityTools.Tips.UnitTest.Adapter, Version=10.0.0.0, Culture=neutral, PublicKeyToken=b03f5f7f11d50a3a" className="TestComplexNumber.MatrixTest, TestComplexNumber, Version=1.0.0.0, Culture=neutral, PublicKeyToken=null" name="op_MultiplyMatrixWithVector" />
    </UnitTest>
    <UnitTest name="Exercise2o7o1" storage="c:\bruce n\programming\quantum computing\testcomplexnumber\bin\debug\testcomplexnumber.dll" id="3aefb9d4-9cc0-272d-dc50-69446f55302e">
      <Execution id="516a73ac-992c-44fd-b982-e7ad83af4e9e" />
      <TestMethod codeBase="C:/Bruce N/Programming/Quantum Computing/TestComplexNumber/bin/Debug/TestComplexNumber.DLL" adapterTypeName="Microsoft.VisualStudio.TestTools.TestTypes.Unit.UnitTestAdapter, Microsoft.VisualStudio.QualityTools.Tips.UnitTest.Adapter, Version=10.0.0.0, Culture=neutral, PublicKeyToken=b03f5f7f11d50a3a" className="TestComplexNumber.QCExercisesChapter2, TestComplexNumber, Version=1.0.0.0, Culture=neutral, PublicKeyToken=null" name="Exercise2o7o1" />
    </UnitTest>
    <UnitTest name="Exercise3o2o4" storage="c:\bruce n\programming\quantum computing\testcomplexnumber\bin\debug\testcomplexnumber.dll" id="85e31a7a-8f31-96c4-5236-3d22a4f800d8">
      <Execution id="dd98ac4c-8a67-4cbd-973e-69c7e7c98b9e" />
      <TestMethod codeBase="C:/Bruce N/Programming/Quantum Computing/TestComplexNumber/bin/Debug/TestComplexNumber.DLL" adapterTypeName="Microsoft.VisualStudio.TestTools.TestTypes.Unit.UnitTestAdapter, Microsoft.VisualStudio.QualityTools.Tips.UnitTest.Adapter, Version=10.0.0.0, Culture=neutral, PublicKeyToken=b03f5f7f11d50a3a" className="TestComplexNumber.QCExercisesChapter3, TestComplexNumber, Version=1.0.0.0, Culture=neutral, PublicKeyToken=null" name="Exercise3o2o4" />
    </UnitTest>
    <UnitTest name="op_PowerTest" storage="c:\bruce n\programming\quantum computing\testcomplexnumber\bin\debug\testcomplexnumber.dll" id="cd40d60c-7ba3-fd50-057a-8cb8ecef5565">
      <Execution id="3c326183-c86f-43eb-9f48-1d0229e81fe4" />
      <TestMethod codeBase="C:/Bruce N/Programming/Quantum Computing/TestComplexNumber/bin/Debug/TestComplexNumber.DLL" adapterTypeName="Microsoft.VisualStudio.TestTools.TestTypes.Unit.UnitTestAdapter, Microsoft.VisualStudio.QualityTools.Tips.UnitTest.Adapter, Version=10.0.0.0, Culture=neutral, PublicKeyToken=b03f5f7f11d50a3a" className="TestComplexNumber.ComplexMatrixTest, TestComplexNumber, Version=1.0.0.0, Culture=neutral, PublicKeyToken=null" name="op_PowerTest" />
    </UnitTest>
    <UnitTest name="Exercise2o1o4" storage="c:\bruce n\programming\quantum computing\testcomplexnumber\bin\debug\testcomplexnumber.dll" id="7aa98473-1098-0db5-704a-fcb553d21f64">
      <Execution id="460c24a5-f633-41ab-95d1-9c43f632abbf" />
      <TestMethod codeBase="C:/Bruce N/Programming/Quantum Computing/TestComplexNumber/bin/Debug/TestComplexNumber.DLL" adapterTypeName="Microsoft.VisualStudio.TestTools.TestTypes.Unit.UnitTestAdapter, Microsoft.VisualStudio.QualityTools.Tips.UnitTest.Adapter, Version=10.0.0.0, Culture=neutral, PublicKeyToken=b03f5f7f11d50a3a" className="TestComplexNumber.QCExercisesChapter2, TestComplexNumber, Version=1.0.0.0, Culture=neutral, PublicKeyToken=null" name="Exercise2o1o4" />
    </UnitTest>
    <UnitTest name="Exercise3o4o3" storage="c:\bruce n\programming\quantum computing\testcomplexnumber\bin\debug\testcomplexnumber.dll" id="2c0938a7-7ed1-e7a6-af0a-563ef75e9dfc">
      <Execution id="44e2afb3-7511-41a4-a7c3-d6fa3d107243" />
      <TestMethod codeBase="C:/Bruce N/Programming/Quantum Computing/TestComplexNumber/bin/Debug/TestComplexNumber.DLL" adapterTypeName="Microsoft.VisualStudio.TestTools.TestTypes.Unit.UnitTestAdapter, Microsoft.VisualStudio.QualityTools.Tips.UnitTest.Adapter, Version=10.0.0.0, Culture=neutral, PublicKeyToken=b03f5f7f11d50a3a" className="TestComplexNumber.QCExercisesChapter3, TestComplexNumber, Version=1.0.0.0, Culture=neutral, PublicKeyToken=null" name="Exercise3o4o3" />
    </UnitTest>
    <UnitTest name="AdjointTest" storage="c:\bruce n\programming\quantum computing\testcomplexnumber\bin\debug\testcomplexnumber.dll" id="bf6c2469-a2b3-a877-1023-ee9bd6de0e5b">
      <Execution id="b7a0b3ef-dad6-4082-96d7-12000058937c" />
      <TestMethod codeBase="C:/Bruce N/Programming/Quantum Computing/TestComplexNumber/bin/Debug/TestComplexNumber.DLL" adapterTypeName="Microsoft.VisualStudio.TestTools.TestTypes.Unit.UnitTestAdapter, Microsoft.VisualStudio.QualityTools.Tips.UnitTest.Adapter, Version=10.0.0.0, Culture=neutral, PublicKeyToken=b03f5f7f11d50a3a" className="TestComplexNumber.ComplexMatrixTest, TestComplexNumber, Version=1.0.0.0, Culture=neutral, PublicKeyToken=null" name="AdjointTest" />
    </UnitTest>
    <UnitTest name="ITest" storage="c:\bruce n\programming\quantum computing\testcomplexnumber\bin\debug\testcomplexnumber.dll" id="48d6f10d-3141-2ae9-4d33-c4a338f334ee">
      <Execution id="4778353a-1707-46d9-b316-3da8c8aeccc4" />
      <TestMethod codeBase="C:/Bruce N/Programming/Quantum Computing/TestComplexNumber/bin/Debug/TestComplexNumber.DLL" adapterTypeName="Microsoft.VisualStudio.TestTools.TestTypes.Unit.UnitTestAdapter, Microsoft.VisualStudio.QualityTools.Tips.UnitTest.Adapter, Version=10.0.0.0, Culture=neutral, PublicKeyToken=b03f5f7f11d50a3a" className="TestComplexNumber.ComplexNumberTest, TestComplexNumber, Version=1.0.0.0, Culture=neutral, PublicKeyToken=null" name="ITest" />
    </UnitTest>
    <UnitTest name="Exercise1o2o3" storage="c:\bruce n\programming\quantum computing\testcomplexnumber\bin\debug\testcomplexnumber.dll" id="2c5f1bbd-c340-38e3-42f3-b2209263335f">
      <Execution id="87d1be98-8700-4dfe-a1d7-745874685119" />
      <TestMethod codeBase="C:/Bruce N/Programming/Quantum Computing/TestComplexNumber/bin/Debug/TestComplexNumber.DLL" adapterTypeName="Microsoft.VisualStudio.TestTools.TestTypes.Unit.UnitTestAdapter, Microsoft.VisualStudio.QualityTools.Tips.UnitTest.Adapter, Version=10.0.0.0, Culture=neutral, PublicKeyToken=b03f5f7f11d50a3a" className="TestComplexNumber.QCExercisesChapter1, TestComplexNumber, Version=1.0.0.0, Culture=neutral, PublicKeyToken=null" name="Exercise1o2o3" />
    </UnitTest>
    <UnitTest name="op_EqualityTest" storage="c:\bruce n\programming\quantum computing\testcomplexnumber\bin\debug\testcomplexnumber.dll" id="9cca6d32-4a0b-e5dd-1a59-a901edd68fd6">
      <Execution id="8096ef3e-6a39-448e-a544-bcad1730d751" />
      <TestMethod codeBase="C:/Bruce N/Programming/Quantum Computing/TestComplexNumber/bin/Debug/TestComplexNumber.DLL" adapterTypeName="Microsoft.VisualStudio.TestTools.TestTypes.Unit.UnitTestAdapter, Microsoft.VisualStudio.QualityTools.Tips.UnitTest.Adapter, Version=10.0.0.0, Culture=neutral, PublicKeyToken=b03f5f7f11d50a3a" className="TestComplexNumber.MatrixTest, TestComplexNumber, Version=1.0.0.0, Culture=neutral, PublicKeyToken=null" name="op_EqualityTest" />
    </UnitTest>
    <UnitTest name="SetPolarCoordinatesTest" storage="c:\bruce n\programming\quantum computing\testcomplexnumber\bin\debug\testcomplexnumber.dll" id="5783bddb-fec7-d995-a012-a4ea9e07bdbd">
      <Execution id="40c8e6e2-f15e-4d3a-817e-a183e154f148" />
      <TestMethod codeBase="C:/Bruce N/Programming/Quantum Computing/TestComplexNumber/bin/Debug/TestComplexNumber.DLL" adapterTypeName="Microsoft.VisualStudio.TestTools.TestTypes.Unit.UnitTestAdapter, Microsoft.VisualStudio.QualityTools.Tips.UnitTest.Adapter, Version=10.0.0.0, Culture=neutral, PublicKeyToken=b03f5f7f11d50a3a" className="TestComplexNumber.ComplexNumberTest, TestComplexNumber, Version=1.0.0.0, Culture=neutral, PublicKeyToken=null" name="SetPolarCoordinatesTest" />
    </UnitTest>
    <UnitTest name="Exercise2o7o7" storage="c:\bruce n\programming\quantum computing\testcomplexnumber\bin\debug\testcomplexnumber.dll" id="b02641ef-4dbb-1d38-fc9f-e1bd29220c37">
      <Execution id="a9bf428b-2659-4fd2-b2a4-f87a0f9dd48d" />
      <TestMethod codeBase="C:/Bruce N/Programming/Quantum Computing/TestComplexNumber/bin/Debug/TestComplexNumber.DLL" adapterTypeName="Microsoft.VisualStudio.TestTools.TestTypes.Unit.UnitTestAdapter, Microsoft.VisualStudio.QualityTools.Tips.UnitTest.Adapter, Version=10.0.0.0, Culture=neutral, PublicKeyToken=b03f5f7f11d50a3a" className="TestComplexNumber.QCExercisesChapter2, TestComplexNumber, Version=1.0.0.0, Culture=neutral, PublicKeyToken=null" name="Exercise2o7o7" />
    </UnitTest>
    <UnitTest name="op_MultiplyMatrixAndVectorTest" storage="c:\bruce n\programming\quantum computing\testcomplexnumber\bin\debug\testcomplexnumber.dll" id="2f70a04a-052e-804a-c12d-8ce7e0d5829f">
      <Execution id="4bf4100b-8efc-476f-a394-9f884fa22c15" />
      <TestMethod codeBase="C:/Bruce N/Programming/Quantum Computing/TestComplexNumber/bin/Debug/TestComplexNumber.DLL" adapterTypeName="Microsoft.VisualStudio.TestTools.TestTypes.Unit.UnitTestAdapter, Microsoft.VisualStudio.QualityTools.Tips.UnitTest.Adapter, Version=10.0.0.0, Culture=neutral, PublicKeyToken=b03f5f7f11d50a3a" className="TestComplexNumber.ComplexMatrixTest, TestComplexNumber, Version=1.0.0.0, Culture=neutral, PublicKeyToken=null" name="op_MultiplyMatrixAndVectorTest" />
    </UnitTest>
    <UnitTest name="ExpectedValueTest" storage="c:\bruce n\programming\quantum computing\testcomplexnumber\bin\debug\testcomplexnumber.dll" id="0b103c37-48a5-eca8-d21a-8bbd6e27c98c">
      <Execution id="6779794d-6360-4f0b-8387-1f401af6e810" />
      <TestMethod codeBase="C:/Bruce N/Programming/Quantum Computing/TestComplexNumber/bin/Debug/TestComplexNumber.DLL" adapterTypeName="Microsoft.VisualStudio.TestTools.TestTypes.Unit.UnitTestAdapter, Microsoft.VisualStudio.QualityTools.Tips.UnitTest.Adapter, Version=10.0.0.0, Culture=neutral, PublicKeyToken=b03f5f7f11d50a3a" className="TestComplexNumber.ComplexMatrixTest, TestComplexNumber, Version=1.0.0.0, Culture=neutral, PublicKeyToken=null" name="ExpectedValueTest" />
    </UnitTest>
    <UnitTest name="VectorConstructorTest1" storage="c:\bruce n\programming\quantum computing\testcomplexnumber\bin\debug\testcomplexnumber.dll" id="1aac7064-31c6-c120-9e54-0819977db45a">
      <Execution id="2644e2ed-98d8-459f-b272-68dde132cf39" />
      <TestMethod codeBase="C:/Bruce N/Programming/Quantum Computing/TestComplexNumber/bin/Debug/TestComplexNumber.DLL" adapterTypeName="Microsoft.VisualStudio.TestTools.TestTypes.Unit.UnitTestAdapter, Microsoft.VisualStudio.QualityTools.Tips.UnitTest.Adapter, Version=10.0.0.0, Culture=neutral, PublicKeyToken=b03f5f7f11d50a3a" className="TestComplexNumber.VectorTest, TestComplexNumber, Version=1.0.0.0, Culture=neutral, PublicKeyToken=null" name="VectorConstructorTest1" />
    </UnitTest>
    <UnitTest name="NegativeITest" storage="c:\bruce n\programming\quantum computing\testcomplexnumber\bin\debug\testcomplexnumber.dll" id="2705846c-0b46-907b-6d14-254e6bc6494a">
      <Execution id="d1e643b9-a6a6-42bd-bf26-28ec9d56847f" />
      <TestMethod codeBase="C:/Bruce N/Programming/Quantum Computing/TestComplexNumber/bin/Debug/TestComplexNumber.DLL" adapterTypeName="Microsoft.VisualStudio.TestTools.TestTypes.Unit.UnitTestAdapter, Microsoft.VisualStudio.QualityTools.Tips.UnitTest.Adapter, Version=10.0.0.0, Culture=neutral, PublicKeyToken=b03f5f7f11d50a3a" className="TestComplexNumber.ComplexNumberTest, TestComplexNumber, Version=1.0.0.0, Culture=neutral, PublicKeyToken=null" name="NegativeITest" />
    </UnitTest>
    <UnitTest name="OneTest" storage="c:\bruce n\programming\quantum computing\testcomplexnumber\bin\debug\testcomplexnumber.dll" id="bc5ed1ac-46cb-3ce7-5958-bc8141b19b62">
      <Execution id="8c9d6acf-a231-452e-b0f5-1a7c43516288" />
      <TestMethod codeBase="C:/Bruce N/Programming/Quantum Computing/TestComplexNumber/bin/Debug/TestComplexNumber.DLL" adapterTypeName="Microsoft.VisualStudio.TestTools.TestTypes.Unit.UnitTestAdapter, Microsoft.VisualStudio.QualityTools.Tips.UnitTest.Adapter, Version=10.0.0.0, Culture=neutral, PublicKeyToken=b03f5f7f11d50a3a" className="TestComplexNumber.ComplexNumberTest, TestComplexNumber, Version=1.0.0.0, Culture=neutral, PublicKeyToken=null" name="OneTest" />
    </UnitTest>
    <UnitTest name="op_InequalityTest" storage="c:\bruce n\programming\quantum computing\testcomplexnumber\bin\debug\testcomplexnumber.dll" id="353600d6-8f81-a743-8f0c-ac1e5f0cc59e">
      <Execution id="b99d4aa6-2b2c-4aca-8e60-0fe672f7135d" />
      <TestMethod codeBase="C:/Bruce N/Programming/Quantum Computing/TestComplexNumber/bin/Debug/TestComplexNumber.DLL" adapterTypeName="Microsoft.VisualStudio.TestTools.TestTypes.Unit.UnitTestAdapter, Microsoft.VisualStudio.QualityTools.Tips.UnitTest.Adapter, Version=10.0.0.0, Culture=neutral, PublicKeyToken=b03f5f7f11d50a3a" className="TestComplexNumber.VectorTest, TestComplexNumber, Version=1.0.0.0, Culture=neutral, PublicKeyToken=null" name="op_InequalityTest" />
    </UnitTest>
    <UnitTest name="Exercise3o4o2" storage="c:\bruce n\programming\quantum computing\testcomplexnumber\bin\debug\testcomplexnumber.dll" id="65483be5-ecd7-0f52-6a6b-f305d0d31089">
      <Execution id="6b8230f6-b829-42f1-9e5f-78e32e6692bc" />
      <TestMethod codeBase="C:/Bruce N/Programming/Quantum Computing/TestComplexNumber/bin/Debug/TestComplexNumber.DLL" adapterTypeName="Microsoft.VisualStudio.TestTools.TestTypes.Unit.UnitTestAdapter, Microsoft.VisualStudio.QualityTools.Tips.UnitTest.Adapter, Version=10.0.0.0, Culture=neutral, PublicKeyToken=b03f5f7f11d50a3a" className="TestComplexNumber.QCExercisesChapter3, TestComplexNumber, Version=1.0.0.0, Culture=neutral, PublicKeyToken=null" name="Exercise3o4o2" />
    </UnitTest>
    <UnitTest name="Number9" storage="c:\bruce n\programming\quantum computing\testcomplexnumber\bin\debug\testcomplexnumber.dll" id="6b99a904-39c7-b2a5-cb92-c1c5bd5d3c67">
      <Execution id="c96cb31a-9f6f-4519-b68f-420f1031c3f9" />
      <TestMethod codeBase="C:/Bruce N/Programming/Quantum Computing/TestComplexNumber/bin/Debug/TestComplexNumber.DLL" adapterTypeName="Microsoft.VisualStudio.TestTools.TestTypes.Unit.UnitTestAdapter, Microsoft.VisualStudio.QualityTools.Tips.UnitTest.Adapter, Version=10.0.0.0, Culture=neutral, PublicKeyToken=b03f5f7f11d50a3a" className="ExercisesChapter1Tests.LAExercise1o1, TestComplexNumber, Version=1.0.0.0, Culture=neutral, PublicKeyToken=null" name="Number9" />
    </UnitTest>
    <UnitTest name="ToStringTest" storage="c:\bruce n\programming\quantum computing\testcomplexnumber\bin\debug\testcomplexnumber.dll" id="e6cae91e-3af9-1d6d-3935-2160925e38e7">
      <Execution id="88442722-ea84-43a9-8bd1-5e92a7e33881" />
      <TestMethod codeBase="C:/Bruce N/Programming/Quantum Computing/TestComplexNumber/bin/Debug/TestComplexNumber.DLL" adapterTypeName="Microsoft.VisualStudio.TestTools.TestTypes.Unit.UnitTestAdapter, Microsoft.VisualStudio.QualityTools.Tips.UnitTest.Adapter, Version=10.0.0.0, Culture=neutral, PublicKeyToken=b03f5f7f11d50a3a" className="TestComplexNumber.ComplexNumberTest, TestComplexNumber, Version=1.0.0.0, Culture=neutral, PublicKeyToken=null" name="ToStringTest" />
    </UnitTest>
    <UnitTest name="Exercise1o3o2" storage="c:\bruce n\programming\quantum computing\testcomplexnumber\bin\debug\testcomplexnumber.dll" id="69c0b0c9-79e3-762b-51b3-d77e96aed020">
      <Execution id="f2339217-06a2-4712-925e-4d0ef96b4ad4" />
      <TestMethod codeBase="C:/Bruce N/Programming/Quantum Computing/TestComplexNumber/bin/Debug/TestComplexNumber.DLL" adapterTypeName="Microsoft.VisualStudio.TestTools.TestTypes.Unit.UnitTestAdapter, Microsoft.VisualStudio.QualityTools.Tips.UnitTest.Adapter, Version=10.0.0.0, Culture=neutral, PublicKeyToken=b03f5f7f11d50a3a" className="TestComplexNumber.QCExercisesChapter1, TestComplexNumber, Version=1.0.0.0, Culture=neutral, PublicKeyToken=null" name="Exercise1o3o2" />
    </UnitTest>
    <UnitTest name="Exercise2o7o5" storage="c:\bruce n\programming\quantum computing\testcomplexnumber\bin\debug\testcomplexnumber.dll" id="c028a664-47e7-d1e0-a29b-c2782421ecca">
      <Execution id="102d6e01-8019-4778-a7bf-14db4a3ac965" />
      <TestMethod codeBase="C:/Bruce N/Programming/Quantum Computing/TestComplexNumber/bin/Debug/TestComplexNumber.DLL" adapterTypeName="Microsoft.VisualStudio.TestTools.TestTypes.Unit.UnitTestAdapter, Microsoft.VisualStudio.QualityTools.Tips.UnitTest.Adapter, Version=10.0.0.0, Culture=neutral, PublicKeyToken=b03f5f7f11d50a3a" className="TestComplexNumber.QCExercisesChapter2, TestComplexNumber, Version=1.0.0.0, Culture=neutral, PublicKeyToken=null" name="Exercise2o7o5" />
    </UnitTest>
  </TestDefinitions>
  <TestLists>
    <TestList name="Results Not in a List" id="8c84fa94-04c1-424b-9868-57a2d4851a1d" />
    <TestList name="All Loaded Results" id="19431567-8539-422a-85d7-44ee4e166bda" />
  </TestLists>
  <TestEntries>
    <TestEntry testId="2196f553-8d96-0cb1-ab6a-222290e750c6" executionId="2ff5d696-9ed2-45e5-b904-dfc833f83b80" testListId="8c84fa94-04c1-424b-9868-57a2d4851a1d" />
    <TestEntry testId="965a50e8-2ef6-40c1-4122-e2170c7021eb" executionId="70f9b40b-b491-4ddf-8ed9-5e5955ed9abd" testListId="8c84fa94-04c1-424b-9868-57a2d4851a1d" />
    <TestEntry testId="f0ba5c0b-8960-4edd-4fed-108844165cf0" executionId="faa554cb-057b-4e2e-86ad-90239801fe1a" testListId="8c84fa94-04c1-424b-9868-57a2d4851a1d" />
    <TestEntry testId="d5ba24d1-27d1-0b69-994f-a21952016180" executionId="62e9a1d2-3be2-438e-92ea-beea7d506c5b" testListId="8c84fa94-04c1-424b-9868-57a2d4851a1d" />
    <TestEntry testId="7c93be96-b5a0-1d46-8810-c4cc0920cb2c" executionId="08f25714-387e-4276-91f4-40340652d934" testListId="8c84fa94-04c1-424b-9868-57a2d4851a1d" />
    <TestEntry testId="257c1c06-b11a-4bb0-9757-e03ddfaada2b" executionId="a11f3147-024c-445a-b0d8-9c33e9a2f274" testListId="8c84fa94-04c1-424b-9868-57a2d4851a1d" />
    <TestEntry testId="bb7a77ba-178f-5917-6d9f-a8ef964738e0" executionId="ec049b69-c7e6-4b24-82c3-4c954745c1c5" testListId="8c84fa94-04c1-424b-9868-57a2d4851a1d" />
    <TestEntry testId="191c732e-b797-fda9-14e6-f62313d93af1" executionId="5098fe50-6109-4eb5-a2d9-52c8fea10a52" testListId="8c84fa94-04c1-424b-9868-57a2d4851a1d" />
    <TestEntry testId="4611c12d-ab9b-ec67-f03d-aef14139fd18" executionId="0c808960-574d-4965-9cdc-1e50e5d88913" testListId="8c84fa94-04c1-424b-9868-57a2d4851a1d" />
    <TestEntry testId="bf6c2469-a2b3-a877-1023-ee9bd6de0e5b" executionId="b7a0b3ef-dad6-4082-96d7-12000058937c" testListId="8c84fa94-04c1-424b-9868-57a2d4851a1d" />
    <TestEntry testId="45c1478b-4df2-7873-3421-9c35cffff0b5" executionId="7477574f-a8ae-4b0d-bdd3-8593280b91cc" testListId="8c84fa94-04c1-424b-9868-57a2d4851a1d" />
    <TestEntry testId="d234dbe8-2eb3-6ce6-3747-7c6cec0f5c2b" executionId="f907aacd-9426-4b0b-8e64-ffda51c56b96" testListId="8c84fa94-04c1-424b-9868-57a2d4851a1d" />
    <TestEntry testId="aac142ce-38b2-6d3f-cd65-e8254c3e066b" executionId="67b88c49-0639-4cd9-8990-4435cdb23def" testListId="8c84fa94-04c1-424b-9868-57a2d4851a1d" />
    <TestEntry testId="2f70a04a-052e-804a-c12d-8ce7e0d5829f" executionId="4bf4100b-8efc-476f-a394-9f884fa22c15" testListId="8c84fa94-04c1-424b-9868-57a2d4851a1d" />
    <TestEntry testId="49e51852-7075-5008-f887-b580ee4d13af" executionId="9e10a6bc-0195-4d89-84eb-63548c169e1c" testListId="8c84fa94-04c1-424b-9868-57a2d4851a1d" />
    <TestEntry testId="86846568-9c1a-b5d9-8a2f-14b2fd1eb1c6" executionId="9e766422-069f-48ea-8aa0-bb4828d592c8" testListId="8c84fa94-04c1-424b-9868-57a2d4851a1d" />
    <TestEntry testId="cd40d60c-7ba3-fd50-057a-8cb8ecef5565" executionId="3c326183-c86f-43eb-9f48-1d0229e81fe4" testListId="8c84fa94-04c1-424b-9868-57a2d4851a1d" />
    <TestEntry testId="0b103c37-48a5-eca8-d21a-8bbd6e27c98c" executionId="6779794d-6360-4f0b-8387-1f401af6e810" testListId="8c84fa94-04c1-424b-9868-57a2d4851a1d" />
    <TestEntry testId="a3e4879d-2ea1-a209-e3f3-b52750cb2d8b" executionId="78fa4d49-0c4c-48c7-b159-e0c55fd724a0" testListId="8c84fa94-04c1-424b-9868-57a2d4851a1d" />
    <TestEntry testId="56d4e2ab-80ac-74c9-cdc4-cd3967d0842f" executionId="388318a7-3aac-4f61-8273-1aadc853a2b7" testListId="8c84fa94-04c1-424b-9868-57a2d4851a1d" />
    <TestEntry testId="b920ca27-2e1f-e8ec-c9ba-d4cbb754ace4" executionId="8b8fbdc8-b533-48fb-8144-f3c3bf039025" testListId="8c84fa94-04c1-424b-9868-57a2d4851a1d" />
    <TestEntry testId="cfda23f5-8521-9279-3cfb-c362ea2104e6" executionId="0f2dd5df-732e-4c2d-8357-2726c900f7de" testListId="8c84fa94-04c1-424b-9868-57a2d4851a1d" />
    <TestEntry testId="976f17c9-51e8-e105-25f5-c30dcb83cb62" executionId="5678e618-5e70-4272-abd7-13549bad3a94" testListId="8c84fa94-04c1-424b-9868-57a2d4851a1d" />
    <TestEntry testId="1f1cd201-bd9b-d73b-7631-79422db50907" executionId="0527d06c-1df5-4b5d-8261-9f95f95fa455" testListId="8c84fa94-04c1-424b-9868-57a2d4851a1d" />
    <TestEntry testId="f368b193-6b5a-1b14-7094-e125316b3e80" executionId="d8402327-7172-488e-8460-d021755aaeaf" testListId="8c84fa94-04c1-424b-9868-57a2d4851a1d" />
    <TestEntry testId="8c87e582-c187-2428-641f-ac52b8bc8afb" executionId="594b294f-7218-456c-b87f-732bcc79d405" testListId="8c84fa94-04c1-424b-9868-57a2d4851a1d" />
    <TestEntry testId="7f80f8e7-2e2b-ea96-23b0-2d1d4cb799d4" executionId="ca2d884b-31a1-4e43-be9b-41334b5717e9" testListId="8c84fa94-04c1-424b-9868-57a2d4851a1d" />
    <TestEntry testId="acd83d3c-1f09-56f5-c309-c66c3b56b876" executionId="1b60e828-ecd9-41da-801f-a34330e1d81b" testListId="8c84fa94-04c1-424b-9868-57a2d4851a1d" />
    <TestEntry testId="5b0b7f1b-1d05-7deb-83d6-f2293e41cb23" executionId="afae11a1-c245-4002-97cd-a6f4c60a614c" testListId="8c84fa94-04c1-424b-9868-57a2d4851a1d" />
    <TestEntry testId="1aac7064-31c6-c120-9e54-0819977db45a" executionId="2644e2ed-98d8-459f-b272-68dde132cf39" testListId="8c84fa94-04c1-424b-9868-57a2d4851a1d" />
    <TestEntry testId="9c92819f-751b-655e-72f6-604f0653711c" executionId="955cc5af-5d2d-4f4a-bd8c-113214dcb4e9" testListId="8c84fa94-04c1-424b-9868-57a2d4851a1d" />
    <TestEntry testId="bc74a9f0-dfbc-1cfa-6718-f3d2cbf87b3b" executionId="9b534b9a-83eb-4d58-9f15-805100b37982" testListId="8c84fa94-04c1-424b-9868-57a2d4851a1d" />
    <TestEntry testId="89a43019-9aa1-6b73-f686-b9999e672584" executionId="0e950397-0777-4997-9c87-243625268f4d" testListId="8c84fa94-04c1-424b-9868-57a2d4851a1d" />
    <TestEntry testId="81ff8154-7b8a-e690-97b4-6435aa07756d" executionId="10f1c5f0-71b2-41cc-8507-aa9b3911f950" testListId="8c84fa94-04c1-424b-9868-57a2d4851a1d" />
    <TestEntry testId="a742c746-5181-52e8-23a7-13e7e8c75d0d" executionId="ce96145f-6abb-4b6f-9490-8fcecc4eab0e" testListId="8c84fa94-04c1-424b-9868-57a2d4851a1d" />
    <TestEntry testId="38b23d36-491d-02f4-07c2-9d3cd23affc3" executionId="6272821f-b807-4bef-975f-cff310b92cd8" testListId="8c84fa94-04c1-424b-9868-57a2d4851a1d" />
    <TestEntry testId="5f6e4234-ae47-44fc-62c5-b75e2f29c018" executionId="e47bf158-f053-499b-8cc3-af9c7072d02f" testListId="8c84fa94-04c1-424b-9868-57a2d4851a1d" />
    <TestEntry testId="353600d6-8f81-a743-8f0c-ac1e5f0cc59e" executionId="b99d4aa6-2b2c-4aca-8e60-0fe672f7135d" testListId="8c84fa94-04c1-424b-9868-57a2d4851a1d" />
    <TestEntry testId="30603adb-abfd-1ae1-9190-dbf549cbf25b" executionId="77199385-9db1-4eef-9fbf-4ad2df5dc18d" testListId="8c84fa94-04c1-424b-9868-57a2d4851a1d" />
    <TestEntry testId="e58e75f5-82f4-68b3-9174-e83157c210fe" executionId="7f37fef1-5569-4929-bf17-4b91e5255321" testListId="8c84fa94-04c1-424b-9868-57a2d4851a1d" />
    <TestEntry testId="45e4093b-3343-3a21-e7a7-e836435896d3" executionId="3ff8e8f3-e476-47da-814b-175136736610" testListId="8c84fa94-04c1-424b-9868-57a2d4851a1d" />
    <TestEntry testId="ff295562-5e99-9434-0a6c-61d038c92b18" executionId="9439fc6a-a91d-47b4-abce-033833718f41" testListId="8c84fa94-04c1-424b-9868-57a2d4851a1d" />
    <TestEntry testId="05b12b43-1783-0ca5-6417-946a728e7bad" executionId="a94d2c47-5b0a-4b50-bd30-e7ae06aa40f2" testListId="8c84fa94-04c1-424b-9868-57a2d4851a1d" />
    <TestEntry testId="f45ba4d9-1948-fd2a-d93c-c51eacddf456" executionId="47b9ee14-b8b1-4f86-ad82-b7da006afd93" testListId="8c84fa94-04c1-424b-9868-57a2d4851a1d" />
    <TestEntry testId="8e039ac3-296f-0b32-1467-d43005f9a8c9" executionId="01914b90-3ccf-43c0-820a-ae9c0dc49f4e" testListId="8c84fa94-04c1-424b-9868-57a2d4851a1d" />
    <TestEntry testId="8948e81d-4481-f3a6-0a8b-92d5a21b0ed1" executionId="7cb9be5d-ef8f-4911-aa1f-3c3b074fab3e" testListId="8c84fa94-04c1-424b-9868-57a2d4851a1d" />
    <TestEntry testId="1683eaf6-b230-9872-7e1d-e1c2509c0be1" executionId="630c7c1a-e3a7-479e-ac0e-44d49d2266f3" testListId="8c84fa94-04c1-424b-9868-57a2d4851a1d" />
    <TestEntry testId="06c32b76-050d-0c74-e5e5-24e8d789eea7" executionId="e28932e2-09b7-48f1-bc88-eec5bb772414" testListId="8c84fa94-04c1-424b-9868-57a2d4851a1d" />
    <TestEntry testId="fc5f6b28-8f99-b5ff-6ec9-739c1fd6e416" executionId="579e8c5e-176e-435a-aa88-66b2725c311b" testListId="8c84fa94-04c1-424b-9868-57a2d4851a1d" />
    <TestEntry testId="9cf4c4e1-7186-5bdb-2eef-3b22d03cb6e0" executionId="d2587e1b-7453-4e7a-8725-8ef44aea3719" testListId="8c84fa94-04c1-424b-9868-57a2d4851a1d" />
    <TestEntry testId="85e31a7a-8f31-96c4-5236-3d22a4f800d8" executionId="dd98ac4c-8a67-4cbd-973e-69c7e7c98b9e" testListId="8c84fa94-04c1-424b-9868-57a2d4851a1d" />
    <TestEntry testId="aec04687-b925-f293-88d7-b9bf8f00fc28" executionId="56c8162c-24d4-4e89-96ea-c5750ff86c4e" testListId="8c84fa94-04c1-424b-9868-57a2d4851a1d" />
    <TestEntry testId="2495be45-e753-45de-32ff-e2c3eb28668d" executionId="26d6a51c-d82a-41a2-9d72-821a1c666c42" testListId="8c84fa94-04c1-424b-9868-57a2d4851a1d" />
    <TestEntry testId="65483be5-ecd7-0f52-6a6b-f305d0d31089" executionId="6b8230f6-b829-42f1-9e5f-78e32e6692bc" testListId="8c84fa94-04c1-424b-9868-57a2d4851a1d" />
    <TestEntry testId="2c0938a7-7ed1-e7a6-af0a-563ef75e9dfc" executionId="44e2afb3-7511-41a4-a7c3-d6fa3d107243" testListId="8c84fa94-04c1-424b-9868-57a2d4851a1d" />
    <TestEntry testId="3ab0606d-4843-ff36-b97d-0c79e11782f1" executionId="15942560-277e-4c72-af76-f5ae607b2380" testListId="8c84fa94-04c1-424b-9868-57a2d4851a1d" />
    <TestEntry testId="e3655047-245b-e2c7-2c26-19e72f979c1d" executionId="b7f295d5-e4b1-496a-b2d4-35a22957e716" testListId="8c84fa94-04c1-424b-9868-57a2d4851a1d" />
    <TestEntry testId="bfd5a48b-9b5c-d7ad-9048-7f444861126c" executionId="d1fc4d38-1e55-4890-b3a0-a7645f4690da" testListId="8c84fa94-04c1-424b-9868-57a2d4851a1d" />
    <TestEntry testId="7aa98473-1098-0db5-704a-fcb553d21f64" executionId="460c24a5-f633-41ab-95d1-9c43f632abbf" testListId="8c84fa94-04c1-424b-9868-57a2d4851a1d" />
    <TestEntry testId="992a5310-7fd9-eb34-e20d-949f0af01a8f" executionId="23560266-ab0e-4c35-bfea-775e313d067b" testListId="8c84fa94-04c1-424b-9868-57a2d4851a1d" />
    <TestEntry testId="2b7e328f-6321-4faa-4f85-a74ea89855b4" executionId="c05d03a5-966b-4bfd-bb71-35cb6ae4ded9" testListId="8c84fa94-04c1-424b-9868-57a2d4851a1d" />
    <TestEntry testId="afec4393-b7fa-2c17-aed2-743a831c3492" executionId="f7bf6af1-e38c-497f-9817-91d77dfa118a" testListId="8c84fa94-04c1-424b-9868-57a2d4851a1d" />
    <TestEntry testId="183ae838-6eb2-ddd1-fc18-d3ab32673286" executionId="b6e02c4c-cd47-48e3-b8b1-6c1aaf58e4f7" testListId="8c84fa94-04c1-424b-9868-57a2d4851a1d" />
    <TestEntry testId="0a0f56e1-2426-9c27-75c5-72e83aa4f18c" executionId="2a89f4cf-5b7a-48ea-8cd7-8a22427e3387" testListId="8c84fa94-04c1-424b-9868-57a2d4851a1d" />
    <TestEntry testId="6ffdc6d3-cefb-3296-5e75-ac13fe3afd03" executionId="21f24346-36a2-474a-b9dd-ff2e7aa2e011" testListId="8c84fa94-04c1-424b-9868-57a2d4851a1d" />
    <TestEntry testId="2940acf1-9b67-2da0-4ad9-484d74cbdbc9" executionId="70992574-c6b3-4e57-8a22-ceb51b4bfb44" testListId="8c84fa94-04c1-424b-9868-57a2d4851a1d" />
    <TestEntry testId="f4a6d75b-22de-c9be-71c8-5150c846f601" executionId="feb4c9a3-33ef-4214-bdc9-80ad402d78de" testListId="8c84fa94-04c1-424b-9868-57a2d4851a1d" />
    <TestEntry testId="06f73701-65f7-da2b-e94f-6c850186d97a" executionId="75e9fa62-d4a8-4fbf-9129-cf087528a1e4" testListId="8c84fa94-04c1-424b-9868-57a2d4851a1d" />
    <TestEntry testId="c75fc2ac-fde7-2038-d9a8-d86e951811a0" executionId="c6ddc401-f897-4d4d-8cd5-623a73dd4b17" testListId="8c84fa94-04c1-424b-9868-57a2d4851a1d" />
    <TestEntry testId="cf3f4348-6cc3-43d1-c760-65208684009c" executionId="aeaad846-7578-4ccf-8c63-ae8d482b5f63" testListId="8c84fa94-04c1-424b-9868-57a2d4851a1d" />
    <TestEntry testId="70b0a96d-aaac-2125-44fa-4f6d63eb62a7" executionId="a1b6f433-c938-4627-a154-7c95246f8faf" testListId="8c84fa94-04c1-424b-9868-57a2d4851a1d" />
    <TestEntry testId="704f985a-5aa6-9a9c-79d7-6d97e84b7f0f" executionId="efddcce7-344f-401d-a7f7-4e72feee1483" testListId="8c84fa94-04c1-424b-9868-57a2d4851a1d" />
    <TestEntry testId="df9d4979-ebf4-48fa-eaa6-d378215805ce" executionId="90aa050e-14bf-4aac-8eb3-ea9394461ce9" testListId="8c84fa94-04c1-424b-9868-57a2d4851a1d" />
    <TestEntry testId="715ebd6e-8b82-0185-36f5-00ae9c6bc485" executionId="19ca1996-286e-4d1c-a0cd-21df5a3b3b47" testListId="8c84fa94-04c1-424b-9868-57a2d4851a1d" />
    <TestEntry testId="bfd8552d-cec2-9ab5-c397-fd0fb67479e8" executionId="a9423d23-f36e-4039-ae93-263133ce36f4" testListId="8c84fa94-04c1-424b-9868-57a2d4851a1d" />
    <TestEntry testId="ee944308-05a6-64ab-5bf9-f0a0e7c8737a" executionId="363a848e-5330-4fc8-9106-727e1a2e5e91" testListId="8c84fa94-04c1-424b-9868-57a2d4851a1d" />
    <TestEntry testId="0627374f-baab-d288-a8a5-3146f1936a2d" executionId="a35fc932-e4a9-467c-b95c-f8307c803ee8" testListId="8c84fa94-04c1-424b-9868-57a2d4851a1d" />
    <TestEntry testId="f1d86270-c9d8-c961-65be-24cc50d1fc4b" executionId="6d84ca81-5d49-4e55-80aa-391c8dc1a902" testListId="8c84fa94-04c1-424b-9868-57a2d4851a1d" />
    <TestEntry testId="9c8a3a37-92aa-2f07-2535-a6f269371959" executionId="137d1cbd-20f7-4f2a-99e7-a37ac7f027ca" testListId="8c84fa94-04c1-424b-9868-57a2d4851a1d" />
    <TestEntry testId="3aefb9d4-9cc0-272d-dc50-69446f55302e" executionId="516a73ac-992c-44fd-b982-e7ad83af4e9e" testListId="8c84fa94-04c1-424b-9868-57a2d4851a1d" />
    <TestEntry testId="fcfa95f2-720f-8082-c577-4f9e22c76102" executionId="4ae4a02b-c823-48ca-acff-54881a240d19" testListId="8c84fa94-04c1-424b-9868-57a2d4851a1d" />
    <TestEntry testId="ae083652-0bf7-c673-dce4-870a432603ee" executionId="e54fa561-de2e-4630-8dca-751d80875c37" testListId="8c84fa94-04c1-424b-9868-57a2d4851a1d" />
    <TestEntry testId="c028a664-47e7-d1e0-a29b-c2782421ecca" executionId="102d6e01-8019-4778-a7bf-14db4a3ac965" testListId="8c84fa94-04c1-424b-9868-57a2d4851a1d" />
    <TestEntry testId="b02641ef-4dbb-1d38-fc9f-e1bd29220c37" executionId="a9bf428b-2659-4fd2-b2a4-f87a0f9dd48d" testListId="8c84fa94-04c1-424b-9868-57a2d4851a1d" />
    <TestEntry testId="f2c9598d-6c11-6ff1-ac6e-8c319ed45aad" executionId="f6a233f0-e7dd-4f05-b87b-20b39cbbdea5" testListId="8c84fa94-04c1-424b-9868-57a2d4851a1d" />
    <TestEntry testId="c93ffe48-5243-dfb2-8a93-461c879cf606" executionId="fff753fb-8f3f-4bce-a0d1-0bc67ba91d68" testListId="8c84fa94-04c1-424b-9868-57a2d4851a1d" />
    <TestEntry testId="bc5ed1ac-46cb-3ce7-5958-bc8141b19b62" executionId="8c9d6acf-a231-452e-b0f5-1a7c43516288" testListId="8c84fa94-04c1-424b-9868-57a2d4851a1d" />
    <TestEntry testId="e817df08-1352-7924-6f37-9159ad0539e6" executionId="405a93e0-2196-4c04-b192-ea91beda7a68" testListId="8c84fa94-04c1-424b-9868-57a2d4851a1d" />
    <TestEntry testId="2705846c-0b46-907b-6d14-254e6bc6494a" executionId="d1e643b9-a6a6-42bd-bf26-28ec9d56847f" testListId="8c84fa94-04c1-424b-9868-57a2d4851a1d" />
    <TestEntry testId="c184168b-7b90-1c26-9870-9e31f6f1dde3" executionId="2e9514f1-03a3-45b4-a044-f5ae1cea1cbb" testListId="8c84fa94-04c1-424b-9868-57a2d4851a1d" />
    <TestEntry testId="f2fd9c40-ebed-2a46-34fc-5586a484fe11" executionId="fffd1dfc-e7e3-43e6-b396-be8a073aacfd" testListId="8c84fa94-04c1-424b-9868-57a2d4851a1d" />
    <TestEntry testId="48d6f10d-3141-2ae9-4d33-c4a338f334ee" executionId="4778353a-1707-46d9-b316-3da8c8aeccc4" testListId="8c84fa94-04c1-424b-9868-57a2d4851a1d" />
    <TestEntry testId="728da468-f507-e742-b2ad-f61f3c2f234c" executionId="187f4c99-a920-49d4-810b-9844a1e7db58" testListId="8c84fa94-04c1-424b-9868-57a2d4851a1d" />
    <TestEntry testId="e6cae91e-3af9-1d6d-3935-2160925e38e7" executionId="88442722-ea84-43a9-8bd1-5e92a7e33881" testListId="8c84fa94-04c1-424b-9868-57a2d4851a1d" />
    <TestEntry testId="a2a281b6-476e-eb5a-45e5-afa89a5fb8b5" executionId="b2ea747c-2c6c-4de3-8d99-c363565d30db" testListId="8c84fa94-04c1-424b-9868-57a2d4851a1d" />
    <TestEntry testId="8071e8fe-9b4b-2580-cbc1-7f7b5fdb3e47" executionId="7a4743d1-361c-45cd-834e-a00c118af535" testListId="8c84fa94-04c1-424b-9868-57a2d4851a1d" />
    <TestEntry testId="85bc1fba-aa1e-c1ef-9000-a508e9350978" executionId="940d8a9d-d8ab-46bb-b302-43f061755987" testListId="8c84fa94-04c1-424b-9868-57a2d4851a1d" />
    <TestEntry testId="d1e32dc2-f33f-5363-4a8c-0ea170a9c822" executionId="37a9cbc0-f92e-4809-b1b8-66a3d6f0a74b" testListId="8c84fa94-04c1-424b-9868-57a2d4851a1d" />
    <TestEntry testId="aaa025c4-539f-dc62-f50b-af3c4325c449" executionId="5305a267-a1d9-45d0-a788-71def370688e" testListId="8c84fa94-04c1-424b-9868-57a2d4851a1d" />
    <TestEntry testId="9e43b977-3c91-5be2-de15-4f95a8e1f8c7" executionId="479650e3-78e7-4ab7-9dcd-ff22f68c1335" testListId="8c84fa94-04c1-424b-9868-57a2d4851a1d" />
    <TestEntry testId="5783bddb-fec7-d995-a012-a4ea9e07bdbd" executionId="40c8e6e2-f15e-4d3a-817e-a183e154f148" testListId="8c84fa94-04c1-424b-9868-57a2d4851a1d" />
    <TestEntry testId="7f3420a7-c01c-ee16-8a61-460ee76e48af" executionId="f0d02fe5-d709-4ced-9c1f-6c9626c77124" testListId="8c84fa94-04c1-424b-9868-57a2d4851a1d" />
    <TestEntry testId="cad52bb7-add3-40f2-d3bf-b3532e5f7a63" executionId="5b15181b-bfb9-4670-b1de-450a5d827e0d" testListId="8c84fa94-04c1-424b-9868-57a2d4851a1d" />
    <TestEntry testId="2461313c-95d1-07bf-c932-ab214f8a619b" executionId="e09e14dc-3655-4e09-86ea-f8ec2d6515b2" testListId="8c84fa94-04c1-424b-9868-57a2d4851a1d" />
    <TestEntry testId="b88b9ca8-ba65-70cd-81ce-345ab5fb1d53" executionId="f8a7d2e4-f3d0-4e21-bc7e-b20abfe60962" testListId="8c84fa94-04c1-424b-9868-57a2d4851a1d" />
    <TestEntry testId="fb89f0d9-b250-f580-809f-a6350fa8fd66" executionId="17763aa7-60f6-43f0-9d5d-3ce0f4965009" testListId="8c84fa94-04c1-424b-9868-57a2d4851a1d" />
    <TestEntry testId="33874d17-d7f8-330a-d70a-23c0ca497170" executionId="86bdc9a4-179e-4d93-89d7-d2a44ad83eb4" testListId="8c84fa94-04c1-424b-9868-57a2d4851a1d" />
    <TestEntry testId="64c1c071-8523-ad97-417a-c762f98be0b4" executionId="83a42ec7-061f-4e7f-ac3e-54f9ec15237a" testListId="8c84fa94-04c1-424b-9868-57a2d4851a1d" />
    <TestEntry testId="7892f007-71df-5c3b-ebcf-6ef2c37fadc0" executionId="b99a968f-7eda-471a-a7ec-1289c087d0f2" testListId="8c84fa94-04c1-424b-9868-57a2d4851a1d" />
    <TestEntry testId="a250f3fb-9de6-3396-c0f7-a3dadfe0ee2c" executionId="535ff2ef-9156-4cbd-bbea-03ede62b923d" testListId="8c84fa94-04c1-424b-9868-57a2d4851a1d" />
    <TestEntry testId="6453b38b-95cb-b6aa-9375-25acdc4c2487" executionId="48c35e2f-48f6-47f3-84b0-2be980a05aa2" testListId="8c84fa94-04c1-424b-9868-57a2d4851a1d" />
    <TestEntry testId="7f620adb-a555-cf8e-6039-9aba1a009772" executionId="2aa979d7-ae19-4638-be81-afe3de80971f" testListId="8c84fa94-04c1-424b-9868-57a2d4851a1d" />
    <TestEntry testId="2c5f1bbd-c340-38e3-42f3-b2209263335f" executionId="87d1be98-8700-4dfe-a1d7-745874685119" testListId="8c84fa94-04c1-424b-9868-57a2d4851a1d" />
    <TestEntry testId="afbb9659-a5fc-9266-3d62-d7f0d8dcbab6" executionId="379ec80c-2ae0-4e46-8be1-d36bb9c8da0c" testListId="8c84fa94-04c1-424b-9868-57a2d4851a1d" />
    <TestEntry testId="511a4f61-ce89-55d2-60bf-217e67e9f532" executionId="f41047ea-7892-4a33-9e7c-1b9615dad6c8" testListId="8c84fa94-04c1-424b-9868-57a2d4851a1d" />
    <TestEntry testId="69c0b0c9-79e3-762b-51b3-d77e96aed020" executionId="f2339217-06a2-4712-925e-4d0ef96b4ad4" testListId="8c84fa94-04c1-424b-9868-57a2d4851a1d" />
    <TestEntry testId="70274760-027a-23e7-88b1-7688da4db4eb" executionId="0300e4d2-69ec-45b7-8083-c2a1614ae940" testListId="8c84fa94-04c1-424b-9868-57a2d4851a1d" />
    <TestEntry testId="07679b95-0c77-33dd-c8d5-e1376510063a" executionId="820b0d49-9db0-4888-b023-decf1654d204" testListId="8c84fa94-04c1-424b-9868-57a2d4851a1d" />
    <TestEntry testId="b3de0653-64d2-8615-b480-d5f14ca81853" executionId="834a6e98-c1dd-44ae-a61c-ae2ba205f629" testListId="8c84fa94-04c1-424b-9868-57a2d4851a1d" />
    <TestEntry testId="4d151c41-de40-a77d-9114-a00800a2f22f" executionId="eb2f1365-5a01-467b-b631-a932716c1f1b" testListId="8c84fa94-04c1-424b-9868-57a2d4851a1d" />
    <TestEntry testId="fa18e5a6-2bc3-12df-bb51-c37d30f52f95" executionId="fe879838-ca94-4e05-a74a-0f3f0838eac5" testListId="8c84fa94-04c1-424b-9868-57a2d4851a1d" />
    <TestEntry testId="fa106201-6689-e149-ee9f-22bc394d4b15" executionId="e4977708-1528-4391-9e8d-3c86a9b44cc9" testListId="8c84fa94-04c1-424b-9868-57a2d4851a1d" />
    <TestEntry testId="df464f9e-b112-5566-5b91-0946280686ed" executionId="64464e31-d563-4012-94cb-d7a2aaf9388a" testListId="8c84fa94-04c1-424b-9868-57a2d4851a1d" />
    <TestEntry testId="8283d241-590a-b382-504b-bad3e64fc92e" executionId="48137a5e-f282-4768-9f38-41cf7d89f12c" testListId="8c84fa94-04c1-424b-9868-57a2d4851a1d" />
    <TestEntry testId="843d4548-139b-668c-d827-42f4346b3ef0" executionId="71d40334-3e6d-4310-88ba-7f6b3eacf7f1" testListId="8c84fa94-04c1-424b-9868-57a2d4851a1d" />
    <TestEntry testId="0599638c-2006-192a-49da-9fa79df3b55e" executionId="4589cf30-03b7-4c6b-931d-d3ea1eb74d3b" testListId="8c84fa94-04c1-424b-9868-57a2d4851a1d" />
    <TestEntry testId="84b36a15-9006-9254-a29b-b856bea432a4" executionId="756a8194-7125-4ec0-8187-113b1cec9593" testListId="8c84fa94-04c1-424b-9868-57a2d4851a1d" />
    <TestEntry testId="9cca6d32-4a0b-e5dd-1a59-a901edd68fd6" executionId="8096ef3e-6a39-448e-a544-bcad1730d751" testListId="8c84fa94-04c1-424b-9868-57a2d4851a1d" />
    <TestEntry testId="e620761f-f36f-3a30-5a60-f84267c8154b" executionId="d59996f3-bb93-4f1c-aa70-f37d6bbc1053" testListId="8c84fa94-04c1-424b-9868-57a2d4851a1d" />
    <TestEntry testId="3b6c1979-5d5b-f7df-8831-5e65b0e818fd" executionId="41d7ac55-526e-4456-bcfe-4bcb505fd760" testListId="8c84fa94-04c1-424b-9868-57a2d4851a1d" />
    <TestEntry testId="10573e1f-0aa2-6e3a-c6a4-1a9a094661dc" executionId="567304e1-2708-4478-9a7e-6e77506a0380" testListId="8c84fa94-04c1-424b-9868-57a2d4851a1d" />
    <TestEntry testId="194ba9b1-34c4-2b4a-2ba8-b132b9ebf998" executionId="d085067a-d22d-4ffd-a02f-5bd09a06695a" testListId="8c84fa94-04c1-424b-9868-57a2d4851a1d" />
    <TestEntry testId="c446db48-fe0d-6c23-577a-d3adf5810ca1" executionId="e77625c3-b73c-426a-b26f-d855a648e289" testListId="8c84fa94-04c1-424b-9868-57a2d4851a1d" />
    <TestEntry testId="25da0ecb-8f65-f3a6-c92d-fed8f87247e6" executionId="8e8e2e9b-e95d-4296-99ef-2cecc7a28faa" testListId="8c84fa94-04c1-424b-9868-57a2d4851a1d" />
    <TestEntry testId="a462fc82-d08d-a927-6e82-ea09024ca4ef" executionId="e3225577-6d9e-4c35-a26e-a0ff651e5d8f" testListId="8c84fa94-04c1-424b-9868-57a2d4851a1d" />
    <TestEntry testId="84a3a475-fcd9-a697-a886-bb4311389ff1" executionId="cb156f4d-1c09-4354-b840-587ddf1b7768" testListId="8c84fa94-04c1-424b-9868-57a2d4851a1d" />
    <TestEntry testId="e34bbd78-70b7-8bee-c46b-6fb18c901aa2" executionId="abad4867-1d0f-4fe9-a015-833e1a2d9112" testListId="8c84fa94-04c1-424b-9868-57a2d4851a1d" />
    <TestEntry testId="59d167f3-98f7-3905-876e-bc940d58c269" executionId="f6e8ce70-c1e2-477d-aaef-a67fd8bd2d0c" testListId="8c84fa94-04c1-424b-9868-57a2d4851a1d" />
    <TestEntry testId="8ddf2343-b416-72d4-fe07-7424be6bf3cc" executionId="b40182bb-4484-4a3a-85b9-1b9b0ba785cd" testListId="8c84fa94-04c1-424b-9868-57a2d4851a1d" />
    <TestEntry testId="3c01b151-3119-7729-69fb-12ad4b09e592" executionId="6f12d694-000c-48c8-9319-a703ce4f15cc" testListId="8c84fa94-04c1-424b-9868-57a2d4851a1d" />
    <TestEntry testId="dd1468a1-9af3-1aa0-7b70-41b163e3c3e7" executionId="bd77b8ea-0de6-4708-89e3-2233ff4fe6d8" testListId="8c84fa94-04c1-424b-9868-57a2d4851a1d" />
    <TestEntry testId="2691a8a8-cda7-2520-f88d-5b729c47edea" executionId="c3a32fcd-0369-4426-b6c4-190e13781f3b" testListId="8c84fa94-04c1-424b-9868-57a2d4851a1d" />
    <TestEntry testId="6b99a904-39c7-b2a5-cb92-c1c5bd5d3c67" executionId="c96cb31a-9f6f-4519-b68f-420f1031c3f9" testListId="8c84fa94-04c1-424b-9868-57a2d4851a1d" />
    <TestEntry testId="45426eba-5da1-7927-75a6-85bf8e09818e" executionId="bc969d34-af6f-4420-96e8-6b7545fb5a5a" testListId="8c84fa94-04c1-424b-9868-57a2d4851a1d" />
    <TestEntry testId="0ba55472-e42d-ce89-4611-b74239fe58fa" executionId="6ee74211-194f-4add-a84d-6fa517592027" testListId="8c84fa94-04c1-424b-9868-57a2d4851a1d" />
    <TestEntry testId="6dbfaaf3-0c2f-79c7-5448-3d9091ca07d2" executionId="e361d7cc-ca5c-4da0-959d-22f7ff0ca7b5" testListId="8c84fa94-04c1-424b-9868-57a2d4851a1d" />
    <TestEntry testId="a6320d81-84be-b348-18dd-019a5fed078d" executionId="4a12c7be-847d-4365-9a6d-2c73f5fbf91a" testListId="8c84fa94-04c1-424b-9868-57a2d4851a1d" />
    <TestEntry testId="26598c77-ae79-f56c-1115-9577c1ec0551" executionId="cdcfd2f4-2ff1-4a3c-a614-35d0bd84badd" testListId="8c84fa94-04c1-424b-9868-57a2d4851a1d" />
    <TestEntry testId="c73872e3-de49-0d4a-fbe2-3bd9c4a10210" executionId="43c41e79-d4ad-450c-9794-1afa1aad00d7" testListId="8c84fa94-04c1-424b-9868-57a2d4851a1d" />
    <TestEntry testId="d1cc7d48-afbd-466f-5015-ef2680fa4bcb" executionId="cb04041c-3338-4346-9cc3-9b178c54ea87" testListId="8c84fa94-04c1-424b-9868-57a2d4851a1d" />
    <TestEntry testId="7ce48d38-4867-2cfe-7006-39c642c6f124" executionId="bb52bb61-8d23-4527-a6ea-ec6b3a6c1313" testListId="8c84fa94-04c1-424b-9868-57a2d4851a1d" />
  </TestEntries>
  <Results>
    <UnitTestResult executionId="2ff5d696-9ed2-45e5-b904-dfc833f83b80" testId="2196f553-8d96-0cb1-ab6a-222290e750c6" testName="EqualsTest" computerName="USSLCL00134" duration="00:00:00.0271320" startTime="2012-06-22T16:19:12.3595111-06:00" endTime="2012-06-22T16:19:13.1385557-06:00" testType="13cdc9d9-ddb5-4fa4-a97d-d965ccfc6d4b" outcome="Passed" testListId="8c84fa94-04c1-424b-9868-57a2d4851a1d" relativeResultsDirectory="2ff5d696-9ed2-45e5-b904-dfc833f83b80">
    </UnitTestResult>
    <UnitTestResult executionId="70f9b40b-b491-4ddf-8ed9-5e5955ed9abd" testId="965a50e8-2ef6-40c1-4122-e2170c7021eb" testName="SetToZeroTest" computerName="USSLCL00134" duration="00:00:00.0491322" startTime="2012-06-22T16:19:13.1675573-06:00" endTime="2012-06-22T16:19:13.2315610-06:00" testType="13cdc9d9-ddb5-4fa4-a97d-d965ccfc6d4b" outcome="Passed" testListId="8c84fa94-04c1-424b-9868-57a2d4851a1d" relativeResultsDirectory="70f9b40b-b491-4ddf-8ed9-5e5955ed9abd">
    </UnitTestResult>
    <UnitTestResult executionId="faa554cb-057b-4e2e-86ad-90239801fe1a" testId="f0ba5c0b-8960-4edd-4fed-108844165cf0" testName="GetKetTest" computerName="USSLCL00134" duration="00:00:00.0021095" startTime="2012-06-22T16:19:13.3045652-06:00" endTime="2012-06-22T16:19:13.3185660-06:00" testType="13cdc9d9-ddb5-4fa4-a97d-d965ccfc6d4b" outcome="Passed" testListId="8c84fa94-04c1-424b-9868-57a2d4851a1d" relativeResultsDirectory="faa554cb-057b-4e2e-86ad-90239801fe1a">
    </UnitTestResult>
    <UnitTestResult executionId="62e9a1d2-3be2-438e-92ea-beea7d506c5b" testId="d5ba24d1-27d1-0b69-994f-a21952016180" testName="GetAmplitudeTest" computerName="USSLCL00134" duration="00:00:00.0308456" startTime="2012-06-22T16:19:13.3295666-06:00" endTime="2012-06-22T16:19:13.3735691-06:00" testType="13cdc9d9-ddb5-4fa4-a97d-d965ccfc6d4b" outcome="Passed" testListId="8c84fa94-04c1-424b-9868-57a2d4851a1d" relativeResultsDirectory="62e9a1d2-3be2-438e-92ea-beea7d506c5b">
    </UnitTestResult>
    <UnitTestResult executionId="08f25714-387e-4276-91f4-40340652d934" testId="7c93be96-b5a0-1d46-8810-c4cc0920cb2c" testName="GetNormalizedAmplitudeTest" computerName="USSLCL00134" duration="00:00:00.0066739" startTime="2012-06-22T16:19:13.3785694-06:00" endTime="2012-06-22T16:19:13.3955704-06:00" testType="13cdc9d9-ddb5-4fa4-a97d-d965ccfc6d4b" outcome="Passed" testListId="8c84fa94-04c1-424b-9868-57a2d4851a1d" relativeResultsDirectory="08f25714-387e-4276-91f4-40340652d934">
    </UnitTestResult>
    <UnitTestResult executionId="a11f3147-024c-445a-b0d8-9c33e9a2f274" testId="257c1c06-b11a-4bb0-9757-e03ddfaada2b" testName="IsProbabilisticSystemTest" computerName="USSLCL00134" duration="00:00:00.0136705" startTime="2012-06-22T16:19:13.4015707-06:00" endTime="2012-06-22T16:19:13.4255721-06:00" testType="13cdc9d9-ddb5-4fa4-a97d-d965ccfc6d4b" outcome="Passed" testListId="8c84fa94-04c1-424b-9868-57a2d4851a1d" relativeResultsDirectory="a11f3147-024c-445a-b0d8-9c33e9a2f274">
    </UnitTestResult>
    <UnitTestResult executionId="ec049b69-c7e6-4b24-82c3-4c954745c1c5" testId="bb7a77ba-178f-5917-6d9f-a8ef964738e0" testName="ConjugateTest" computerName="USSLCL00134" duration="00:00:00.0065222" startTime="2012-06-22T16:19:13.4315724-06:00" endTime="2012-06-22T16:19:13.4485734-06:00" testType="13cdc9d9-ddb5-4fa4-a97d-d965ccfc6d4b" outcome="Passed" testListId="8c84fa94-04c1-424b-9868-57a2d4851a1d" relativeResultsDirectory="ec049b69-c7e6-4b24-82c3-4c954745c1c5">
    </UnitTestResult>
    <UnitTestResult executionId="5098fe50-6109-4eb5-a2d9-52c8fea10a52" testId="191c732e-b797-fda9-14e6-f62313d93af1" testName="EqualsTest" computerName="USSLCL00134" duration="00:00:00.0018327" startTime="2012-06-22T16:19:13.4535737-06:00" endTime="2012-06-22T16:19:13.4655744-06:00" testType="13cdc9d9-ddb5-4fa4-a97d-d965ccfc6d4b" outcome="Passed" testListId="8c84fa94-04c1-424b-9868-57a2d4851a1d" relativeResultsDirectory="5098fe50-6109-4eb5-a2d9-52c8fea10a52">
    </UnitTestResult>
    <UnitTestResult executionId="0c808960-574d-4965-9cdc-1e50e5d88913" testId="4611c12d-ab9b-ec67-f03d-aef14139fd18" testName="InnerProductTest" computerName="USSLCL00134" duration="00:00:00.0041432" startTime="2012-06-22T16:19:13.4765750-06:00" endTime="2012-06-22T16:19:13.4915759-06:00" testType="13cdc9d9-ddb5-4fa4-a97d-d965ccfc6d4b" outcome="Passed" testListId="8c84fa94-04c1-424b-9868-57a2d4851a1d" relativeResultsDirectory="0c808960-574d-4965-9cdc-1e50e5d88913">
    </UnitTestResult>
    <UnitTestResult executionId="b7a0b3ef-dad6-4082-96d7-12000058937c" testId="bf6c2469-a2b3-a877-1023-ee9bd6de0e5b" testName="AdjointTest" computerName="USSLCL00134" duration="00:00:00.0017026" startTime="2012-06-22T16:19:13.4965761-06:00" endTime="2012-06-22T16:19:13.5095769-06:00" testType="13cdc9d9-ddb5-4fa4-a97d-d965ccfc6d4b" outcome="Passed" testListId="8c84fa94-04c1-424b-9868-57a2d4851a1d" relativeResultsDirectory="b7a0b3ef-dad6-4082-96d7-12000058937c">
    </UnitTestResult>
    <UnitTestResult executionId="7477574f-a8ae-4b0d-bdd3-8593280b91cc" testId="45c1478b-4df2-7873-3421-9c35cffff0b5" testName="TransposeTest" computerName="USSLCL00134" duration="00:00:00.0012541" startTime="2012-06-22T16:19:13.5145772-06:00" endTime="2012-06-22T16:19:13.5265779-06:00" testType="13cdc9d9-ddb5-4fa4-a97d-d965ccfc6d4b" outcome="Passed" testListId="8c84fa94-04c1-424b-9868-57a2d4851a1d" relativeResultsDirectory="7477574f-a8ae-4b0d-bdd3-8593280b91cc">
    </UnitTestResult>
    <UnitTestResult executionId="f907aacd-9426-4b0b-8e64-ffda51c56b96" testId="d234dbe8-2eb3-6ce6-3747-7c6cec0f5c2b" testName="ItemTest" computerName="USSLCL00134" duration="00:00:00.0004257" startTime="2012-06-22T16:19:13.5375785-06:00" endTime="2012-06-22T16:19:13.5505792-06:00" testType="13cdc9d9-ddb5-4fa4-a97d-d965ccfc6d4b" outcome="Passed" testListId="8c84fa94-04c1-424b-9868-57a2d4851a1d" relativeResultsDirectory="f907aacd-9426-4b0b-8e64-ffda51c56b96">
    </UnitTestResult>
    <UnitTestResult executionId="67b88c49-0639-4cd9-8990-4435cdb23def" testId="aac142ce-38b2-6d3f-cd65-e8254c3e066b" testName="IdentityMatrixTest" computerName="USSLCL00134" duration="00:00:00.0017088" startTime="2012-06-22T16:19:13.5745806-06:00" endTime="2012-06-22T16:19:13.5865813-06:00" testType="13cdc9d9-ddb5-4fa4-a97d-d965ccfc6d4b" outcome="Passed" testListId="8c84fa94-04c1-424b-9868-57a2d4851a1d" relativeResultsDirectory="67b88c49-0639-4cd9-8990-4435cdb23def">
    </UnitTestResult>
    <UnitTestResult executionId="4bf4100b-8efc-476f-a394-9f884fa22c15" testId="2f70a04a-052e-804a-c12d-8ce7e0d5829f" testName="op_MultiplyMatrixAndVectorTest" computerName="USSLCL00134" duration="00:00:00.0011821" startTime="2012-06-22T16:19:13.5995820-06:00" endTime="2012-06-22T16:19:13.6125828-06:00" testType="13cdc9d9-ddb5-4fa4-a97d-d965ccfc6d4b" outcome="Passed" testListId="8c84fa94-04c1-424b-9868-57a2d4851a1d" relativeResultsDirectory="4bf4100b-8efc-476f-a394-9f884fa22c15">
    </UnitTestResult>
    <UnitTestResult executionId="9e10a6bc-0195-4d89-84eb-63548c169e1c" testId="49e51852-7075-5008-f887-b580ee4d13af" testName="IsHermitianTest" computerName="USSLCL00134" duration="00:00:00.0068356" startTime="2012-06-22T16:19:13.6295838-06:00" endTime="2012-06-22T16:19:13.6495849-06:00" testType="13cdc9d9-ddb5-4fa4-a97d-d965ccfc6d4b" outcome="Passed" testListId="8c84fa94-04c1-424b-9868-57a2d4851a1d" relativeResultsDirectory="9e10a6bc-0195-4d89-84eb-63548c169e1c">
    </UnitTestResult>
    <UnitTestResult executionId="9e766422-069f-48ea-8aa0-bb4828d592c8" testId="86846568-9c1a-b5d9-8a2f-14b2fd1eb1c6" testName="op_ImplicitTest" computerName="USSLCL00134" duration="00:00:00.0034172" startTime="2012-06-22T16:19:13.6685860-06:00" endTime="2012-06-22T16:19:13.6825868-06:00" testType="13cdc9d9-ddb5-4fa4-a97d-d965ccfc6d4b" outcome="Passed" testListId="8c84fa94-04c1-424b-9868-57a2d4851a1d" relativeResultsDirectory="9e766422-069f-48ea-8aa0-bb4828d592c8">
    </UnitTestResult>
    <UnitTestResult executionId="3c326183-c86f-43eb-9f48-1d0229e81fe4" testId="cd40d60c-7ba3-fd50-057a-8cb8ecef5565" testName="op_PowerTest" computerName="USSLCL00134" duration="00:00:00.0038449" startTime="2012-06-22T16:19:13.6895872-06:00" endTime="2012-06-22T16:19:13.7065882-06:00" testType="13cdc9d9-ddb5-4fa4-a97d-d965ccfc6d4b" outcome="Passed" testListId="8c84fa94-04c1-424b-9868-57a2d4851a1d" relativeResultsDirectory="3c326183-c86f-43eb-9f48-1d0229e81fe4">
    </UnitTestResult>
    <UnitTestResult executionId="6779794d-6360-4f0b-8387-1f401af6e810" testId="0b103c37-48a5-eca8-d21a-8bbd6e27c98c" testName="ExpectedValueTest" computerName="USSLCL00134" duration="00:00:00.0067963" startTime="2012-06-22T16:19:13.7165887-06:00" endTime="2012-06-22T16:19:13.7335897-06:00" testType="13cdc9d9-ddb5-4fa4-a97d-d965ccfc6d4b" outcome="Passed" testListId="8c84fa94-04c1-424b-9868-57a2d4851a1d" relativeResultsDirectory="6779794d-6360-4f0b-8387-1f401af6e810">
    </UnitTestResult>
    <UnitTestResult executionId="78fa4d49-0c4c-48c7-b159-e0c55fd724a0" testId="a3e4879d-2ea1-a209-e3f3-b52750cb2d8b" testName="VarianceTest" computerName="USSLCL00134" duration="00:00:00.0052215" startTime="2012-06-22T16:19:13.7555910-06:00" endTime="2012-06-22T16:19:13.7725919-06:00" testType="13cdc9d9-ddb5-4fa4-a97d-d965ccfc6d4b" outcome="Passed" testListId="8c84fa94-04c1-424b-9868-57a2d4851a1d" relativeResultsDirectory="78fa4d49-0c4c-48c7-b159-e0c55fd724a0">
    </UnitTestResult>
    <UnitTestResult executionId="388318a7-3aac-4f61-8273-1aadc853a2b7" testId="56d4e2ab-80ac-74c9-cdc4-cd3967d0842f" testName="Exercise4o1o1" computerName="USSLCL00134" duration="00:00:00.0016310" startTime="2012-06-22T16:19:13.7815924-06:00" endTime="2012-06-22T16:19:13.7965933-06:00" testType="13cdc9d9-ddb5-4fa4-a97d-d965ccfc6d4b" outcome="Passed" testListId="8c84fa94-04c1-424b-9868-57a2d4851a1d" relativeResultsDirectory="388318a7-3aac-4f61-8273-1aadc853a2b7">
    </UnitTestResult>
    <UnitTestResult executionId="8b8fbdc8-b533-48fb-8144-f3c3bf039025" testId="b920ca27-2e1f-e8ec-c9ba-d4cbb754ace4" testName="Exercise4o1o5" computerName="USSLCL00134" duration="00:00:00.0017734" startTime="2012-06-22T16:19:13.8055938-06:00" endTime="2012-06-22T16:19:13.8185946-06:00" testType="13cdc9d9-ddb5-4fa4-a97d-d965ccfc6d4b" outcome="Passed" testListId="8c84fa94-04c1-424b-9868-57a2d4851a1d" relativeResultsDirectory="8b8fbdc8-b533-48fb-8144-f3c3bf039025">
    </UnitTestResult>
    <UnitTestResult executionId="0f2dd5df-732e-4c2d-8357-2726c900f7de" testId="cfda23f5-8521-9279-3cfb-c362ea2104e6" testName="Example4o2o1" computerName="USSLCL00134" duration="00:00:00.0008842" startTime="2012-06-22T16:19:13.8265950-06:00" endTime="2012-06-22T16:19:13.8395958-06:00" testType="13cdc9d9-ddb5-4fa4-a97d-d965ccfc6d4b" outcome="Passed" testListId="8c84fa94-04c1-424b-9868-57a2d4851a1d" relativeResultsDirectory="0f2dd5df-732e-4c2d-8357-2726c900f7de">
    </UnitTestResult>
    <UnitTestResult executionId="5678e618-5e70-4272-abd7-13549bad3a94" testId="976f17c9-51e8-e105-25f5-c30dcb83cb62" testName="Exercise4o2o2" computerName="USSLCL00134" duration="00:00:00.0011140" startTime="2012-06-22T16:19:13.8445961-06:00" endTime="2012-06-22T16:19:13.8585969-06:00" testType="13cdc9d9-ddb5-4fa4-a97d-d965ccfc6d4b" outcome="Passed" testListId="8c84fa94-04c1-424b-9868-57a2d4851a1d" relativeResultsDirectory="5678e618-5e70-4272-abd7-13549bad3a94">
    </UnitTestResult>
    <UnitTestResult executionId="0527d06c-1df5-4b5d-8261-9f95f95fa455" testId="1f1cd201-bd9b-d73b-7631-79422db50907" testName="Exercise4o2o6" computerName="USSLCL00134" duration="00:00:00.0014035" startTime="2012-06-22T16:19:13.8665973-06:00" endTime="2012-06-22T16:19:13.8795981-06:00" testType="13cdc9d9-ddb5-4fa4-a97d-d965ccfc6d4b" outcome="Passed" testListId="8c84fa94-04c1-424b-9868-57a2d4851a1d" relativeResultsDirectory="0527d06c-1df5-4b5d-8261-9f95f95fa455">
    </UnitTestResult>
    <UnitTestResult executionId="d8402327-7172-488e-8460-d021755aaeaf" testId="f368b193-6b5a-1b14-7094-e125316b3e80" testName="Exercise4o2o7" computerName="USSLCL00134" duration="00:00:00.0017719" startTime="2012-06-22T16:19:13.8895986-06:00" endTime="2012-06-22T16:19:13.9015993-06:00" testType="13cdc9d9-ddb5-4fa4-a97d-d965ccfc6d4b" outcome="Passed" testListId="8c84fa94-04c1-424b-9868-57a2d4851a1d" relativeResultsDirectory="d8402327-7172-488e-8460-d021755aaeaf">
    </UnitTestResult>
    <UnitTestResult executionId="594b294f-7218-456c-b87f-732bcc79d405" testId="8c87e582-c187-2428-641f-ac52b8bc8afb" testName="Exercise4o2o8" computerName="USSLCL00134" duration="00:00:00.0050767" startTime="2012-06-22T16:19:13.9136000-06:00" endTime="2012-06-22T16:19:13.9296009-06:00" testType="13cdc9d9-ddb5-4fa4-a97d-d965ccfc6d4b" outcome="Passed" testListId="8c84fa94-04c1-424b-9868-57a2d4851a1d" relativeResultsDirectory="594b294f-7218-456c-b87f-732bcc79d405">
    </UnitTestResult>
    <UnitTestResult executionId="ca2d884b-31a1-4e43-be9b-41334b5717e9" testId="7f80f8e7-2e2b-ea96-23b0-2d1d4cb799d4" testName="Exercise4o2o9" computerName="USSLCL00134" duration="00:00:00.0026484" startTime="2012-06-22T16:19:13.9366013-06:00" endTime="2012-06-22T16:19:13.9506021-06:00" testType="13cdc9d9-ddb5-4fa4-a97d-d965ccfc6d4b" outcome="Passed" testListId="8c84fa94-04c1-424b-9868-57a2d4851a1d" relativeResultsDirectory="ca2d884b-31a1-4e43-be9b-41334b5717e9">
    </UnitTestResult>
    <UnitTestResult executionId="1b60e828-ecd9-41da-801f-a34330e1d81b" testId="acd83d3c-1f09-56f5-c309-c66c3b56b876" testName="Example4o2o7" computerName="USSLCL00134" duration="00:00:00.0034495" startTime="2012-06-22T16:19:13.9606027-06:00" endTime="2012-06-22T16:19:13.9756035-06:00" testType="13cdc9d9-ddb5-4fa4-a97d-d965ccfc6d4b" outcome="Passed" testListId="8c84fa94-04c1-424b-9868-57a2d4851a1d" relativeResultsDirectory="1b60e828-ecd9-41da-801f-a34330e1d81b">
    </UnitTestResult>
    <UnitTestResult executionId="afae11a1-c245-4002-97cd-a6f4c60a614c" testId="5b0b7f1b-1d05-7deb-83d6-f2293e41cb23" testName="VectorConstructorTest" computerName="USSLCL00134" duration="00:00:00.0015259" startTime="2012-06-22T16:19:13.9886043-06:00" endTime="2012-06-22T16:19:14.0016050-06:00" testType="13cdc9d9-ddb5-4fa4-a97d-d965ccfc6d4b" outcome="Passed" testListId="8c84fa94-04c1-424b-9868-57a2d4851a1d" relativeResultsDirectory="afae11a1-c245-4002-97cd-a6f4c60a614c">
    </UnitTestResult>
    <UnitTestResult executionId="2644e2ed-98d8-459f-b272-68dde132cf39" testId="1aac7064-31c6-c120-9e54-0819977db45a" testName="VectorConstructorTest1" computerName="USSLCL00134" duration="00:00:00.0007595" startTime="2012-06-22T16:19:14.0076054-06:00" endTime="2012-06-22T16:19:14.0216062-06:00" testType="13cdc9d9-ddb5-4fa4-a97d-d965ccfc6d4b" outcome="Passed" testListId="8c84fa94-04c1-424b-9868-57a2d4851a1d" relativeResultsDirectory="2644e2ed-98d8-459f-b272-68dde132cf39">
    </UnitTestResult>
    <UnitTestResult executionId="955cc5af-5d2d-4f4a-bd8c-113214dcb4e9" testId="9c92819f-751b-655e-72f6-604f0653711c" testName="VectorConstructorTest2" computerName="USSLCL00134" duration="00:00:00.0004165" startTime="2012-06-22T16:19:14.0336069-06:00" endTime="2012-06-22T16:19:14.0446075-06:00" testType="13cdc9d9-ddb5-4fa4-a97d-d965ccfc6d4b" outcome="Passed" testListId="8c84fa94-04c1-424b-9868-57a2d4851a1d" relativeResultsDirectory="955cc5af-5d2d-4f4a-bd8c-113214dcb4e9">
    </UnitTestResult>
    <UnitTestResult executionId="9b534b9a-83eb-4d58-9f15-805100b37982" testId="bc74a9f0-dfbc-1cfa-6718-f3d2cbf87b3b" testName="EqualsTest" computerName="USSLCL00134" duration="00:00:00.0004234" startTime="2012-06-22T16:19:14.0546081-06:00" endTime="2012-06-22T16:19:14.0656087-06:00" testType="13cdc9d9-ddb5-4fa4-a97d-d965ccfc6d4b" outcome="Passed" testListId="8c84fa94-04c1-424b-9868-57a2d4851a1d" relativeResultsDirectory="9b534b9a-83eb-4d58-9f15-805100b37982">
    </UnitTestResult>
    <UnitTestResult executionId="0e950397-0777-4997-9c87-243625268f4d" testId="89a43019-9aa1-6b73-f686-b9999e672584" testName="DistanceTest" computerName="USSLCL00134" duration="00:00:00.0146294" startTime="2012-06-22T16:19:14.0716090-06:00" endTime="2012-06-22T16:19:14.0986106-06:00" testType="13cdc9d9-ddb5-4fa4-a97d-d965ccfc6d4b" outcome="Passed" testListId="8c84fa94-04c1-424b-9868-57a2d4851a1d" relativeResultsDirectory="0e950397-0777-4997-9c87-243625268f4d">
    </UnitTestResult>
    <UnitTestResult executionId="10f1c5f0-71b2-41cc-8507-aa9b3911f950" testId="81ff8154-7b8a-e690-97b4-6435aa07756d" testName="LengthTest" computerName="USSLCL00134" duration="00:00:00.0008137" startTime="2012-06-22T16:19:14.1076111-06:00" endTime="2012-06-22T16:19:14.1216119-06:00" testType="13cdc9d9-ddb5-4fa4-a97d-d965ccfc6d4b" outcome="Passed" testListId="8c84fa94-04c1-424b-9868-57a2d4851a1d" relativeResultsDirectory="10f1c5f0-71b2-41cc-8507-aa9b3911f950">
    </UnitTestResult>
    <UnitTestResult executionId="ce96145f-6abb-4b6f-9490-8fcecc4eab0e" testId="a742c746-5181-52e8-23a7-13e7e8c75d0d" testName="ToStringTest" computerName="USSLCL00134" duration="00:00:00.0013858" startTime="2012-06-22T16:19:14.1276122-06:00" endTime="2012-06-22T16:19:14.1406130-06:00" testType="13cdc9d9-ddb5-4fa4-a97d-d965ccfc6d4b" outcome="Passed" testListId="8c84fa94-04c1-424b-9868-57a2d4851a1d" relativeResultsDirectory="ce96145f-6abb-4b6f-9490-8fcecc4eab0e">
    </UnitTestResult>
    <UnitTestResult executionId="6272821f-b807-4bef-975f-cff310b92cd8" testId="38b23d36-491d-02f4-07c2-9d3cd23affc3" testName="op_AdditionTest" computerName="USSLCL00134" duration="00:00:00.0045497" startTime="2012-06-22T16:19:14.1506136-06:00" endTime="2012-06-22T16:19:14.1716148-06:00" testType="13cdc9d9-ddb5-4fa4-a97d-d965ccfc6d4b" outcome="Passed" testListId="8c84fa94-04c1-424b-9868-57a2d4851a1d" relativeResultsDirectory="6272821f-b807-4bef-975f-cff310b92cd8">
    </UnitTestResult>
    <UnitTestResult executionId="e47bf158-f053-499b-8cc3-af9c7072d02f" testId="5f6e4234-ae47-44fc-62c5-b75e2f29c018" testName="op_EqualityTest" computerName="USSLCL00134" duration="00:00:00.0042379" startTime="2012-06-22T16:19:14.1816153-06:00" endTime="2012-06-22T16:19:14.1976162-06:00" testType="13cdc9d9-ddb5-4fa4-a97d-d965ccfc6d4b" outcome="Passed" testListId="8c84fa94-04c1-424b-9868-57a2d4851a1d" relativeResultsDirectory="e47bf158-f053-499b-8cc3-af9c7072d02f">
    </UnitTestResult>
    <UnitTestResult executionId="b99d4aa6-2b2c-4aca-8e60-0fe672f7135d" testId="353600d6-8f81-a743-8f0c-ac1e5f0cc59e" testName="op_InequalityTest" computerName="USSLCL00134" duration="00:00:00.0006467" startTime="2012-06-22T16:19:14.2086169-06:00" endTime="2012-06-22T16:19:14.2206176-06:00" testType="13cdc9d9-ddb5-4fa4-a97d-d965ccfc6d4b" outcome="Passed" testListId="8c84fa94-04c1-424b-9868-57a2d4851a1d" relativeResultsDirectory="b99d4aa6-2b2c-4aca-8e60-0fe672f7135d">
    </UnitTestResult>
    <UnitTestResult executionId="77199385-9db1-4eef-9fbf-4ad2df5dc18d" testId="30603adb-abfd-1ae1-9190-dbf549cbf25b" testName="op_MultiplyTest" computerName="USSLCL00134" duration="00:00:00.0042599" startTime="2012-06-22T16:19:14.2326182-06:00" endTime="2012-06-22T16:19:14.2486192-06:00" testType="13cdc9d9-ddb5-4fa4-a97d-d965ccfc6d4b" outcome="Passed" testListId="8c84fa94-04c1-424b-9868-57a2d4851a1d" relativeResultsDirectory="77199385-9db1-4eef-9fbf-4ad2df5dc18d">
    </UnitTestResult>
    <UnitTestResult executionId="7f37fef1-5569-4929-bf17-4b91e5255321" testId="e58e75f5-82f4-68b3-9174-e83157c210fe" testName="op_MultiplyTest1" computerName="USSLCL00134" duration="00:00:00.0006621" startTime="2012-06-22T16:19:14.2556196-06:00" endTime="2012-06-22T16:19:14.2696204-06:00" testType="13cdc9d9-ddb5-4fa4-a97d-d965ccfc6d4b" outcome="Passed" testListId="8c84fa94-04c1-424b-9868-57a2d4851a1d" relativeResultsDirectory="7f37fef1-5569-4929-bf17-4b91e5255321">
    </UnitTestResult>
    <UnitTestResult executionId="3ff8e8f3-e476-47da-814b-175136736610" testId="45e4093b-3343-3a21-e7a7-e836435896d3" testName="op_DotProductTest" computerName="USSLCL00134" duration="00:00:00.0006771" startTime="2012-06-22T16:19:14.2796209-06:00" endTime="2012-06-22T16:19:14.2936217-06:00" testType="13cdc9d9-ddb5-4fa4-a97d-d965ccfc6d4b" outcome="Passed" testListId="8c84fa94-04c1-424b-9868-57a2d4851a1d" relativeResultsDirectory="3ff8e8f3-e476-47da-814b-175136736610">
    </UnitTestResult>
    <UnitTestResult executionId="9439fc6a-a91d-47b4-abce-033833718f41" testId="ff295562-5e99-9434-0a6c-61d038c92b18" testName="op_SubtractionTest" computerName="USSLCL00134" duration="00:00:00.0005808" startTime="2012-06-22T16:19:14.3006221-06:00" endTime="2012-06-22T16:19:14.3126228-06:00" testType="13cdc9d9-ddb5-4fa4-a97d-d965ccfc6d4b" outcome="Passed" testListId="8c84fa94-04c1-424b-9868-57a2d4851a1d" relativeResultsDirectory="9439fc6a-a91d-47b4-abce-033833718f41">
    </UnitTestResult>
    <UnitTestResult executionId="a94d2c47-5b0a-4b50-bd30-e7ae06aa40f2" testId="05b12b43-1783-0ca5-6417-946a728e7bad" testName="GetAngleTest" computerName="USSLCL00134" duration="00:00:00.0021465" startTime="2012-06-22T16:19:14.3196232-06:00" endTime="2012-06-22T16:19:14.3326240-06:00" testType="13cdc9d9-ddb5-4fa4-a97d-d965ccfc6d4b" outcome="Passed" testListId="8c84fa94-04c1-424b-9868-57a2d4851a1d" relativeResultsDirectory="a94d2c47-5b0a-4b50-bd30-e7ae06aa40f2">
    </UnitTestResult>
    <UnitTestResult executionId="47b9ee14-b8b1-4f86-ad82-b7da006afd93" testId="f45ba4d9-1948-fd2a-d93c-c51eacddf456" testName="IsOrthogonalTest" computerName="USSLCL00134" duration="00:00:00.0056950" startTime="2012-06-22T16:19:14.3396244-06:00" endTime="2012-06-22T16:19:14.3566253-06:00" testType="13cdc9d9-ddb5-4fa4-a97d-d965ccfc6d4b" outcome="Passed" testListId="8c84fa94-04c1-424b-9868-57a2d4851a1d" relativeResultsDirectory="47b9ee14-b8b1-4f86-ad82-b7da006afd93">
    </UnitTestResult>
    <UnitTestResult executionId="01914b90-3ccf-43c0-820a-ae9c0dc49f4e" testId="8e039ac3-296f-0b32-1467-d43005f9a8c9" testName="op_UnaryNegationTest" computerName="USSLCL00134" duration="00:00:00.0071055" startTime="2012-06-22T16:19:14.3616256-06:00" endTime="2012-06-22T16:19:14.3796267-06:00" testType="13cdc9d9-ddb5-4fa4-a97d-d965ccfc6d4b" outcome="Passed" testListId="8c84fa94-04c1-424b-9868-57a2d4851a1d" relativeResultsDirectory="01914b90-3ccf-43c0-820a-ae9c0dc49f4e">
    </UnitTestResult>
    <UnitTestResult executionId="7cb9be5d-ef8f-4911-aa1f-3c3b074fab3e" testId="8948e81d-4481-f3a6-0a8b-92d5a21b0ed1" testName="Exercise3o1o1" computerName="USSLCL00134" duration="00:00:00.0028428" startTime="2012-06-22T16:19:14.3896272-06:00" endTime="2012-06-22T16:19:14.4036280-06:00" testType="13cdc9d9-ddb5-4fa4-a97d-d965ccfc6d4b" outcome="Passed" testListId="8c84fa94-04c1-424b-9868-57a2d4851a1d" relativeResultsDirectory="7cb9be5d-ef8f-4911-aa1f-3c3b074fab3e">
    </UnitTestResult>
    <UnitTestResult executionId="630c7c1a-e3a7-479e-ac0e-44d49d2266f3" testId="1683eaf6-b230-9872-7e1d-e1c2509c0be1" testName="Exercise3o1o2" computerName="USSLCL00134" duration="00:00:00.0067413" startTime="2012-06-22T16:19:14.4106284-06:00" endTime="2012-06-22T16:19:14.4296295-06:00" testType="13cdc9d9-ddb5-4fa4-a97d-d965ccfc6d4b" outcome="Passed" testListId="8c84fa94-04c1-424b-9868-57a2d4851a1d" relativeResultsDirectory="630c7c1a-e3a7-479e-ac0e-44d49d2266f3">
    </UnitTestResult>
    <UnitTestResult executionId="e28932e2-09b7-48f1-bc88-eec5bb772414" testId="06c32b76-050d-0c74-e5e5-24e8d789eea7" testName="Exercise3o1o4" computerName="USSLCL00134" duration="00:00:00.0029876" startTime="2012-06-22T16:19:14.4396301-06:00" endTime="2012-06-22T16:19:14.4576311-06:00" testType="13cdc9d9-ddb5-4fa4-a97d-d965ccfc6d4b" outcome="Passed" testListId="8c84fa94-04c1-424b-9868-57a2d4851a1d" relativeResultsDirectory="e28932e2-09b7-48f1-bc88-eec5bb772414">
    </UnitTestResult>
    <UnitTestResult executionId="579e8c5e-176e-435a-aa88-66b2725c311b" testId="fc5f6b28-8f99-b5ff-6ec9-739c1fd6e416" testName="Example3o2o1" computerName="USSLCL00134" duration="00:00:00.0008311" startTime="2012-06-22T16:19:14.4696318-06:00" endTime="2012-06-22T16:19:14.4816325-06:00" testType="13cdc9d9-ddb5-4fa4-a97d-d965ccfc6d4b" outcome="Passed" testListId="8c84fa94-04c1-424b-9868-57a2d4851a1d" relativeResultsDirectory="579e8c5e-176e-435a-aa88-66b2725c311b">
    </UnitTestResult>
    <UnitTestResult executionId="d2587e1b-7453-4e7a-8725-8ef44aea3719" testId="9cf4c4e1-7186-5bdb-2eef-3b22d03cb6e0" testName="Exercise3o2o1" computerName="USSLCL00134" duration="00:00:00.0008896" startTime="2012-06-22T16:19:14.4906330-06:00" endTime="2012-06-22T16:19:14.5006336-06:00" testType="13cdc9d9-ddb5-4fa4-a97d-d965ccfc6d4b" outcome="Passed" testListId="8c84fa94-04c1-424b-9868-57a2d4851a1d" relativeResultsDirectory="d2587e1b-7453-4e7a-8725-8ef44aea3719">
    </UnitTestResult>
    <UnitTestResult executionId="dd98ac4c-8a67-4cbd-973e-69c7e7c98b9e" testId="85e31a7a-8f31-96c4-5236-3d22a4f800d8" testName="Exercise3o2o4" computerName="USSLCL00134" duration="00:00:00.0012045" startTime="2012-06-22T16:19:14.5136343-06:00" endTime="2012-06-22T16:19:14.5256350-06:00" testType="13cdc9d9-ddb5-4fa4-a97d-d965ccfc6d4b" outcome="Passed" testListId="8c84fa94-04c1-424b-9868-57a2d4851a1d" relativeResultsDirectory="dd98ac4c-8a67-4cbd-973e-69c7e7c98b9e">
    </UnitTestResult>
    <UnitTestResult executionId="56c8162c-24d4-4e89-96ea-c5750ff86c4e" testId="aec04687-b925-f293-88d7-b9bf8f00fc28" testName="Exercise3o2o6" computerName="USSLCL00134" duration="00:00:00.0080863" startTime="2012-06-22T16:19:14.5326354-06:00" endTime="2012-06-22T16:19:14.5526365-06:00" testType="13cdc9d9-ddb5-4fa4-a97d-d965ccfc6d4b" outcome="Passed" testListId="8c84fa94-04c1-424b-9868-57a2d4851a1d" relativeResultsDirectory="56c8162c-24d4-4e89-96ea-c5750ff86c4e">
    </UnitTestResult>
    <UnitTestResult executionId="26d6a51c-d82a-41a2-9d72-821a1c666c42" testId="2495be45-e753-45de-32ff-e2c3eb28668d" testName="Exercise3o3o1" computerName="USSLCL00134" duration="00:00:00.0356145" startTime="2012-06-22T16:19:14.5576368-06:00" endTime="2012-06-22T16:19:14.6046395-06:00" testType="13cdc9d9-ddb5-4fa4-a97d-d965ccfc6d4b" outcome="Passed" testListId="8c84fa94-04c1-424b-9868-57a2d4851a1d" relativeResultsDirectory="26d6a51c-d82a-41a2-9d72-821a1c666c42">
    </UnitTestResult>
    <UnitTestResult executionId="6b8230f6-b829-42f1-9e5f-78e32e6692bc" testId="65483be5-ecd7-0f52-6a6b-f305d0d31089" testName="Exercise3o4o2" computerName="USSLCL00134" duration="00:00:00.0089282" startTime="2012-06-22T16:19:14.6106399-06:00" endTime="2012-06-22T16:19:14.6356413-06:00" testType="13cdc9d9-ddb5-4fa4-a97d-d965ccfc6d4b" outcome="Passed" testListId="8c84fa94-04c1-424b-9868-57a2d4851a1d" relativeResultsDirectory="6b8230f6-b829-42f1-9e5f-78e32e6692bc">
    </UnitTestResult>
    <UnitTestResult executionId="44e2afb3-7511-41a4-a7c3-d6fa3d107243" testId="2c0938a7-7ed1-e7a6-af0a-563ef75e9dfc" testName="Exercise3o4o3" computerName="USSLCL00134" duration="00:00:00.0019598" startTime="2012-06-22T16:19:14.6586426-06:00" endTime="2012-06-22T16:19:14.6826440-06:00" testType="13cdc9d9-ddb5-4fa4-a97d-d965ccfc6d4b" outcome="Passed" testListId="8c84fa94-04c1-424b-9868-57a2d4851a1d" relativeResultsDirectory="44e2afb3-7511-41a4-a7c3-d6fa3d107243">
    </UnitTestResult>
    <UnitTestResult executionId="15942560-277e-4c72-af76-f5ae607b2380" testId="3ab0606d-4843-ff36-b97d-0c79e11782f1" testName="Exercise2o1o1" computerName="USSLCL00134" duration="00:00:00.0010724" startTime="2012-06-22T16:19:14.6996450-06:00" endTime="2012-06-22T16:19:14.7146458-06:00" testType="13cdc9d9-ddb5-4fa4-a97d-d965ccfc6d4b" outcome="Passed" testListId="8c84fa94-04c1-424b-9868-57a2d4851a1d" relativeResultsDirectory="15942560-277e-4c72-af76-f5ae607b2380">
    </UnitTestResult>
    <UnitTestResult executionId="b7f295d5-e4b1-496a-b2d4-35a22957e716" testId="e3655047-245b-e2c7-2c26-19e72f979c1d" testName="TestEquation2o13" computerName="USSLCL00134" duration="00:00:00.0005112" startTime="2012-06-22T16:19:14.7266465-06:00" endTime="2012-06-22T16:19:14.7376471-06:00" testType="13cdc9d9-ddb5-4fa4-a97d-d965ccfc6d4b" outcome="Passed" testListId="8c84fa94-04c1-424b-9868-57a2d4851a1d" relativeResultsDirectory="b7f295d5-e4b1-496a-b2d4-35a22957e716">
    </UnitTestResult>
    <UnitTestResult executionId="d1fc4d38-1e55-4890-b3a0-a7645f4690da" testId="bfd5a48b-9b5c-d7ad-9048-7f444861126c" testName="Exercise2o1o3" computerName="USSLCL00134" duration="00:00:00.0010524" startTime="2012-06-22T16:19:14.7496478-06:00" endTime="2012-06-22T16:19:14.7806496-06:00" testType="13cdc9d9-ddb5-4fa4-a97d-d965ccfc6d4b" outcome="Passed" testListId="8c84fa94-04c1-424b-9868-57a2d4851a1d" relativeResultsDirectory="d1fc4d38-1e55-4890-b3a0-a7645f4690da">
    </UnitTestResult>
    <UnitTestResult executionId="460c24a5-f633-41ab-95d1-9c43f632abbf" testId="7aa98473-1098-0db5-704a-fcb553d21f64" testName="Exercise2o1o4" computerName="USSLCL00134" duration="00:00:00.0007164" startTime="2012-06-22T16:19:14.7886500-06:00" endTime="2012-06-22T16:19:14.8036509-06:00" testType="13cdc9d9-ddb5-4fa4-a97d-d965ccfc6d4b" outcome="Passed" testListId="8c84fa94-04c1-424b-9868-57a2d4851a1d" relativeResultsDirectory="460c24a5-f633-41ab-95d1-9c43f632abbf">
    </UnitTestResult>
    <UnitTestResult executionId="23560266-ab0e-4c35-bfea-775e313d067b" testId="992a5310-7fd9-eb34-e20d-949f0af01a8f" testName="Exercise2o2o1" computerName="USSLCL00134" duration="00:00:00.0005531" startTime="2012-06-22T16:19:14.8126514-06:00" endTime="2012-06-22T16:19:14.8456533-06:00" testType="13cdc9d9-ddb5-4fa4-a97d-d965ccfc6d4b" outcome="Passed" testListId="8c84fa94-04c1-424b-9868-57a2d4851a1d" relativeResultsDirectory="23560266-ab0e-4c35-bfea-775e313d067b">
    </UnitTestResult>
    <UnitTestResult executionId="c05d03a5-966b-4bfd-bb71-35cb6ae4ded9" testId="2b7e328f-6321-4faa-4f85-a74ea89855b4" testName="Exercise2o2o3" computerName="USSLCL00134" duration="00:00:00.0027508" startTime="2012-06-22T16:19:14.8516537-06:00" endTime="2012-06-22T16:19:14.8676546-06:00" testType="13cdc9d9-ddb5-4fa4-a97d-d965ccfc6d4b" outcome="Passed" testListId="8c84fa94-04c1-424b-9868-57a2d4851a1d" relativeResultsDirectory="c05d03a5-966b-4bfd-bb71-35cb6ae4ded9">
    </UnitTestResult>
    <UnitTestResult executionId="f7bf6af1-e38c-497f-9817-91d77dfa118a" testId="afec4393-b7fa-2c17-aed2-743a831c3492" testName="Exercise2o2o5" computerName="USSLCL00134" duration="00:00:00.0020464" startTime="2012-06-22T16:19:14.8746550-06:00" endTime="2012-06-22T16:19:14.8896558-06:00" testType="13cdc9d9-ddb5-4fa4-a97d-d965ccfc6d4b" outcome="Passed" testListId="8c84fa94-04c1-424b-9868-57a2d4851a1d" relativeResultsDirectory="f7bf6af1-e38c-497f-9817-91d77dfa118a">
    </UnitTestResult>
    <UnitTestResult executionId="b6e02c4c-cd47-48e3-b8b1-6c1aaf58e4f7" testId="183ae838-6eb2-ddd1-fc18-d3ab32673286" testName="Exercise2o2o6" computerName="USSLCL00134" duration="00:00:00.0063021" startTime="2012-06-22T16:19:14.9016565-06:00" endTime="2012-06-22T16:19:14.9206576-06:00" testType="13cdc9d9-ddb5-4fa4-a97d-d965ccfc6d4b" outcome="Passed" testListId="8c84fa94-04c1-424b-9868-57a2d4851a1d" relativeResultsDirectory="b6e02c4c-cd47-48e3-b8b1-6c1aaf58e4f7">
    </UnitTestResult>
    <UnitTestResult executionId="2a89f4cf-5b7a-48ea-8cd7-8a22427e3387" testId="0a0f56e1-2426-9c27-75c5-72e83aa4f18c" testName="Exercise2o2o8" computerName="USSLCL00134" duration="00:00:00.0020802" startTime="2012-06-22T16:19:14.9316582-06:00" endTime="2012-06-22T16:19:14.9446590-06:00" testType="13cdc9d9-ddb5-4fa4-a97d-d965ccfc6d4b" outcome="Passed" testListId="8c84fa94-04c1-424b-9868-57a2d4851a1d" relativeResultsDirectory="2a89f4cf-5b7a-48ea-8cd7-8a22427e3387">
    </UnitTestResult>
    <UnitTestResult executionId="21f24346-36a2-474a-b9dd-ff2e7aa2e011" testId="6ffdc6d3-cefb-3296-5e75-ac13fe3afd03" testName="Exercise2o2o9" computerName="USSLCL00134" duration="00:00:00.0090479" startTime="2012-06-22T16:19:14.9576597-06:00" endTime="2012-06-22T16:19:14.9776609-06:00" testType="13cdc9d9-ddb5-4fa4-a97d-d965ccfc6d4b" outcome="Passed" testListId="8c84fa94-04c1-424b-9868-57a2d4851a1d" relativeResultsDirectory="21f24346-36a2-474a-b9dd-ff2e7aa2e011">
    </UnitTestResult>
    <UnitTestResult executionId="70992574-c6b3-4e57-8a22-ceb51b4bfb44" testId="2940acf1-9b67-2da0-4ad9-484d74cbdbc9" testName="Example2o3o5" computerName="USSLCL00134" duration="00:00:00.0028040" startTime="2012-06-22T16:19:14.9816611-06:00" endTime="2012-06-22T16:19:14.9976620-06:00" testType="13cdc9d9-ddb5-4fa4-a97d-d965ccfc6d4b" outcome="Passed" testListId="8c84fa94-04c1-424b-9868-57a2d4851a1d" relativeResultsDirectory="70992574-c6b3-4e57-8a22-ceb51b4bfb44">
    </UnitTestResult>
    <UnitTestResult executionId="feb4c9a3-33ef-4214-bdc9-80ad402d78de" testId="f4a6d75b-22de-c9be-71c8-5150c846f601" testName="Example2o3o3" computerName="USSLCL00134" duration="00:00:00.0008526" startTime="2012-06-22T16:19:15.0086626-06:00" endTime="2012-06-22T16:19:15.0226634-06:00" testType="13cdc9d9-ddb5-4fa4-a97d-d965ccfc6d4b" outcome="Passed" testListId="8c84fa94-04c1-424b-9868-57a2d4851a1d" relativeResultsDirectory="feb4c9a3-33ef-4214-bdc9-80ad402d78de">
    </UnitTestResult>
    <UnitTestResult executionId="75e9fa62-d4a8-4fbf-9129-cf087528a1e4" testId="06f73701-65f7-da2b-e94f-6c850186d97a" testName="Exercise2o4o1" computerName="USSLCL00134" duration="00:00:00.0021719" startTime="2012-06-22T16:19:15.0356642-06:00" endTime="2012-06-22T16:19:15.0526651-06:00" testType="13cdc9d9-ddb5-4fa4-a97d-d965ccfc6d4b" outcome="Passed" testListId="8c84fa94-04c1-424b-9868-57a2d4851a1d" relativeResultsDirectory="75e9fa62-d4a8-4fbf-9129-cf087528a1e4">
    </UnitTestResult>
    <UnitTestResult executionId="c6ddc401-f897-4d4d-8cd5-623a73dd4b17" testId="c75fc2ac-fde7-2038-d9a8-d86e951811a0" testName="Exercise2o4o3" computerName="USSLCL00134" duration="00:00:00.0026585" startTime="2012-06-22T16:19:15.0666660-06:00" endTime="2012-06-22T16:19:15.0796667-06:00" testType="13cdc9d9-ddb5-4fa4-a97d-d965ccfc6d4b" outcome="Passed" testListId="8c84fa94-04c1-424b-9868-57a2d4851a1d" relativeResultsDirectory="c6ddc401-f897-4d4d-8cd5-623a73dd4b17">
    </UnitTestResult>
    <UnitTestResult executionId="aeaad846-7578-4ccf-8c63-ae8d482b5f63" testId="cf3f4348-6cc3-43d1-c760-65208684009c" testName="Exercise2o4o5" computerName="USSLCL00134" duration="00:00:00.0010108" startTime="2012-06-22T16:19:15.0906673-06:00" endTime="2012-06-22T16:19:15.1026680-06:00" testType="13cdc9d9-ddb5-4fa4-a97d-d965ccfc6d4b" outcome="Passed" testListId="8c84fa94-04c1-424b-9868-57a2d4851a1d" relativeResultsDirectory="aeaad846-7578-4ccf-8c63-ae8d482b5f63">
    </UnitTestResult>
    <UnitTestResult executionId="a1b6f433-c938-4627-a154-7c95246f8faf" testId="70b0a96d-aaac-2125-44fa-4f6d63eb62a7" testName="Exercise2o4o6" computerName="USSLCL00134" duration="00:00:00.0006436" startTime="2012-06-22T16:19:15.1156688-06:00" endTime="2012-06-22T16:19:15.1266694-06:00" testType="13cdc9d9-ddb5-4fa4-a97d-d965ccfc6d4b" outcome="Passed" testListId="8c84fa94-04c1-424b-9868-57a2d4851a1d" relativeResultsDirectory="a1b6f433-c938-4627-a154-7c95246f8faf">
    </UnitTestResult>
    <UnitTestResult executionId="efddcce7-344f-401d-a7f7-4e72feee1483" testId="704f985a-5aa6-9a9c-79d7-6d97e84b7f0f" testName="Exercise2o4o7" computerName="USSLCL00134" duration="00:00:00.0006667" startTime="2012-06-22T16:19:15.1386701-06:00" endTime="2012-06-22T16:19:15.1516708-06:00" testType="13cdc9d9-ddb5-4fa4-a97d-d965ccfc6d4b" outcome="Passed" testListId="8c84fa94-04c1-424b-9868-57a2d4851a1d" relativeResultsDirectory="efddcce7-344f-401d-a7f7-4e72feee1483">
    </UnitTestResult>
    <UnitTestResult executionId="90aa050e-14bf-4aac-8eb3-ea9394461ce9" testId="df9d4979-ebf4-48fa-eaa6-d378215805ce" testName="Exercise2o4o8" computerName="USSLCL00134" duration="00:00:00.0015790" startTime="2012-06-22T16:19:15.1586712-06:00" endTime="2012-06-22T16:19:15.1726720-06:00" testType="13cdc9d9-ddb5-4fa4-a97d-d965ccfc6d4b" outcome="Passed" testListId="8c84fa94-04c1-424b-9868-57a2d4851a1d" relativeResultsDirectory="90aa050e-14bf-4aac-8eb3-ea9394461ce9">
    </UnitTestResult>
    <UnitTestResult executionId="19ca1996-286e-4d1c-a0cd-21df5a3b3b47" testId="715ebd6e-8b82-0185-36f5-00ae9c6bc485" testName="Exercise2o5o1" computerName="USSLCL00134" duration="00:00:00.0016264" startTime="2012-06-22T16:19:15.1816725-06:00" endTime="2012-06-22T16:19:15.1946733-06:00" testType="13cdc9d9-ddb5-4fa4-a97d-d965ccfc6d4b" outcome="Passed" testListId="8c84fa94-04c1-424b-9868-57a2d4851a1d" relativeResultsDirectory="19ca1996-286e-4d1c-a0cd-21df5a3b3b47">
    </UnitTestResult>
    <UnitTestResult executionId="a9423d23-f36e-4039-ae93-263133ce36f4" testId="bfd8552d-cec2-9ab5-c397-fd0fb67479e8" testName="Exercise2o6o1" computerName="USSLCL00134" duration="00:00:00.0006894" startTime="2012-06-22T16:19:15.2056739-06:00" endTime="2012-06-22T16:19:15.2166745-06:00" testType="13cdc9d9-ddb5-4fa4-a97d-d965ccfc6d4b" outcome="Passed" testListId="8c84fa94-04c1-424b-9868-57a2d4851a1d" relativeResultsDirectory="a9423d23-f36e-4039-ae93-263133ce36f4">
    </UnitTestResult>
    <UnitTestResult executionId="363a848e-5330-4fc8-9106-727e1a2e5e91" testId="ee944308-05a6-64ab-5bf9-f0a0e7c8737a" testName="Exercise2o6o5" computerName="USSLCL00134" duration="00:00:00.0168837" startTime="2012-06-22T16:19:15.2306753-06:00" endTime="2012-06-22T16:19:15.2596770-06:00" testType="13cdc9d9-ddb5-4fa4-a97d-d965ccfc6d4b" outcome="Passed" testListId="8c84fa94-04c1-424b-9868-57a2d4851a1d" relativeResultsDirectory="363a848e-5330-4fc8-9106-727e1a2e5e91">
    </UnitTestResult>
    <UnitTestResult executionId="a35fc932-e4a9-467c-b95c-f8307c803ee8" testId="0627374f-baab-d288-a8a5-3146f1936a2d" testName="Exercise2o6o6" computerName="USSLCL00134" duration="00:00:00.0025126" startTime="2012-06-22T16:19:15.2706776-06:00" endTime="2012-06-22T16:19:15.2846784-06:00" testType="13cdc9d9-ddb5-4fa4-a97d-d965ccfc6d4b" outcome="Passed" testListId="8c84fa94-04c1-424b-9868-57a2d4851a1d" relativeResultsDirectory="a35fc932-e4a9-467c-b95c-f8307c803ee8">
    </UnitTestResult>
    <UnitTestResult executionId="6d84ca81-5d49-4e55-80aa-391c8dc1a902" testId="f1d86270-c9d8-c961-65be-24cc50d1fc4b" testName="Exercise2o6o8" computerName="USSLCL00134" duration="00:00:00.0029791" startTime="2012-06-22T16:19:15.2936789-06:00" endTime="2012-06-22T16:19:15.3096798-06:00" testType="13cdc9d9-ddb5-4fa4-a97d-d965ccfc6d4b" outcome="Passed" testListId="8c84fa94-04c1-424b-9868-57a2d4851a1d" relativeResultsDirectory="6d84ca81-5d49-4e55-80aa-391c8dc1a902">
    </UnitTestResult>
    <UnitTestResult executionId="137d1cbd-20f7-4f2a-99e7-a37ac7f027ca" testId="9c8a3a37-92aa-2f07-2535-a6f269371959" testName="Exercise2o6o9" computerName="USSLCL00134" duration="00:00:00.0050448" startTime="2012-06-22T16:19:15.3206805-06:00" endTime="2012-06-22T16:19:15.3376815-06:00" testType="13cdc9d9-ddb5-4fa4-a97d-d965ccfc6d4b" outcome="Passed" testListId="8c84fa94-04c1-424b-9868-57a2d4851a1d" relativeResultsDirectory="137d1cbd-20f7-4f2a-99e7-a37ac7f027ca">
    </UnitTestResult>
    <UnitTestResult executionId="516a73ac-992c-44fd-b982-e7ad83af4e9e" testId="3aefb9d4-9cc0-272d-dc50-69446f55302e" testName="Exercise2o7o1" computerName="USSLCL00134" duration="00:00:00.0016460" startTime="2012-06-22T16:19:15.3476820-06:00" endTime="2012-06-22T16:19:15.3616828-06:00" testType="13cdc9d9-ddb5-4fa4-a97d-d965ccfc6d4b" outcome="Passed" testListId="8c84fa94-04c1-424b-9868-57a2d4851a1d" relativeResultsDirectory="516a73ac-992c-44fd-b982-e7ad83af4e9e">
    </UnitTestResult>
    <UnitTestResult executionId="4ae4a02b-c823-48ca-acff-54881a240d19" testId="fcfa95f2-720f-8082-c577-4f9e22c76102" testName="Exercise2o7o3" computerName="USSLCL00134" duration="00:00:00.0124763" startTime="2012-06-22T16:19:15.3676832-06:00" endTime="2012-06-22T16:19:15.3946847-06:00" testType="13cdc9d9-ddb5-4fa4-a97d-d965ccfc6d4b" outcome="Passed" testListId="8c84fa94-04c1-424b-9868-57a2d4851a1d" relativeResultsDirectory="4ae4a02b-c823-48ca-acff-54881a240d19">
    </UnitTestResult>
    <UnitTestResult executionId="e54fa561-de2e-4630-8dca-751d80875c37" testId="ae083652-0bf7-c673-dce4-870a432603ee" testName="Exercise2o7o4" computerName="USSLCL00134" duration="00:00:00.0015640" startTime="2012-06-22T16:19:15.4056853-06:00" endTime="2012-06-22T16:19:15.4176860-06:00" testType="13cdc9d9-ddb5-4fa4-a97d-d965ccfc6d4b" outcome="Passed" testListId="8c84fa94-04c1-424b-9868-57a2d4851a1d" relativeResultsDirectory="e54fa561-de2e-4630-8dca-751d80875c37">
    </UnitTestResult>
    <UnitTestResult executionId="102d6e01-8019-4778-a7bf-14db4a3ac965" testId="c028a664-47e7-d1e0-a29b-c2782421ecca" testName="Exercise2o7o5" computerName="USSLCL00134" duration="00:00:00.0014947" startTime="2012-06-22T16:19:15.4306868-06:00" endTime="2012-06-22T16:19:15.4436875-06:00" testType="13cdc9d9-ddb5-4fa4-a97d-d965ccfc6d4b" outcome="Passed" testListId="8c84fa94-04c1-424b-9868-57a2d4851a1d" relativeResultsDirectory="102d6e01-8019-4778-a7bf-14db4a3ac965">
    </UnitTestResult>
    <UnitTestResult executionId="a9bf428b-2659-4fd2-b2a4-f87a0f9dd48d" testId="b02641ef-4dbb-1d38-fc9f-e1bd29220c37" testName="Exercise2o7o7" computerName="USSLCL00134" duration="00:00:00.0023020" startTime="2012-06-22T16:19:15.4536881-06:00" endTime="2012-06-22T16:19:15.4676889-06:00" testType="13cdc9d9-ddb5-4fa4-a97d-d965ccfc6d4b" outcome="Passed" testListId="8c84fa94-04c1-424b-9868-57a2d4851a1d" relativeResultsDirectory="a9bf428b-2659-4fd2-b2a4-f87a0f9dd48d">
    </UnitTestResult>
    <UnitTestResult executionId="f6a233f0-e7dd-4f05-b87b-20b39cbbdea5" testId="f2c9598d-6c11-6ff1-ac6e-8c319ed45aad" testName="Exercise2o7o9" computerName="USSLCL00134" duration="00:00:00.0021538" startTime="2012-06-22T16:19:15.4736892-06:00" endTime="2012-06-22T16:19:15.4876900-06:00" testType="13cdc9d9-ddb5-4fa4-a97d-d965ccfc6d4b" outcome="Passed" testListId="8c84fa94-04c1-424b-9868-57a2d4851a1d" relativeResultsDirectory="f6a233f0-e7dd-4f05-b87b-20b39cbbdea5">
    </UnitTestResult>
    <UnitTestResult executionId="fff753fb-8f3f-4bce-a0d1-0bc67ba91d68" testId="c93ffe48-5243-dfb2-8a93-461c879cf606" testName="ZeroTest" computerName="USSLCL00134" duration="00:00:00.0003429" startTime="2012-06-22T16:19:15.4996907-06:00" endTime="2012-06-22T16:19:15.5086912-06:00" testType="13cdc9d9-ddb5-4fa4-a97d-d965ccfc6d4b" outcome="Passed" testListId="8c84fa94-04c1-424b-9868-57a2d4851a1d" relativeResultsDirectory="fff753fb-8f3f-4bce-a0d1-0bc67ba91d68">
    </UnitTestResult>
    <UnitTestResult executionId="8c9d6acf-a231-452e-b0f5-1a7c43516288" testId="bc5ed1ac-46cb-3ce7-5958-bc8141b19b62" testName="OneTest" computerName="USSLCL00134" duration="00:00:00.0003684" startTime="2012-06-22T16:19:15.5166917-06:00" endTime="2012-06-22T16:19:15.5296924-06:00" testType="13cdc9d9-ddb5-4fa4-a97d-d965ccfc6d4b" outcome="Passed" testListId="8c84fa94-04c1-424b-9868-57a2d4851a1d" relativeResultsDirectory="8c9d6acf-a231-452e-b0f5-1a7c43516288">
    </UnitTestResult>
    <UnitTestResult executionId="405a93e0-2196-4c04-b192-ea91beda7a68" testId="e817df08-1352-7924-6f37-9159ad0539e6" testName="NegativeOneTest" computerName="USSLCL00134" duration="00:00:00.0005273" startTime="2012-06-22T16:19:15.5356928-06:00" endTime="2012-06-22T16:19:15.5486935-06:00" testType="13cdc9d9-ddb5-4fa4-a97d-d965ccfc6d4b" outcome="Passed" testListId="8c84fa94-04c1-424b-9868-57a2d4851a1d" relativeResultsDirectory="405a93e0-2196-4c04-b192-ea91beda7a68">
    </UnitTestResult>
    <UnitTestResult executionId="d1e643b9-a6a6-42bd-bf26-28ec9d56847f" testId="2705846c-0b46-907b-6d14-254e6bc6494a" testName="NegativeITest" computerName="USSLCL00134" duration="00:00:00.0002656" startTime="2012-06-22T16:19:15.5556939-06:00" endTime="2012-06-22T16:19:15.5686947-06:00" testType="13cdc9d9-ddb5-4fa4-a97d-d965ccfc6d4b" outcome="Passed" testListId="8c84fa94-04c1-424b-9868-57a2d4851a1d" relativeResultsDirectory="d1e643b9-a6a6-42bd-bf26-28ec9d56847f">
    </UnitTestResult>
    <UnitTestResult executionId="2e9514f1-03a3-45b4-a044-f5ae1cea1cbb" testId="c184168b-7b90-1c26-9870-9e31f6f1dde3" testName="RealTest" computerName="USSLCL00134" duration="00:00:00.0003418" startTime="2012-06-22T16:19:15.5776952-06:00" endTime="2012-06-22T16:19:15.5906959-06:00" testType="13cdc9d9-ddb5-4fa4-a97d-d965ccfc6d4b" outcome="Passed" testListId="8c84fa94-04c1-424b-9868-57a2d4851a1d" relativeResultsDirectory="2e9514f1-03a3-45b4-a044-f5ae1cea1cbb">
    </UnitTestResult>
    <UnitTestResult executionId="fffd1dfc-e7e3-43e6-b396-be8a073aacfd" testId="f2fd9c40-ebed-2a46-34fc-5586a484fe11" testName="ImaginaryTest" computerName="USSLCL00134" duration="00:00:00.0002779" startTime="2012-06-22T16:19:15.5976963-06:00" endTime="2012-06-22T16:19:15.6096970-06:00" testType="13cdc9d9-ddb5-4fa4-a97d-d965ccfc6d4b" outcome="Passed" testListId="8c84fa94-04c1-424b-9868-57a2d4851a1d" relativeResultsDirectory="fffd1dfc-e7e3-43e6-b396-be8a073aacfd">
    </UnitTestResult>
    <UnitTestResult executionId="4778353a-1707-46d9-b316-3da8c8aeccc4" testId="48d6f10d-3141-2ae9-4d33-c4a338f334ee" testName="ITest" computerName="USSLCL00134" duration="00:00:00.0002636" startTime="2012-06-22T16:19:15.6166974-06:00" endTime="2012-06-22T16:19:15.6306982-06:00" testType="13cdc9d9-ddb5-4fa4-a97d-d965ccfc6d4b" outcome="Passed" testListId="8c84fa94-04c1-424b-9868-57a2d4851a1d" relativeResultsDirectory="4778353a-1707-46d9-b316-3da8c8aeccc4">
    </UnitTestResult>
    <UnitTestResult executionId="187f4c99-a920-49d4-810b-9844a1e7db58" testId="728da468-f507-e742-b2ad-f61f3c2f234c" testName="op_AdditionTest" computerName="USSLCL00134" duration="00:00:00.0006147" startTime="2012-06-22T16:19:15.6416988-06:00" endTime="2012-06-22T16:19:15.6546996-06:00" testType="13cdc9d9-ddb5-4fa4-a97d-d965ccfc6d4b" outcome="Passed" testListId="8c84fa94-04c1-424b-9868-57a2d4851a1d" relativeResultsDirectory="187f4c99-a920-49d4-810b-9844a1e7db58">
    </UnitTestResult>
    <UnitTestResult executionId="88442722-ea84-43a9-8bd1-5e92a7e33881" testId="e6cae91e-3af9-1d6d-3935-2160925e38e7" testName="ToStringTest" computerName="USSLCL00134" duration="00:00:00.0004392" startTime="2012-06-22T16:19:15.6657002-06:00" endTime="2012-06-22T16:19:15.6767008-06:00" testType="13cdc9d9-ddb5-4fa4-a97d-d965ccfc6d4b" outcome="Passed" testListId="8c84fa94-04c1-424b-9868-57a2d4851a1d" relativeResultsDirectory="88442722-ea84-43a9-8bd1-5e92a7e33881">
    </UnitTestResult>
    <UnitTestResult executionId="b2ea747c-2c6c-4de3-8d99-c363565d30db" testId="a2a281b6-476e-eb5a-45e5-afa89a5fb8b5" testName="op_MultiplyTest" computerName="USSLCL00134" duration="00:00:00.0006521" startTime="2012-06-22T16:19:15.6827012-06:00" endTime="2012-06-22T16:19:15.7037024-06:00" testType="13cdc9d9-ddb5-4fa4-a97d-d965ccfc6d4b" outcome="Passed" testListId="8c84fa94-04c1-424b-9868-57a2d4851a1d" relativeResultsDirectory="b2ea747c-2c6c-4de3-8d99-c363565d30db">
    </UnitTestResult>
    <UnitTestResult executionId="7a4743d1-361c-45cd-834e-a00c118af535" testId="8071e8fe-9b4b-2580-cbc1-7f7b5fdb3e47" testName="op_DivisionTest" computerName="USSLCL00134" duration="00:00:00.0005855" startTime="2012-06-22T16:19:15.7147030-06:00" endTime="2012-06-22T16:19:15.7257036-06:00" testType="13cdc9d9-ddb5-4fa4-a97d-d965ccfc6d4b" outcome="Passed" testListId="8c84fa94-04c1-424b-9868-57a2d4851a1d" relativeResultsDirectory="7a4743d1-361c-45cd-834e-a00c118af535">
    </UnitTestResult>
    <UnitTestResult executionId="940d8a9d-d8ab-46bb-b302-43f061755987" testId="85bc1fba-aa1e-c1ef-9000-a508e9350978" testName="ModulusTest" computerName="USSLCL00134" duration="00:00:00.0003410" startTime="2012-06-22T16:19:15.7367043-06:00" endTime="2012-06-22T16:19:15.7497050-06:00" testType="13cdc9d9-ddb5-4fa4-a97d-d965ccfc6d4b" outcome="Passed" testListId="8c84fa94-04c1-424b-9868-57a2d4851a1d" relativeResultsDirectory="940d8a9d-d8ab-46bb-b302-43f061755987">
    </UnitTestResult>
    <UnitTestResult executionId="37a9cbc0-f92e-4809-b1b8-66a3d6f0a74b" testId="d1e32dc2-f33f-5363-4a8c-0ea170a9c822" testName="ConjugateTest" computerName="USSLCL00134" duration="00:00:00.0002790" startTime="2012-06-22T16:19:15.7667060-06:00" endTime="2012-06-22T16:19:15.7797067-06:00" testType="13cdc9d9-ddb5-4fa4-a97d-d965ccfc6d4b" outcome="Passed" testListId="8c84fa94-04c1-424b-9868-57a2d4851a1d" relativeResultsDirectory="37a9cbc0-f92e-4809-b1b8-66a3d6f0a74b">
    </UnitTestResult>
    <UnitTestResult executionId="5305a267-a1d9-45d0-a788-71def370688e" testId="aaa025c4-539f-dc62-f50b-af3c4325c449" testName="GetAngleTest" computerName="USSLCL00134" duration="00:00:00.0005162" startTime="2012-06-22T16:19:15.7887072-06:00" endTime="2012-06-22T16:19:15.8027080-06:00" testType="13cdc9d9-ddb5-4fa4-a97d-d965ccfc6d4b" outcome="Passed" testListId="8c84fa94-04c1-424b-9868-57a2d4851a1d" relativeResultsDirectory="5305a267-a1d9-45d0-a788-71def370688e">
    </UnitTestResult>
    <UnitTestResult executionId="479650e3-78e7-4ab7-9dcd-ff22f68c1335" testId="9e43b977-3c91-5be2-de15-4f95a8e1f8c7" testName="GetAngleDegreesTest" computerName="USSLCL00134" duration="00:00:00.0006336" startTime="2012-06-22T16:19:15.8107085-06:00" endTime="2012-06-22T16:19:15.8247093-06:00" testType="13cdc9d9-ddb5-4fa4-a97d-d965ccfc6d4b" outcome="Passed" testListId="8c84fa94-04c1-424b-9868-57a2d4851a1d" relativeResultsDirectory="479650e3-78e7-4ab7-9dcd-ff22f68c1335">
    </UnitTestResult>
    <UnitTestResult executionId="40c8e6e2-f15e-4d3a-817e-a183e154f148" testId="5783bddb-fec7-d995-a012-a4ea9e07bdbd" testName="SetPolarCoordinatesTest" computerName="USSLCL00134" duration="00:00:00.0005497" startTime="2012-06-22T16:19:15.8337098-06:00" endTime="2012-06-22T16:19:15.8467106-06:00" testType="13cdc9d9-ddb5-4fa4-a97d-d965ccfc6d4b" outcome="Passed" testListId="8c84fa94-04c1-424b-9868-57a2d4851a1d" relativeResultsDirectory="40c8e6e2-f15e-4d3a-817e-a183e154f148">
    </UnitTestResult>
    <UnitTestResult executionId="f0d02fe5-d709-4ced-9c1f-6c9626c77124" testId="7f3420a7-c01c-ee16-8a61-460ee76e48af" testName="SetCartesianCoordinatesTest" computerName="USSLCL00134" duration="00:00:00.0005408" startTime="2012-06-22T16:19:15.8577112-06:00" endTime="2012-06-22T16:19:15.8707119-06:00" testType="13cdc9d9-ddb5-4fa4-a97d-d965ccfc6d4b" outcome="Passed" testListId="8c84fa94-04c1-424b-9868-57a2d4851a1d" relativeResultsDirectory="f0d02fe5-d709-4ced-9c1f-6c9626c77124">
    </UnitTestResult>
    <UnitTestResult executionId="5b15181b-bfb9-4670-b1de-450a5d827e0d" testId="cad52bb7-add3-40f2-d3bf-b3532e5f7a63" testName="DivideTest" computerName="USSLCL00134" duration="00:00:00.0005755" startTime="2012-06-22T16:19:15.8817126-06:00" endTime="2012-06-22T16:19:15.8937133-06:00" testType="13cdc9d9-ddb5-4fa4-a97d-d965ccfc6d4b" outcome="Passed" testListId="8c84fa94-04c1-424b-9868-57a2d4851a1d" relativeResultsDirectory="5b15181b-bfb9-4670-b1de-450a5d827e0d">
    </UnitTestResult>
    <UnitTestResult executionId="e09e14dc-3655-4e09-86ea-f8ec2d6515b2" testId="2461313c-95d1-07bf-c932-ab214f8a619b" testName="op_PowerTest" computerName="USSLCL00134" duration="00:00:00.0005512" startTime="2012-06-22T16:19:15.8997136-06:00" endTime="2012-06-22T16:19:15.9137144-06:00" testType="13cdc9d9-ddb5-4fa4-a97d-d965ccfc6d4b" outcome="Passed" testListId="8c84fa94-04c1-424b-9868-57a2d4851a1d" relativeResultsDirectory="e09e14dc-3655-4e09-86ea-f8ec2d6515b2">
    </UnitTestResult>
    <UnitTestResult executionId="f8a7d2e4-f3d0-4e21-bc7e-b20abfe60962" testId="b88b9ca8-ba65-70cd-81ce-345ab5fb1d53" testName="RootTest" computerName="USSLCL00134" duration="00:00:00.0004788" startTime="2012-06-22T16:19:15.9247150-06:00" endTime="2012-06-22T16:19:15.9357157-06:00" testType="13cdc9d9-ddb5-4fa4-a97d-d965ccfc6d4b" outcome="Passed" testListId="8c84fa94-04c1-424b-9868-57a2d4851a1d" relativeResultsDirectory="f8a7d2e4-f3d0-4e21-bc7e-b20abfe60962">
    </UnitTestResult>
    <UnitTestResult executionId="17763aa7-60f6-43f0-9d5d-3ce0f4965009" testId="fb89f0d9-b250-f580-809f-a6350fa8fd66" testName="PolarCoordinatesTest" computerName="USSLCL00134" duration="00:00:00.0006717" startTime="2012-06-22T16:19:15.9487164-06:00" endTime="2012-06-22T16:19:15.9657174-06:00" testType="13cdc9d9-ddb5-4fa4-a97d-d965ccfc6d4b" outcome="Passed" testListId="8c84fa94-04c1-424b-9868-57a2d4851a1d" relativeResultsDirectory="17763aa7-60f6-43f0-9d5d-3ce0f4965009">
    </UnitTestResult>
    <UnitTestResult executionId="86bdc9a4-179e-4d93-89d7-d2a44ad83eb4" testId="33874d17-d7f8-330a-d70a-23c0ca497170" testName="CartesianCoordinatesTest" computerName="USSLCL00134" duration="00:00:00.0004761" startTime="2012-06-22T16:19:15.9817183-06:00" endTime="2012-06-22T16:19:15.9927189-06:00" testType="13cdc9d9-ddb5-4fa4-a97d-d965ccfc6d4b" outcome="Passed" testListId="8c84fa94-04c1-424b-9868-57a2d4851a1d" relativeResultsDirectory="86bdc9a4-179e-4d93-89d7-d2a44ad83eb4">
    </UnitTestResult>
    <UnitTestResult executionId="83a42ec7-061f-4e7f-ac3e-54f9ec15237a" testId="64c1c071-8523-ad97-417a-c762f98be0b4" testName="ExponentialFormTest" computerName="USSLCL00134" duration="00:00:00.0006498" startTime="2012-06-22T16:19:16.0047196-06:00" endTime="2012-06-22T16:19:16.0207205-06:00" testType="13cdc9d9-ddb5-4fa4-a97d-d965ccfc6d4b" outcome="Passed" testListId="8c84fa94-04c1-424b-9868-57a2d4851a1d" relativeResultsDirectory="83a42ec7-061f-4e7f-ac3e-54f9ec15237a">
    </UnitTestResult>
    <UnitTestResult executionId="b99a968f-7eda-471a-a7ec-1289c087d0f2" testId="7892f007-71df-5c3b-ebcf-6ef2c37fadc0" testName="op_SubtractionTest" computerName="USSLCL00134" duration="00:00:00.0006729" startTime="2012-06-22T16:19:16.0337213-06:00" endTime="2012-06-22T16:19:16.0457219-06:00" testType="13cdc9d9-ddb5-4fa4-a97d-d965ccfc6d4b" outcome="Passed" testListId="8c84fa94-04c1-424b-9868-57a2d4851a1d" relativeResultsDirectory="b99a968f-7eda-471a-a7ec-1289c087d0f2">
    </UnitTestResult>
    <UnitTestResult executionId="535ff2ef-9156-4cbd-bbea-03ede62b923d" testId="a250f3fb-9de6-3396-c0f7-a3dadfe0ee2c" testName="op_MultiplyTest1" computerName="USSLCL00134" duration="00:00:00.0002725" startTime="2012-06-22T16:19:16.0557225-06:00" endTime="2012-06-22T16:19:16.0677232-06:00" testType="13cdc9d9-ddb5-4fa4-a97d-d965ccfc6d4b" outcome="Passed" testListId="8c84fa94-04c1-424b-9868-57a2d4851a1d" relativeResultsDirectory="535ff2ef-9156-4cbd-bbea-03ede62b923d">
    </UnitTestResult>
    <UnitTestResult executionId="48c35e2f-48f6-47f3-84b0-2be980a05aa2" testId="6453b38b-95cb-b6aa-9375-25acdc4c2487" testName="op_MultiplyTest2" computerName="USSLCL00134" duration="00:00:00.0003037" startTime="2012-06-22T16:19:16.0767237-06:00" endTime="2012-06-22T16:19:16.0937247-06:00" testType="13cdc9d9-ddb5-4fa4-a97d-d965ccfc6d4b" outcome="Passed" testListId="8c84fa94-04c1-424b-9868-57a2d4851a1d" relativeResultsDirectory="48c35e2f-48f6-47f3-84b0-2be980a05aa2">
    </UnitTestResult>
    <UnitTestResult executionId="2aa979d7-ae19-4638-be81-afe3de80971f" testId="7f620adb-a555-cf8e-6039-9aba1a009772" testName="InnerProductTest" computerName="USSLCL00134" duration="00:00:00.0004269" startTime="2012-06-22T16:19:16.1027252-06:00" endTime="2012-06-22T16:19:16.1147259-06:00" testType="13cdc9d9-ddb5-4fa4-a97d-d965ccfc6d4b" outcome="Passed" testListId="8c84fa94-04c1-424b-9868-57a2d4851a1d" relativeResultsDirectory="2aa979d7-ae19-4638-be81-afe3de80971f">
    </UnitTestResult>
    <UnitTestResult executionId="87d1be98-8700-4dfe-a1d7-745874685119" testId="2c5f1bbd-c340-38e3-42f3-b2209263335f" testName="Exercise1o2o3" computerName="USSLCL00134" duration="00:00:00.0004600" startTime="2012-06-22T16:19:16.1207262-06:00" endTime="2012-06-22T16:19:16.1347270-06:00" testType="13cdc9d9-ddb5-4fa4-a97d-d965ccfc6d4b" outcome="Passed" testListId="8c84fa94-04c1-424b-9868-57a2d4851a1d" relativeResultsDirectory="87d1be98-8700-4dfe-a1d7-745874685119">
    </UnitTestResult>
    <UnitTestResult executionId="379ec80c-2ae0-4e46-8be1-d36bb9c8da0c" testId="afbb9659-a5fc-9266-3d62-d7f0d8dcbab6" testName="Exercise1o2o4" computerName="USSLCL00134" duration="00:00:00.0002598" startTime="2012-06-22T16:19:16.1417274-06:00" endTime="2012-06-22T16:19:16.1547282-06:00" testType="13cdc9d9-ddb5-4fa4-a97d-d965ccfc6d4b" outcome="Passed" testListId="8c84fa94-04c1-424b-9868-57a2d4851a1d" relativeResultsDirectory="379ec80c-2ae0-4e46-8be1-d36bb9c8da0c">
    </UnitTestResult>
    <UnitTestResult executionId="f41047ea-7892-4a33-9e7c-1b9615dad6c8" testId="511a4f61-ce89-55d2-60bf-217e67e9f532" testName="Exercise1o2o12" computerName="USSLCL00134" duration="00:00:00.0003472" startTime="2012-06-22T16:19:16.1667289-06:00" endTime="2012-06-22T16:19:16.1767294-06:00" testType="13cdc9d9-ddb5-4fa4-a97d-d965ccfc6d4b" outcome="Passed" testListId="8c84fa94-04c1-424b-9868-57a2d4851a1d" relativeResultsDirectory="f41047ea-7892-4a33-9e7c-1b9615dad6c8">
    </UnitTestResult>
    <UnitTestResult executionId="f2339217-06a2-4712-925e-4d0ef96b4ad4" testId="69c0b0c9-79e3-762b-51b3-d77e96aed020" testName="Exercise1o3o2" computerName="USSLCL00134" duration="00:00:00.0003995" startTime="2012-06-22T16:19:16.1857300-06:00" endTime="2012-06-22T16:19:16.1987307-06:00" testType="13cdc9d9-ddb5-4fa4-a97d-d965ccfc6d4b" outcome="Passed" testListId="8c84fa94-04c1-424b-9868-57a2d4851a1d" relativeResultsDirectory="f2339217-06a2-4712-925e-4d0ef96b4ad4">
    </UnitTestResult>
    <UnitTestResult executionId="0300e4d2-69ec-45b7-8083-c2a1614ae940" testId="70274760-027a-23e7-88b1-7688da4db4eb" testName="Exercise1o3o3" computerName="USSLCL00134" duration="00:00:00.0003714" startTime="2012-06-22T16:19:16.2047310-06:00" endTime="2012-06-22T16:19:16.2177318-06:00" testType="13cdc9d9-ddb5-4fa4-a97d-d965ccfc6d4b" outcome="Passed" testListId="8c84fa94-04c1-424b-9868-57a2d4851a1d" relativeResultsDirectory="0300e4d2-69ec-45b7-8083-c2a1614ae940">
    </UnitTestResult>
    <UnitTestResult executionId="820b0d49-9db0-4888-b023-decf1654d204" testId="07679b95-0c77-33dd-c8d5-e1376510063a" testName="Exercise1o3o4" computerName="USSLCL00134" duration="00:00:00.0003687" startTime="2012-06-22T16:19:16.2447333-06:00" endTime="2012-06-22T16:19:16.2557340-06:00" testType="13cdc9d9-ddb5-4fa4-a97d-d965ccfc6d4b" outcome="Passed" testListId="8c84fa94-04c1-424b-9868-57a2d4851a1d" relativeResultsDirectory="820b0d49-9db0-4888-b023-decf1654d204">
    </UnitTestResult>
    <UnitTestResult executionId="834a6e98-c1dd-44ae-a61c-ae2ba205f629" testId="b3de0653-64d2-8615-b480-d5f14ca81853" testName="Exercise1o3o7" computerName="USSLCL00134" duration="00:00:00.0003861" startTime="2012-06-22T16:19:16.2647345-06:00" endTime="2012-06-22T16:19:16.2777352-06:00" testType="13cdc9d9-ddb5-4fa4-a97d-d965ccfc6d4b" outcome="Passed" testListId="8c84fa94-04c1-424b-9868-57a2d4851a1d" relativeResultsDirectory="834a6e98-c1dd-44ae-a61c-ae2ba205f629">
    </UnitTestResult>
    <UnitTestResult executionId="eb2f1365-5a01-467b-b631-a932716c1f1b" testId="4d151c41-de40-a77d-9114-a00800a2f22f" testName="Exercise1o3o8" computerName="USSLCL00134" duration="00:00:00.0003245" startTime="2012-06-22T16:19:16.2887358-06:00" endTime="2012-06-22T16:19:16.3007365-06:00" testType="13cdc9d9-ddb5-4fa4-a97d-d965ccfc6d4b" outcome="Passed" testListId="8c84fa94-04c1-424b-9868-57a2d4851a1d" relativeResultsDirectory="eb2f1365-5a01-467b-b631-a932716c1f1b">
    </UnitTestResult>
    <UnitTestResult executionId="fe879838-ca94-4e05-a74a-0f3f0838eac5" testId="fa18e5a6-2bc3-12df-bb51-c37d30f52f95" testName="Exercise1o3o9" computerName="USSLCL00134" duration="00:00:00.0003406" startTime="2012-06-22T16:19:16.3087370-06:00" endTime="2012-06-22T16:19:16.3197376-06:00" testType="13cdc9d9-ddb5-4fa4-a97d-d965ccfc6d4b" outcome="Passed" testListId="8c84fa94-04c1-424b-9868-57a2d4851a1d" relativeResultsDirectory="fe879838-ca94-4e05-a74a-0f3f0838eac5">
    </UnitTestResult>
    <UnitTestResult executionId="e4977708-1528-4391-9e8d-3c86a9b44cc9" testId="fa106201-6689-e149-ee9f-22bc394d4b15" testName="MatrixConstructorTest" computerName="USSLCL00134" duration="00:00:00.0020075" startTime="2012-06-22T16:19:16.3277381-06:00" endTime="2012-06-22T16:19:16.3417389-06:00" testType="13cdc9d9-ddb5-4fa4-a97d-d965ccfc6d4b" outcome="Passed" testListId="8c84fa94-04c1-424b-9868-57a2d4851a1d" relativeResultsDirectory="e4977708-1528-4391-9e8d-3c86a9b44cc9">
    </UnitTestResult>
    <UnitTestResult executionId="64464e31-d563-4012-94cb-d7a2aaf9388a" testId="df464f9e-b112-5566-5b91-0946280686ed" testName="op_UnaryNegationTest" computerName="USSLCL00134" duration="00:00:00.0007714" startTime="2012-06-22T16:19:16.3507394-06:00" endTime="2012-06-22T16:19:16.3627401-06:00" testType="13cdc9d9-ddb5-4fa4-a97d-d965ccfc6d4b" outcome="Passed" testListId="8c84fa94-04c1-424b-9868-57a2d4851a1d" relativeResultsDirectory="64464e31-d563-4012-94cb-d7a2aaf9388a">
    </UnitTestResult>
    <UnitTestResult executionId="48137a5e-f282-4768-9f38-41cf7d89f12c" testId="8283d241-590a-b382-504b-bad3e64fc92e" testName="op_SubtractionTest" computerName="USSLCL00134" duration="00:00:00.0017392" startTime="2012-06-22T16:19:16.3687404-06:00" endTime="2012-06-22T16:19:16.3827412-06:00" testType="13cdc9d9-ddb5-4fa4-a97d-d965ccfc6d4b" outcome="Passed" testListId="8c84fa94-04c1-424b-9868-57a2d4851a1d" relativeResultsDirectory="48137a5e-f282-4768-9f38-41cf7d89f12c">
    </UnitTestResult>
    <UnitTestResult executionId="71d40334-3e6d-4310-88ba-7f6b3eacf7f1" testId="843d4548-139b-668c-d827-42f4346b3ef0" testName="op_AdditionTest" computerName="USSLCL00134" duration="00:00:00.0010944" startTime="2012-06-22T16:19:16.3927418-06:00" endTime="2012-06-22T16:19:16.4047425-06:00" testType="13cdc9d9-ddb5-4fa4-a97d-d965ccfc6d4b" outcome="Passed" testListId="8c84fa94-04c1-424b-9868-57a2d4851a1d" relativeResultsDirectory="71d40334-3e6d-4310-88ba-7f6b3eacf7f1">
    </UnitTestResult>
    <UnitTestResult executionId="4589cf30-03b7-4c6b-931d-d3ea1eb74d3b" testId="0599638c-2006-192a-49da-9fa79df3b55e" testName="op_MultiplyTest" computerName="USSLCL00134" duration="00:00:00.0035954" startTime="2012-06-22T16:19:16.4157431-06:00" endTime="2012-06-22T16:19:16.4307440-06:00" testType="13cdc9d9-ddb5-4fa4-a97d-d965ccfc6d4b" outcome="Passed" testListId="8c84fa94-04c1-424b-9868-57a2d4851a1d" relativeResultsDirectory="4589cf30-03b7-4c6b-931d-d3ea1eb74d3b">
    </UnitTestResult>
    <UnitTestResult executionId="756a8194-7125-4ec0-8187-113b1cec9593" testId="84b36a15-9006-9254-a29b-b856bea432a4" testName="op_InequalityTest" computerName="USSLCL00134" duration="00:00:00.0011063" startTime="2012-06-22T16:19:16.4397445-06:00" endTime="2012-06-22T16:19:16.4517452-06:00" testType="13cdc9d9-ddb5-4fa4-a97d-d965ccfc6d4b" outcome="Passed" testListId="8c84fa94-04c1-424b-9868-57a2d4851a1d" relativeResultsDirectory="756a8194-7125-4ec0-8187-113b1cec9593">
    </UnitTestResult>
    <UnitTestResult executionId="8096ef3e-6a39-448e-a544-bcad1730d751" testId="9cca6d32-4a0b-e5dd-1a59-a901edd68fd6" testName="op_EqualityTest" computerName="USSLCL00134" duration="00:00:00.0013900" startTime="2012-06-22T16:19:16.4577455-06:00" endTime="2012-06-22T16:19:16.4707463-06:00" testType="13cdc9d9-ddb5-4fa4-a97d-d965ccfc6d4b" outcome="Passed" testListId="8c84fa94-04c1-424b-9868-57a2d4851a1d" relativeResultsDirectory="8096ef3e-6a39-448e-a544-bcad1730d751">
    </UnitTestResult>
    <UnitTestResult executionId="d59996f3-bb93-4f1c-aa70-f37d6bbc1053" testId="e620761f-f36f-3a30-5a60-f84267c8154b" testName="EqualsTest" computerName="USSLCL00134" duration="00:00:00.0011082" startTime="2012-06-22T16:19:16.4847471-06:00" endTime="2012-06-22T16:19:16.4957477-06:00" testType="13cdc9d9-ddb5-4fa4-a97d-d965ccfc6d4b" outcome="Passed" testListId="8c84fa94-04c1-424b-9868-57a2d4851a1d" relativeResultsDirectory="d59996f3-bb93-4f1c-aa70-f37d6bbc1053">
    </UnitTestResult>
    <UnitTestResult executionId="41d7ac55-526e-4456-bcfe-4bcb505fd760" testId="3b6c1979-5d5b-f7df-8831-5e65b0e818fd" testName="CompareSizeTest" computerName="USSLCL00134" duration="00:00:00.0005731" startTime="2012-06-22T16:19:16.5057483-06:00" endTime="2012-06-22T16:19:16.5167489-06:00" testType="13cdc9d9-ddb5-4fa4-a97d-d965ccfc6d4b" outcome="Passed" testListId="8c84fa94-04c1-424b-9868-57a2d4851a1d" relativeResultsDirectory="41d7ac55-526e-4456-bcfe-4bcb505fd760">
    </UnitTestResult>
    <UnitTestResult executionId="567304e1-2708-4478-9a7e-6e77506a0380" testId="10573e1f-0aa2-6e3a-c6a4-1a9a094661dc" testName="TransposeTest" computerName="USSLCL00134" duration="00:00:00.0019852" startTime="2012-06-22T16:19:16.5237493-06:00" endTime="2012-06-22T16:19:16.5377501-06:00" testType="13cdc9d9-ddb5-4fa4-a97d-d965ccfc6d4b" outcome="Passed" testListId="8c84fa94-04c1-424b-9868-57a2d4851a1d" relativeResultsDirectory="567304e1-2708-4478-9a7e-6e77506a0380">
    </UnitTestResult>
    <UnitTestResult executionId="d085067a-d22d-4ffd-a02f-5bd09a06695a" testId="194ba9b1-34c4-2b4a-2ba8-b132b9ebf998" testName="op_MultiplyTest1" computerName="USSLCL00134" duration="00:00:00.0070469" startTime="2012-06-22T16:19:16.5517509-06:00" endTime="2012-06-22T16:19:16.5717520-06:00" testType="13cdc9d9-ddb5-4fa4-a97d-d965ccfc6d4b" outcome="Passed" testListId="8c84fa94-04c1-424b-9868-57a2d4851a1d" relativeResultsDirectory="d085067a-d22d-4ffd-a02f-5bd09a06695a">
    </UnitTestResult>
    <UnitTestResult executionId="e77625c3-b73c-426a-b26f-d855a648e289" testId="c446db48-fe0d-6c23-577a-d3adf5810ca1" testName="op_MultiplyMatrixWithVector" computerName="USSLCL00134" duration="00:00:00.0019359" startTime="2012-06-22T16:19:16.5817526-06:00" endTime="2012-06-22T16:19:16.5947534-06:00" testType="13cdc9d9-ddb5-4fa4-a97d-d965ccfc6d4b" outcome="Passed" testListId="8c84fa94-04c1-424b-9868-57a2d4851a1d" relativeResultsDirectory="e77625c3-b73c-426a-b26f-d855a648e289">
    </UnitTestResult>
    <UnitTestResult executionId="8e8e2e9b-e95d-4296-99ef-2cecc7a28faa" testId="25da0ecb-8f65-f3a6-c92d-fed8f87247e6" testName="IdentityMatrixTest" computerName="USSLCL00134" duration="00:00:00.0012884" startTime="2012-06-22T16:19:16.6057540-06:00" endTime="2012-06-22T16:19:16.6207548-06:00" testType="13cdc9d9-ddb5-4fa4-a97d-d965ccfc6d4b" outcome="Passed" testListId="8c84fa94-04c1-424b-9868-57a2d4851a1d" relativeResultsDirectory="8e8e2e9b-e95d-4296-99ef-2cecc7a28faa">
    </UnitTestResult>
    <UnitTestResult executionId="e3225577-6d9e-4c35-a26e-a0ff651e5d8f" testId="a462fc82-d08d-a927-6e82-ea09024ca4ef" testName="TraceTest" computerName="USSLCL00134" duration="00:00:00.0166808" startTime="2012-06-22T16:19:16.6267552-06:00" endTime="2012-06-22T16:19:16.6547568-06:00" testType="13cdc9d9-ddb5-4fa4-a97d-d965ccfc6d4b" outcome="Passed" testListId="8c84fa94-04c1-424b-9868-57a2d4851a1d" relativeResultsDirectory="e3225577-6d9e-4c35-a26e-a0ff651e5d8f">
    </UnitTestResult>
    <UnitTestResult executionId="cb156f4d-1c09-4354-b840-587ddf1b7768" testId="84a3a475-fcd9-a697-a886-bb4311389ff1" testName="InnerProductTest" computerName="USSLCL00134" duration="00:00:00.0015444" startTime="2012-06-22T16:19:16.6667575-06:00" endTime="2012-06-22T16:19:16.6817583-06:00" testType="13cdc9d9-ddb5-4fa4-a97d-d965ccfc6d4b" outcome="Passed" testListId="8c84fa94-04c1-424b-9868-57a2d4851a1d" relativeResultsDirectory="cb156f4d-1c09-4354-b840-587ddf1b7768">
    </UnitTestResult>
    <UnitTestResult executionId="abad4867-1d0f-4fe9-a015-833e1a2d9112" testId="e34bbd78-70b7-8bee-c46b-6fb18c901aa2" testName="TensorProductTest" computerName="USSLCL00134" duration="00:00:00.0015251" startTime="2012-06-22T16:19:16.6907588-06:00" endTime="2012-06-22T16:19:16.7057597-06:00" testType="13cdc9d9-ddb5-4fa4-a97d-d965ccfc6d4b" outcome="Passed" testListId="8c84fa94-04c1-424b-9868-57a2d4851a1d" relativeResultsDirectory="abad4867-1d0f-4fe9-a015-833e1a2d9112">
    </UnitTestResult>
    <UnitTestResult executionId="f6e8ce70-c1e2-477d-aaef-a67fd8bd2d0c" testId="59d167f3-98f7-3905-876e-bc940d58c269" testName="op_PowerTest" computerName="USSLCL00134" duration="00:00:00.0044369" startTime="2012-06-22T16:19:16.7147602-06:00" endTime="2012-06-22T16:19:16.7317612-06:00" testType="13cdc9d9-ddb5-4fa4-a97d-d965ccfc6d4b" outcome="Passed" testListId="8c84fa94-04c1-424b-9868-57a2d4851a1d" relativeResultsDirectory="f6e8ce70-c1e2-477d-aaef-a67fd8bd2d0c">
    </UnitTestResult>
    <UnitTestResult executionId="b40182bb-4484-4a3a-85b9-1b9b0ba785cd" testId="8ddf2343-b416-72d4-fe07-7424be6bf3cc" testName="TakeModulusSquaredTest" computerName="USSLCL00134" duration="00:00:00.0030657" startTime="2012-06-22T16:19:16.7417618-06:00" endTime="2012-06-22T16:19:16.7577627-06:00" testType="13cdc9d9-ddb5-4fa4-a97d-d965ccfc6d4b" outcome="Passed" testListId="8c84fa94-04c1-424b-9868-57a2d4851a1d" relativeResultsDirectory="b40182bb-4484-4a3a-85b9-1b9b0ba785cd">
    </UnitTestResult>
    <UnitTestResult executionId="6f12d694-000c-48c8-9319-a703ce4f15cc" testId="3c01b151-3119-7729-69fb-12ad4b09e592" testName="ComplexToDoubleTest" computerName="USSLCL00134" duration="00:00:00.0010478" startTime="2012-06-22T16:19:16.7697634-06:00" endTime="2012-06-22T16:19:16.7817640-06:00" testType="13cdc9d9-ddb5-4fa4-a97d-d965ccfc6d4b" outcome="Passed" testListId="8c84fa94-04c1-424b-9868-57a2d4851a1d" relativeResultsDirectory="6f12d694-000c-48c8-9319-a703ce4f15cc">
    </UnitTestResult>
    <UnitTestResult executionId="bd77b8ea-0de6-4708-89e3-2233ff4fe6d8" testId="dd1468a1-9af3-1aa0-7b70-41b163e3c3e7" testName="CommutatorTest" computerName="USSLCL00134" duration="00:00:00.0032875" startTime="2012-06-22T16:19:16.7867643-06:00" endTime="2012-06-22T16:19:16.7997651-06:00" testType="13cdc9d9-ddb5-4fa4-a97d-d965ccfc6d4b" outcome="Passed" testListId="8c84fa94-04c1-424b-9868-57a2d4851a1d" relativeResultsDirectory="bd77b8ea-0de6-4708-89e3-2233ff4fe6d8">
    </UnitTestResult>
    <UnitTestResult executionId="c3a32fcd-0369-4426-b6c4-190e13781f3b" testId="2691a8a8-cda7-2520-f88d-5b729c47edea" testName="Number7" computerName="USSLCL00134" duration="00:00:00.0004708" startTime="2012-06-22T16:19:16.8047654-06:00" endTime="2012-06-22T16:19:16.8147659-06:00" testType="13cdc9d9-ddb5-4fa4-a97d-d965ccfc6d4b" outcome="Passed" testListId="8c84fa94-04c1-424b-9868-57a2d4851a1d" relativeResultsDirectory="c3a32fcd-0369-4426-b6c4-190e13781f3b">
    </UnitTestResult>
    <UnitTestResult executionId="c96cb31a-9f6f-4519-b68f-420f1031c3f9" testId="6b99a904-39c7-b2a5-cb92-c1c5bd5d3c67" testName="Number9" computerName="USSLCL00134" duration="00:00:00.0005574" startTime="2012-06-22T16:19:16.8207663-06:00" endTime="2012-06-22T16:19:16.8327670-06:00" testType="13cdc9d9-ddb5-4fa4-a97d-d965ccfc6d4b" outcome="Passed" testListId="8c84fa94-04c1-424b-9868-57a2d4851a1d" relativeResultsDirectory="c96cb31a-9f6f-4519-b68f-420f1031c3f9">
    </UnitTestResult>
    <UnitTestResult executionId="bc969d34-af6f-4420-96e8-6b7545fb5a5a" testId="45426eba-5da1-7927-75a6-85bf8e09818e" testName="Number11" computerName="USSLCL00134" duration="00:00:00.0004607" startTime="2012-06-22T16:19:16.8567683-06:00" endTime="2012-06-22T16:19:16.8667689-06:00" testType="13cdc9d9-ddb5-4fa4-a97d-d965ccfc6d4b" outcome="Passed" testListId="8c84fa94-04c1-424b-9868-57a2d4851a1d" relativeResultsDirectory="bc969d34-af6f-4420-96e8-6b7545fb5a5a">
    </UnitTestResult>
    <UnitTestResult executionId="6ee74211-194f-4add-a84d-6fa517592027" testId="0ba55472-e42d-ce89-4611-b74239fe58fa" testName="Number13" computerName="USSLCL00134" duration="00:00:00.0005820" startTime="2012-06-22T16:19:16.8767695-06:00" endTime="2012-06-22T16:19:16.8877701-06:00" testType="13cdc9d9-ddb5-4fa4-a97d-d965ccfc6d4b" outcome="Passed" testListId="8c84fa94-04c1-424b-9868-57a2d4851a1d" relativeResultsDirectory="6ee74211-194f-4add-a84d-6fa517592027">
    </UnitTestResult>
    <UnitTestResult executionId="e361d7cc-ca5c-4da0-959d-22f7ff0ca7b5" testId="6dbfaaf3-0c2f-79c7-5448-3d9091ca07d2" testName="Example4o2o12" computerName="USSLCL00134" duration="00:00:00.0013096" startTime="2012-06-22T16:19:16.8927704-06:00" endTime="2012-06-22T16:19:16.9057711-06:00" testType="13cdc9d9-ddb5-4fa4-a97d-d965ccfc6d4b" outcome="Passed" testListId="8c84fa94-04c1-424b-9868-57a2d4851a1d" relativeResultsDirectory="e361d7cc-ca5c-4da0-959d-22f7ff0ca7b5">
    </UnitTestResult>
    <UnitTestResult executionId="4a12c7be-847d-4365-9a6d-2c73f5fbf91a" testId="a6320d81-84be-b348-18dd-019a5fed078d" testName="Example4o2o14" computerName="USSLCL00134" duration="00:00:00.0029345" startTime="2012-06-22T16:19:16.9157717-06:00" endTime="2012-06-22T16:19:16.9287725-06:00" testType="13cdc9d9-ddb5-4fa4-a97d-d965ccfc6d4b" outcome="Passed" testListId="8c84fa94-04c1-424b-9868-57a2d4851a1d" relativeResultsDirectory="4a12c7be-847d-4365-9a6d-2c73f5fbf91a">
    </UnitTestResult>
    <UnitTestResult executionId="cdcfd2f4-2ff1-4a3c-a614-35d0bd84badd" testId="26598c77-ae79-f56c-1115-9577c1ec0551" testName="Example4o3o1" computerName="USSLCL00134" duration="00:00:00.0012430" startTime="2012-06-22T16:19:16.9337727-06:00" endTime="2012-06-22T16:19:16.9477735-06:00" testType="13cdc9d9-ddb5-4fa4-a97d-d965ccfc6d4b" outcome="Passed" testListId="8c84fa94-04c1-424b-9868-57a2d4851a1d" relativeResultsDirectory="cdcfd2f4-2ff1-4a3c-a614-35d0bd84badd">
    </UnitTestResult>
    <UnitTestResult executionId="43c41e79-d4ad-450c-9794-1afa1aad00d7" testId="c73872e3-de49-0d4a-fbe2-3bd9c4a10210" testName="GetNormalizedVectorTest" computerName="USSLCL00134" duration="00:00:00.0011317" startTime="2012-06-22T16:19:16.9597742-06:00" endTime="2012-06-22T16:19:16.9707749-06:00" testType="13cdc9d9-ddb5-4fa4-a97d-d965ccfc6d4b" outcome="Passed" testListId="8c84fa94-04c1-424b-9868-57a2d4851a1d" relativeResultsDirectory="43c41e79-d4ad-450c-9794-1afa1aad00d7">
    </UnitTestResult>
    <UnitTestResult executionId="cb04041c-3338-4346-9cc3-9b178c54ea87" testId="d1cc7d48-afbd-466f-5015-ef2680fa4bcb" testName="op_DivisionTest" computerName="USSLCL00134" duration="00:00:00.0044100" startTime="2012-06-22T16:19:16.9797754-06:00" endTime="2012-06-22T16:19:16.9947762-06:00" testType="13cdc9d9-ddb5-4fa4-a97d-d965ccfc6d4b" outcome="Passed" testListId="8c84fa94-04c1-424b-9868-57a2d4851a1d" relativeResultsDirectory="cb04041c-3338-4346-9cc3-9b178c54ea87">
    </UnitTestResult>
    <UnitTestResult executionId="bb52bb61-8d23-4527-a6ea-ec6b3a6c1313" testId="7ce48d38-4867-2cfe-7006-39c642c6f124" testName="Example4o3o2" computerName="USSLCL00134" duration="00:00:25.2290810" startTime="2012-06-22T16:19:17.0047768-06:00" endTime="2012-06-22T16:19:42.2452205-06:00" testType="13cdc9d9-ddb5-4fa4-a97d-d965ccfc6d4b" outcome="Passed" testListId="8c84fa94-04c1-424b-9868-57a2d4851a1d" relativeResultsDirectory="bb52bb61-8d23-4527-a6ea-ec6b3a6c1313">
    </UnitTestResult>
  </Results>
</TestRun>