<?xml version="1.0" encoding="UTF-8"?>
<TestRun id="705384b3-1672-4a02-b286-7627da6f496d" name="nielsobr@USSLCL00134 2012-06-22 16:52:54" runUser="CORP\nielsobr" xmlns="http://microsoft.com/schemas/VisualStudio/TeamTest/2010">
  <TestSettings name="Local" id="8a64df0a-58a3-4d83-8a12-9a4d4c2701f1">
    <Description>These are default test settings for a local test run.</Description>
    <Deployment enabled="false" runDeploymentRoot="nielsobr_USSLCL00134 2012-06-22 16_52_54">
      <DeploymentItem filename="C:\Bruce N\Programming\Quantum Computing\LinearAlgebra\bin\Debug\LinearAlgebra.dll" />
    </Deployment>
    <Execution>
      <TestTypeSpecific />
      <AgentRule name="Execution Agents">
      </AgentRule>
    </Execution>
  </TestSettings>
  <Times creation="2012-06-22T16:52:54.9011939-06:00" queuing="2012-06-22T16:52:56.8113031-06:00" start="2012-06-22T16:52:57.0703179-06:00" finish="2012-06-22T16:53:28.1800973-06:00" />
  <ResultSummary outcome="Completed">
    <Counters total="151" executed="151" passed="151" error="0" failed="0" timeout="0" aborted="0" inconclusive="0" passedButRunAborted="0" notRunnable="0" notExecuted="0" disconnected="0" warning="0" completed="0" inProgress="0" pending="0" />
  </ResultSummary>
  <TestDefinitions>
    <UnitTest name="Exercise1o3o4" storage="c:\bruce n\programming\quantum computing\testcomplexnumber\bin\debug\testcomplexnumber.dll" id="07679b95-0c77-33dd-c8d5-e1376510063a">
      <Execution id="ea52b934-20ab-4bc9-b5ec-e0b5a3e6b846" />
      <TestMethod codeBase="C:/Bruce N/Programming/Quantum Computing/TestComplexNumber/bin/Debug/TestComplexNumber.DLL" adapterTypeName="Microsoft.VisualStudio.TestTools.TestTypes.Unit.UnitTestAdapter, Microsoft.VisualStudio.QualityTools.Tips.UnitTest.Adapter, Version=10.0.0.0, Culture=neutral, PublicKeyToken=b03f5f7f11d50a3a" className="TestComplexNumber.QCExercisesChapter1, TestComplexNumber, Version=1.0.0.0, Culture=neutral, PublicKeyToken=null" name="Exercise1o3o4" />
    </UnitTest>
    <UnitTest name="Exercise3o1o4" storage="c:\bruce n\programming\quantum computing\testcomplexnumber\bin\debug\testcomplexnumber.dll" id="06c32b76-050d-0c74-e5e5-24e8d789eea7">
      <Execution id="0d03d343-6656-46fb-b004-8a900feae456" />
      <TestMethod codeBase="C:/Bruce N/Programming/Quantum Computing/TestComplexNumber/bin/Debug/TestComplexNumber.DLL" adapterTypeName="Microsoft.VisualStudio.TestTools.TestTypes.Unit.UnitTestAdapter, Microsoft.VisualStudio.QualityTools.Tips.UnitTest.Adapter, Version=10.0.0.0, Culture=neutral, PublicKeyToken=b03f5f7f11d50a3a" className="TestComplexNumber.QCExercisesChapter3, TestComplexNumber, Version=1.0.0.0, Culture=neutral, PublicKeyToken=null" name="Exercise3o1o4" />
    </UnitTest>
    <UnitTest name="Exercise2o7o3" storage="c:\bruce n\programming\quantum computing\testcomplexnumber\bin\debug\testcomplexnumber.dll" id="fcfa95f2-720f-8082-c577-4f9e22c76102">
      <Execution id="d0b4b9ff-4759-4783-b6f0-61ca1575fa45" />
      <TestMethod codeBase="C:/Bruce N/Programming/Quantum Computing/TestComplexNumber/bin/Debug/TestComplexNumber.DLL" adapterTypeName="Microsoft.VisualStudio.TestTools.TestTypes.Unit.UnitTestAdapter, Microsoft.VisualStudio.QualityTools.Tips.UnitTest.Adapter, Version=10.0.0.0, Culture=neutral, PublicKeyToken=b03f5f7f11d50a3a" className="TestComplexNumber.QCExercisesChapter2, TestComplexNumber, Version=1.0.0.0, Culture=neutral, PublicKeyToken=null" name="Exercise2o7o3" />
    </UnitTest>
    <UnitTest name="NegativeOneTest" storage="c:\bruce n\programming\quantum computing\testcomplexnumber\bin\debug\testcomplexnumber.dll" id="e817df08-1352-7924-6f37-9159ad0539e6">
      <Execution id="39e7d11d-55d1-41d0-8e65-404eb736770c" />
      <TestMethod codeBase="C:/Bruce N/Programming/Quantum Computing/TestComplexNumber/bin/Debug/TestComplexNumber.DLL" adapterTypeName="Microsoft.VisualStudio.TestTools.TestTypes.Unit.UnitTestAdapter, Microsoft.VisualStudio.QualityTools.Tips.UnitTest.Adapter, Version=10.0.0.0, Culture=neutral, PublicKeyToken=b03f5f7f11d50a3a" className="TestComplexNumber.ComplexNumberTest, TestComplexNumber, Version=1.0.0.0, Culture=neutral, PublicKeyToken=null" name="NegativeOneTest" />
    </UnitTest>
    <UnitTest name="op_SubtractionTest" storage="c:\bruce n\programming\quantum computing\testcomplexnumber\bin\debug\testcomplexnumber.dll" id="ff295562-5e99-9434-0a6c-61d038c92b18">
      <Execution id="2b886ea7-f7e6-4e41-bc1f-bb3c9a423e31" />
      <TestMethod codeBase="C:/Bruce N/Programming/Quantum Computing/TestComplexNumber/bin/Debug/TestComplexNumber.DLL" adapterTypeName="Microsoft.VisualStudio.TestTools.TestTypes.Unit.UnitTestAdapter, Microsoft.VisualStudio.QualityTools.Tips.UnitTest.Adapter, Version=10.0.0.0, Culture=neutral, PublicKeyToken=b03f5f7f11d50a3a" className="TestComplexNumber.VectorTest, TestComplexNumber, Version=1.0.0.0, Culture=neutral, PublicKeyToken=null" name="op_SubtractionTest" />
    </UnitTest>
    <UnitTest name="GetAngleDegreesTest" storage="c:\bruce n\programming\quantum computing\testcomplexnumber\bin\debug\testcomplexnumber.dll" id="9e43b977-3c91-5be2-de15-4f95a8e1f8c7">
      <Execution id="663ca1e2-5936-4f77-9ad0-d8f395be37a8" />
      <TestMethod codeBase="C:/Bruce N/Programming/Quantum Computing/TestComplexNumber/bin/Debug/TestComplexNumber.DLL" adapterTypeName="Microsoft.VisualStudio.TestTools.TestTypes.Unit.UnitTestAdapter, Microsoft.VisualStudio.QualityTools.Tips.UnitTest.Adapter, Version=10.0.0.0, Culture=neutral, PublicKeyToken=b03f5f7f11d50a3a" className="TestComplexNumber.ComplexNumberTest, TestComplexNumber, Version=1.0.0.0, Culture=neutral, PublicKeyToken=null" name="GetAngleDegreesTest" />
    </UnitTest>
    <UnitTest name="CompareSizeTest" storage="c:\bruce n\programming\quantum computing\testcomplexnumber\bin\debug\testcomplexnumber.dll" id="3b6c1979-5d5b-f7df-8831-5e65b0e818fd">
      <Execution id="e8bcf0a1-d86e-4991-805b-7b7eff1e5af4" />
      <TestMethod codeBase="C:/Bruce N/Programming/Quantum Computing/TestComplexNumber/bin/Debug/TestComplexNumber.DLL" adapterTypeName="Microsoft.VisualStudio.TestTools.TestTypes.Unit.UnitTestAdapter, Microsoft.VisualStudio.QualityTools.Tips.UnitTest.Adapter, Version=10.0.0.0, Culture=neutral, PublicKeyToken=b03f5f7f11d50a3a" className="TestComplexNumber.MatrixTest, TestComplexNumber, Version=1.0.0.0, Culture=neutral, PublicKeyToken=null" name="CompareSizeTest" />
    </UnitTest>
    <UnitTest name="Exercise2o6o8" storage="c:\bruce n\programming\quantum computing\testcomplexnumber\bin\debug\testcomplexnumber.dll" id="f1d86270-c9d8-c961-65be-24cc50d1fc4b">
      <Execution id="e511f4bd-ac6d-45e2-83bc-8737c92b0b8d" />
      <TestMethod codeBase="C:/Bruce N/Programming/Quantum Computing/TestComplexNumber/bin/Debug/TestComplexNumber.DLL" adapterTypeName="Microsoft.VisualStudio.TestTools.TestTypes.Unit.UnitTestAdapter, Microsoft.VisualStudio.QualityTools.Tips.UnitTest.Adapter, Version=10.0.0.0, Culture=neutral, PublicKeyToken=b03f5f7f11d50a3a" className="TestComplexNumber.QCExercisesChapter2, TestComplexNumber, Version=1.0.0.0, Culture=neutral, PublicKeyToken=null" name="Exercise2o6o8" />
    </UnitTest>
    <UnitTest name="Exercise2o2o8" storage="c:\bruce n\programming\quantum computing\testcomplexnumber\bin\debug\testcomplexnumber.dll" id="0a0f56e1-2426-9c27-75c5-72e83aa4f18c">
      <Execution id="518eb853-ea2d-465c-8abc-c2ecf5c81596" />
      <TestMethod codeBase="C:/Bruce N/Programming/Quantum Computing/TestComplexNumber/bin/Debug/TestComplexNumber.DLL" adapterTypeName="Microsoft.VisualStudio.TestTools.TestTypes.Unit.UnitTestAdapter, Microsoft.VisualStudio.QualityTools.Tips.UnitTest.Adapter, Version=10.0.0.0, Culture=neutral, PublicKeyToken=b03f5f7f11d50a3a" className="TestComplexNumber.QCExercisesChapter2, TestComplexNumber, Version=1.0.0.0, Culture=neutral, PublicKeyToken=null" name="Exercise2o2o8" />
    </UnitTest>
    <UnitTest name="Exercise4o1o5" storage="c:\bruce n\programming\quantum computing\testcomplexnumber\bin\debug\testcomplexnumber.dll" id="b920ca27-2e1f-e8ec-c9ba-d4cbb754ace4">
      <Execution id="ee0dd697-bd99-47ca-8a88-af1b2517881d" />
      <TestMethod codeBase="C:/Bruce N/Programming/Quantum Computing/TestComplexNumber/bin/Debug/TestComplexNumber.DLL" adapterTypeName="Microsoft.VisualStudio.TestTools.TestTypes.Unit.UnitTestAdapter, Microsoft.VisualStudio.QualityTools.Tips.UnitTest.Adapter, Version=10.0.0.0, Culture=neutral, PublicKeyToken=b03f5f7f11d50a3a" className="TestComplexNumber.QCExercisesChapter4, TestComplexNumber, Version=1.0.0.0, Culture=neutral, PublicKeyToken=null" name="Exercise4o1o5" />
    </UnitTest>
    <UnitTest name="GetAngleTest" storage="c:\bruce n\programming\quantum computing\testcomplexnumber\bin\debug\testcomplexnumber.dll" id="aaa025c4-539f-dc62-f50b-af3c4325c449">
      <Execution id="075c5c64-02e5-4e9d-9a7b-5b95b05813b1" />
      <TestMethod codeBase="C:/Bruce N/Programming/Quantum Computing/TestComplexNumber/bin/Debug/TestComplexNumber.DLL" adapterTypeName="Microsoft.VisualStudio.TestTools.TestTypes.Unit.UnitTestAdapter, Microsoft.VisualStudio.QualityTools.Tips.UnitTest.Adapter, Version=10.0.0.0, Culture=neutral, PublicKeyToken=b03f5f7f11d50a3a" className="TestComplexNumber.ComplexNumberTest, TestComplexNumber, Version=1.0.0.0, Culture=neutral, PublicKeyToken=null" name="GetAngleTest" />
    </UnitTest>
    <UnitTest name="Exercise2o4o8" storage="c:\bruce n\programming\quantum computing\testcomplexnumber\bin\debug\testcomplexnumber.dll" id="df9d4979-ebf4-48fa-eaa6-d378215805ce">
      <Execution id="d0eca8e6-090e-4a68-a8ef-4742d8fa165b" />
      <TestMethod codeBase="C:/Bruce N/Programming/Quantum Computing/TestComplexNumber/bin/Debug/TestComplexNumber.DLL" adapterTypeName="Microsoft.VisualStudio.TestTools.TestTypes.Unit.UnitTestAdapter, Microsoft.VisualStudio.QualityTools.Tips.UnitTest.Adapter, Version=10.0.0.0, Culture=neutral, PublicKeyToken=b03f5f7f11d50a3a" className="TestComplexNumber.QCExercisesChapter2, TestComplexNumber, Version=1.0.0.0, Culture=neutral, PublicKeyToken=null" name="Exercise2o4o8" />
    </UnitTest>
    <UnitTest name="TraceTest" storage="c:\bruce n\programming\quantum computing\testcomplexnumber\bin\debug\testcomplexnumber.dll" id="a462fc82-d08d-a927-6e82-ea09024ca4ef">
      <DeploymentItems>
        <DeploymentItem filename="LinearAlgebra.dll" />
      </DeploymentItems>
      <Execution id="a1dfeb56-2b56-4901-b4eb-0c11c04bd85b" />
      <TestMethod codeBase="C:/Bruce N/Programming/Quantum Computing/TestComplexNumber/bin/Debug/TestComplexNumber.DLL" adapterTypeName="Microsoft.VisualStudio.TestTools.TestTypes.Unit.UnitTestAdapter, Microsoft.VisualStudio.QualityTools.Tips.UnitTest.Adapter, Version=10.0.0.0, Culture=neutral, PublicKeyToken=b03f5f7f11d50a3a" className="TestComplexNumber.MatrixTest, TestComplexNumber, Version=1.0.0.0, Culture=neutral, PublicKeyToken=null" name="TraceTest" />
    </UnitTest>
    <UnitTest name="TensorProductTest" storage="c:\bruce n\programming\quantum computing\testcomplexnumber\bin\debug\testcomplexnumber.dll" id="e34bbd78-70b7-8bee-c46b-6fb18c901aa2">
      <Execution id="3f092a00-2273-4f53-bd74-83be0e1fb398" />
      <TestMethod codeBase="C:/Bruce N/Programming/Quantum Computing/TestComplexNumber/bin/Debug/TestComplexNumber.DLL" adapterTypeName="Microsoft.VisualStudio.TestTools.TestTypes.Unit.UnitTestAdapter, Microsoft.VisualStudio.QualityTools.Tips.UnitTest.Adapter, Version=10.0.0.0, Culture=neutral, PublicKeyToken=b03f5f7f11d50a3a" className="TestComplexNumber.MatrixTest, TestComplexNumber, Version=1.0.0.0, Culture=neutral, PublicKeyToken=null" name="TensorProductTest" />
    </UnitTest>
    <UnitTest name="Exercise1o3o8" storage="c:\bruce n\programming\quantum computing\testcomplexnumber\bin\debug\testcomplexnumber.dll" id="4d151c41-de40-a77d-9114-a00800a2f22f">
      <Execution id="0e53281b-ea99-45a8-805d-3e793bae2cf6" />
      <TestMethod codeBase="C:/Bruce N/Programming/Quantum Computing/TestComplexNumber/bin/Debug/TestComplexNumber.DLL" adapterTypeName="Microsoft.VisualStudio.TestTools.TestTypes.Unit.UnitTestAdapter, Microsoft.VisualStudio.QualityTools.Tips.UnitTest.Adapter, Version=10.0.0.0, Culture=neutral, PublicKeyToken=b03f5f7f11d50a3a" className="TestComplexNumber.QCExercisesChapter1, TestComplexNumber, Version=1.0.0.0, Culture=neutral, PublicKeyToken=null" name="Exercise1o3o8" />
    </UnitTest>
    <UnitTest name="VectorConstructorTest2" storage="c:\bruce n\programming\quantum computing\testcomplexnumber\bin\debug\testcomplexnumber.dll" id="9c92819f-751b-655e-72f6-604f0653711c">
      <Execution id="3bcbd416-ce1d-4227-8f9c-76c00ab3c3f1" />
      <TestMethod codeBase="C:/Bruce N/Programming/Quantum Computing/TestComplexNumber/bin/Debug/TestComplexNumber.DLL" adapterTypeName="Microsoft.VisualStudio.TestTools.TestTypes.Unit.UnitTestAdapter, Microsoft.VisualStudio.QualityTools.Tips.UnitTest.Adapter, Version=10.0.0.0, Culture=neutral, PublicKeyToken=b03f5f7f11d50a3a" className="TestComplexNumber.VectorTest, TestComplexNumber, Version=1.0.0.0, Culture=neutral, PublicKeyToken=null" name="VectorConstructorTest2" />
    </UnitTest>
    <UnitTest name="Exercise4o2o6" storage="c:\bruce n\programming\quantum computing\testcomplexnumber\bin\debug\testcomplexnumber.dll" id="1f1cd201-bd9b-d73b-7631-79422db50907">
      <Execution id="7ca352e9-0bae-4778-835e-a740fcf2adc0" />
      <TestMethod codeBase="C:/Bruce N/Programming/Quantum Computing/TestComplexNumber/bin/Debug/TestComplexNumber.DLL" adapterTypeName="Microsoft.VisualStudio.TestTools.TestTypes.Unit.UnitTestAdapter, Microsoft.VisualStudio.QualityTools.Tips.UnitTest.Adapter, Version=10.0.0.0, Culture=neutral, PublicKeyToken=b03f5f7f11d50a3a" className="TestComplexNumber.QCExercisesChapter4, TestComplexNumber, Version=1.0.0.0, Culture=neutral, PublicKeyToken=null" name="Exercise4o2o6" />
    </UnitTest>
    <UnitTest name="Example2o3o3" storage="c:\bruce n\programming\quantum computing\testcomplexnumber\bin\debug\testcomplexnumber.dll" id="f4a6d75b-22de-c9be-71c8-5150c846f601">
      <Execution id="d62b30f3-2dfb-4593-8b98-f0149f831b1c" />
      <TestMethod codeBase="C:/Bruce N/Programming/Quantum Computing/TestComplexNumber/bin/Debug/TestComplexNumber.DLL" adapterTypeName="Microsoft.VisualStudio.TestTools.TestTypes.Unit.UnitTestAdapter, Microsoft.VisualStudio.QualityTools.Tips.UnitTest.Adapter, Version=10.0.0.0, Culture=neutral, PublicKeyToken=b03f5f7f11d50a3a" className="TestComplexNumber.QCExercisesChapter2, TestComplexNumber, Version=1.0.0.0, Culture=neutral, PublicKeyToken=null" name="Example2o3o3" />
    </UnitTest>
    <UnitTest name="Exercise4o1o1" storage="c:\bruce n\programming\quantum computing\testcomplexnumber\bin\debug\testcomplexnumber.dll" id="56d4e2ab-80ac-74c9-cdc4-cd3967d0842f">
      <Execution id="89bfae36-1d2a-4689-819c-004b957d89ff" />
      <TestMethod codeBase="C:/Bruce N/Programming/Quantum Computing/TestComplexNumber/bin/Debug/TestComplexNumber.DLL" adapterTypeName="Microsoft.VisualStudio.TestTools.TestTypes.Unit.UnitTestAdapter, Microsoft.VisualStudio.QualityTools.Tips.UnitTest.Adapter, Version=10.0.0.0, Culture=neutral, PublicKeyToken=b03f5f7f11d50a3a" className="TestComplexNumber.QCExercisesChapter4, TestComplexNumber, Version=1.0.0.0, Culture=neutral, PublicKeyToken=null" name="Exercise4o1o1" />
    </UnitTest>
    <UnitTest name="EqualsTest" storage="c:\bruce n\programming\quantum computing\testcomplexnumber\bin\debug\testcomplexnumber.dll" id="bc74a9f0-dfbc-1cfa-6718-f3d2cbf87b3b">
      <Execution id="10c12be9-5cad-4eba-8f45-38ad28573e38" />
      <TestMethod codeBase="C:/Bruce N/Programming/Quantum Computing/TestComplexNumber/bin/Debug/TestComplexNumber.DLL" adapterTypeName="Microsoft.VisualStudio.TestTools.TestTypes.Unit.UnitTestAdapter, Microsoft.VisualStudio.QualityTools.Tips.UnitTest.Adapter, Version=10.0.0.0, Culture=neutral, PublicKeyToken=b03f5f7f11d50a3a" className="TestComplexNumber.VectorTest, TestComplexNumber, Version=1.0.0.0, Culture=neutral, PublicKeyToken=null" name="EqualsTest" />
    </UnitTest>
    <UnitTest name="GetNormalizedVectorTest" storage="c:\bruce n\programming\quantum computing\testcomplexnumber\bin\debug\testcomplexnumber.dll" id="c73872e3-de49-0d4a-fbe2-3bd9c4a10210">
      <Execution id="47b68e12-f6d3-4f16-b452-144518a0b783" />
      <TestMethod codeBase="C:/Bruce N/Programming/Quantum Computing/TestComplexNumber/bin/Debug/TestComplexNumber.DLL" adapterTypeName="Microsoft.VisualStudio.TestTools.TestTypes.Unit.UnitTestAdapter, Microsoft.VisualStudio.QualityTools.Tips.UnitTest.Adapter, Version=10.0.0.0, Culture=neutral, PublicKeyToken=b03f5f7f11d50a3a" className="TestComplexNumber.ComplexVectorTest, TestComplexNumber, Version=1.0.0.0, Culture=neutral, PublicKeyToken=null" name="GetNormalizedVectorTest" />
    </UnitTest>
    <UnitTest name="ZeroTest" storage="c:\bruce n\programming\quantum computing\testcomplexnumber\bin\debug\testcomplexnumber.dll" id="c93ffe48-5243-dfb2-8a93-461c879cf606">
      <Execution id="be09701a-8a54-4e4a-8af8-c668d0f2ee50" />
      <TestMethod codeBase="C:/Bruce N/Programming/Quantum Computing/TestComplexNumber/bin/Debug/TestComplexNumber.DLL" adapterTypeName="Microsoft.VisualStudio.TestTools.TestTypes.Unit.UnitTestAdapter, Microsoft.VisualStudio.QualityTools.Tips.UnitTest.Adapter, Version=10.0.0.0, Culture=neutral, PublicKeyToken=b03f5f7f11d50a3a" className="TestComplexNumber.ComplexNumberTest, TestComplexNumber, Version=1.0.0.0, Culture=neutral, PublicKeyToken=null" name="ZeroTest" />
    </UnitTest>
    <UnitTest name="EqualsTest" storage="c:\bruce n\programming\quantum computing\testcomplexnumber\bin\debug\testcomplexnumber.dll" id="191c732e-b797-fda9-14e6-f62313d93af1">
      <Execution id="01115a62-28f4-4845-936b-daf862e4db6a" />
      <TestMethod codeBase="C:/Bruce N/Programming/Quantum Computing/TestComplexNumber/bin/Debug/TestComplexNumber.DLL" adapterTypeName="Microsoft.VisualStudio.TestTools.TestTypes.Unit.UnitTestAdapter, Microsoft.VisualStudio.QualityTools.Tips.UnitTest.Adapter, Version=10.0.0.0, Culture=neutral, PublicKeyToken=b03f5f7f11d50a3a" className="TestComplexNumber.ComplexMatrixTest, TestComplexNumber, Version=1.0.0.0, Culture=neutral, PublicKeyToken=null" name="EqualsTest" />
    </UnitTest>
    <UnitTest name="IdentityMatrixTest" storage="c:\bruce n\programming\quantum computing\testcomplexnumber\bin\debug\testcomplexnumber.dll" id="aac142ce-38b2-6d3f-cd65-e8254c3e066b">
      <Execution id="749bf097-d69d-4e7a-9a97-3593293a5f8e" />
      <TestMethod codeBase="C:/Bruce N/Programming/Quantum Computing/TestComplexNumber/bin/Debug/TestComplexNumber.DLL" adapterTypeName="Microsoft.VisualStudio.TestTools.TestTypes.Unit.UnitTestAdapter, Microsoft.VisualStudio.QualityTools.Tips.UnitTest.Adapter, Version=10.0.0.0, Culture=neutral, PublicKeyToken=b03f5f7f11d50a3a" className="TestComplexNumber.ComplexMatrixTest, TestComplexNumber, Version=1.0.0.0, Culture=neutral, PublicKeyToken=null" name="IdentityMatrixTest" />
    </UnitTest>
    <UnitTest name="Exercise2o4o1" storage="c:\bruce n\programming\quantum computing\testcomplexnumber\bin\debug\testcomplexnumber.dll" id="06f73701-65f7-da2b-e94f-6c850186d97a">
      <Execution id="681ba780-ebd9-40d6-aa5c-61400f9b6dd7" />
      <TestMethod codeBase="C:/Bruce N/Programming/Quantum Computing/TestComplexNumber/bin/Debug/TestComplexNumber.DLL" adapterTypeName="Microsoft.VisualStudio.TestTools.TestTypes.Unit.UnitTestAdapter, Microsoft.VisualStudio.QualityTools.Tips.UnitTest.Adapter, Version=10.0.0.0, Culture=neutral, PublicKeyToken=b03f5f7f11d50a3a" className="TestComplexNumber.QCExercisesChapter2, TestComplexNumber, Version=1.0.0.0, Culture=neutral, PublicKeyToken=null" name="Exercise2o4o1" />
    </UnitTest>
    <UnitTest name="Exercise3o2o1" storage="c:\bruce n\programming\quantum computing\testcomplexnumber\bin\debug\testcomplexnumber.dll" id="9cf4c4e1-7186-5bdb-2eef-3b22d03cb6e0">
      <Execution id="7068424a-109f-4adb-ad1c-65e4e5860cc0" />
      <TestMethod codeBase="C:/Bruce N/Programming/Quantum Computing/TestComplexNumber/bin/Debug/TestComplexNumber.DLL" adapterTypeName="Microsoft.VisualStudio.TestTools.TestTypes.Unit.UnitTestAdapter, Microsoft.VisualStudio.QualityTools.Tips.UnitTest.Adapter, Version=10.0.0.0, Culture=neutral, PublicKeyToken=b03f5f7f11d50a3a" className="TestComplexNumber.QCExercisesChapter3, TestComplexNumber, Version=1.0.0.0, Culture=neutral, PublicKeyToken=null" name="Exercise3o2o1" />
    </UnitTest>
    <UnitTest name="Exercise2o2o5" storage="c:\bruce n\programming\quantum computing\testcomplexnumber\bin\debug\testcomplexnumber.dll" id="afec4393-b7fa-2c17-aed2-743a831c3492">
      <Execution id="1d97cac8-a121-4d7d-9b23-824c33e23e81" />
      <TestMethod codeBase="C:/Bruce N/Programming/Quantum Computing/TestComplexNumber/bin/Debug/TestComplexNumber.DLL" adapterTypeName="Microsoft.VisualStudio.TestTools.TestTypes.Unit.UnitTestAdapter, Microsoft.VisualStudio.QualityTools.Tips.UnitTest.Adapter, Version=10.0.0.0, Culture=neutral, PublicKeyToken=b03f5f7f11d50a3a" className="TestComplexNumber.QCExercisesChapter2, TestComplexNumber, Version=1.0.0.0, Culture=neutral, PublicKeyToken=null" name="Exercise2o2o5" />
    </UnitTest>
    <UnitTest name="Example4o3o2" storage="c:\bruce n\programming\quantum computing\testcomplexnumber\bin\debug\testcomplexnumber.dll" id="7ce48d38-4867-2cfe-7006-39c642c6f124">
      <Execution id="183e72db-8d00-48d4-9355-c612de467b7a" />
      <TestMethod codeBase="C:/Bruce N/Programming/Quantum Computing/TestComplexNumber/bin/Debug/TestComplexNumber.DLL" adapterTypeName="Microsoft.VisualStudio.TestTools.TestTypes.Unit.UnitTestAdapter, Microsoft.VisualStudio.QualityTools.Tips.UnitTest.Adapter, Version=10.0.0.0, Culture=neutral, PublicKeyToken=b03f5f7f11d50a3a" className="TestComplexNumber.QCExercisesChapter4, TestComplexNumber, Version=1.0.0.0, Culture=neutral, PublicKeyToken=null" name="Example4o3o2" />
    </UnitTest>
    <UnitTest name="Exercise2o2o6" storage="c:\bruce n\programming\quantum computing\testcomplexnumber\bin\debug\testcomplexnumber.dll" id="183ae838-6eb2-ddd1-fc18-d3ab32673286">
      <Execution id="5c553b93-2ba3-49ed-b12d-bdf696fb07a1" />
      <TestMethod codeBase="C:/Bruce N/Programming/Quantum Computing/TestComplexNumber/bin/Debug/TestComplexNumber.DLL" adapterTypeName="Microsoft.VisualStudio.TestTools.TestTypes.Unit.UnitTestAdapter, Microsoft.VisualStudio.QualityTools.Tips.UnitTest.Adapter, Version=10.0.0.0, Culture=neutral, PublicKeyToken=b03f5f7f11d50a3a" className="TestComplexNumber.QCExercisesChapter2, TestComplexNumber, Version=1.0.0.0, Culture=neutral, PublicKeyToken=null" name="Exercise2o2o6" />
    </UnitTest>
    <UnitTest name="RealTest" storage="c:\bruce n\programming\quantum computing\testcomplexnumber\bin\debug\testcomplexnumber.dll" id="c184168b-7b90-1c26-9870-9e31f6f1dde3">
      <Execution id="8b19f414-64c4-472c-996a-3652aee6c920" />
      <TestMethod codeBase="C:/Bruce N/Programming/Quantum Computing/TestComplexNumber/bin/Debug/TestComplexNumber.DLL" adapterTypeName="Microsoft.VisualStudio.TestTools.TestTypes.Unit.UnitTestAdapter, Microsoft.VisualStudio.QualityTools.Tips.UnitTest.Adapter, Version=10.0.0.0, Culture=neutral, PublicKeyToken=b03f5f7f11d50a3a" className="TestComplexNumber.ComplexNumberTest, TestComplexNumber, Version=1.0.0.0, Culture=neutral, PublicKeyToken=null" name="RealTest" />
    </UnitTest>
    <UnitTest name="Exercise2o4o7" storage="c:\bruce n\programming\quantum computing\testcomplexnumber\bin\debug\testcomplexnumber.dll" id="704f985a-5aa6-9a9c-79d7-6d97e84b7f0f">
      <Execution id="deb00521-4433-49b9-b47a-99e3127663c2" />
      <TestMethod codeBase="C:/Bruce N/Programming/Quantum Computing/TestComplexNumber/bin/Debug/TestComplexNumber.DLL" adapterTypeName="Microsoft.VisualStudio.TestTools.TestTypes.Unit.UnitTestAdapter, Microsoft.VisualStudio.QualityTools.Tips.UnitTest.Adapter, Version=10.0.0.0, Culture=neutral, PublicKeyToken=b03f5f7f11d50a3a" className="TestComplexNumber.QCExercisesChapter2, TestComplexNumber, Version=1.0.0.0, Culture=neutral, PublicKeyToken=null" name="Exercise2o4o7" />
    </UnitTest>
    <UnitTest name="op_MultiplyTest1" storage="c:\bruce n\programming\quantum computing\testcomplexnumber\bin\debug\testcomplexnumber.dll" id="194ba9b1-34c4-2b4a-2ba8-b132b9ebf998">
      <Execution id="afa28c12-2700-4db9-a7cd-ebfc5a9915cf" />
      <TestMethod codeBase="C:/Bruce N/Programming/Quantum Computing/TestComplexNumber/bin/Debug/TestComplexNumber.DLL" adapterTypeName="Microsoft.VisualStudio.TestTools.TestTypes.Unit.UnitTestAdapter, Microsoft.VisualStudio.QualityTools.Tips.UnitTest.Adapter, Version=10.0.0.0, Culture=neutral, PublicKeyToken=b03f5f7f11d50a3a" className="TestComplexNumber.MatrixTest, TestComplexNumber, Version=1.0.0.0, Culture=neutral, PublicKeyToken=null" name="op_MultiplyTest1" />
    </UnitTest>
    <UnitTest name="LengthTest" storage="c:\bruce n\programming\quantum computing\testcomplexnumber\bin\debug\testcomplexnumber.dll" id="81ff8154-7b8a-e690-97b4-6435aa07756d">
      <Execution id="eb99e6f8-20e3-4d77-8355-406796912a6d" />
      <TestMethod codeBase="C:/Bruce N/Programming/Quantum Computing/TestComplexNumber/bin/Debug/TestComplexNumber.DLL" adapterTypeName="Microsoft.VisualStudio.TestTools.TestTypes.Unit.UnitTestAdapter, Microsoft.VisualStudio.QualityTools.Tips.UnitTest.Adapter, Version=10.0.0.0, Culture=neutral, PublicKeyToken=b03f5f7f11d50a3a" className="TestComplexNumber.VectorTest, TestComplexNumber, Version=1.0.0.0, Culture=neutral, PublicKeyToken=null" name="LengthTest" />
    </UnitTest>
    <UnitTest name="Example4o2o14" storage="c:\bruce n\programming\quantum computing\testcomplexnumber\bin\debug\testcomplexnumber.dll" id="a6320d81-84be-b348-18dd-019a5fed078d">
      <Execution id="aad27f10-1f14-47f2-9ff4-0f599918a783" />
      <TestMethod codeBase="C:/Bruce N/Programming/Quantum Computing/TestComplexNumber/bin/Debug/TestComplexNumber.DLL" adapterTypeName="Microsoft.VisualStudio.TestTools.TestTypes.Unit.UnitTestAdapter, Microsoft.VisualStudio.QualityTools.Tips.UnitTest.Adapter, Version=10.0.0.0, Culture=neutral, PublicKeyToken=b03f5f7f11d50a3a" className="TestComplexNumber.QCExercisesChapter4, TestComplexNumber, Version=1.0.0.0, Culture=neutral, PublicKeyToken=null" name="Example4o2o14" />
    </UnitTest>
    <UnitTest name="TransposeTest" storage="c:\bruce n\programming\quantum computing\testcomplexnumber\bin\debug\testcomplexnumber.dll" id="10573e1f-0aa2-6e3a-c6a4-1a9a094661dc">
      <Execution id="a9442db2-5f37-4e62-95e2-b6a3dfd22652" />
      <TestMethod codeBase="C:/Bruce N/Programming/Quantum Computing/TestComplexNumber/bin/Debug/TestComplexNumber.DLL" adapterTypeName="Microsoft.VisualStudio.TestTools.TestTypes.Unit.UnitTestAdapter, Microsoft.VisualStudio.QualityTools.Tips.UnitTest.Adapter, Version=10.0.0.0, Culture=neutral, PublicKeyToken=b03f5f7f11d50a3a" className="TestComplexNumber.MatrixTest, TestComplexNumber, Version=1.0.0.0, Culture=neutral, PublicKeyToken=null" name="TransposeTest" />
    </UnitTest>
    <UnitTest name="op_AdditionTest" storage="c:\bruce n\programming\quantum computing\testcomplexnumber\bin\debug\testcomplexnumber.dll" id="38b23d36-491d-02f4-07c2-9d3cd23affc3">
      <Execution id="9a3bc988-a750-482a-9967-da412f2bc604" />
      <TestMethod codeBase="C:/Bruce N/Programming/Quantum Computing/TestComplexNumber/bin/Debug/TestComplexNumber.DLL" adapterTypeName="Microsoft.VisualStudio.TestTools.TestTypes.Unit.UnitTestAdapter, Microsoft.VisualStudio.QualityTools.Tips.UnitTest.Adapter, Version=10.0.0.0, Culture=neutral, PublicKeyToken=b03f5f7f11d50a3a" className="TestComplexNumber.VectorTest, TestComplexNumber, Version=1.0.0.0, Culture=neutral, PublicKeyToken=null" name="op_AdditionTest" />
    </UnitTest>
    <UnitTest name="VectorConstructorTest" storage="c:\bruce n\programming\quantum computing\testcomplexnumber\bin\debug\testcomplexnumber.dll" id="5b0b7f1b-1d05-7deb-83d6-f2293e41cb23">
      <Execution id="acfcb059-efc3-47b6-be7e-989d15eb67c9" />
      <TestMethod codeBase="C:/Bruce N/Programming/Quantum Computing/TestComplexNumber/bin/Debug/TestComplexNumber.DLL" adapterTypeName="Microsoft.VisualStudio.TestTools.TestTypes.Unit.UnitTestAdapter, Microsoft.VisualStudio.QualityTools.Tips.UnitTest.Adapter, Version=10.0.0.0, Culture=neutral, PublicKeyToken=b03f5f7f11d50a3a" className="TestComplexNumber.VectorTest, TestComplexNumber, Version=1.0.0.0, Culture=neutral, PublicKeyToken=null" name="VectorConstructorTest" />
    </UnitTest>
    <UnitTest name="Exercise2o6o1" storage="c:\bruce n\programming\quantum computing\testcomplexnumber\bin\debug\testcomplexnumber.dll" id="bfd8552d-cec2-9ab5-c397-fd0fb67479e8">
      <Execution id="e7e4140f-4d7f-4fe8-bcdd-1e4f0c8c6a5e" />
      <TestMethod codeBase="C:/Bruce N/Programming/Quantum Computing/TestComplexNumber/bin/Debug/TestComplexNumber.DLL" adapterTypeName="Microsoft.VisualStudio.TestTools.TestTypes.Unit.UnitTestAdapter, Microsoft.VisualStudio.QualityTools.Tips.UnitTest.Adapter, Version=10.0.0.0, Culture=neutral, PublicKeyToken=b03f5f7f11d50a3a" className="TestComplexNumber.QCExercisesChapter2, TestComplexNumber, Version=1.0.0.0, Culture=neutral, PublicKeyToken=null" name="Exercise2o6o1" />
    </UnitTest>
    <UnitTest name="GetKetTest" storage="c:\bruce n\programming\quantum computing\testcomplexnumber\bin\debug\testcomplexnumber.dll" id="f0ba5c0b-8960-4edd-4fed-108844165cf0">
      <Execution id="f0f7e16f-72c5-4a7c-928b-2c1c6087a7c7" />
      <TestMethod codeBase="C:/Bruce N/Programming/Quantum Computing/TestComplexNumber/bin/Debug/TestComplexNumber.DLL" adapterTypeName="Microsoft.VisualStudio.TestTools.TestTypes.Unit.UnitTestAdapter, Microsoft.VisualStudio.QualityTools.Tips.UnitTest.Adapter, Version=10.0.0.0, Culture=neutral, PublicKeyToken=b03f5f7f11d50a3a" className="TestComplexNumber.ComplexVectorTest, TestComplexNumber, Version=1.0.0.0, Culture=neutral, PublicKeyToken=null" name="GetKetTest" />
    </UnitTest>
    <UnitTest name="op_DotProductTest" storage="c:\bruce n\programming\quantum computing\testcomplexnumber\bin\debug\testcomplexnumber.dll" id="45e4093b-3343-3a21-e7a7-e836435896d3">
      <Execution id="7c5194a2-4a23-4f6c-9d41-5a05f2945430" />
      <TestMethod codeBase="C:/Bruce N/Programming/Quantum Computing/TestComplexNumber/bin/Debug/TestComplexNumber.DLL" adapterTypeName="Microsoft.VisualStudio.TestTools.TestTypes.Unit.UnitTestAdapter, Microsoft.VisualStudio.QualityTools.Tips.UnitTest.Adapter, Version=10.0.0.0, Culture=neutral, PublicKeyToken=b03f5f7f11d50a3a" className="TestComplexNumber.VectorTest, TestComplexNumber, Version=1.0.0.0, Culture=neutral, PublicKeyToken=null" name="op_DotProductTest" />
    </UnitTest>
    <UnitTest name="Exercise2o6o9" storage="c:\bruce n\programming\quantum computing\testcomplexnumber\bin\debug\testcomplexnumber.dll" id="9c8a3a37-92aa-2f07-2535-a6f269371959">
      <Execution id="3574bd44-1b31-4e95-92b5-190097c8460e" />
      <TestMethod codeBase="C:/Bruce N/Programming/Quantum Computing/TestComplexNumber/bin/Debug/TestComplexNumber.DLL" adapterTypeName="Microsoft.VisualStudio.TestTools.TestTypes.Unit.UnitTestAdapter, Microsoft.VisualStudio.QualityTools.Tips.UnitTest.Adapter, Version=10.0.0.0, Culture=neutral, PublicKeyToken=b03f5f7f11d50a3a" className="TestComplexNumber.QCExercisesChapter2, TestComplexNumber, Version=1.0.0.0, Culture=neutral, PublicKeyToken=null" name="Exercise2o6o9" />
    </UnitTest>
    <UnitTest name="InnerProductTest" storage="c:\bruce n\programming\quantum computing\testcomplexnumber\bin\debug\testcomplexnumber.dll" id="4611c12d-ab9b-ec67-f03d-aef14139fd18">
      <Execution id="11ea53c2-a42c-48d8-87c5-7ec557d16aef" />
      <TestMethod codeBase="C:/Bruce N/Programming/Quantum Computing/TestComplexNumber/bin/Debug/TestComplexNumber.DLL" adapterTypeName="Microsoft.VisualStudio.TestTools.TestTypes.Unit.UnitTestAdapter, Microsoft.VisualStudio.QualityTools.Tips.UnitTest.Adapter, Version=10.0.0.0, Culture=neutral, PublicKeyToken=b03f5f7f11d50a3a" className="TestComplexNumber.ComplexMatrixTest, TestComplexNumber, Version=1.0.0.0, Culture=neutral, PublicKeyToken=null" name="InnerProductTest" />
    </UnitTest>
    <UnitTest name="op_MultiplyTest" storage="c:\bruce n\programming\quantum computing\testcomplexnumber\bin\debug\testcomplexnumber.dll" id="0599638c-2006-192a-49da-9fa79df3b55e">
      <Execution id="d64d9f38-1ee0-4706-9eec-ae8cb5c7c163" />
      <TestMethod codeBase="C:/Bruce N/Programming/Quantum Computing/TestComplexNumber/bin/Debug/TestComplexNumber.DLL" adapterTypeName="Microsoft.VisualStudio.TestTools.TestTypes.Unit.UnitTestAdapter, Microsoft.VisualStudio.QualityTools.Tips.UnitTest.Adapter, Version=10.0.0.0, Culture=neutral, PublicKeyToken=b03f5f7f11d50a3a" className="TestComplexNumber.MatrixTest, TestComplexNumber, Version=1.0.0.0, Culture=neutral, PublicKeyToken=null" name="op_MultiplyTest" />
    </UnitTest>
    <UnitTest name="Exercise2o6o6" storage="c:\bruce n\programming\quantum computing\testcomplexnumber\bin\debug\testcomplexnumber.dll" id="0627374f-baab-d288-a8a5-3146f1936a2d">
      <Execution id="1ac0a60a-98f1-40d3-a5fe-30f472e8f471" />
      <TestMethod codeBase="C:/Bruce N/Programming/Quantum Computing/TestComplexNumber/bin/Debug/TestComplexNumber.DLL" adapterTypeName="Microsoft.VisualStudio.TestTools.TestTypes.Unit.UnitTestAdapter, Microsoft.VisualStudio.QualityTools.Tips.UnitTest.Adapter, Version=10.0.0.0, Culture=neutral, PublicKeyToken=b03f5f7f11d50a3a" className="TestComplexNumber.QCExercisesChapter2, TestComplexNumber, Version=1.0.0.0, Culture=neutral, PublicKeyToken=null" name="Exercise2o6o6" />
    </UnitTest>
    <UnitTest name="IdentityMatrixTest" storage="c:\bruce n\programming\quantum computing\testcomplexnumber\bin\debug\testcomplexnumber.dll" id="25da0ecb-8f65-f3a6-c92d-fed8f87247e6">
      <Execution id="ce008f26-aaf7-4fc0-abe1-b46845181f01" />
      <TestMethod codeBase="C:/Bruce N/Programming/Quantum Computing/TestComplexNumber/bin/Debug/TestComplexNumber.DLL" adapterTypeName="Microsoft.VisualStudio.TestTools.TestTypes.Unit.UnitTestAdapter, Microsoft.VisualStudio.QualityTools.Tips.UnitTest.Adapter, Version=10.0.0.0, Culture=neutral, PublicKeyToken=b03f5f7f11d50a3a" className="TestComplexNumber.MatrixTest, TestComplexNumber, Version=1.0.0.0, Culture=neutral, PublicKeyToken=null" name="IdentityMatrixTest" />
    </UnitTest>
    <UnitTest name="Exercise1o3o3" storage="c:\bruce n\programming\quantum computing\testcomplexnumber\bin\debug\testcomplexnumber.dll" id="70274760-027a-23e7-88b1-7688da4db4eb">
      <Execution id="44cb0215-6cf3-4578-9cb9-5876d99e830c" />
      <TestMethod codeBase="C:/Bruce N/Programming/Quantum Computing/TestComplexNumber/bin/Debug/TestComplexNumber.DLL" adapterTypeName="Microsoft.VisualStudio.TestTools.TestTypes.Unit.UnitTestAdapter, Microsoft.VisualStudio.QualityTools.Tips.UnitTest.Adapter, Version=10.0.0.0, Culture=neutral, PublicKeyToken=b03f5f7f11d50a3a" className="TestComplexNumber.QCExercisesChapter1, TestComplexNumber, Version=1.0.0.0, Culture=neutral, PublicKeyToken=null" name="Exercise1o3o3" />
    </UnitTest>
    <UnitTest name="Exercise4o2o7" storage="c:\bruce n\programming\quantum computing\testcomplexnumber\bin\debug\testcomplexnumber.dll" id="f368b193-6b5a-1b14-7094-e125316b3e80">
      <Execution id="bbbeb8dc-81f4-4982-a14a-d5d6b616c0a0" />
      <TestMethod codeBase="C:/Bruce N/Programming/Quantum Computing/TestComplexNumber/bin/Debug/TestComplexNumber.DLL" adapterTypeName="Microsoft.VisualStudio.TestTools.TestTypes.Unit.UnitTestAdapter, Microsoft.VisualStudio.QualityTools.Tips.UnitTest.Adapter, Version=10.0.0.0, Culture=neutral, PublicKeyToken=b03f5f7f11d50a3a" className="TestComplexNumber.QCExercisesChapter4, TestComplexNumber, Version=1.0.0.0, Culture=neutral, PublicKeyToken=null" name="Exercise4o2o7" />
    </UnitTest>
    <UnitTest name="GetAngleTest" storage="c:\bruce n\programming\quantum computing\testcomplexnumber\bin\debug\testcomplexnumber.dll" id="05b12b43-1783-0ca5-6417-946a728e7bad">
      <Execution id="d81dd132-02f7-4e1d-9897-05d67b324947" />
      <TestMethod codeBase="C:/Bruce N/Programming/Quantum Computing/TestComplexNumber/bin/Debug/TestComplexNumber.DLL" adapterTypeName="Microsoft.VisualStudio.TestTools.TestTypes.Unit.UnitTestAdapter, Microsoft.VisualStudio.QualityTools.Tips.UnitTest.Adapter, Version=10.0.0.0, Culture=neutral, PublicKeyToken=b03f5f7f11d50a3a" className="TestComplexNumber.VectorTest, TestComplexNumber, Version=1.0.0.0, Culture=neutral, PublicKeyToken=null" name="GetAngleTest" />
    </UnitTest>
    <UnitTest name="Example4o2o1" storage="c:\bruce n\programming\quantum computing\testcomplexnumber\bin\debug\testcomplexnumber.dll" id="cfda23f5-8521-9279-3cfb-c362ea2104e6">
      <Execution id="d40f21f7-b002-48aa-85be-1a1072650c36" />
      <TestMethod codeBase="C:/Bruce N/Programming/Quantum Computing/TestComplexNumber/bin/Debug/TestComplexNumber.DLL" adapterTypeName="Microsoft.VisualStudio.TestTools.TestTypes.Unit.UnitTestAdapter, Microsoft.VisualStudio.QualityTools.Tips.UnitTest.Adapter, Version=10.0.0.0, Culture=neutral, PublicKeyToken=b03f5f7f11d50a3a" className="TestComplexNumber.QCExercisesChapter4, TestComplexNumber, Version=1.0.0.0, Culture=neutral, PublicKeyToken=null" name="Example4o2o1" />
    </UnitTest>
    <UnitTest name="op_DivisionTest" storage="c:\bruce n\programming\quantum computing\testcomplexnumber\bin\debug\testcomplexnumber.dll" id="8071e8fe-9b4b-2580-cbc1-7f7b5fdb3e47">
      <Execution id="1c5755ee-1398-450f-a0a2-e4151d97a025" />
      <TestMethod codeBase="C:/Bruce N/Programming/Quantum Computing/TestComplexNumber/bin/Debug/TestComplexNumber.DLL" adapterTypeName="Microsoft.VisualStudio.TestTools.TestTypes.Unit.UnitTestAdapter, Microsoft.VisualStudio.QualityTools.Tips.UnitTest.Adapter, Version=10.0.0.0, Culture=neutral, PublicKeyToken=b03f5f7f11d50a3a" className="TestComplexNumber.ComplexNumberTest, TestComplexNumber, Version=1.0.0.0, Culture=neutral, PublicKeyToken=null" name="op_DivisionTest" />
    </UnitTest>
    <UnitTest name="CommutatorTest" storage="c:\bruce n\programming\quantum computing\testcomplexnumber\bin\debug\testcomplexnumber.dll" id="dd1468a1-9af3-1aa0-7b70-41b163e3c3e7">
      <Execution id="1618de0f-b716-432a-8bc1-0a585454d74b" />
      <TestMethod codeBase="C:/Bruce N/Programming/Quantum Computing/TestComplexNumber/bin/Debug/TestComplexNumber.DLL" adapterTypeName="Microsoft.VisualStudio.TestTools.TestTypes.Unit.UnitTestAdapter, Microsoft.VisualStudio.QualityTools.Tips.UnitTest.Adapter, Version=10.0.0.0, Culture=neutral, PublicKeyToken=b03f5f7f11d50a3a" className="TestComplexNumber.MatrixTest, TestComplexNumber, Version=1.0.0.0, Culture=neutral, PublicKeyToken=null" name="CommutatorTest" />
    </UnitTest>
    <UnitTest name="ConjugateTest" storage="c:\bruce n\programming\quantum computing\testcomplexnumber\bin\debug\testcomplexnumber.dll" id="d1e32dc2-f33f-5363-4a8c-0ea170a9c822">
      <Execution id="f8fc4101-2c59-441e-b7a6-ca8804ee15ea" />
      <TestMethod codeBase="C:/Bruce N/Programming/Quantum Computing/TestComplexNumber/bin/Debug/TestComplexNumber.DLL" adapterTypeName="Microsoft.VisualStudio.TestTools.TestTypes.Unit.UnitTestAdapter, Microsoft.VisualStudio.QualityTools.Tips.UnitTest.Adapter, Version=10.0.0.0, Culture=neutral, PublicKeyToken=b03f5f7f11d50a3a" className="TestComplexNumber.ComplexNumberTest, TestComplexNumber, Version=1.0.0.0, Culture=neutral, PublicKeyToken=null" name="ConjugateTest" />
    </UnitTest>
    <UnitTest name="op_UnaryNegationTest" storage="c:\bruce n\programming\quantum computing\testcomplexnumber\bin\debug\testcomplexnumber.dll" id="8e039ac3-296f-0b32-1467-d43005f9a8c9">
      <Execution id="e6c75b62-97dd-4187-bf8f-06c65ea36da6" />
      <TestMethod codeBase="C:/Bruce N/Programming/Quantum Computing/TestComplexNumber/bin/Debug/TestComplexNumber.DLL" adapterTypeName="Microsoft.VisualStudio.TestTools.TestTypes.Unit.UnitTestAdapter, Microsoft.VisualStudio.QualityTools.Tips.UnitTest.Adapter, Version=10.0.0.0, Culture=neutral, PublicKeyToken=b03f5f7f11d50a3a" className="TestComplexNumber.VectorTest, TestComplexNumber, Version=1.0.0.0, Culture=neutral, PublicKeyToken=null" name="op_UnaryNegationTest" />
    </UnitTest>
    <UnitTest name="Exercise2o4o3" storage="c:\bruce n\programming\quantum computing\testcomplexnumber\bin\debug\testcomplexnumber.dll" id="c75fc2ac-fde7-2038-d9a8-d86e951811a0">
      <Execution id="bde86094-031e-4bbd-a9ae-184118ffc26b" />
      <TestMethod codeBase="C:/Bruce N/Programming/Quantum Computing/TestComplexNumber/bin/Debug/TestComplexNumber.DLL" adapterTypeName="Microsoft.VisualStudio.TestTools.TestTypes.Unit.UnitTestAdapter, Microsoft.VisualStudio.QualityTools.Tips.UnitTest.Adapter, Version=10.0.0.0, Culture=neutral, PublicKeyToken=b03f5f7f11d50a3a" className="TestComplexNumber.QCExercisesChapter2, TestComplexNumber, Version=1.0.0.0, Culture=neutral, PublicKeyToken=null" name="Exercise2o4o3" />
    </UnitTest>
    <UnitTest name="InnerProductTest" storage="c:\bruce n\programming\quantum computing\testcomplexnumber\bin\debug\testcomplexnumber.dll" id="84a3a475-fcd9-a697-a886-bb4311389ff1">
      <Execution id="cca57faf-d6a8-43a6-880a-fbf15776d471" />
      <TestMethod codeBase="C:/Bruce N/Programming/Quantum Computing/TestComplexNumber/bin/Debug/TestComplexNumber.DLL" adapterTypeName="Microsoft.VisualStudio.TestTools.TestTypes.Unit.UnitTestAdapter, Microsoft.VisualStudio.QualityTools.Tips.UnitTest.Adapter, Version=10.0.0.0, Culture=neutral, PublicKeyToken=b03f5f7f11d50a3a" className="TestComplexNumber.MatrixTest, TestComplexNumber, Version=1.0.0.0, Culture=neutral, PublicKeyToken=null" name="InnerProductTest" />
    </UnitTest>
    <UnitTest name="DistanceTest" storage="c:\bruce n\programming\quantum computing\testcomplexnumber\bin\debug\testcomplexnumber.dll" id="89a43019-9aa1-6b73-f686-b9999e672584">
      <Execution id="874a96a8-3e55-4432-b210-96b2071692ea" />
      <TestMethod codeBase="C:/Bruce N/Programming/Quantum Computing/TestComplexNumber/bin/Debug/TestComplexNumber.DLL" adapterTypeName="Microsoft.VisualStudio.TestTools.TestTypes.Unit.UnitTestAdapter, Microsoft.VisualStudio.QualityTools.Tips.UnitTest.Adapter, Version=10.0.0.0, Culture=neutral, PublicKeyToken=b03f5f7f11d50a3a" className="TestComplexNumber.VectorTest, TestComplexNumber, Version=1.0.0.0, Culture=neutral, PublicKeyToken=null" name="DistanceTest" />
    </UnitTest>
    <UnitTest name="Exercise2o4o6" storage="c:\bruce n\programming\quantum computing\testcomplexnumber\bin\debug\testcomplexnumber.dll" id="70b0a96d-aaac-2125-44fa-4f6d63eb62a7">
      <Execution id="a3811d0d-779d-411a-bf96-4f0b879f8603" />
      <TestMethod codeBase="C:/Bruce N/Programming/Quantum Computing/TestComplexNumber/bin/Debug/TestComplexNumber.DLL" adapterTypeName="Microsoft.VisualStudio.TestTools.TestTypes.Unit.UnitTestAdapter, Microsoft.VisualStudio.QualityTools.Tips.UnitTest.Adapter, Version=10.0.0.0, Culture=neutral, PublicKeyToken=b03f5f7f11d50a3a" className="TestComplexNumber.QCExercisesChapter2, TestComplexNumber, Version=1.0.0.0, Culture=neutral, PublicKeyToken=null" name="Exercise2o4o6" />
    </UnitTest>
    <UnitTest name="EqualsTest" storage="c:\bruce n\programming\quantum computing\testcomplexnumber\bin\debug\testcomplexnumber.dll" id="e620761f-f36f-3a30-5a60-f84267c8154b">
      <Execution id="d325c8be-bd92-446d-b1f6-df570ee26a89" />
      <TestMethod codeBase="C:/Bruce N/Programming/Quantum Computing/TestComplexNumber/bin/Debug/TestComplexNumber.DLL" adapterTypeName="Microsoft.VisualStudio.TestTools.TestTypes.Unit.UnitTestAdapter, Microsoft.VisualStudio.QualityTools.Tips.UnitTest.Adapter, Version=10.0.0.0, Culture=neutral, PublicKeyToken=b03f5f7f11d50a3a" className="TestComplexNumber.MatrixTest, TestComplexNumber, Version=1.0.0.0, Culture=neutral, PublicKeyToken=null" name="EqualsTest" />
    </UnitTest>
    <UnitTest name="Exercise3o3o1" storage="c:\bruce n\programming\quantum computing\testcomplexnumber\bin\debug\testcomplexnumber.dll" id="2495be45-e753-45de-32ff-e2c3eb28668d">
      <Execution id="418f9aa3-4f89-4741-985b-28db92d7476d" />
      <TestMethod codeBase="C:/Bruce N/Programming/Quantum Computing/TestComplexNumber/bin/Debug/TestComplexNumber.DLL" adapterTypeName="Microsoft.VisualStudio.TestTools.TestTypes.Unit.UnitTestAdapter, Microsoft.VisualStudio.QualityTools.Tips.UnitTest.Adapter, Version=10.0.0.0, Culture=neutral, PublicKeyToken=b03f5f7f11d50a3a" className="TestComplexNumber.QCExercisesChapter3, TestComplexNumber, Version=1.0.0.0, Culture=neutral, PublicKeyToken=null" name="Exercise3o3o1" />
    </UnitTest>
    <UnitTest name="Exercise4o2o8" storage="c:\bruce n\programming\quantum computing\testcomplexnumber\bin\debug\testcomplexnumber.dll" id="8c87e582-c187-2428-641f-ac52b8bc8afb">
      <Execution id="5885de71-e4f7-42fe-a6a1-f7da3759d7f9" />
      <TestMethod codeBase="C:/Bruce N/Programming/Quantum Computing/TestComplexNumber/bin/Debug/TestComplexNumber.DLL" adapterTypeName="Microsoft.VisualStudio.TestTools.TestTypes.Unit.UnitTestAdapter, Microsoft.VisualStudio.QualityTools.Tips.UnitTest.Adapter, Version=10.0.0.0, Culture=neutral, PublicKeyToken=b03f5f7f11d50a3a" className="TestComplexNumber.QCExercisesChapter4, TestComplexNumber, Version=1.0.0.0, Culture=neutral, PublicKeyToken=null" name="Exercise4o2o8" />
    </UnitTest>
    <UnitTest name="op_PowerTest" storage="c:\bruce n\programming\quantum computing\testcomplexnumber\bin\debug\testcomplexnumber.dll" id="2461313c-95d1-07bf-c932-ab214f8a619b">
      <Execution id="c58af2ab-6147-4064-8e15-d6bbfa024c66" />
      <TestMethod codeBase="C:/Bruce N/Programming/Quantum Computing/TestComplexNumber/bin/Debug/TestComplexNumber.DLL" adapterTypeName="Microsoft.VisualStudio.TestTools.TestTypes.Unit.UnitTestAdapter, Microsoft.VisualStudio.QualityTools.Tips.UnitTest.Adapter, Version=10.0.0.0, Culture=neutral, PublicKeyToken=b03f5f7f11d50a3a" className="TestComplexNumber.ComplexNumberTest, TestComplexNumber, Version=1.0.0.0, Culture=neutral, PublicKeyToken=null" name="op_PowerTest" />
    </UnitTest>
    <UnitTest name="GetNormalizedAmplitudeTest" storage="c:\bruce n\programming\quantum computing\testcomplexnumber\bin\debug\testcomplexnumber.dll" id="7c93be96-b5a0-1d46-8810-c4cc0920cb2c">
      <Execution id="f2482dd7-4775-4f7e-b9e7-3e2618a3aabc" />
      <TestMethod codeBase="C:/Bruce N/Programming/Quantum Computing/TestComplexNumber/bin/Debug/TestComplexNumber.DLL" adapterTypeName="Microsoft.VisualStudio.TestTools.TestTypes.Unit.UnitTestAdapter, Microsoft.VisualStudio.QualityTools.Tips.UnitTest.Adapter, Version=10.0.0.0, Culture=neutral, PublicKeyToken=b03f5f7f11d50a3a" className="TestComplexNumber.ComplexVectorTest, TestComplexNumber, Version=1.0.0.0, Culture=neutral, PublicKeyToken=null" name="GetNormalizedAmplitudeTest" />
    </UnitTest>
    <UnitTest name="op_AdditionTest" storage="c:\bruce n\programming\quantum computing\testcomplexnumber\bin\debug\testcomplexnumber.dll" id="728da468-f507-e742-b2ad-f61f3c2f234c">
      <Execution id="edc5b12f-a65b-40fe-a75f-e671fc35d882" />
      <TestMethod codeBase="C:/Bruce N/Programming/Quantum Computing/TestComplexNumber/bin/Debug/TestComplexNumber.DLL" adapterTypeName="Microsoft.VisualStudio.TestTools.TestTypes.Unit.UnitTestAdapter, Microsoft.VisualStudio.QualityTools.Tips.UnitTest.Adapter, Version=10.0.0.0, Culture=neutral, PublicKeyToken=b03f5f7f11d50a3a" className="TestComplexNumber.ComplexNumberTest, TestComplexNumber, Version=1.0.0.0, Culture=neutral, PublicKeyToken=null" name="op_AdditionTest" />
    </UnitTest>
    <UnitTest name="EqualsTest" storage="c:\bruce n\programming\quantum computing\testcomplexnumber\bin\debug\testcomplexnumber.dll" id="2196f553-8d96-0cb1-ab6a-222290e750c6">
      <Execution id="9fb5626b-c13b-4432-a0e4-6eecb547cf98" />
      <TestMethod codeBase="C:/Bruce N/Programming/Quantum Computing/TestComplexNumber/bin/Debug/TestComplexNumber.DLL" adapterTypeName="Microsoft.VisualStudio.TestTools.TestTypes.Unit.UnitTestAdapter, Microsoft.VisualStudio.QualityTools.Tips.UnitTest.Adapter, Version=10.0.0.0, Culture=neutral, PublicKeyToken=b03f5f7f11d50a3a" className="TestComplexNumber.ComplexVectorTest, TestComplexNumber, Version=1.0.0.0, Culture=neutral, PublicKeyToken=null" name="EqualsTest" />
    </UnitTest>
    <UnitTest name="op_SubtractionTest" storage="c:\bruce n\programming\quantum computing\testcomplexnumber\bin\debug\testcomplexnumber.dll" id="8283d241-590a-b382-504b-bad3e64fc92e">
      <Execution id="d83b0d0e-9e69-416c-a863-e916e16b9612" />
      <TestMethod codeBase="C:/Bruce N/Programming/Quantum Computing/TestComplexNumber/bin/Debug/TestComplexNumber.DLL" adapterTypeName="Microsoft.VisualStudio.TestTools.TestTypes.Unit.UnitTestAdapter, Microsoft.VisualStudio.QualityTools.Tips.UnitTest.Adapter, Version=10.0.0.0, Culture=neutral, PublicKeyToken=b03f5f7f11d50a3a" className="TestComplexNumber.MatrixTest, TestComplexNumber, Version=1.0.0.0, Culture=neutral, PublicKeyToken=null" name="op_SubtractionTest" />
    </UnitTest>
    <UnitTest name="Exercise3o2o6" storage="c:\bruce n\programming\quantum computing\testcomplexnumber\bin\debug\testcomplexnumber.dll" id="aec04687-b925-f293-88d7-b9bf8f00fc28">
      <Execution id="49e8d70c-1fc9-4b28-894f-7deb439debf4" />
      <TestMethod codeBase="C:/Bruce N/Programming/Quantum Computing/TestComplexNumber/bin/Debug/TestComplexNumber.DLL" adapterTypeName="Microsoft.VisualStudio.TestTools.TestTypes.Unit.UnitTestAdapter, Microsoft.VisualStudio.QualityTools.Tips.UnitTest.Adapter, Version=10.0.0.0, Culture=neutral, PublicKeyToken=b03f5f7f11d50a3a" className="TestComplexNumber.QCExercisesChapter3, TestComplexNumber, Version=1.0.0.0, Culture=neutral, PublicKeyToken=null" name="Exercise3o2o6" />
    </UnitTest>
    <UnitTest name="TransposeTest" storage="c:\bruce n\programming\quantum computing\testcomplexnumber\bin\debug\testcomplexnumber.dll" id="45c1478b-4df2-7873-3421-9c35cffff0b5">
      <Execution id="95d1bf81-3d5c-44c0-a214-f3a31cb5a742" />
      <TestMethod codeBase="C:/Bruce N/Programming/Quantum Computing/TestComplexNumber/bin/Debug/TestComplexNumber.DLL" adapterTypeName="Microsoft.VisualStudio.TestTools.TestTypes.Unit.UnitTestAdapter, Microsoft.VisualStudio.QualityTools.Tips.UnitTest.Adapter, Version=10.0.0.0, Culture=neutral, PublicKeyToken=b03f5f7f11d50a3a" className="TestComplexNumber.ComplexMatrixTest, TestComplexNumber, Version=1.0.0.0, Culture=neutral, PublicKeyToken=null" name="TransposeTest" />
    </UnitTest>
    <UnitTest name="ModulusTest" storage="c:\bruce n\programming\quantum computing\testcomplexnumber\bin\debug\testcomplexnumber.dll" id="85bc1fba-aa1e-c1ef-9000-a508e9350978">
      <Execution id="941730c6-86b9-42b0-a2ad-e19837bae8b3" />
      <TestMethod codeBase="C:/Bruce N/Programming/Quantum Computing/TestComplexNumber/bin/Debug/TestComplexNumber.DLL" adapterTypeName="Microsoft.VisualStudio.TestTools.TestTypes.Unit.UnitTestAdapter, Microsoft.VisualStudio.QualityTools.Tips.UnitTest.Adapter, Version=10.0.0.0, Culture=neutral, PublicKeyToken=b03f5f7f11d50a3a" className="TestComplexNumber.ComplexNumberTest, TestComplexNumber, Version=1.0.0.0, Culture=neutral, PublicKeyToken=null" name="ModulusTest" />
    </UnitTest>
    <UnitTest name="SetCartesianCoordinatesTest" storage="c:\bruce n\programming\quantum computing\testcomplexnumber\bin\debug\testcomplexnumber.dll" id="7f3420a7-c01c-ee16-8a61-460ee76e48af">
      <Execution id="922c1a19-93bb-497a-83d2-888dcb3aaaad" />
      <TestMethod codeBase="C:/Bruce N/Programming/Quantum Computing/TestComplexNumber/bin/Debug/TestComplexNumber.DLL" adapterTypeName="Microsoft.VisualStudio.TestTools.TestTypes.Unit.UnitTestAdapter, Microsoft.VisualStudio.QualityTools.Tips.UnitTest.Adapter, Version=10.0.0.0, Culture=neutral, PublicKeyToken=b03f5f7f11d50a3a" className="TestComplexNumber.ComplexNumberTest, TestComplexNumber, Version=1.0.0.0, Culture=neutral, PublicKeyToken=null" name="SetCartesianCoordinatesTest" />
    </UnitTest>
    <UnitTest name="TestEquation2o13" storage="c:\bruce n\programming\quantum computing\testcomplexnumber\bin\debug\testcomplexnumber.dll" id="e3655047-245b-e2c7-2c26-19e72f979c1d">
      <Execution id="993a3619-091a-4391-9415-4027a7a9790d" />
      <TestMethod codeBase="C:/Bruce N/Programming/Quantum Computing/TestComplexNumber/bin/Debug/TestComplexNumber.DLL" adapterTypeName="Microsoft.VisualStudio.TestTools.TestTypes.Unit.UnitTestAdapter, Microsoft.VisualStudio.QualityTools.Tips.UnitTest.Adapter, Version=10.0.0.0, Culture=neutral, PublicKeyToken=b03f5f7f11d50a3a" className="TestComplexNumber.QCExercisesChapter2, TestComplexNumber, Version=1.0.0.0, Culture=neutral, PublicKeyToken=null" name="TestEquation2o13" />
    </UnitTest>
    <UnitTest name="PolarCoordinatesTest" storage="c:\bruce n\programming\quantum computing\testcomplexnumber\bin\debug\testcomplexnumber.dll" id="fb89f0d9-b250-f580-809f-a6350fa8fd66">
      <Execution id="b218701c-e3de-4d0e-a0f6-c0f5b966e995" />
      <TestMethod codeBase="C:/Bruce N/Programming/Quantum Computing/TestComplexNumber/bin/Debug/TestComplexNumber.DLL" adapterTypeName="Microsoft.VisualStudio.TestTools.TestTypes.Unit.UnitTestAdapter, Microsoft.VisualStudio.QualityTools.Tips.UnitTest.Adapter, Version=10.0.0.0, Culture=neutral, PublicKeyToken=b03f5f7f11d50a3a" className="TestComplexNumber.ComplexNumberTest, TestComplexNumber, Version=1.0.0.0, Culture=neutral, PublicKeyToken=null" name="PolarCoordinatesTest" />
    </UnitTest>
    <UnitTest name="Exercise3o1o1" storage="c:\bruce n\programming\quantum computing\testcomplexnumber\bin\debug\testcomplexnumber.dll" id="8948e81d-4481-f3a6-0a8b-92d5a21b0ed1">
      <Execution id="0ff6922b-55b6-4246-8cc2-1fbbb797fdc4" />
      <TestMethod codeBase="C:/Bruce N/Programming/Quantum Computing/TestComplexNumber/bin/Debug/TestComplexNumber.DLL" adapterTypeName="Microsoft.VisualStudio.TestTools.TestTypes.Unit.UnitTestAdapter, Microsoft.VisualStudio.QualityTools.Tips.UnitTest.Adapter, Version=10.0.0.0, Culture=neutral, PublicKeyToken=b03f5f7f11d50a3a" className="TestComplexNumber.QCExercisesChapter3, TestComplexNumber, Version=1.0.0.0, Culture=neutral, PublicKeyToken=null" name="Exercise3o1o1" />
    </UnitTest>
    <UnitTest name="Exercise3o1o2" storage="c:\bruce n\programming\quantum computing\testcomplexnumber\bin\debug\testcomplexnumber.dll" id="1683eaf6-b230-9872-7e1d-e1c2509c0be1">
      <Execution id="e36a596f-bee3-4ed9-99ee-9599591977bf" />
      <TestMethod codeBase="C:/Bruce N/Programming/Quantum Computing/TestComplexNumber/bin/Debug/TestComplexNumber.DLL" adapterTypeName="Microsoft.VisualStudio.TestTools.TestTypes.Unit.UnitTestAdapter, Microsoft.VisualStudio.QualityTools.Tips.UnitTest.Adapter, Version=10.0.0.0, Culture=neutral, PublicKeyToken=b03f5f7f11d50a3a" className="TestComplexNumber.QCExercisesChapter3, TestComplexNumber, Version=1.0.0.0, Culture=neutral, PublicKeyToken=null" name="Exercise3o1o2" />
    </UnitTest>
    <UnitTest name="ToStringTest" storage="c:\bruce n\programming\quantum computing\testcomplexnumber\bin\debug\testcomplexnumber.dll" id="a742c746-5181-52e8-23a7-13e7e8c75d0d">
      <Execution id="16edd82b-8d5e-49b6-8a61-f2ed56fc0fb1" />
      <TestMethod codeBase="C:/Bruce N/Programming/Quantum Computing/TestComplexNumber/bin/Debug/TestComplexNumber.DLL" adapterTypeName="Microsoft.VisualStudio.TestTools.TestTypes.Unit.UnitTestAdapter, Microsoft.VisualStudio.QualityTools.Tips.UnitTest.Adapter, Version=10.0.0.0, Culture=neutral, PublicKeyToken=b03f5f7f11d50a3a" className="TestComplexNumber.VectorTest, TestComplexNumber, Version=1.0.0.0, Culture=neutral, PublicKeyToken=null" name="ToStringTest" />
    </UnitTest>
    <UnitTest name="IsOrthogonalTest" storage="c:\bruce n\programming\quantum computing\testcomplexnumber\bin\debug\testcomplexnumber.dll" id="f45ba4d9-1948-fd2a-d93c-c51eacddf456">
      <Execution id="751e91de-fa1b-4e1a-8b25-4ae800127b35" />
      <TestMethod codeBase="C:/Bruce N/Programming/Quantum Computing/TestComplexNumber/bin/Debug/TestComplexNumber.DLL" adapterTypeName="Microsoft.VisualStudio.TestTools.TestTypes.Unit.UnitTestAdapter, Microsoft.VisualStudio.QualityTools.Tips.UnitTest.Adapter, Version=10.0.0.0, Culture=neutral, PublicKeyToken=b03f5f7f11d50a3a" className="TestComplexNumber.VectorTest, TestComplexNumber, Version=1.0.0.0, Culture=neutral, PublicKeyToken=null" name="IsOrthogonalTest" />
    </UnitTest>
    <UnitTest name="Number13" storage="c:\bruce n\programming\quantum computing\testcomplexnumber\bin\debug\testcomplexnumber.dll" id="0ba55472-e42d-ce89-4611-b74239fe58fa">
      <Execution id="27abfd11-50cf-4ed8-ae03-4aecd7c8e2cf" />
      <TestMethod codeBase="C:/Bruce N/Programming/Quantum Computing/TestComplexNumber/bin/Debug/TestComplexNumber.DLL" adapterTypeName="Microsoft.VisualStudio.TestTools.TestTypes.Unit.UnitTestAdapter, Microsoft.VisualStudio.QualityTools.Tips.UnitTest.Adapter, Version=10.0.0.0, Culture=neutral, PublicKeyToken=b03f5f7f11d50a3a" className="ExercisesChapter1Tests.LAExercise1o1, TestComplexNumber, Version=1.0.0.0, Culture=neutral, PublicKeyToken=null" name="Number13" />
    </UnitTest>
    <UnitTest name="SetToZeroTest" storage="c:\bruce n\programming\quantum computing\testcomplexnumber\bin\debug\testcomplexnumber.dll" id="965a50e8-2ef6-40c1-4122-e2170c7021eb">
      <Execution id="3093f518-c7d7-4f2e-99a3-3ee78764b4bb" />
      <TestMethod codeBase="C:/Bruce N/Programming/Quantum Computing/TestComplexNumber/bin/Debug/TestComplexNumber.DLL" adapterTypeName="Microsoft.VisualStudio.TestTools.TestTypes.Unit.UnitTestAdapter, Microsoft.VisualStudio.QualityTools.Tips.UnitTest.Adapter, Version=10.0.0.0, Culture=neutral, PublicKeyToken=b03f5f7f11d50a3a" className="TestComplexNumber.ComplexVectorTest, TestComplexNumber, Version=1.0.0.0, Culture=neutral, PublicKeyToken=null" name="SetToZeroTest" />
    </UnitTest>
    <UnitTest name="InnerProductTest" storage="c:\bruce n\programming\quantum computing\testcomplexnumber\bin\debug\testcomplexnumber.dll" id="7f620adb-a555-cf8e-6039-9aba1a009772">
      <Execution id="5a6e7455-de49-4b47-a0c6-bf8de38cce7a" />
      <TestMethod codeBase="C:/Bruce N/Programming/Quantum Computing/TestComplexNumber/bin/Debug/TestComplexNumber.DLL" adapterTypeName="Microsoft.VisualStudio.TestTools.TestTypes.Unit.UnitTestAdapter, Microsoft.VisualStudio.QualityTools.Tips.UnitTest.Adapter, Version=10.0.0.0, Culture=neutral, PublicKeyToken=b03f5f7f11d50a3a" className="TestComplexNumber.ComplexNumberTest, TestComplexNumber, Version=1.0.0.0, Culture=neutral, PublicKeyToken=null" name="InnerProductTest" />
    </UnitTest>
    <UnitTest name="Example4o2o7" storage="c:\bruce n\programming\quantum computing\testcomplexnumber\bin\debug\testcomplexnumber.dll" id="acd83d3c-1f09-56f5-c309-c66c3b56b876">
      <Execution id="c255ab88-f9c9-4b91-b814-8e259c4f3dc2" />
      <TestMethod codeBase="C:/Bruce N/Programming/Quantum Computing/TestComplexNumber/bin/Debug/TestComplexNumber.DLL" adapterTypeName="Microsoft.VisualStudio.TestTools.TestTypes.Unit.UnitTestAdapter, Microsoft.VisualStudio.QualityTools.Tips.UnitTest.Adapter, Version=10.0.0.0, Culture=neutral, PublicKeyToken=b03f5f7f11d50a3a" className="TestComplexNumber.QCExercisesChapter4, TestComplexNumber, Version=1.0.0.0, Culture=neutral, PublicKeyToken=null" name="Example4o2o7" />
    </UnitTest>
    <UnitTest name="op_MultiplyTest1" storage="c:\bruce n\programming\quantum computing\testcomplexnumber\bin\debug\testcomplexnumber.dll" id="a250f3fb-9de6-3396-c0f7-a3dadfe0ee2c">
      <Execution id="aaab9ada-b77e-4744-a7fa-64a03025197f" />
      <TestMethod codeBase="C:/Bruce N/Programming/Quantum Computing/TestComplexNumber/bin/Debug/TestComplexNumber.DLL" adapterTypeName="Microsoft.VisualStudio.TestTools.TestTypes.Unit.UnitTestAdapter, Microsoft.VisualStudio.QualityTools.Tips.UnitTest.Adapter, Version=10.0.0.0, Culture=neutral, PublicKeyToken=b03f5f7f11d50a3a" className="TestComplexNumber.ComplexNumberTest, TestComplexNumber, Version=1.0.0.0, Culture=neutral, PublicKeyToken=null" name="op_MultiplyTest1" />
    </UnitTest>
    <UnitTest name="Exercise1o3o9" storage="c:\bruce n\programming\quantum computing\testcomplexnumber\bin\debug\testcomplexnumber.dll" id="fa18e5a6-2bc3-12df-bb51-c37d30f52f95">
      <Execution id="80555bbc-3443-4b9a-a2f4-219e9ab5e2fe" />
      <TestMethod codeBase="C:/Bruce N/Programming/Quantum Computing/TestComplexNumber/bin/Debug/TestComplexNumber.DLL" adapterTypeName="Microsoft.VisualStudio.TestTools.TestTypes.Unit.UnitTestAdapter, Microsoft.VisualStudio.QualityTools.Tips.UnitTest.Adapter, Version=10.0.0.0, Culture=neutral, PublicKeyToken=b03f5f7f11d50a3a" className="TestComplexNumber.QCExercisesChapter1, TestComplexNumber, Version=1.0.0.0, Culture=neutral, PublicKeyToken=null" name="Exercise1o3o9" />
    </UnitTest>
    <UnitTest name="op_UnaryNegationTest" storage="c:\bruce n\programming\quantum computing\testcomplexnumber\bin\debug\testcomplexnumber.dll" id="df464f9e-b112-5566-5b91-0946280686ed">
      <Execution id="0686f9e7-3919-41a7-a31b-8ebc38be78db" />
      <TestMethod codeBase="C:/Bruce N/Programming/Quantum Computing/TestComplexNumber/bin/Debug/TestComplexNumber.DLL" adapterTypeName="Microsoft.VisualStudio.TestTools.TestTypes.Unit.UnitTestAdapter, Microsoft.VisualStudio.QualityTools.Tips.UnitTest.Adapter, Version=10.0.0.0, Culture=neutral, PublicKeyToken=b03f5f7f11d50a3a" className="TestComplexNumber.MatrixTest, TestComplexNumber, Version=1.0.0.0, Culture=neutral, PublicKeyToken=null" name="op_UnaryNegationTest" />
    </UnitTest>
    <UnitTest name="op_AdditionTest" storage="c:\bruce n\programming\quantum computing\testcomplexnumber\bin\debug\testcomplexnumber.dll" id="843d4548-139b-668c-d827-42f4346b3ef0">
      <Execution id="496cd2a0-a517-4fdb-9175-38d8e96e16b3" />
      <TestMethod codeBase="C:/Bruce N/Programming/Quantum Computing/TestComplexNumber/bin/Debug/TestComplexNumber.DLL" adapterTypeName="Microsoft.VisualStudio.TestTools.TestTypes.Unit.UnitTestAdapter, Microsoft.VisualStudio.QualityTools.Tips.UnitTest.Adapter, Version=10.0.0.0, Culture=neutral, PublicKeyToken=b03f5f7f11d50a3a" className="TestComplexNumber.MatrixTest, TestComplexNumber, Version=1.0.0.0, Culture=neutral, PublicKeyToken=null" name="op_AdditionTest" />
    </UnitTest>
    <UnitTest name="ImaginaryTest" storage="c:\bruce n\programming\quantum computing\testcomplexnumber\bin\debug\testcomplexnumber.dll" id="f2fd9c40-ebed-2a46-34fc-5586a484fe11">
      <Execution id="09d941fa-098b-4f30-8c2a-8cce209652a6" />
      <TestMethod codeBase="C:/Bruce N/Programming/Quantum Computing/TestComplexNumber/bin/Debug/TestComplexNumber.DLL" adapterTypeName="Microsoft.VisualStudio.TestTools.TestTypes.Unit.UnitTestAdapter, Microsoft.VisualStudio.QualityTools.Tips.UnitTest.Adapter, Version=10.0.0.0, Culture=neutral, PublicKeyToken=b03f5f7f11d50a3a" className="TestComplexNumber.ComplexNumberTest, TestComplexNumber, Version=1.0.0.0, Culture=neutral, PublicKeyToken=null" name="ImaginaryTest" />
    </UnitTest>
    <UnitTest name="Exercise2o2o9" storage="c:\bruce n\programming\quantum computing\testcomplexnumber\bin\debug\testcomplexnumber.dll" id="6ffdc6d3-cefb-3296-5e75-ac13fe3afd03">
      <Execution id="0f25f4b7-be05-4fc6-9b44-d95d55c7f488" />
      <TestMethod codeBase="C:/Bruce N/Programming/Quantum Computing/TestComplexNumber/bin/Debug/TestComplexNumber.DLL" adapterTypeName="Microsoft.VisualStudio.TestTools.TestTypes.Unit.UnitTestAdapter, Microsoft.VisualStudio.QualityTools.Tips.UnitTest.Adapter, Version=10.0.0.0, Culture=neutral, PublicKeyToken=b03f5f7f11d50a3a" className="TestComplexNumber.QCExercisesChapter2, TestComplexNumber, Version=1.0.0.0, Culture=neutral, PublicKeyToken=null" name="Exercise2o2o9" />
    </UnitTest>
    <UnitTest name="Exercise2o1o1" storage="c:\bruce n\programming\quantum computing\testcomplexnumber\bin\debug\testcomplexnumber.dll" id="3ab0606d-4843-ff36-b97d-0c79e11782f1">
      <Execution id="33966c7f-fd73-4927-8dd5-e77ad26129e4" />
      <TestMethod codeBase="C:/Bruce N/Programming/Quantum Computing/TestComplexNumber/bin/Debug/TestComplexNumber.DLL" adapterTypeName="Microsoft.VisualStudio.TestTools.TestTypes.Unit.UnitTestAdapter, Microsoft.VisualStudio.QualityTools.Tips.UnitTest.Adapter, Version=10.0.0.0, Culture=neutral, PublicKeyToken=b03f5f7f11d50a3a" className="TestComplexNumber.QCExercisesChapter2, TestComplexNumber, Version=1.0.0.0, Culture=neutral, PublicKeyToken=null" name="Exercise2o1o1" />
    </UnitTest>
    <UnitTest name="GetAmplitudeTest" storage="c:\bruce n\programming\quantum computing\testcomplexnumber\bin\debug\testcomplexnumber.dll" id="d5ba24d1-27d1-0b69-994f-a21952016180">
      <Execution id="f25c89e4-9816-4045-a7db-6f3db05e4266" />
      <TestMethod codeBase="C:/Bruce N/Programming/Quantum Computing/TestComplexNumber/bin/Debug/TestComplexNumber.DLL" adapterTypeName="Microsoft.VisualStudio.TestTools.TestTypes.Unit.UnitTestAdapter, Microsoft.VisualStudio.QualityTools.Tips.UnitTest.Adapter, Version=10.0.0.0, Culture=neutral, PublicKeyToken=b03f5f7f11d50a3a" className="TestComplexNumber.ComplexVectorTest, TestComplexNumber, Version=1.0.0.0, Culture=neutral, PublicKeyToken=null" name="GetAmplitudeTest" />
    </UnitTest>
    <UnitTest name="DivideTest" storage="c:\bruce n\programming\quantum computing\testcomplexnumber\bin\debug\testcomplexnumber.dll" id="cad52bb7-add3-40f2-d3bf-b3532e5f7a63">
      <Execution id="2d0a3624-9e66-4663-825a-1f285a9ded3f" />
      <TestMethod codeBase="C:/Bruce N/Programming/Quantum Computing/TestComplexNumber/bin/Debug/TestComplexNumber.DLL" adapterTypeName="Microsoft.VisualStudio.TestTools.TestTypes.Unit.UnitTestAdapter, Microsoft.VisualStudio.QualityTools.Tips.UnitTest.Adapter, Version=10.0.0.0, Culture=neutral, PublicKeyToken=b03f5f7f11d50a3a" className="TestComplexNumber.ComplexNumberTest, TestComplexNumber, Version=1.0.0.0, Culture=neutral, PublicKeyToken=null" name="DivideTest" />
    </UnitTest>
    <UnitTest name="op_MultiplyTest" storage="c:\bruce n\programming\quantum computing\testcomplexnumber\bin\debug\testcomplexnumber.dll" id="a2a281b6-476e-eb5a-45e5-afa89a5fb8b5">
      <Execution id="fadfd432-60fb-41cd-bef3-8797b254b052" />
      <TestMethod codeBase="C:/Bruce N/Programming/Quantum Computing/TestComplexNumber/bin/Debug/TestComplexNumber.DLL" adapterTypeName="Microsoft.VisualStudio.TestTools.TestTypes.Unit.UnitTestAdapter, Microsoft.VisualStudio.QualityTools.Tips.UnitTest.Adapter, Version=10.0.0.0, Culture=neutral, PublicKeyToken=b03f5f7f11d50a3a" className="TestComplexNumber.ComplexNumberTest, TestComplexNumber, Version=1.0.0.0, Culture=neutral, PublicKeyToken=null" name="op_MultiplyTest" />
    </UnitTest>
    <UnitTest name="IsHermitianTest" storage="c:\bruce n\programming\quantum computing\testcomplexnumber\bin\debug\testcomplexnumber.dll" id="49e51852-7075-5008-f887-b580ee4d13af">
      <Execution id="9e774485-f20a-4628-9626-f0c2119057b0" />
      <TestMethod codeBase="C:/Bruce N/Programming/Quantum Computing/TestComplexNumber/bin/Debug/TestComplexNumber.DLL" adapterTypeName="Microsoft.VisualStudio.TestTools.TestTypes.Unit.UnitTestAdapter, Microsoft.VisualStudio.QualityTools.Tips.UnitTest.Adapter, Version=10.0.0.0, Culture=neutral, PublicKeyToken=b03f5f7f11d50a3a" className="TestComplexNumber.ComplexMatrixTest, TestComplexNumber, Version=1.0.0.0, Culture=neutral, PublicKeyToken=null" name="IsHermitianTest" />
    </UnitTest>
    <UnitTest name="ComplexToDoubleTest" storage="c:\bruce n\programming\quantum computing\testcomplexnumber\bin\debug\testcomplexnumber.dll" id="3c01b151-3119-7729-69fb-12ad4b09e592">
      <DeploymentItems>
        <DeploymentItem filename="LinearAlgebra.dll" />
      </DeploymentItems>
      <Execution id="e2591f18-c043-45d4-85e6-4833968a51c6" />
      <TestMethod codeBase="C:/Bruce N/Programming/Quantum Computing/TestComplexNumber/bin/Debug/TestComplexNumber.DLL" adapterTypeName="Microsoft.VisualStudio.TestTools.TestTypes.Unit.UnitTestAdapter, Microsoft.VisualStudio.QualityTools.Tips.UnitTest.Adapter, Version=10.0.0.0, Culture=neutral, PublicKeyToken=b03f5f7f11d50a3a" className="TestComplexNumber.MatrixTest, TestComplexNumber, Version=1.0.0.0, Culture=neutral, PublicKeyToken=null" name="ComplexToDoubleTest" />
    </UnitTest>
    <UnitTest name="Exercise1o2o12" storage="c:\bruce n\programming\quantum computing\testcomplexnumber\bin\debug\testcomplexnumber.dll" id="511a4f61-ce89-55d2-60bf-217e67e9f532">
      <Execution id="ed5f7f34-c482-48ba-87e7-437e2da5b16e" />
      <TestMethod codeBase="C:/Bruce N/Programming/Quantum Computing/TestComplexNumber/bin/Debug/TestComplexNumber.DLL" adapterTypeName="Microsoft.VisualStudio.TestTools.TestTypes.Unit.UnitTestAdapter, Microsoft.VisualStudio.QualityTools.Tips.UnitTest.Adapter, Version=10.0.0.0, Culture=neutral, PublicKeyToken=b03f5f7f11d50a3a" className="TestComplexNumber.QCExercisesChapter1, TestComplexNumber, Version=1.0.0.0, Culture=neutral, PublicKeyToken=null" name="Exercise1o2o12" />
    </UnitTest>
    <UnitTest name="Exercise1o2o4" storage="c:\bruce n\programming\quantum computing\testcomplexnumber\bin\debug\testcomplexnumber.dll" id="afbb9659-a5fc-9266-3d62-d7f0d8dcbab6">
      <Execution id="c3225a7c-29a6-4002-bd70-86d6e5788a79" />
      <TestMethod codeBase="C:/Bruce N/Programming/Quantum Computing/TestComplexNumber/bin/Debug/TestComplexNumber.DLL" adapterTypeName="Microsoft.VisualStudio.TestTools.TestTypes.Unit.UnitTestAdapter, Microsoft.VisualStudio.QualityTools.Tips.UnitTest.Adapter, Version=10.0.0.0, Culture=neutral, PublicKeyToken=b03f5f7f11d50a3a" className="TestComplexNumber.QCExercisesChapter1, TestComplexNumber, Version=1.0.0.0, Culture=neutral, PublicKeyToken=null" name="Exercise1o2o4" />
    </UnitTest>
    <UnitTest name="MatrixConstructorTest" storage="c:\bruce n\programming\quantum computing\testcomplexnumber\bin\debug\testcomplexnumber.dll" id="fa106201-6689-e149-ee9f-22bc394d4b15">
      <Execution id="d9113b7d-fa94-4d77-bfe0-7dcea18f2dbd" />
      <TestMethod codeBase="C:/Bruce N/Programming/Quantum Computing/TestComplexNumber/bin/Debug/TestComplexNumber.DLL" adapterTypeName="Microsoft.VisualStudio.TestTools.TestTypes.Unit.UnitTestAdapter, Microsoft.VisualStudio.QualityTools.Tips.UnitTest.Adapter, Version=10.0.0.0, Culture=neutral, PublicKeyToken=b03f5f7f11d50a3a" className="TestComplexNumber.MatrixTest, TestComplexNumber, Version=1.0.0.0, Culture=neutral, PublicKeyToken=null" name="MatrixConstructorTest" />
    </UnitTest>
    <UnitTest name="Example4o2o12" storage="c:\bruce n\programming\quantum computing\testcomplexnumber\bin\debug\testcomplexnumber.dll" id="6dbfaaf3-0c2f-79c7-5448-3d9091ca07d2">
      <Execution id="b3484f01-f0cd-4760-a1cd-29c99e0085a4" />
      <TestMethod codeBase="C:/Bruce N/Programming/Quantum Computing/TestComplexNumber/bin/Debug/TestComplexNumber.DLL" adapterTypeName="Microsoft.VisualStudio.TestTools.TestTypes.Unit.UnitTestAdapter, Microsoft.VisualStudio.QualityTools.Tips.UnitTest.Adapter, Version=10.0.0.0, Culture=neutral, PublicKeyToken=b03f5f7f11d50a3a" className="TestComplexNumber.QCExercisesChapter4, TestComplexNumber, Version=1.0.0.0, Culture=neutral, PublicKeyToken=null" name="Example4o2o12" />
    </UnitTest>
    <UnitTest name="Exercise2o4o5" storage="c:\bruce n\programming\quantum computing\testcomplexnumber\bin\debug\testcomplexnumber.dll" id="cf3f4348-6cc3-43d1-c760-65208684009c">
      <Execution id="e96fd08f-680a-4b29-8860-a2a22cdf2019" />
      <TestMethod codeBase="C:/Bruce N/Programming/Quantum Computing/TestComplexNumber/bin/Debug/TestComplexNumber.DLL" adapterTypeName="Microsoft.VisualStudio.TestTools.TestTypes.Unit.UnitTestAdapter, Microsoft.VisualStudio.QualityTools.Tips.UnitTest.Adapter, Version=10.0.0.0, Culture=neutral, PublicKeyToken=b03f5f7f11d50a3a" className="TestComplexNumber.QCExercisesChapter2, TestComplexNumber, Version=1.0.0.0, Culture=neutral, PublicKeyToken=null" name="Exercise2o4o5" />
    </UnitTest>
    <UnitTest name="Exercise2o6o5" storage="c:\bruce n\programming\quantum computing\testcomplexnumber\bin\debug\testcomplexnumber.dll" id="ee944308-05a6-64ab-5bf9-f0a0e7c8737a">
      <Execution id="a4a0443e-a2eb-40f7-b276-65b2a4640e4b" />
      <TestMethod codeBase="C:/Bruce N/Programming/Quantum Computing/TestComplexNumber/bin/Debug/TestComplexNumber.DLL" adapterTypeName="Microsoft.VisualStudio.TestTools.TestTypes.Unit.UnitTestAdapter, Microsoft.VisualStudio.QualityTools.Tips.UnitTest.Adapter, Version=10.0.0.0, Culture=neutral, PublicKeyToken=b03f5f7f11d50a3a" className="TestComplexNumber.QCExercisesChapter2, TestComplexNumber, Version=1.0.0.0, Culture=neutral, PublicKeyToken=null" name="Exercise2o6o5" />
    </UnitTest>
    <UnitTest name="RootTest" storage="c:\bruce n\programming\quantum computing\testcomplexnumber\bin\debug\testcomplexnumber.dll" id="b88b9ca8-ba65-70cd-81ce-345ab5fb1d53">
      <Execution id="15aec202-5b23-4ce8-bfae-645b0de797ee" />
      <TestMethod codeBase="C:/Bruce N/Programming/Quantum Computing/TestComplexNumber/bin/Debug/TestComplexNumber.DLL" adapterTypeName="Microsoft.VisualStudio.TestTools.TestTypes.Unit.UnitTestAdapter, Microsoft.VisualStudio.QualityTools.Tips.UnitTest.Adapter, Version=10.0.0.0, Culture=neutral, PublicKeyToken=b03f5f7f11d50a3a" className="TestComplexNumber.ComplexNumberTest, TestComplexNumber, Version=1.0.0.0, Culture=neutral, PublicKeyToken=null" name="RootTest" />
    </UnitTest>
    <UnitTest name="Example3o2o1" storage="c:\bruce n\programming\quantum computing\testcomplexnumber\bin\debug\testcomplexnumber.dll" id="fc5f6b28-8f99-b5ff-6ec9-739c1fd6e416">
      <Execution id="dffad3a1-b8eb-4c94-9d3e-107be5fa615a" />
      <TestMethod codeBase="C:/Bruce N/Programming/Quantum Computing/TestComplexNumber/bin/Debug/TestComplexNumber.DLL" adapterTypeName="Microsoft.VisualStudio.TestTools.TestTypes.Unit.UnitTestAdapter, Microsoft.VisualStudio.QualityTools.Tips.UnitTest.Adapter, Version=10.0.0.0, Culture=neutral, PublicKeyToken=b03f5f7f11d50a3a" className="TestComplexNumber.QCExercisesChapter3, TestComplexNumber, Version=1.0.0.0, Culture=neutral, PublicKeyToken=null" name="Example3o2o1" />
    </UnitTest>
    <UnitTest name="Exercise2o1o3" storage="c:\bruce n\programming\quantum computing\testcomplexnumber\bin\debug\testcomplexnumber.dll" id="bfd5a48b-9b5c-d7ad-9048-7f444861126c">
      <Execution id="b524e2c0-d1c4-4323-8e9f-daa3e1dfb2ce" />
      <TestMethod codeBase="C:/Bruce N/Programming/Quantum Computing/TestComplexNumber/bin/Debug/TestComplexNumber.DLL" adapterTypeName="Microsoft.VisualStudio.TestTools.TestTypes.Unit.UnitTestAdapter, Microsoft.VisualStudio.QualityTools.Tips.UnitTest.Adapter, Version=10.0.0.0, Culture=neutral, PublicKeyToken=b03f5f7f11d50a3a" className="TestComplexNumber.QCExercisesChapter2, TestComplexNumber, Version=1.0.0.0, Culture=neutral, PublicKeyToken=null" name="Exercise2o1o3" />
    </UnitTest>
    <UnitTest name="IsProbabilisticSystemTest" storage="c:\bruce n\programming\quantum computing\testcomplexnumber\bin\debug\testcomplexnumber.dll" id="257c1c06-b11a-4bb0-9757-e03ddfaada2b">
      <Execution id="d0c11bd2-a320-4cf8-9513-c20a9f7c6a87" />
      <TestMethod codeBase="C:/Bruce N/Programming/Quantum Computing/TestComplexNumber/bin/Debug/TestComplexNumber.DLL" adapterTypeName="Microsoft.VisualStudio.TestTools.TestTypes.Unit.UnitTestAdapter, Microsoft.VisualStudio.QualityTools.Tips.UnitTest.Adapter, Version=10.0.0.0, Culture=neutral, PublicKeyToken=b03f5f7f11d50a3a" className="TestComplexNumber.DoubleMatrixTest, TestComplexNumber, Version=1.0.0.0, Culture=neutral, PublicKeyToken=null" name="IsProbabilisticSystemTest" />
    </UnitTest>
    <UnitTest name="op_SubtractionTest" storage="c:\bruce n\programming\quantum computing\testcomplexnumber\bin\debug\testcomplexnumber.dll" id="7892f007-71df-5c3b-ebcf-6ef2c37fadc0">
      <Execution id="ccf3de41-7cbf-4642-b8e5-4c941d3e1bf9" />
      <TestMethod codeBase="C:/Bruce N/Programming/Quantum Computing/TestComplexNumber/bin/Debug/TestComplexNumber.DLL" adapterTypeName="Microsoft.VisualStudio.TestTools.TestTypes.Unit.UnitTestAdapter, Microsoft.VisualStudio.QualityTools.Tips.UnitTest.Adapter, Version=10.0.0.0, Culture=neutral, PublicKeyToken=b03f5f7f11d50a3a" className="TestComplexNumber.ComplexNumberTest, TestComplexNumber, Version=1.0.0.0, Culture=neutral, PublicKeyToken=null" name="op_SubtractionTest" />
    </UnitTest>
    <UnitTest name="Exercise2o2o1" storage="c:\bruce n\programming\quantum computing\testcomplexnumber\bin\debug\testcomplexnumber.dll" id="992a5310-7fd9-eb34-e20d-949f0af01a8f">
      <Execution id="5b69a5ab-d0c6-486f-91fd-1f3a39a26b07" />
      <TestMethod codeBase="C:/Bruce N/Programming/Quantum Computing/TestComplexNumber/bin/Debug/TestComplexNumber.DLL" adapterTypeName="Microsoft.VisualStudio.TestTools.TestTypes.Unit.UnitTestAdapter, Microsoft.VisualStudio.QualityTools.Tips.UnitTest.Adapter, Version=10.0.0.0, Culture=neutral, PublicKeyToken=b03f5f7f11d50a3a" className="TestComplexNumber.QCExercisesChapter2, TestComplexNumber, Version=1.0.0.0, Culture=neutral, PublicKeyToken=null" name="Exercise2o2o1" />
    </UnitTest>
    <UnitTest name="Exercise2o5o1" storage="c:\bruce n\programming\quantum computing\testcomplexnumber\bin\debug\testcomplexnumber.dll" id="715ebd6e-8b82-0185-36f5-00ae9c6bc485">
      <Execution id="bcc3b111-572a-4e81-8cbd-f725b51b413d" />
      <TestMethod codeBase="C:/Bruce N/Programming/Quantum Computing/TestComplexNumber/bin/Debug/TestComplexNumber.DLL" adapterTypeName="Microsoft.VisualStudio.TestTools.TestTypes.Unit.UnitTestAdapter, Microsoft.VisualStudio.QualityTools.Tips.UnitTest.Adapter, Version=10.0.0.0, Culture=neutral, PublicKeyToken=b03f5f7f11d50a3a" className="TestComplexNumber.QCExercisesChapter2, TestComplexNumber, Version=1.0.0.0, Culture=neutral, PublicKeyToken=null" name="Exercise2o5o1" />
    </UnitTest>
    <UnitTest name="ItemTest" storage="c:\bruce n\programming\quantum computing\testcomplexnumber\bin\debug\testcomplexnumber.dll" id="d234dbe8-2eb3-6ce6-3747-7c6cec0f5c2b">
      <Execution id="e6375d55-5ef6-4e23-a884-cc166c9ce543" />
      <TestMethod codeBase="C:/Bruce N/Programming/Quantum Computing/TestComplexNumber/bin/Debug/TestComplexNumber.DLL" adapterTypeName="Microsoft.VisualStudio.TestTools.TestTypes.Unit.UnitTestAdapter, Microsoft.VisualStudio.QualityTools.Tips.UnitTest.Adapter, Version=10.0.0.0, Culture=neutral, PublicKeyToken=b03f5f7f11d50a3a" className="TestComplexNumber.ComplexMatrixTest, TestComplexNumber, Version=1.0.0.0, Culture=neutral, PublicKeyToken=null" name="ItemTest" />
    </UnitTest>
    <UnitTest name="Number11" storage="c:\bruce n\programming\quantum computing\testcomplexnumber\bin\debug\testcomplexnumber.dll" id="45426eba-5da1-7927-75a6-85bf8e09818e">
      <Execution id="d870b5d4-a414-4a6a-ad93-4a8aff37ceb0" />
      <TestMethod codeBase="C:/Bruce N/Programming/Quantum Computing/TestComplexNumber/bin/Debug/TestComplexNumber.DLL" adapterTypeName="Microsoft.VisualStudio.TestTools.TestTypes.Unit.UnitTestAdapter, Microsoft.VisualStudio.QualityTools.Tips.UnitTest.Adapter, Version=10.0.0.0, Culture=neutral, PublicKeyToken=b03f5f7f11d50a3a" className="ExercisesChapter1Tests.LAExercise1o1, TestComplexNumber, Version=1.0.0.0, Culture=neutral, PublicKeyToken=null" name="Number11" />
    </UnitTest>
    <UnitTest name="CartesianCoordinatesTest" storage="c:\bruce n\programming\quantum computing\testcomplexnumber\bin\debug\testcomplexnumber.dll" id="33874d17-d7f8-330a-d70a-23c0ca497170">
      <Execution id="762ed25d-1850-47c9-bc03-545bef5e3efa" />
      <TestMethod codeBase="C:/Bruce N/Programming/Quantum Computing/TestComplexNumber/bin/Debug/TestComplexNumber.DLL" adapterTypeName="Microsoft.VisualStudio.TestTools.TestTypes.Unit.UnitTestAdapter, Microsoft.VisualStudio.QualityTools.Tips.UnitTest.Adapter, Version=10.0.0.0, Culture=neutral, PublicKeyToken=b03f5f7f11d50a3a" className="TestComplexNumber.ComplexNumberTest, TestComplexNumber, Version=1.0.0.0, Culture=neutral, PublicKeyToken=null" name="CartesianCoordinatesTest" />
    </UnitTest>
    <UnitTest name="Example2o3o5" storage="c:\bruce n\programming\quantum computing\testcomplexnumber\bin\debug\testcomplexnumber.dll" id="2940acf1-9b67-2da0-4ad9-484d74cbdbc9">
      <Execution id="9ebebbe3-45b9-4a97-8cf7-1d2abc012327" />
      <TestMethod codeBase="C:/Bruce N/Programming/Quantum Computing/TestComplexNumber/bin/Debug/TestComplexNumber.DLL" adapterTypeName="Microsoft.VisualStudio.TestTools.TestTypes.Unit.UnitTestAdapter, Microsoft.VisualStudio.QualityTools.Tips.UnitTest.Adapter, Version=10.0.0.0, Culture=neutral, PublicKeyToken=b03f5f7f11d50a3a" className="TestComplexNumber.QCExercisesChapter2, TestComplexNumber, Version=1.0.0.0, Culture=neutral, PublicKeyToken=null" name="Example2o3o5" />
    </UnitTest>
    <UnitTest name="op_MultiplyTest1" storage="c:\bruce n\programming\quantum computing\testcomplexnumber\bin\debug\testcomplexnumber.dll" id="e58e75f5-82f4-68b3-9174-e83157c210fe">
      <Execution id="f5a9325e-8d3f-4cf8-b5a2-76642aa725dc" />
      <TestMethod codeBase="C:/Bruce N/Programming/Quantum Computing/TestComplexNumber/bin/Debug/TestComplexNumber.DLL" adapterTypeName="Microsoft.VisualStudio.TestTools.TestTypes.Unit.UnitTestAdapter, Microsoft.VisualStudio.QualityTools.Tips.UnitTest.Adapter, Version=10.0.0.0, Culture=neutral, PublicKeyToken=b03f5f7f11d50a3a" className="TestComplexNumber.VectorTest, TestComplexNumber, Version=1.0.0.0, Culture=neutral, PublicKeyToken=null" name="op_MultiplyTest1" />
    </UnitTest>
    <UnitTest name="op_MultiplyTest2" storage="c:\bruce n\programming\quantum computing\testcomplexnumber\bin\debug\testcomplexnumber.dll" id="6453b38b-95cb-b6aa-9375-25acdc4c2487">
      <Execution id="b48fe14d-1faf-4836-a588-c48c53990b8d" />
      <TestMethod codeBase="C:/Bruce N/Programming/Quantum Computing/TestComplexNumber/bin/Debug/TestComplexNumber.DLL" adapterTypeName="Microsoft.VisualStudio.TestTools.TestTypes.Unit.UnitTestAdapter, Microsoft.VisualStudio.QualityTools.Tips.UnitTest.Adapter, Version=10.0.0.0, Culture=neutral, PublicKeyToken=b03f5f7f11d50a3a" className="TestComplexNumber.ComplexNumberTest, TestComplexNumber, Version=1.0.0.0, Culture=neutral, PublicKeyToken=null" name="op_MultiplyTest2" />
    </UnitTest>
    <UnitTest name="Exercise1o3o7" storage="c:\bruce n\programming\quantum computing\testcomplexnumber\bin\debug\testcomplexnumber.dll" id="b3de0653-64d2-8615-b480-d5f14ca81853">
      <Execution id="d1da64a0-a5bf-4891-9461-8278c2583b87" />
      <TestMethod codeBase="C:/Bruce N/Programming/Quantum Computing/TestComplexNumber/bin/Debug/TestComplexNumber.DLL" adapterTypeName="Microsoft.VisualStudio.TestTools.TestTypes.Unit.UnitTestAdapter, Microsoft.VisualStudio.QualityTools.Tips.UnitTest.Adapter, Version=10.0.0.0, Culture=neutral, PublicKeyToken=b03f5f7f11d50a3a" className="TestComplexNumber.QCExercisesChapter1, TestComplexNumber, Version=1.0.0.0, Culture=neutral, PublicKeyToken=null" name="Exercise1o3o7" />
    </UnitTest>
    <UnitTest name="Exercise4o2o2" storage="c:\bruce n\programming\quantum computing\testcomplexnumber\bin\debug\testcomplexnumber.dll" id="976f17c9-51e8-e105-25f5-c30dcb83cb62">
      <Execution id="fa38ffd8-8463-47ea-96d9-b9ebef96072b" />
      <TestMethod codeBase="C:/Bruce N/Programming/Quantum Computing/TestComplexNumber/bin/Debug/TestComplexNumber.DLL" adapterTypeName="Microsoft.VisualStudio.TestTools.TestTypes.Unit.UnitTestAdapter, Microsoft.VisualStudio.QualityTools.Tips.UnitTest.Adapter, Version=10.0.0.0, Culture=neutral, PublicKeyToken=b03f5f7f11d50a3a" className="TestComplexNumber.QCExercisesChapter4, TestComplexNumber, Version=1.0.0.0, Culture=neutral, PublicKeyToken=null" name="Exercise4o2o2" />
    </UnitTest>
    <UnitTest name="Exercise4o2o9" storage="c:\bruce n\programming\quantum computing\testcomplexnumber\bin\debug\testcomplexnumber.dll" id="7f80f8e7-2e2b-ea96-23b0-2d1d4cb799d4">
      <Execution id="21c4f1c4-5e3d-45a9-9358-645e34498423" />
      <TestMethod codeBase="C:/Bruce N/Programming/Quantum Computing/TestComplexNumber/bin/Debug/TestComplexNumber.DLL" adapterTypeName="Microsoft.VisualStudio.TestTools.TestTypes.Unit.UnitTestAdapter, Microsoft.VisualStudio.QualityTools.Tips.UnitTest.Adapter, Version=10.0.0.0, Culture=neutral, PublicKeyToken=b03f5f7f11d50a3a" className="TestComplexNumber.QCExercisesChapter4, TestComplexNumber, Version=1.0.0.0, Culture=neutral, PublicKeyToken=null" name="Exercise4o2o9" />
    </UnitTest>
    <UnitTest name="Exercise2o7o4" storage="c:\bruce n\programming\quantum computing\testcomplexnumber\bin\debug\testcomplexnumber.dll" id="ae083652-0bf7-c673-dce4-870a432603ee">
      <Execution id="27b9919b-8d32-4966-b8d9-5f6768c480e9" />
      <TestMethod codeBase="C:/Bruce N/Programming/Quantum Computing/TestComplexNumber/bin/Debug/TestComplexNumber.DLL" adapterTypeName="Microsoft.VisualStudio.TestTools.TestTypes.Unit.UnitTestAdapter, Microsoft.VisualStudio.QualityTools.Tips.UnitTest.Adapter, Version=10.0.0.0, Culture=neutral, PublicKeyToken=b03f5f7f11d50a3a" className="TestComplexNumber.QCExercisesChapter2, TestComplexNumber, Version=1.0.0.0, Culture=neutral, PublicKeyToken=null" name="Exercise2o7o4" />
    </UnitTest>
    <UnitTest name="Number7" storage="c:\bruce n\programming\quantum computing\testcomplexnumber\bin\debug\testcomplexnumber.dll" id="2691a8a8-cda7-2520-f88d-5b729c47edea">
      <Execution id="2c2546ee-670c-48b2-83b8-30e03fdd554a" />
      <TestMethod codeBase="C:/Bruce N/Programming/Quantum Computing/TestComplexNumber/bin/Debug/TestComplexNumber.DLL" adapterTypeName="Microsoft.VisualStudio.TestTools.TestTypes.Unit.UnitTestAdapter, Microsoft.VisualStudio.QualityTools.Tips.UnitTest.Adapter, Version=10.0.0.0, Culture=neutral, PublicKeyToken=b03f5f7f11d50a3a" className="ExercisesChapter1Tests.LAExercise1o1, TestComplexNumber, Version=1.0.0.0, Culture=neutral, PublicKeyToken=null" name="Number7" />
    </UnitTest>
    <UnitTest name="Example4o3o1" storage="c:\bruce n\programming\quantum computing\testcomplexnumber\bin\debug\testcomplexnumber.dll" id="26598c77-ae79-f56c-1115-9577c1ec0551">
      <Execution id="7d25f321-46dc-441e-b815-e48afda8255e" />
      <TestMethod codeBase="C:/Bruce N/Programming/Quantum Computing/TestComplexNumber/bin/Debug/TestComplexNumber.DLL" adapterTypeName="Microsoft.VisualStudio.TestTools.TestTypes.Unit.UnitTestAdapter, Microsoft.VisualStudio.QualityTools.Tips.UnitTest.Adapter, Version=10.0.0.0, Culture=neutral, PublicKeyToken=b03f5f7f11d50a3a" className="TestComplexNumber.QCExercisesChapter4, TestComplexNumber, Version=1.0.0.0, Culture=neutral, PublicKeyToken=null" name="Example4o3o1" />
    </UnitTest>
    <UnitTest name="op_DivisionTest" storage="c:\bruce n\programming\quantum computing\testcomplexnumber\bin\debug\testcomplexnumber.dll" id="d1cc7d48-afbd-466f-5015-ef2680fa4bcb">
      <Execution id="1a6af675-d81d-4744-baab-a4d343332ea6" />
      <TestMethod codeBase="C:/Bruce N/Programming/Quantum Computing/TestComplexNumber/bin/Debug/TestComplexNumber.DLL" adapterTypeName="Microsoft.VisualStudio.TestTools.TestTypes.Unit.UnitTestAdapter, Microsoft.VisualStudio.QualityTools.Tips.UnitTest.Adapter, Version=10.0.0.0, Culture=neutral, PublicKeyToken=b03f5f7f11d50a3a" className="TestComplexNumber.MatrixTest, TestComplexNumber, Version=1.0.0.0, Culture=neutral, PublicKeyToken=null" name="op_DivisionTest" />
    </UnitTest>
    <UnitTest name="op_PowerTest" storage="c:\bruce n\programming\quantum computing\testcomplexnumber\bin\debug\testcomplexnumber.dll" id="59d167f3-98f7-3905-876e-bc940d58c269">
      <Execution id="d6207ae8-ac11-4591-aac5-347b7bab50af" />
      <TestMethod codeBase="C:/Bruce N/Programming/Quantum Computing/TestComplexNumber/bin/Debug/TestComplexNumber.DLL" adapterTypeName="Microsoft.VisualStudio.TestTools.TestTypes.Unit.UnitTestAdapter, Microsoft.VisualStudio.QualityTools.Tips.UnitTest.Adapter, Version=10.0.0.0, Culture=neutral, PublicKeyToken=b03f5f7f11d50a3a" className="TestComplexNumber.MatrixTest, TestComplexNumber, Version=1.0.0.0, Culture=neutral, PublicKeyToken=null" name="op_PowerTest" />
    </UnitTest>
    <UnitTest name="ExponentialFormTest" storage="c:\bruce n\programming\quantum computing\testcomplexnumber\bin\debug\testcomplexnumber.dll" id="64c1c071-8523-ad97-417a-c762f98be0b4">
      <Execution id="4245a236-da91-4c92-8260-2be0692e15dc" />
      <TestMethod codeBase="C:/Bruce N/Programming/Quantum Computing/TestComplexNumber/bin/Debug/TestComplexNumber.DLL" adapterTypeName="Microsoft.VisualStudio.TestTools.TestTypes.Unit.UnitTestAdapter, Microsoft.VisualStudio.QualityTools.Tips.UnitTest.Adapter, Version=10.0.0.0, Culture=neutral, PublicKeyToken=b03f5f7f11d50a3a" className="TestComplexNumber.ComplexNumberTest, TestComplexNumber, Version=1.0.0.0, Culture=neutral, PublicKeyToken=null" name="ExponentialFormTest" />
    </UnitTest>
    <UnitTest name="Exercise2o2o3" storage="c:\bruce n\programming\quantum computing\testcomplexnumber\bin\debug\testcomplexnumber.dll" id="2b7e328f-6321-4faa-4f85-a74ea89855b4">
      <Execution id="cd9b5719-e44f-4fd2-a40e-fe6b9fa3a5f9" />
      <TestMethod codeBase="C:/Bruce N/Programming/Quantum Computing/TestComplexNumber/bin/Debug/TestComplexNumber.DLL" adapterTypeName="Microsoft.VisualStudio.TestTools.TestTypes.Unit.UnitTestAdapter, Microsoft.VisualStudio.QualityTools.Tips.UnitTest.Adapter, Version=10.0.0.0, Culture=neutral, PublicKeyToken=b03f5f7f11d50a3a" className="TestComplexNumber.QCExercisesChapter2, TestComplexNumber, Version=1.0.0.0, Culture=neutral, PublicKeyToken=null" name="Exercise2o2o3" />
    </UnitTest>
    <UnitTest name="op_EqualityTest" storage="c:\bruce n\programming\quantum computing\testcomplexnumber\bin\debug\testcomplexnumber.dll" id="5f6e4234-ae47-44fc-62c5-b75e2f29c018">
      <Execution id="8c9c7b35-b247-429a-ae86-5b7b7f445614" />
      <TestMethod codeBase="C:/Bruce N/Programming/Quantum Computing/TestComplexNumber/bin/Debug/TestComplexNumber.DLL" adapterTypeName="Microsoft.VisualStudio.TestTools.TestTypes.Unit.UnitTestAdapter, Microsoft.VisualStudio.QualityTools.Tips.UnitTest.Adapter, Version=10.0.0.0, Culture=neutral, PublicKeyToken=b03f5f7f11d50a3a" className="TestComplexNumber.VectorTest, TestComplexNumber, Version=1.0.0.0, Culture=neutral, PublicKeyToken=null" name="op_EqualityTest" />
    </UnitTest>
    <UnitTest name="op_ImplicitTest" storage="c:\bruce n\programming\quantum computing\testcomplexnumber\bin\debug\testcomplexnumber.dll" id="86846568-9c1a-b5d9-8a2f-14b2fd1eb1c6">
      <Execution id="03f99b5c-8ba5-4ae8-9670-95b171162a66" />
      <TestMethod codeBase="C:/Bruce N/Programming/Quantum Computing/TestComplexNumber/bin/Debug/TestComplexNumber.DLL" adapterTypeName="Microsoft.VisualStudio.TestTools.TestTypes.Unit.UnitTestAdapter, Microsoft.VisualStudio.QualityTools.Tips.UnitTest.Adapter, Version=10.0.0.0, Culture=neutral, PublicKeyToken=b03f5f7f11d50a3a" className="TestComplexNumber.ComplexMatrixTest, TestComplexNumber, Version=1.0.0.0, Culture=neutral, PublicKeyToken=null" name="op_ImplicitTest" />
    </UnitTest>
    <UnitTest name="VarianceTest" storage="c:\bruce n\programming\quantum computing\testcomplexnumber\bin\debug\testcomplexnumber.dll" id="a3e4879d-2ea1-a209-e3f3-b52750cb2d8b">
      <Execution id="ae5971f5-acfe-47c7-949d-c2dc4a05379b" />
      <TestMethod codeBase="C:/Bruce N/Programming/Quantum Computing/TestComplexNumber/bin/Debug/TestComplexNumber.DLL" adapterTypeName="Microsoft.VisualStudio.TestTools.TestTypes.Unit.UnitTestAdapter, Microsoft.VisualStudio.QualityTools.Tips.UnitTest.Adapter, Version=10.0.0.0, Culture=neutral, PublicKeyToken=b03f5f7f11d50a3a" className="TestComplexNumber.ComplexMatrixTest, TestComplexNumber, Version=1.0.0.0, Culture=neutral, PublicKeyToken=null" name="VarianceTest" />
    </UnitTest>
    <UnitTest name="Exercise2o7o9" storage="c:\bruce n\programming\quantum computing\testcomplexnumber\bin\debug\testcomplexnumber.dll" id="f2c9598d-6c11-6ff1-ac6e-8c319ed45aad">
      <Execution id="46ed7ef4-5797-4c3e-8ce6-781c9bcaa1ca" />
      <TestMethod codeBase="C:/Bruce N/Programming/Quantum Computing/TestComplexNumber/bin/Debug/TestComplexNumber.DLL" adapterTypeName="Microsoft.VisualStudio.TestTools.TestTypes.Unit.UnitTestAdapter, Microsoft.VisualStudio.QualityTools.Tips.UnitTest.Adapter, Version=10.0.0.0, Culture=neutral, PublicKeyToken=b03f5f7f11d50a3a" className="TestComplexNumber.QCExercisesChapter2, TestComplexNumber, Version=1.0.0.0, Culture=neutral, PublicKeyToken=null" name="Exercise2o7o9" />
    </UnitTest>
    <UnitTest name="TakeModulusSquaredTest" storage="c:\bruce n\programming\quantum computing\testcomplexnumber\bin\debug\testcomplexnumber.dll" id="8ddf2343-b416-72d4-fe07-7424be6bf3cc">
      <DeploymentItems>
        <DeploymentItem filename="LinearAlgebra.dll" />
      </DeploymentItems>
      <Execution id="8ae04677-b37f-421c-9629-feb5a1e6f324" />
      <TestMethod codeBase="C:/Bruce N/Programming/Quantum Computing/TestComplexNumber/bin/Debug/TestComplexNumber.DLL" adapterTypeName="Microsoft.VisualStudio.TestTools.TestTypes.Unit.UnitTestAdapter, Microsoft.VisualStudio.QualityTools.Tips.UnitTest.Adapter, Version=10.0.0.0, Culture=neutral, PublicKeyToken=b03f5f7f11d50a3a" className="TestComplexNumber.MatrixTest, TestComplexNumber, Version=1.0.0.0, Culture=neutral, PublicKeyToken=null" name="TakeModulusSquaredTest" />
    </UnitTest>
    <UnitTest name="ConjugateTest" storage="c:\bruce n\programming\quantum computing\testcomplexnumber\bin\debug\testcomplexnumber.dll" id="bb7a77ba-178f-5917-6d9f-a8ef964738e0">
      <Execution id="9f108dbc-5ea8-4634-ac10-f07353d87d2f" />
      <TestMethod codeBase="C:/Bruce N/Programming/Quantum Computing/TestComplexNumber/bin/Debug/TestComplexNumber.DLL" adapterTypeName="Microsoft.VisualStudio.TestTools.TestTypes.Unit.UnitTestAdapter, Microsoft.VisualStudio.QualityTools.Tips.UnitTest.Adapter, Version=10.0.0.0, Culture=neutral, PublicKeyToken=b03f5f7f11d50a3a" className="TestComplexNumber.ComplexMatrixTest, TestComplexNumber, Version=1.0.0.0, Culture=neutral, PublicKeyToken=null" name="ConjugateTest" />
    </UnitTest>
    <UnitTest name="op_MultiplyTest" storage="c:\bruce n\programming\quantum computing\testcomplexnumber\bin\debug\testcomplexnumber.dll" id="30603adb-abfd-1ae1-9190-dbf549cbf25b">
      <Execution id="7b6e0428-cc46-4f31-8688-da6a7c610dac" />
      <TestMethod codeBase="C:/Bruce N/Programming/Quantum Computing/TestComplexNumber/bin/Debug/TestComplexNumber.DLL" adapterTypeName="Microsoft.VisualStudio.TestTools.TestTypes.Unit.UnitTestAdapter, Microsoft.VisualStudio.QualityTools.Tips.UnitTest.Adapter, Version=10.0.0.0, Culture=neutral, PublicKeyToken=b03f5f7f11d50a3a" className="TestComplexNumber.VectorTest, TestComplexNumber, Version=1.0.0.0, Culture=neutral, PublicKeyToken=null" name="op_MultiplyTest" />
    </UnitTest>
    <UnitTest name="op_InequalityTest" storage="c:\bruce n\programming\quantum computing\testcomplexnumber\bin\debug\testcomplexnumber.dll" id="84b36a15-9006-9254-a29b-b856bea432a4">
      <Execution id="0a04c85d-46dd-4c6b-947d-9f7b96b65e72" />
      <TestMethod codeBase="C:/Bruce N/Programming/Quantum Computing/TestComplexNumber/bin/Debug/TestComplexNumber.DLL" adapterTypeName="Microsoft.VisualStudio.TestTools.TestTypes.Unit.UnitTestAdapter, Microsoft.VisualStudio.QualityTools.Tips.UnitTest.Adapter, Version=10.0.0.0, Culture=neutral, PublicKeyToken=b03f5f7f11d50a3a" className="TestComplexNumber.MatrixTest, TestComplexNumber, Version=1.0.0.0, Culture=neutral, PublicKeyToken=null" name="op_InequalityTest" />
    </UnitTest>
    <UnitTest name="op_MultiplyMatrixWithVector" storage="c:\bruce n\programming\quantum computing\testcomplexnumber\bin\debug\testcomplexnumber.dll" id="c446db48-fe0d-6c23-577a-d3adf5810ca1">
      <Execution id="986c2395-7662-4e17-b600-571cd9f88a0e" />
      <TestMethod codeBase="C:/Bruce N/Programming/Quantum Computing/TestComplexNumber/bin/Debug/TestComplexNumber.DLL" adapterTypeName="Microsoft.VisualStudio.TestTools.TestTypes.Unit.UnitTestAdapter, Microsoft.VisualStudio.QualityTools.Tips.UnitTest.Adapter, Version=10.0.0.0, Culture=neutral, PublicKeyToken=b03f5f7f11d50a3a" className="TestComplexNumber.MatrixTest, TestComplexNumber, Version=1.0.0.0, Culture=neutral, PublicKeyToken=null" name="op_MultiplyMatrixWithVector" />
    </UnitTest>
    <UnitTest name="Exercise2o7o1" storage="c:\bruce n\programming\quantum computing\testcomplexnumber\bin\debug\testcomplexnumber.dll" id="3aefb9d4-9cc0-272d-dc50-69446f55302e">
      <Execution id="62fb0b4d-bc26-42c2-8398-d900f194d511" />
      <TestMethod codeBase="C:/Bruce N/Programming/Quantum Computing/TestComplexNumber/bin/Debug/TestComplexNumber.DLL" adapterTypeName="Microsoft.VisualStudio.TestTools.TestTypes.Unit.UnitTestAdapter, Microsoft.VisualStudio.QualityTools.Tips.UnitTest.Adapter, Version=10.0.0.0, Culture=neutral, PublicKeyToken=b03f5f7f11d50a3a" className="TestComplexNumber.QCExercisesChapter2, TestComplexNumber, Version=1.0.0.0, Culture=neutral, PublicKeyToken=null" name="Exercise2o7o1" />
    </UnitTest>
    <UnitTest name="Exercise3o2o4" storage="c:\bruce n\programming\quantum computing\testcomplexnumber\bin\debug\testcomplexnumber.dll" id="85e31a7a-8f31-96c4-5236-3d22a4f800d8">
      <Execution id="f78a1a14-244d-4f70-a2b0-6031173f974f" />
      <TestMethod codeBase="C:/Bruce N/Programming/Quantum Computing/TestComplexNumber/bin/Debug/TestComplexNumber.DLL" adapterTypeName="Microsoft.VisualStudio.TestTools.TestTypes.Unit.UnitTestAdapter, Microsoft.VisualStudio.QualityTools.Tips.UnitTest.Adapter, Version=10.0.0.0, Culture=neutral, PublicKeyToken=b03f5f7f11d50a3a" className="TestComplexNumber.QCExercisesChapter3, TestComplexNumber, Version=1.0.0.0, Culture=neutral, PublicKeyToken=null" name="Exercise3o2o4" />
    </UnitTest>
    <UnitTest name="op_PowerTest" storage="c:\bruce n\programming\quantum computing\testcomplexnumber\bin\debug\testcomplexnumber.dll" id="cd40d60c-7ba3-fd50-057a-8cb8ecef5565">
      <Execution id="fc124a24-7685-428c-8b18-103be04fd9dd" />
      <TestMethod codeBase="C:/Bruce N/Programming/Quantum Computing/TestComplexNumber/bin/Debug/TestComplexNumber.DLL" adapterTypeName="Microsoft.VisualStudio.TestTools.TestTypes.Unit.UnitTestAdapter, Microsoft.VisualStudio.QualityTools.Tips.UnitTest.Adapter, Version=10.0.0.0, Culture=neutral, PublicKeyToken=b03f5f7f11d50a3a" className="TestComplexNumber.ComplexMatrixTest, TestComplexNumber, Version=1.0.0.0, Culture=neutral, PublicKeyToken=null" name="op_PowerTest" />
    </UnitTest>
    <UnitTest name="Exercise2o1o4" storage="c:\bruce n\programming\quantum computing\testcomplexnumber\bin\debug\testcomplexnumber.dll" id="7aa98473-1098-0db5-704a-fcb553d21f64">
      <Execution id="2e722d76-7ba8-4875-aa14-1da34d5bcf93" />
      <TestMethod codeBase="C:/Bruce N/Programming/Quantum Computing/TestComplexNumber/bin/Debug/TestComplexNumber.DLL" adapterTypeName="Microsoft.VisualStudio.TestTools.TestTypes.Unit.UnitTestAdapter, Microsoft.VisualStudio.QualityTools.Tips.UnitTest.Adapter, Version=10.0.0.0, Culture=neutral, PublicKeyToken=b03f5f7f11d50a3a" className="TestComplexNumber.QCExercisesChapter2, TestComplexNumber, Version=1.0.0.0, Culture=neutral, PublicKeyToken=null" name="Exercise2o1o4" />
    </UnitTest>
    <UnitTest name="Exercise3o4o3" storage="c:\bruce n\programming\quantum computing\testcomplexnumber\bin\debug\testcomplexnumber.dll" id="2c0938a7-7ed1-e7a6-af0a-563ef75e9dfc">
      <Execution id="4ee7d3a7-ce1c-44fc-870a-afc870a494b7" />
      <TestMethod codeBase="C:/Bruce N/Programming/Quantum Computing/TestComplexNumber/bin/Debug/TestComplexNumber.DLL" adapterTypeName="Microsoft.VisualStudio.TestTools.TestTypes.Unit.UnitTestAdapter, Microsoft.VisualStudio.QualityTools.Tips.UnitTest.Adapter, Version=10.0.0.0, Culture=neutral, PublicKeyToken=b03f5f7f11d50a3a" className="TestComplexNumber.QCExercisesChapter3, TestComplexNumber, Version=1.0.0.0, Culture=neutral, PublicKeyToken=null" name="Exercise3o4o3" />
    </UnitTest>
    <UnitTest name="AdjointTest" storage="c:\bruce n\programming\quantum computing\testcomplexnumber\bin\debug\testcomplexnumber.dll" id="bf6c2469-a2b3-a877-1023-ee9bd6de0e5b">
      <Execution id="a40071f0-39f6-4d83-b66b-b0720c62de49" />
      <TestMethod codeBase="C:/Bruce N/Programming/Quantum Computing/TestComplexNumber/bin/Debug/TestComplexNumber.DLL" adapterTypeName="Microsoft.VisualStudio.TestTools.TestTypes.Unit.UnitTestAdapter, Microsoft.VisualStudio.QualityTools.Tips.UnitTest.Adapter, Version=10.0.0.0, Culture=neutral, PublicKeyToken=b03f5f7f11d50a3a" className="TestComplexNumber.ComplexMatrixTest, TestComplexNumber, Version=1.0.0.0, Culture=neutral, PublicKeyToken=null" name="AdjointTest" />
    </UnitTest>
    <UnitTest name="ITest" storage="c:\bruce n\programming\quantum computing\testcomplexnumber\bin\debug\testcomplexnumber.dll" id="48d6f10d-3141-2ae9-4d33-c4a338f334ee">
      <Execution id="7e61472b-28ec-47cb-b125-f2af679641c4" />
      <TestMethod codeBase="C:/Bruce N/Programming/Quantum Computing/TestComplexNumber/bin/Debug/TestComplexNumber.DLL" adapterTypeName="Microsoft.VisualStudio.TestTools.TestTypes.Unit.UnitTestAdapter, Microsoft.VisualStudio.QualityTools.Tips.UnitTest.Adapter, Version=10.0.0.0, Culture=neutral, PublicKeyToken=b03f5f7f11d50a3a" className="TestComplexNumber.ComplexNumberTest, TestComplexNumber, Version=1.0.0.0, Culture=neutral, PublicKeyToken=null" name="ITest" />
    </UnitTest>
    <UnitTest name="Exercise1o2o3" storage="c:\bruce n\programming\quantum computing\testcomplexnumber\bin\debug\testcomplexnumber.dll" id="2c5f1bbd-c340-38e3-42f3-b2209263335f">
      <Execution id="232f5355-a8fb-4a4e-99bd-6a6e766f1dfb" />
      <TestMethod codeBase="C:/Bruce N/Programming/Quantum Computing/TestComplexNumber/bin/Debug/TestComplexNumber.DLL" adapterTypeName="Microsoft.VisualStudio.TestTools.TestTypes.Unit.UnitTestAdapter, Microsoft.VisualStudio.QualityTools.Tips.UnitTest.Adapter, Version=10.0.0.0, Culture=neutral, PublicKeyToken=b03f5f7f11d50a3a" className="TestComplexNumber.QCExercisesChapter1, TestComplexNumber, Version=1.0.0.0, Culture=neutral, PublicKeyToken=null" name="Exercise1o2o3" />
    </UnitTest>
    <UnitTest name="op_EqualityTest" storage="c:\bruce n\programming\quantum computing\testcomplexnumber\bin\debug\testcomplexnumber.dll" id="9cca6d32-4a0b-e5dd-1a59-a901edd68fd6">
      <Execution id="f23758ee-3c9c-4510-8dd3-1dcb5645c8ce" />
      <TestMethod codeBase="C:/Bruce N/Programming/Quantum Computing/TestComplexNumber/bin/Debug/TestComplexNumber.DLL" adapterTypeName="Microsoft.VisualStudio.TestTools.TestTypes.Unit.UnitTestAdapter, Microsoft.VisualStudio.QualityTools.Tips.UnitTest.Adapter, Version=10.0.0.0, Culture=neutral, PublicKeyToken=b03f5f7f11d50a3a" className="TestComplexNumber.MatrixTest, TestComplexNumber, Version=1.0.0.0, Culture=neutral, PublicKeyToken=null" name="op_EqualityTest" />
    </UnitTest>
    <UnitTest name="SetPolarCoordinatesTest" storage="c:\bruce n\programming\quantum computing\testcomplexnumber\bin\debug\testcomplexnumber.dll" id="5783bddb-fec7-d995-a012-a4ea9e07bdbd">
      <Execution id="3a5c8826-bf7c-4a07-b1fd-ff9a34adc94c" />
      <TestMethod codeBase="C:/Bruce N/Programming/Quantum Computing/TestComplexNumber/bin/Debug/TestComplexNumber.DLL" adapterTypeName="Microsoft.VisualStudio.TestTools.TestTypes.Unit.UnitTestAdapter, Microsoft.VisualStudio.QualityTools.Tips.UnitTest.Adapter, Version=10.0.0.0, Culture=neutral, PublicKeyToken=b03f5f7f11d50a3a" className="TestComplexNumber.ComplexNumberTest, TestComplexNumber, Version=1.0.0.0, Culture=neutral, PublicKeyToken=null" name="SetPolarCoordinatesTest" />
    </UnitTest>
    <UnitTest name="Exercise2o7o7" storage="c:\bruce n\programming\quantum computing\testcomplexnumber\bin\debug\testcomplexnumber.dll" id="b02641ef-4dbb-1d38-fc9f-e1bd29220c37">
      <Execution id="257670a9-5230-45d8-aec1-d1fb3c9808ee" />
      <TestMethod codeBase="C:/Bruce N/Programming/Quantum Computing/TestComplexNumber/bin/Debug/TestComplexNumber.DLL" adapterTypeName="Microsoft.VisualStudio.TestTools.TestTypes.Unit.UnitTestAdapter, Microsoft.VisualStudio.QualityTools.Tips.UnitTest.Adapter, Version=10.0.0.0, Culture=neutral, PublicKeyToken=b03f5f7f11d50a3a" className="TestComplexNumber.QCExercisesChapter2, TestComplexNumber, Version=1.0.0.0, Culture=neutral, PublicKeyToken=null" name="Exercise2o7o7" />
    </UnitTest>
    <UnitTest name="op_MultiplyMatrixAndVectorTest" storage="c:\bruce n\programming\quantum computing\testcomplexnumber\bin\debug\testcomplexnumber.dll" id="2f70a04a-052e-804a-c12d-8ce7e0d5829f">
      <Execution id="3e207876-8ae2-4cb1-b31f-cdf880a35e78" />
      <TestMethod codeBase="C:/Bruce N/Programming/Quantum Computing/TestComplexNumber/bin/Debug/TestComplexNumber.DLL" adapterTypeName="Microsoft.VisualStudio.TestTools.TestTypes.Unit.UnitTestAdapter, Microsoft.VisualStudio.QualityTools.Tips.UnitTest.Adapter, Version=10.0.0.0, Culture=neutral, PublicKeyToken=b03f5f7f11d50a3a" className="TestComplexNumber.ComplexMatrixTest, TestComplexNumber, Version=1.0.0.0, Culture=neutral, PublicKeyToken=null" name="op_MultiplyMatrixAndVectorTest" />
    </UnitTest>
    <UnitTest name="ExpectedValueTest" storage="c:\bruce n\programming\quantum computing\testcomplexnumber\bin\debug\testcomplexnumber.dll" id="0b103c37-48a5-eca8-d21a-8bbd6e27c98c">
      <Execution id="8d5ee12f-bd43-442c-9e58-56615e26d3d1" />
      <TestMethod codeBase="C:/Bruce N/Programming/Quantum Computing/TestComplexNumber/bin/Debug/TestComplexNumber.DLL" adapterTypeName="Microsoft.VisualStudio.TestTools.TestTypes.Unit.UnitTestAdapter, Microsoft.VisualStudio.QualityTools.Tips.UnitTest.Adapter, Version=10.0.0.0, Culture=neutral, PublicKeyToken=b03f5f7f11d50a3a" className="TestComplexNumber.ComplexMatrixTest, TestComplexNumber, Version=1.0.0.0, Culture=neutral, PublicKeyToken=null" name="ExpectedValueTest" />
    </UnitTest>
    <UnitTest name="VectorConstructorTest1" storage="c:\bruce n\programming\quantum computing\testcomplexnumber\bin\debug\testcomplexnumber.dll" id="1aac7064-31c6-c120-9e54-0819977db45a">
      <Execution id="2e86f847-7253-47e3-aa37-63a27f975966" />
      <TestMethod codeBase="C:/Bruce N/Programming/Quantum Computing/TestComplexNumber/bin/Debug/TestComplexNumber.DLL" adapterTypeName="Microsoft.VisualStudio.TestTools.TestTypes.Unit.UnitTestAdapter, Microsoft.VisualStudio.QualityTools.Tips.UnitTest.Adapter, Version=10.0.0.0, Culture=neutral, PublicKeyToken=b03f5f7f11d50a3a" className="TestComplexNumber.VectorTest, TestComplexNumber, Version=1.0.0.0, Culture=neutral, PublicKeyToken=null" name="VectorConstructorTest1" />
    </UnitTest>
    <UnitTest name="NegativeITest" storage="c:\bruce n\programming\quantum computing\testcomplexnumber\bin\debug\testcomplexnumber.dll" id="2705846c-0b46-907b-6d14-254e6bc6494a">
      <Execution id="9ba223ee-df7e-47ab-9e24-3b19720a12b9" />
      <TestMethod codeBase="C:/Bruce N/Programming/Quantum Computing/TestComplexNumber/bin/Debug/TestComplexNumber.DLL" adapterTypeName="Microsoft.VisualStudio.TestTools.TestTypes.Unit.UnitTestAdapter, Microsoft.VisualStudio.QualityTools.Tips.UnitTest.Adapter, Version=10.0.0.0, Culture=neutral, PublicKeyToken=b03f5f7f11d50a3a" className="TestComplexNumber.ComplexNumberTest, TestComplexNumber, Version=1.0.0.0, Culture=neutral, PublicKeyToken=null" name="NegativeITest" />
    </UnitTest>
    <UnitTest name="OneTest" storage="c:\bruce n\programming\quantum computing\testcomplexnumber\bin\debug\testcomplexnumber.dll" id="bc5ed1ac-46cb-3ce7-5958-bc8141b19b62">
      <Execution id="b64e1063-e148-4558-ad8c-93b5604b62f8" />
      <TestMethod codeBase="C:/Bruce N/Programming/Quantum Computing/TestComplexNumber/bin/Debug/TestComplexNumber.DLL" adapterTypeName="Microsoft.VisualStudio.TestTools.TestTypes.Unit.UnitTestAdapter, Microsoft.VisualStudio.QualityTools.Tips.UnitTest.Adapter, Version=10.0.0.0, Culture=neutral, PublicKeyToken=b03f5f7f11d50a3a" className="TestComplexNumber.ComplexNumberTest, TestComplexNumber, Version=1.0.0.0, Culture=neutral, PublicKeyToken=null" name="OneTest" />
    </UnitTest>
    <UnitTest name="op_InequalityTest" storage="c:\bruce n\programming\quantum computing\testcomplexnumber\bin\debug\testcomplexnumber.dll" id="353600d6-8f81-a743-8f0c-ac1e5f0cc59e">
      <Execution id="3ad9ace7-4954-4482-bddd-84833e74de8d" />
      <TestMethod codeBase="C:/Bruce N/Programming/Quantum Computing/TestComplexNumber/bin/Debug/TestComplexNumber.DLL" adapterTypeName="Microsoft.VisualStudio.TestTools.TestTypes.Unit.UnitTestAdapter, Microsoft.VisualStudio.QualityTools.Tips.UnitTest.Adapter, Version=10.0.0.0, Culture=neutral, PublicKeyToken=b03f5f7f11d50a3a" className="TestComplexNumber.VectorTest, TestComplexNumber, Version=1.0.0.0, Culture=neutral, PublicKeyToken=null" name="op_InequalityTest" />
    </UnitTest>
    <UnitTest name="Exercise3o4o2" storage="c:\bruce n\programming\quantum computing\testcomplexnumber\bin\debug\testcomplexnumber.dll" id="65483be5-ecd7-0f52-6a6b-f305d0d31089">
      <Execution id="68f6868d-0746-4e16-ae96-aeb42b17a43c" />
      <TestMethod codeBase="C:/Bruce N/Programming/Quantum Computing/TestComplexNumber/bin/Debug/TestComplexNumber.DLL" adapterTypeName="Microsoft.VisualStudio.TestTools.TestTypes.Unit.UnitTestAdapter, Microsoft.VisualStudio.QualityTools.Tips.UnitTest.Adapter, Version=10.0.0.0, Culture=neutral, PublicKeyToken=b03f5f7f11d50a3a" className="TestComplexNumber.QCExercisesChapter3, TestComplexNumber, Version=1.0.0.0, Culture=neutral, PublicKeyToken=null" name="Exercise3o4o2" />
    </UnitTest>
    <UnitTest name="Number9" storage="c:\bruce n\programming\quantum computing\testcomplexnumber\bin\debug\testcomplexnumber.dll" id="6b99a904-39c7-b2a5-cb92-c1c5bd5d3c67">
      <Execution id="904aa670-ea97-45be-8b88-b54842bf924b" />
      <TestMethod codeBase="C:/Bruce N/Programming/Quantum Computing/TestComplexNumber/bin/Debug/TestComplexNumber.DLL" adapterTypeName="Microsoft.VisualStudio.TestTools.TestTypes.Unit.UnitTestAdapter, Microsoft.VisualStudio.QualityTools.Tips.UnitTest.Adapter, Version=10.0.0.0, Culture=neutral, PublicKeyToken=b03f5f7f11d50a3a" className="ExercisesChapter1Tests.LAExercise1o1, TestComplexNumber, Version=1.0.0.0, Culture=neutral, PublicKeyToken=null" name="Number9" />
    </UnitTest>
    <UnitTest name="ToStringTest" storage="c:\bruce n\programming\quantum computing\testcomplexnumber\bin\debug\testcomplexnumber.dll" id="e6cae91e-3af9-1d6d-3935-2160925e38e7">
      <Execution id="07fcff91-0509-4d5e-a8d3-dd002bec812c" />
      <TestMethod codeBase="C:/Bruce N/Programming/Quantum Computing/TestComplexNumber/bin/Debug/TestComplexNumber.DLL" adapterTypeName="Microsoft.VisualStudio.TestTools.TestTypes.Unit.UnitTestAdapter, Microsoft.VisualStudio.QualityTools.Tips.UnitTest.Adapter, Version=10.0.0.0, Culture=neutral, PublicKeyToken=b03f5f7f11d50a3a" className="TestComplexNumber.ComplexNumberTest, TestComplexNumber, Version=1.0.0.0, Culture=neutral, PublicKeyToken=null" name="ToStringTest" />
    </UnitTest>
    <UnitTest name="Exercise1o3o2" storage="c:\bruce n\programming\quantum computing\testcomplexnumber\bin\debug\testcomplexnumber.dll" id="69c0b0c9-79e3-762b-51b3-d77e96aed020">
      <Execution id="f74a1427-d3a0-439b-bd24-cb3786953a59" />
      <TestMethod codeBase="C:/Bruce N/Programming/Quantum Computing/TestComplexNumber/bin/Debug/TestComplexNumber.DLL" adapterTypeName="Microsoft.VisualStudio.TestTools.TestTypes.Unit.UnitTestAdapter, Microsoft.VisualStudio.QualityTools.Tips.UnitTest.Adapter, Version=10.0.0.0, Culture=neutral, PublicKeyToken=b03f5f7f11d50a3a" className="TestComplexNumber.QCExercisesChapter1, TestComplexNumber, Version=1.0.0.0, Culture=neutral, PublicKeyToken=null" name="Exercise1o3o2" />
    </UnitTest>
    <UnitTest name="Exercise2o7o5" storage="c:\bruce n\programming\quantum computing\testcomplexnumber\bin\debug\testcomplexnumber.dll" id="c028a664-47e7-d1e0-a29b-c2782421ecca">
      <Execution id="24abb811-9b55-4ec1-b652-d9195a502686" />
      <TestMethod codeBase="C:/Bruce N/Programming/Quantum Computing/TestComplexNumber/bin/Debug/TestComplexNumber.DLL" adapterTypeName="Microsoft.VisualStudio.TestTools.TestTypes.Unit.UnitTestAdapter, Microsoft.VisualStudio.QualityTools.Tips.UnitTest.Adapter, Version=10.0.0.0, Culture=neutral, PublicKeyToken=b03f5f7f11d50a3a" className="TestComplexNumber.QCExercisesChapter2, TestComplexNumber, Version=1.0.0.0, Culture=neutral, PublicKeyToken=null" name="Exercise2o7o5" />
    </UnitTest>
  </TestDefinitions>
  <TestLists>
    <TestList name="Results Not in a List" id="8c84fa94-04c1-424b-9868-57a2d4851a1d" />
    <TestList name="All Loaded Results" id="19431567-8539-422a-85d7-44ee4e166bda" />
  </TestLists>
  <TestEntries>
    <TestEntry testId="2196f553-8d96-0cb1-ab6a-222290e750c6" executionId="9fb5626b-c13b-4432-a0e4-6eecb547cf98" testListId="8c84fa94-04c1-424b-9868-57a2d4851a1d" />
    <TestEntry testId="965a50e8-2ef6-40c1-4122-e2170c7021eb" executionId="3093f518-c7d7-4f2e-99a3-3ee78764b4bb" testListId="8c84fa94-04c1-424b-9868-57a2d4851a1d" />
    <TestEntry testId="f0ba5c0b-8960-4edd-4fed-108844165cf0" executionId="f0f7e16f-72c5-4a7c-928b-2c1c6087a7c7" testListId="8c84fa94-04c1-424b-9868-57a2d4851a1d" />
    <TestEntry testId="d5ba24d1-27d1-0b69-994f-a21952016180" executionId="f25c89e4-9816-4045-a7db-6f3db05e4266" testListId="8c84fa94-04c1-424b-9868-57a2d4851a1d" />
    <TestEntry testId="7c93be96-b5a0-1d46-8810-c4cc0920cb2c" executionId="f2482dd7-4775-4f7e-b9e7-3e2618a3aabc" testListId="8c84fa94-04c1-424b-9868-57a2d4851a1d" />
    <TestEntry testId="257c1c06-b11a-4bb0-9757-e03ddfaada2b" executionId="d0c11bd2-a320-4cf8-9513-c20a9f7c6a87" testListId="8c84fa94-04c1-424b-9868-57a2d4851a1d" />
    <TestEntry testId="bb7a77ba-178f-5917-6d9f-a8ef964738e0" executionId="9f108dbc-5ea8-4634-ac10-f07353d87d2f" testListId="8c84fa94-04c1-424b-9868-57a2d4851a1d" />
    <TestEntry testId="191c732e-b797-fda9-14e6-f62313d93af1" executionId="01115a62-28f4-4845-936b-daf862e4db6a" testListId="8c84fa94-04c1-424b-9868-57a2d4851a1d" />
    <TestEntry testId="4611c12d-ab9b-ec67-f03d-aef14139fd18" executionId="11ea53c2-a42c-48d8-87c5-7ec557d16aef" testListId="8c84fa94-04c1-424b-9868-57a2d4851a1d" />
    <TestEntry testId="bf6c2469-a2b3-a877-1023-ee9bd6de0e5b" executionId="a40071f0-39f6-4d83-b66b-b0720c62de49" testListId="8c84fa94-04c1-424b-9868-57a2d4851a1d" />
    <TestEntry testId="45c1478b-4df2-7873-3421-9c35cffff0b5" executionId="95d1bf81-3d5c-44c0-a214-f3a31cb5a742" testListId="8c84fa94-04c1-424b-9868-57a2d4851a1d" />
    <TestEntry testId="d234dbe8-2eb3-6ce6-3747-7c6cec0f5c2b" executionId="e6375d55-5ef6-4e23-a884-cc166c9ce543" testListId="8c84fa94-04c1-424b-9868-57a2d4851a1d" />
    <TestEntry testId="aac142ce-38b2-6d3f-cd65-e8254c3e066b" executionId="749bf097-d69d-4e7a-9a97-3593293a5f8e" testListId="8c84fa94-04c1-424b-9868-57a2d4851a1d" />
    <TestEntry testId="2f70a04a-052e-804a-c12d-8ce7e0d5829f" executionId="3e207876-8ae2-4cb1-b31f-cdf880a35e78" testListId="8c84fa94-04c1-424b-9868-57a2d4851a1d" />
    <TestEntry testId="49e51852-7075-5008-f887-b580ee4d13af" executionId="9e774485-f20a-4628-9626-f0c2119057b0" testListId="8c84fa94-04c1-424b-9868-57a2d4851a1d" />
    <TestEntry testId="86846568-9c1a-b5d9-8a2f-14b2fd1eb1c6" executionId="03f99b5c-8ba5-4ae8-9670-95b171162a66" testListId="8c84fa94-04c1-424b-9868-57a2d4851a1d" />
    <TestEntry testId="cd40d60c-7ba3-fd50-057a-8cb8ecef5565" executionId="fc124a24-7685-428c-8b18-103be04fd9dd" testListId="8c84fa94-04c1-424b-9868-57a2d4851a1d" />
    <TestEntry testId="0b103c37-48a5-eca8-d21a-8bbd6e27c98c" executionId="8d5ee12f-bd43-442c-9e58-56615e26d3d1" testListId="8c84fa94-04c1-424b-9868-57a2d4851a1d" />
    <TestEntry testId="a3e4879d-2ea1-a209-e3f3-b52750cb2d8b" executionId="ae5971f5-acfe-47c7-949d-c2dc4a05379b" testListId="8c84fa94-04c1-424b-9868-57a2d4851a1d" />
    <TestEntry testId="56d4e2ab-80ac-74c9-cdc4-cd3967d0842f" executionId="89bfae36-1d2a-4689-819c-004b957d89ff" testListId="8c84fa94-04c1-424b-9868-57a2d4851a1d" />
    <TestEntry testId="b920ca27-2e1f-e8ec-c9ba-d4cbb754ace4" executionId="ee0dd697-bd99-47ca-8a88-af1b2517881d" testListId="8c84fa94-04c1-424b-9868-57a2d4851a1d" />
    <TestEntry testId="cfda23f5-8521-9279-3cfb-c362ea2104e6" executionId="d40f21f7-b002-48aa-85be-1a1072650c36" testListId="8c84fa94-04c1-424b-9868-57a2d4851a1d" />
    <TestEntry testId="976f17c9-51e8-e105-25f5-c30dcb83cb62" executionId="fa38ffd8-8463-47ea-96d9-b9ebef96072b" testListId="8c84fa94-04c1-424b-9868-57a2d4851a1d" />
    <TestEntry testId="1f1cd201-bd9b-d73b-7631-79422db50907" executionId="7ca352e9-0bae-4778-835e-a740fcf2adc0" testListId="8c84fa94-04c1-424b-9868-57a2d4851a1d" />
    <TestEntry testId="f368b193-6b5a-1b14-7094-e125316b3e80" executionId="bbbeb8dc-81f4-4982-a14a-d5d6b616c0a0" testListId="8c84fa94-04c1-424b-9868-57a2d4851a1d" />
    <TestEntry testId="8c87e582-c187-2428-641f-ac52b8bc8afb" executionId="5885de71-e4f7-42fe-a6a1-f7da3759d7f9" testListId="8c84fa94-04c1-424b-9868-57a2d4851a1d" />
    <TestEntry testId="7f80f8e7-2e2b-ea96-23b0-2d1d4cb799d4" executionId="21c4f1c4-5e3d-45a9-9358-645e34498423" testListId="8c84fa94-04c1-424b-9868-57a2d4851a1d" />
    <TestEntry testId="acd83d3c-1f09-56f5-c309-c66c3b56b876" executionId="c255ab88-f9c9-4b91-b814-8e259c4f3dc2" testListId="8c84fa94-04c1-424b-9868-57a2d4851a1d" />
    <TestEntry testId="5b0b7f1b-1d05-7deb-83d6-f2293e41cb23" executionId="acfcb059-efc3-47b6-be7e-989d15eb67c9" testListId="8c84fa94-04c1-424b-9868-57a2d4851a1d" />
    <TestEntry testId="1aac7064-31c6-c120-9e54-0819977db45a" executionId="2e86f847-7253-47e3-aa37-63a27f975966" testListId="8c84fa94-04c1-424b-9868-57a2d4851a1d" />
    <TestEntry testId="9c92819f-751b-655e-72f6-604f0653711c" executionId="3bcbd416-ce1d-4227-8f9c-76c00ab3c3f1" testListId="8c84fa94-04c1-424b-9868-57a2d4851a1d" />
    <TestEntry testId="bc74a9f0-dfbc-1cfa-6718-f3d2cbf87b3b" executionId="10c12be9-5cad-4eba-8f45-38ad28573e38" testListId="8c84fa94-04c1-424b-9868-57a2d4851a1d" />
    <TestEntry testId="89a43019-9aa1-6b73-f686-b9999e672584" executionId="874a96a8-3e55-4432-b210-96b2071692ea" testListId="8c84fa94-04c1-424b-9868-57a2d4851a1d" />
    <TestEntry testId="81ff8154-7b8a-e690-97b4-6435aa07756d" executionId="eb99e6f8-20e3-4d77-8355-406796912a6d" testListId="8c84fa94-04c1-424b-9868-57a2d4851a1d" />
    <TestEntry testId="a742c746-5181-52e8-23a7-13e7e8c75d0d" executionId="16edd82b-8d5e-49b6-8a61-f2ed56fc0fb1" testListId="8c84fa94-04c1-424b-9868-57a2d4851a1d" />
    <TestEntry testId="38b23d36-491d-02f4-07c2-9d3cd23affc3" executionId="9a3bc988-a750-482a-9967-da412f2bc604" testListId="8c84fa94-04c1-424b-9868-57a2d4851a1d" />
    <TestEntry testId="5f6e4234-ae47-44fc-62c5-b75e2f29c018" executionId="8c9c7b35-b247-429a-ae86-5b7b7f445614" testListId="8c84fa94-04c1-424b-9868-57a2d4851a1d" />
    <TestEntry testId="353600d6-8f81-a743-8f0c-ac1e5f0cc59e" executionId="3ad9ace7-4954-4482-bddd-84833e74de8d" testListId="8c84fa94-04c1-424b-9868-57a2d4851a1d" />
    <TestEntry testId="30603adb-abfd-1ae1-9190-dbf549cbf25b" executionId="7b6e0428-cc46-4f31-8688-da6a7c610dac" testListId="8c84fa94-04c1-424b-9868-57a2d4851a1d" />
    <TestEntry testId="e58e75f5-82f4-68b3-9174-e83157c210fe" executionId="f5a9325e-8d3f-4cf8-b5a2-76642aa725dc" testListId="8c84fa94-04c1-424b-9868-57a2d4851a1d" />
    <TestEntry testId="45e4093b-3343-3a21-e7a7-e836435896d3" executionId="7c5194a2-4a23-4f6c-9d41-5a05f2945430" testListId="8c84fa94-04c1-424b-9868-57a2d4851a1d" />
    <TestEntry testId="ff295562-5e99-9434-0a6c-61d038c92b18" executionId="2b886ea7-f7e6-4e41-bc1f-bb3c9a423e31" testListId="8c84fa94-04c1-424b-9868-57a2d4851a1d" />
    <TestEntry testId="05b12b43-1783-0ca5-6417-946a728e7bad" executionId="d81dd132-02f7-4e1d-9897-05d67b324947" testListId="8c84fa94-04c1-424b-9868-57a2d4851a1d" />
    <TestEntry testId="f45ba4d9-1948-fd2a-d93c-c51eacddf456" executionId="751e91de-fa1b-4e1a-8b25-4ae800127b35" testListId="8c84fa94-04c1-424b-9868-57a2d4851a1d" />
    <TestEntry testId="8e039ac3-296f-0b32-1467-d43005f9a8c9" executionId="e6c75b62-97dd-4187-bf8f-06c65ea36da6" testListId="8c84fa94-04c1-424b-9868-57a2d4851a1d" />
    <TestEntry testId="8948e81d-4481-f3a6-0a8b-92d5a21b0ed1" executionId="0ff6922b-55b6-4246-8cc2-1fbbb797fdc4" testListId="8c84fa94-04c1-424b-9868-57a2d4851a1d" />
    <TestEntry testId="1683eaf6-b230-9872-7e1d-e1c2509c0be1" executionId="e36a596f-bee3-4ed9-99ee-9599591977bf" testListId="8c84fa94-04c1-424b-9868-57a2d4851a1d" />
    <TestEntry testId="06c32b76-050d-0c74-e5e5-24e8d789eea7" executionId="0d03d343-6656-46fb-b004-8a900feae456" testListId="8c84fa94-04c1-424b-9868-57a2d4851a1d" />
    <TestEntry testId="fc5f6b28-8f99-b5ff-6ec9-739c1fd6e416" executionId="dffad3a1-b8eb-4c94-9d3e-107be5fa615a" testListId="8c84fa94-04c1-424b-9868-57a2d4851a1d" />
    <TestEntry testId="9cf4c4e1-7186-5bdb-2eef-3b22d03cb6e0" executionId="7068424a-109f-4adb-ad1c-65e4e5860cc0" testListId="8c84fa94-04c1-424b-9868-57a2d4851a1d" />
    <TestEntry testId="85e31a7a-8f31-96c4-5236-3d22a4f800d8" executionId="f78a1a14-244d-4f70-a2b0-6031173f974f" testListId="8c84fa94-04c1-424b-9868-57a2d4851a1d" />
    <TestEntry testId="aec04687-b925-f293-88d7-b9bf8f00fc28" executionId="49e8d70c-1fc9-4b28-894f-7deb439debf4" testListId="8c84fa94-04c1-424b-9868-57a2d4851a1d" />
    <TestEntry testId="2495be45-e753-45de-32ff-e2c3eb28668d" executionId="418f9aa3-4f89-4741-985b-28db92d7476d" testListId="8c84fa94-04c1-424b-9868-57a2d4851a1d" />
    <TestEntry testId="65483be5-ecd7-0f52-6a6b-f305d0d31089" executionId="68f6868d-0746-4e16-ae96-aeb42b17a43c" testListId="8c84fa94-04c1-424b-9868-57a2d4851a1d" />
    <TestEntry testId="2c0938a7-7ed1-e7a6-af0a-563ef75e9dfc" executionId="4ee7d3a7-ce1c-44fc-870a-afc870a494b7" testListId="8c84fa94-04c1-424b-9868-57a2d4851a1d" />
    <TestEntry testId="3ab0606d-4843-ff36-b97d-0c79e11782f1" executionId="33966c7f-fd73-4927-8dd5-e77ad26129e4" testListId="8c84fa94-04c1-424b-9868-57a2d4851a1d" />
    <TestEntry testId="e3655047-245b-e2c7-2c26-19e72f979c1d" executionId="993a3619-091a-4391-9415-4027a7a9790d" testListId="8c84fa94-04c1-424b-9868-57a2d4851a1d" />
    <TestEntry testId="bfd5a48b-9b5c-d7ad-9048-7f444861126c" executionId="b524e2c0-d1c4-4323-8e9f-daa3e1dfb2ce" testListId="8c84fa94-04c1-424b-9868-57a2d4851a1d" />
    <TestEntry testId="7aa98473-1098-0db5-704a-fcb553d21f64" executionId="2e722d76-7ba8-4875-aa14-1da34d5bcf93" testListId="8c84fa94-04c1-424b-9868-57a2d4851a1d" />
    <TestEntry testId="992a5310-7fd9-eb34-e20d-949f0af01a8f" executionId="5b69a5ab-d0c6-486f-91fd-1f3a39a26b07" testListId="8c84fa94-04c1-424b-9868-57a2d4851a1d" />
    <TestEntry testId="2b7e328f-6321-4faa-4f85-a74ea89855b4" executionId="cd9b5719-e44f-4fd2-a40e-fe6b9fa3a5f9" testListId="8c84fa94-04c1-424b-9868-57a2d4851a1d" />
    <TestEntry testId="afec4393-b7fa-2c17-aed2-743a831c3492" executionId="1d97cac8-a121-4d7d-9b23-824c33e23e81" testListId="8c84fa94-04c1-424b-9868-57a2d4851a1d" />
    <TestEntry testId="183ae838-6eb2-ddd1-fc18-d3ab32673286" executionId="5c553b93-2ba3-49ed-b12d-bdf696fb07a1" testListId="8c84fa94-04c1-424b-9868-57a2d4851a1d" />
    <TestEntry testId="0a0f56e1-2426-9c27-75c5-72e83aa4f18c" executionId="518eb853-ea2d-465c-8abc-c2ecf5c81596" testListId="8c84fa94-04c1-424b-9868-57a2d4851a1d" />
    <TestEntry testId="6ffdc6d3-cefb-3296-5e75-ac13fe3afd03" executionId="0f25f4b7-be05-4fc6-9b44-d95d55c7f488" testListId="8c84fa94-04c1-424b-9868-57a2d4851a1d" />
    <TestEntry testId="2940acf1-9b67-2da0-4ad9-484d74cbdbc9" executionId="9ebebbe3-45b9-4a97-8cf7-1d2abc012327" testListId="8c84fa94-04c1-424b-9868-57a2d4851a1d" />
    <TestEntry testId="f4a6d75b-22de-c9be-71c8-5150c846f601" executionId="d62b30f3-2dfb-4593-8b98-f0149f831b1c" testListId="8c84fa94-04c1-424b-9868-57a2d4851a1d" />
    <TestEntry testId="06f73701-65f7-da2b-e94f-6c850186d97a" executionId="681ba780-ebd9-40d6-aa5c-61400f9b6dd7" testListId="8c84fa94-04c1-424b-9868-57a2d4851a1d" />
    <TestEntry testId="c75fc2ac-fde7-2038-d9a8-d86e951811a0" executionId="bde86094-031e-4bbd-a9ae-184118ffc26b" testListId="8c84fa94-04c1-424b-9868-57a2d4851a1d" />
    <TestEntry testId="cf3f4348-6cc3-43d1-c760-65208684009c" executionId="e96fd08f-680a-4b29-8860-a2a22cdf2019" testListId="8c84fa94-04c1-424b-9868-57a2d4851a1d" />
    <TestEntry testId="70b0a96d-aaac-2125-44fa-4f6d63eb62a7" executionId="a3811d0d-779d-411a-bf96-4f0b879f8603" testListId="8c84fa94-04c1-424b-9868-57a2d4851a1d" />
    <TestEntry testId="704f985a-5aa6-9a9c-79d7-6d97e84b7f0f" executionId="deb00521-4433-49b9-b47a-99e3127663c2" testListId="8c84fa94-04c1-424b-9868-57a2d4851a1d" />
    <TestEntry testId="df9d4979-ebf4-48fa-eaa6-d378215805ce" executionId="d0eca8e6-090e-4a68-a8ef-4742d8fa165b" testListId="8c84fa94-04c1-424b-9868-57a2d4851a1d" />
    <TestEntry testId="715ebd6e-8b82-0185-36f5-00ae9c6bc485" executionId="bcc3b111-572a-4e81-8cbd-f725b51b413d" testListId="8c84fa94-04c1-424b-9868-57a2d4851a1d" />
    <TestEntry testId="bfd8552d-cec2-9ab5-c397-fd0fb67479e8" executionId="e7e4140f-4d7f-4fe8-bcdd-1e4f0c8c6a5e" testListId="8c84fa94-04c1-424b-9868-57a2d4851a1d" />
    <TestEntry testId="ee944308-05a6-64ab-5bf9-f0a0e7c8737a" executionId="a4a0443e-a2eb-40f7-b276-65b2a4640e4b" testListId="8c84fa94-04c1-424b-9868-57a2d4851a1d" />
    <TestEntry testId="0627374f-baab-d288-a8a5-3146f1936a2d" executionId="1ac0a60a-98f1-40d3-a5fe-30f472e8f471" testListId="8c84fa94-04c1-424b-9868-57a2d4851a1d" />
    <TestEntry testId="f1d86270-c9d8-c961-65be-24cc50d1fc4b" executionId="e511f4bd-ac6d-45e2-83bc-8737c92b0b8d" testListId="8c84fa94-04c1-424b-9868-57a2d4851a1d" />
    <TestEntry testId="9c8a3a37-92aa-2f07-2535-a6f269371959" executionId="3574bd44-1b31-4e95-92b5-190097c8460e" testListId="8c84fa94-04c1-424b-9868-57a2d4851a1d" />
    <TestEntry testId="3aefb9d4-9cc0-272d-dc50-69446f55302e" executionId="62fb0b4d-bc26-42c2-8398-d900f194d511" testListId="8c84fa94-04c1-424b-9868-57a2d4851a1d" />
    <TestEntry testId="fcfa95f2-720f-8082-c577-4f9e22c76102" executionId="d0b4b9ff-4759-4783-b6f0-61ca1575fa45" testListId="8c84fa94-04c1-424b-9868-57a2d4851a1d" />
    <TestEntry testId="ae083652-0bf7-c673-dce4-870a432603ee" executionId="27b9919b-8d32-4966-b8d9-5f6768c480e9" testListId="8c84fa94-04c1-424b-9868-57a2d4851a1d" />
    <TestEntry testId="c028a664-47e7-d1e0-a29b-c2782421ecca" executionId="24abb811-9b55-4ec1-b652-d9195a502686" testListId="8c84fa94-04c1-424b-9868-57a2d4851a1d" />
    <TestEntry testId="b02641ef-4dbb-1d38-fc9f-e1bd29220c37" executionId="257670a9-5230-45d8-aec1-d1fb3c9808ee" testListId="8c84fa94-04c1-424b-9868-57a2d4851a1d" />
    <TestEntry testId="f2c9598d-6c11-6ff1-ac6e-8c319ed45aad" executionId="46ed7ef4-5797-4c3e-8ce6-781c9bcaa1ca" testListId="8c84fa94-04c1-424b-9868-57a2d4851a1d" />
    <TestEntry testId="c93ffe48-5243-dfb2-8a93-461c879cf606" executionId="be09701a-8a54-4e4a-8af8-c668d0f2ee50" testListId="8c84fa94-04c1-424b-9868-57a2d4851a1d" />
    <TestEntry testId="bc5ed1ac-46cb-3ce7-5958-bc8141b19b62" executionId="b64e1063-e148-4558-ad8c-93b5604b62f8" testListId="8c84fa94-04c1-424b-9868-57a2d4851a1d" />
    <TestEntry testId="e817df08-1352-7924-6f37-9159ad0539e6" executionId="39e7d11d-55d1-41d0-8e65-404eb736770c" testListId="8c84fa94-04c1-424b-9868-57a2d4851a1d" />
    <TestEntry testId="2705846c-0b46-907b-6d14-254e6bc6494a" executionId="9ba223ee-df7e-47ab-9e24-3b19720a12b9" testListId="8c84fa94-04c1-424b-9868-57a2d4851a1d" />
    <TestEntry testId="c184168b-7b90-1c26-9870-9e31f6f1dde3" executionId="8b19f414-64c4-472c-996a-3652aee6c920" testListId="8c84fa94-04c1-424b-9868-57a2d4851a1d" />
    <TestEntry testId="f2fd9c40-ebed-2a46-34fc-5586a484fe11" executionId="09d941fa-098b-4f30-8c2a-8cce209652a6" testListId="8c84fa94-04c1-424b-9868-57a2d4851a1d" />
    <TestEntry testId="48d6f10d-3141-2ae9-4d33-c4a338f334ee" executionId="7e61472b-28ec-47cb-b125-f2af679641c4" testListId="8c84fa94-04c1-424b-9868-57a2d4851a1d" />
    <TestEntry testId="728da468-f507-e742-b2ad-f61f3c2f234c" executionId="edc5b12f-a65b-40fe-a75f-e671fc35d882" testListId="8c84fa94-04c1-424b-9868-57a2d4851a1d" />
    <TestEntry testId="e6cae91e-3af9-1d6d-3935-2160925e38e7" executionId="07fcff91-0509-4d5e-a8d3-dd002bec812c" testListId="8c84fa94-04c1-424b-9868-57a2d4851a1d" />
    <TestEntry testId="a2a281b6-476e-eb5a-45e5-afa89a5fb8b5" executionId="fadfd432-60fb-41cd-bef3-8797b254b052" testListId="8c84fa94-04c1-424b-9868-57a2d4851a1d" />
    <TestEntry testId="8071e8fe-9b4b-2580-cbc1-7f7b5fdb3e47" executionId="1c5755ee-1398-450f-a0a2-e4151d97a025" testListId="8c84fa94-04c1-424b-9868-57a2d4851a1d" />
    <TestEntry testId="85bc1fba-aa1e-c1ef-9000-a508e9350978" executionId="941730c6-86b9-42b0-a2ad-e19837bae8b3" testListId="8c84fa94-04c1-424b-9868-57a2d4851a1d" />
    <TestEntry testId="d1e32dc2-f33f-5363-4a8c-0ea170a9c822" executionId="f8fc4101-2c59-441e-b7a6-ca8804ee15ea" testListId="8c84fa94-04c1-424b-9868-57a2d4851a1d" />
    <TestEntry testId="aaa025c4-539f-dc62-f50b-af3c4325c449" executionId="075c5c64-02e5-4e9d-9a7b-5b95b05813b1" testListId="8c84fa94-04c1-424b-9868-57a2d4851a1d" />
    <TestEntry testId="9e43b977-3c91-5be2-de15-4f95a8e1f8c7" executionId="663ca1e2-5936-4f77-9ad0-d8f395be37a8" testListId="8c84fa94-04c1-424b-9868-57a2d4851a1d" />
    <TestEntry testId="5783bddb-fec7-d995-a012-a4ea9e07bdbd" executionId="3a5c8826-bf7c-4a07-b1fd-ff9a34adc94c" testListId="8c84fa94-04c1-424b-9868-57a2d4851a1d" />
    <TestEntry testId="7f3420a7-c01c-ee16-8a61-460ee76e48af" executionId="922c1a19-93bb-497a-83d2-888dcb3aaaad" testListId="8c84fa94-04c1-424b-9868-57a2d4851a1d" />
    <TestEntry testId="cad52bb7-add3-40f2-d3bf-b3532e5f7a63" executionId="2d0a3624-9e66-4663-825a-1f285a9ded3f" testListId="8c84fa94-04c1-424b-9868-57a2d4851a1d" />
    <TestEntry testId="2461313c-95d1-07bf-c932-ab214f8a619b" executionId="c58af2ab-6147-4064-8e15-d6bbfa024c66" testListId="8c84fa94-04c1-424b-9868-57a2d4851a1d" />
    <TestEntry testId="b88b9ca8-ba65-70cd-81ce-345ab5fb1d53" executionId="15aec202-5b23-4ce8-bfae-645b0de797ee" testListId="8c84fa94-04c1-424b-9868-57a2d4851a1d" />
    <TestEntry testId="fb89f0d9-b250-f580-809f-a6350fa8fd66" executionId="b218701c-e3de-4d0e-a0f6-c0f5b966e995" testListId="8c84fa94-04c1-424b-9868-57a2d4851a1d" />
    <TestEntry testId="33874d17-d7f8-330a-d70a-23c0ca497170" executionId="762ed25d-1850-47c9-bc03-545bef5e3efa" testListId="8c84fa94-04c1-424b-9868-57a2d4851a1d" />
    <TestEntry testId="64c1c071-8523-ad97-417a-c762f98be0b4" executionId="4245a236-da91-4c92-8260-2be0692e15dc" testListId="8c84fa94-04c1-424b-9868-57a2d4851a1d" />
    <TestEntry testId="7892f007-71df-5c3b-ebcf-6ef2c37fadc0" executionId="ccf3de41-7cbf-4642-b8e5-4c941d3e1bf9" testListId="8c84fa94-04c1-424b-9868-57a2d4851a1d" />
    <TestEntry testId="a250f3fb-9de6-3396-c0f7-a3dadfe0ee2c" executionId="aaab9ada-b77e-4744-a7fa-64a03025197f" testListId="8c84fa94-04c1-424b-9868-57a2d4851a1d" />
    <TestEntry testId="6453b38b-95cb-b6aa-9375-25acdc4c2487" executionId="b48fe14d-1faf-4836-a588-c48c53990b8d" testListId="8c84fa94-04c1-424b-9868-57a2d4851a1d" />
    <TestEntry testId="7f620adb-a555-cf8e-6039-9aba1a009772" executionId="5a6e7455-de49-4b47-a0c6-bf8de38cce7a" testListId="8c84fa94-04c1-424b-9868-57a2d4851a1d" />
    <TestEntry testId="2c5f1bbd-c340-38e3-42f3-b2209263335f" executionId="232f5355-a8fb-4a4e-99bd-6a6e766f1dfb" testListId="8c84fa94-04c1-424b-9868-57a2d4851a1d" />
    <TestEntry testId="afbb9659-a5fc-9266-3d62-d7f0d8dcbab6" executionId="c3225a7c-29a6-4002-bd70-86d6e5788a79" testListId="8c84fa94-04c1-424b-9868-57a2d4851a1d" />
    <TestEntry testId="511a4f61-ce89-55d2-60bf-217e67e9f532" executionId="ed5f7f34-c482-48ba-87e7-437e2da5b16e" testListId="8c84fa94-04c1-424b-9868-57a2d4851a1d" />
    <TestEntry testId="69c0b0c9-79e3-762b-51b3-d77e96aed020" executionId="f74a1427-d3a0-439b-bd24-cb3786953a59" testListId="8c84fa94-04c1-424b-9868-57a2d4851a1d" />
    <TestEntry testId="70274760-027a-23e7-88b1-7688da4db4eb" executionId="44cb0215-6cf3-4578-9cb9-5876d99e830c" testListId="8c84fa94-04c1-424b-9868-57a2d4851a1d" />
    <TestEntry testId="07679b95-0c77-33dd-c8d5-e1376510063a" executionId="ea52b934-20ab-4bc9-b5ec-e0b5a3e6b846" testListId="8c84fa94-04c1-424b-9868-57a2d4851a1d" />
    <TestEntry testId="b3de0653-64d2-8615-b480-d5f14ca81853" executionId="d1da64a0-a5bf-4891-9461-8278c2583b87" testListId="8c84fa94-04c1-424b-9868-57a2d4851a1d" />
    <TestEntry testId="4d151c41-de40-a77d-9114-a00800a2f22f" executionId="0e53281b-ea99-45a8-805d-3e793bae2cf6" testListId="8c84fa94-04c1-424b-9868-57a2d4851a1d" />
    <TestEntry testId="fa18e5a6-2bc3-12df-bb51-c37d30f52f95" executionId="80555bbc-3443-4b9a-a2f4-219e9ab5e2fe" testListId="8c84fa94-04c1-424b-9868-57a2d4851a1d" />
    <TestEntry testId="fa106201-6689-e149-ee9f-22bc394d4b15" executionId="d9113b7d-fa94-4d77-bfe0-7dcea18f2dbd" testListId="8c84fa94-04c1-424b-9868-57a2d4851a1d" />
    <TestEntry testId="df464f9e-b112-5566-5b91-0946280686ed" executionId="0686f9e7-3919-41a7-a31b-8ebc38be78db" testListId="8c84fa94-04c1-424b-9868-57a2d4851a1d" />
    <TestEntry testId="8283d241-590a-b382-504b-bad3e64fc92e" executionId="d83b0d0e-9e69-416c-a863-e916e16b9612" testListId="8c84fa94-04c1-424b-9868-57a2d4851a1d" />
    <TestEntry testId="843d4548-139b-668c-d827-42f4346b3ef0" executionId="496cd2a0-a517-4fdb-9175-38d8e96e16b3" testListId="8c84fa94-04c1-424b-9868-57a2d4851a1d" />
    <TestEntry testId="0599638c-2006-192a-49da-9fa79df3b55e" executionId="d64d9f38-1ee0-4706-9eec-ae8cb5c7c163" testListId="8c84fa94-04c1-424b-9868-57a2d4851a1d" />
    <TestEntry testId="84b36a15-9006-9254-a29b-b856bea432a4" executionId="0a04c85d-46dd-4c6b-947d-9f7b96b65e72" testListId="8c84fa94-04c1-424b-9868-57a2d4851a1d" />
    <TestEntry testId="9cca6d32-4a0b-e5dd-1a59-a901edd68fd6" executionId="f23758ee-3c9c-4510-8dd3-1dcb5645c8ce" testListId="8c84fa94-04c1-424b-9868-57a2d4851a1d" />
    <TestEntry testId="e620761f-f36f-3a30-5a60-f84267c8154b" executionId="d325c8be-bd92-446d-b1f6-df570ee26a89" testListId="8c84fa94-04c1-424b-9868-57a2d4851a1d" />
    <TestEntry testId="3b6c1979-5d5b-f7df-8831-5e65b0e818fd" executionId="e8bcf0a1-d86e-4991-805b-7b7eff1e5af4" testListId="8c84fa94-04c1-424b-9868-57a2d4851a1d" />
    <TestEntry testId="10573e1f-0aa2-6e3a-c6a4-1a9a094661dc" executionId="a9442db2-5f37-4e62-95e2-b6a3dfd22652" testListId="8c84fa94-04c1-424b-9868-57a2d4851a1d" />
    <TestEntry testId="194ba9b1-34c4-2b4a-2ba8-b132b9ebf998" executionId="afa28c12-2700-4db9-a7cd-ebfc5a9915cf" testListId="8c84fa94-04c1-424b-9868-57a2d4851a1d" />
    <TestEntry testId="c446db48-fe0d-6c23-577a-d3adf5810ca1" executionId="986c2395-7662-4e17-b600-571cd9f88a0e" testListId="8c84fa94-04c1-424b-9868-57a2d4851a1d" />
    <TestEntry testId="25da0ecb-8f65-f3a6-c92d-fed8f87247e6" executionId="ce008f26-aaf7-4fc0-abe1-b46845181f01" testListId="8c84fa94-04c1-424b-9868-57a2d4851a1d" />
    <TestEntry testId="a462fc82-d08d-a927-6e82-ea09024ca4ef" executionId="a1dfeb56-2b56-4901-b4eb-0c11c04bd85b" testListId="8c84fa94-04c1-424b-9868-57a2d4851a1d" />
    <TestEntry testId="84a3a475-fcd9-a697-a886-bb4311389ff1" executionId="cca57faf-d6a8-43a6-880a-fbf15776d471" testListId="8c84fa94-04c1-424b-9868-57a2d4851a1d" />
    <TestEntry testId="e34bbd78-70b7-8bee-c46b-6fb18c901aa2" executionId="3f092a00-2273-4f53-bd74-83be0e1fb398" testListId="8c84fa94-04c1-424b-9868-57a2d4851a1d" />
    <TestEntry testId="59d167f3-98f7-3905-876e-bc940d58c269" executionId="d6207ae8-ac11-4591-aac5-347b7bab50af" testListId="8c84fa94-04c1-424b-9868-57a2d4851a1d" />
    <TestEntry testId="8ddf2343-b416-72d4-fe07-7424be6bf3cc" executionId="8ae04677-b37f-421c-9629-feb5a1e6f324" testListId="8c84fa94-04c1-424b-9868-57a2d4851a1d" />
    <TestEntry testId="3c01b151-3119-7729-69fb-12ad4b09e592" executionId="e2591f18-c043-45d4-85e6-4833968a51c6" testListId="8c84fa94-04c1-424b-9868-57a2d4851a1d" />
    <TestEntry testId="dd1468a1-9af3-1aa0-7b70-41b163e3c3e7" executionId="1618de0f-b716-432a-8bc1-0a585454d74b" testListId="8c84fa94-04c1-424b-9868-57a2d4851a1d" />
    <TestEntry testId="2691a8a8-cda7-2520-f88d-5b729c47edea" executionId="2c2546ee-670c-48b2-83b8-30e03fdd554a" testListId="8c84fa94-04c1-424b-9868-57a2d4851a1d" />
    <TestEntry testId="6b99a904-39c7-b2a5-cb92-c1c5bd5d3c67" executionId="904aa670-ea97-45be-8b88-b54842bf924b" testListId="8c84fa94-04c1-424b-9868-57a2d4851a1d" />
    <TestEntry testId="45426eba-5da1-7927-75a6-85bf8e09818e" executionId="d870b5d4-a414-4a6a-ad93-4a8aff37ceb0" testListId="8c84fa94-04c1-424b-9868-57a2d4851a1d" />
    <TestEntry testId="0ba55472-e42d-ce89-4611-b74239fe58fa" executionId="27abfd11-50cf-4ed8-ae03-4aecd7c8e2cf" testListId="8c84fa94-04c1-424b-9868-57a2d4851a1d" />
    <TestEntry testId="6dbfaaf3-0c2f-79c7-5448-3d9091ca07d2" executionId="b3484f01-f0cd-4760-a1cd-29c99e0085a4" testListId="8c84fa94-04c1-424b-9868-57a2d4851a1d" />
    <TestEntry testId="a6320d81-84be-b348-18dd-019a5fed078d" executionId="aad27f10-1f14-47f2-9ff4-0f599918a783" testListId="8c84fa94-04c1-424b-9868-57a2d4851a1d" />
    <TestEntry testId="26598c77-ae79-f56c-1115-9577c1ec0551" executionId="7d25f321-46dc-441e-b815-e48afda8255e" testListId="8c84fa94-04c1-424b-9868-57a2d4851a1d" />
    <TestEntry testId="c73872e3-de49-0d4a-fbe2-3bd9c4a10210" executionId="47b68e12-f6d3-4f16-b452-144518a0b783" testListId="8c84fa94-04c1-424b-9868-57a2d4851a1d" />
    <TestEntry testId="d1cc7d48-afbd-466f-5015-ef2680fa4bcb" executionId="1a6af675-d81d-4744-baab-a4d343332ea6" testListId="8c84fa94-04c1-424b-9868-57a2d4851a1d" />
    <TestEntry testId="7ce48d38-4867-2cfe-7006-39c642c6f124" executionId="183e72db-8d00-48d4-9355-c612de467b7a" testListId="8c84fa94-04c1-424b-9868-57a2d4851a1d" />
  </TestEntries>
  <Results>
    <UnitTestResult executionId="9fb5626b-c13b-4432-a0e4-6eecb547cf98" testId="2196f553-8d96-0cb1-ab6a-222290e750c6" testName="EqualsTest" computerName="USSLCL00134" duration="00:00:00.0511605" startTime="2012-06-22T16:52:57.1903248-06:00" endTime="2012-06-22T16:52:58.0213723-06:00" testType="13cdc9d9-ddb5-4fa4-a97d-d965ccfc6d4b" outcome="Passed" testListId="8c84fa94-04c1-424b-9868-57a2d4851a1d" relativeResultsDirectory="9fb5626b-c13b-4432-a0e4-6eecb547cf98">
    </UnitTestResult>
    <UnitTestResult executionId="3093f518-c7d7-4f2e-99a3-3ee78764b4bb" testId="965a50e8-2ef6-40c1-4122-e2170c7021eb" testName="SetToZeroTest" computerName="USSLCL00134" duration="00:00:00.1990972" startTime="2012-06-22T16:52:58.0363732-06:00" endTime="2012-06-22T16:52:58.2543857-06:00" testType="13cdc9d9-ddb5-4fa4-a97d-d965ccfc6d4b" outcome="Passed" testListId="8c84fa94-04c1-424b-9868-57a2d4851a1d" relativeResultsDirectory="3093f518-c7d7-4f2e-99a3-3ee78764b4bb">
    </UnitTestResult>
    <UnitTestResult executionId="f0f7e16f-72c5-4a7c-928b-2c1c6087a7c7" testId="f0ba5c0b-8960-4edd-4fed-108844165cf0" testName="GetKetTest" computerName="USSLCL00134" duration="00:00:00.0023963" startTime="2012-06-22T16:52:58.2593860-06:00" endTime="2012-06-22T16:52:58.2753869-06:00" testType="13cdc9d9-ddb5-4fa4-a97d-d965ccfc6d4b" outcome="Passed" testListId="8c84fa94-04c1-424b-9868-57a2d4851a1d" relativeResultsDirectory="f0f7e16f-72c5-4a7c-928b-2c1c6087a7c7">
    </UnitTestResult>
    <UnitTestResult executionId="f25c89e4-9816-4045-a7db-6f3db05e4266" testId="d5ba24d1-27d1-0b69-994f-a21952016180" testName="GetAmplitudeTest" computerName="USSLCL00134" duration="00:00:00.0308668" startTime="2012-06-22T16:52:58.2873876-06:00" endTime="2012-06-22T16:52:58.3293900-06:00" testType="13cdc9d9-ddb5-4fa4-a97d-d965ccfc6d4b" outcome="Passed" testListId="8c84fa94-04c1-424b-9868-57a2d4851a1d" relativeResultsDirectory="f25c89e4-9816-4045-a7db-6f3db05e4266">
    </UnitTestResult>
    <UnitTestResult executionId="f2482dd7-4775-4f7e-b9e7-3e2618a3aabc" testId="7c93be96-b5a0-1d46-8810-c4cc0920cb2c" testName="GetNormalizedAmplitudeTest" computerName="USSLCL00134" duration="00:00:00.0079558" startTime="2012-06-22T16:52:58.3333902-06:00" endTime="2012-06-22T16:52:58.3523913-06:00" testType="13cdc9d9-ddb5-4fa4-a97d-d965ccfc6d4b" outcome="Passed" testListId="8c84fa94-04c1-424b-9868-57a2d4851a1d" relativeResultsDirectory="f2482dd7-4775-4f7e-b9e7-3e2618a3aabc">
    </UnitTestResult>
    <UnitTestResult executionId="d0c11bd2-a320-4cf8-9513-c20a9f7c6a87" testId="257c1c06-b11a-4bb0-9757-e03ddfaada2b" testName="IsProbabilisticSystemTest" computerName="USSLCL00134" duration="00:00:00.0116964" startTime="2012-06-22T16:52:58.3853932-06:00" endTime="2012-06-22T16:52:58.4113946-06:00" testType="13cdc9d9-ddb5-4fa4-a97d-d965ccfc6d4b" outcome="Passed" testListId="8c84fa94-04c1-424b-9868-57a2d4851a1d" relativeResultsDirectory="d0c11bd2-a320-4cf8-9513-c20a9f7c6a87">
    </UnitTestResult>
    <UnitTestResult executionId="9f108dbc-5ea8-4634-ac10-f07353d87d2f" testId="bb7a77ba-178f-5917-6d9f-a8ef964738e0" testName="ConjugateTest" computerName="USSLCL00134" duration="00:00:00.0062389" startTime="2012-06-22T16:52:58.4263955-06:00" endTime="2012-06-22T16:52:58.4483968-06:00" testType="13cdc9d9-ddb5-4fa4-a97d-d965ccfc6d4b" outcome="Passed" testListId="8c84fa94-04c1-424b-9868-57a2d4851a1d" relativeResultsDirectory="9f108dbc-5ea8-4634-ac10-f07353d87d2f">
    </UnitTestResult>
    <UnitTestResult executionId="01115a62-28f4-4845-936b-daf862e4db6a" testId="191c732e-b797-fda9-14e6-f62313d93af1" testName="EqualsTest" computerName="USSLCL00134" duration="00:00:00.0012695" startTime="2012-06-22T16:52:58.4673979-06:00" endTime="2012-06-22T16:52:58.4833988-06:00" testType="13cdc9d9-ddb5-4fa4-a97d-d965ccfc6d4b" outcome="Passed" testListId="8c84fa94-04c1-424b-9868-57a2d4851a1d" relativeResultsDirectory="01115a62-28f4-4845-936b-daf862e4db6a">
    </UnitTestResult>
    <UnitTestResult executionId="11ea53c2-a42c-48d8-87c5-7ec557d16aef" testId="4611c12d-ab9b-ec67-f03d-aef14139fd18" testName="InnerProductTest" computerName="USSLCL00134" duration="00:00:00.0082834" startTime="2012-06-22T16:52:58.4883991-06:00" endTime="2012-06-22T16:52:58.5084002-06:00" testType="13cdc9d9-ddb5-4fa4-a97d-d965ccfc6d4b" outcome="Passed" testListId="8c84fa94-04c1-424b-9868-57a2d4851a1d" relativeResultsDirectory="11ea53c2-a42c-48d8-87c5-7ec557d16aef">
    </UnitTestResult>
    <UnitTestResult executionId="a40071f0-39f6-4d83-b66b-b0720c62de49" testId="bf6c2469-a2b3-a877-1023-ee9bd6de0e5b" testName="AdjointTest" computerName="USSLCL00134" duration="00:00:00.0013257" startTime="2012-06-22T16:52:58.5274013-06:00" endTime="2012-06-22T16:52:58.5404020-06:00" testType="13cdc9d9-ddb5-4fa4-a97d-d965ccfc6d4b" outcome="Passed" testListId="8c84fa94-04c1-424b-9868-57a2d4851a1d" relativeResultsDirectory="a40071f0-39f6-4d83-b66b-b0720c62de49">
    </UnitTestResult>
    <UnitTestResult executionId="95d1bf81-3d5c-44c0-a214-f3a31cb5a742" testId="45c1478b-4df2-7873-3421-9c35cffff0b5" testName="TransposeTest" computerName="USSLCL00134" duration="00:00:00.0012368" startTime="2012-06-22T16:52:58.5554029-06:00" endTime="2012-06-22T16:52:58.5664035-06:00" testType="13cdc9d9-ddb5-4fa4-a97d-d965ccfc6d4b" outcome="Passed" testListId="8c84fa94-04c1-424b-9868-57a2d4851a1d" relativeResultsDirectory="95d1bf81-3d5c-44c0-a214-f3a31cb5a742">
    </UnitTestResult>
    <UnitTestResult executionId="e6375d55-5ef6-4e23-a884-cc166c9ce543" testId="d234dbe8-2eb3-6ce6-3747-7c6cec0f5c2b" testName="ItemTest" computerName="USSLCL00134" duration="00:00:00.0007745" startTime="2012-06-22T16:52:58.5704037-06:00" endTime="2012-06-22T16:52:58.5804043-06:00" testType="13cdc9d9-ddb5-4fa4-a97d-d965ccfc6d4b" outcome="Passed" testListId="8c84fa94-04c1-424b-9868-57a2d4851a1d" relativeResultsDirectory="e6375d55-5ef6-4e23-a884-cc166c9ce543">
    </UnitTestResult>
    <UnitTestResult executionId="749bf097-d69d-4e7a-9a97-3593293a5f8e" testId="aac142ce-38b2-6d3f-cd65-e8254c3e066b" testName="IdentityMatrixTest" computerName="USSLCL00134" duration="00:00:00.0012726" startTime="2012-06-22T16:52:58.5904049-06:00" endTime="2012-06-22T16:52:58.6004055-06:00" testType="13cdc9d9-ddb5-4fa4-a97d-d965ccfc6d4b" outcome="Passed" testListId="8c84fa94-04c1-424b-9868-57a2d4851a1d" relativeResultsDirectory="749bf097-d69d-4e7a-9a97-3593293a5f8e">
    </UnitTestResult>
    <UnitTestResult executionId="3e207876-8ae2-4cb1-b31f-cdf880a35e78" testId="2f70a04a-052e-804a-c12d-8ce7e0d5829f" testName="op_MultiplyMatrixAndVectorTest" computerName="USSLCL00134" duration="00:00:00.0013196" startTime="2012-06-22T16:52:58.6154063-06:00" endTime="2012-06-22T16:52:58.6274070-06:00" testType="13cdc9d9-ddb5-4fa4-a97d-d965ccfc6d4b" outcome="Passed" testListId="8c84fa94-04c1-424b-9868-57a2d4851a1d" relativeResultsDirectory="3e207876-8ae2-4cb1-b31f-cdf880a35e78">
    </UnitTestResult>
    <UnitTestResult executionId="9e774485-f20a-4628-9626-f0c2119057b0" testId="49e51852-7075-5008-f887-b580ee4d13af" testName="IsHermitianTest" computerName="USSLCL00134" duration="00:00:00.0079119" startTime="2012-06-22T16:52:58.6324073-06:00" endTime="2012-06-22T16:52:58.6494083-06:00" testType="13cdc9d9-ddb5-4fa4-a97d-d965ccfc6d4b" outcome="Passed" testListId="8c84fa94-04c1-424b-9868-57a2d4851a1d" relativeResultsDirectory="9e774485-f20a-4628-9626-f0c2119057b0">
    </UnitTestResult>
    <UnitTestResult executionId="03f99b5c-8ba5-4ae8-9670-95b171162a66" testId="86846568-9c1a-b5d9-8a2f-14b2fd1eb1c6" testName="op_ImplicitTest" computerName="USSLCL00134" duration="00:00:00.0046822" startTime="2012-06-22T16:52:58.6544085-06:00" endTime="2012-06-22T16:52:58.6684093-06:00" testType="13cdc9d9-ddb5-4fa4-a97d-d965ccfc6d4b" outcome="Passed" testListId="8c84fa94-04c1-424b-9868-57a2d4851a1d" relativeResultsDirectory="03f99b5c-8ba5-4ae8-9670-95b171162a66">
    </UnitTestResult>
    <UnitTestResult executionId="fc124a24-7685-428c-8b18-103be04fd9dd" testId="cd40d60c-7ba3-fd50-057a-8cb8ecef5565" testName="op_PowerTest" computerName="USSLCL00134" duration="00:00:00.0044450" startTime="2012-06-22T16:52:58.6734096-06:00" endTime="2012-06-22T16:52:58.6874104-06:00" testType="13cdc9d9-ddb5-4fa4-a97d-d965ccfc6d4b" outcome="Passed" testListId="8c84fa94-04c1-424b-9868-57a2d4851a1d" relativeResultsDirectory="fc124a24-7685-428c-8b18-103be04fd9dd">
    </UnitTestResult>
    <UnitTestResult executionId="8d5ee12f-bd43-442c-9e58-56615e26d3d1" testId="0b103c37-48a5-eca8-d21a-8bbd6e27c98c" testName="ExpectedValueTest" computerName="USSLCL00134" duration="00:00:00.0022858" startTime="2012-06-22T16:52:58.6924107-06:00" endTime="2012-06-22T16:52:58.7044114-06:00" testType="13cdc9d9-ddb5-4fa4-a97d-d965ccfc6d4b" outcome="Passed" testListId="8c84fa94-04c1-424b-9868-57a2d4851a1d" relativeResultsDirectory="8d5ee12f-bd43-442c-9e58-56615e26d3d1">
    </UnitTestResult>
    <UnitTestResult executionId="ae5971f5-acfe-47c7-949d-c2dc4a05379b" testId="a3e4879d-2ea1-a209-e3f3-b52750cb2d8b" testName="VarianceTest" computerName="USSLCL00134" duration="00:00:00.0071990" startTime="2012-06-22T16:52:58.7084116-06:00" endTime="2012-06-22T16:52:58.7274127-06:00" testType="13cdc9d9-ddb5-4fa4-a97d-d965ccfc6d4b" outcome="Passed" testListId="8c84fa94-04c1-424b-9868-57a2d4851a1d" relativeResultsDirectory="ae5971f5-acfe-47c7-949d-c2dc4a05379b">
    </UnitTestResult>
    <UnitTestResult executionId="89bfae36-1d2a-4689-819c-004b957d89ff" testId="56d4e2ab-80ac-74c9-cdc4-cd3967d0842f" testName="Exercise4o1o1" computerName="USSLCL00134" duration="00:00:00.0011933" startTime="2012-06-22T16:52:58.7354132-06:00" endTime="2012-06-22T16:52:58.7454138-06:00" testType="13cdc9d9-ddb5-4fa4-a97d-d965ccfc6d4b" outcome="Passed" testListId="8c84fa94-04c1-424b-9868-57a2d4851a1d" relativeResultsDirectory="89bfae36-1d2a-4689-819c-004b957d89ff">
    </UnitTestResult>
    <UnitTestResult executionId="ee0dd697-bd99-47ca-8a88-af1b2517881d" testId="b920ca27-2e1f-e8ec-c9ba-d4cbb754ace4" testName="Exercise4o1o5" computerName="USSLCL00134" duration="00:00:00.0017511" startTime="2012-06-22T16:52:58.7504140-06:00" endTime="2012-06-22T16:52:58.7694151-06:00" testType="13cdc9d9-ddb5-4fa4-a97d-d965ccfc6d4b" outcome="Passed" testListId="8c84fa94-04c1-424b-9868-57a2d4851a1d" relativeResultsDirectory="ee0dd697-bd99-47ca-8a88-af1b2517881d">
    </UnitTestResult>
    <UnitTestResult executionId="d40f21f7-b002-48aa-85be-1a1072650c36" testId="cfda23f5-8521-9279-3cfb-c362ea2104e6" testName="Example4o2o1" computerName="USSLCL00134" duration="00:00:00.0013985" startTime="2012-06-22T16:52:58.7784156-06:00" endTime="2012-06-22T16:52:58.7914164-06:00" testType="13cdc9d9-ddb5-4fa4-a97d-d965ccfc6d4b" outcome="Passed" testListId="8c84fa94-04c1-424b-9868-57a2d4851a1d" relativeResultsDirectory="d40f21f7-b002-48aa-85be-1a1072650c36">
    </UnitTestResult>
    <UnitTestResult executionId="fa38ffd8-8463-47ea-96d9-b9ebef96072b" testId="976f17c9-51e8-e105-25f5-c30dcb83cb62" testName="Exercise4o2o2" computerName="USSLCL00134" duration="00:00:00.0015640" startTime="2012-06-22T16:52:58.7984168-06:00" endTime="2012-06-22T16:52:58.8104175-06:00" testType="13cdc9d9-ddb5-4fa4-a97d-d965ccfc6d4b" outcome="Passed" testListId="8c84fa94-04c1-424b-9868-57a2d4851a1d" relativeResultsDirectory="fa38ffd8-8463-47ea-96d9-b9ebef96072b">
    </UnitTestResult>
    <UnitTestResult executionId="7ca352e9-0bae-4778-835e-a740fcf2adc0" testId="1f1cd201-bd9b-d73b-7631-79422db50907" testName="Exercise4o2o6" computerName="USSLCL00134" duration="00:00:00.0016976" startTime="2012-06-22T16:52:58.8174179-06:00" endTime="2012-06-22T16:52:58.8294186-06:00" testType="13cdc9d9-ddb5-4fa4-a97d-d965ccfc6d4b" outcome="Passed" testListId="8c84fa94-04c1-424b-9868-57a2d4851a1d" relativeResultsDirectory="7ca352e9-0bae-4778-835e-a740fcf2adc0">
    </UnitTestResult>
    <UnitTestResult executionId="bbbeb8dc-81f4-4982-a14a-d5d6b616c0a0" testId="f368b193-6b5a-1b14-7094-e125316b3e80" testName="Exercise4o2o7" computerName="USSLCL00134" duration="00:00:00.0024933" startTime="2012-06-22T16:52:58.8344188-06:00" endTime="2012-06-22T16:52:58.8474196-06:00" testType="13cdc9d9-ddb5-4fa4-a97d-d965ccfc6d4b" outcome="Passed" testListId="8c84fa94-04c1-424b-9868-57a2d4851a1d" relativeResultsDirectory="bbbeb8dc-81f4-4982-a14a-d5d6b616c0a0">
    </UnitTestResult>
    <UnitTestResult executionId="5885de71-e4f7-42fe-a6a1-f7da3759d7f9" testId="8c87e582-c187-2428-641f-ac52b8bc8afb" testName="Exercise4o2o8" computerName="USSLCL00134" duration="00:00:00.0060526" startTime="2012-06-22T16:52:58.8514198-06:00" endTime="2012-06-22T16:52:58.8674207-06:00" testType="13cdc9d9-ddb5-4fa4-a97d-d965ccfc6d4b" outcome="Passed" testListId="8c84fa94-04c1-424b-9868-57a2d4851a1d" relativeResultsDirectory="5885de71-e4f7-42fe-a6a1-f7da3759d7f9">
    </UnitTestResult>
    <UnitTestResult executionId="21c4f1c4-5e3d-45a9-9358-645e34498423" testId="7f80f8e7-2e2b-ea96-23b0-2d1d4cb799d4" testName="Exercise4o2o9" computerName="USSLCL00134" duration="00:00:00.0034823" startTime="2012-06-22T16:52:58.8724210-06:00" endTime="2012-06-22T16:52:58.8854218-06:00" testType="13cdc9d9-ddb5-4fa4-a97d-d965ccfc6d4b" outcome="Passed" testListId="8c84fa94-04c1-424b-9868-57a2d4851a1d" relativeResultsDirectory="21c4f1c4-5e3d-45a9-9358-645e34498423">
    </UnitTestResult>
    <UnitTestResult executionId="c255ab88-f9c9-4b91-b814-8e259c4f3dc2" testId="acd83d3c-1f09-56f5-c309-c66c3b56b876" testName="Example4o2o7" computerName="USSLCL00134" duration="00:00:00.0029379" startTime="2012-06-22T16:52:58.8924222-06:00" endTime="2012-06-22T16:52:58.9064230-06:00" testType="13cdc9d9-ddb5-4fa4-a97d-d965ccfc6d4b" outcome="Passed" testListId="8c84fa94-04c1-424b-9868-57a2d4851a1d" relativeResultsDirectory="c255ab88-f9c9-4b91-b814-8e259c4f3dc2">
    </UnitTestResult>
    <UnitTestResult executionId="acfcb059-efc3-47b6-be7e-989d15eb67c9" testId="5b0b7f1b-1d05-7deb-83d6-f2293e41cb23" testName="VectorConstructorTest" computerName="USSLCL00134" duration="00:00:00.0020267" startTime="2012-06-22T16:52:58.9104232-06:00" endTime="2012-06-22T16:52:58.9214238-06:00" testType="13cdc9d9-ddb5-4fa4-a97d-d965ccfc6d4b" outcome="Passed" testListId="8c84fa94-04c1-424b-9868-57a2d4851a1d" relativeResultsDirectory="acfcb059-efc3-47b6-be7e-989d15eb67c9">
    </UnitTestResult>
    <UnitTestResult executionId="2e86f847-7253-47e3-aa37-63a27f975966" testId="1aac7064-31c6-c120-9e54-0819977db45a" testName="VectorConstructorTest1" computerName="USSLCL00134" duration="00:00:00.0005789" startTime="2012-06-22T16:52:58.9294243-06:00" endTime="2012-06-22T16:52:58.9394249-06:00" testType="13cdc9d9-ddb5-4fa4-a97d-d965ccfc6d4b" outcome="Passed" testListId="8c84fa94-04c1-424b-9868-57a2d4851a1d" relativeResultsDirectory="2e86f847-7253-47e3-aa37-63a27f975966">
    </UnitTestResult>
    <UnitTestResult executionId="3bcbd416-ce1d-4227-8f9c-76c00ab3c3f1" testId="9c92819f-751b-655e-72f6-604f0653711c" testName="VectorConstructorTest2" computerName="USSLCL00134" duration="00:00:00.0004119" startTime="2012-06-22T16:52:58.9464253-06:00" endTime="2012-06-22T16:52:58.9564258-06:00" testType="13cdc9d9-ddb5-4fa4-a97d-d965ccfc6d4b" outcome="Passed" testListId="8c84fa94-04c1-424b-9868-57a2d4851a1d" relativeResultsDirectory="3bcbd416-ce1d-4227-8f9c-76c00ab3c3f1">
    </UnitTestResult>
    <UnitTestResult executionId="10c12be9-5cad-4eba-8f45-38ad28573e38" testId="bc74a9f0-dfbc-1cfa-6718-f3d2cbf87b3b" testName="EqualsTest" computerName="USSLCL00134" duration="00:00:00.0005004" startTime="2012-06-22T16:52:58.9614261-06:00" endTime="2012-06-22T16:52:58.9714267-06:00" testType="13cdc9d9-ddb5-4fa4-a97d-d965ccfc6d4b" outcome="Passed" testListId="8c84fa94-04c1-424b-9868-57a2d4851a1d" relativeResultsDirectory="10c12be9-5cad-4eba-8f45-38ad28573e38">
    </UnitTestResult>
    <UnitTestResult executionId="874a96a8-3e55-4432-b210-96b2071692ea" testId="89a43019-9aa1-6b73-f686-b9999e672584" testName="DistanceTest" computerName="USSLCL00134" duration="00:00:00.0125137" startTime="2012-06-22T16:52:58.9764270-06:00" endTime="2012-06-22T16:52:58.9994283-06:00" testType="13cdc9d9-ddb5-4fa4-a97d-d965ccfc6d4b" outcome="Passed" testListId="8c84fa94-04c1-424b-9868-57a2d4851a1d" relativeResultsDirectory="874a96a8-3e55-4432-b210-96b2071692ea">
    </UnitTestResult>
    <UnitTestResult executionId="eb99e6f8-20e3-4d77-8355-406796912a6d" testId="81ff8154-7b8a-e690-97b4-6435aa07756d" testName="LengthTest" computerName="USSLCL00134" duration="00:00:00.0006421" startTime="2012-06-22T16:52:59.0044286-06:00" endTime="2012-06-22T16:52:59.0144291-06:00" testType="13cdc9d9-ddb5-4fa4-a97d-d965ccfc6d4b" outcome="Passed" testListId="8c84fa94-04c1-424b-9868-57a2d4851a1d" relativeResultsDirectory="eb99e6f8-20e3-4d77-8355-406796912a6d">
    </UnitTestResult>
    <UnitTestResult executionId="16edd82b-8d5e-49b6-8a61-f2ed56fc0fb1" testId="a742c746-5181-52e8-23a7-13e7e8c75d0d" testName="ToStringTest" computerName="USSLCL00134" duration="00:00:00.0012649" startTime="2012-06-22T16:52:59.0194294-06:00" endTime="2012-06-22T16:52:59.0304301-06:00" testType="13cdc9d9-ddb5-4fa4-a97d-d965ccfc6d4b" outcome="Passed" testListId="8c84fa94-04c1-424b-9868-57a2d4851a1d" relativeResultsDirectory="16edd82b-8d5e-49b6-8a61-f2ed56fc0fb1">
    </UnitTestResult>
    <UnitTestResult executionId="9a3bc988-a750-482a-9967-da412f2bc604" testId="38b23d36-491d-02f4-07c2-9d3cd23affc3" testName="op_AdditionTest" computerName="USSLCL00134" duration="00:00:00.0037868" startTime="2012-06-22T16:52:59.0344303-06:00" endTime="2012-06-22T16:52:59.0474310-06:00" testType="13cdc9d9-ddb5-4fa4-a97d-d965ccfc6d4b" outcome="Passed" testListId="8c84fa94-04c1-424b-9868-57a2d4851a1d" relativeResultsDirectory="9a3bc988-a750-482a-9967-da412f2bc604">
    </UnitTestResult>
    <UnitTestResult executionId="8c9c7b35-b247-429a-ae86-5b7b7f445614" testId="5f6e4234-ae47-44fc-62c5-b75e2f29c018" testName="op_EqualityTest" computerName="USSLCL00134" duration="00:00:00.0039812" startTime="2012-06-22T16:52:59.0524313-06:00" endTime="2012-06-22T16:52:59.0654321-06:00" testType="13cdc9d9-ddb5-4fa4-a97d-d965ccfc6d4b" outcome="Passed" testListId="8c84fa94-04c1-424b-9868-57a2d4851a1d" relativeResultsDirectory="8c9c7b35-b247-429a-ae86-5b7b7f445614">
    </UnitTestResult>
    <UnitTestResult executionId="3ad9ace7-4954-4482-bddd-84833e74de8d" testId="353600d6-8f81-a743-8f0c-ac1e5f0cc59e" testName="op_InequalityTest" computerName="USSLCL00134" duration="00:00:00.0005674" startTime="2012-06-22T16:52:59.0704323-06:00" endTime="2012-06-22T16:52:59.0804329-06:00" testType="13cdc9d9-ddb5-4fa4-a97d-d965ccfc6d4b" outcome="Passed" testListId="8c84fa94-04c1-424b-9868-57a2d4851a1d" relativeResultsDirectory="3ad9ace7-4954-4482-bddd-84833e74de8d">
    </UnitTestResult>
    <UnitTestResult executionId="7b6e0428-cc46-4f31-8688-da6a7c610dac" testId="30603adb-abfd-1ae1-9190-dbf549cbf25b" testName="op_MultiplyTest" computerName="USSLCL00134" duration="00:00:00.0039477" startTime="2012-06-22T16:52:59.0854332-06:00" endTime="2012-06-22T16:52:59.0994340-06:00" testType="13cdc9d9-ddb5-4fa4-a97d-d965ccfc6d4b" outcome="Passed" testListId="8c84fa94-04c1-424b-9868-57a2d4851a1d" relativeResultsDirectory="7b6e0428-cc46-4f31-8688-da6a7c610dac">
    </UnitTestResult>
    <UnitTestResult executionId="f5a9325e-8d3f-4cf8-b5a2-76642aa725dc" testId="e58e75f5-82f4-68b3-9174-e83157c210fe" testName="op_MultiplyTest1" computerName="USSLCL00134" duration="00:00:00.0006132" startTime="2012-06-22T16:52:59.1044343-06:00" endTime="2012-06-22T16:52:59.1144349-06:00" testType="13cdc9d9-ddb5-4fa4-a97d-d965ccfc6d4b" outcome="Passed" testListId="8c84fa94-04c1-424b-9868-57a2d4851a1d" relativeResultsDirectory="f5a9325e-8d3f-4cf8-b5a2-76642aa725dc">
    </UnitTestResult>
    <UnitTestResult executionId="7c5194a2-4a23-4f6c-9d41-5a05f2945430" testId="45e4093b-3343-3a21-e7a7-e836435896d3" testName="op_DotProductTest" computerName="USSLCL00134" duration="00:00:00.0006263" startTime="2012-06-22T16:52:59.1394363-06:00" endTime="2012-06-22T16:52:59.1504369-06:00" testType="13cdc9d9-ddb5-4fa4-a97d-d965ccfc6d4b" outcome="Passed" testListId="8c84fa94-04c1-424b-9868-57a2d4851a1d" relativeResultsDirectory="7c5194a2-4a23-4f6c-9d41-5a05f2945430">
    </UnitTestResult>
    <UnitTestResult executionId="2b886ea7-f7e6-4e41-bc1f-bb3c9a423e31" testId="ff295562-5e99-9434-0a6c-61d038c92b18" testName="op_SubtractionTest" computerName="USSLCL00134" duration="00:00:00.0007406" startTime="2012-06-22T16:52:59.1564373-06:00" endTime="2012-06-22T16:52:59.1684379-06:00" testType="13cdc9d9-ddb5-4fa4-a97d-d965ccfc6d4b" outcome="Passed" testListId="8c84fa94-04c1-424b-9868-57a2d4851a1d" relativeResultsDirectory="2b886ea7-f7e6-4e41-bc1f-bb3c9a423e31">
    </UnitTestResult>
    <UnitTestResult executionId="d81dd132-02f7-4e1d-9897-05d67b324947" testId="05b12b43-1783-0ca5-6417-946a728e7bad" testName="GetAngleTest" computerName="USSLCL00134" duration="00:00:00.0014570" startTime="2012-06-22T16:52:59.1774385-06:00" endTime="2012-06-22T16:52:59.1904392-06:00" testType="13cdc9d9-ddb5-4fa4-a97d-d965ccfc6d4b" outcome="Passed" testListId="8c84fa94-04c1-424b-9868-57a2d4851a1d" relativeResultsDirectory="d81dd132-02f7-4e1d-9897-05d67b324947">
    </UnitTestResult>
    <UnitTestResult executionId="751e91de-fa1b-4e1a-8b25-4ae800127b35" testId="f45ba4d9-1948-fd2a-d93c-c51eacddf456" testName="IsOrthogonalTest" computerName="USSLCL00134" duration="00:00:00.0054136" startTime="2012-06-22T16:52:59.1994397-06:00" endTime="2012-06-22T16:52:59.2164407-06:00" testType="13cdc9d9-ddb5-4fa4-a97d-d965ccfc6d4b" outcome="Passed" testListId="8c84fa94-04c1-424b-9868-57a2d4851a1d" relativeResultsDirectory="751e91de-fa1b-4e1a-8b25-4ae800127b35">
    </UnitTestResult>
    <UnitTestResult executionId="e6c75b62-97dd-4187-bf8f-06c65ea36da6" testId="8e039ac3-296f-0b32-1467-d43005f9a8c9" testName="op_UnaryNegationTest" computerName="USSLCL00134" duration="00:00:00.0052238" startTime="2012-06-22T16:52:59.2274413-06:00" endTime="2012-06-22T16:52:59.2454424-06:00" testType="13cdc9d9-ddb5-4fa4-a97d-d965ccfc6d4b" outcome="Passed" testListId="8c84fa94-04c1-424b-9868-57a2d4851a1d" relativeResultsDirectory="e6c75b62-97dd-4187-bf8f-06c65ea36da6">
    </UnitTestResult>
    <UnitTestResult executionId="0ff6922b-55b6-4246-8cc2-1fbbb797fdc4" testId="8948e81d-4481-f3a6-0a8b-92d5a21b0ed1" testName="Exercise3o1o1" computerName="USSLCL00134" duration="00:00:00.0022639" startTime="2012-06-22T16:52:59.2524428-06:00" endTime="2012-06-22T16:52:59.2644434-06:00" testType="13cdc9d9-ddb5-4fa4-a97d-d965ccfc6d4b" outcome="Passed" testListId="8c84fa94-04c1-424b-9868-57a2d4851a1d" relativeResultsDirectory="0ff6922b-55b6-4246-8cc2-1fbbb797fdc4">
    </UnitTestResult>
    <UnitTestResult executionId="e36a596f-bee3-4ed9-99ee-9599591977bf" testId="1683eaf6-b230-9872-7e1d-e1c2509c0be1" testName="Exercise3o1o2" computerName="USSLCL00134" duration="00:00:00.0060969" startTime="2012-06-22T16:52:59.2744440-06:00" endTime="2012-06-22T16:52:59.2894449-06:00" testType="13cdc9d9-ddb5-4fa4-a97d-d965ccfc6d4b" outcome="Passed" testListId="8c84fa94-04c1-424b-9868-57a2d4851a1d" relativeResultsDirectory="e36a596f-bee3-4ed9-99ee-9599591977bf">
    </UnitTestResult>
    <UnitTestResult executionId="0d03d343-6656-46fb-b004-8a900feae456" testId="06c32b76-050d-0c74-e5e5-24e8d789eea7" testName="Exercise3o1o4" computerName="USSLCL00134" duration="00:00:00.0028848" startTime="2012-06-22T16:52:59.2944452-06:00" endTime="2012-06-22T16:52:59.3064458-06:00" testType="13cdc9d9-ddb5-4fa4-a97d-d965ccfc6d4b" outcome="Passed" testListId="8c84fa94-04c1-424b-9868-57a2d4851a1d" relativeResultsDirectory="0d03d343-6656-46fb-b004-8a900feae456">
    </UnitTestResult>
    <UnitTestResult executionId="dffad3a1-b8eb-4c94-9d3e-107be5fa615a" testId="fc5f6b28-8f99-b5ff-6ec9-739c1fd6e416" testName="Example3o2o1" computerName="USSLCL00134" duration="00:00:00.0012002" startTime="2012-06-22T16:52:59.3114461-06:00" endTime="2012-06-22T16:52:59.3224468-06:00" testType="13cdc9d9-ddb5-4fa4-a97d-d965ccfc6d4b" outcome="Passed" testListId="8c84fa94-04c1-424b-9868-57a2d4851a1d" relativeResultsDirectory="dffad3a1-b8eb-4c94-9d3e-107be5fa615a">
    </UnitTestResult>
    <UnitTestResult executionId="7068424a-109f-4adb-ad1c-65e4e5860cc0" testId="9cf4c4e1-7186-5bdb-2eef-3b22d03cb6e0" testName="Exercise3o2o1" computerName="USSLCL00134" duration="00:00:00.0010905" startTime="2012-06-22T16:52:59.3274470-06:00" endTime="2012-06-22T16:52:59.3374476-06:00" testType="13cdc9d9-ddb5-4fa4-a97d-d965ccfc6d4b" outcome="Passed" testListId="8c84fa94-04c1-424b-9868-57a2d4851a1d" relativeResultsDirectory="7068424a-109f-4adb-ad1c-65e4e5860cc0">
    </UnitTestResult>
    <UnitTestResult executionId="f78a1a14-244d-4f70-a2b0-6031173f974f" testId="85e31a7a-8f31-96c4-5236-3d22a4f800d8" testName="Exercise3o2o4" computerName="USSLCL00134" duration="00:00:00.0011510" startTime="2012-06-22T16:52:59.3454481-06:00" endTime="2012-06-22T16:52:59.3554486-06:00" testType="13cdc9d9-ddb5-4fa4-a97d-d965ccfc6d4b" outcome="Passed" testListId="8c84fa94-04c1-424b-9868-57a2d4851a1d" relativeResultsDirectory="f78a1a14-244d-4f70-a2b0-6031173f974f">
    </UnitTestResult>
    <UnitTestResult executionId="49e8d70c-1fc9-4b28-894f-7deb439debf4" testId="aec04687-b925-f293-88d7-b9bf8f00fc28" testName="Exercise3o2o6" computerName="USSLCL00134" duration="00:00:00.0071917" startTime="2012-06-22T16:52:59.3624490-06:00" endTime="2012-06-22T16:52:59.3794500-06:00" testType="13cdc9d9-ddb5-4fa4-a97d-d965ccfc6d4b" outcome="Passed" testListId="8c84fa94-04c1-424b-9868-57a2d4851a1d" relativeResultsDirectory="49e8d70c-1fc9-4b28-894f-7deb439debf4">
    </UnitTestResult>
    <UnitTestResult executionId="418f9aa3-4f89-4741-985b-28db92d7476d" testId="2495be45-e753-45de-32ff-e2c3eb28668d" testName="Exercise3o3o1" computerName="USSLCL00134" duration="00:00:00.0236601" startTime="2012-06-22T16:52:59.3844503-06:00" endTime="2012-06-22T16:52:59.4164521-06:00" testType="13cdc9d9-ddb5-4fa4-a97d-d965ccfc6d4b" outcome="Passed" testListId="8c84fa94-04c1-424b-9868-57a2d4851a1d" relativeResultsDirectory="418f9aa3-4f89-4741-985b-28db92d7476d">
    </UnitTestResult>
    <UnitTestResult executionId="68f6868d-0746-4e16-ae96-aeb42b17a43c" testId="65483be5-ecd7-0f52-6a6b-f305d0d31089" testName="Exercise3o4o2" computerName="USSLCL00134" duration="00:00:00.0090579" startTime="2012-06-22T16:52:59.4234525-06:00" endTime="2012-06-22T16:52:59.4424536-06:00" testType="13cdc9d9-ddb5-4fa4-a97d-d965ccfc6d4b" outcome="Passed" testListId="8c84fa94-04c1-424b-9868-57a2d4851a1d" relativeResultsDirectory="68f6868d-0746-4e16-ae96-aeb42b17a43c">
    </UnitTestResult>
    <UnitTestResult executionId="4ee7d3a7-ce1c-44fc-870a-afc870a494b7" testId="2c0938a7-7ed1-e7a6-af0a-563ef75e9dfc" testName="Exercise3o4o3" computerName="USSLCL00134" duration="00:00:00.0015078" startTime="2012-06-22T16:52:59.4474539-06:00" endTime="2012-06-22T16:52:59.4584545-06:00" testType="13cdc9d9-ddb5-4fa4-a97d-d965ccfc6d4b" outcome="Passed" testListId="8c84fa94-04c1-424b-9868-57a2d4851a1d" relativeResultsDirectory="4ee7d3a7-ce1c-44fc-870a-afc870a494b7">
    </UnitTestResult>
    <UnitTestResult executionId="33966c7f-fd73-4927-8dd5-e77ad26129e4" testId="3ab0606d-4843-ff36-b97d-0c79e11782f1" testName="Exercise2o1o1" computerName="USSLCL00134" duration="00:00:00.0010913" startTime="2012-06-22T16:52:59.4654549-06:00" endTime="2012-06-22T16:52:59.4754555-06:00" testType="13cdc9d9-ddb5-4fa4-a97d-d965ccfc6d4b" outcome="Passed" testListId="8c84fa94-04c1-424b-9868-57a2d4851a1d" relativeResultsDirectory="33966c7f-fd73-4927-8dd5-e77ad26129e4">
    </UnitTestResult>
    <UnitTestResult executionId="993a3619-091a-4391-9415-4027a7a9790d" testId="e3655047-245b-e2c7-2c26-19e72f979c1d" testName="TestEquation2o13" computerName="USSLCL00134" duration="00:00:00.0006736" startTime="2012-06-22T16:52:59.4804558-06:00" endTime="2012-06-22T16:52:59.4904564-06:00" testType="13cdc9d9-ddb5-4fa4-a97d-d965ccfc6d4b" outcome="Passed" testListId="8c84fa94-04c1-424b-9868-57a2d4851a1d" relativeResultsDirectory="993a3619-091a-4391-9415-4027a7a9790d">
    </UnitTestResult>
    <UnitTestResult executionId="b524e2c0-d1c4-4323-8e9f-daa3e1dfb2ce" testId="bfd5a48b-9b5c-d7ad-9048-7f444861126c" testName="Exercise2o1o3" computerName="USSLCL00134" duration="00:00:00.0007718" startTime="2012-06-22T16:52:59.4954567-06:00" endTime="2012-06-22T16:52:59.5054572-06:00" testType="13cdc9d9-ddb5-4fa4-a97d-d965ccfc6d4b" outcome="Passed" testListId="8c84fa94-04c1-424b-9868-57a2d4851a1d" relativeResultsDirectory="b524e2c0-d1c4-4323-8e9f-daa3e1dfb2ce">
    </UnitTestResult>
    <UnitTestResult executionId="2e722d76-7ba8-4875-aa14-1da34d5bcf93" testId="7aa98473-1098-0db5-704a-fcb553d21f64" testName="Exercise2o1o4" computerName="USSLCL00134" duration="00:00:00.0005289" startTime="2012-06-22T16:52:59.5104575-06:00" endTime="2012-06-22T16:52:59.5204581-06:00" testType="13cdc9d9-ddb5-4fa4-a97d-d965ccfc6d4b" outcome="Passed" testListId="8c84fa94-04c1-424b-9868-57a2d4851a1d" relativeResultsDirectory="2e722d76-7ba8-4875-aa14-1da34d5bcf93">
    </UnitTestResult>
    <UnitTestResult executionId="5b69a5ab-d0c6-486f-91fd-1f3a39a26b07" testId="992a5310-7fd9-eb34-e20d-949f0af01a8f" testName="Exercise2o2o1" computerName="USSLCL00134" duration="00:00:00.0004303" startTime="2012-06-22T16:52:59.5284585-06:00" endTime="2012-06-22T16:52:59.5394592-06:00" testType="13cdc9d9-ddb5-4fa4-a97d-d965ccfc6d4b" outcome="Passed" testListId="8c84fa94-04c1-424b-9868-57a2d4851a1d" relativeResultsDirectory="5b69a5ab-d0c6-486f-91fd-1f3a39a26b07">
    </UnitTestResult>
    <UnitTestResult executionId="cd9b5719-e44f-4fd2-a40e-fe6b9fa3a5f9" testId="2b7e328f-6321-4faa-4f85-a74ea89855b4" testName="Exercise2o2o3" computerName="USSLCL00134" duration="00:00:00.0030049" startTime="2012-06-22T16:52:59.5454595-06:00" endTime="2012-06-22T16:52:59.5584603-06:00" testType="13cdc9d9-ddb5-4fa4-a97d-d965ccfc6d4b" outcome="Passed" testListId="8c84fa94-04c1-424b-9868-57a2d4851a1d" relativeResultsDirectory="cd9b5719-e44f-4fd2-a40e-fe6b9fa3a5f9">
    </UnitTestResult>
    <UnitTestResult executionId="1d97cac8-a121-4d7d-9b23-824c33e23e81" testId="afec4393-b7fa-2c17-aed2-743a831c3492" testName="Exercise2o2o5" computerName="USSLCL00134" duration="00:00:00.0025006" startTime="2012-06-22T16:52:59.5634605-06:00" endTime="2012-06-22T16:52:59.5744612-06:00" testType="13cdc9d9-ddb5-4fa4-a97d-d965ccfc6d4b" outcome="Passed" testListId="8c84fa94-04c1-424b-9868-57a2d4851a1d" relativeResultsDirectory="1d97cac8-a121-4d7d-9b23-824c33e23e81">
    </UnitTestResult>
    <UnitTestResult executionId="5c553b93-2ba3-49ed-b12d-bdf696fb07a1" testId="183ae838-6eb2-ddd1-fc18-d3ab32673286" testName="Exercise2o2o6" computerName="USSLCL00134" duration="00:00:00.0073206" startTime="2012-06-22T16:52:59.5794615-06:00" endTime="2012-06-22T16:52:59.5964624-06:00" testType="13cdc9d9-ddb5-4fa4-a97d-d965ccfc6d4b" outcome="Passed" testListId="8c84fa94-04c1-424b-9868-57a2d4851a1d" relativeResultsDirectory="5c553b93-2ba3-49ed-b12d-bdf696fb07a1">
    </UnitTestResult>
    <UnitTestResult executionId="518eb853-ea2d-465c-8abc-c2ecf5c81596" testId="0a0f56e1-2426-9c27-75c5-72e83aa4f18c" testName="Exercise2o2o8" computerName="USSLCL00134" duration="00:00:00.0022042" startTime="2012-06-22T16:52:59.6004627-06:00" endTime="2012-06-22T16:52:59.6124633-06:00" testType="13cdc9d9-ddb5-4fa4-a97d-d965ccfc6d4b" outcome="Passed" testListId="8c84fa94-04c1-424b-9868-57a2d4851a1d" relativeResultsDirectory="518eb853-ea2d-465c-8abc-c2ecf5c81596">
    </UnitTestResult>
    <UnitTestResult executionId="0f25f4b7-be05-4fc6-9b44-d95d55c7f488" testId="6ffdc6d3-cefb-3296-5e75-ac13fe3afd03" testName="Exercise2o2o9" computerName="USSLCL00134" duration="00:00:00.0830717" startTime="2012-06-22T16:52:59.6164636-06:00" endTime="2012-06-22T16:52:59.7114690-06:00" testType="13cdc9d9-ddb5-4fa4-a97d-d965ccfc6d4b" outcome="Passed" testListId="8c84fa94-04c1-424b-9868-57a2d4851a1d" relativeResultsDirectory="0f25f4b7-be05-4fc6-9b44-d95d55c7f488">
    </UnitTestResult>
    <UnitTestResult executionId="9ebebbe3-45b9-4a97-8cf7-1d2abc012327" testId="2940acf1-9b67-2da0-4ad9-484d74cbdbc9" testName="Example2o3o5" computerName="USSLCL00134" duration="00:00:00.0013388" startTime="2012-06-22T16:52:59.7364704-06:00" endTime="2012-06-22T16:52:59.7664722-06:00" testType="13cdc9d9-ddb5-4fa4-a97d-d965ccfc6d4b" outcome="Passed" testListId="8c84fa94-04c1-424b-9868-57a2d4851a1d" relativeResultsDirectory="9ebebbe3-45b9-4a97-8cf7-1d2abc012327">
    </UnitTestResult>
    <UnitTestResult executionId="d62b30f3-2dfb-4593-8b98-f0149f831b1c" testId="f4a6d75b-22de-c9be-71c8-5150c846f601" testName="Example2o3o3" computerName="USSLCL00134" duration="00:00:00.0008892" startTime="2012-06-22T16:52:59.7744726-06:00" endTime="2012-06-22T16:52:59.7874734-06:00" testType="13cdc9d9-ddb5-4fa4-a97d-d965ccfc6d4b" outcome="Passed" testListId="8c84fa94-04c1-424b-9868-57a2d4851a1d" relativeResultsDirectory="d62b30f3-2dfb-4593-8b98-f0149f831b1c">
    </UnitTestResult>
    <UnitTestResult executionId="681ba780-ebd9-40d6-aa5c-61400f9b6dd7" testId="06f73701-65f7-da2b-e94f-6c850186d97a" testName="Exercise2o4o1" computerName="USSLCL00134" duration="00:00:00.0020722" startTime="2012-06-22T16:52:59.7934737-06:00" endTime="2012-06-22T16:52:59.8064744-06:00" testType="13cdc9d9-ddb5-4fa4-a97d-d965ccfc6d4b" outcome="Passed" testListId="8c84fa94-04c1-424b-9868-57a2d4851a1d" relativeResultsDirectory="681ba780-ebd9-40d6-aa5c-61400f9b6dd7">
    </UnitTestResult>
    <UnitTestResult executionId="bde86094-031e-4bbd-a9ae-184118ffc26b" testId="c75fc2ac-fde7-2038-d9a8-d86e951811a0" testName="Exercise2o4o3" computerName="USSLCL00134" duration="00:00:00.0025129" startTime="2012-06-22T16:52:59.8124748-06:00" endTime="2012-06-22T16:52:59.8264756-06:00" testType="13cdc9d9-ddb5-4fa4-a97d-d965ccfc6d4b" outcome="Passed" testListId="8c84fa94-04c1-424b-9868-57a2d4851a1d" relativeResultsDirectory="bde86094-031e-4bbd-a9ae-184118ffc26b">
    </UnitTestResult>
    <UnitTestResult executionId="e96fd08f-680a-4b29-8860-a2a22cdf2019" testId="cf3f4348-6cc3-43d1-c760-65208684009c" testName="Exercise2o4o5" computerName="USSLCL00134" duration="00:00:00.0016514" startTime="2012-06-22T16:52:59.8334760-06:00" endTime="2012-06-22T16:52:59.8444766-06:00" testType="13cdc9d9-ddb5-4fa4-a97d-d965ccfc6d4b" outcome="Passed" testListId="8c84fa94-04c1-424b-9868-57a2d4851a1d" relativeResultsDirectory="e96fd08f-680a-4b29-8860-a2a22cdf2019">
    </UnitTestResult>
    <UnitTestResult executionId="a3811d0d-779d-411a-bf96-4f0b879f8603" testId="70b0a96d-aaac-2125-44fa-4f6d63eb62a7" testName="Exercise2o4o6" computerName="USSLCL00134" duration="00:00:00.0006771" startTime="2012-06-22T16:52:59.8494769-06:00" endTime="2012-06-22T16:52:59.8604775-06:00" testType="13cdc9d9-ddb5-4fa4-a97d-d965ccfc6d4b" outcome="Passed" testListId="8c84fa94-04c1-424b-9868-57a2d4851a1d" relativeResultsDirectory="a3811d0d-779d-411a-bf96-4f0b879f8603">
    </UnitTestResult>
    <UnitTestResult executionId="deb00521-4433-49b9-b47a-99e3127663c2" testId="704f985a-5aa6-9a9c-79d7-6d97e84b7f0f" testName="Exercise2o4o7" computerName="USSLCL00134" duration="00:00:00.0010382" startTime="2012-06-22T16:52:59.8644778-06:00" endTime="2012-06-22T16:52:59.8764784-06:00" testType="13cdc9d9-ddb5-4fa4-a97d-d965ccfc6d4b" outcome="Passed" testListId="8c84fa94-04c1-424b-9868-57a2d4851a1d" relativeResultsDirectory="deb00521-4433-49b9-b47a-99e3127663c2">
    </UnitTestResult>
    <UnitTestResult executionId="d0eca8e6-090e-4a68-a8ef-4742d8fa165b" testId="df9d4979-ebf4-48fa-eaa6-d378215805ce" testName="Exercise2o4o8" computerName="USSLCL00134" duration="00:00:00.0014120" startTime="2012-06-22T16:52:59.8804787-06:00" endTime="2012-06-22T16:52:59.8914793-06:00" testType="13cdc9d9-ddb5-4fa4-a97d-d965ccfc6d4b" outcome="Passed" testListId="8c84fa94-04c1-424b-9868-57a2d4851a1d" relativeResultsDirectory="d0eca8e6-090e-4a68-a8ef-4742d8fa165b">
    </UnitTestResult>
    <UnitTestResult executionId="bcc3b111-572a-4e81-8cbd-f725b51b413d" testId="715ebd6e-8b82-0185-36f5-00ae9c6bc485" testName="Exercise2o5o1" computerName="USSLCL00134" duration="00:00:00.0021091" startTime="2012-06-22T16:52:59.8994798-06:00" endTime="2012-06-22T16:52:59.9124805-06:00" testType="13cdc9d9-ddb5-4fa4-a97d-d965ccfc6d4b" outcome="Passed" testListId="8c84fa94-04c1-424b-9868-57a2d4851a1d" relativeResultsDirectory="bcc3b111-572a-4e81-8cbd-f725b51b413d">
    </UnitTestResult>
    <UnitTestResult executionId="e7e4140f-4d7f-4fe8-bcdd-1e4f0c8c6a5e" testId="bfd8552d-cec2-9ab5-c397-fd0fb67479e8" testName="Exercise2o6o1" computerName="USSLCL00134" duration="00:00:00.0009215" startTime="2012-06-22T16:52:59.9174808-06:00" endTime="2012-06-22T16:52:59.9274814-06:00" testType="13cdc9d9-ddb5-4fa4-a97d-d965ccfc6d4b" outcome="Passed" testListId="8c84fa94-04c1-424b-9868-57a2d4851a1d" relativeResultsDirectory="e7e4140f-4d7f-4fe8-bcdd-1e4f0c8c6a5e">
    </UnitTestResult>
    <UnitTestResult executionId="a4a0443e-a2eb-40f7-b276-65b2a4640e4b" testId="ee944308-05a6-64ab-5bf9-f0a0e7c8737a" testName="Exercise2o6o5" computerName="USSLCL00134" duration="00:00:00.0146833" startTime="2012-06-22T16:52:59.9334817-06:00" endTime="2012-06-22T16:52:59.9574831-06:00" testType="13cdc9d9-ddb5-4fa4-a97d-d965ccfc6d4b" outcome="Passed" testListId="8c84fa94-04c1-424b-9868-57a2d4851a1d" relativeResultsDirectory="a4a0443e-a2eb-40f7-b276-65b2a4640e4b">
    </UnitTestResult>
    <UnitTestResult executionId="1ac0a60a-98f1-40d3-a5fe-30f472e8f471" testId="0627374f-baab-d288-a8a5-3146f1936a2d" testName="Exercise2o6o6" computerName="USSLCL00134" duration="00:00:00.0037941" startTime="2012-06-22T16:52:59.9624834-06:00" endTime="2012-06-22T16:52:59.9754841-06:00" testType="13cdc9d9-ddb5-4fa4-a97d-d965ccfc6d4b" outcome="Passed" testListId="8c84fa94-04c1-424b-9868-57a2d4851a1d" relativeResultsDirectory="1ac0a60a-98f1-40d3-a5fe-30f472e8f471">
    </UnitTestResult>
    <UnitTestResult executionId="e511f4bd-ac6d-45e2-83bc-8737c92b0b8d" testId="f1d86270-c9d8-c961-65be-24cc50d1fc4b" testName="Exercise2o6o8" computerName="USSLCL00134" duration="00:00:00.0035208" startTime="2012-06-22T16:52:59.9804844-06:00" endTime="2012-06-22T16:52:59.9934851-06:00" testType="13cdc9d9-ddb5-4fa4-a97d-d965ccfc6d4b" outcome="Passed" testListId="8c84fa94-04c1-424b-9868-57a2d4851a1d" relativeResultsDirectory="e511f4bd-ac6d-45e2-83bc-8737c92b0b8d">
    </UnitTestResult>
    <UnitTestResult executionId="3574bd44-1b31-4e95-92b5-190097c8460e" testId="9c8a3a37-92aa-2f07-2535-a6f269371959" testName="Exercise2o6o9" computerName="USSLCL00134" duration="00:00:00.0087515" startTime="2012-06-22T16:52:59.9984854-06:00" endTime="2012-06-22T16:53:00.0164865-06:00" testType="13cdc9d9-ddb5-4fa4-a97d-d965ccfc6d4b" outcome="Passed" testListId="8c84fa94-04c1-424b-9868-57a2d4851a1d" relativeResultsDirectory="3574bd44-1b31-4e95-92b5-190097c8460e">
    </UnitTestResult>
    <UnitTestResult executionId="62fb0b4d-bc26-42c2-8398-d900f194d511" testId="3aefb9d4-9cc0-272d-dc50-69446f55302e" testName="Exercise2o7o1" computerName="USSLCL00134" duration="00:00:00.0018704" startTime="2012-06-22T16:53:00.0214867-06:00" endTime="2012-06-22T16:53:00.0334874-06:00" testType="13cdc9d9-ddb5-4fa4-a97d-d965ccfc6d4b" outcome="Passed" testListId="8c84fa94-04c1-424b-9868-57a2d4851a1d" relativeResultsDirectory="62fb0b4d-bc26-42c2-8398-d900f194d511">
    </UnitTestResult>
    <UnitTestResult executionId="d0b4b9ff-4759-4783-b6f0-61ca1575fa45" testId="fcfa95f2-720f-8082-c577-4f9e22c76102" testName="Exercise2o7o3" computerName="USSLCL00134" duration="00:00:00.0102271" startTime="2012-06-22T16:53:00.0384877-06:00" endTime="2012-06-22T16:53:00.0574888-06:00" testType="13cdc9d9-ddb5-4fa4-a97d-d965ccfc6d4b" outcome="Passed" testListId="8c84fa94-04c1-424b-9868-57a2d4851a1d" relativeResultsDirectory="d0b4b9ff-4759-4783-b6f0-61ca1575fa45">
    </UnitTestResult>
    <UnitTestResult executionId="27b9919b-8d32-4966-b8d9-5f6768c480e9" testId="ae083652-0bf7-c673-dce4-870a432603ee" testName="Exercise2o7o4" computerName="USSLCL00134" duration="00:00:00.0017573" startTime="2012-06-22T16:53:00.0624891-06:00" endTime="2012-06-22T16:53:00.0734897-06:00" testType="13cdc9d9-ddb5-4fa4-a97d-d965ccfc6d4b" outcome="Passed" testListId="8c84fa94-04c1-424b-9868-57a2d4851a1d" relativeResultsDirectory="27b9919b-8d32-4966-b8d9-5f6768c480e9">
    </UnitTestResult>
    <UnitTestResult executionId="24abb811-9b55-4ec1-b652-d9195a502686" testId="c028a664-47e7-d1e0-a29b-c2782421ecca" testName="Exercise2o7o5" computerName="USSLCL00134" duration="00:00:00.0019775" startTime="2012-06-22T16:53:00.0804901-06:00" endTime="2012-06-22T16:53:00.0914907-06:00" testType="13cdc9d9-ddb5-4fa4-a97d-d965ccfc6d4b" outcome="Passed" testListId="8c84fa94-04c1-424b-9868-57a2d4851a1d" relativeResultsDirectory="24abb811-9b55-4ec1-b652-d9195a502686">
    </UnitTestResult>
    <UnitTestResult executionId="257670a9-5230-45d8-aec1-d1fb3c9808ee" testId="b02641ef-4dbb-1d38-fc9f-e1bd29220c37" testName="Exercise2o7o7" computerName="USSLCL00134" duration="00:00:00.0025765" startTime="2012-06-22T16:53:00.0964910-06:00" endTime="2012-06-22T16:53:00.1074917-06:00" testType="13cdc9d9-ddb5-4fa4-a97d-d965ccfc6d4b" outcome="Passed" testListId="8c84fa94-04c1-424b-9868-57a2d4851a1d" relativeResultsDirectory="257670a9-5230-45d8-aec1-d1fb3c9808ee">
    </UnitTestResult>
    <UnitTestResult executionId="46ed7ef4-5797-4c3e-8ce6-781c9bcaa1ca" testId="f2c9598d-6c11-6ff1-ac6e-8c319ed45aad" testName="Exercise2o7o9" computerName="USSLCL00134" duration="00:00:00.0015190" startTime="2012-06-22T16:53:00.1124919-06:00" endTime="2012-06-22T16:53:00.1254927-06:00" testType="13cdc9d9-ddb5-4fa4-a97d-d965ccfc6d4b" outcome="Passed" testListId="8c84fa94-04c1-424b-9868-57a2d4851a1d" relativeResultsDirectory="46ed7ef4-5797-4c3e-8ce6-781c9bcaa1ca">
    </UnitTestResult>
    <UnitTestResult executionId="be09701a-8a54-4e4a-8af8-c668d0f2ee50" testId="c93ffe48-5243-dfb2-8a93-461c879cf606" testName="ZeroTest" computerName="USSLCL00134" duration="00:00:00.0004442" startTime="2012-06-22T16:53:00.1304930-06:00" endTime="2012-06-22T16:53:00.1414936-06:00" testType="13cdc9d9-ddb5-4fa4-a97d-d965ccfc6d4b" outcome="Passed" testListId="8c84fa94-04c1-424b-9868-57a2d4851a1d" relativeResultsDirectory="be09701a-8a54-4e4a-8af8-c668d0f2ee50">
    </UnitTestResult>
    <UnitTestResult executionId="b64e1063-e148-4558-ad8c-93b5604b62f8" testId="bc5ed1ac-46cb-3ce7-5958-bc8141b19b62" testName="OneTest" computerName="USSLCL00134" duration="00:00:00.0003564" startTime="2012-06-22T16:53:00.1494941-06:00" endTime="2012-06-22T16:53:00.1594946-06:00" testType="13cdc9d9-ddb5-4fa4-a97d-d965ccfc6d4b" outcome="Passed" testListId="8c84fa94-04c1-424b-9868-57a2d4851a1d" relativeResultsDirectory="b64e1063-e148-4558-ad8c-93b5604b62f8">
    </UnitTestResult>
    <UnitTestResult executionId="39e7d11d-55d1-41d0-8e65-404eb736770c" testId="e817df08-1352-7924-6f37-9159ad0539e6" testName="NegativeOneTest" computerName="USSLCL00134" duration="00:00:00.0005012" startTime="2012-06-22T16:53:00.1644949-06:00" endTime="2012-06-22T16:53:00.1744955-06:00" testType="13cdc9d9-ddb5-4fa4-a97d-d965ccfc6d4b" outcome="Passed" testListId="8c84fa94-04c1-424b-9868-57a2d4851a1d" relativeResultsDirectory="39e7d11d-55d1-41d0-8e65-404eb736770c">
    </UnitTestResult>
    <UnitTestResult executionId="9ba223ee-df7e-47ab-9e24-3b19720a12b9" testId="2705846c-0b46-907b-6d14-254e6bc6494a" testName="NegativeITest" computerName="USSLCL00134" duration="00:00:00.0002602" startTime="2012-06-22T16:53:00.1794958-06:00" endTime="2012-06-22T16:53:00.1884963-06:00" testType="13cdc9d9-ddb5-4fa4-a97d-d965ccfc6d4b" outcome="Passed" testListId="8c84fa94-04c1-424b-9868-57a2d4851a1d" relativeResultsDirectory="9ba223ee-df7e-47ab-9e24-3b19720a12b9">
    </UnitTestResult>
    <UnitTestResult executionId="8b19f414-64c4-472c-996a-3652aee6c920" testId="c184168b-7b90-1c26-9870-9e31f6f1dde3" testName="RealTest" computerName="USSLCL00134" duration="00:00:00.0003533" startTime="2012-06-22T16:53:00.1934966-06:00" endTime="2012-06-22T16:53:00.2044972-06:00" testType="13cdc9d9-ddb5-4fa4-a97d-d965ccfc6d4b" outcome="Passed" testListId="8c84fa94-04c1-424b-9868-57a2d4851a1d" relativeResultsDirectory="8b19f414-64c4-472c-996a-3652aee6c920">
    </UnitTestResult>
    <UnitTestResult executionId="09d941fa-098b-4f30-8c2a-8cce209652a6" testId="f2fd9c40-ebed-2a46-34fc-5586a484fe11" testName="ImaginaryTest" computerName="USSLCL00134" duration="00:00:00.0003618" startTime="2012-06-22T16:53:00.2114976-06:00" endTime="2012-06-22T16:53:00.2214982-06:00" testType="13cdc9d9-ddb5-4fa4-a97d-d965ccfc6d4b" outcome="Passed" testListId="8c84fa94-04c1-424b-9868-57a2d4851a1d" relativeResultsDirectory="09d941fa-098b-4f30-8c2a-8cce209652a6">
    </UnitTestResult>
    <UnitTestResult executionId="7e61472b-28ec-47cb-b125-f2af679641c4" testId="48d6f10d-3141-2ae9-4d33-c4a338f334ee" testName="ITest" computerName="USSLCL00134" duration="00:00:00.0003329" startTime="2012-06-22T16:53:00.2274985-06:00" endTime="2012-06-22T16:53:00.2384992-06:00" testType="13cdc9d9-ddb5-4fa4-a97d-d965ccfc6d4b" outcome="Passed" testListId="8c84fa94-04c1-424b-9868-57a2d4851a1d" relativeResultsDirectory="7e61472b-28ec-47cb-b125-f2af679641c4">
    </UnitTestResult>
    <UnitTestResult executionId="edc5b12f-a65b-40fe-a75f-e671fc35d882" testId="728da468-f507-e742-b2ad-f61f3c2f234c" testName="op_AdditionTest" computerName="USSLCL00134" duration="00:00:00.0004507" startTime="2012-06-22T16:53:00.2424994-06:00" endTime="2012-06-22T16:53:00.2535000-06:00" testType="13cdc9d9-ddb5-4fa4-a97d-d965ccfc6d4b" outcome="Passed" testListId="8c84fa94-04c1-424b-9868-57a2d4851a1d" relativeResultsDirectory="edc5b12f-a65b-40fe-a75f-e671fc35d882">
    </UnitTestResult>
    <UnitTestResult executionId="07fcff91-0509-4d5e-a8d3-dd002bec812c" testId="e6cae91e-3af9-1d6d-3935-2160925e38e7" testName="ToStringTest" computerName="USSLCL00134" duration="00:00:00.0006243" startTime="2012-06-22T16:53:00.2735012-06:00" endTime="2012-06-22T16:53:00.2885020-06:00" testType="13cdc9d9-ddb5-4fa4-a97d-d965ccfc6d4b" outcome="Passed" testListId="8c84fa94-04c1-424b-9868-57a2d4851a1d" relativeResultsDirectory="07fcff91-0509-4d5e-a8d3-dd002bec812c">
    </UnitTestResult>
    <UnitTestResult executionId="fadfd432-60fb-41cd-bef3-8797b254b052" testId="a2a281b6-476e-eb5a-45e5-afa89a5fb8b5" testName="op_MultiplyTest" computerName="USSLCL00134" duration="00:00:00.0005651" startTime="2012-06-22T16:53:00.2975025-06:00" endTime="2012-06-22T16:53:00.3095032-06:00" testType="13cdc9d9-ddb5-4fa4-a97d-d965ccfc6d4b" outcome="Passed" testListId="8c84fa94-04c1-424b-9868-57a2d4851a1d" relativeResultsDirectory="fadfd432-60fb-41cd-bef3-8797b254b052">
    </UnitTestResult>
    <UnitTestResult executionId="1c5755ee-1398-450f-a0a2-e4151d97a025" testId="8071e8fe-9b4b-2580-cbc1-7f7b5fdb3e47" testName="op_DivisionTest" computerName="USSLCL00134" duration="00:00:00.0008904" startTime="2012-06-22T16:53:00.3195038-06:00" endTime="2012-06-22T16:53:00.3315045-06:00" testType="13cdc9d9-ddb5-4fa4-a97d-d965ccfc6d4b" outcome="Passed" testListId="8c84fa94-04c1-424b-9868-57a2d4851a1d" relativeResultsDirectory="1c5755ee-1398-450f-a0a2-e4151d97a025">
    </UnitTestResult>
    <UnitTestResult executionId="941730c6-86b9-42b0-a2ad-e19837bae8b3" testId="85bc1fba-aa1e-c1ef-9000-a508e9350978" testName="ModulusTest" computerName="USSLCL00134" duration="00:00:00.0003626" startTime="2012-06-22T16:53:00.3395049-06:00" endTime="2012-06-22T16:53:00.3505056-06:00" testType="13cdc9d9-ddb5-4fa4-a97d-d965ccfc6d4b" outcome="Passed" testListId="8c84fa94-04c1-424b-9868-57a2d4851a1d" relativeResultsDirectory="941730c6-86b9-42b0-a2ad-e19837bae8b3">
    </UnitTestResult>
    <UnitTestResult executionId="f8fc4101-2c59-441e-b7a6-ca8804ee15ea" testId="d1e32dc2-f33f-5363-4a8c-0ea170a9c822" testName="ConjugateTest" computerName="USSLCL00134" duration="00:00:00.0002702" startTime="2012-06-22T16:53:00.3575060-06:00" endTime="2012-06-22T16:53:00.3675065-06:00" testType="13cdc9d9-ddb5-4fa4-a97d-d965ccfc6d4b" outcome="Passed" testListId="8c84fa94-04c1-424b-9868-57a2d4851a1d" relativeResultsDirectory="f8fc4101-2c59-441e-b7a6-ca8804ee15ea">
    </UnitTestResult>
    <UnitTestResult executionId="075c5c64-02e5-4e9d-9a7b-5b95b05813b1" testId="aaa025c4-539f-dc62-f50b-af3c4325c449" testName="GetAngleTest" computerName="USSLCL00134" duration="00:00:00.0004334" startTime="2012-06-22T16:53:00.3725068-06:00" endTime="2012-06-22T16:53:00.3825074-06:00" testType="13cdc9d9-ddb5-4fa4-a97d-d965ccfc6d4b" outcome="Passed" testListId="8c84fa94-04c1-424b-9868-57a2d4851a1d" relativeResultsDirectory="075c5c64-02e5-4e9d-9a7b-5b95b05813b1">
    </UnitTestResult>
    <UnitTestResult executionId="663ca1e2-5936-4f77-9ad0-d8f395be37a8" testId="9e43b977-3c91-5be2-de15-4f95a8e1f8c7" testName="GetAngleDegreesTest" computerName="USSLCL00134" duration="00:00:00.0004230" startTime="2012-06-22T16:53:00.3895078-06:00" endTime="2012-06-22T16:53:00.3995084-06:00" testType="13cdc9d9-ddb5-4fa4-a97d-d965ccfc6d4b" outcome="Passed" testListId="8c84fa94-04c1-424b-9868-57a2d4851a1d" relativeResultsDirectory="663ca1e2-5936-4f77-9ad0-d8f395be37a8">
    </UnitTestResult>
    <UnitTestResult executionId="3a5c8826-bf7c-4a07-b1fd-ff9a34adc94c" testId="5783bddb-fec7-d995-a012-a4ea9e07bdbd" testName="SetPolarCoordinatesTest" computerName="USSLCL00134" duration="00:00:00.0004357" startTime="2012-06-22T16:53:00.4045086-06:00" endTime="2012-06-22T16:53:00.4155093-06:00" testType="13cdc9d9-ddb5-4fa4-a97d-d965ccfc6d4b" outcome="Passed" testListId="8c84fa94-04c1-424b-9868-57a2d4851a1d" relativeResultsDirectory="3a5c8826-bf7c-4a07-b1fd-ff9a34adc94c">
    </UnitTestResult>
    <UnitTestResult executionId="922c1a19-93bb-497a-83d2-888dcb3aaaad" testId="7f3420a7-c01c-ee16-8a61-460ee76e48af" testName="SetCartesianCoordinatesTest" computerName="USSLCL00134" duration="00:00:00.0003718" startTime="2012-06-22T16:53:00.4235097-06:00" endTime="2012-06-22T16:53:00.4335103-06:00" testType="13cdc9d9-ddb5-4fa4-a97d-d965ccfc6d4b" outcome="Passed" testListId="8c84fa94-04c1-424b-9868-57a2d4851a1d" relativeResultsDirectory="922c1a19-93bb-497a-83d2-888dcb3aaaad">
    </UnitTestResult>
    <UnitTestResult executionId="2d0a3624-9e66-4663-825a-1f285a9ded3f" testId="cad52bb7-add3-40f2-d3bf-b3532e5f7a63" testName="DivideTest" computerName="USSLCL00134" duration="00:00:00.0008218" startTime="2012-06-22T16:53:00.4385106-06:00" endTime="2012-06-22T16:53:00.4495112-06:00" testType="13cdc9d9-ddb5-4fa4-a97d-d965ccfc6d4b" outcome="Passed" testListId="8c84fa94-04c1-424b-9868-57a2d4851a1d" relativeResultsDirectory="2d0a3624-9e66-4663-825a-1f285a9ded3f">
    </UnitTestResult>
    <UnitTestResult executionId="c58af2ab-6147-4064-8e15-d6bbfa024c66" testId="2461313c-95d1-07bf-c932-ab214f8a619b" testName="op_PowerTest" computerName="USSLCL00134" duration="00:00:00.0005131" startTime="2012-06-22T16:53:00.4595118-06:00" endTime="2012-06-22T16:53:00.4715125-06:00" testType="13cdc9d9-ddb5-4fa4-a97d-d965ccfc6d4b" outcome="Passed" testListId="8c84fa94-04c1-424b-9868-57a2d4851a1d" relativeResultsDirectory="c58af2ab-6147-4064-8e15-d6bbfa024c66">
    </UnitTestResult>
    <UnitTestResult executionId="15aec202-5b23-4ce8-bfae-645b0de797ee" testId="b88b9ca8-ba65-70cd-81ce-345ab5fb1d53" testName="RootTest" computerName="USSLCL00134" duration="00:00:00.0006471" startTime="2012-06-22T16:53:00.4755127-06:00" endTime="2012-06-22T16:53:00.4865133-06:00" testType="13cdc9d9-ddb5-4fa4-a97d-d965ccfc6d4b" outcome="Passed" testListId="8c84fa94-04c1-424b-9868-57a2d4851a1d" relativeResultsDirectory="15aec202-5b23-4ce8-bfae-645b0de797ee">
    </UnitTestResult>
    <UnitTestResult executionId="b218701c-e3de-4d0e-a0f6-c0f5b966e995" testId="fb89f0d9-b250-f580-809f-a6350fa8fd66" testName="PolarCoordinatesTest" computerName="USSLCL00134" duration="00:00:00.0006055" startTime="2012-06-22T16:53:00.4915136-06:00" endTime="2012-06-22T16:53:00.5015142-06:00" testType="13cdc9d9-ddb5-4fa4-a97d-d965ccfc6d4b" outcome="Passed" testListId="8c84fa94-04c1-424b-9868-57a2d4851a1d" relativeResultsDirectory="b218701c-e3de-4d0e-a0f6-c0f5b966e995">
    </UnitTestResult>
    <UnitTestResult executionId="762ed25d-1850-47c9-bc03-545bef5e3efa" testId="33874d17-d7f8-330a-d70a-23c0ca497170" testName="CartesianCoordinatesTest" computerName="USSLCL00134" duration="00:00:00.0005570" startTime="2012-06-22T16:53:00.5065145-06:00" endTime="2012-06-22T16:53:00.5165151-06:00" testType="13cdc9d9-ddb5-4fa4-a97d-d965ccfc6d4b" outcome="Passed" testListId="8c84fa94-04c1-424b-9868-57a2d4851a1d" relativeResultsDirectory="762ed25d-1850-47c9-bc03-545bef5e3efa">
    </UnitTestResult>
    <UnitTestResult executionId="4245a236-da91-4c92-8260-2be0692e15dc" testId="64c1c071-8523-ad97-417a-c762f98be0b4" testName="ExponentialFormTest" computerName="USSLCL00134" duration="00:00:00.0007502" startTime="2012-06-22T16:53:00.5235155-06:00" endTime="2012-06-22T16:53:00.5355161-06:00" testType="13cdc9d9-ddb5-4fa4-a97d-d965ccfc6d4b" outcome="Passed" testListId="8c84fa94-04c1-424b-9868-57a2d4851a1d" relativeResultsDirectory="4245a236-da91-4c92-8260-2be0692e15dc">
    </UnitTestResult>
    <UnitTestResult executionId="ccf3de41-7cbf-4642-b8e5-4c941d3e1bf9" testId="7892f007-71df-5c3b-ebcf-6ef2c37fadc0" testName="op_SubtractionTest" computerName="USSLCL00134" duration="00:00:00.0006109" startTime="2012-06-22T16:53:00.5405164-06:00" endTime="2012-06-22T16:53:00.5515171-06:00" testType="13cdc9d9-ddb5-4fa4-a97d-d965ccfc6d4b" outcome="Passed" testListId="8c84fa94-04c1-424b-9868-57a2d4851a1d" relativeResultsDirectory="ccf3de41-7cbf-4642-b8e5-4c941d3e1bf9">
    </UnitTestResult>
    <UnitTestResult executionId="aaab9ada-b77e-4744-a7fa-64a03025197f" testId="a250f3fb-9de6-3396-c0f7-a3dadfe0ee2c" testName="op_MultiplyTest1" computerName="USSLCL00134" duration="00:00:00.0002975" startTime="2012-06-22T16:53:00.5575174-06:00" endTime="2012-06-22T16:53:00.5675180-06:00" testType="13cdc9d9-ddb5-4fa4-a97d-d965ccfc6d4b" outcome="Passed" testListId="8c84fa94-04c1-424b-9868-57a2d4851a1d" relativeResultsDirectory="aaab9ada-b77e-4744-a7fa-64a03025197f">
    </UnitTestResult>
    <UnitTestResult executionId="b48fe14d-1faf-4836-a588-c48c53990b8d" testId="6453b38b-95cb-b6aa-9375-25acdc4c2487" testName="op_MultiplyTest2" computerName="USSLCL00134" duration="00:00:00.0003626" startTime="2012-06-22T16:53:00.5725183-06:00" endTime="2012-06-22T16:53:00.5825188-06:00" testType="13cdc9d9-ddb5-4fa4-a97d-d965ccfc6d4b" outcome="Passed" testListId="8c84fa94-04c1-424b-9868-57a2d4851a1d" relativeResultsDirectory="b48fe14d-1faf-4836-a588-c48c53990b8d">
    </UnitTestResult>
    <UnitTestResult executionId="5a6e7455-de49-4b47-a0c6-bf8de38cce7a" testId="7f620adb-a555-cf8e-6039-9aba1a009772" testName="InnerProductTest" computerName="USSLCL00134" duration="00:00:00.0005643" startTime="2012-06-22T16:53:00.5875191-06:00" endTime="2012-06-22T16:53:00.5995198-06:00" testType="13cdc9d9-ddb5-4fa4-a97d-d965ccfc6d4b" outcome="Passed" testListId="8c84fa94-04c1-424b-9868-57a2d4851a1d" relativeResultsDirectory="5a6e7455-de49-4b47-a0c6-bf8de38cce7a">
    </UnitTestResult>
    <UnitTestResult executionId="232f5355-a8fb-4a4e-99bd-6a6e766f1dfb" testId="2c5f1bbd-c340-38e3-42f3-b2209263335f" testName="Exercise1o2o3" computerName="USSLCL00134" duration="00:00:00.0004992" startTime="2012-06-22T16:53:00.6125205-06:00" endTime="2012-06-22T16:53:00.6245212-06:00" testType="13cdc9d9-ddb5-4fa4-a97d-d965ccfc6d4b" outcome="Passed" testListId="8c84fa94-04c1-424b-9868-57a2d4851a1d" relativeResultsDirectory="232f5355-a8fb-4a4e-99bd-6a6e766f1dfb">
    </UnitTestResult>
    <UnitTestResult executionId="c3225a7c-29a6-4002-bd70-86d6e5788a79" testId="afbb9659-a5fc-9266-3d62-d7f0d8dcbab6" testName="Exercise1o2o4" computerName="USSLCL00134" duration="00:00:00.0003333" startTime="2012-06-22T16:53:00.6315216-06:00" endTime="2012-06-22T16:53:00.6435223-06:00" testType="13cdc9d9-ddb5-4fa4-a97d-d965ccfc6d4b" outcome="Passed" testListId="8c84fa94-04c1-424b-9868-57a2d4851a1d" relativeResultsDirectory="c3225a7c-29a6-4002-bd70-86d6e5788a79">
    </UnitTestResult>
    <UnitTestResult executionId="ed5f7f34-c482-48ba-87e7-437e2da5b16e" testId="511a4f61-ce89-55d2-60bf-217e67e9f532" testName="Exercise1o2o12" computerName="USSLCL00134" duration="00:00:00.0003626" startTime="2012-06-22T16:53:00.6485226-06:00" endTime="2012-06-22T16:53:00.6585232-06:00" testType="13cdc9d9-ddb5-4fa4-a97d-d965ccfc6d4b" outcome="Passed" testListId="8c84fa94-04c1-424b-9868-57a2d4851a1d" relativeResultsDirectory="ed5f7f34-c482-48ba-87e7-437e2da5b16e">
    </UnitTestResult>
    <UnitTestResult executionId="f74a1427-d3a0-439b-bd24-cb3786953a59" testId="69c0b0c9-79e3-762b-51b3-d77e96aed020" testName="Exercise1o3o2" computerName="USSLCL00134" duration="00:00:00.0007722" startTime="2012-06-22T16:53:00.6635235-06:00" endTime="2012-06-22T16:53:00.6745241-06:00" testType="13cdc9d9-ddb5-4fa4-a97d-d965ccfc6d4b" outcome="Passed" testListId="8c84fa94-04c1-424b-9868-57a2d4851a1d" relativeResultsDirectory="f74a1427-d3a0-439b-bd24-cb3786953a59">
    </UnitTestResult>
    <UnitTestResult executionId="44cb0215-6cf3-4578-9cb9-5876d99e830c" testId="70274760-027a-23e7-88b1-7688da4db4eb" testName="Exercise1o3o3" computerName="USSLCL00134" duration="00:00:00.0003399" startTime="2012-06-22T16:53:00.6805244-06:00" endTime="2012-06-22T16:53:00.6895250-06:00" testType="13cdc9d9-ddb5-4fa4-a97d-d965ccfc6d4b" outcome="Passed" testListId="8c84fa94-04c1-424b-9868-57a2d4851a1d" relativeResultsDirectory="44cb0215-6cf3-4578-9cb9-5876d99e830c">
    </UnitTestResult>
    <UnitTestResult executionId="ea52b934-20ab-4bc9-b5ec-e0b5a3e6b846" testId="07679b95-0c77-33dd-c8d5-e1376510063a" testName="Exercise1o3o4" computerName="USSLCL00134" duration="00:00:00.0003599" startTime="2012-06-22T16:53:00.6975254-06:00" endTime="2012-06-22T16:53:00.7065259-06:00" testType="13cdc9d9-ddb5-4fa4-a97d-d965ccfc6d4b" outcome="Passed" testListId="8c84fa94-04c1-424b-9868-57a2d4851a1d" relativeResultsDirectory="ea52b934-20ab-4bc9-b5ec-e0b5a3e6b846">
    </UnitTestResult>
    <UnitTestResult executionId="d1da64a0-a5bf-4891-9461-8278c2583b87" testId="b3de0653-64d2-8615-b480-d5f14ca81853" testName="Exercise1o3o7" computerName="USSLCL00134" duration="00:00:00.0003726" startTime="2012-06-22T16:53:00.7125263-06:00" endTime="2012-06-22T16:53:00.7225268-06:00" testType="13cdc9d9-ddb5-4fa4-a97d-d965ccfc6d4b" outcome="Passed" testListId="8c84fa94-04c1-424b-9868-57a2d4851a1d" relativeResultsDirectory="d1da64a0-a5bf-4891-9461-8278c2583b87">
    </UnitTestResult>
    <UnitTestResult executionId="0e53281b-ea99-45a8-805d-3e793bae2cf6" testId="4d151c41-de40-a77d-9114-a00800a2f22f" testName="Exercise1o3o8" computerName="USSLCL00134" duration="00:00:00.0002810" startTime="2012-06-22T16:53:00.7325274-06:00" endTime="2012-06-22T16:53:00.7435280-06:00" testType="13cdc9d9-ddb5-4fa4-a97d-d965ccfc6d4b" outcome="Passed" testListId="8c84fa94-04c1-424b-9868-57a2d4851a1d" relativeResultsDirectory="0e53281b-ea99-45a8-805d-3e793bae2cf6">
    </UnitTestResult>
    <UnitTestResult executionId="80555bbc-3443-4b9a-a2f4-219e9ab5e2fe" testId="fa18e5a6-2bc3-12df-bb51-c37d30f52f95" testName="Exercise1o3o9" computerName="USSLCL00134" duration="00:00:00.0003295" startTime="2012-06-22T16:53:00.7485283-06:00" endTime="2012-06-22T16:53:00.7575288-06:00" testType="13cdc9d9-ddb5-4fa4-a97d-d965ccfc6d4b" outcome="Passed" testListId="8c84fa94-04c1-424b-9868-57a2d4851a1d" relativeResultsDirectory="80555bbc-3443-4b9a-a2f4-219e9ab5e2fe">
    </UnitTestResult>
    <UnitTestResult executionId="d9113b7d-fa94-4d77-bfe0-7dcea18f2dbd" testId="fa106201-6689-e149-ee9f-22bc394d4b15" testName="MatrixConstructorTest" computerName="USSLCL00134" duration="00:00:00.0014227" startTime="2012-06-22T16:53:00.7635292-06:00" endTime="2012-06-22T16:53:00.7735298-06:00" testType="13cdc9d9-ddb5-4fa4-a97d-d965ccfc6d4b" outcome="Passed" testListId="8c84fa94-04c1-424b-9868-57a2d4851a1d" relativeResultsDirectory="d9113b7d-fa94-4d77-bfe0-7dcea18f2dbd">
    </UnitTestResult>
    <UnitTestResult executionId="0686f9e7-3919-41a7-a31b-8ebc38be78db" testId="df464f9e-b112-5566-5b91-0946280686ed" testName="op_UnaryNegationTest" computerName="USSLCL00134" duration="00:00:00.0010894" startTime="2012-06-22T16:53:00.7785300-06:00" endTime="2012-06-22T16:53:00.7915308-06:00" testType="13cdc9d9-ddb5-4fa4-a97d-d965ccfc6d4b" outcome="Passed" testListId="8c84fa94-04c1-424b-9868-57a2d4851a1d" relativeResultsDirectory="0686f9e7-3919-41a7-a31b-8ebc38be78db">
    </UnitTestResult>
    <UnitTestResult executionId="d83b0d0e-9e69-416c-a863-e916e16b9612" testId="8283d241-590a-b382-504b-bad3e64fc92e" testName="op_SubtractionTest" computerName="USSLCL00134" duration="00:00:00.0010871" startTime="2012-06-22T16:53:00.7985312-06:00" endTime="2012-06-22T16:53:00.8085318-06:00" testType="13cdc9d9-ddb5-4fa4-a97d-d965ccfc6d4b" outcome="Passed" testListId="8c84fa94-04c1-424b-9868-57a2d4851a1d" relativeResultsDirectory="d83b0d0e-9e69-416c-a863-e916e16b9612">
    </UnitTestResult>
    <UnitTestResult executionId="496cd2a0-a517-4fdb-9175-38d8e96e16b3" testId="843d4548-139b-668c-d827-42f4346b3ef0" testName="op_AdditionTest" computerName="USSLCL00134" duration="00:00:00.0017962" startTime="2012-06-22T16:53:00.8145321-06:00" endTime="2012-06-22T16:53:00.8265328-06:00" testType="13cdc9d9-ddb5-4fa4-a97d-d965ccfc6d4b" outcome="Passed" testListId="8c84fa94-04c1-424b-9868-57a2d4851a1d" relativeResultsDirectory="496cd2a0-a517-4fdb-9175-38d8e96e16b3">
    </UnitTestResult>
    <UnitTestResult executionId="d64d9f38-1ee0-4706-9eec-ae8cb5c7c163" testId="0599638c-2006-192a-49da-9fa79df3b55e" testName="op_MultiplyTest" computerName="USSLCL00134" duration="00:00:00.0023482" startTime="2012-06-22T16:53:00.8335332-06:00" endTime="2012-06-22T16:53:00.8465339-06:00" testType="13cdc9d9-ddb5-4fa4-a97d-d965ccfc6d4b" outcome="Passed" testListId="8c84fa94-04c1-424b-9868-57a2d4851a1d" relativeResultsDirectory="d64d9f38-1ee0-4706-9eec-ae8cb5c7c163">
    </UnitTestResult>
    <UnitTestResult executionId="0a04c85d-46dd-4c6b-947d-9f7b96b65e72" testId="84b36a15-9006-9254-a29b-b856bea432a4" testName="op_InequalityTest" computerName="USSLCL00134" duration="00:00:00.0017115" startTime="2012-06-22T16:53:00.8515342-06:00" endTime="2012-06-22T16:53:00.8625348-06:00" testType="13cdc9d9-ddb5-4fa4-a97d-d965ccfc6d4b" outcome="Passed" testListId="8c84fa94-04c1-424b-9868-57a2d4851a1d" relativeResultsDirectory="0a04c85d-46dd-4c6b-947d-9f7b96b65e72">
    </UnitTestResult>
    <UnitTestResult executionId="f23758ee-3c9c-4510-8dd3-1dcb5645c8ce" testId="9cca6d32-4a0b-e5dd-1a59-a901edd68fd6" testName="op_EqualityTest" computerName="USSLCL00134" duration="00:00:00.0017738" startTime="2012-06-22T16:53:00.8685352-06:00" endTime="2012-06-22T16:53:00.8795358-06:00" testType="13cdc9d9-ddb5-4fa4-a97d-d965ccfc6d4b" outcome="Passed" testListId="8c84fa94-04c1-424b-9868-57a2d4851a1d" relativeResultsDirectory="f23758ee-3c9c-4510-8dd3-1dcb5645c8ce">
    </UnitTestResult>
    <UnitTestResult executionId="d325c8be-bd92-446d-b1f6-df570ee26a89" testId="e620761f-f36f-3a30-5a60-f84267c8154b" testName="EqualsTest" computerName="USSLCL00134" duration="00:00:00.0011079" startTime="2012-06-22T16:53:00.8875363-06:00" endTime="2012-06-22T16:53:00.9005370-06:00" testType="13cdc9d9-ddb5-4fa4-a97d-d965ccfc6d4b" outcome="Passed" testListId="8c84fa94-04c1-424b-9868-57a2d4851a1d" relativeResultsDirectory="d325c8be-bd92-446d-b1f6-df570ee26a89">
    </UnitTestResult>
    <UnitTestResult executionId="e8bcf0a1-d86e-4991-805b-7b7eff1e5af4" testId="3b6c1979-5d5b-f7df-8831-5e65b0e818fd" testName="CompareSizeTest" computerName="USSLCL00134" duration="00:00:00.0006039" startTime="2012-06-22T16:53:00.9105376-06:00" endTime="2012-06-22T16:53:00.9235383-06:00" testType="13cdc9d9-ddb5-4fa4-a97d-d965ccfc6d4b" outcome="Passed" testListId="8c84fa94-04c1-424b-9868-57a2d4851a1d" relativeResultsDirectory="e8bcf0a1-d86e-4991-805b-7b7eff1e5af4">
    </UnitTestResult>
    <UnitTestResult executionId="a9442db2-5f37-4e62-95e2-b6a3dfd22652" testId="10573e1f-0aa2-6e3a-c6a4-1a9a094661dc" testName="TransposeTest" computerName="USSLCL00134" duration="00:00:00.0023035" startTime="2012-06-22T16:53:00.9325389-06:00" endTime="2012-06-22T16:53:00.9465397-06:00" testType="13cdc9d9-ddb5-4fa4-a97d-d965ccfc6d4b" outcome="Passed" testListId="8c84fa94-04c1-424b-9868-57a2d4851a1d" relativeResultsDirectory="a9442db2-5f37-4e62-95e2-b6a3dfd22652">
    </UnitTestResult>
    <UnitTestResult executionId="afa28c12-2700-4db9-a7cd-ebfc5a9915cf" testId="194ba9b1-34c4-2b4a-2ba8-b132b9ebf998" testName="op_MultiplyTest1" computerName="USSLCL00134" duration="00:00:00.0056426" startTime="2012-06-22T16:53:00.9545401-06:00" endTime="2012-06-22T16:53:00.9715411-06:00" testType="13cdc9d9-ddb5-4fa4-a97d-d965ccfc6d4b" outcome="Passed" testListId="8c84fa94-04c1-424b-9868-57a2d4851a1d" relativeResultsDirectory="afa28c12-2700-4db9-a7cd-ebfc5a9915cf">
    </UnitTestResult>
    <UnitTestResult executionId="986c2395-7662-4e17-b600-571cd9f88a0e" testId="c446db48-fe0d-6c23-577a-d3adf5810ca1" testName="op_MultiplyMatrixWithVector" computerName="USSLCL00134" duration="00:00:00.0013685" startTime="2012-06-22T16:53:00.9795415-06:00" endTime="2012-06-22T16:53:00.9935423-06:00" testType="13cdc9d9-ddb5-4fa4-a97d-d965ccfc6d4b" outcome="Passed" testListId="8c84fa94-04c1-424b-9868-57a2d4851a1d" relativeResultsDirectory="986c2395-7662-4e17-b600-571cd9f88a0e">
    </UnitTestResult>
    <UnitTestResult executionId="ce008f26-aaf7-4fc0-abe1-b46845181f01" testId="25da0ecb-8f65-f3a6-c92d-fed8f87247e6" testName="IdentityMatrixTest" computerName="USSLCL00134" duration="00:00:00.0009793" startTime="2012-06-22T16:53:01.0005427-06:00" endTime="2012-06-22T16:53:01.0135435-06:00" testType="13cdc9d9-ddb5-4fa4-a97d-d965ccfc6d4b" outcome="Passed" testListId="8c84fa94-04c1-424b-9868-57a2d4851a1d" relativeResultsDirectory="ce008f26-aaf7-4fc0-abe1-b46845181f01">
    </UnitTestResult>
    <UnitTestResult executionId="a1dfeb56-2b56-4901-b4eb-0c11c04bd85b" testId="a462fc82-d08d-a927-6e82-ea09024ca4ef" testName="TraceTest" computerName="USSLCL00134" duration="00:00:00.0192897" startTime="2012-06-22T16:53:01.0215439-06:00" endTime="2012-06-22T16:53:01.0545458-06:00" testType="13cdc9d9-ddb5-4fa4-a97d-d965ccfc6d4b" outcome="Passed" testListId="8c84fa94-04c1-424b-9868-57a2d4851a1d" relativeResultsDirectory="a1dfeb56-2b56-4901-b4eb-0c11c04bd85b">
    </UnitTestResult>
    <UnitTestResult executionId="cca57faf-d6a8-43a6-880a-fbf15776d471" testId="84a3a475-fcd9-a697-a886-bb4311389ff1" testName="InnerProductTest" computerName="USSLCL00134" duration="00:00:00.0025861" startTime="2012-06-22T16:53:01.0645464-06:00" endTime="2012-06-22T16:53:01.0795473-06:00" testType="13cdc9d9-ddb5-4fa4-a97d-d965ccfc6d4b" outcome="Passed" testListId="8c84fa94-04c1-424b-9868-57a2d4851a1d" relativeResultsDirectory="cca57faf-d6a8-43a6-880a-fbf15776d471">
    </UnitTestResult>
    <UnitTestResult executionId="3f092a00-2273-4f53-bd74-83be0e1fb398" testId="e34bbd78-70b7-8bee-c46b-6fb18c901aa2" testName="TensorProductTest" computerName="USSLCL00134" duration="00:00:00.0016091" startTime="2012-06-22T16:53:01.0905479-06:00" endTime="2012-06-22T16:53:01.1035486-06:00" testType="13cdc9d9-ddb5-4fa4-a97d-d965ccfc6d4b" outcome="Passed" testListId="8c84fa94-04c1-424b-9868-57a2d4851a1d" relativeResultsDirectory="3f092a00-2273-4f53-bd74-83be0e1fb398">
    </UnitTestResult>
    <UnitTestResult executionId="d6207ae8-ac11-4591-aac5-347b7bab50af" testId="59d167f3-98f7-3905-876e-bc940d58c269" testName="op_PowerTest" computerName="USSLCL00134" duration="00:00:00.0049066" startTime="2012-06-22T16:53:01.1095490-06:00" endTime="2012-06-22T16:53:01.1265499-06:00" testType="13cdc9d9-ddb5-4fa4-a97d-d965ccfc6d4b" outcome="Passed" testListId="8c84fa94-04c1-424b-9868-57a2d4851a1d" relativeResultsDirectory="d6207ae8-ac11-4591-aac5-347b7bab50af">
    </UnitTestResult>
    <UnitTestResult executionId="8ae04677-b37f-421c-9629-feb5a1e6f324" testId="8ddf2343-b416-72d4-fe07-7424be6bf3cc" testName="TakeModulusSquaredTest" computerName="USSLCL00134" duration="00:00:00.0026319" startTime="2012-06-22T16:53:01.1335503-06:00" endTime="2012-06-22T16:53:01.1475511-06:00" testType="13cdc9d9-ddb5-4fa4-a97d-d965ccfc6d4b" outcome="Passed" testListId="8c84fa94-04c1-424b-9868-57a2d4851a1d" relativeResultsDirectory="8ae04677-b37f-421c-9629-feb5a1e6f324">
    </UnitTestResult>
    <UnitTestResult executionId="e2591f18-c043-45d4-85e6-4833968a51c6" testId="3c01b151-3119-7729-69fb-12ad4b09e592" testName="ComplexToDoubleTest" computerName="USSLCL00134" duration="00:00:00.0014189" startTime="2012-06-22T16:53:01.1545515-06:00" endTime="2012-06-22T16:53:01.1685523-06:00" testType="13cdc9d9-ddb5-4fa4-a97d-d965ccfc6d4b" outcome="Passed" testListId="8c84fa94-04c1-424b-9868-57a2d4851a1d" relativeResultsDirectory="e2591f18-c043-45d4-85e6-4833968a51c6">
    </UnitTestResult>
    <UnitTestResult executionId="1618de0f-b716-432a-8bc1-0a585454d74b" testId="dd1468a1-9af3-1aa0-7b70-41b163e3c3e7" testName="CommutatorTest" computerName="USSLCL00134" duration="00:00:00.0029129" startTime="2012-06-22T16:53:01.1775529-06:00" endTime="2012-06-22T16:53:01.1935538-06:00" testType="13cdc9d9-ddb5-4fa4-a97d-d965ccfc6d4b" outcome="Passed" testListId="8c84fa94-04c1-424b-9868-57a2d4851a1d" relativeResultsDirectory="1618de0f-b716-432a-8bc1-0a585454d74b">
    </UnitTestResult>
    <UnitTestResult executionId="2c2546ee-670c-48b2-83b8-30e03fdd554a" testId="2691a8a8-cda7-2520-f88d-5b729c47edea" testName="Number7" computerName="USSLCL00134" duration="00:00:00.0005143" startTime="2012-06-22T16:53:01.2055545-06:00" endTime="2012-06-22T16:53:01.2185552-06:00" testType="13cdc9d9-ddb5-4fa4-a97d-d965ccfc6d4b" outcome="Passed" testListId="8c84fa94-04c1-424b-9868-57a2d4851a1d" relativeResultsDirectory="2c2546ee-670c-48b2-83b8-30e03fdd554a">
    </UnitTestResult>
    <UnitTestResult executionId="904aa670-ea97-45be-8b88-b54842bf924b" testId="6b99a904-39c7-b2a5-cb92-c1c5bd5d3c67" testName="Number9" computerName="USSLCL00134" duration="00:00:00.0004092" startTime="2012-06-22T16:53:01.2245556-06:00" endTime="2012-06-22T16:53:01.2365562-06:00" testType="13cdc9d9-ddb5-4fa4-a97d-d965ccfc6d4b" outcome="Passed" testListId="8c84fa94-04c1-424b-9868-57a2d4851a1d" relativeResultsDirectory="904aa670-ea97-45be-8b88-b54842bf924b">
    </UnitTestResult>
    <UnitTestResult executionId="d870b5d4-a414-4a6a-ad93-4a8aff37ceb0" testId="45426eba-5da1-7927-75a6-85bf8e09818e" testName="Number11" computerName="USSLCL00134" duration="00:00:00.0006116" startTime="2012-06-22T16:53:01.2615577-06:00" endTime="2012-06-22T16:53:01.2745584-06:00" testType="13cdc9d9-ddb5-4fa4-a97d-d965ccfc6d4b" outcome="Passed" testListId="8c84fa94-04c1-424b-9868-57a2d4851a1d" relativeResultsDirectory="d870b5d4-a414-4a6a-ad93-4a8aff37ceb0">
    </UnitTestResult>
    <UnitTestResult executionId="27abfd11-50cf-4ed8-ae03-4aecd7c8e2cf" testId="0ba55472-e42d-ce89-4611-b74239fe58fa" testName="Number13" computerName="USSLCL00134" duration="00:00:00.0008372" startTime="2012-06-22T16:53:01.2805588-06:00" endTime="2012-06-22T16:53:01.2935595-06:00" testType="13cdc9d9-ddb5-4fa4-a97d-d965ccfc6d4b" outcome="Passed" testListId="8c84fa94-04c1-424b-9868-57a2d4851a1d" relativeResultsDirectory="27abfd11-50cf-4ed8-ae03-4aecd7c8e2cf">
    </UnitTestResult>
    <UnitTestResult executionId="b3484f01-f0cd-4760-a1cd-29c99e0085a4" testId="6dbfaaf3-0c2f-79c7-5448-3d9091ca07d2" testName="Example4o2o12" computerName="USSLCL00134" duration="00:00:00.0019574" startTime="2012-06-22T16:53:01.3025600-06:00" endTime="2012-06-22T16:53:01.3185609-06:00" testType="13cdc9d9-ddb5-4fa4-a97d-d965ccfc6d4b" outcome="Passed" testListId="8c84fa94-04c1-424b-9868-57a2d4851a1d" relativeResultsDirectory="b3484f01-f0cd-4760-a1cd-29c99e0085a4">
    </UnitTestResult>
    <UnitTestResult executionId="aad27f10-1f14-47f2-9ff4-0f599918a783" testId="a6320d81-84be-b348-18dd-019a5fed078d" testName="Example4o2o14" computerName="USSLCL00134" duration="00:00:00.0046225" startTime="2012-06-22T16:53:01.3335618-06:00" endTime="2012-06-22T16:53:01.3505628-06:00" testType="13cdc9d9-ddb5-4fa4-a97d-d965ccfc6d4b" outcome="Passed" testListId="8c84fa94-04c1-424b-9868-57a2d4851a1d" relativeResultsDirectory="aad27f10-1f14-47f2-9ff4-0f599918a783">
    </UnitTestResult>
    <UnitTestResult executionId="7d25f321-46dc-441e-b815-e48afda8255e" testId="26598c77-ae79-f56c-1115-9577c1ec0551" testName="Example4o3o1" computerName="USSLCL00134" duration="00:00:00.0015074" startTime="2012-06-22T16:53:01.3565631-06:00" endTime="2012-06-22T16:53:01.3695638-06:00" testType="13cdc9d9-ddb5-4fa4-a97d-d965ccfc6d4b" outcome="Passed" testListId="8c84fa94-04c1-424b-9868-57a2d4851a1d" relativeResultsDirectory="7d25f321-46dc-441e-b815-e48afda8255e">
    </UnitTestResult>
    <UnitTestResult executionId="47b68e12-f6d3-4f16-b452-144518a0b783" testId="c73872e3-de49-0d4a-fbe2-3bd9c4a10210" testName="GetNormalizedVectorTest" computerName="USSLCL00134" duration="00:00:00.0011390" startTime="2012-06-22T16:53:01.3815645-06:00" endTime="2012-06-22T16:53:01.3965654-06:00" testType="13cdc9d9-ddb5-4fa4-a97d-d965ccfc6d4b" outcome="Passed" testListId="8c84fa94-04c1-424b-9868-57a2d4851a1d" relativeResultsDirectory="47b68e12-f6d3-4f16-b452-144518a0b783">
    </UnitTestResult>
    <UnitTestResult executionId="1a6af675-d81d-4744-baab-a4d343332ea6" testId="d1cc7d48-afbd-466f-5015-ef2680fa4bcb" testName="op_DivisionTest" computerName="USSLCL00134" duration="00:00:00.0067925" startTime="2012-06-22T16:53:01.4065660-06:00" endTime="2012-06-22T16:53:01.4275672-06:00" testType="13cdc9d9-ddb5-4fa4-a97d-d965ccfc6d4b" outcome="Passed" testListId="8c84fa94-04c1-424b-9868-57a2d4851a1d" relativeResultsDirectory="1a6af675-d81d-4744-baab-a4d343332ea6">
    </UnitTestResult>
    <UnitTestResult executionId="183e72db-8d00-48d4-9355-c612de467b7a" testId="7ce48d38-4867-2cfe-7006-39c642c6f124" testName="Example4o3o2" computerName="USSLCL00134" duration="00:00:26.2940106" startTime="2012-06-22T16:53:01.4375677-06:00" endTime="2012-06-22T16:53:27.9320831-06:00" testType="13cdc9d9-ddb5-4fa4-a97d-d965ccfc6d4b" outcome="Passed" testListId="8c84fa94-04c1-424b-9868-57a2d4851a1d" relativeResultsDirectory="183e72db-8d00-48d4-9355-c612de467b7a">
    </UnitTestResult>
  </Results>
</TestRun>