<?xml version="1.0" encoding="UTF-8"?>
<TestRun id="7ae5e17b-7258-4c8f-896b-77afc4cb3336" name="nielsobr@USSLCL00134 2012-06-22 16:44:36" runUser="CORP\nielsobr" xmlns="http://microsoft.com/schemas/VisualStudio/TeamTest/2010">
  <TestSettings name="Local" id="8a64df0a-58a3-4d83-8a12-9a4d4c2701f1">
    <Description>These are default test settings for a local test run.</Description>
    <Deployment enabled="false" runDeploymentRoot="nielsobr_USSLCL00134 2012-06-22 16_44_36">
      <DeploymentItem filename="C:\Bruce N\Programming\Quantum Computing\LinearAlgebra\bin\Debug\LinearAlgebra.dll" />
    </Deployment>
    <Execution>
      <TestTypeSpecific />
      <AgentRule name="Execution Agents">
      </AgentRule>
    </Execution>
  </TestSettings>
  <Times creation="2012-06-22T16:44:36.0916636-06:00" queuing="2012-06-22T16:44:37.9647707-06:00" start="2012-06-22T16:44:38.1057788-06:00" finish="2012-06-22T16:51:11.6462880-06:00" />
  <ResultSummary outcome="Error">
    <Counters total="151" executed="151" passed="150" error="0" failed="0" timeout="0" aborted="1" inconclusive="0" passedButRunAborted="0" notRunnable="0" notExecuted="0" disconnected="0" warning="0" completed="0" inProgress="0" pending="0" />
    <RunInfos>
      <RunInfo computerName="USSLCL00134" outcome="Error" timestamp="2012-06-22T16:51:11.6382876-06:00">
        <Text>Test host process exited unexpectedly.</Text>
      </RunInfo>
    </RunInfos>
  </ResultSummary>
  <TestDefinitions>
    <UnitTest name="Exercise1o3o4" storage="c:\bruce n\programming\quantum computing\testcomplexnumber\bin\debug\testcomplexnumber.dll" id="07679b95-0c77-33dd-c8d5-e1376510063a">
      <Execution id="aaab71a8-e3d8-4ce1-8f23-5ed6c16ac16e" />
      <TestMethod codeBase="C:/Bruce N/Programming/Quantum Computing/TestComplexNumber/bin/Debug/TestComplexNumber.DLL" adapterTypeName="Microsoft.VisualStudio.TestTools.TestTypes.Unit.UnitTestAdapter, Microsoft.VisualStudio.QualityTools.Tips.UnitTest.Adapter, Version=10.0.0.0, Culture=neutral, PublicKeyToken=b03f5f7f11d50a3a" className="TestComplexNumber.QCExercisesChapter1, TestComplexNumber, Version=1.0.0.0, Culture=neutral, PublicKeyToken=null" name="Exercise1o3o4" />
    </UnitTest>
    <UnitTest name="Exercise3o1o4" storage="c:\bruce n\programming\quantum computing\testcomplexnumber\bin\debug\testcomplexnumber.dll" id="06c32b76-050d-0c74-e5e5-24e8d789eea7">
      <Execution id="cf8d75e7-9e6c-425d-8d80-f44041372b62" />
      <TestMethod codeBase="C:/Bruce N/Programming/Quantum Computing/TestComplexNumber/bin/Debug/TestComplexNumber.DLL" adapterTypeName="Microsoft.VisualStudio.TestTools.TestTypes.Unit.UnitTestAdapter, Microsoft.VisualStudio.QualityTools.Tips.UnitTest.Adapter, Version=10.0.0.0, Culture=neutral, PublicKeyToken=b03f5f7f11d50a3a" className="TestComplexNumber.QCExercisesChapter3, TestComplexNumber, Version=1.0.0.0, Culture=neutral, PublicKeyToken=null" name="Exercise3o1o4" />
    </UnitTest>
    <UnitTest name="Exercise2o7o3" storage="c:\bruce n\programming\quantum computing\testcomplexnumber\bin\debug\testcomplexnumber.dll" id="fcfa95f2-720f-8082-c577-4f9e22c76102">
      <Execution id="a4b66bd1-da6e-48f3-aba2-9058d6ab9d42" />
      <TestMethod codeBase="C:/Bruce N/Programming/Quantum Computing/TestComplexNumber/bin/Debug/TestComplexNumber.DLL" adapterTypeName="Microsoft.VisualStudio.TestTools.TestTypes.Unit.UnitTestAdapter, Microsoft.VisualStudio.QualityTools.Tips.UnitTest.Adapter, Version=10.0.0.0, Culture=neutral, PublicKeyToken=b03f5f7f11d50a3a" className="TestComplexNumber.QCExercisesChapter2, TestComplexNumber, Version=1.0.0.0, Culture=neutral, PublicKeyToken=null" name="Exercise2o7o3" />
    </UnitTest>
    <UnitTest name="NegativeOneTest" storage="c:\bruce n\programming\quantum computing\testcomplexnumber\bin\debug\testcomplexnumber.dll" id="e817df08-1352-7924-6f37-9159ad0539e6">
      <Execution id="d4731a56-7b2a-4ee1-90ed-ad7f5116a6c6" />
      <TestMethod codeBase="C:/Bruce N/Programming/Quantum Computing/TestComplexNumber/bin/Debug/TestComplexNumber.DLL" adapterTypeName="Microsoft.VisualStudio.TestTools.TestTypes.Unit.UnitTestAdapter, Microsoft.VisualStudio.QualityTools.Tips.UnitTest.Adapter, Version=10.0.0.0, Culture=neutral, PublicKeyToken=b03f5f7f11d50a3a" className="TestComplexNumber.ComplexNumberTest, TestComplexNumber, Version=1.0.0.0, Culture=neutral, PublicKeyToken=null" name="NegativeOneTest" />
    </UnitTest>
    <UnitTest name="op_SubtractionTest" storage="c:\bruce n\programming\quantum computing\testcomplexnumber\bin\debug\testcomplexnumber.dll" id="ff295562-5e99-9434-0a6c-61d038c92b18">
      <Execution id="a752baad-6796-4cec-ad42-b7bbc5f325ff" />
      <TestMethod codeBase="C:/Bruce N/Programming/Quantum Computing/TestComplexNumber/bin/Debug/TestComplexNumber.DLL" adapterTypeName="Microsoft.VisualStudio.TestTools.TestTypes.Unit.UnitTestAdapter, Microsoft.VisualStudio.QualityTools.Tips.UnitTest.Adapter, Version=10.0.0.0, Culture=neutral, PublicKeyToken=b03f5f7f11d50a3a" className="TestComplexNumber.VectorTest, TestComplexNumber, Version=1.0.0.0, Culture=neutral, PublicKeyToken=null" name="op_SubtractionTest" />
    </UnitTest>
    <UnitTest name="GetAngleDegreesTest" storage="c:\bruce n\programming\quantum computing\testcomplexnumber\bin\debug\testcomplexnumber.dll" id="9e43b977-3c91-5be2-de15-4f95a8e1f8c7">
      <Execution id="471b7202-a6a2-45dc-b66e-ef4c8fcd83e3" />
      <TestMethod codeBase="C:/Bruce N/Programming/Quantum Computing/TestComplexNumber/bin/Debug/TestComplexNumber.DLL" adapterTypeName="Microsoft.VisualStudio.TestTools.TestTypes.Unit.UnitTestAdapter, Microsoft.VisualStudio.QualityTools.Tips.UnitTest.Adapter, Version=10.0.0.0, Culture=neutral, PublicKeyToken=b03f5f7f11d50a3a" className="TestComplexNumber.ComplexNumberTest, TestComplexNumber, Version=1.0.0.0, Culture=neutral, PublicKeyToken=null" name="GetAngleDegreesTest" />
    </UnitTest>
    <UnitTest name="CompareSizeTest" storage="c:\bruce n\programming\quantum computing\testcomplexnumber\bin\debug\testcomplexnumber.dll" id="3b6c1979-5d5b-f7df-8831-5e65b0e818fd">
      <Execution id="3d1c4967-9dba-4730-a854-80120f967fbd" />
      <TestMethod codeBase="C:/Bruce N/Programming/Quantum Computing/TestComplexNumber/bin/Debug/TestComplexNumber.DLL" adapterTypeName="Microsoft.VisualStudio.TestTools.TestTypes.Unit.UnitTestAdapter, Microsoft.VisualStudio.QualityTools.Tips.UnitTest.Adapter, Version=10.0.0.0, Culture=neutral, PublicKeyToken=b03f5f7f11d50a3a" className="TestComplexNumber.MatrixTest, TestComplexNumber, Version=1.0.0.0, Culture=neutral, PublicKeyToken=null" name="CompareSizeTest" />
    </UnitTest>
    <UnitTest name="Exercise2o6o8" storage="c:\bruce n\programming\quantum computing\testcomplexnumber\bin\debug\testcomplexnumber.dll" id="f1d86270-c9d8-c961-65be-24cc50d1fc4b">
      <Execution id="9eceba84-4a13-4e8d-b1c4-972409773ddc" />
      <TestMethod codeBase="C:/Bruce N/Programming/Quantum Computing/TestComplexNumber/bin/Debug/TestComplexNumber.DLL" adapterTypeName="Microsoft.VisualStudio.TestTools.TestTypes.Unit.UnitTestAdapter, Microsoft.VisualStudio.QualityTools.Tips.UnitTest.Adapter, Version=10.0.0.0, Culture=neutral, PublicKeyToken=b03f5f7f11d50a3a" className="TestComplexNumber.QCExercisesChapter2, TestComplexNumber, Version=1.0.0.0, Culture=neutral, PublicKeyToken=null" name="Exercise2o6o8" />
    </UnitTest>
    <UnitTest name="Exercise2o2o8" storage="c:\bruce n\programming\quantum computing\testcomplexnumber\bin\debug\testcomplexnumber.dll" id="0a0f56e1-2426-9c27-75c5-72e83aa4f18c">
      <Execution id="5a03eb98-d280-4296-bd8b-b75778dfb28c" />
      <TestMethod codeBase="C:/Bruce N/Programming/Quantum Computing/TestComplexNumber/bin/Debug/TestComplexNumber.DLL" adapterTypeName="Microsoft.VisualStudio.TestTools.TestTypes.Unit.UnitTestAdapter, Microsoft.VisualStudio.QualityTools.Tips.UnitTest.Adapter, Version=10.0.0.0, Culture=neutral, PublicKeyToken=b03f5f7f11d50a3a" className="TestComplexNumber.QCExercisesChapter2, TestComplexNumber, Version=1.0.0.0, Culture=neutral, PublicKeyToken=null" name="Exercise2o2o8" />
    </UnitTest>
    <UnitTest name="Exercise4o1o5" storage="c:\bruce n\programming\quantum computing\testcomplexnumber\bin\debug\testcomplexnumber.dll" id="b920ca27-2e1f-e8ec-c9ba-d4cbb754ace4">
      <Execution id="33cfdf99-0bf3-407a-82a9-96a2bddac771" />
      <TestMethod codeBase="C:/Bruce N/Programming/Quantum Computing/TestComplexNumber/bin/Debug/TestComplexNumber.DLL" adapterTypeName="Microsoft.VisualStudio.TestTools.TestTypes.Unit.UnitTestAdapter, Microsoft.VisualStudio.QualityTools.Tips.UnitTest.Adapter, Version=10.0.0.0, Culture=neutral, PublicKeyToken=b03f5f7f11d50a3a" className="TestComplexNumber.QCExercisesChapter4, TestComplexNumber, Version=1.0.0.0, Culture=neutral, PublicKeyToken=null" name="Exercise4o1o5" />
    </UnitTest>
    <UnitTest name="GetAngleTest" storage="c:\bruce n\programming\quantum computing\testcomplexnumber\bin\debug\testcomplexnumber.dll" id="aaa025c4-539f-dc62-f50b-af3c4325c449">
      <Execution id="842e36db-bc16-4c60-a04e-32de3cb0cb54" />
      <TestMethod codeBase="C:/Bruce N/Programming/Quantum Computing/TestComplexNumber/bin/Debug/TestComplexNumber.DLL" adapterTypeName="Microsoft.VisualStudio.TestTools.TestTypes.Unit.UnitTestAdapter, Microsoft.VisualStudio.QualityTools.Tips.UnitTest.Adapter, Version=10.0.0.0, Culture=neutral, PublicKeyToken=b03f5f7f11d50a3a" className="TestComplexNumber.ComplexNumberTest, TestComplexNumber, Version=1.0.0.0, Culture=neutral, PublicKeyToken=null" name="GetAngleTest" />
    </UnitTest>
    <UnitTest name="Exercise2o4o8" storage="c:\bruce n\programming\quantum computing\testcomplexnumber\bin\debug\testcomplexnumber.dll" id="df9d4979-ebf4-48fa-eaa6-d378215805ce">
      <Execution id="06c2ce70-c739-43ea-9ec5-f67de36ff9be" />
      <TestMethod codeBase="C:/Bruce N/Programming/Quantum Computing/TestComplexNumber/bin/Debug/TestComplexNumber.DLL" adapterTypeName="Microsoft.VisualStudio.TestTools.TestTypes.Unit.UnitTestAdapter, Microsoft.VisualStudio.QualityTools.Tips.UnitTest.Adapter, Version=10.0.0.0, Culture=neutral, PublicKeyToken=b03f5f7f11d50a3a" className="TestComplexNumber.QCExercisesChapter2, TestComplexNumber, Version=1.0.0.0, Culture=neutral, PublicKeyToken=null" name="Exercise2o4o8" />
    </UnitTest>
    <UnitTest name="TraceTest" storage="c:\bruce n\programming\quantum computing\testcomplexnumber\bin\debug\testcomplexnumber.dll" id="a462fc82-d08d-a927-6e82-ea09024ca4ef">
      <DeploymentItems>
        <DeploymentItem filename="LinearAlgebra.dll" />
      </DeploymentItems>
      <Execution id="17be496c-9ec0-4149-8cbf-363395541de6" />
      <TestMethod codeBase="C:/Bruce N/Programming/Quantum Computing/TestComplexNumber/bin/Debug/TestComplexNumber.DLL" adapterTypeName="Microsoft.VisualStudio.TestTools.TestTypes.Unit.UnitTestAdapter, Microsoft.VisualStudio.QualityTools.Tips.UnitTest.Adapter, Version=10.0.0.0, Culture=neutral, PublicKeyToken=b03f5f7f11d50a3a" className="TestComplexNumber.MatrixTest, TestComplexNumber, Version=1.0.0.0, Culture=neutral, PublicKeyToken=null" name="TraceTest" />
    </UnitTest>
    <UnitTest name="TensorProductTest" storage="c:\bruce n\programming\quantum computing\testcomplexnumber\bin\debug\testcomplexnumber.dll" id="e34bbd78-70b7-8bee-c46b-6fb18c901aa2">
      <Execution id="d78d2d81-34d6-4d77-a755-059d0d216d4c" />
      <TestMethod codeBase="C:/Bruce N/Programming/Quantum Computing/TestComplexNumber/bin/Debug/TestComplexNumber.DLL" adapterTypeName="Microsoft.VisualStudio.TestTools.TestTypes.Unit.UnitTestAdapter, Microsoft.VisualStudio.QualityTools.Tips.UnitTest.Adapter, Version=10.0.0.0, Culture=neutral, PublicKeyToken=b03f5f7f11d50a3a" className="TestComplexNumber.MatrixTest, TestComplexNumber, Version=1.0.0.0, Culture=neutral, PublicKeyToken=null" name="TensorProductTest" />
    </UnitTest>
    <UnitTest name="Exercise1o3o8" storage="c:\bruce n\programming\quantum computing\testcomplexnumber\bin\debug\testcomplexnumber.dll" id="4d151c41-de40-a77d-9114-a00800a2f22f">
      <Execution id="298b7c1d-bc18-4043-8cd3-7b708217c7b9" />
      <TestMethod codeBase="C:/Bruce N/Programming/Quantum Computing/TestComplexNumber/bin/Debug/TestComplexNumber.DLL" adapterTypeName="Microsoft.VisualStudio.TestTools.TestTypes.Unit.UnitTestAdapter, Microsoft.VisualStudio.QualityTools.Tips.UnitTest.Adapter, Version=10.0.0.0, Culture=neutral, PublicKeyToken=b03f5f7f11d50a3a" className="TestComplexNumber.QCExercisesChapter1, TestComplexNumber, Version=1.0.0.0, Culture=neutral, PublicKeyToken=null" name="Exercise1o3o8" />
    </UnitTest>
    <UnitTest name="VectorConstructorTest2" storage="c:\bruce n\programming\quantum computing\testcomplexnumber\bin\debug\testcomplexnumber.dll" id="9c92819f-751b-655e-72f6-604f0653711c">
      <Execution id="ba93bc7f-ae49-4dc7-a3d3-4a79c77e94cb" />
      <TestMethod codeBase="C:/Bruce N/Programming/Quantum Computing/TestComplexNumber/bin/Debug/TestComplexNumber.DLL" adapterTypeName="Microsoft.VisualStudio.TestTools.TestTypes.Unit.UnitTestAdapter, Microsoft.VisualStudio.QualityTools.Tips.UnitTest.Adapter, Version=10.0.0.0, Culture=neutral, PublicKeyToken=b03f5f7f11d50a3a" className="TestComplexNumber.VectorTest, TestComplexNumber, Version=1.0.0.0, Culture=neutral, PublicKeyToken=null" name="VectorConstructorTest2" />
    </UnitTest>
    <UnitTest name="Exercise4o2o6" storage="c:\bruce n\programming\quantum computing\testcomplexnumber\bin\debug\testcomplexnumber.dll" id="1f1cd201-bd9b-d73b-7631-79422db50907">
      <Execution id="1b95d5e5-b2ff-4951-b919-447489f5224b" />
      <TestMethod codeBase="C:/Bruce N/Programming/Quantum Computing/TestComplexNumber/bin/Debug/TestComplexNumber.DLL" adapterTypeName="Microsoft.VisualStudio.TestTools.TestTypes.Unit.UnitTestAdapter, Microsoft.VisualStudio.QualityTools.Tips.UnitTest.Adapter, Version=10.0.0.0, Culture=neutral, PublicKeyToken=b03f5f7f11d50a3a" className="TestComplexNumber.QCExercisesChapter4, TestComplexNumber, Version=1.0.0.0, Culture=neutral, PublicKeyToken=null" name="Exercise4o2o6" />
    </UnitTest>
    <UnitTest name="Example2o3o3" storage="c:\bruce n\programming\quantum computing\testcomplexnumber\bin\debug\testcomplexnumber.dll" id="f4a6d75b-22de-c9be-71c8-5150c846f601">
      <Execution id="e68f268f-95b8-4efa-80d6-280fe5dcfe99" />
      <TestMethod codeBase="C:/Bruce N/Programming/Quantum Computing/TestComplexNumber/bin/Debug/TestComplexNumber.DLL" adapterTypeName="Microsoft.VisualStudio.TestTools.TestTypes.Unit.UnitTestAdapter, Microsoft.VisualStudio.QualityTools.Tips.UnitTest.Adapter, Version=10.0.0.0, Culture=neutral, PublicKeyToken=b03f5f7f11d50a3a" className="TestComplexNumber.QCExercisesChapter2, TestComplexNumber, Version=1.0.0.0, Culture=neutral, PublicKeyToken=null" name="Example2o3o3" />
    </UnitTest>
    <UnitTest name="Exercise4o1o1" storage="c:\bruce n\programming\quantum computing\testcomplexnumber\bin\debug\testcomplexnumber.dll" id="56d4e2ab-80ac-74c9-cdc4-cd3967d0842f">
      <Execution id="a26eacf3-1f07-46ab-ac73-ce89935dec42" />
      <TestMethod codeBase="C:/Bruce N/Programming/Quantum Computing/TestComplexNumber/bin/Debug/TestComplexNumber.DLL" adapterTypeName="Microsoft.VisualStudio.TestTools.TestTypes.Unit.UnitTestAdapter, Microsoft.VisualStudio.QualityTools.Tips.UnitTest.Adapter, Version=10.0.0.0, Culture=neutral, PublicKeyToken=b03f5f7f11d50a3a" className="TestComplexNumber.QCExercisesChapter4, TestComplexNumber, Version=1.0.0.0, Culture=neutral, PublicKeyToken=null" name="Exercise4o1o1" />
    </UnitTest>
    <UnitTest name="EqualsTest" storage="c:\bruce n\programming\quantum computing\testcomplexnumber\bin\debug\testcomplexnumber.dll" id="bc74a9f0-dfbc-1cfa-6718-f3d2cbf87b3b">
      <Execution id="cdbe9f26-37c0-453b-bbd2-a6b54834c166" />
      <TestMethod codeBase="C:/Bruce N/Programming/Quantum Computing/TestComplexNumber/bin/Debug/TestComplexNumber.DLL" adapterTypeName="Microsoft.VisualStudio.TestTools.TestTypes.Unit.UnitTestAdapter, Microsoft.VisualStudio.QualityTools.Tips.UnitTest.Adapter, Version=10.0.0.0, Culture=neutral, PublicKeyToken=b03f5f7f11d50a3a" className="TestComplexNumber.VectorTest, TestComplexNumber, Version=1.0.0.0, Culture=neutral, PublicKeyToken=null" name="EqualsTest" />
    </UnitTest>
    <UnitTest name="GetNormalizedVectorTest" storage="c:\bruce n\programming\quantum computing\testcomplexnumber\bin\debug\testcomplexnumber.dll" id="c73872e3-de49-0d4a-fbe2-3bd9c4a10210">
      <Execution id="c88b828a-651e-419f-b608-340b12c05ef9" />
      <TestMethod codeBase="C:/Bruce N/Programming/Quantum Computing/TestComplexNumber/bin/Debug/TestComplexNumber.DLL" adapterTypeName="Microsoft.VisualStudio.TestTools.TestTypes.Unit.UnitTestAdapter, Microsoft.VisualStudio.QualityTools.Tips.UnitTest.Adapter, Version=10.0.0.0, Culture=neutral, PublicKeyToken=b03f5f7f11d50a3a" className="TestComplexNumber.ComplexVectorTest, TestComplexNumber, Version=1.0.0.0, Culture=neutral, PublicKeyToken=null" name="GetNormalizedVectorTest" />
    </UnitTest>
    <UnitTest name="ZeroTest" storage="c:\bruce n\programming\quantum computing\testcomplexnumber\bin\debug\testcomplexnumber.dll" id="c93ffe48-5243-dfb2-8a93-461c879cf606">
      <Execution id="c9fb0dad-13c0-4cf1-b594-71ff69bac419" />
      <TestMethod codeBase="C:/Bruce N/Programming/Quantum Computing/TestComplexNumber/bin/Debug/TestComplexNumber.DLL" adapterTypeName="Microsoft.VisualStudio.TestTools.TestTypes.Unit.UnitTestAdapter, Microsoft.VisualStudio.QualityTools.Tips.UnitTest.Adapter, Version=10.0.0.0, Culture=neutral, PublicKeyToken=b03f5f7f11d50a3a" className="TestComplexNumber.ComplexNumberTest, TestComplexNumber, Version=1.0.0.0, Culture=neutral, PublicKeyToken=null" name="ZeroTest" />
    </UnitTest>
    <UnitTest name="EqualsTest" storage="c:\bruce n\programming\quantum computing\testcomplexnumber\bin\debug\testcomplexnumber.dll" id="191c732e-b797-fda9-14e6-f62313d93af1">
      <Execution id="30183fcf-3e46-427c-9b9f-a5541d5c7f76" />
      <TestMethod codeBase="C:/Bruce N/Programming/Quantum Computing/TestComplexNumber/bin/Debug/TestComplexNumber.DLL" adapterTypeName="Microsoft.VisualStudio.TestTools.TestTypes.Unit.UnitTestAdapter, Microsoft.VisualStudio.QualityTools.Tips.UnitTest.Adapter, Version=10.0.0.0, Culture=neutral, PublicKeyToken=b03f5f7f11d50a3a" className="TestComplexNumber.ComplexMatrixTest, TestComplexNumber, Version=1.0.0.0, Culture=neutral, PublicKeyToken=null" name="EqualsTest" />
    </UnitTest>
    <UnitTest name="IdentityMatrixTest" storage="c:\bruce n\programming\quantum computing\testcomplexnumber\bin\debug\testcomplexnumber.dll" id="aac142ce-38b2-6d3f-cd65-e8254c3e066b">
      <Execution id="0b48bc76-278d-4993-a1f9-c51c0b1bde9e" />
      <TestMethod codeBase="C:/Bruce N/Programming/Quantum Computing/TestComplexNumber/bin/Debug/TestComplexNumber.DLL" adapterTypeName="Microsoft.VisualStudio.TestTools.TestTypes.Unit.UnitTestAdapter, Microsoft.VisualStudio.QualityTools.Tips.UnitTest.Adapter, Version=10.0.0.0, Culture=neutral, PublicKeyToken=b03f5f7f11d50a3a" className="TestComplexNumber.ComplexMatrixTest, TestComplexNumber, Version=1.0.0.0, Culture=neutral, PublicKeyToken=null" name="IdentityMatrixTest" />
    </UnitTest>
    <UnitTest name="Exercise2o4o1" storage="c:\bruce n\programming\quantum computing\testcomplexnumber\bin\debug\testcomplexnumber.dll" id="06f73701-65f7-da2b-e94f-6c850186d97a">
      <Execution id="8eebf405-48a9-4ef5-ba57-9acc9bed05dc" />
      <TestMethod codeBase="C:/Bruce N/Programming/Quantum Computing/TestComplexNumber/bin/Debug/TestComplexNumber.DLL" adapterTypeName="Microsoft.VisualStudio.TestTools.TestTypes.Unit.UnitTestAdapter, Microsoft.VisualStudio.QualityTools.Tips.UnitTest.Adapter, Version=10.0.0.0, Culture=neutral, PublicKeyToken=b03f5f7f11d50a3a" className="TestComplexNumber.QCExercisesChapter2, TestComplexNumber, Version=1.0.0.0, Culture=neutral, PublicKeyToken=null" name="Exercise2o4o1" />
    </UnitTest>
    <UnitTest name="Exercise3o2o1" storage="c:\bruce n\programming\quantum computing\testcomplexnumber\bin\debug\testcomplexnumber.dll" id="9cf4c4e1-7186-5bdb-2eef-3b22d03cb6e0">
      <Execution id="0aa180e7-7856-4974-9431-2c7d31431314" />
      <TestMethod codeBase="C:/Bruce N/Programming/Quantum Computing/TestComplexNumber/bin/Debug/TestComplexNumber.DLL" adapterTypeName="Microsoft.VisualStudio.TestTools.TestTypes.Unit.UnitTestAdapter, Microsoft.VisualStudio.QualityTools.Tips.UnitTest.Adapter, Version=10.0.0.0, Culture=neutral, PublicKeyToken=b03f5f7f11d50a3a" className="TestComplexNumber.QCExercisesChapter3, TestComplexNumber, Version=1.0.0.0, Culture=neutral, PublicKeyToken=null" name="Exercise3o2o1" />
    </UnitTest>
    <UnitTest name="Exercise2o2o5" storage="c:\bruce n\programming\quantum computing\testcomplexnumber\bin\debug\testcomplexnumber.dll" id="afec4393-b7fa-2c17-aed2-743a831c3492">
      <Execution id="2dbab8e2-bb11-4af6-a298-ecbc12f0af58" />
      <TestMethod codeBase="C:/Bruce N/Programming/Quantum Computing/TestComplexNumber/bin/Debug/TestComplexNumber.DLL" adapterTypeName="Microsoft.VisualStudio.TestTools.TestTypes.Unit.UnitTestAdapter, Microsoft.VisualStudio.QualityTools.Tips.UnitTest.Adapter, Version=10.0.0.0, Culture=neutral, PublicKeyToken=b03f5f7f11d50a3a" className="TestComplexNumber.QCExercisesChapter2, TestComplexNumber, Version=1.0.0.0, Culture=neutral, PublicKeyToken=null" name="Exercise2o2o5" />
    </UnitTest>
    <UnitTest name="Example4o3o2" storage="c:\bruce n\programming\quantum computing\testcomplexnumber\bin\debug\testcomplexnumber.dll" id="7ce48d38-4867-2cfe-7006-39c642c6f124">
      <Execution id="ce61756e-2d1e-46f2-8d24-acb934ad8ef2" />
      <TestMethod codeBase="C:/Bruce N/Programming/Quantum Computing/TestComplexNumber/bin/Debug/TestComplexNumber.DLL" adapterTypeName="Microsoft.VisualStudio.TestTools.TestTypes.Unit.UnitTestAdapter, Microsoft.VisualStudio.QualityTools.Tips.UnitTest.Adapter, Version=10.0.0.0, Culture=neutral, PublicKeyToken=b03f5f7f11d50a3a" className="TestComplexNumber.QCExercisesChapter4, TestComplexNumber, Version=1.0.0.0, Culture=neutral, PublicKeyToken=null" name="Example4o3o2" />
    </UnitTest>
    <UnitTest name="Exercise2o2o6" storage="c:\bruce n\programming\quantum computing\testcomplexnumber\bin\debug\testcomplexnumber.dll" id="183ae838-6eb2-ddd1-fc18-d3ab32673286">
      <Execution id="7a8209ad-e1f8-42bc-af68-e60353f8e2ff" />
      <TestMethod codeBase="C:/Bruce N/Programming/Quantum Computing/TestComplexNumber/bin/Debug/TestComplexNumber.DLL" adapterTypeName="Microsoft.VisualStudio.TestTools.TestTypes.Unit.UnitTestAdapter, Microsoft.VisualStudio.QualityTools.Tips.UnitTest.Adapter, Version=10.0.0.0, Culture=neutral, PublicKeyToken=b03f5f7f11d50a3a" className="TestComplexNumber.QCExercisesChapter2, TestComplexNumber, Version=1.0.0.0, Culture=neutral, PublicKeyToken=null" name="Exercise2o2o6" />
    </UnitTest>
    <UnitTest name="RealTest" storage="c:\bruce n\programming\quantum computing\testcomplexnumber\bin\debug\testcomplexnumber.dll" id="c184168b-7b90-1c26-9870-9e31f6f1dde3">
      <Execution id="d4997507-6eaf-4919-b6f8-3d95e4784ad1" />
      <TestMethod codeBase="C:/Bruce N/Programming/Quantum Computing/TestComplexNumber/bin/Debug/TestComplexNumber.DLL" adapterTypeName="Microsoft.VisualStudio.TestTools.TestTypes.Unit.UnitTestAdapter, Microsoft.VisualStudio.QualityTools.Tips.UnitTest.Adapter, Version=10.0.0.0, Culture=neutral, PublicKeyToken=b03f5f7f11d50a3a" className="TestComplexNumber.ComplexNumberTest, TestComplexNumber, Version=1.0.0.0, Culture=neutral, PublicKeyToken=null" name="RealTest" />
    </UnitTest>
    <UnitTest name="Exercise2o4o7" storage="c:\bruce n\programming\quantum computing\testcomplexnumber\bin\debug\testcomplexnumber.dll" id="704f985a-5aa6-9a9c-79d7-6d97e84b7f0f">
      <Execution id="22071ba6-6c6c-4307-a32b-069f49a4bbca" />
      <TestMethod codeBase="C:/Bruce N/Programming/Quantum Computing/TestComplexNumber/bin/Debug/TestComplexNumber.DLL" adapterTypeName="Microsoft.VisualStudio.TestTools.TestTypes.Unit.UnitTestAdapter, Microsoft.VisualStudio.QualityTools.Tips.UnitTest.Adapter, Version=10.0.0.0, Culture=neutral, PublicKeyToken=b03f5f7f11d50a3a" className="TestComplexNumber.QCExercisesChapter2, TestComplexNumber, Version=1.0.0.0, Culture=neutral, PublicKeyToken=null" name="Exercise2o4o7" />
    </UnitTest>
    <UnitTest name="op_MultiplyTest1" storage="c:\bruce n\programming\quantum computing\testcomplexnumber\bin\debug\testcomplexnumber.dll" id="194ba9b1-34c4-2b4a-2ba8-b132b9ebf998">
      <Execution id="99264c9b-932d-4adc-8a31-e710c1918a69" />
      <TestMethod codeBase="C:/Bruce N/Programming/Quantum Computing/TestComplexNumber/bin/Debug/TestComplexNumber.DLL" adapterTypeName="Microsoft.VisualStudio.TestTools.TestTypes.Unit.UnitTestAdapter, Microsoft.VisualStudio.QualityTools.Tips.UnitTest.Adapter, Version=10.0.0.0, Culture=neutral, PublicKeyToken=b03f5f7f11d50a3a" className="TestComplexNumber.MatrixTest, TestComplexNumber, Version=1.0.0.0, Culture=neutral, PublicKeyToken=null" name="op_MultiplyTest1" />
    </UnitTest>
    <UnitTest name="LengthTest" storage="c:\bruce n\programming\quantum computing\testcomplexnumber\bin\debug\testcomplexnumber.dll" id="81ff8154-7b8a-e690-97b4-6435aa07756d">
      <Execution id="85fdaf2a-24aa-4772-b05b-fa3da04e0363" />
      <TestMethod codeBase="C:/Bruce N/Programming/Quantum Computing/TestComplexNumber/bin/Debug/TestComplexNumber.DLL" adapterTypeName="Microsoft.VisualStudio.TestTools.TestTypes.Unit.UnitTestAdapter, Microsoft.VisualStudio.QualityTools.Tips.UnitTest.Adapter, Version=10.0.0.0, Culture=neutral, PublicKeyToken=b03f5f7f11d50a3a" className="TestComplexNumber.VectorTest, TestComplexNumber, Version=1.0.0.0, Culture=neutral, PublicKeyToken=null" name="LengthTest" />
    </UnitTest>
    <UnitTest name="Example4o2o14" storage="c:\bruce n\programming\quantum computing\testcomplexnumber\bin\debug\testcomplexnumber.dll" id="a6320d81-84be-b348-18dd-019a5fed078d">
      <Execution id="fb9c5059-4f11-477f-b38d-d4e68cacefb5" />
      <TestMethod codeBase="C:/Bruce N/Programming/Quantum Computing/TestComplexNumber/bin/Debug/TestComplexNumber.DLL" adapterTypeName="Microsoft.VisualStudio.TestTools.TestTypes.Unit.UnitTestAdapter, Microsoft.VisualStudio.QualityTools.Tips.UnitTest.Adapter, Version=10.0.0.0, Culture=neutral, PublicKeyToken=b03f5f7f11d50a3a" className="TestComplexNumber.QCExercisesChapter4, TestComplexNumber, Version=1.0.0.0, Culture=neutral, PublicKeyToken=null" name="Example4o2o14" />
    </UnitTest>
    <UnitTest name="TransposeTest" storage="c:\bruce n\programming\quantum computing\testcomplexnumber\bin\debug\testcomplexnumber.dll" id="10573e1f-0aa2-6e3a-c6a4-1a9a094661dc">
      <Execution id="3cb6b07e-99ea-48d2-8f51-d1ff4ea44595" />
      <TestMethod codeBase="C:/Bruce N/Programming/Quantum Computing/TestComplexNumber/bin/Debug/TestComplexNumber.DLL" adapterTypeName="Microsoft.VisualStudio.TestTools.TestTypes.Unit.UnitTestAdapter, Microsoft.VisualStudio.QualityTools.Tips.UnitTest.Adapter, Version=10.0.0.0, Culture=neutral, PublicKeyToken=b03f5f7f11d50a3a" className="TestComplexNumber.MatrixTest, TestComplexNumber, Version=1.0.0.0, Culture=neutral, PublicKeyToken=null" name="TransposeTest" />
    </UnitTest>
    <UnitTest name="op_AdditionTest" storage="c:\bruce n\programming\quantum computing\testcomplexnumber\bin\debug\testcomplexnumber.dll" id="38b23d36-491d-02f4-07c2-9d3cd23affc3">
      <Execution id="0edd4073-bf61-4e33-a29b-d88d667b25f1" />
      <TestMethod codeBase="C:/Bruce N/Programming/Quantum Computing/TestComplexNumber/bin/Debug/TestComplexNumber.DLL" adapterTypeName="Microsoft.VisualStudio.TestTools.TestTypes.Unit.UnitTestAdapter, Microsoft.VisualStudio.QualityTools.Tips.UnitTest.Adapter, Version=10.0.0.0, Culture=neutral, PublicKeyToken=b03f5f7f11d50a3a" className="TestComplexNumber.VectorTest, TestComplexNumber, Version=1.0.0.0, Culture=neutral, PublicKeyToken=null" name="op_AdditionTest" />
    </UnitTest>
    <UnitTest name="VectorConstructorTest" storage="c:\bruce n\programming\quantum computing\testcomplexnumber\bin\debug\testcomplexnumber.dll" id="5b0b7f1b-1d05-7deb-83d6-f2293e41cb23">
      <Execution id="3eec9a43-4054-429a-bb7d-6bf5f4990d0d" />
      <TestMethod codeBase="C:/Bruce N/Programming/Quantum Computing/TestComplexNumber/bin/Debug/TestComplexNumber.DLL" adapterTypeName="Microsoft.VisualStudio.TestTools.TestTypes.Unit.UnitTestAdapter, Microsoft.VisualStudio.QualityTools.Tips.UnitTest.Adapter, Version=10.0.0.0, Culture=neutral, PublicKeyToken=b03f5f7f11d50a3a" className="TestComplexNumber.VectorTest, TestComplexNumber, Version=1.0.0.0, Culture=neutral, PublicKeyToken=null" name="VectorConstructorTest" />
    </UnitTest>
    <UnitTest name="Exercise2o6o1" storage="c:\bruce n\programming\quantum computing\testcomplexnumber\bin\debug\testcomplexnumber.dll" id="bfd8552d-cec2-9ab5-c397-fd0fb67479e8">
      <Execution id="e662319b-fd9f-4962-beaa-84de02902d7d" />
      <TestMethod codeBase="C:/Bruce N/Programming/Quantum Computing/TestComplexNumber/bin/Debug/TestComplexNumber.DLL" adapterTypeName="Microsoft.VisualStudio.TestTools.TestTypes.Unit.UnitTestAdapter, Microsoft.VisualStudio.QualityTools.Tips.UnitTest.Adapter, Version=10.0.0.0, Culture=neutral, PublicKeyToken=b03f5f7f11d50a3a" className="TestComplexNumber.QCExercisesChapter2, TestComplexNumber, Version=1.0.0.0, Culture=neutral, PublicKeyToken=null" name="Exercise2o6o1" />
    </UnitTest>
    <UnitTest name="GetKetTest" storage="c:\bruce n\programming\quantum computing\testcomplexnumber\bin\debug\testcomplexnumber.dll" id="f0ba5c0b-8960-4edd-4fed-108844165cf0">
      <Execution id="ab2a7523-55cc-4c43-858c-a646214c9b87" />
      <TestMethod codeBase="C:/Bruce N/Programming/Quantum Computing/TestComplexNumber/bin/Debug/TestComplexNumber.DLL" adapterTypeName="Microsoft.VisualStudio.TestTools.TestTypes.Unit.UnitTestAdapter, Microsoft.VisualStudio.QualityTools.Tips.UnitTest.Adapter, Version=10.0.0.0, Culture=neutral, PublicKeyToken=b03f5f7f11d50a3a" className="TestComplexNumber.ComplexVectorTest, TestComplexNumber, Version=1.0.0.0, Culture=neutral, PublicKeyToken=null" name="GetKetTest" />
    </UnitTest>
    <UnitTest name="op_DotProductTest" storage="c:\bruce n\programming\quantum computing\testcomplexnumber\bin\debug\testcomplexnumber.dll" id="45e4093b-3343-3a21-e7a7-e836435896d3">
      <Execution id="f86aafe0-1583-4786-873e-0b63d6752188" />
      <TestMethod codeBase="C:/Bruce N/Programming/Quantum Computing/TestComplexNumber/bin/Debug/TestComplexNumber.DLL" adapterTypeName="Microsoft.VisualStudio.TestTools.TestTypes.Unit.UnitTestAdapter, Microsoft.VisualStudio.QualityTools.Tips.UnitTest.Adapter, Version=10.0.0.0, Culture=neutral, PublicKeyToken=b03f5f7f11d50a3a" className="TestComplexNumber.VectorTest, TestComplexNumber, Version=1.0.0.0, Culture=neutral, PublicKeyToken=null" name="op_DotProductTest" />
    </UnitTest>
    <UnitTest name="Exercise2o6o9" storage="c:\bruce n\programming\quantum computing\testcomplexnumber\bin\debug\testcomplexnumber.dll" id="9c8a3a37-92aa-2f07-2535-a6f269371959">
      <Execution id="76d6d623-da5e-44b5-af18-480a65397321" />
      <TestMethod codeBase="C:/Bruce N/Programming/Quantum Computing/TestComplexNumber/bin/Debug/TestComplexNumber.DLL" adapterTypeName="Microsoft.VisualStudio.TestTools.TestTypes.Unit.UnitTestAdapter, Microsoft.VisualStudio.QualityTools.Tips.UnitTest.Adapter, Version=10.0.0.0, Culture=neutral, PublicKeyToken=b03f5f7f11d50a3a" className="TestComplexNumber.QCExercisesChapter2, TestComplexNumber, Version=1.0.0.0, Culture=neutral, PublicKeyToken=null" name="Exercise2o6o9" />
    </UnitTest>
    <UnitTest name="InnerProductTest" storage="c:\bruce n\programming\quantum computing\testcomplexnumber\bin\debug\testcomplexnumber.dll" id="4611c12d-ab9b-ec67-f03d-aef14139fd18">
      <Execution id="6871b6e5-1da1-4754-abc4-1265f1e5aa75" />
      <TestMethod codeBase="C:/Bruce N/Programming/Quantum Computing/TestComplexNumber/bin/Debug/TestComplexNumber.DLL" adapterTypeName="Microsoft.VisualStudio.TestTools.TestTypes.Unit.UnitTestAdapter, Microsoft.VisualStudio.QualityTools.Tips.UnitTest.Adapter, Version=10.0.0.0, Culture=neutral, PublicKeyToken=b03f5f7f11d50a3a" className="TestComplexNumber.ComplexMatrixTest, TestComplexNumber, Version=1.0.0.0, Culture=neutral, PublicKeyToken=null" name="InnerProductTest" />
    </UnitTest>
    <UnitTest name="op_MultiplyTest" storage="c:\bruce n\programming\quantum computing\testcomplexnumber\bin\debug\testcomplexnumber.dll" id="0599638c-2006-192a-49da-9fa79df3b55e">
      <Execution id="ef91ace2-6bce-4496-8c9f-4b71e682a3c1" />
      <TestMethod codeBase="C:/Bruce N/Programming/Quantum Computing/TestComplexNumber/bin/Debug/TestComplexNumber.DLL" adapterTypeName="Microsoft.VisualStudio.TestTools.TestTypes.Unit.UnitTestAdapter, Microsoft.VisualStudio.QualityTools.Tips.UnitTest.Adapter, Version=10.0.0.0, Culture=neutral, PublicKeyToken=b03f5f7f11d50a3a" className="TestComplexNumber.MatrixTest, TestComplexNumber, Version=1.0.0.0, Culture=neutral, PublicKeyToken=null" name="op_MultiplyTest" />
    </UnitTest>
    <UnitTest name="Exercise2o6o6" storage="c:\bruce n\programming\quantum computing\testcomplexnumber\bin\debug\testcomplexnumber.dll" id="0627374f-baab-d288-a8a5-3146f1936a2d">
      <Execution id="bd09aad9-4ed3-4f77-ad17-8e9fc35106ec" />
      <TestMethod codeBase="C:/Bruce N/Programming/Quantum Computing/TestComplexNumber/bin/Debug/TestComplexNumber.DLL" adapterTypeName="Microsoft.VisualStudio.TestTools.TestTypes.Unit.UnitTestAdapter, Microsoft.VisualStudio.QualityTools.Tips.UnitTest.Adapter, Version=10.0.0.0, Culture=neutral, PublicKeyToken=b03f5f7f11d50a3a" className="TestComplexNumber.QCExercisesChapter2, TestComplexNumber, Version=1.0.0.0, Culture=neutral, PublicKeyToken=null" name="Exercise2o6o6" />
    </UnitTest>
    <UnitTest name="IdentityMatrixTest" storage="c:\bruce n\programming\quantum computing\testcomplexnumber\bin\debug\testcomplexnumber.dll" id="25da0ecb-8f65-f3a6-c92d-fed8f87247e6">
      <Execution id="447bded7-9fc8-4f46-a71a-f54f088409b6" />
      <TestMethod codeBase="C:/Bruce N/Programming/Quantum Computing/TestComplexNumber/bin/Debug/TestComplexNumber.DLL" adapterTypeName="Microsoft.VisualStudio.TestTools.TestTypes.Unit.UnitTestAdapter, Microsoft.VisualStudio.QualityTools.Tips.UnitTest.Adapter, Version=10.0.0.0, Culture=neutral, PublicKeyToken=b03f5f7f11d50a3a" className="TestComplexNumber.MatrixTest, TestComplexNumber, Version=1.0.0.0, Culture=neutral, PublicKeyToken=null" name="IdentityMatrixTest" />
    </UnitTest>
    <UnitTest name="Exercise1o3o3" storage="c:\bruce n\programming\quantum computing\testcomplexnumber\bin\debug\testcomplexnumber.dll" id="70274760-027a-23e7-88b1-7688da4db4eb">
      <Execution id="080d5a71-85f0-48f5-bcad-1f2527d2ad43" />
      <TestMethod codeBase="C:/Bruce N/Programming/Quantum Computing/TestComplexNumber/bin/Debug/TestComplexNumber.DLL" adapterTypeName="Microsoft.VisualStudio.TestTools.TestTypes.Unit.UnitTestAdapter, Microsoft.VisualStudio.QualityTools.Tips.UnitTest.Adapter, Version=10.0.0.0, Culture=neutral, PublicKeyToken=b03f5f7f11d50a3a" className="TestComplexNumber.QCExercisesChapter1, TestComplexNumber, Version=1.0.0.0, Culture=neutral, PublicKeyToken=null" name="Exercise1o3o3" />
    </UnitTest>
    <UnitTest name="Exercise4o2o7" storage="c:\bruce n\programming\quantum computing\testcomplexnumber\bin\debug\testcomplexnumber.dll" id="f368b193-6b5a-1b14-7094-e125316b3e80">
      <Execution id="22489c1f-4d5b-4a4f-8534-86bb08621477" />
      <TestMethod codeBase="C:/Bruce N/Programming/Quantum Computing/TestComplexNumber/bin/Debug/TestComplexNumber.DLL" adapterTypeName="Microsoft.VisualStudio.TestTools.TestTypes.Unit.UnitTestAdapter, Microsoft.VisualStudio.QualityTools.Tips.UnitTest.Adapter, Version=10.0.0.0, Culture=neutral, PublicKeyToken=b03f5f7f11d50a3a" className="TestComplexNumber.QCExercisesChapter4, TestComplexNumber, Version=1.0.0.0, Culture=neutral, PublicKeyToken=null" name="Exercise4o2o7" />
    </UnitTest>
    <UnitTest name="GetAngleTest" storage="c:\bruce n\programming\quantum computing\testcomplexnumber\bin\debug\testcomplexnumber.dll" id="05b12b43-1783-0ca5-6417-946a728e7bad">
      <Execution id="c23ae166-8fbf-4c65-a94c-6ac79aeb48c0" />
      <TestMethod codeBase="C:/Bruce N/Programming/Quantum Computing/TestComplexNumber/bin/Debug/TestComplexNumber.DLL" adapterTypeName="Microsoft.VisualStudio.TestTools.TestTypes.Unit.UnitTestAdapter, Microsoft.VisualStudio.QualityTools.Tips.UnitTest.Adapter, Version=10.0.0.0, Culture=neutral, PublicKeyToken=b03f5f7f11d50a3a" className="TestComplexNumber.VectorTest, TestComplexNumber, Version=1.0.0.0, Culture=neutral, PublicKeyToken=null" name="GetAngleTest" />
    </UnitTest>
    <UnitTest name="Example4o2o1" storage="c:\bruce n\programming\quantum computing\testcomplexnumber\bin\debug\testcomplexnumber.dll" id="cfda23f5-8521-9279-3cfb-c362ea2104e6">
      <Execution id="76fd23b9-5e98-4824-9d6f-6cb6bdddb266" />
      <TestMethod codeBase="C:/Bruce N/Programming/Quantum Computing/TestComplexNumber/bin/Debug/TestComplexNumber.DLL" adapterTypeName="Microsoft.VisualStudio.TestTools.TestTypes.Unit.UnitTestAdapter, Microsoft.VisualStudio.QualityTools.Tips.UnitTest.Adapter, Version=10.0.0.0, Culture=neutral, PublicKeyToken=b03f5f7f11d50a3a" className="TestComplexNumber.QCExercisesChapter4, TestComplexNumber, Version=1.0.0.0, Culture=neutral, PublicKeyToken=null" name="Example4o2o1" />
    </UnitTest>
    <UnitTest name="op_DivisionTest" storage="c:\bruce n\programming\quantum computing\testcomplexnumber\bin\debug\testcomplexnumber.dll" id="8071e8fe-9b4b-2580-cbc1-7f7b5fdb3e47">
      <Execution id="91572d5c-109a-4792-badd-fb131451ca57" />
      <TestMethod codeBase="C:/Bruce N/Programming/Quantum Computing/TestComplexNumber/bin/Debug/TestComplexNumber.DLL" adapterTypeName="Microsoft.VisualStudio.TestTools.TestTypes.Unit.UnitTestAdapter, Microsoft.VisualStudio.QualityTools.Tips.UnitTest.Adapter, Version=10.0.0.0, Culture=neutral, PublicKeyToken=b03f5f7f11d50a3a" className="TestComplexNumber.ComplexNumberTest, TestComplexNumber, Version=1.0.0.0, Culture=neutral, PublicKeyToken=null" name="op_DivisionTest" />
    </UnitTest>
    <UnitTest name="CommutatorTest" storage="c:\bruce n\programming\quantum computing\testcomplexnumber\bin\debug\testcomplexnumber.dll" id="dd1468a1-9af3-1aa0-7b70-41b163e3c3e7">
      <Execution id="119174c9-2338-43fe-bbbb-80c3238cc93e" />
      <TestMethod codeBase="C:/Bruce N/Programming/Quantum Computing/TestComplexNumber/bin/Debug/TestComplexNumber.DLL" adapterTypeName="Microsoft.VisualStudio.TestTools.TestTypes.Unit.UnitTestAdapter, Microsoft.VisualStudio.QualityTools.Tips.UnitTest.Adapter, Version=10.0.0.0, Culture=neutral, PublicKeyToken=b03f5f7f11d50a3a" className="TestComplexNumber.MatrixTest, TestComplexNumber, Version=1.0.0.0, Culture=neutral, PublicKeyToken=null" name="CommutatorTest" />
    </UnitTest>
    <UnitTest name="ConjugateTest" storage="c:\bruce n\programming\quantum computing\testcomplexnumber\bin\debug\testcomplexnumber.dll" id="d1e32dc2-f33f-5363-4a8c-0ea170a9c822">
      <Execution id="19ea19e5-26b5-43b5-a3b5-35cbba447d45" />
      <TestMethod codeBase="C:/Bruce N/Programming/Quantum Computing/TestComplexNumber/bin/Debug/TestComplexNumber.DLL" adapterTypeName="Microsoft.VisualStudio.TestTools.TestTypes.Unit.UnitTestAdapter, Microsoft.VisualStudio.QualityTools.Tips.UnitTest.Adapter, Version=10.0.0.0, Culture=neutral, PublicKeyToken=b03f5f7f11d50a3a" className="TestComplexNumber.ComplexNumberTest, TestComplexNumber, Version=1.0.0.0, Culture=neutral, PublicKeyToken=null" name="ConjugateTest" />
    </UnitTest>
    <UnitTest name="op_UnaryNegationTest" storage="c:\bruce n\programming\quantum computing\testcomplexnumber\bin\debug\testcomplexnumber.dll" id="8e039ac3-296f-0b32-1467-d43005f9a8c9">
      <Execution id="7a2d91a9-28fb-4cd0-9265-319dd82d9ca5" />
      <TestMethod codeBase="C:/Bruce N/Programming/Quantum Computing/TestComplexNumber/bin/Debug/TestComplexNumber.DLL" adapterTypeName="Microsoft.VisualStudio.TestTools.TestTypes.Unit.UnitTestAdapter, Microsoft.VisualStudio.QualityTools.Tips.UnitTest.Adapter, Version=10.0.0.0, Culture=neutral, PublicKeyToken=b03f5f7f11d50a3a" className="TestComplexNumber.VectorTest, TestComplexNumber, Version=1.0.0.0, Culture=neutral, PublicKeyToken=null" name="op_UnaryNegationTest" />
    </UnitTest>
    <UnitTest name="Exercise2o4o3" storage="c:\bruce n\programming\quantum computing\testcomplexnumber\bin\debug\testcomplexnumber.dll" id="c75fc2ac-fde7-2038-d9a8-d86e951811a0">
      <Execution id="2cc1f792-f7f3-4f1c-aeeb-b3f850c90ab8" />
      <TestMethod codeBase="C:/Bruce N/Programming/Quantum Computing/TestComplexNumber/bin/Debug/TestComplexNumber.DLL" adapterTypeName="Microsoft.VisualStudio.TestTools.TestTypes.Unit.UnitTestAdapter, Microsoft.VisualStudio.QualityTools.Tips.UnitTest.Adapter, Version=10.0.0.0, Culture=neutral, PublicKeyToken=b03f5f7f11d50a3a" className="TestComplexNumber.QCExercisesChapter2, TestComplexNumber, Version=1.0.0.0, Culture=neutral, PublicKeyToken=null" name="Exercise2o4o3" />
    </UnitTest>
    <UnitTest name="InnerProductTest" storage="c:\bruce n\programming\quantum computing\testcomplexnumber\bin\debug\testcomplexnumber.dll" id="84a3a475-fcd9-a697-a886-bb4311389ff1">
      <Execution id="f2ae75e6-69c7-4f49-a7ba-8f112f0d48e4" />
      <TestMethod codeBase="C:/Bruce N/Programming/Quantum Computing/TestComplexNumber/bin/Debug/TestComplexNumber.DLL" adapterTypeName="Microsoft.VisualStudio.TestTools.TestTypes.Unit.UnitTestAdapter, Microsoft.VisualStudio.QualityTools.Tips.UnitTest.Adapter, Version=10.0.0.0, Culture=neutral, PublicKeyToken=b03f5f7f11d50a3a" className="TestComplexNumber.MatrixTest, TestComplexNumber, Version=1.0.0.0, Culture=neutral, PublicKeyToken=null" name="InnerProductTest" />
    </UnitTest>
    <UnitTest name="DistanceTest" storage="c:\bruce n\programming\quantum computing\testcomplexnumber\bin\debug\testcomplexnumber.dll" id="89a43019-9aa1-6b73-f686-b9999e672584">
      <Execution id="b4b77d90-d677-4cfb-b007-dd33025e2956" />
      <TestMethod codeBase="C:/Bruce N/Programming/Quantum Computing/TestComplexNumber/bin/Debug/TestComplexNumber.DLL" adapterTypeName="Microsoft.VisualStudio.TestTools.TestTypes.Unit.UnitTestAdapter, Microsoft.VisualStudio.QualityTools.Tips.UnitTest.Adapter, Version=10.0.0.0, Culture=neutral, PublicKeyToken=b03f5f7f11d50a3a" className="TestComplexNumber.VectorTest, TestComplexNumber, Version=1.0.0.0, Culture=neutral, PublicKeyToken=null" name="DistanceTest" />
    </UnitTest>
    <UnitTest name="Exercise2o4o6" storage="c:\bruce n\programming\quantum computing\testcomplexnumber\bin\debug\testcomplexnumber.dll" id="70b0a96d-aaac-2125-44fa-4f6d63eb62a7">
      <Execution id="73416220-4eb9-442d-bba5-7765985a3567" />
      <TestMethod codeBase="C:/Bruce N/Programming/Quantum Computing/TestComplexNumber/bin/Debug/TestComplexNumber.DLL" adapterTypeName="Microsoft.VisualStudio.TestTools.TestTypes.Unit.UnitTestAdapter, Microsoft.VisualStudio.QualityTools.Tips.UnitTest.Adapter, Version=10.0.0.0, Culture=neutral, PublicKeyToken=b03f5f7f11d50a3a" className="TestComplexNumber.QCExercisesChapter2, TestComplexNumber, Version=1.0.0.0, Culture=neutral, PublicKeyToken=null" name="Exercise2o4o6" />
    </UnitTest>
    <UnitTest name="EqualsTest" storage="c:\bruce n\programming\quantum computing\testcomplexnumber\bin\debug\testcomplexnumber.dll" id="e620761f-f36f-3a30-5a60-f84267c8154b">
      <Execution id="dc31a4c7-4020-4163-aa8a-87d2f3fdc25f" />
      <TestMethod codeBase="C:/Bruce N/Programming/Quantum Computing/TestComplexNumber/bin/Debug/TestComplexNumber.DLL" adapterTypeName="Microsoft.VisualStudio.TestTools.TestTypes.Unit.UnitTestAdapter, Microsoft.VisualStudio.QualityTools.Tips.UnitTest.Adapter, Version=10.0.0.0, Culture=neutral, PublicKeyToken=b03f5f7f11d50a3a" className="TestComplexNumber.MatrixTest, TestComplexNumber, Version=1.0.0.0, Culture=neutral, PublicKeyToken=null" name="EqualsTest" />
    </UnitTest>
    <UnitTest name="Exercise3o3o1" storage="c:\bruce n\programming\quantum computing\testcomplexnumber\bin\debug\testcomplexnumber.dll" id="2495be45-e753-45de-32ff-e2c3eb28668d">
      <Execution id="03937e64-74f3-4532-9a78-5613134eacdf" />
      <TestMethod codeBase="C:/Bruce N/Programming/Quantum Computing/TestComplexNumber/bin/Debug/TestComplexNumber.DLL" adapterTypeName="Microsoft.VisualStudio.TestTools.TestTypes.Unit.UnitTestAdapter, Microsoft.VisualStudio.QualityTools.Tips.UnitTest.Adapter, Version=10.0.0.0, Culture=neutral, PublicKeyToken=b03f5f7f11d50a3a" className="TestComplexNumber.QCExercisesChapter3, TestComplexNumber, Version=1.0.0.0, Culture=neutral, PublicKeyToken=null" name="Exercise3o3o1" />
    </UnitTest>
    <UnitTest name="Exercise4o2o8" storage="c:\bruce n\programming\quantum computing\testcomplexnumber\bin\debug\testcomplexnumber.dll" id="8c87e582-c187-2428-641f-ac52b8bc8afb">
      <Execution id="d8629ca7-6514-421c-a5ab-c10b45ebe617" />
      <TestMethod codeBase="C:/Bruce N/Programming/Quantum Computing/TestComplexNumber/bin/Debug/TestComplexNumber.DLL" adapterTypeName="Microsoft.VisualStudio.TestTools.TestTypes.Unit.UnitTestAdapter, Microsoft.VisualStudio.QualityTools.Tips.UnitTest.Adapter, Version=10.0.0.0, Culture=neutral, PublicKeyToken=b03f5f7f11d50a3a" className="TestComplexNumber.QCExercisesChapter4, TestComplexNumber, Version=1.0.0.0, Culture=neutral, PublicKeyToken=null" name="Exercise4o2o8" />
    </UnitTest>
    <UnitTest name="op_PowerTest" storage="c:\bruce n\programming\quantum computing\testcomplexnumber\bin\debug\testcomplexnumber.dll" id="2461313c-95d1-07bf-c932-ab214f8a619b">
      <Execution id="f7c9efa1-3775-42da-954b-eac566296b8b" />
      <TestMethod codeBase="C:/Bruce N/Programming/Quantum Computing/TestComplexNumber/bin/Debug/TestComplexNumber.DLL" adapterTypeName="Microsoft.VisualStudio.TestTools.TestTypes.Unit.UnitTestAdapter, Microsoft.VisualStudio.QualityTools.Tips.UnitTest.Adapter, Version=10.0.0.0, Culture=neutral, PublicKeyToken=b03f5f7f11d50a3a" className="TestComplexNumber.ComplexNumberTest, TestComplexNumber, Version=1.0.0.0, Culture=neutral, PublicKeyToken=null" name="op_PowerTest" />
    </UnitTest>
    <UnitTest name="GetNormalizedAmplitudeTest" storage="c:\bruce n\programming\quantum computing\testcomplexnumber\bin\debug\testcomplexnumber.dll" id="7c93be96-b5a0-1d46-8810-c4cc0920cb2c">
      <Execution id="901199c2-c094-45a7-b4f9-8ed65152ba8f" />
      <TestMethod codeBase="C:/Bruce N/Programming/Quantum Computing/TestComplexNumber/bin/Debug/TestComplexNumber.DLL" adapterTypeName="Microsoft.VisualStudio.TestTools.TestTypes.Unit.UnitTestAdapter, Microsoft.VisualStudio.QualityTools.Tips.UnitTest.Adapter, Version=10.0.0.0, Culture=neutral, PublicKeyToken=b03f5f7f11d50a3a" className="TestComplexNumber.ComplexVectorTest, TestComplexNumber, Version=1.0.0.0, Culture=neutral, PublicKeyToken=null" name="GetNormalizedAmplitudeTest" />
    </UnitTest>
    <UnitTest name="op_AdditionTest" storage="c:\bruce n\programming\quantum computing\testcomplexnumber\bin\debug\testcomplexnumber.dll" id="728da468-f507-e742-b2ad-f61f3c2f234c">
      <Execution id="46649f8e-bdc8-458d-a289-2385882557af" />
      <TestMethod codeBase="C:/Bruce N/Programming/Quantum Computing/TestComplexNumber/bin/Debug/TestComplexNumber.DLL" adapterTypeName="Microsoft.VisualStudio.TestTools.TestTypes.Unit.UnitTestAdapter, Microsoft.VisualStudio.QualityTools.Tips.UnitTest.Adapter, Version=10.0.0.0, Culture=neutral, PublicKeyToken=b03f5f7f11d50a3a" className="TestComplexNumber.ComplexNumberTest, TestComplexNumber, Version=1.0.0.0, Culture=neutral, PublicKeyToken=null" name="op_AdditionTest" />
    </UnitTest>
    <UnitTest name="EqualsTest" storage="c:\bruce n\programming\quantum computing\testcomplexnumber\bin\debug\testcomplexnumber.dll" id="2196f553-8d96-0cb1-ab6a-222290e750c6">
      <Execution id="fe35ebc6-1a2c-4ce8-ac5b-201bfab3f7f3" />
      <TestMethod codeBase="C:/Bruce N/Programming/Quantum Computing/TestComplexNumber/bin/Debug/TestComplexNumber.DLL" adapterTypeName="Microsoft.VisualStudio.TestTools.TestTypes.Unit.UnitTestAdapter, Microsoft.VisualStudio.QualityTools.Tips.UnitTest.Adapter, Version=10.0.0.0, Culture=neutral, PublicKeyToken=b03f5f7f11d50a3a" className="TestComplexNumber.ComplexVectorTest, TestComplexNumber, Version=1.0.0.0, Culture=neutral, PublicKeyToken=null" name="EqualsTest" />
    </UnitTest>
    <UnitTest name="op_SubtractionTest" storage="c:\bruce n\programming\quantum computing\testcomplexnumber\bin\debug\testcomplexnumber.dll" id="8283d241-590a-b382-504b-bad3e64fc92e">
      <Execution id="4a4cf615-5e1b-4658-ad1a-cf65b43743c3" />
      <TestMethod codeBase="C:/Bruce N/Programming/Quantum Computing/TestComplexNumber/bin/Debug/TestComplexNumber.DLL" adapterTypeName="Microsoft.VisualStudio.TestTools.TestTypes.Unit.UnitTestAdapter, Microsoft.VisualStudio.QualityTools.Tips.UnitTest.Adapter, Version=10.0.0.0, Culture=neutral, PublicKeyToken=b03f5f7f11d50a3a" className="TestComplexNumber.MatrixTest, TestComplexNumber, Version=1.0.0.0, Culture=neutral, PublicKeyToken=null" name="op_SubtractionTest" />
    </UnitTest>
    <UnitTest name="Exercise3o2o6" storage="c:\bruce n\programming\quantum computing\testcomplexnumber\bin\debug\testcomplexnumber.dll" id="aec04687-b925-f293-88d7-b9bf8f00fc28">
      <Execution id="879f1f16-d744-4459-9192-16e399892f38" />
      <TestMethod codeBase="C:/Bruce N/Programming/Quantum Computing/TestComplexNumber/bin/Debug/TestComplexNumber.DLL" adapterTypeName="Microsoft.VisualStudio.TestTools.TestTypes.Unit.UnitTestAdapter, Microsoft.VisualStudio.QualityTools.Tips.UnitTest.Adapter, Version=10.0.0.0, Culture=neutral, PublicKeyToken=b03f5f7f11d50a3a" className="TestComplexNumber.QCExercisesChapter3, TestComplexNumber, Version=1.0.0.0, Culture=neutral, PublicKeyToken=null" name="Exercise3o2o6" />
    </UnitTest>
    <UnitTest name="TransposeTest" storage="c:\bruce n\programming\quantum computing\testcomplexnumber\bin\debug\testcomplexnumber.dll" id="45c1478b-4df2-7873-3421-9c35cffff0b5">
      <Execution id="f128e71a-7b04-44e7-b66d-ae822eb580d4" />
      <TestMethod codeBase="C:/Bruce N/Programming/Quantum Computing/TestComplexNumber/bin/Debug/TestComplexNumber.DLL" adapterTypeName="Microsoft.VisualStudio.TestTools.TestTypes.Unit.UnitTestAdapter, Microsoft.VisualStudio.QualityTools.Tips.UnitTest.Adapter, Version=10.0.0.0, Culture=neutral, PublicKeyToken=b03f5f7f11d50a3a" className="TestComplexNumber.ComplexMatrixTest, TestComplexNumber, Version=1.0.0.0, Culture=neutral, PublicKeyToken=null" name="TransposeTest" />
    </UnitTest>
    <UnitTest name="ModulusTest" storage="c:\bruce n\programming\quantum computing\testcomplexnumber\bin\debug\testcomplexnumber.dll" id="85bc1fba-aa1e-c1ef-9000-a508e9350978">
      <Execution id="112ab03b-f73a-475e-a856-e35d3f7d0053" />
      <TestMethod codeBase="C:/Bruce N/Programming/Quantum Computing/TestComplexNumber/bin/Debug/TestComplexNumber.DLL" adapterTypeName="Microsoft.VisualStudio.TestTools.TestTypes.Unit.UnitTestAdapter, Microsoft.VisualStudio.QualityTools.Tips.UnitTest.Adapter, Version=10.0.0.0, Culture=neutral, PublicKeyToken=b03f5f7f11d50a3a" className="TestComplexNumber.ComplexNumberTest, TestComplexNumber, Version=1.0.0.0, Culture=neutral, PublicKeyToken=null" name="ModulusTest" />
    </UnitTest>
    <UnitTest name="SetCartesianCoordinatesTest" storage="c:\bruce n\programming\quantum computing\testcomplexnumber\bin\debug\testcomplexnumber.dll" id="7f3420a7-c01c-ee16-8a61-460ee76e48af">
      <Execution id="3ecb0cde-689a-4967-ac40-2fef2f19adcd" />
      <TestMethod codeBase="C:/Bruce N/Programming/Quantum Computing/TestComplexNumber/bin/Debug/TestComplexNumber.DLL" adapterTypeName="Microsoft.VisualStudio.TestTools.TestTypes.Unit.UnitTestAdapter, Microsoft.VisualStudio.QualityTools.Tips.UnitTest.Adapter, Version=10.0.0.0, Culture=neutral, PublicKeyToken=b03f5f7f11d50a3a" className="TestComplexNumber.ComplexNumberTest, TestComplexNumber, Version=1.0.0.0, Culture=neutral, PublicKeyToken=null" name="SetCartesianCoordinatesTest" />
    </UnitTest>
    <UnitTest name="TestEquation2o13" storage="c:\bruce n\programming\quantum computing\testcomplexnumber\bin\debug\testcomplexnumber.dll" id="e3655047-245b-e2c7-2c26-19e72f979c1d">
      <Execution id="d97f86f8-2106-4410-b55c-33497b7e7752" />
      <TestMethod codeBase="C:/Bruce N/Programming/Quantum Computing/TestComplexNumber/bin/Debug/TestComplexNumber.DLL" adapterTypeName="Microsoft.VisualStudio.TestTools.TestTypes.Unit.UnitTestAdapter, Microsoft.VisualStudio.QualityTools.Tips.UnitTest.Adapter, Version=10.0.0.0, Culture=neutral, PublicKeyToken=b03f5f7f11d50a3a" className="TestComplexNumber.QCExercisesChapter2, TestComplexNumber, Version=1.0.0.0, Culture=neutral, PublicKeyToken=null" name="TestEquation2o13" />
    </UnitTest>
    <UnitTest name="PolarCoordinatesTest" storage="c:\bruce n\programming\quantum computing\testcomplexnumber\bin\debug\testcomplexnumber.dll" id="fb89f0d9-b250-f580-809f-a6350fa8fd66">
      <Execution id="c778afd9-22b0-40fc-8c29-1e5b7562e2cb" />
      <TestMethod codeBase="C:/Bruce N/Programming/Quantum Computing/TestComplexNumber/bin/Debug/TestComplexNumber.DLL" adapterTypeName="Microsoft.VisualStudio.TestTools.TestTypes.Unit.UnitTestAdapter, Microsoft.VisualStudio.QualityTools.Tips.UnitTest.Adapter, Version=10.0.0.0, Culture=neutral, PublicKeyToken=b03f5f7f11d50a3a" className="TestComplexNumber.ComplexNumberTest, TestComplexNumber, Version=1.0.0.0, Culture=neutral, PublicKeyToken=null" name="PolarCoordinatesTest" />
    </UnitTest>
    <UnitTest name="Exercise3o1o1" storage="c:\bruce n\programming\quantum computing\testcomplexnumber\bin\debug\testcomplexnumber.dll" id="8948e81d-4481-f3a6-0a8b-92d5a21b0ed1">
      <Execution id="0ab8213c-c0c0-4a20-bf7d-86aec4ef5993" />
      <TestMethod codeBase="C:/Bruce N/Programming/Quantum Computing/TestComplexNumber/bin/Debug/TestComplexNumber.DLL" adapterTypeName="Microsoft.VisualStudio.TestTools.TestTypes.Unit.UnitTestAdapter, Microsoft.VisualStudio.QualityTools.Tips.UnitTest.Adapter, Version=10.0.0.0, Culture=neutral, PublicKeyToken=b03f5f7f11d50a3a" className="TestComplexNumber.QCExercisesChapter3, TestComplexNumber, Version=1.0.0.0, Culture=neutral, PublicKeyToken=null" name="Exercise3o1o1" />
    </UnitTest>
    <UnitTest name="Exercise3o1o2" storage="c:\bruce n\programming\quantum computing\testcomplexnumber\bin\debug\testcomplexnumber.dll" id="1683eaf6-b230-9872-7e1d-e1c2509c0be1">
      <Execution id="5c34ea30-b772-401e-8cae-db0b30fec825" />
      <TestMethod codeBase="C:/Bruce N/Programming/Quantum Computing/TestComplexNumber/bin/Debug/TestComplexNumber.DLL" adapterTypeName="Microsoft.VisualStudio.TestTools.TestTypes.Unit.UnitTestAdapter, Microsoft.VisualStudio.QualityTools.Tips.UnitTest.Adapter, Version=10.0.0.0, Culture=neutral, PublicKeyToken=b03f5f7f11d50a3a" className="TestComplexNumber.QCExercisesChapter3, TestComplexNumber, Version=1.0.0.0, Culture=neutral, PublicKeyToken=null" name="Exercise3o1o2" />
    </UnitTest>
    <UnitTest name="ToStringTest" storage="c:\bruce n\programming\quantum computing\testcomplexnumber\bin\debug\testcomplexnumber.dll" id="a742c746-5181-52e8-23a7-13e7e8c75d0d">
      <Execution id="c5f3f7d2-fe1e-49a7-bc22-213c0fdd7871" />
      <TestMethod codeBase="C:/Bruce N/Programming/Quantum Computing/TestComplexNumber/bin/Debug/TestComplexNumber.DLL" adapterTypeName="Microsoft.VisualStudio.TestTools.TestTypes.Unit.UnitTestAdapter, Microsoft.VisualStudio.QualityTools.Tips.UnitTest.Adapter, Version=10.0.0.0, Culture=neutral, PublicKeyToken=b03f5f7f11d50a3a" className="TestComplexNumber.VectorTest, TestComplexNumber, Version=1.0.0.0, Culture=neutral, PublicKeyToken=null" name="ToStringTest" />
    </UnitTest>
    <UnitTest name="IsOrthogonalTest" storage="c:\bruce n\programming\quantum computing\testcomplexnumber\bin\debug\testcomplexnumber.dll" id="f45ba4d9-1948-fd2a-d93c-c51eacddf456">
      <Execution id="4d843ce2-0ab7-4f01-b152-95ca69016395" />
      <TestMethod codeBase="C:/Bruce N/Programming/Quantum Computing/TestComplexNumber/bin/Debug/TestComplexNumber.DLL" adapterTypeName="Microsoft.VisualStudio.TestTools.TestTypes.Unit.UnitTestAdapter, Microsoft.VisualStudio.QualityTools.Tips.UnitTest.Adapter, Version=10.0.0.0, Culture=neutral, PublicKeyToken=b03f5f7f11d50a3a" className="TestComplexNumber.VectorTest, TestComplexNumber, Version=1.0.0.0, Culture=neutral, PublicKeyToken=null" name="IsOrthogonalTest" />
    </UnitTest>
    <UnitTest name="Number13" storage="c:\bruce n\programming\quantum computing\testcomplexnumber\bin\debug\testcomplexnumber.dll" id="0ba55472-e42d-ce89-4611-b74239fe58fa">
      <Execution id="f7f4ff28-de5d-4135-a23d-7df5a6320caa" />
      <TestMethod codeBase="C:/Bruce N/Programming/Quantum Computing/TestComplexNumber/bin/Debug/TestComplexNumber.DLL" adapterTypeName="Microsoft.VisualStudio.TestTools.TestTypes.Unit.UnitTestAdapter, Microsoft.VisualStudio.QualityTools.Tips.UnitTest.Adapter, Version=10.0.0.0, Culture=neutral, PublicKeyToken=b03f5f7f11d50a3a" className="ExercisesChapter1Tests.LAExercise1o1, TestComplexNumber, Version=1.0.0.0, Culture=neutral, PublicKeyToken=null" name="Number13" />
    </UnitTest>
    <UnitTest name="SetToZeroTest" storage="c:\bruce n\programming\quantum computing\testcomplexnumber\bin\debug\testcomplexnumber.dll" id="965a50e8-2ef6-40c1-4122-e2170c7021eb">
      <Execution id="4629e61d-942f-46bd-80d5-fbd469518c73" />
      <TestMethod codeBase="C:/Bruce N/Programming/Quantum Computing/TestComplexNumber/bin/Debug/TestComplexNumber.DLL" adapterTypeName="Microsoft.VisualStudio.TestTools.TestTypes.Unit.UnitTestAdapter, Microsoft.VisualStudio.QualityTools.Tips.UnitTest.Adapter, Version=10.0.0.0, Culture=neutral, PublicKeyToken=b03f5f7f11d50a3a" className="TestComplexNumber.ComplexVectorTest, TestComplexNumber, Version=1.0.0.0, Culture=neutral, PublicKeyToken=null" name="SetToZeroTest" />
    </UnitTest>
    <UnitTest name="InnerProductTest" storage="c:\bruce n\programming\quantum computing\testcomplexnumber\bin\debug\testcomplexnumber.dll" id="7f620adb-a555-cf8e-6039-9aba1a009772">
      <Execution id="b1d76a8f-b1db-4739-9d9e-917ea7bc6125" />
      <TestMethod codeBase="C:/Bruce N/Programming/Quantum Computing/TestComplexNumber/bin/Debug/TestComplexNumber.DLL" adapterTypeName="Microsoft.VisualStudio.TestTools.TestTypes.Unit.UnitTestAdapter, Microsoft.VisualStudio.QualityTools.Tips.UnitTest.Adapter, Version=10.0.0.0, Culture=neutral, PublicKeyToken=b03f5f7f11d50a3a" className="TestComplexNumber.ComplexNumberTest, TestComplexNumber, Version=1.0.0.0, Culture=neutral, PublicKeyToken=null" name="InnerProductTest" />
    </UnitTest>
    <UnitTest name="Example4o2o7" storage="c:\bruce n\programming\quantum computing\testcomplexnumber\bin\debug\testcomplexnumber.dll" id="acd83d3c-1f09-56f5-c309-c66c3b56b876">
      <Execution id="17a57227-9dae-488e-a159-a0b015c66450" />
      <TestMethod codeBase="C:/Bruce N/Programming/Quantum Computing/TestComplexNumber/bin/Debug/TestComplexNumber.DLL" adapterTypeName="Microsoft.VisualStudio.TestTools.TestTypes.Unit.UnitTestAdapter, Microsoft.VisualStudio.QualityTools.Tips.UnitTest.Adapter, Version=10.0.0.0, Culture=neutral, PublicKeyToken=b03f5f7f11d50a3a" className="TestComplexNumber.QCExercisesChapter4, TestComplexNumber, Version=1.0.0.0, Culture=neutral, PublicKeyToken=null" name="Example4o2o7" />
    </UnitTest>
    <UnitTest name="op_MultiplyTest1" storage="c:\bruce n\programming\quantum computing\testcomplexnumber\bin\debug\testcomplexnumber.dll" id="a250f3fb-9de6-3396-c0f7-a3dadfe0ee2c">
      <Execution id="05846f4b-812a-43c8-a044-0269a551e218" />
      <TestMethod codeBase="C:/Bruce N/Programming/Quantum Computing/TestComplexNumber/bin/Debug/TestComplexNumber.DLL" adapterTypeName="Microsoft.VisualStudio.TestTools.TestTypes.Unit.UnitTestAdapter, Microsoft.VisualStudio.QualityTools.Tips.UnitTest.Adapter, Version=10.0.0.0, Culture=neutral, PublicKeyToken=b03f5f7f11d50a3a" className="TestComplexNumber.ComplexNumberTest, TestComplexNumber, Version=1.0.0.0, Culture=neutral, PublicKeyToken=null" name="op_MultiplyTest1" />
    </UnitTest>
    <UnitTest name="Exercise1o3o9" storage="c:\bruce n\programming\quantum computing\testcomplexnumber\bin\debug\testcomplexnumber.dll" id="fa18e5a6-2bc3-12df-bb51-c37d30f52f95">
      <Execution id="8d9e4c8a-1cfe-4416-a3bd-9e0b7feb5091" />
      <TestMethod codeBase="C:/Bruce N/Programming/Quantum Computing/TestComplexNumber/bin/Debug/TestComplexNumber.DLL" adapterTypeName="Microsoft.VisualStudio.TestTools.TestTypes.Unit.UnitTestAdapter, Microsoft.VisualStudio.QualityTools.Tips.UnitTest.Adapter, Version=10.0.0.0, Culture=neutral, PublicKeyToken=b03f5f7f11d50a3a" className="TestComplexNumber.QCExercisesChapter1, TestComplexNumber, Version=1.0.0.0, Culture=neutral, PublicKeyToken=null" name="Exercise1o3o9" />
    </UnitTest>
    <UnitTest name="op_UnaryNegationTest" storage="c:\bruce n\programming\quantum computing\testcomplexnumber\bin\debug\testcomplexnumber.dll" id="df464f9e-b112-5566-5b91-0946280686ed">
      <Execution id="036bd5ca-6685-4ef5-b81d-f50292f192bd" />
      <TestMethod codeBase="C:/Bruce N/Programming/Quantum Computing/TestComplexNumber/bin/Debug/TestComplexNumber.DLL" adapterTypeName="Microsoft.VisualStudio.TestTools.TestTypes.Unit.UnitTestAdapter, Microsoft.VisualStudio.QualityTools.Tips.UnitTest.Adapter, Version=10.0.0.0, Culture=neutral, PublicKeyToken=b03f5f7f11d50a3a" className="TestComplexNumber.MatrixTest, TestComplexNumber, Version=1.0.0.0, Culture=neutral, PublicKeyToken=null" name="op_UnaryNegationTest" />
    </UnitTest>
    <UnitTest name="op_AdditionTest" storage="c:\bruce n\programming\quantum computing\testcomplexnumber\bin\debug\testcomplexnumber.dll" id="843d4548-139b-668c-d827-42f4346b3ef0">
      <Execution id="2da72a87-64b3-40a2-9d92-2ae57b16fdd9" />
      <TestMethod codeBase="C:/Bruce N/Programming/Quantum Computing/TestComplexNumber/bin/Debug/TestComplexNumber.DLL" adapterTypeName="Microsoft.VisualStudio.TestTools.TestTypes.Unit.UnitTestAdapter, Microsoft.VisualStudio.QualityTools.Tips.UnitTest.Adapter, Version=10.0.0.0, Culture=neutral, PublicKeyToken=b03f5f7f11d50a3a" className="TestComplexNumber.MatrixTest, TestComplexNumber, Version=1.0.0.0, Culture=neutral, PublicKeyToken=null" name="op_AdditionTest" />
    </UnitTest>
    <UnitTest name="ImaginaryTest" storage="c:\bruce n\programming\quantum computing\testcomplexnumber\bin\debug\testcomplexnumber.dll" id="f2fd9c40-ebed-2a46-34fc-5586a484fe11">
      <Execution id="7f3dfa3d-38dc-4393-a9c2-3a7b8f9d5b82" />
      <TestMethod codeBase="C:/Bruce N/Programming/Quantum Computing/TestComplexNumber/bin/Debug/TestComplexNumber.DLL" adapterTypeName="Microsoft.VisualStudio.TestTools.TestTypes.Unit.UnitTestAdapter, Microsoft.VisualStudio.QualityTools.Tips.UnitTest.Adapter, Version=10.0.0.0, Culture=neutral, PublicKeyToken=b03f5f7f11d50a3a" className="TestComplexNumber.ComplexNumberTest, TestComplexNumber, Version=1.0.0.0, Culture=neutral, PublicKeyToken=null" name="ImaginaryTest" />
    </UnitTest>
    <UnitTest name="Exercise2o2o9" storage="c:\bruce n\programming\quantum computing\testcomplexnumber\bin\debug\testcomplexnumber.dll" id="6ffdc6d3-cefb-3296-5e75-ac13fe3afd03">
      <Execution id="c2093dfc-2c98-4114-9d81-84eb98284a61" />
      <TestMethod codeBase="C:/Bruce N/Programming/Quantum Computing/TestComplexNumber/bin/Debug/TestComplexNumber.DLL" adapterTypeName="Microsoft.VisualStudio.TestTools.TestTypes.Unit.UnitTestAdapter, Microsoft.VisualStudio.QualityTools.Tips.UnitTest.Adapter, Version=10.0.0.0, Culture=neutral, PublicKeyToken=b03f5f7f11d50a3a" className="TestComplexNumber.QCExercisesChapter2, TestComplexNumber, Version=1.0.0.0, Culture=neutral, PublicKeyToken=null" name="Exercise2o2o9" />
    </UnitTest>
    <UnitTest name="Exercise2o1o1" storage="c:\bruce n\programming\quantum computing\testcomplexnumber\bin\debug\testcomplexnumber.dll" id="3ab0606d-4843-ff36-b97d-0c79e11782f1">
      <Execution id="bb2dd0cc-e5b1-48a0-b7f6-6134f298fe42" />
      <TestMethod codeBase="C:/Bruce N/Programming/Quantum Computing/TestComplexNumber/bin/Debug/TestComplexNumber.DLL" adapterTypeName="Microsoft.VisualStudio.TestTools.TestTypes.Unit.UnitTestAdapter, Microsoft.VisualStudio.QualityTools.Tips.UnitTest.Adapter, Version=10.0.0.0, Culture=neutral, PublicKeyToken=b03f5f7f11d50a3a" className="TestComplexNumber.QCExercisesChapter2, TestComplexNumber, Version=1.0.0.0, Culture=neutral, PublicKeyToken=null" name="Exercise2o1o1" />
    </UnitTest>
    <UnitTest name="GetAmplitudeTest" storage="c:\bruce n\programming\quantum computing\testcomplexnumber\bin\debug\testcomplexnumber.dll" id="d5ba24d1-27d1-0b69-994f-a21952016180">
      <Execution id="5af3c6f2-5b13-46fd-ac8e-65679fa84f42" />
      <TestMethod codeBase="C:/Bruce N/Programming/Quantum Computing/TestComplexNumber/bin/Debug/TestComplexNumber.DLL" adapterTypeName="Microsoft.VisualStudio.TestTools.TestTypes.Unit.UnitTestAdapter, Microsoft.VisualStudio.QualityTools.Tips.UnitTest.Adapter, Version=10.0.0.0, Culture=neutral, PublicKeyToken=b03f5f7f11d50a3a" className="TestComplexNumber.ComplexVectorTest, TestComplexNumber, Version=1.0.0.0, Culture=neutral, PublicKeyToken=null" name="GetAmplitudeTest" />
    </UnitTest>
    <UnitTest name="DivideTest" storage="c:\bruce n\programming\quantum computing\testcomplexnumber\bin\debug\testcomplexnumber.dll" id="cad52bb7-add3-40f2-d3bf-b3532e5f7a63">
      <Execution id="86a0785a-2dce-4ea4-9e21-b6ec02d54094" />
      <TestMethod codeBase="C:/Bruce N/Programming/Quantum Computing/TestComplexNumber/bin/Debug/TestComplexNumber.DLL" adapterTypeName="Microsoft.VisualStudio.TestTools.TestTypes.Unit.UnitTestAdapter, Microsoft.VisualStudio.QualityTools.Tips.UnitTest.Adapter, Version=10.0.0.0, Culture=neutral, PublicKeyToken=b03f5f7f11d50a3a" className="TestComplexNumber.ComplexNumberTest, TestComplexNumber, Version=1.0.0.0, Culture=neutral, PublicKeyToken=null" name="DivideTest" />
    </UnitTest>
    <UnitTest name="op_MultiplyTest" storage="c:\bruce n\programming\quantum computing\testcomplexnumber\bin\debug\testcomplexnumber.dll" id="a2a281b6-476e-eb5a-45e5-afa89a5fb8b5">
      <Execution id="c500339b-ebbe-436d-a678-6a5837e2fd67" />
      <TestMethod codeBase="C:/Bruce N/Programming/Quantum Computing/TestComplexNumber/bin/Debug/TestComplexNumber.DLL" adapterTypeName="Microsoft.VisualStudio.TestTools.TestTypes.Unit.UnitTestAdapter, Microsoft.VisualStudio.QualityTools.Tips.UnitTest.Adapter, Version=10.0.0.0, Culture=neutral, PublicKeyToken=b03f5f7f11d50a3a" className="TestComplexNumber.ComplexNumberTest, TestComplexNumber, Version=1.0.0.0, Culture=neutral, PublicKeyToken=null" name="op_MultiplyTest" />
    </UnitTest>
    <UnitTest name="IsHermitianTest" storage="c:\bruce n\programming\quantum computing\testcomplexnumber\bin\debug\testcomplexnumber.dll" id="49e51852-7075-5008-f887-b580ee4d13af">
      <Execution id="3c992f0c-2ac7-421e-96fd-f50137ee0628" />
      <TestMethod codeBase="C:/Bruce N/Programming/Quantum Computing/TestComplexNumber/bin/Debug/TestComplexNumber.DLL" adapterTypeName="Microsoft.VisualStudio.TestTools.TestTypes.Unit.UnitTestAdapter, Microsoft.VisualStudio.QualityTools.Tips.UnitTest.Adapter, Version=10.0.0.0, Culture=neutral, PublicKeyToken=b03f5f7f11d50a3a" className="TestComplexNumber.ComplexMatrixTest, TestComplexNumber, Version=1.0.0.0, Culture=neutral, PublicKeyToken=null" name="IsHermitianTest" />
    </UnitTest>
    <UnitTest name="ComplexToDoubleTest" storage="c:\bruce n\programming\quantum computing\testcomplexnumber\bin\debug\testcomplexnumber.dll" id="3c01b151-3119-7729-69fb-12ad4b09e592">
      <DeploymentItems>
        <DeploymentItem filename="LinearAlgebra.dll" />
      </DeploymentItems>
      <Execution id="2562a893-bd38-4f6b-976c-e9004f84f066" />
      <TestMethod codeBase="C:/Bruce N/Programming/Quantum Computing/TestComplexNumber/bin/Debug/TestComplexNumber.DLL" adapterTypeName="Microsoft.VisualStudio.TestTools.TestTypes.Unit.UnitTestAdapter, Microsoft.VisualStudio.QualityTools.Tips.UnitTest.Adapter, Version=10.0.0.0, Culture=neutral, PublicKeyToken=b03f5f7f11d50a3a" className="TestComplexNumber.MatrixTest, TestComplexNumber, Version=1.0.0.0, Culture=neutral, PublicKeyToken=null" name="ComplexToDoubleTest" />
    </UnitTest>
    <UnitTest name="Exercise1o2o12" storage="c:\bruce n\programming\quantum computing\testcomplexnumber\bin\debug\testcomplexnumber.dll" id="511a4f61-ce89-55d2-60bf-217e67e9f532">
      <Execution id="2973431d-4725-4ced-bc57-885ab69f0748" />
      <TestMethod codeBase="C:/Bruce N/Programming/Quantum Computing/TestComplexNumber/bin/Debug/TestComplexNumber.DLL" adapterTypeName="Microsoft.VisualStudio.TestTools.TestTypes.Unit.UnitTestAdapter, Microsoft.VisualStudio.QualityTools.Tips.UnitTest.Adapter, Version=10.0.0.0, Culture=neutral, PublicKeyToken=b03f5f7f11d50a3a" className="TestComplexNumber.QCExercisesChapter1, TestComplexNumber, Version=1.0.0.0, Culture=neutral, PublicKeyToken=null" name="Exercise1o2o12" />
    </UnitTest>
    <UnitTest name="Exercise1o2o4" storage="c:\bruce n\programming\quantum computing\testcomplexnumber\bin\debug\testcomplexnumber.dll" id="afbb9659-a5fc-9266-3d62-d7f0d8dcbab6">
      <Execution id="9d11c850-44f8-408c-bf8b-5ac2ef26d000" />
      <TestMethod codeBase="C:/Bruce N/Programming/Quantum Computing/TestComplexNumber/bin/Debug/TestComplexNumber.DLL" adapterTypeName="Microsoft.VisualStudio.TestTools.TestTypes.Unit.UnitTestAdapter, Microsoft.VisualStudio.QualityTools.Tips.UnitTest.Adapter, Version=10.0.0.0, Culture=neutral, PublicKeyToken=b03f5f7f11d50a3a" className="TestComplexNumber.QCExercisesChapter1, TestComplexNumber, Version=1.0.0.0, Culture=neutral, PublicKeyToken=null" name="Exercise1o2o4" />
    </UnitTest>
    <UnitTest name="MatrixConstructorTest" storage="c:\bruce n\programming\quantum computing\testcomplexnumber\bin\debug\testcomplexnumber.dll" id="fa106201-6689-e149-ee9f-22bc394d4b15">
      <Execution id="7c423a74-8267-4679-a102-222449f63128" />
      <TestMethod codeBase="C:/Bruce N/Programming/Quantum Computing/TestComplexNumber/bin/Debug/TestComplexNumber.DLL" adapterTypeName="Microsoft.VisualStudio.TestTools.TestTypes.Unit.UnitTestAdapter, Microsoft.VisualStudio.QualityTools.Tips.UnitTest.Adapter, Version=10.0.0.0, Culture=neutral, PublicKeyToken=b03f5f7f11d50a3a" className="TestComplexNumber.MatrixTest, TestComplexNumber, Version=1.0.0.0, Culture=neutral, PublicKeyToken=null" name="MatrixConstructorTest" />
    </UnitTest>
    <UnitTest name="Example4o2o12" storage="c:\bruce n\programming\quantum computing\testcomplexnumber\bin\debug\testcomplexnumber.dll" id="6dbfaaf3-0c2f-79c7-5448-3d9091ca07d2">
      <Execution id="cdcaa0cb-e8d7-4673-afe8-9121c051befa" />
      <TestMethod codeBase="C:/Bruce N/Programming/Quantum Computing/TestComplexNumber/bin/Debug/TestComplexNumber.DLL" adapterTypeName="Microsoft.VisualStudio.TestTools.TestTypes.Unit.UnitTestAdapter, Microsoft.VisualStudio.QualityTools.Tips.UnitTest.Adapter, Version=10.0.0.0, Culture=neutral, PublicKeyToken=b03f5f7f11d50a3a" className="TestComplexNumber.QCExercisesChapter4, TestComplexNumber, Version=1.0.0.0, Culture=neutral, PublicKeyToken=null" name="Example4o2o12" />
    </UnitTest>
    <UnitTest name="Exercise2o4o5" storage="c:\bruce n\programming\quantum computing\testcomplexnumber\bin\debug\testcomplexnumber.dll" id="cf3f4348-6cc3-43d1-c760-65208684009c">
      <Execution id="5116a8aa-799c-4559-9a1d-30b16866e978" />
      <TestMethod codeBase="C:/Bruce N/Programming/Quantum Computing/TestComplexNumber/bin/Debug/TestComplexNumber.DLL" adapterTypeName="Microsoft.VisualStudio.TestTools.TestTypes.Unit.UnitTestAdapter, Microsoft.VisualStudio.QualityTools.Tips.UnitTest.Adapter, Version=10.0.0.0, Culture=neutral, PublicKeyToken=b03f5f7f11d50a3a" className="TestComplexNumber.QCExercisesChapter2, TestComplexNumber, Version=1.0.0.0, Culture=neutral, PublicKeyToken=null" name="Exercise2o4o5" />
    </UnitTest>
    <UnitTest name="Exercise2o6o5" storage="c:\bruce n\programming\quantum computing\testcomplexnumber\bin\debug\testcomplexnumber.dll" id="ee944308-05a6-64ab-5bf9-f0a0e7c8737a">
      <Execution id="1a910b5c-e5fe-42e0-9ff1-e8a5ee41d4ec" />
      <TestMethod codeBase="C:/Bruce N/Programming/Quantum Computing/TestComplexNumber/bin/Debug/TestComplexNumber.DLL" adapterTypeName="Microsoft.VisualStudio.TestTools.TestTypes.Unit.UnitTestAdapter, Microsoft.VisualStudio.QualityTools.Tips.UnitTest.Adapter, Version=10.0.0.0, Culture=neutral, PublicKeyToken=b03f5f7f11d50a3a" className="TestComplexNumber.QCExercisesChapter2, TestComplexNumber, Version=1.0.0.0, Culture=neutral, PublicKeyToken=null" name="Exercise2o6o5" />
    </UnitTest>
    <UnitTest name="RootTest" storage="c:\bruce n\programming\quantum computing\testcomplexnumber\bin\debug\testcomplexnumber.dll" id="b88b9ca8-ba65-70cd-81ce-345ab5fb1d53">
      <Execution id="31b0ab79-a03b-4ed0-a293-76fbb9b185d2" />
      <TestMethod codeBase="C:/Bruce N/Programming/Quantum Computing/TestComplexNumber/bin/Debug/TestComplexNumber.DLL" adapterTypeName="Microsoft.VisualStudio.TestTools.TestTypes.Unit.UnitTestAdapter, Microsoft.VisualStudio.QualityTools.Tips.UnitTest.Adapter, Version=10.0.0.0, Culture=neutral, PublicKeyToken=b03f5f7f11d50a3a" className="TestComplexNumber.ComplexNumberTest, TestComplexNumber, Version=1.0.0.0, Culture=neutral, PublicKeyToken=null" name="RootTest" />
    </UnitTest>
    <UnitTest name="Example3o2o1" storage="c:\bruce n\programming\quantum computing\testcomplexnumber\bin\debug\testcomplexnumber.dll" id="fc5f6b28-8f99-b5ff-6ec9-739c1fd6e416">
      <Execution id="e5c8dc7c-c0d4-4753-ba7c-149c8936a3cf" />
      <TestMethod codeBase="C:/Bruce N/Programming/Quantum Computing/TestComplexNumber/bin/Debug/TestComplexNumber.DLL" adapterTypeName="Microsoft.VisualStudio.TestTools.TestTypes.Unit.UnitTestAdapter, Microsoft.VisualStudio.QualityTools.Tips.UnitTest.Adapter, Version=10.0.0.0, Culture=neutral, PublicKeyToken=b03f5f7f11d50a3a" className="TestComplexNumber.QCExercisesChapter3, TestComplexNumber, Version=1.0.0.0, Culture=neutral, PublicKeyToken=null" name="Example3o2o1" />
    </UnitTest>
    <UnitTest name="Exercise2o1o3" storage="c:\bruce n\programming\quantum computing\testcomplexnumber\bin\debug\testcomplexnumber.dll" id="bfd5a48b-9b5c-d7ad-9048-7f444861126c">
      <Execution id="2cac5071-7f1e-4811-8652-5f91be9c26f5" />
      <TestMethod codeBase="C:/Bruce N/Programming/Quantum Computing/TestComplexNumber/bin/Debug/TestComplexNumber.DLL" adapterTypeName="Microsoft.VisualStudio.TestTools.TestTypes.Unit.UnitTestAdapter, Microsoft.VisualStudio.QualityTools.Tips.UnitTest.Adapter, Version=10.0.0.0, Culture=neutral, PublicKeyToken=b03f5f7f11d50a3a" className="TestComplexNumber.QCExercisesChapter2, TestComplexNumber, Version=1.0.0.0, Culture=neutral, PublicKeyToken=null" name="Exercise2o1o3" />
    </UnitTest>
    <UnitTest name="IsProbabilisticSystemTest" storage="c:\bruce n\programming\quantum computing\testcomplexnumber\bin\debug\testcomplexnumber.dll" id="257c1c06-b11a-4bb0-9757-e03ddfaada2b">
      <Execution id="3e342fb5-1bbd-46a0-b4cf-24b163204387" />
      <TestMethod codeBase="C:/Bruce N/Programming/Quantum Computing/TestComplexNumber/bin/Debug/TestComplexNumber.DLL" adapterTypeName="Microsoft.VisualStudio.TestTools.TestTypes.Unit.UnitTestAdapter, Microsoft.VisualStudio.QualityTools.Tips.UnitTest.Adapter, Version=10.0.0.0, Culture=neutral, PublicKeyToken=b03f5f7f11d50a3a" className="TestComplexNumber.DoubleMatrixTest, TestComplexNumber, Version=1.0.0.0, Culture=neutral, PublicKeyToken=null" name="IsProbabilisticSystemTest" />
    </UnitTest>
    <UnitTest name="op_SubtractionTest" storage="c:\bruce n\programming\quantum computing\testcomplexnumber\bin\debug\testcomplexnumber.dll" id="7892f007-71df-5c3b-ebcf-6ef2c37fadc0">
      <Execution id="7132801f-7f1e-4531-90ee-2bee7b043f32" />
      <TestMethod codeBase="C:/Bruce N/Programming/Quantum Computing/TestComplexNumber/bin/Debug/TestComplexNumber.DLL" adapterTypeName="Microsoft.VisualStudio.TestTools.TestTypes.Unit.UnitTestAdapter, Microsoft.VisualStudio.QualityTools.Tips.UnitTest.Adapter, Version=10.0.0.0, Culture=neutral, PublicKeyToken=b03f5f7f11d50a3a" className="TestComplexNumber.ComplexNumberTest, TestComplexNumber, Version=1.0.0.0, Culture=neutral, PublicKeyToken=null" name="op_SubtractionTest" />
    </UnitTest>
    <UnitTest name="Exercise2o2o1" storage="c:\bruce n\programming\quantum computing\testcomplexnumber\bin\debug\testcomplexnumber.dll" id="992a5310-7fd9-eb34-e20d-949f0af01a8f">
      <Execution id="776d06ad-80cc-43d5-b466-4ca8172457ac" />
      <TestMethod codeBase="C:/Bruce N/Programming/Quantum Computing/TestComplexNumber/bin/Debug/TestComplexNumber.DLL" adapterTypeName="Microsoft.VisualStudio.TestTools.TestTypes.Unit.UnitTestAdapter, Microsoft.VisualStudio.QualityTools.Tips.UnitTest.Adapter, Version=10.0.0.0, Culture=neutral, PublicKeyToken=b03f5f7f11d50a3a" className="TestComplexNumber.QCExercisesChapter2, TestComplexNumber, Version=1.0.0.0, Culture=neutral, PublicKeyToken=null" name="Exercise2o2o1" />
    </UnitTest>
    <UnitTest name="Exercise2o5o1" storage="c:\bruce n\programming\quantum computing\testcomplexnumber\bin\debug\testcomplexnumber.dll" id="715ebd6e-8b82-0185-36f5-00ae9c6bc485">
      <Execution id="80f4f035-2901-4359-bcea-a32539f08cfb" />
      <TestMethod codeBase="C:/Bruce N/Programming/Quantum Computing/TestComplexNumber/bin/Debug/TestComplexNumber.DLL" adapterTypeName="Microsoft.VisualStudio.TestTools.TestTypes.Unit.UnitTestAdapter, Microsoft.VisualStudio.QualityTools.Tips.UnitTest.Adapter, Version=10.0.0.0, Culture=neutral, PublicKeyToken=b03f5f7f11d50a3a" className="TestComplexNumber.QCExercisesChapter2, TestComplexNumber, Version=1.0.0.0, Culture=neutral, PublicKeyToken=null" name="Exercise2o5o1" />
    </UnitTest>
    <UnitTest name="ItemTest" storage="c:\bruce n\programming\quantum computing\testcomplexnumber\bin\debug\testcomplexnumber.dll" id="d234dbe8-2eb3-6ce6-3747-7c6cec0f5c2b">
      <Execution id="3818c7b8-d691-41f0-832b-2d0fef149b59" />
      <TestMethod codeBase="C:/Bruce N/Programming/Quantum Computing/TestComplexNumber/bin/Debug/TestComplexNumber.DLL" adapterTypeName="Microsoft.VisualStudio.TestTools.TestTypes.Unit.UnitTestAdapter, Microsoft.VisualStudio.QualityTools.Tips.UnitTest.Adapter, Version=10.0.0.0, Culture=neutral, PublicKeyToken=b03f5f7f11d50a3a" className="TestComplexNumber.ComplexMatrixTest, TestComplexNumber, Version=1.0.0.0, Culture=neutral, PublicKeyToken=null" name="ItemTest" />
    </UnitTest>
    <UnitTest name="Number11" storage="c:\bruce n\programming\quantum computing\testcomplexnumber\bin\debug\testcomplexnumber.dll" id="45426eba-5da1-7927-75a6-85bf8e09818e">
      <Execution id="a30119d3-85d6-4c14-a930-134420d1b552" />
      <TestMethod codeBase="C:/Bruce N/Programming/Quantum Computing/TestComplexNumber/bin/Debug/TestComplexNumber.DLL" adapterTypeName="Microsoft.VisualStudio.TestTools.TestTypes.Unit.UnitTestAdapter, Microsoft.VisualStudio.QualityTools.Tips.UnitTest.Adapter, Version=10.0.0.0, Culture=neutral, PublicKeyToken=b03f5f7f11d50a3a" className="ExercisesChapter1Tests.LAExercise1o1, TestComplexNumber, Version=1.0.0.0, Culture=neutral, PublicKeyToken=null" name="Number11" />
    </UnitTest>
    <UnitTest name="CartesianCoordinatesTest" storage="c:\bruce n\programming\quantum computing\testcomplexnumber\bin\debug\testcomplexnumber.dll" id="33874d17-d7f8-330a-d70a-23c0ca497170">
      <Execution id="3e9539c9-7bd4-4a32-b6c4-bf1e98856033" />
      <TestMethod codeBase="C:/Bruce N/Programming/Quantum Computing/TestComplexNumber/bin/Debug/TestComplexNumber.DLL" adapterTypeName="Microsoft.VisualStudio.TestTools.TestTypes.Unit.UnitTestAdapter, Microsoft.VisualStudio.QualityTools.Tips.UnitTest.Adapter, Version=10.0.0.0, Culture=neutral, PublicKeyToken=b03f5f7f11d50a3a" className="TestComplexNumber.ComplexNumberTest, TestComplexNumber, Version=1.0.0.0, Culture=neutral, PublicKeyToken=null" name="CartesianCoordinatesTest" />
    </UnitTest>
    <UnitTest name="Example2o3o5" storage="c:\bruce n\programming\quantum computing\testcomplexnumber\bin\debug\testcomplexnumber.dll" id="2940acf1-9b67-2da0-4ad9-484d74cbdbc9">
      <Execution id="3bfe08c2-de66-4135-9c60-34d63a5a45f9" />
      <TestMethod codeBase="C:/Bruce N/Programming/Quantum Computing/TestComplexNumber/bin/Debug/TestComplexNumber.DLL" adapterTypeName="Microsoft.VisualStudio.TestTools.TestTypes.Unit.UnitTestAdapter, Microsoft.VisualStudio.QualityTools.Tips.UnitTest.Adapter, Version=10.0.0.0, Culture=neutral, PublicKeyToken=b03f5f7f11d50a3a" className="TestComplexNumber.QCExercisesChapter2, TestComplexNumber, Version=1.0.0.0, Culture=neutral, PublicKeyToken=null" name="Example2o3o5" />
    </UnitTest>
    <UnitTest name="op_MultiplyTest1" storage="c:\bruce n\programming\quantum computing\testcomplexnumber\bin\debug\testcomplexnumber.dll" id="e58e75f5-82f4-68b3-9174-e83157c210fe">
      <Execution id="dec1c370-536d-4318-8aeb-0e7310d6802f" />
      <TestMethod codeBase="C:/Bruce N/Programming/Quantum Computing/TestComplexNumber/bin/Debug/TestComplexNumber.DLL" adapterTypeName="Microsoft.VisualStudio.TestTools.TestTypes.Unit.UnitTestAdapter, Microsoft.VisualStudio.QualityTools.Tips.UnitTest.Adapter, Version=10.0.0.0, Culture=neutral, PublicKeyToken=b03f5f7f11d50a3a" className="TestComplexNumber.VectorTest, TestComplexNumber, Version=1.0.0.0, Culture=neutral, PublicKeyToken=null" name="op_MultiplyTest1" />
    </UnitTest>
    <UnitTest name="op_MultiplyTest2" storage="c:\bruce n\programming\quantum computing\testcomplexnumber\bin\debug\testcomplexnumber.dll" id="6453b38b-95cb-b6aa-9375-25acdc4c2487">
      <Execution id="a39e243f-944f-4228-9484-8850b08b63ac" />
      <TestMethod codeBase="C:/Bruce N/Programming/Quantum Computing/TestComplexNumber/bin/Debug/TestComplexNumber.DLL" adapterTypeName="Microsoft.VisualStudio.TestTools.TestTypes.Unit.UnitTestAdapter, Microsoft.VisualStudio.QualityTools.Tips.UnitTest.Adapter, Version=10.0.0.0, Culture=neutral, PublicKeyToken=b03f5f7f11d50a3a" className="TestComplexNumber.ComplexNumberTest, TestComplexNumber, Version=1.0.0.0, Culture=neutral, PublicKeyToken=null" name="op_MultiplyTest2" />
    </UnitTest>
    <UnitTest name="Exercise1o3o7" storage="c:\bruce n\programming\quantum computing\testcomplexnumber\bin\debug\testcomplexnumber.dll" id="b3de0653-64d2-8615-b480-d5f14ca81853">
      <Execution id="498aa84e-4b29-4aed-87ca-7a49a1eed943" />
      <TestMethod codeBase="C:/Bruce N/Programming/Quantum Computing/TestComplexNumber/bin/Debug/TestComplexNumber.DLL" adapterTypeName="Microsoft.VisualStudio.TestTools.TestTypes.Unit.UnitTestAdapter, Microsoft.VisualStudio.QualityTools.Tips.UnitTest.Adapter, Version=10.0.0.0, Culture=neutral, PublicKeyToken=b03f5f7f11d50a3a" className="TestComplexNumber.QCExercisesChapter1, TestComplexNumber, Version=1.0.0.0, Culture=neutral, PublicKeyToken=null" name="Exercise1o3o7" />
    </UnitTest>
    <UnitTest name="Exercise4o2o2" storage="c:\bruce n\programming\quantum computing\testcomplexnumber\bin\debug\testcomplexnumber.dll" id="976f17c9-51e8-e105-25f5-c30dcb83cb62">
      <Execution id="d95b885c-427c-4e48-8750-31b1412ddbf1" />
      <TestMethod codeBase="C:/Bruce N/Programming/Quantum Computing/TestComplexNumber/bin/Debug/TestComplexNumber.DLL" adapterTypeName="Microsoft.VisualStudio.TestTools.TestTypes.Unit.UnitTestAdapter, Microsoft.VisualStudio.QualityTools.Tips.UnitTest.Adapter, Version=10.0.0.0, Culture=neutral, PublicKeyToken=b03f5f7f11d50a3a" className="TestComplexNumber.QCExercisesChapter4, TestComplexNumber, Version=1.0.0.0, Culture=neutral, PublicKeyToken=null" name="Exercise4o2o2" />
    </UnitTest>
    <UnitTest name="Exercise4o2o9" storage="c:\bruce n\programming\quantum computing\testcomplexnumber\bin\debug\testcomplexnumber.dll" id="7f80f8e7-2e2b-ea96-23b0-2d1d4cb799d4">
      <Execution id="3d674ad0-0107-4ddb-900c-d547231f0275" />
      <TestMethod codeBase="C:/Bruce N/Programming/Quantum Computing/TestComplexNumber/bin/Debug/TestComplexNumber.DLL" adapterTypeName="Microsoft.VisualStudio.TestTools.TestTypes.Unit.UnitTestAdapter, Microsoft.VisualStudio.QualityTools.Tips.UnitTest.Adapter, Version=10.0.0.0, Culture=neutral, PublicKeyToken=b03f5f7f11d50a3a" className="TestComplexNumber.QCExercisesChapter4, TestComplexNumber, Version=1.0.0.0, Culture=neutral, PublicKeyToken=null" name="Exercise4o2o9" />
    </UnitTest>
    <UnitTest name="Exercise2o7o4" storage="c:\bruce n\programming\quantum computing\testcomplexnumber\bin\debug\testcomplexnumber.dll" id="ae083652-0bf7-c673-dce4-870a432603ee">
      <Execution id="e52601c9-c1fa-4227-8e3f-580076eea6ea" />
      <TestMethod codeBase="C:/Bruce N/Programming/Quantum Computing/TestComplexNumber/bin/Debug/TestComplexNumber.DLL" adapterTypeName="Microsoft.VisualStudio.TestTools.TestTypes.Unit.UnitTestAdapter, Microsoft.VisualStudio.QualityTools.Tips.UnitTest.Adapter, Version=10.0.0.0, Culture=neutral, PublicKeyToken=b03f5f7f11d50a3a" className="TestComplexNumber.QCExercisesChapter2, TestComplexNumber, Version=1.0.0.0, Culture=neutral, PublicKeyToken=null" name="Exercise2o7o4" />
    </UnitTest>
    <UnitTest name="Number7" storage="c:\bruce n\programming\quantum computing\testcomplexnumber\bin\debug\testcomplexnumber.dll" id="2691a8a8-cda7-2520-f88d-5b729c47edea">
      <Execution id="d3921c1c-cca0-4713-88c0-c84241c8ac4a" />
      <TestMethod codeBase="C:/Bruce N/Programming/Quantum Computing/TestComplexNumber/bin/Debug/TestComplexNumber.DLL" adapterTypeName="Microsoft.VisualStudio.TestTools.TestTypes.Unit.UnitTestAdapter, Microsoft.VisualStudio.QualityTools.Tips.UnitTest.Adapter, Version=10.0.0.0, Culture=neutral, PublicKeyToken=b03f5f7f11d50a3a" className="ExercisesChapter1Tests.LAExercise1o1, TestComplexNumber, Version=1.0.0.0, Culture=neutral, PublicKeyToken=null" name="Number7" />
    </UnitTest>
    <UnitTest name="Example4o3o1" storage="c:\bruce n\programming\quantum computing\testcomplexnumber\bin\debug\testcomplexnumber.dll" id="26598c77-ae79-f56c-1115-9577c1ec0551">
      <Execution id="a0271683-6a13-47d5-b8f7-0f0eeeea5365" />
      <TestMethod codeBase="C:/Bruce N/Programming/Quantum Computing/TestComplexNumber/bin/Debug/TestComplexNumber.DLL" adapterTypeName="Microsoft.VisualStudio.TestTools.TestTypes.Unit.UnitTestAdapter, Microsoft.VisualStudio.QualityTools.Tips.UnitTest.Adapter, Version=10.0.0.0, Culture=neutral, PublicKeyToken=b03f5f7f11d50a3a" className="TestComplexNumber.QCExercisesChapter4, TestComplexNumber, Version=1.0.0.0, Culture=neutral, PublicKeyToken=null" name="Example4o3o1" />
    </UnitTest>
    <UnitTest name="op_DivisionTest" storage="c:\bruce n\programming\quantum computing\testcomplexnumber\bin\debug\testcomplexnumber.dll" id="d1cc7d48-afbd-466f-5015-ef2680fa4bcb">
      <Execution id="80ca1624-1396-46a3-88a9-35c7bb834063" />
      <TestMethod codeBase="C:/Bruce N/Programming/Quantum Computing/TestComplexNumber/bin/Debug/TestComplexNumber.DLL" adapterTypeName="Microsoft.VisualStudio.TestTools.TestTypes.Unit.UnitTestAdapter, Microsoft.VisualStudio.QualityTools.Tips.UnitTest.Adapter, Version=10.0.0.0, Culture=neutral, PublicKeyToken=b03f5f7f11d50a3a" className="TestComplexNumber.MatrixTest, TestComplexNumber, Version=1.0.0.0, Culture=neutral, PublicKeyToken=null" name="op_DivisionTest" />
    </UnitTest>
    <UnitTest name="op_PowerTest" storage="c:\bruce n\programming\quantum computing\testcomplexnumber\bin\debug\testcomplexnumber.dll" id="59d167f3-98f7-3905-876e-bc940d58c269">
      <Execution id="17ebefaa-e597-485e-a70f-ba018342bff3" />
      <TestMethod codeBase="C:/Bruce N/Programming/Quantum Computing/TestComplexNumber/bin/Debug/TestComplexNumber.DLL" adapterTypeName="Microsoft.VisualStudio.TestTools.TestTypes.Unit.UnitTestAdapter, Microsoft.VisualStudio.QualityTools.Tips.UnitTest.Adapter, Version=10.0.0.0, Culture=neutral, PublicKeyToken=b03f5f7f11d50a3a" className="TestComplexNumber.MatrixTest, TestComplexNumber, Version=1.0.0.0, Culture=neutral, PublicKeyToken=null" name="op_PowerTest" />
    </UnitTest>
    <UnitTest name="ExponentialFormTest" storage="c:\bruce n\programming\quantum computing\testcomplexnumber\bin\debug\testcomplexnumber.dll" id="64c1c071-8523-ad97-417a-c762f98be0b4">
      <Execution id="f5a6881e-44f2-4053-9146-1463416c691a" />
      <TestMethod codeBase="C:/Bruce N/Programming/Quantum Computing/TestComplexNumber/bin/Debug/TestComplexNumber.DLL" adapterTypeName="Microsoft.VisualStudio.TestTools.TestTypes.Unit.UnitTestAdapter, Microsoft.VisualStudio.QualityTools.Tips.UnitTest.Adapter, Version=10.0.0.0, Culture=neutral, PublicKeyToken=b03f5f7f11d50a3a" className="TestComplexNumber.ComplexNumberTest, TestComplexNumber, Version=1.0.0.0, Culture=neutral, PublicKeyToken=null" name="ExponentialFormTest" />
    </UnitTest>
    <UnitTest name="Exercise2o2o3" storage="c:\bruce n\programming\quantum computing\testcomplexnumber\bin\debug\testcomplexnumber.dll" id="2b7e328f-6321-4faa-4f85-a74ea89855b4">
      <Execution id="5b2d5d1f-976f-4ff3-a824-c8d831c06138" />
      <TestMethod codeBase="C:/Bruce N/Programming/Quantum Computing/TestComplexNumber/bin/Debug/TestComplexNumber.DLL" adapterTypeName="Microsoft.VisualStudio.TestTools.TestTypes.Unit.UnitTestAdapter, Microsoft.VisualStudio.QualityTools.Tips.UnitTest.Adapter, Version=10.0.0.0, Culture=neutral, PublicKeyToken=b03f5f7f11d50a3a" className="TestComplexNumber.QCExercisesChapter2, TestComplexNumber, Version=1.0.0.0, Culture=neutral, PublicKeyToken=null" name="Exercise2o2o3" />
    </UnitTest>
    <UnitTest name="op_EqualityTest" storage="c:\bruce n\programming\quantum computing\testcomplexnumber\bin\debug\testcomplexnumber.dll" id="5f6e4234-ae47-44fc-62c5-b75e2f29c018">
      <Execution id="b4d0c227-7548-40f0-b906-1e09491e7d10" />
      <TestMethod codeBase="C:/Bruce N/Programming/Quantum Computing/TestComplexNumber/bin/Debug/TestComplexNumber.DLL" adapterTypeName="Microsoft.VisualStudio.TestTools.TestTypes.Unit.UnitTestAdapter, Microsoft.VisualStudio.QualityTools.Tips.UnitTest.Adapter, Version=10.0.0.0, Culture=neutral, PublicKeyToken=b03f5f7f11d50a3a" className="TestComplexNumber.VectorTest, TestComplexNumber, Version=1.0.0.0, Culture=neutral, PublicKeyToken=null" name="op_EqualityTest" />
    </UnitTest>
    <UnitTest name="op_ImplicitTest" storage="c:\bruce n\programming\quantum computing\testcomplexnumber\bin\debug\testcomplexnumber.dll" id="86846568-9c1a-b5d9-8a2f-14b2fd1eb1c6">
      <Execution id="77eb9a3a-9f4c-4ee7-ac3d-23a5785531c8" />
      <TestMethod codeBase="C:/Bruce N/Programming/Quantum Computing/TestComplexNumber/bin/Debug/TestComplexNumber.DLL" adapterTypeName="Microsoft.VisualStudio.TestTools.TestTypes.Unit.UnitTestAdapter, Microsoft.VisualStudio.QualityTools.Tips.UnitTest.Adapter, Version=10.0.0.0, Culture=neutral, PublicKeyToken=b03f5f7f11d50a3a" className="TestComplexNumber.ComplexMatrixTest, TestComplexNumber, Version=1.0.0.0, Culture=neutral, PublicKeyToken=null" name="op_ImplicitTest" />
    </UnitTest>
    <UnitTest name="VarianceTest" storage="c:\bruce n\programming\quantum computing\testcomplexnumber\bin\debug\testcomplexnumber.dll" id="a3e4879d-2ea1-a209-e3f3-b52750cb2d8b">
      <Execution id="969fa38a-5213-43dd-906e-49b8493f05c4" />
      <TestMethod codeBase="C:/Bruce N/Programming/Quantum Computing/TestComplexNumber/bin/Debug/TestComplexNumber.DLL" adapterTypeName="Microsoft.VisualStudio.TestTools.TestTypes.Unit.UnitTestAdapter, Microsoft.VisualStudio.QualityTools.Tips.UnitTest.Adapter, Version=10.0.0.0, Culture=neutral, PublicKeyToken=b03f5f7f11d50a3a" className="TestComplexNumber.ComplexMatrixTest, TestComplexNumber, Version=1.0.0.0, Culture=neutral, PublicKeyToken=null" name="VarianceTest" />
    </UnitTest>
    <UnitTest name="Exercise2o7o9" storage="c:\bruce n\programming\quantum computing\testcomplexnumber\bin\debug\testcomplexnumber.dll" id="f2c9598d-6c11-6ff1-ac6e-8c319ed45aad">
      <Execution id="9e75102a-2f01-43cb-b3be-d2442a0474e9" />
      <TestMethod codeBase="C:/Bruce N/Programming/Quantum Computing/TestComplexNumber/bin/Debug/TestComplexNumber.DLL" adapterTypeName="Microsoft.VisualStudio.TestTools.TestTypes.Unit.UnitTestAdapter, Microsoft.VisualStudio.QualityTools.Tips.UnitTest.Adapter, Version=10.0.0.0, Culture=neutral, PublicKeyToken=b03f5f7f11d50a3a" className="TestComplexNumber.QCExercisesChapter2, TestComplexNumber, Version=1.0.0.0, Culture=neutral, PublicKeyToken=null" name="Exercise2o7o9" />
    </UnitTest>
    <UnitTest name="TakeModulusSquaredTest" storage="c:\bruce n\programming\quantum computing\testcomplexnumber\bin\debug\testcomplexnumber.dll" id="8ddf2343-b416-72d4-fe07-7424be6bf3cc">
      <DeploymentItems>
        <DeploymentItem filename="LinearAlgebra.dll" />
      </DeploymentItems>
      <Execution id="4f092bb6-08eb-45aa-816f-e760c19cedd0" />
      <TestMethod codeBase="C:/Bruce N/Programming/Quantum Computing/TestComplexNumber/bin/Debug/TestComplexNumber.DLL" adapterTypeName="Microsoft.VisualStudio.TestTools.TestTypes.Unit.UnitTestAdapter, Microsoft.VisualStudio.QualityTools.Tips.UnitTest.Adapter, Version=10.0.0.0, Culture=neutral, PublicKeyToken=b03f5f7f11d50a3a" className="TestComplexNumber.MatrixTest, TestComplexNumber, Version=1.0.0.0, Culture=neutral, PublicKeyToken=null" name="TakeModulusSquaredTest" />
    </UnitTest>
    <UnitTest name="ConjugateTest" storage="c:\bruce n\programming\quantum computing\testcomplexnumber\bin\debug\testcomplexnumber.dll" id="bb7a77ba-178f-5917-6d9f-a8ef964738e0">
      <Execution id="c7034708-d53f-4e24-ac5a-94dad80d7c03" />
      <TestMethod codeBase="C:/Bruce N/Programming/Quantum Computing/TestComplexNumber/bin/Debug/TestComplexNumber.DLL" adapterTypeName="Microsoft.VisualStudio.TestTools.TestTypes.Unit.UnitTestAdapter, Microsoft.VisualStudio.QualityTools.Tips.UnitTest.Adapter, Version=10.0.0.0, Culture=neutral, PublicKeyToken=b03f5f7f11d50a3a" className="TestComplexNumber.ComplexMatrixTest, TestComplexNumber, Version=1.0.0.0, Culture=neutral, PublicKeyToken=null" name="ConjugateTest" />
    </UnitTest>
    <UnitTest name="op_MultiplyTest" storage="c:\bruce n\programming\quantum computing\testcomplexnumber\bin\debug\testcomplexnumber.dll" id="30603adb-abfd-1ae1-9190-dbf549cbf25b">
      <Execution id="200563fe-2d6d-49e1-9300-f7650c7002fe" />
      <TestMethod codeBase="C:/Bruce N/Programming/Quantum Computing/TestComplexNumber/bin/Debug/TestComplexNumber.DLL" adapterTypeName="Microsoft.VisualStudio.TestTools.TestTypes.Unit.UnitTestAdapter, Microsoft.VisualStudio.QualityTools.Tips.UnitTest.Adapter, Version=10.0.0.0, Culture=neutral, PublicKeyToken=b03f5f7f11d50a3a" className="TestComplexNumber.VectorTest, TestComplexNumber, Version=1.0.0.0, Culture=neutral, PublicKeyToken=null" name="op_MultiplyTest" />
    </UnitTest>
    <UnitTest name="op_InequalityTest" storage="c:\bruce n\programming\quantum computing\testcomplexnumber\bin\debug\testcomplexnumber.dll" id="84b36a15-9006-9254-a29b-b856bea432a4">
      <Execution id="8a3ae879-dc51-425b-b6c0-9b1afaec999d" />
      <TestMethod codeBase="C:/Bruce N/Programming/Quantum Computing/TestComplexNumber/bin/Debug/TestComplexNumber.DLL" adapterTypeName="Microsoft.VisualStudio.TestTools.TestTypes.Unit.UnitTestAdapter, Microsoft.VisualStudio.QualityTools.Tips.UnitTest.Adapter, Version=10.0.0.0, Culture=neutral, PublicKeyToken=b03f5f7f11d50a3a" className="TestComplexNumber.MatrixTest, TestComplexNumber, Version=1.0.0.0, Culture=neutral, PublicKeyToken=null" name="op_InequalityTest" />
    </UnitTest>
    <UnitTest name="op_MultiplyMatrixWithVector" storage="c:\bruce n\programming\quantum computing\testcomplexnumber\bin\debug\testcomplexnumber.dll" id="c446db48-fe0d-6c23-577a-d3adf5810ca1">
      <Execution id="b79e54b1-fa16-498c-8133-bd977255a463" />
      <TestMethod codeBase="C:/Bruce N/Programming/Quantum Computing/TestComplexNumber/bin/Debug/TestComplexNumber.DLL" adapterTypeName="Microsoft.VisualStudio.TestTools.TestTypes.Unit.UnitTestAdapter, Microsoft.VisualStudio.QualityTools.Tips.UnitTest.Adapter, Version=10.0.0.0, Culture=neutral, PublicKeyToken=b03f5f7f11d50a3a" className="TestComplexNumber.MatrixTest, TestComplexNumber, Version=1.0.0.0, Culture=neutral, PublicKeyToken=null" name="op_MultiplyMatrixWithVector" />
    </UnitTest>
    <UnitTest name="Exercise2o7o1" storage="c:\bruce n\programming\quantum computing\testcomplexnumber\bin\debug\testcomplexnumber.dll" id="3aefb9d4-9cc0-272d-dc50-69446f55302e">
      <Execution id="189b7fc7-4ea3-4729-8d2b-8fa4dc7e56e3" />
      <TestMethod codeBase="C:/Bruce N/Programming/Quantum Computing/TestComplexNumber/bin/Debug/TestComplexNumber.DLL" adapterTypeName="Microsoft.VisualStudio.TestTools.TestTypes.Unit.UnitTestAdapter, Microsoft.VisualStudio.QualityTools.Tips.UnitTest.Adapter, Version=10.0.0.0, Culture=neutral, PublicKeyToken=b03f5f7f11d50a3a" className="TestComplexNumber.QCExercisesChapter2, TestComplexNumber, Version=1.0.0.0, Culture=neutral, PublicKeyToken=null" name="Exercise2o7o1" />
    </UnitTest>
    <UnitTest name="Exercise3o2o4" storage="c:\bruce n\programming\quantum computing\testcomplexnumber\bin\debug\testcomplexnumber.dll" id="85e31a7a-8f31-96c4-5236-3d22a4f800d8">
      <Execution id="11bc5544-4e27-4399-8b68-a25a630d03fb" />
      <TestMethod codeBase="C:/Bruce N/Programming/Quantum Computing/TestComplexNumber/bin/Debug/TestComplexNumber.DLL" adapterTypeName="Microsoft.VisualStudio.TestTools.TestTypes.Unit.UnitTestAdapter, Microsoft.VisualStudio.QualityTools.Tips.UnitTest.Adapter, Version=10.0.0.0, Culture=neutral, PublicKeyToken=b03f5f7f11d50a3a" className="TestComplexNumber.QCExercisesChapter3, TestComplexNumber, Version=1.0.0.0, Culture=neutral, PublicKeyToken=null" name="Exercise3o2o4" />
    </UnitTest>
    <UnitTest name="op_PowerTest" storage="c:\bruce n\programming\quantum computing\testcomplexnumber\bin\debug\testcomplexnumber.dll" id="cd40d60c-7ba3-fd50-057a-8cb8ecef5565">
      <Execution id="de38afcb-3ba1-4a42-897d-e413b84014ca" />
      <TestMethod codeBase="C:/Bruce N/Programming/Quantum Computing/TestComplexNumber/bin/Debug/TestComplexNumber.DLL" adapterTypeName="Microsoft.VisualStudio.TestTools.TestTypes.Unit.UnitTestAdapter, Microsoft.VisualStudio.QualityTools.Tips.UnitTest.Adapter, Version=10.0.0.0, Culture=neutral, PublicKeyToken=b03f5f7f11d50a3a" className="TestComplexNumber.ComplexMatrixTest, TestComplexNumber, Version=1.0.0.0, Culture=neutral, PublicKeyToken=null" name="op_PowerTest" />
    </UnitTest>
    <UnitTest name="Exercise2o1o4" storage="c:\bruce n\programming\quantum computing\testcomplexnumber\bin\debug\testcomplexnumber.dll" id="7aa98473-1098-0db5-704a-fcb553d21f64">
      <Execution id="b6affd42-26f7-4eab-a246-b397245aa388" />
      <TestMethod codeBase="C:/Bruce N/Programming/Quantum Computing/TestComplexNumber/bin/Debug/TestComplexNumber.DLL" adapterTypeName="Microsoft.VisualStudio.TestTools.TestTypes.Unit.UnitTestAdapter, Microsoft.VisualStudio.QualityTools.Tips.UnitTest.Adapter, Version=10.0.0.0, Culture=neutral, PublicKeyToken=b03f5f7f11d50a3a" className="TestComplexNumber.QCExercisesChapter2, TestComplexNumber, Version=1.0.0.0, Culture=neutral, PublicKeyToken=null" name="Exercise2o1o4" />
    </UnitTest>
    <UnitTest name="Exercise3o4o3" storage="c:\bruce n\programming\quantum computing\testcomplexnumber\bin\debug\testcomplexnumber.dll" id="2c0938a7-7ed1-e7a6-af0a-563ef75e9dfc">
      <Execution id="2f6a70b0-0226-44e8-8414-c0cc015d14b1" />
      <TestMethod codeBase="C:/Bruce N/Programming/Quantum Computing/TestComplexNumber/bin/Debug/TestComplexNumber.DLL" adapterTypeName="Microsoft.VisualStudio.TestTools.TestTypes.Unit.UnitTestAdapter, Microsoft.VisualStudio.QualityTools.Tips.UnitTest.Adapter, Version=10.0.0.0, Culture=neutral, PublicKeyToken=b03f5f7f11d50a3a" className="TestComplexNumber.QCExercisesChapter3, TestComplexNumber, Version=1.0.0.0, Culture=neutral, PublicKeyToken=null" name="Exercise3o4o3" />
    </UnitTest>
    <UnitTest name="AdjointTest" storage="c:\bruce n\programming\quantum computing\testcomplexnumber\bin\debug\testcomplexnumber.dll" id="bf6c2469-a2b3-a877-1023-ee9bd6de0e5b">
      <Execution id="a733a6c1-283d-4c56-8b31-bf97c215afad" />
      <TestMethod codeBase="C:/Bruce N/Programming/Quantum Computing/TestComplexNumber/bin/Debug/TestComplexNumber.DLL" adapterTypeName="Microsoft.VisualStudio.TestTools.TestTypes.Unit.UnitTestAdapter, Microsoft.VisualStudio.QualityTools.Tips.UnitTest.Adapter, Version=10.0.0.0, Culture=neutral, PublicKeyToken=b03f5f7f11d50a3a" className="TestComplexNumber.ComplexMatrixTest, TestComplexNumber, Version=1.0.0.0, Culture=neutral, PublicKeyToken=null" name="AdjointTest" />
    </UnitTest>
    <UnitTest name="ITest" storage="c:\bruce n\programming\quantum computing\testcomplexnumber\bin\debug\testcomplexnumber.dll" id="48d6f10d-3141-2ae9-4d33-c4a338f334ee">
      <Execution id="a2dbca6c-a889-40f8-ace8-068ccd5e2388" />
      <TestMethod codeBase="C:/Bruce N/Programming/Quantum Computing/TestComplexNumber/bin/Debug/TestComplexNumber.DLL" adapterTypeName="Microsoft.VisualStudio.TestTools.TestTypes.Unit.UnitTestAdapter, Microsoft.VisualStudio.QualityTools.Tips.UnitTest.Adapter, Version=10.0.0.0, Culture=neutral, PublicKeyToken=b03f5f7f11d50a3a" className="TestComplexNumber.ComplexNumberTest, TestComplexNumber, Version=1.0.0.0, Culture=neutral, PublicKeyToken=null" name="ITest" />
    </UnitTest>
    <UnitTest name="Exercise1o2o3" storage="c:\bruce n\programming\quantum computing\testcomplexnumber\bin\debug\testcomplexnumber.dll" id="2c5f1bbd-c340-38e3-42f3-b2209263335f">
      <Execution id="173ba7c9-ebcf-45db-a542-c98ab8a53290" />
      <TestMethod codeBase="C:/Bruce N/Programming/Quantum Computing/TestComplexNumber/bin/Debug/TestComplexNumber.DLL" adapterTypeName="Microsoft.VisualStudio.TestTools.TestTypes.Unit.UnitTestAdapter, Microsoft.VisualStudio.QualityTools.Tips.UnitTest.Adapter, Version=10.0.0.0, Culture=neutral, PublicKeyToken=b03f5f7f11d50a3a" className="TestComplexNumber.QCExercisesChapter1, TestComplexNumber, Version=1.0.0.0, Culture=neutral, PublicKeyToken=null" name="Exercise1o2o3" />
    </UnitTest>
    <UnitTest name="op_EqualityTest" storage="c:\bruce n\programming\quantum computing\testcomplexnumber\bin\debug\testcomplexnumber.dll" id="9cca6d32-4a0b-e5dd-1a59-a901edd68fd6">
      <Execution id="08319744-8588-4320-8794-d98722b93f11" />
      <TestMethod codeBase="C:/Bruce N/Programming/Quantum Computing/TestComplexNumber/bin/Debug/TestComplexNumber.DLL" adapterTypeName="Microsoft.VisualStudio.TestTools.TestTypes.Unit.UnitTestAdapter, Microsoft.VisualStudio.QualityTools.Tips.UnitTest.Adapter, Version=10.0.0.0, Culture=neutral, PublicKeyToken=b03f5f7f11d50a3a" className="TestComplexNumber.MatrixTest, TestComplexNumber, Version=1.0.0.0, Culture=neutral, PublicKeyToken=null" name="op_EqualityTest" />
    </UnitTest>
    <UnitTest name="SetPolarCoordinatesTest" storage="c:\bruce n\programming\quantum computing\testcomplexnumber\bin\debug\testcomplexnumber.dll" id="5783bddb-fec7-d995-a012-a4ea9e07bdbd">
      <Execution id="133d8c83-9e8f-487e-a660-17c1b3115b81" />
      <TestMethod codeBase="C:/Bruce N/Programming/Quantum Computing/TestComplexNumber/bin/Debug/TestComplexNumber.DLL" adapterTypeName="Microsoft.VisualStudio.TestTools.TestTypes.Unit.UnitTestAdapter, Microsoft.VisualStudio.QualityTools.Tips.UnitTest.Adapter, Version=10.0.0.0, Culture=neutral, PublicKeyToken=b03f5f7f11d50a3a" className="TestComplexNumber.ComplexNumberTest, TestComplexNumber, Version=1.0.0.0, Culture=neutral, PublicKeyToken=null" name="SetPolarCoordinatesTest" />
    </UnitTest>
    <UnitTest name="Exercise2o7o7" storage="c:\bruce n\programming\quantum computing\testcomplexnumber\bin\debug\testcomplexnumber.dll" id="b02641ef-4dbb-1d38-fc9f-e1bd29220c37">
      <Execution id="d02bed40-5015-4cc3-af82-47258506bffd" />
      <TestMethod codeBase="C:/Bruce N/Programming/Quantum Computing/TestComplexNumber/bin/Debug/TestComplexNumber.DLL" adapterTypeName="Microsoft.VisualStudio.TestTools.TestTypes.Unit.UnitTestAdapter, Microsoft.VisualStudio.QualityTools.Tips.UnitTest.Adapter, Version=10.0.0.0, Culture=neutral, PublicKeyToken=b03f5f7f11d50a3a" className="TestComplexNumber.QCExercisesChapter2, TestComplexNumber, Version=1.0.0.0, Culture=neutral, PublicKeyToken=null" name="Exercise2o7o7" />
    </UnitTest>
    <UnitTest name="op_MultiplyMatrixAndVectorTest" storage="c:\bruce n\programming\quantum computing\testcomplexnumber\bin\debug\testcomplexnumber.dll" id="2f70a04a-052e-804a-c12d-8ce7e0d5829f">
      <Execution id="b14d1594-ea2a-4820-bda5-033f73116f17" />
      <TestMethod codeBase="C:/Bruce N/Programming/Quantum Computing/TestComplexNumber/bin/Debug/TestComplexNumber.DLL" adapterTypeName="Microsoft.VisualStudio.TestTools.TestTypes.Unit.UnitTestAdapter, Microsoft.VisualStudio.QualityTools.Tips.UnitTest.Adapter, Version=10.0.0.0, Culture=neutral, PublicKeyToken=b03f5f7f11d50a3a" className="TestComplexNumber.ComplexMatrixTest, TestComplexNumber, Version=1.0.0.0, Culture=neutral, PublicKeyToken=null" name="op_MultiplyMatrixAndVectorTest" />
    </UnitTest>
    <UnitTest name="ExpectedValueTest" storage="c:\bruce n\programming\quantum computing\testcomplexnumber\bin\debug\testcomplexnumber.dll" id="0b103c37-48a5-eca8-d21a-8bbd6e27c98c">
      <Execution id="124ca6ac-b320-4638-b00d-5bdfc27d69dd" />
      <TestMethod codeBase="C:/Bruce N/Programming/Quantum Computing/TestComplexNumber/bin/Debug/TestComplexNumber.DLL" adapterTypeName="Microsoft.VisualStudio.TestTools.TestTypes.Unit.UnitTestAdapter, Microsoft.VisualStudio.QualityTools.Tips.UnitTest.Adapter, Version=10.0.0.0, Culture=neutral, PublicKeyToken=b03f5f7f11d50a3a" className="TestComplexNumber.ComplexMatrixTest, TestComplexNumber, Version=1.0.0.0, Culture=neutral, PublicKeyToken=null" name="ExpectedValueTest" />
    </UnitTest>
    <UnitTest name="VectorConstructorTest1" storage="c:\bruce n\programming\quantum computing\testcomplexnumber\bin\debug\testcomplexnumber.dll" id="1aac7064-31c6-c120-9e54-0819977db45a">
      <Execution id="b5bb9e72-76f2-498b-af49-7b81257b3324" />
      <TestMethod codeBase="C:/Bruce N/Programming/Quantum Computing/TestComplexNumber/bin/Debug/TestComplexNumber.DLL" adapterTypeName="Microsoft.VisualStudio.TestTools.TestTypes.Unit.UnitTestAdapter, Microsoft.VisualStudio.QualityTools.Tips.UnitTest.Adapter, Version=10.0.0.0, Culture=neutral, PublicKeyToken=b03f5f7f11d50a3a" className="TestComplexNumber.VectorTest, TestComplexNumber, Version=1.0.0.0, Culture=neutral, PublicKeyToken=null" name="VectorConstructorTest1" />
    </UnitTest>
    <UnitTest name="NegativeITest" storage="c:\bruce n\programming\quantum computing\testcomplexnumber\bin\debug\testcomplexnumber.dll" id="2705846c-0b46-907b-6d14-254e6bc6494a">
      <Execution id="6087f172-bda7-46e3-81c0-0c0fda72bc2d" />
      <TestMethod codeBase="C:/Bruce N/Programming/Quantum Computing/TestComplexNumber/bin/Debug/TestComplexNumber.DLL" adapterTypeName="Microsoft.VisualStudio.TestTools.TestTypes.Unit.UnitTestAdapter, Microsoft.VisualStudio.QualityTools.Tips.UnitTest.Adapter, Version=10.0.0.0, Culture=neutral, PublicKeyToken=b03f5f7f11d50a3a" className="TestComplexNumber.ComplexNumberTest, TestComplexNumber, Version=1.0.0.0, Culture=neutral, PublicKeyToken=null" name="NegativeITest" />
    </UnitTest>
    <UnitTest name="OneTest" storage="c:\bruce n\programming\quantum computing\testcomplexnumber\bin\debug\testcomplexnumber.dll" id="bc5ed1ac-46cb-3ce7-5958-bc8141b19b62">
      <Execution id="7856e359-10f5-419c-b30c-07d67318ad03" />
      <TestMethod codeBase="C:/Bruce N/Programming/Quantum Computing/TestComplexNumber/bin/Debug/TestComplexNumber.DLL" adapterTypeName="Microsoft.VisualStudio.TestTools.TestTypes.Unit.UnitTestAdapter, Microsoft.VisualStudio.QualityTools.Tips.UnitTest.Adapter, Version=10.0.0.0, Culture=neutral, PublicKeyToken=b03f5f7f11d50a3a" className="TestComplexNumber.ComplexNumberTest, TestComplexNumber, Version=1.0.0.0, Culture=neutral, PublicKeyToken=null" name="OneTest" />
    </UnitTest>
    <UnitTest name="op_InequalityTest" storage="c:\bruce n\programming\quantum computing\testcomplexnumber\bin\debug\testcomplexnumber.dll" id="353600d6-8f81-a743-8f0c-ac1e5f0cc59e">
      <Execution id="de76b5ce-6f46-4f4c-ae93-cea679696845" />
      <TestMethod codeBase="C:/Bruce N/Programming/Quantum Computing/TestComplexNumber/bin/Debug/TestComplexNumber.DLL" adapterTypeName="Microsoft.VisualStudio.TestTools.TestTypes.Unit.UnitTestAdapter, Microsoft.VisualStudio.QualityTools.Tips.UnitTest.Adapter, Version=10.0.0.0, Culture=neutral, PublicKeyToken=b03f5f7f11d50a3a" className="TestComplexNumber.VectorTest, TestComplexNumber, Version=1.0.0.0, Culture=neutral, PublicKeyToken=null" name="op_InequalityTest" />
    </UnitTest>
    <UnitTest name="Exercise3o4o2" storage="c:\bruce n\programming\quantum computing\testcomplexnumber\bin\debug\testcomplexnumber.dll" id="65483be5-ecd7-0f52-6a6b-f305d0d31089">
      <Execution id="39ced09d-827e-47eb-9d1a-bf8a05f26e1b" />
      <TestMethod codeBase="C:/Bruce N/Programming/Quantum Computing/TestComplexNumber/bin/Debug/TestComplexNumber.DLL" adapterTypeName="Microsoft.VisualStudio.TestTools.TestTypes.Unit.UnitTestAdapter, Microsoft.VisualStudio.QualityTools.Tips.UnitTest.Adapter, Version=10.0.0.0, Culture=neutral, PublicKeyToken=b03f5f7f11d50a3a" className="TestComplexNumber.QCExercisesChapter3, TestComplexNumber, Version=1.0.0.0, Culture=neutral, PublicKeyToken=null" name="Exercise3o4o2" />
    </UnitTest>
    <UnitTest name="Number9" storage="c:\bruce n\programming\quantum computing\testcomplexnumber\bin\debug\testcomplexnumber.dll" id="6b99a904-39c7-b2a5-cb92-c1c5bd5d3c67">
      <Execution id="a4974a8a-074f-42c1-9012-51602f3358a5" />
      <TestMethod codeBase="C:/Bruce N/Programming/Quantum Computing/TestComplexNumber/bin/Debug/TestComplexNumber.DLL" adapterTypeName="Microsoft.VisualStudio.TestTools.TestTypes.Unit.UnitTestAdapter, Microsoft.VisualStudio.QualityTools.Tips.UnitTest.Adapter, Version=10.0.0.0, Culture=neutral, PublicKeyToken=b03f5f7f11d50a3a" className="ExercisesChapter1Tests.LAExercise1o1, TestComplexNumber, Version=1.0.0.0, Culture=neutral, PublicKeyToken=null" name="Number9" />
    </UnitTest>
    <UnitTest name="ToStringTest" storage="c:\bruce n\programming\quantum computing\testcomplexnumber\bin\debug\testcomplexnumber.dll" id="e6cae91e-3af9-1d6d-3935-2160925e38e7">
      <Execution id="a0a24c90-ced4-4980-aa2f-7fa8626b2ea7" />
      <TestMethod codeBase="C:/Bruce N/Programming/Quantum Computing/TestComplexNumber/bin/Debug/TestComplexNumber.DLL" adapterTypeName="Microsoft.VisualStudio.TestTools.TestTypes.Unit.UnitTestAdapter, Microsoft.VisualStudio.QualityTools.Tips.UnitTest.Adapter, Version=10.0.0.0, Culture=neutral, PublicKeyToken=b03f5f7f11d50a3a" className="TestComplexNumber.ComplexNumberTest, TestComplexNumber, Version=1.0.0.0, Culture=neutral, PublicKeyToken=null" name="ToStringTest" />
    </UnitTest>
    <UnitTest name="Exercise1o3o2" storage="c:\bruce n\programming\quantum computing\testcomplexnumber\bin\debug\testcomplexnumber.dll" id="69c0b0c9-79e3-762b-51b3-d77e96aed020">
      <Execution id="e9436fe6-bee7-47bd-b4af-84754314b226" />
      <TestMethod codeBase="C:/Bruce N/Programming/Quantum Computing/TestComplexNumber/bin/Debug/TestComplexNumber.DLL" adapterTypeName="Microsoft.VisualStudio.TestTools.TestTypes.Unit.UnitTestAdapter, Microsoft.VisualStudio.QualityTools.Tips.UnitTest.Adapter, Version=10.0.0.0, Culture=neutral, PublicKeyToken=b03f5f7f11d50a3a" className="TestComplexNumber.QCExercisesChapter1, TestComplexNumber, Version=1.0.0.0, Culture=neutral, PublicKeyToken=null" name="Exercise1o3o2" />
    </UnitTest>
    <UnitTest name="Exercise2o7o5" storage="c:\bruce n\programming\quantum computing\testcomplexnumber\bin\debug\testcomplexnumber.dll" id="c028a664-47e7-d1e0-a29b-c2782421ecca">
      <Execution id="e9bbc181-38b8-4c0a-b978-70e13d762c01" />
      <TestMethod codeBase="C:/Bruce N/Programming/Quantum Computing/TestComplexNumber/bin/Debug/TestComplexNumber.DLL" adapterTypeName="Microsoft.VisualStudio.TestTools.TestTypes.Unit.UnitTestAdapter, Microsoft.VisualStudio.QualityTools.Tips.UnitTest.Adapter, Version=10.0.0.0, Culture=neutral, PublicKeyToken=b03f5f7f11d50a3a" className="TestComplexNumber.QCExercisesChapter2, TestComplexNumber, Version=1.0.0.0, Culture=neutral, PublicKeyToken=null" name="Exercise2o7o5" />
    </UnitTest>
  </TestDefinitions>
  <TestLists>
    <TestList name="Results Not in a List" id="8c84fa94-04c1-424b-9868-57a2d4851a1d" />
    <TestList name="All Loaded Results" id="19431567-8539-422a-85d7-44ee4e166bda" />
  </TestLists>
  <TestEntries>
    <TestEntry testId="2196f553-8d96-0cb1-ab6a-222290e750c6" executionId="fe35ebc6-1a2c-4ce8-ac5b-201bfab3f7f3" testListId="8c84fa94-04c1-424b-9868-57a2d4851a1d" />
    <TestEntry testId="965a50e8-2ef6-40c1-4122-e2170c7021eb" executionId="4629e61d-942f-46bd-80d5-fbd469518c73" testListId="8c84fa94-04c1-424b-9868-57a2d4851a1d" />
    <TestEntry testId="f0ba5c0b-8960-4edd-4fed-108844165cf0" executionId="ab2a7523-55cc-4c43-858c-a646214c9b87" testListId="8c84fa94-04c1-424b-9868-57a2d4851a1d" />
    <TestEntry testId="d5ba24d1-27d1-0b69-994f-a21952016180" executionId="5af3c6f2-5b13-46fd-ac8e-65679fa84f42" testListId="8c84fa94-04c1-424b-9868-57a2d4851a1d" />
    <TestEntry testId="7c93be96-b5a0-1d46-8810-c4cc0920cb2c" executionId="901199c2-c094-45a7-b4f9-8ed65152ba8f" testListId="8c84fa94-04c1-424b-9868-57a2d4851a1d" />
    <TestEntry testId="257c1c06-b11a-4bb0-9757-e03ddfaada2b" executionId="3e342fb5-1bbd-46a0-b4cf-24b163204387" testListId="8c84fa94-04c1-424b-9868-57a2d4851a1d" />
    <TestEntry testId="bb7a77ba-178f-5917-6d9f-a8ef964738e0" executionId="c7034708-d53f-4e24-ac5a-94dad80d7c03" testListId="8c84fa94-04c1-424b-9868-57a2d4851a1d" />
    <TestEntry testId="191c732e-b797-fda9-14e6-f62313d93af1" executionId="30183fcf-3e46-427c-9b9f-a5541d5c7f76" testListId="8c84fa94-04c1-424b-9868-57a2d4851a1d" />
    <TestEntry testId="4611c12d-ab9b-ec67-f03d-aef14139fd18" executionId="6871b6e5-1da1-4754-abc4-1265f1e5aa75" testListId="8c84fa94-04c1-424b-9868-57a2d4851a1d" />
    <TestEntry testId="bf6c2469-a2b3-a877-1023-ee9bd6de0e5b" executionId="a733a6c1-283d-4c56-8b31-bf97c215afad" testListId="8c84fa94-04c1-424b-9868-57a2d4851a1d" />
    <TestEntry testId="45c1478b-4df2-7873-3421-9c35cffff0b5" executionId="f128e71a-7b04-44e7-b66d-ae822eb580d4" testListId="8c84fa94-04c1-424b-9868-57a2d4851a1d" />
    <TestEntry testId="d234dbe8-2eb3-6ce6-3747-7c6cec0f5c2b" executionId="3818c7b8-d691-41f0-832b-2d0fef149b59" testListId="8c84fa94-04c1-424b-9868-57a2d4851a1d" />
    <TestEntry testId="aac142ce-38b2-6d3f-cd65-e8254c3e066b" executionId="0b48bc76-278d-4993-a1f9-c51c0b1bde9e" testListId="8c84fa94-04c1-424b-9868-57a2d4851a1d" />
    <TestEntry testId="2f70a04a-052e-804a-c12d-8ce7e0d5829f" executionId="b14d1594-ea2a-4820-bda5-033f73116f17" testListId="8c84fa94-04c1-424b-9868-57a2d4851a1d" />
    <TestEntry testId="49e51852-7075-5008-f887-b580ee4d13af" executionId="3c992f0c-2ac7-421e-96fd-f50137ee0628" testListId="8c84fa94-04c1-424b-9868-57a2d4851a1d" />
    <TestEntry testId="86846568-9c1a-b5d9-8a2f-14b2fd1eb1c6" executionId="77eb9a3a-9f4c-4ee7-ac3d-23a5785531c8" testListId="8c84fa94-04c1-424b-9868-57a2d4851a1d" />
    <TestEntry testId="cd40d60c-7ba3-fd50-057a-8cb8ecef5565" executionId="de38afcb-3ba1-4a42-897d-e413b84014ca" testListId="8c84fa94-04c1-424b-9868-57a2d4851a1d" />
    <TestEntry testId="0b103c37-48a5-eca8-d21a-8bbd6e27c98c" executionId="124ca6ac-b320-4638-b00d-5bdfc27d69dd" testListId="8c84fa94-04c1-424b-9868-57a2d4851a1d" />
    <TestEntry testId="a3e4879d-2ea1-a209-e3f3-b52750cb2d8b" executionId="969fa38a-5213-43dd-906e-49b8493f05c4" testListId="8c84fa94-04c1-424b-9868-57a2d4851a1d" />
    <TestEntry testId="56d4e2ab-80ac-74c9-cdc4-cd3967d0842f" executionId="a26eacf3-1f07-46ab-ac73-ce89935dec42" testListId="8c84fa94-04c1-424b-9868-57a2d4851a1d" />
    <TestEntry testId="b920ca27-2e1f-e8ec-c9ba-d4cbb754ace4" executionId="33cfdf99-0bf3-407a-82a9-96a2bddac771" testListId="8c84fa94-04c1-424b-9868-57a2d4851a1d" />
    <TestEntry testId="cfda23f5-8521-9279-3cfb-c362ea2104e6" executionId="76fd23b9-5e98-4824-9d6f-6cb6bdddb266" testListId="8c84fa94-04c1-424b-9868-57a2d4851a1d" />
    <TestEntry testId="976f17c9-51e8-e105-25f5-c30dcb83cb62" executionId="d95b885c-427c-4e48-8750-31b1412ddbf1" testListId="8c84fa94-04c1-424b-9868-57a2d4851a1d" />
    <TestEntry testId="1f1cd201-bd9b-d73b-7631-79422db50907" executionId="1b95d5e5-b2ff-4951-b919-447489f5224b" testListId="8c84fa94-04c1-424b-9868-57a2d4851a1d" />
    <TestEntry testId="f368b193-6b5a-1b14-7094-e125316b3e80" executionId="22489c1f-4d5b-4a4f-8534-86bb08621477" testListId="8c84fa94-04c1-424b-9868-57a2d4851a1d" />
    <TestEntry testId="8c87e582-c187-2428-641f-ac52b8bc8afb" executionId="d8629ca7-6514-421c-a5ab-c10b45ebe617" testListId="8c84fa94-04c1-424b-9868-57a2d4851a1d" />
    <TestEntry testId="7f80f8e7-2e2b-ea96-23b0-2d1d4cb799d4" executionId="3d674ad0-0107-4ddb-900c-d547231f0275" testListId="8c84fa94-04c1-424b-9868-57a2d4851a1d" />
    <TestEntry testId="acd83d3c-1f09-56f5-c309-c66c3b56b876" executionId="17a57227-9dae-488e-a159-a0b015c66450" testListId="8c84fa94-04c1-424b-9868-57a2d4851a1d" />
    <TestEntry testId="5b0b7f1b-1d05-7deb-83d6-f2293e41cb23" executionId="3eec9a43-4054-429a-bb7d-6bf5f4990d0d" testListId="8c84fa94-04c1-424b-9868-57a2d4851a1d" />
    <TestEntry testId="1aac7064-31c6-c120-9e54-0819977db45a" executionId="b5bb9e72-76f2-498b-af49-7b81257b3324" testListId="8c84fa94-04c1-424b-9868-57a2d4851a1d" />
    <TestEntry testId="9c92819f-751b-655e-72f6-604f0653711c" executionId="ba93bc7f-ae49-4dc7-a3d3-4a79c77e94cb" testListId="8c84fa94-04c1-424b-9868-57a2d4851a1d" />
    <TestEntry testId="bc74a9f0-dfbc-1cfa-6718-f3d2cbf87b3b" executionId="cdbe9f26-37c0-453b-bbd2-a6b54834c166" testListId="8c84fa94-04c1-424b-9868-57a2d4851a1d" />
    <TestEntry testId="89a43019-9aa1-6b73-f686-b9999e672584" executionId="b4b77d90-d677-4cfb-b007-dd33025e2956" testListId="8c84fa94-04c1-424b-9868-57a2d4851a1d" />
    <TestEntry testId="81ff8154-7b8a-e690-97b4-6435aa07756d" executionId="85fdaf2a-24aa-4772-b05b-fa3da04e0363" testListId="8c84fa94-04c1-424b-9868-57a2d4851a1d" />
    <TestEntry testId="a742c746-5181-52e8-23a7-13e7e8c75d0d" executionId="c5f3f7d2-fe1e-49a7-bc22-213c0fdd7871" testListId="8c84fa94-04c1-424b-9868-57a2d4851a1d" />
    <TestEntry testId="38b23d36-491d-02f4-07c2-9d3cd23affc3" executionId="0edd4073-bf61-4e33-a29b-d88d667b25f1" testListId="8c84fa94-04c1-424b-9868-57a2d4851a1d" />
    <TestEntry testId="5f6e4234-ae47-44fc-62c5-b75e2f29c018" executionId="b4d0c227-7548-40f0-b906-1e09491e7d10" testListId="8c84fa94-04c1-424b-9868-57a2d4851a1d" />
    <TestEntry testId="353600d6-8f81-a743-8f0c-ac1e5f0cc59e" executionId="de76b5ce-6f46-4f4c-ae93-cea679696845" testListId="8c84fa94-04c1-424b-9868-57a2d4851a1d" />
    <TestEntry testId="30603adb-abfd-1ae1-9190-dbf549cbf25b" executionId="200563fe-2d6d-49e1-9300-f7650c7002fe" testListId="8c84fa94-04c1-424b-9868-57a2d4851a1d" />
    <TestEntry testId="e58e75f5-82f4-68b3-9174-e83157c210fe" executionId="dec1c370-536d-4318-8aeb-0e7310d6802f" testListId="8c84fa94-04c1-424b-9868-57a2d4851a1d" />
    <TestEntry testId="45e4093b-3343-3a21-e7a7-e836435896d3" executionId="f86aafe0-1583-4786-873e-0b63d6752188" testListId="8c84fa94-04c1-424b-9868-57a2d4851a1d" />
    <TestEntry testId="ff295562-5e99-9434-0a6c-61d038c92b18" executionId="a752baad-6796-4cec-ad42-b7bbc5f325ff" testListId="8c84fa94-04c1-424b-9868-57a2d4851a1d" />
    <TestEntry testId="05b12b43-1783-0ca5-6417-946a728e7bad" executionId="c23ae166-8fbf-4c65-a94c-6ac79aeb48c0" testListId="8c84fa94-04c1-424b-9868-57a2d4851a1d" />
    <TestEntry testId="f45ba4d9-1948-fd2a-d93c-c51eacddf456" executionId="4d843ce2-0ab7-4f01-b152-95ca69016395" testListId="8c84fa94-04c1-424b-9868-57a2d4851a1d" />
    <TestEntry testId="8e039ac3-296f-0b32-1467-d43005f9a8c9" executionId="7a2d91a9-28fb-4cd0-9265-319dd82d9ca5" testListId="8c84fa94-04c1-424b-9868-57a2d4851a1d" />
    <TestEntry testId="8948e81d-4481-f3a6-0a8b-92d5a21b0ed1" executionId="0ab8213c-c0c0-4a20-bf7d-86aec4ef5993" testListId="8c84fa94-04c1-424b-9868-57a2d4851a1d" />
    <TestEntry testId="1683eaf6-b230-9872-7e1d-e1c2509c0be1" executionId="5c34ea30-b772-401e-8cae-db0b30fec825" testListId="8c84fa94-04c1-424b-9868-57a2d4851a1d" />
    <TestEntry testId="06c32b76-050d-0c74-e5e5-24e8d789eea7" executionId="cf8d75e7-9e6c-425d-8d80-f44041372b62" testListId="8c84fa94-04c1-424b-9868-57a2d4851a1d" />
    <TestEntry testId="fc5f6b28-8f99-b5ff-6ec9-739c1fd6e416" executionId="e5c8dc7c-c0d4-4753-ba7c-149c8936a3cf" testListId="8c84fa94-04c1-424b-9868-57a2d4851a1d" />
    <TestEntry testId="9cf4c4e1-7186-5bdb-2eef-3b22d03cb6e0" executionId="0aa180e7-7856-4974-9431-2c7d31431314" testListId="8c84fa94-04c1-424b-9868-57a2d4851a1d" />
    <TestEntry testId="85e31a7a-8f31-96c4-5236-3d22a4f800d8" executionId="11bc5544-4e27-4399-8b68-a25a630d03fb" testListId="8c84fa94-04c1-424b-9868-57a2d4851a1d" />
    <TestEntry testId="aec04687-b925-f293-88d7-b9bf8f00fc28" executionId="879f1f16-d744-4459-9192-16e399892f38" testListId="8c84fa94-04c1-424b-9868-57a2d4851a1d" />
    <TestEntry testId="2495be45-e753-45de-32ff-e2c3eb28668d" executionId="03937e64-74f3-4532-9a78-5613134eacdf" testListId="8c84fa94-04c1-424b-9868-57a2d4851a1d" />
    <TestEntry testId="65483be5-ecd7-0f52-6a6b-f305d0d31089" executionId="39ced09d-827e-47eb-9d1a-bf8a05f26e1b" testListId="8c84fa94-04c1-424b-9868-57a2d4851a1d" />
    <TestEntry testId="2c0938a7-7ed1-e7a6-af0a-563ef75e9dfc" executionId="2f6a70b0-0226-44e8-8414-c0cc015d14b1" testListId="8c84fa94-04c1-424b-9868-57a2d4851a1d" />
    <TestEntry testId="3ab0606d-4843-ff36-b97d-0c79e11782f1" executionId="bb2dd0cc-e5b1-48a0-b7f6-6134f298fe42" testListId="8c84fa94-04c1-424b-9868-57a2d4851a1d" />
    <TestEntry testId="e3655047-245b-e2c7-2c26-19e72f979c1d" executionId="d97f86f8-2106-4410-b55c-33497b7e7752" testListId="8c84fa94-04c1-424b-9868-57a2d4851a1d" />
    <TestEntry testId="bfd5a48b-9b5c-d7ad-9048-7f444861126c" executionId="2cac5071-7f1e-4811-8652-5f91be9c26f5" testListId="8c84fa94-04c1-424b-9868-57a2d4851a1d" />
    <TestEntry testId="7aa98473-1098-0db5-704a-fcb553d21f64" executionId="b6affd42-26f7-4eab-a246-b397245aa388" testListId="8c84fa94-04c1-424b-9868-57a2d4851a1d" />
    <TestEntry testId="992a5310-7fd9-eb34-e20d-949f0af01a8f" executionId="776d06ad-80cc-43d5-b466-4ca8172457ac" testListId="8c84fa94-04c1-424b-9868-57a2d4851a1d" />
    <TestEntry testId="2b7e328f-6321-4faa-4f85-a74ea89855b4" executionId="5b2d5d1f-976f-4ff3-a824-c8d831c06138" testListId="8c84fa94-04c1-424b-9868-57a2d4851a1d" />
    <TestEntry testId="afec4393-b7fa-2c17-aed2-743a831c3492" executionId="2dbab8e2-bb11-4af6-a298-ecbc12f0af58" testListId="8c84fa94-04c1-424b-9868-57a2d4851a1d" />
    <TestEntry testId="183ae838-6eb2-ddd1-fc18-d3ab32673286" executionId="7a8209ad-e1f8-42bc-af68-e60353f8e2ff" testListId="8c84fa94-04c1-424b-9868-57a2d4851a1d" />
    <TestEntry testId="0a0f56e1-2426-9c27-75c5-72e83aa4f18c" executionId="5a03eb98-d280-4296-bd8b-b75778dfb28c" testListId="8c84fa94-04c1-424b-9868-57a2d4851a1d" />
    <TestEntry testId="6ffdc6d3-cefb-3296-5e75-ac13fe3afd03" executionId="c2093dfc-2c98-4114-9d81-84eb98284a61" testListId="8c84fa94-04c1-424b-9868-57a2d4851a1d" />
    <TestEntry testId="2940acf1-9b67-2da0-4ad9-484d74cbdbc9" executionId="3bfe08c2-de66-4135-9c60-34d63a5a45f9" testListId="8c84fa94-04c1-424b-9868-57a2d4851a1d" />
    <TestEntry testId="f4a6d75b-22de-c9be-71c8-5150c846f601" executionId="e68f268f-95b8-4efa-80d6-280fe5dcfe99" testListId="8c84fa94-04c1-424b-9868-57a2d4851a1d" />
    <TestEntry testId="06f73701-65f7-da2b-e94f-6c850186d97a" executionId="8eebf405-48a9-4ef5-ba57-9acc9bed05dc" testListId="8c84fa94-04c1-424b-9868-57a2d4851a1d" />
    <TestEntry testId="c75fc2ac-fde7-2038-d9a8-d86e951811a0" executionId="2cc1f792-f7f3-4f1c-aeeb-b3f850c90ab8" testListId="8c84fa94-04c1-424b-9868-57a2d4851a1d" />
    <TestEntry testId="cf3f4348-6cc3-43d1-c760-65208684009c" executionId="5116a8aa-799c-4559-9a1d-30b16866e978" testListId="8c84fa94-04c1-424b-9868-57a2d4851a1d" />
    <TestEntry testId="70b0a96d-aaac-2125-44fa-4f6d63eb62a7" executionId="73416220-4eb9-442d-bba5-7765985a3567" testListId="8c84fa94-04c1-424b-9868-57a2d4851a1d" />
    <TestEntry testId="704f985a-5aa6-9a9c-79d7-6d97e84b7f0f" executionId="22071ba6-6c6c-4307-a32b-069f49a4bbca" testListId="8c84fa94-04c1-424b-9868-57a2d4851a1d" />
    <TestEntry testId="df9d4979-ebf4-48fa-eaa6-d378215805ce" executionId="06c2ce70-c739-43ea-9ec5-f67de36ff9be" testListId="8c84fa94-04c1-424b-9868-57a2d4851a1d" />
    <TestEntry testId="715ebd6e-8b82-0185-36f5-00ae9c6bc485" executionId="80f4f035-2901-4359-bcea-a32539f08cfb" testListId="8c84fa94-04c1-424b-9868-57a2d4851a1d" />
    <TestEntry testId="bfd8552d-cec2-9ab5-c397-fd0fb67479e8" executionId="e662319b-fd9f-4962-beaa-84de02902d7d" testListId="8c84fa94-04c1-424b-9868-57a2d4851a1d" />
    <TestEntry testId="ee944308-05a6-64ab-5bf9-f0a0e7c8737a" executionId="1a910b5c-e5fe-42e0-9ff1-e8a5ee41d4ec" testListId="8c84fa94-04c1-424b-9868-57a2d4851a1d" />
    <TestEntry testId="0627374f-baab-d288-a8a5-3146f1936a2d" executionId="bd09aad9-4ed3-4f77-ad17-8e9fc35106ec" testListId="8c84fa94-04c1-424b-9868-57a2d4851a1d" />
    <TestEntry testId="f1d86270-c9d8-c961-65be-24cc50d1fc4b" executionId="9eceba84-4a13-4e8d-b1c4-972409773ddc" testListId="8c84fa94-04c1-424b-9868-57a2d4851a1d" />
    <TestEntry testId="9c8a3a37-92aa-2f07-2535-a6f269371959" executionId="76d6d623-da5e-44b5-af18-480a65397321" testListId="8c84fa94-04c1-424b-9868-57a2d4851a1d" />
    <TestEntry testId="3aefb9d4-9cc0-272d-dc50-69446f55302e" executionId="189b7fc7-4ea3-4729-8d2b-8fa4dc7e56e3" testListId="8c84fa94-04c1-424b-9868-57a2d4851a1d" />
    <TestEntry testId="fcfa95f2-720f-8082-c577-4f9e22c76102" executionId="a4b66bd1-da6e-48f3-aba2-9058d6ab9d42" testListId="8c84fa94-04c1-424b-9868-57a2d4851a1d" />
    <TestEntry testId="ae083652-0bf7-c673-dce4-870a432603ee" executionId="e52601c9-c1fa-4227-8e3f-580076eea6ea" testListId="8c84fa94-04c1-424b-9868-57a2d4851a1d" />
    <TestEntry testId="c028a664-47e7-d1e0-a29b-c2782421ecca" executionId="e9bbc181-38b8-4c0a-b978-70e13d762c01" testListId="8c84fa94-04c1-424b-9868-57a2d4851a1d" />
    <TestEntry testId="b02641ef-4dbb-1d38-fc9f-e1bd29220c37" executionId="d02bed40-5015-4cc3-af82-47258506bffd" testListId="8c84fa94-04c1-424b-9868-57a2d4851a1d" />
    <TestEntry testId="f2c9598d-6c11-6ff1-ac6e-8c319ed45aad" executionId="9e75102a-2f01-43cb-b3be-d2442a0474e9" testListId="8c84fa94-04c1-424b-9868-57a2d4851a1d" />
    <TestEntry testId="c93ffe48-5243-dfb2-8a93-461c879cf606" executionId="c9fb0dad-13c0-4cf1-b594-71ff69bac419" testListId="8c84fa94-04c1-424b-9868-57a2d4851a1d" />
    <TestEntry testId="bc5ed1ac-46cb-3ce7-5958-bc8141b19b62" executionId="7856e359-10f5-419c-b30c-07d67318ad03" testListId="8c84fa94-04c1-424b-9868-57a2d4851a1d" />
    <TestEntry testId="e817df08-1352-7924-6f37-9159ad0539e6" executionId="d4731a56-7b2a-4ee1-90ed-ad7f5116a6c6" testListId="8c84fa94-04c1-424b-9868-57a2d4851a1d" />
    <TestEntry testId="2705846c-0b46-907b-6d14-254e6bc6494a" executionId="6087f172-bda7-46e3-81c0-0c0fda72bc2d" testListId="8c84fa94-04c1-424b-9868-57a2d4851a1d" />
    <TestEntry testId="c184168b-7b90-1c26-9870-9e31f6f1dde3" executionId="d4997507-6eaf-4919-b6f8-3d95e4784ad1" testListId="8c84fa94-04c1-424b-9868-57a2d4851a1d" />
    <TestEntry testId="f2fd9c40-ebed-2a46-34fc-5586a484fe11" executionId="7f3dfa3d-38dc-4393-a9c2-3a7b8f9d5b82" testListId="8c84fa94-04c1-424b-9868-57a2d4851a1d" />
    <TestEntry testId="48d6f10d-3141-2ae9-4d33-c4a338f334ee" executionId="a2dbca6c-a889-40f8-ace8-068ccd5e2388" testListId="8c84fa94-04c1-424b-9868-57a2d4851a1d" />
    <TestEntry testId="728da468-f507-e742-b2ad-f61f3c2f234c" executionId="46649f8e-bdc8-458d-a289-2385882557af" testListId="8c84fa94-04c1-424b-9868-57a2d4851a1d" />
    <TestEntry testId="e6cae91e-3af9-1d6d-3935-2160925e38e7" executionId="a0a24c90-ced4-4980-aa2f-7fa8626b2ea7" testListId="8c84fa94-04c1-424b-9868-57a2d4851a1d" />
    <TestEntry testId="a2a281b6-476e-eb5a-45e5-afa89a5fb8b5" executionId="c500339b-ebbe-436d-a678-6a5837e2fd67" testListId="8c84fa94-04c1-424b-9868-57a2d4851a1d" />
    <TestEntry testId="8071e8fe-9b4b-2580-cbc1-7f7b5fdb3e47" executionId="91572d5c-109a-4792-badd-fb131451ca57" testListId="8c84fa94-04c1-424b-9868-57a2d4851a1d" />
    <TestEntry testId="85bc1fba-aa1e-c1ef-9000-a508e9350978" executionId="112ab03b-f73a-475e-a856-e35d3f7d0053" testListId="8c84fa94-04c1-424b-9868-57a2d4851a1d" />
    <TestEntry testId="d1e32dc2-f33f-5363-4a8c-0ea170a9c822" executionId="19ea19e5-26b5-43b5-a3b5-35cbba447d45" testListId="8c84fa94-04c1-424b-9868-57a2d4851a1d" />
    <TestEntry testId="aaa025c4-539f-dc62-f50b-af3c4325c449" executionId="842e36db-bc16-4c60-a04e-32de3cb0cb54" testListId="8c84fa94-04c1-424b-9868-57a2d4851a1d" />
    <TestEntry testId="9e43b977-3c91-5be2-de15-4f95a8e1f8c7" executionId="471b7202-a6a2-45dc-b66e-ef4c8fcd83e3" testListId="8c84fa94-04c1-424b-9868-57a2d4851a1d" />
    <TestEntry testId="5783bddb-fec7-d995-a012-a4ea9e07bdbd" executionId="133d8c83-9e8f-487e-a660-17c1b3115b81" testListId="8c84fa94-04c1-424b-9868-57a2d4851a1d" />
    <TestEntry testId="7f3420a7-c01c-ee16-8a61-460ee76e48af" executionId="3ecb0cde-689a-4967-ac40-2fef2f19adcd" testListId="8c84fa94-04c1-424b-9868-57a2d4851a1d" />
    <TestEntry testId="cad52bb7-add3-40f2-d3bf-b3532e5f7a63" executionId="86a0785a-2dce-4ea4-9e21-b6ec02d54094" testListId="8c84fa94-04c1-424b-9868-57a2d4851a1d" />
    <TestEntry testId="2461313c-95d1-07bf-c932-ab214f8a619b" executionId="f7c9efa1-3775-42da-954b-eac566296b8b" testListId="8c84fa94-04c1-424b-9868-57a2d4851a1d" />
    <TestEntry testId="b88b9ca8-ba65-70cd-81ce-345ab5fb1d53" executionId="31b0ab79-a03b-4ed0-a293-76fbb9b185d2" testListId="8c84fa94-04c1-424b-9868-57a2d4851a1d" />
    <TestEntry testId="fb89f0d9-b250-f580-809f-a6350fa8fd66" executionId="c778afd9-22b0-40fc-8c29-1e5b7562e2cb" testListId="8c84fa94-04c1-424b-9868-57a2d4851a1d" />
    <TestEntry testId="33874d17-d7f8-330a-d70a-23c0ca497170" executionId="3e9539c9-7bd4-4a32-b6c4-bf1e98856033" testListId="8c84fa94-04c1-424b-9868-57a2d4851a1d" />
    <TestEntry testId="64c1c071-8523-ad97-417a-c762f98be0b4" executionId="f5a6881e-44f2-4053-9146-1463416c691a" testListId="8c84fa94-04c1-424b-9868-57a2d4851a1d" />
    <TestEntry testId="7892f007-71df-5c3b-ebcf-6ef2c37fadc0" executionId="7132801f-7f1e-4531-90ee-2bee7b043f32" testListId="8c84fa94-04c1-424b-9868-57a2d4851a1d" />
    <TestEntry testId="a250f3fb-9de6-3396-c0f7-a3dadfe0ee2c" executionId="05846f4b-812a-43c8-a044-0269a551e218" testListId="8c84fa94-04c1-424b-9868-57a2d4851a1d" />
    <TestEntry testId="6453b38b-95cb-b6aa-9375-25acdc4c2487" executionId="a39e243f-944f-4228-9484-8850b08b63ac" testListId="8c84fa94-04c1-424b-9868-57a2d4851a1d" />
    <TestEntry testId="7f620adb-a555-cf8e-6039-9aba1a009772" executionId="b1d76a8f-b1db-4739-9d9e-917ea7bc6125" testListId="8c84fa94-04c1-424b-9868-57a2d4851a1d" />
    <TestEntry testId="2c5f1bbd-c340-38e3-42f3-b2209263335f" executionId="173ba7c9-ebcf-45db-a542-c98ab8a53290" testListId="8c84fa94-04c1-424b-9868-57a2d4851a1d" />
    <TestEntry testId="afbb9659-a5fc-9266-3d62-d7f0d8dcbab6" executionId="9d11c850-44f8-408c-bf8b-5ac2ef26d000" testListId="8c84fa94-04c1-424b-9868-57a2d4851a1d" />
    <TestEntry testId="511a4f61-ce89-55d2-60bf-217e67e9f532" executionId="2973431d-4725-4ced-bc57-885ab69f0748" testListId="8c84fa94-04c1-424b-9868-57a2d4851a1d" />
    <TestEntry testId="69c0b0c9-79e3-762b-51b3-d77e96aed020" executionId="e9436fe6-bee7-47bd-b4af-84754314b226" testListId="8c84fa94-04c1-424b-9868-57a2d4851a1d" />
    <TestEntry testId="70274760-027a-23e7-88b1-7688da4db4eb" executionId="080d5a71-85f0-48f5-bcad-1f2527d2ad43" testListId="8c84fa94-04c1-424b-9868-57a2d4851a1d" />
    <TestEntry testId="07679b95-0c77-33dd-c8d5-e1376510063a" executionId="aaab71a8-e3d8-4ce1-8f23-5ed6c16ac16e" testListId="8c84fa94-04c1-424b-9868-57a2d4851a1d" />
    <TestEntry testId="b3de0653-64d2-8615-b480-d5f14ca81853" executionId="498aa84e-4b29-4aed-87ca-7a49a1eed943" testListId="8c84fa94-04c1-424b-9868-57a2d4851a1d" />
    <TestEntry testId="4d151c41-de40-a77d-9114-a00800a2f22f" executionId="298b7c1d-bc18-4043-8cd3-7b708217c7b9" testListId="8c84fa94-04c1-424b-9868-57a2d4851a1d" />
    <TestEntry testId="fa18e5a6-2bc3-12df-bb51-c37d30f52f95" executionId="8d9e4c8a-1cfe-4416-a3bd-9e0b7feb5091" testListId="8c84fa94-04c1-424b-9868-57a2d4851a1d" />
    <TestEntry testId="fa106201-6689-e149-ee9f-22bc394d4b15" executionId="7c423a74-8267-4679-a102-222449f63128" testListId="8c84fa94-04c1-424b-9868-57a2d4851a1d" />
    <TestEntry testId="df464f9e-b112-5566-5b91-0946280686ed" executionId="036bd5ca-6685-4ef5-b81d-f50292f192bd" testListId="8c84fa94-04c1-424b-9868-57a2d4851a1d" />
    <TestEntry testId="8283d241-590a-b382-504b-bad3e64fc92e" executionId="4a4cf615-5e1b-4658-ad1a-cf65b43743c3" testListId="8c84fa94-04c1-424b-9868-57a2d4851a1d" />
    <TestEntry testId="843d4548-139b-668c-d827-42f4346b3ef0" executionId="2da72a87-64b3-40a2-9d92-2ae57b16fdd9" testListId="8c84fa94-04c1-424b-9868-57a2d4851a1d" />
    <TestEntry testId="0599638c-2006-192a-49da-9fa79df3b55e" executionId="ef91ace2-6bce-4496-8c9f-4b71e682a3c1" testListId="8c84fa94-04c1-424b-9868-57a2d4851a1d" />
    <TestEntry testId="84b36a15-9006-9254-a29b-b856bea432a4" executionId="8a3ae879-dc51-425b-b6c0-9b1afaec999d" testListId="8c84fa94-04c1-424b-9868-57a2d4851a1d" />
    <TestEntry testId="9cca6d32-4a0b-e5dd-1a59-a901edd68fd6" executionId="08319744-8588-4320-8794-d98722b93f11" testListId="8c84fa94-04c1-424b-9868-57a2d4851a1d" />
    <TestEntry testId="e620761f-f36f-3a30-5a60-f84267c8154b" executionId="dc31a4c7-4020-4163-aa8a-87d2f3fdc25f" testListId="8c84fa94-04c1-424b-9868-57a2d4851a1d" />
    <TestEntry testId="3b6c1979-5d5b-f7df-8831-5e65b0e818fd" executionId="3d1c4967-9dba-4730-a854-80120f967fbd" testListId="8c84fa94-04c1-424b-9868-57a2d4851a1d" />
    <TestEntry testId="10573e1f-0aa2-6e3a-c6a4-1a9a094661dc" executionId="3cb6b07e-99ea-48d2-8f51-d1ff4ea44595" testListId="8c84fa94-04c1-424b-9868-57a2d4851a1d" />
    <TestEntry testId="194ba9b1-34c4-2b4a-2ba8-b132b9ebf998" executionId="99264c9b-932d-4adc-8a31-e710c1918a69" testListId="8c84fa94-04c1-424b-9868-57a2d4851a1d" />
    <TestEntry testId="c446db48-fe0d-6c23-577a-d3adf5810ca1" executionId="b79e54b1-fa16-498c-8133-bd977255a463" testListId="8c84fa94-04c1-424b-9868-57a2d4851a1d" />
    <TestEntry testId="25da0ecb-8f65-f3a6-c92d-fed8f87247e6" executionId="447bded7-9fc8-4f46-a71a-f54f088409b6" testListId="8c84fa94-04c1-424b-9868-57a2d4851a1d" />
    <TestEntry testId="a462fc82-d08d-a927-6e82-ea09024ca4ef" executionId="17be496c-9ec0-4149-8cbf-363395541de6" testListId="8c84fa94-04c1-424b-9868-57a2d4851a1d" />
    <TestEntry testId="84a3a475-fcd9-a697-a886-bb4311389ff1" executionId="f2ae75e6-69c7-4f49-a7ba-8f112f0d48e4" testListId="8c84fa94-04c1-424b-9868-57a2d4851a1d" />
    <TestEntry testId="e34bbd78-70b7-8bee-c46b-6fb18c901aa2" executionId="d78d2d81-34d6-4d77-a755-059d0d216d4c" testListId="8c84fa94-04c1-424b-9868-57a2d4851a1d" />
    <TestEntry testId="59d167f3-98f7-3905-876e-bc940d58c269" executionId="17ebefaa-e597-485e-a70f-ba018342bff3" testListId="8c84fa94-04c1-424b-9868-57a2d4851a1d" />
    <TestEntry testId="8ddf2343-b416-72d4-fe07-7424be6bf3cc" executionId="4f092bb6-08eb-45aa-816f-e760c19cedd0" testListId="8c84fa94-04c1-424b-9868-57a2d4851a1d" />
    <TestEntry testId="3c01b151-3119-7729-69fb-12ad4b09e592" executionId="2562a893-bd38-4f6b-976c-e9004f84f066" testListId="8c84fa94-04c1-424b-9868-57a2d4851a1d" />
    <TestEntry testId="dd1468a1-9af3-1aa0-7b70-41b163e3c3e7" executionId="119174c9-2338-43fe-bbbb-80c3238cc93e" testListId="8c84fa94-04c1-424b-9868-57a2d4851a1d" />
    <TestEntry testId="2691a8a8-cda7-2520-f88d-5b729c47edea" executionId="d3921c1c-cca0-4713-88c0-c84241c8ac4a" testListId="8c84fa94-04c1-424b-9868-57a2d4851a1d" />
    <TestEntry testId="6b99a904-39c7-b2a5-cb92-c1c5bd5d3c67" executionId="a4974a8a-074f-42c1-9012-51602f3358a5" testListId="8c84fa94-04c1-424b-9868-57a2d4851a1d" />
    <TestEntry testId="45426eba-5da1-7927-75a6-85bf8e09818e" executionId="a30119d3-85d6-4c14-a930-134420d1b552" testListId="8c84fa94-04c1-424b-9868-57a2d4851a1d" />
    <TestEntry testId="0ba55472-e42d-ce89-4611-b74239fe58fa" executionId="f7f4ff28-de5d-4135-a23d-7df5a6320caa" testListId="8c84fa94-04c1-424b-9868-57a2d4851a1d" />
    <TestEntry testId="6dbfaaf3-0c2f-79c7-5448-3d9091ca07d2" executionId="cdcaa0cb-e8d7-4673-afe8-9121c051befa" testListId="8c84fa94-04c1-424b-9868-57a2d4851a1d" />
    <TestEntry testId="a6320d81-84be-b348-18dd-019a5fed078d" executionId="fb9c5059-4f11-477f-b38d-d4e68cacefb5" testListId="8c84fa94-04c1-424b-9868-57a2d4851a1d" />
    <TestEntry testId="26598c77-ae79-f56c-1115-9577c1ec0551" executionId="a0271683-6a13-47d5-b8f7-0f0eeeea5365" testListId="8c84fa94-04c1-424b-9868-57a2d4851a1d" />
    <TestEntry testId="c73872e3-de49-0d4a-fbe2-3bd9c4a10210" executionId="c88b828a-651e-419f-b608-340b12c05ef9" testListId="8c84fa94-04c1-424b-9868-57a2d4851a1d" />
    <TestEntry testId="d1cc7d48-afbd-466f-5015-ef2680fa4bcb" executionId="80ca1624-1396-46a3-88a9-35c7bb834063" testListId="8c84fa94-04c1-424b-9868-57a2d4851a1d" />
    <TestEntry testId="7ce48d38-4867-2cfe-7006-39c642c6f124" executionId="ce61756e-2d1e-46f2-8d24-acb934ad8ef2" testListId="8c84fa94-04c1-424b-9868-57a2d4851a1d" />
  </TestEntries>
  <Results>
    <UnitTestResult executionId="fe35ebc6-1a2c-4ce8-ac5b-201bfab3f7f3" testId="2196f553-8d96-0cb1-ab6a-222290e750c6" testName="EqualsTest" computerName="USSLCL00134" duration="00:00:00.0255779" startTime="2012-06-22T16:44:38.2287858-06:00" endTime="2012-06-22T16:44:39.0298317-06:00" testType="13cdc9d9-ddb5-4fa4-a97d-d965ccfc6d4b" outcome="Passed" testListId="8c84fa94-04c1-424b-9868-57a2d4851a1d" relativeResultsDirectory="fe35ebc6-1a2c-4ce8-ac5b-201bfab3f7f3">
    </UnitTestResult>
    <UnitTestResult executionId="4629e61d-942f-46bd-80d5-fbd469518c73" testId="965a50e8-2ef6-40c1-4122-e2170c7021eb" testName="SetToZeroTest" computerName="USSLCL00134" duration="00:00:00.0978848" startTime="2012-06-22T16:44:39.0418323-06:00" endTime="2012-06-22T16:44:39.1578390-06:00" testType="13cdc9d9-ddb5-4fa4-a97d-d965ccfc6d4b" outcome="Passed" testListId="8c84fa94-04c1-424b-9868-57a2d4851a1d" relativeResultsDirectory="4629e61d-942f-46bd-80d5-fbd469518c73">
    </UnitTestResult>
    <UnitTestResult executionId="ab2a7523-55cc-4c43-858c-a646214c9b87" testId="f0ba5c0b-8960-4edd-4fed-108844165cf0" testName="GetKetTest" computerName="USSLCL00134" duration="00:00:00.0026242" startTime="2012-06-22T16:44:39.1698397-06:00" endTime="2012-06-22T16:44:39.1908409-06:00" testType="13cdc9d9-ddb5-4fa4-a97d-d965ccfc6d4b" outcome="Passed" testListId="8c84fa94-04c1-424b-9868-57a2d4851a1d" relativeResultsDirectory="ab2a7523-55cc-4c43-858c-a646214c9b87">
    </UnitTestResult>
    <UnitTestResult executionId="5af3c6f2-5b13-46fd-ac8e-65679fa84f42" testId="d5ba24d1-27d1-0b69-994f-a21952016180" testName="GetAmplitudeTest" computerName="USSLCL00134" duration="00:00:00.0509126" startTime="2012-06-22T16:44:39.2028416-06:00" endTime="2012-06-22T16:44:39.2648451-06:00" testType="13cdc9d9-ddb5-4fa4-a97d-d965ccfc6d4b" outcome="Passed" testListId="8c84fa94-04c1-424b-9868-57a2d4851a1d" relativeResultsDirectory="5af3c6f2-5b13-46fd-ac8e-65679fa84f42">
    </UnitTestResult>
    <UnitTestResult executionId="901199c2-c094-45a7-b4f9-8ed65152ba8f" testId="7c93be96-b5a0-1d46-8810-c4cc0920cb2c" testName="GetNormalizedAmplitudeTest" computerName="USSLCL00134" duration="00:00:00.0074142" startTime="2012-06-22T16:44:39.2728456-06:00" endTime="2012-06-22T16:44:39.2918466-06:00" testType="13cdc9d9-ddb5-4fa4-a97d-d965ccfc6d4b" outcome="Passed" testListId="8c84fa94-04c1-424b-9868-57a2d4851a1d" relativeResultsDirectory="901199c2-c094-45a7-b4f9-8ed65152ba8f">
    </UnitTestResult>
    <UnitTestResult executionId="3e342fb5-1bbd-46a0-b4cf-24b163204387" testId="257c1c06-b11a-4bb0-9757-e03ddfaada2b" testName="IsProbabilisticSystemTest" computerName="USSLCL00134" duration="00:00:00.0125518" startTime="2012-06-22T16:44:39.2968469-06:00" endTime="2012-06-22T16:44:39.3208483-06:00" testType="13cdc9d9-ddb5-4fa4-a97d-d965ccfc6d4b" outcome="Passed" testListId="8c84fa94-04c1-424b-9868-57a2d4851a1d" relativeResultsDirectory="3e342fb5-1bbd-46a0-b4cf-24b163204387">
    </UnitTestResult>
    <UnitTestResult executionId="c7034708-d53f-4e24-ac5a-94dad80d7c03" testId="bb7a77ba-178f-5917-6d9f-a8ef964738e0" testName="ConjugateTest" computerName="USSLCL00134" duration="00:00:00.0072629" startTime="2012-06-22T16:44:39.3278487-06:00" endTime="2012-06-22T16:44:39.3458497-06:00" testType="13cdc9d9-ddb5-4fa4-a97d-d965ccfc6d4b" outcome="Passed" testListId="8c84fa94-04c1-424b-9868-57a2d4851a1d" relativeResultsDirectory="c7034708-d53f-4e24-ac5a-94dad80d7c03">
    </UnitTestResult>
    <UnitTestResult executionId="30183fcf-3e46-427c-9b9f-a5541d5c7f76" testId="191c732e-b797-fda9-14e6-f62313d93af1" testName="EqualsTest" computerName="USSLCL00134" duration="00:00:00.0017149" startTime="2012-06-22T16:44:39.3508500-06:00" endTime="2012-06-22T16:44:39.3618506-06:00" testType="13cdc9d9-ddb5-4fa4-a97d-d965ccfc6d4b" outcome="Passed" testListId="8c84fa94-04c1-424b-9868-57a2d4851a1d" relativeResultsDirectory="30183fcf-3e46-427c-9b9f-a5541d5c7f76">
    </UnitTestResult>
    <UnitTestResult executionId="6871b6e5-1da1-4754-abc4-1265f1e5aa75" testId="4611c12d-ab9b-ec67-f03d-aef14139fd18" testName="InnerProductTest" computerName="USSLCL00134" duration="00:00:00.0037290" startTime="2012-06-22T16:44:39.3868521-06:00" endTime="2012-06-22T16:44:39.4008529-06:00" testType="13cdc9d9-ddb5-4fa4-a97d-d965ccfc6d4b" outcome="Passed" testListId="8c84fa94-04c1-424b-9868-57a2d4851a1d" relativeResultsDirectory="6871b6e5-1da1-4754-abc4-1265f1e5aa75">
    </UnitTestResult>
    <UnitTestResult executionId="a733a6c1-283d-4c56-8b31-bf97c215afad" testId="bf6c2469-a2b3-a877-1023-ee9bd6de0e5b" testName="AdjointTest" computerName="USSLCL00134" duration="00:00:00.0013323" startTime="2012-06-22T16:44:39.4078533-06:00" endTime="2012-06-22T16:44:39.4188539-06:00" testType="13cdc9d9-ddb5-4fa4-a97d-d965ccfc6d4b" outcome="Passed" testListId="8c84fa94-04c1-424b-9868-57a2d4851a1d" relativeResultsDirectory="a733a6c1-283d-4c56-8b31-bf97c215afad">
    </UnitTestResult>
    <UnitTestResult executionId="f128e71a-7b04-44e7-b66d-ae822eb580d4" testId="45c1478b-4df2-7873-3421-9c35cffff0b5" testName="TransposeTest" computerName="USSLCL00134" duration="00:00:00.0017392" startTime="2012-06-22T16:44:39.4238542-06:00" endTime="2012-06-22T16:44:39.4358549-06:00" testType="13cdc9d9-ddb5-4fa4-a97d-d965ccfc6d4b" outcome="Passed" testListId="8c84fa94-04c1-424b-9868-57a2d4851a1d" relativeResultsDirectory="f128e71a-7b04-44e7-b66d-ae822eb580d4">
    </UnitTestResult>
    <UnitTestResult executionId="3818c7b8-d691-41f0-832b-2d0fef149b59" testId="d234dbe8-2eb3-6ce6-3747-7c6cec0f5c2b" testName="ItemTest" computerName="USSLCL00134" duration="00:00:00.0005974" startTime="2012-06-22T16:44:39.4408552-06:00" endTime="2012-06-22T16:44:39.4518558-06:00" testType="13cdc9d9-ddb5-4fa4-a97d-d965ccfc6d4b" outcome="Passed" testListId="8c84fa94-04c1-424b-9868-57a2d4851a1d" relativeResultsDirectory="3818c7b8-d691-41f0-832b-2d0fef149b59">
    </UnitTestResult>
    <UnitTestResult executionId="0b48bc76-278d-4993-a1f9-c51c0b1bde9e" testId="aac142ce-38b2-6d3f-cd65-e8254c3e066b" testName="IdentityMatrixTest" computerName="USSLCL00134" duration="00:00:00.0012503" startTime="2012-06-22T16:44:39.4578561-06:00" endTime="2012-06-22T16:44:39.4718569-06:00" testType="13cdc9d9-ddb5-4fa4-a97d-d965ccfc6d4b" outcome="Passed" testListId="8c84fa94-04c1-424b-9868-57a2d4851a1d" relativeResultsDirectory="0b48bc76-278d-4993-a1f9-c51c0b1bde9e">
    </UnitTestResult>
    <UnitTestResult executionId="b14d1594-ea2a-4820-bda5-033f73116f17" testId="2f70a04a-052e-804a-c12d-8ce7e0d5829f" testName="op_MultiplyMatrixAndVectorTest" computerName="USSLCL00134" duration="00:00:00.0014909" startTime="2012-06-22T16:44:39.4768572-06:00" endTime="2012-06-22T16:44:39.4888579-06:00" testType="13cdc9d9-ddb5-4fa4-a97d-d965ccfc6d4b" outcome="Passed" testListId="8c84fa94-04c1-424b-9868-57a2d4851a1d" relativeResultsDirectory="b14d1594-ea2a-4820-bda5-033f73116f17">
    </UnitTestResult>
    <UnitTestResult executionId="3c992f0c-2ac7-421e-96fd-f50137ee0628" testId="49e51852-7075-5008-f887-b580ee4d13af" testName="IsHermitianTest" computerName="USSLCL00134" duration="00:00:00.0067998" startTime="2012-06-22T16:44:39.4948583-06:00" endTime="2012-06-22T16:44:39.5118592-06:00" testType="13cdc9d9-ddb5-4fa4-a97d-d965ccfc6d4b" outcome="Passed" testListId="8c84fa94-04c1-424b-9868-57a2d4851a1d" relativeResultsDirectory="3c992f0c-2ac7-421e-96fd-f50137ee0628">
    </UnitTestResult>
    <UnitTestResult executionId="77eb9a3a-9f4c-4ee7-ac3d-23a5785531c8" testId="86846568-9c1a-b5d9-8a2f-14b2fd1eb1c6" testName="op_ImplicitTest" computerName="USSLCL00134" duration="00:00:00.0034765" startTime="2012-06-22T16:44:39.5188596-06:00" endTime="2012-06-22T16:44:39.5328604-06:00" testType="13cdc9d9-ddb5-4fa4-a97d-d965ccfc6d4b" outcome="Passed" testListId="8c84fa94-04c1-424b-9868-57a2d4851a1d" relativeResultsDirectory="77eb9a3a-9f4c-4ee7-ac3d-23a5785531c8">
    </UnitTestResult>
    <UnitTestResult executionId="de38afcb-3ba1-4a42-897d-e413b84014ca" testId="cd40d60c-7ba3-fd50-057a-8cb8ecef5565" testName="op_PowerTest" computerName="USSLCL00134" duration="00:00:00.0044385" startTime="2012-06-22T16:44:39.5388608-06:00" endTime="2012-06-22T16:44:39.5538616-06:00" testType="13cdc9d9-ddb5-4fa4-a97d-d965ccfc6d4b" outcome="Passed" testListId="8c84fa94-04c1-424b-9868-57a2d4851a1d" relativeResultsDirectory="de38afcb-3ba1-4a42-897d-e413b84014ca">
    </UnitTestResult>
    <UnitTestResult executionId="124ca6ac-b320-4638-b00d-5bdfc27d69dd" testId="0b103c37-48a5-eca8-d21a-8bbd6e27c98c" testName="ExpectedValueTest" computerName="USSLCL00134" duration="00:00:00.0031231" startTime="2012-06-22T16:44:39.5588619-06:00" endTime="2012-06-22T16:44:39.5728627-06:00" testType="13cdc9d9-ddb5-4fa4-a97d-d965ccfc6d4b" outcome="Passed" testListId="8c84fa94-04c1-424b-9868-57a2d4851a1d" relativeResultsDirectory="124ca6ac-b320-4638-b00d-5bdfc27d69dd">
    </UnitTestResult>
    <UnitTestResult executionId="969fa38a-5213-43dd-906e-49b8493f05c4" testId="a3e4879d-2ea1-a209-e3f3-b52750cb2d8b" testName="VarianceTest" computerName="USSLCL00134" duration="00:00:00.0058151" startTime="2012-06-22T16:44:39.5798631-06:00" endTime="2012-06-22T16:44:39.5958640-06:00" testType="13cdc9d9-ddb5-4fa4-a97d-d965ccfc6d4b" outcome="Passed" testListId="8c84fa94-04c1-424b-9868-57a2d4851a1d" relativeResultsDirectory="969fa38a-5213-43dd-906e-49b8493f05c4">
    </UnitTestResult>
    <UnitTestResult executionId="a26eacf3-1f07-46ab-ac73-ce89935dec42" testId="56d4e2ab-80ac-74c9-cdc4-cd3967d0842f" testName="Exercise4o1o1" computerName="USSLCL00134" duration="00:00:00.0015009" startTime="2012-06-22T16:44:39.6028644-06:00" endTime="2012-06-22T16:44:39.6168652-06:00" testType="13cdc9d9-ddb5-4fa4-a97d-d965ccfc6d4b" outcome="Passed" testListId="8c84fa94-04c1-424b-9868-57a2d4851a1d" relativeResultsDirectory="a26eacf3-1f07-46ab-ac73-ce89935dec42">
    </UnitTestResult>
    <UnitTestResult executionId="33cfdf99-0bf3-407a-82a9-96a2bddac771" testId="b920ca27-2e1f-e8ec-c9ba-d4cbb754ace4" testName="Exercise4o1o5" computerName="USSLCL00134" duration="00:00:00.0016745" startTime="2012-06-22T16:44:39.6228656-06:00" endTime="2012-06-22T16:44:39.6358663-06:00" testType="13cdc9d9-ddb5-4fa4-a97d-d965ccfc6d4b" outcome="Passed" testListId="8c84fa94-04c1-424b-9868-57a2d4851a1d" relativeResultsDirectory="33cfdf99-0bf3-407a-82a9-96a2bddac771">
    </UnitTestResult>
    <UnitTestResult executionId="76fd23b9-5e98-4824-9d6f-6cb6bdddb266" testId="cfda23f5-8521-9279-3cfb-c362ea2104e6" testName="Example4o2o1" computerName="USSLCL00134" duration="00:00:00.0015559" startTime="2012-06-22T16:44:39.6418667-06:00" endTime="2012-06-22T16:44:39.6548674-06:00" testType="13cdc9d9-ddb5-4fa4-a97d-d965ccfc6d4b" outcome="Passed" testListId="8c84fa94-04c1-424b-9868-57a2d4851a1d" relativeResultsDirectory="76fd23b9-5e98-4824-9d6f-6cb6bdddb266">
    </UnitTestResult>
    <UnitTestResult executionId="d95b885c-427c-4e48-8750-31b1412ddbf1" testId="976f17c9-51e8-e105-25f5-c30dcb83cb62" testName="Exercise4o2o2" computerName="USSLCL00134" duration="00:00:00.0008919" startTime="2012-06-22T16:44:39.6598677-06:00" endTime="2012-06-22T16:44:39.7208712-06:00" testType="13cdc9d9-ddb5-4fa4-a97d-d965ccfc6d4b" outcome="Passed" testListId="8c84fa94-04c1-424b-9868-57a2d4851a1d" relativeResultsDirectory="d95b885c-427c-4e48-8750-31b1412ddbf1">
    </UnitTestResult>
    <UnitTestResult executionId="1b95d5e5-b2ff-4951-b919-447489f5224b" testId="1f1cd201-bd9b-d73b-7631-79422db50907" testName="Exercise4o2o6" computerName="USSLCL00134" duration="00:00:00.0014016" startTime="2012-06-22T16:44:39.7418724-06:00" endTime="2012-06-22T16:44:39.7588734-06:00" testType="13cdc9d9-ddb5-4fa4-a97d-d965ccfc6d4b" outcome="Passed" testListId="8c84fa94-04c1-424b-9868-57a2d4851a1d" relativeResultsDirectory="1b95d5e5-b2ff-4951-b919-447489f5224b">
    </UnitTestResult>
    <UnitTestResult executionId="22489c1f-4d5b-4a4f-8534-86bb08621477" testId="f368b193-6b5a-1b14-7094-e125316b3e80" testName="Exercise4o2o7" computerName="USSLCL00134" duration="00:00:00.0017527" startTime="2012-06-22T16:44:39.7778744-06:00" endTime="2012-06-22T16:44:39.7978756-06:00" testType="13cdc9d9-ddb5-4fa4-a97d-d965ccfc6d4b" outcome="Passed" testListId="8c84fa94-04c1-424b-9868-57a2d4851a1d" relativeResultsDirectory="22489c1f-4d5b-4a4f-8534-86bb08621477">
    </UnitTestResult>
    <UnitTestResult executionId="d8629ca7-6514-421c-a5ab-c10b45ebe617" testId="8c87e582-c187-2428-641f-ac52b8bc8afb" testName="Exercise4o2o8" computerName="USSLCL00134" duration="00:00:00.0047310" startTime="2012-06-22T16:44:39.8108763-06:00" endTime="2012-06-22T16:44:39.8258772-06:00" testType="13cdc9d9-ddb5-4fa4-a97d-d965ccfc6d4b" outcome="Passed" testListId="8c84fa94-04c1-424b-9868-57a2d4851a1d" relativeResultsDirectory="d8629ca7-6514-421c-a5ab-c10b45ebe617">
    </UnitTestResult>
    <UnitTestResult executionId="3d674ad0-0107-4ddb-900c-d547231f0275" testId="7f80f8e7-2e2b-ea96-23b0-2d1d4cb799d4" testName="Exercise4o2o9" computerName="USSLCL00134" duration="00:00:00.0026585" startTime="2012-06-22T16:44:39.8408780-06:00" endTime="2012-06-22T16:44:39.8778802-06:00" testType="13cdc9d9-ddb5-4fa4-a97d-d965ccfc6d4b" outcome="Passed" testListId="8c84fa94-04c1-424b-9868-57a2d4851a1d" relativeResultsDirectory="3d674ad0-0107-4ddb-900c-d547231f0275">
    </UnitTestResult>
    <UnitTestResult executionId="17a57227-9dae-488e-a159-a0b015c66450" testId="acd83d3c-1f09-56f5-c309-c66c3b56b876" testName="Example4o2o7" computerName="USSLCL00134" duration="00:00:00.0022061" startTime="2012-06-22T16:44:39.8888808-06:00" endTime="2012-06-22T16:44:39.9018815-06:00" testType="13cdc9d9-ddb5-4fa4-a97d-d965ccfc6d4b" outcome="Passed" testListId="8c84fa94-04c1-424b-9868-57a2d4851a1d" relativeResultsDirectory="17a57227-9dae-488e-a159-a0b015c66450">
    </UnitTestResult>
    <UnitTestResult executionId="3eec9a43-4054-429a-bb7d-6bf5f4990d0d" testId="5b0b7f1b-1d05-7deb-83d6-f2293e41cb23" testName="VectorConstructorTest" computerName="USSLCL00134" duration="00:00:00.0014331" startTime="2012-06-22T16:44:39.9088819-06:00" endTime="2012-06-22T16:44:39.9198826-06:00" testType="13cdc9d9-ddb5-4fa4-a97d-d965ccfc6d4b" outcome="Passed" testListId="8c84fa94-04c1-424b-9868-57a2d4851a1d" relativeResultsDirectory="3eec9a43-4054-429a-bb7d-6bf5f4990d0d">
    </UnitTestResult>
    <UnitTestResult executionId="b5bb9e72-76f2-498b-af49-7b81257b3324" testId="1aac7064-31c6-c120-9e54-0819977db45a" testName="VectorConstructorTest1" computerName="USSLCL00134" duration="00:00:00.0006440" startTime="2012-06-22T16:44:39.9268830-06:00" endTime="2012-06-22T16:44:39.9388837-06:00" testType="13cdc9d9-ddb5-4fa4-a97d-d965ccfc6d4b" outcome="Passed" testListId="8c84fa94-04c1-424b-9868-57a2d4851a1d" relativeResultsDirectory="b5bb9e72-76f2-498b-af49-7b81257b3324">
    </UnitTestResult>
    <UnitTestResult executionId="ba93bc7f-ae49-4dc7-a3d3-4a79c77e94cb" testId="9c92819f-751b-655e-72f6-604f0653711c" testName="VectorConstructorTest2" computerName="USSLCL00134" duration="00:00:00.0004172" startTime="2012-06-22T16:44:39.9438839-06:00" endTime="2012-06-22T16:44:39.9538845-06:00" testType="13cdc9d9-ddb5-4fa4-a97d-d965ccfc6d4b" outcome="Passed" testListId="8c84fa94-04c1-424b-9868-57a2d4851a1d" relativeResultsDirectory="ba93bc7f-ae49-4dc7-a3d3-4a79c77e94cb">
    </UnitTestResult>
    <UnitTestResult executionId="cdbe9f26-37c0-453b-bbd2-a6b54834c166" testId="bc74a9f0-dfbc-1cfa-6718-f3d2cbf87b3b" testName="EqualsTest" computerName="USSLCL00134" duration="00:00:00.0004784" startTime="2012-06-22T16:44:39.9598849-06:00" endTime="2012-06-22T16:44:39.9708855-06:00" testType="13cdc9d9-ddb5-4fa4-a97d-d965ccfc6d4b" outcome="Passed" testListId="8c84fa94-04c1-424b-9868-57a2d4851a1d" relativeResultsDirectory="cdbe9f26-37c0-453b-bbd2-a6b54834c166">
    </UnitTestResult>
    <UnitTestResult executionId="b4b77d90-d677-4cfb-b007-dd33025e2956" testId="89a43019-9aa1-6b73-f686-b9999e672584" testName="DistanceTest" computerName="USSLCL00134" duration="00:00:00.0123466" startTime="2012-06-22T16:44:39.9788859-06:00" endTime="2012-06-22T16:44:39.9998871-06:00" testType="13cdc9d9-ddb5-4fa4-a97d-d965ccfc6d4b" outcome="Passed" testListId="8c84fa94-04c1-424b-9868-57a2d4851a1d" relativeResultsDirectory="b4b77d90-d677-4cfb-b007-dd33025e2956">
    </UnitTestResult>
    <UnitTestResult executionId="85fdaf2a-24aa-4772-b05b-fa3da04e0363" testId="81ff8154-7b8a-e690-97b4-6435aa07756d" testName="LengthTest" computerName="USSLCL00134" duration="00:00:00.0007625" startTime="2012-06-22T16:44:40.0048874-06:00" endTime="2012-06-22T16:44:40.0158881-06:00" testType="13cdc9d9-ddb5-4fa4-a97d-d965ccfc6d4b" outcome="Passed" testListId="8c84fa94-04c1-424b-9868-57a2d4851a1d" relativeResultsDirectory="85fdaf2a-24aa-4772-b05b-fa3da04e0363">
    </UnitTestResult>
    <UnitTestResult executionId="c5f3f7d2-fe1e-49a7-bc22-213c0fdd7871" testId="a742c746-5181-52e8-23a7-13e7e8c75d0d" testName="ToStringTest" computerName="USSLCL00134" duration="00:00:00.0014886" startTime="2012-06-22T16:44:40.0208883-06:00" endTime="2012-06-22T16:44:40.0328890-06:00" testType="13cdc9d9-ddb5-4fa4-a97d-d965ccfc6d4b" outcome="Passed" testListId="8c84fa94-04c1-424b-9868-57a2d4851a1d" relativeResultsDirectory="c5f3f7d2-fe1e-49a7-bc22-213c0fdd7871">
    </UnitTestResult>
    <UnitTestResult executionId="0edd4073-bf61-4e33-a29b-d88d667b25f1" testId="38b23d36-491d-02f4-07c2-9d3cd23affc3" testName="op_AdditionTest" computerName="USSLCL00134" duration="00:00:00.0031219" startTime="2012-06-22T16:44:40.0378893-06:00" endTime="2012-06-22T16:44:40.0498900-06:00" testType="13cdc9d9-ddb5-4fa4-a97d-d965ccfc6d4b" outcome="Passed" testListId="8c84fa94-04c1-424b-9868-57a2d4851a1d" relativeResultsDirectory="0edd4073-bf61-4e33-a29b-d88d667b25f1">
    </UnitTestResult>
    <UnitTestResult executionId="b4d0c227-7548-40f0-b906-1e09491e7d10" testId="5f6e4234-ae47-44fc-62c5-b75e2f29c018" testName="op_EqualityTest" computerName="USSLCL00134" duration="00:00:00.0034507" startTime="2012-06-22T16:44:40.0558903-06:00" endTime="2012-06-22T16:44:40.0688911-06:00" testType="13cdc9d9-ddb5-4fa4-a97d-d965ccfc6d4b" outcome="Passed" testListId="8c84fa94-04c1-424b-9868-57a2d4851a1d" relativeResultsDirectory="b4d0c227-7548-40f0-b906-1e09491e7d10">
    </UnitTestResult>
    <UnitTestResult executionId="de76b5ce-6f46-4f4c-ae93-cea679696845" testId="353600d6-8f81-a743-8f0c-ac1e5f0cc59e" testName="op_InequalityTest" computerName="USSLCL00134" duration="00:00:00.0005366" startTime="2012-06-22T16:44:40.0738914-06:00" endTime="2012-06-22T16:44:40.0838919-06:00" testType="13cdc9d9-ddb5-4fa4-a97d-d965ccfc6d4b" outcome="Passed" testListId="8c84fa94-04c1-424b-9868-57a2d4851a1d" relativeResultsDirectory="de76b5ce-6f46-4f4c-ae93-cea679696845">
    </UnitTestResult>
    <UnitTestResult executionId="200563fe-2d6d-49e1-9300-f7650c7002fe" testId="30603adb-abfd-1ae1-9190-dbf549cbf25b" testName="op_MultiplyTest" computerName="USSLCL00134" duration="00:00:00.0029914" startTime="2012-06-22T16:44:40.0898923-06:00" endTime="2012-06-22T16:44:40.1028930-06:00" testType="13cdc9d9-ddb5-4fa4-a97d-d965ccfc6d4b" outcome="Passed" testListId="8c84fa94-04c1-424b-9868-57a2d4851a1d" relativeResultsDirectory="200563fe-2d6d-49e1-9300-f7650c7002fe">
    </UnitTestResult>
    <UnitTestResult executionId="dec1c370-536d-4318-8aeb-0e7310d6802f" testId="e58e75f5-82f4-68b3-9174-e83157c210fe" testName="op_MultiplyTest1" computerName="USSLCL00134" duration="00:00:00.0006663" startTime="2012-06-22T16:44:40.1078933-06:00" endTime="2012-06-22T16:44:40.1178939-06:00" testType="13cdc9d9-ddb5-4fa4-a97d-d965ccfc6d4b" outcome="Passed" testListId="8c84fa94-04c1-424b-9868-57a2d4851a1d" relativeResultsDirectory="dec1c370-536d-4318-8aeb-0e7310d6802f">
    </UnitTestResult>
    <UnitTestResult executionId="f86aafe0-1583-4786-873e-0b63d6752188" testId="45e4093b-3343-3a21-e7a7-e836435896d3" testName="op_DotProductTest" computerName="USSLCL00134" duration="00:00:00.0008395" startTime="2012-06-22T16:44:40.1228942-06:00" endTime="2012-06-22T16:44:40.1338948-06:00" testType="13cdc9d9-ddb5-4fa4-a97d-d965ccfc6d4b" outcome="Passed" testListId="8c84fa94-04c1-424b-9868-57a2d4851a1d" relativeResultsDirectory="f86aafe0-1583-4786-873e-0b63d6752188">
    </UnitTestResult>
    <UnitTestResult executionId="a752baad-6796-4cec-ad42-b7bbc5f325ff" testId="ff295562-5e99-9434-0a6c-61d038c92b18" testName="op_SubtractionTest" computerName="USSLCL00134" duration="00:00:00.0007575" startTime="2012-06-22T16:44:40.1398951-06:00" endTime="2012-06-22T16:44:40.1498957-06:00" testType="13cdc9d9-ddb5-4fa4-a97d-d965ccfc6d4b" outcome="Passed" testListId="8c84fa94-04c1-424b-9868-57a2d4851a1d" relativeResultsDirectory="a752baad-6796-4cec-ad42-b7bbc5f325ff">
    </UnitTestResult>
    <UnitTestResult executionId="c23ae166-8fbf-4c65-a94c-6ac79aeb48c0" testId="05b12b43-1783-0ca5-6417-946a728e7bad" testName="GetAngleTest" computerName="USSLCL00134" duration="00:00:00.0015209" startTime="2012-06-22T16:44:40.1558961-06:00" endTime="2012-06-22T16:44:40.1668967-06:00" testType="13cdc9d9-ddb5-4fa4-a97d-d965ccfc6d4b" outcome="Passed" testListId="8c84fa94-04c1-424b-9868-57a2d4851a1d" relativeResultsDirectory="c23ae166-8fbf-4c65-a94c-6ac79aeb48c0">
    </UnitTestResult>
    <UnitTestResult executionId="4d843ce2-0ab7-4f01-b152-95ca69016395" testId="f45ba4d9-1948-fd2a-d93c-c51eacddf456" testName="IsOrthogonalTest" computerName="USSLCL00134" duration="00:00:00.0057781" startTime="2012-06-22T16:44:40.1728970-06:00" endTime="2012-06-22T16:44:40.1878979-06:00" testType="13cdc9d9-ddb5-4fa4-a97d-d965ccfc6d4b" outcome="Passed" testListId="8c84fa94-04c1-424b-9868-57a2d4851a1d" relativeResultsDirectory="4d843ce2-0ab7-4f01-b152-95ca69016395">
    </UnitTestResult>
    <UnitTestResult executionId="7a2d91a9-28fb-4cd0-9265-319dd82d9ca5" testId="8e039ac3-296f-0b32-1467-d43005f9a8c9" testName="op_UnaryNegationTest" computerName="USSLCL00134" duration="00:00:00.0055568" startTime="2012-06-22T16:44:40.1928982-06:00" endTime="2012-06-22T16:44:40.2078990-06:00" testType="13cdc9d9-ddb5-4fa4-a97d-d965ccfc6d4b" outcome="Passed" testListId="8c84fa94-04c1-424b-9868-57a2d4851a1d" relativeResultsDirectory="7a2d91a9-28fb-4cd0-9265-319dd82d9ca5">
    </UnitTestResult>
    <UnitTestResult executionId="0ab8213c-c0c0-4a20-bf7d-86aec4ef5993" testId="8948e81d-4481-f3a6-0a8b-92d5a21b0ed1" testName="Exercise3o1o1" computerName="USSLCL00134" duration="00:00:00.0019671" startTime="2012-06-22T16:44:40.2138994-06:00" endTime="2012-06-22T16:44:40.2259001-06:00" testType="13cdc9d9-ddb5-4fa4-a97d-d965ccfc6d4b" outcome="Passed" testListId="8c84fa94-04c1-424b-9868-57a2d4851a1d" relativeResultsDirectory="0ab8213c-c0c0-4a20-bf7d-86aec4ef5993">
    </UnitTestResult>
    <UnitTestResult executionId="5c34ea30-b772-401e-8cae-db0b30fec825" testId="1683eaf6-b230-9872-7e1d-e1c2509c0be1" testName="Exercise3o1o2" computerName="USSLCL00134" duration="00:00:00.0066254" startTime="2012-06-22T16:44:40.2309004-06:00" endTime="2012-06-22T16:44:40.2469013-06:00" testType="13cdc9d9-ddb5-4fa4-a97d-d965ccfc6d4b" outcome="Passed" testListId="8c84fa94-04c1-424b-9868-57a2d4851a1d" relativeResultsDirectory="5c34ea30-b772-401e-8cae-db0b30fec825">
    </UnitTestResult>
    <UnitTestResult executionId="cf8d75e7-9e6c-425d-8d80-f44041372b62" testId="06c32b76-050d-0c74-e5e5-24e8d789eea7" testName="Exercise3o1o4" computerName="USSLCL00134" duration="00:00:00.0021314" startTime="2012-06-22T16:44:40.2529016-06:00" endTime="2012-06-22T16:44:40.2649023-06:00" testType="13cdc9d9-ddb5-4fa4-a97d-d965ccfc6d4b" outcome="Passed" testListId="8c84fa94-04c1-424b-9868-57a2d4851a1d" relativeResultsDirectory="cf8d75e7-9e6c-425d-8d80-f44041372b62">
    </UnitTestResult>
    <UnitTestResult executionId="e5c8dc7c-c0d4-4753-ba7c-149c8936a3cf" testId="fc5f6b28-8f99-b5ff-6ec9-739c1fd6e416" testName="Example3o2o1" computerName="USSLCL00134" duration="00:00:00.0013296" startTime="2012-06-22T16:44:40.2729028-06:00" endTime="2012-06-22T16:44:40.2839034-06:00" testType="13cdc9d9-ddb5-4fa4-a97d-d965ccfc6d4b" outcome="Passed" testListId="8c84fa94-04c1-424b-9868-57a2d4851a1d" relativeResultsDirectory="e5c8dc7c-c0d4-4753-ba7c-149c8936a3cf">
    </UnitTestResult>
    <UnitTestResult executionId="0aa180e7-7856-4974-9431-2c7d31431314" testId="9cf4c4e1-7186-5bdb-2eef-3b22d03cb6e0" testName="Exercise3o2o1" computerName="USSLCL00134" duration="00:00:00.0013173" startTime="2012-06-22T16:44:40.2889037-06:00" endTime="2012-06-22T16:44:40.3009044-06:00" testType="13cdc9d9-ddb5-4fa4-a97d-d965ccfc6d4b" outcome="Passed" testListId="8c84fa94-04c1-424b-9868-57a2d4851a1d" relativeResultsDirectory="0aa180e7-7856-4974-9431-2c7d31431314">
    </UnitTestResult>
    <UnitTestResult executionId="11bc5544-4e27-4399-8b68-a25a630d03fb" testId="85e31a7a-8f31-96c4-5236-3d22a4f800d8" testName="Exercise3o2o4" computerName="USSLCL00134" duration="00:00:00.0011821" startTime="2012-06-22T16:44:40.3059046-06:00" endTime="2012-06-22T16:44:40.3189054-06:00" testType="13cdc9d9-ddb5-4fa4-a97d-d965ccfc6d4b" outcome="Passed" testListId="8c84fa94-04c1-424b-9868-57a2d4851a1d" relativeResultsDirectory="11bc5544-4e27-4399-8b68-a25a630d03fb">
    </UnitTestResult>
    <UnitTestResult executionId="879f1f16-d744-4459-9192-16e399892f38" testId="aec04687-b925-f293-88d7-b9bf8f00fc28" testName="Exercise3o2o6" computerName="USSLCL00134" duration="00:00:00.0052573" startTime="2012-06-22T16:44:40.3249057-06:00" endTime="2012-06-22T16:44:40.3399066-06:00" testType="13cdc9d9-ddb5-4fa4-a97d-d965ccfc6d4b" outcome="Passed" testListId="8c84fa94-04c1-424b-9868-57a2d4851a1d" relativeResultsDirectory="879f1f16-d744-4459-9192-16e399892f38">
    </UnitTestResult>
    <UnitTestResult executionId="03937e64-74f3-4532-9a78-5613134eacdf" testId="2495be45-e753-45de-32ff-e2c3eb28668d" testName="Exercise3o3o1" computerName="USSLCL00134" duration="00:00:00.0231615" startTime="2012-06-22T16:44:40.3449069-06:00" endTime="2012-06-22T16:44:40.3779088-06:00" testType="13cdc9d9-ddb5-4fa4-a97d-d965ccfc6d4b" outcome="Passed" testListId="8c84fa94-04c1-424b-9868-57a2d4851a1d" relativeResultsDirectory="03937e64-74f3-4532-9a78-5613134eacdf">
    </UnitTestResult>
    <UnitTestResult executionId="39ced09d-827e-47eb-9d1a-bf8a05f26e1b" testId="65483be5-ecd7-0f52-6a6b-f305d0d31089" testName="Exercise3o4o2" computerName="USSLCL00134" duration="00:00:00.0081098" startTime="2012-06-22T16:44:40.3859092-06:00" endTime="2012-06-22T16:44:40.4039103-06:00" testType="13cdc9d9-ddb5-4fa4-a97d-d965ccfc6d4b" outcome="Passed" testListId="8c84fa94-04c1-424b-9868-57a2d4851a1d" relativeResultsDirectory="39ced09d-827e-47eb-9d1a-bf8a05f26e1b">
    </UnitTestResult>
    <UnitTestResult executionId="2f6a70b0-0226-44e8-8414-c0cc015d14b1" testId="2c0938a7-7ed1-e7a6-af0a-563ef75e9dfc" testName="Exercise3o4o3" computerName="USSLCL00134" duration="00:00:00.0021403" startTime="2012-06-22T16:44:40.4119107-06:00" endTime="2012-06-22T16:44:40.4249115-06:00" testType="13cdc9d9-ddb5-4fa4-a97d-d965ccfc6d4b" outcome="Passed" testListId="8c84fa94-04c1-424b-9868-57a2d4851a1d" relativeResultsDirectory="2f6a70b0-0226-44e8-8414-c0cc015d14b1">
    </UnitTestResult>
    <UnitTestResult executionId="bb2dd0cc-e5b1-48a0-b7f6-6134f298fe42" testId="3ab0606d-4843-ff36-b97d-0c79e11782f1" testName="Exercise2o1o1" computerName="USSLCL00134" duration="00:00:00.0008834" startTime="2012-06-22T16:44:40.4359121-06:00" endTime="2012-06-22T16:44:40.4489128-06:00" testType="13cdc9d9-ddb5-4fa4-a97d-d965ccfc6d4b" outcome="Passed" testListId="8c84fa94-04c1-424b-9868-57a2d4851a1d" relativeResultsDirectory="bb2dd0cc-e5b1-48a0-b7f6-6134f298fe42">
    </UnitTestResult>
    <UnitTestResult executionId="d97f86f8-2106-4410-b55c-33497b7e7752" testId="e3655047-245b-e2c7-2c26-19e72f979c1d" testName="TestEquation2o13" computerName="USSLCL00134" duration="00:00:00.0004989" startTime="2012-06-22T16:44:40.4589134-06:00" endTime="2012-06-22T16:44:40.4679139-06:00" testType="13cdc9d9-ddb5-4fa4-a97d-d965ccfc6d4b" outcome="Passed" testListId="8c84fa94-04c1-424b-9868-57a2d4851a1d" relativeResultsDirectory="d97f86f8-2106-4410-b55c-33497b7e7752">
    </UnitTestResult>
    <UnitTestResult executionId="2cac5071-7f1e-4811-8652-5f91be9c26f5" testId="bfd5a48b-9b5c-d7ad-9048-7f444861126c" testName="Exercise2o1o3" computerName="USSLCL00134" duration="00:00:00.0007344" startTime="2012-06-22T16:44:40.4739143-06:00" endTime="2012-06-22T16:44:40.4839148-06:00" testType="13cdc9d9-ddb5-4fa4-a97d-d965ccfc6d4b" outcome="Passed" testListId="8c84fa94-04c1-424b-9868-57a2d4851a1d" relativeResultsDirectory="2cac5071-7f1e-4811-8652-5f91be9c26f5">
    </UnitTestResult>
    <UnitTestResult executionId="b6affd42-26f7-4eab-a246-b397245aa388" testId="7aa98473-1098-0db5-704a-fcb553d21f64" testName="Exercise2o1o4" computerName="USSLCL00134" duration="00:00:00.0005173" startTime="2012-06-22T16:44:40.4919153-06:00" endTime="2012-06-22T16:44:40.5019159-06:00" testType="13cdc9d9-ddb5-4fa4-a97d-d965ccfc6d4b" outcome="Passed" testListId="8c84fa94-04c1-424b-9868-57a2d4851a1d" relativeResultsDirectory="b6affd42-26f7-4eab-a246-b397245aa388">
    </UnitTestResult>
    <UnitTestResult executionId="776d06ad-80cc-43d5-b466-4ca8172457ac" testId="992a5310-7fd9-eb34-e20d-949f0af01a8f" testName="Exercise2o2o1" computerName="USSLCL00134" duration="00:00:00.0004384" startTime="2012-06-22T16:44:40.5079162-06:00" endTime="2012-06-22T16:44:40.5179168-06:00" testType="13cdc9d9-ddb5-4fa4-a97d-d965ccfc6d4b" outcome="Passed" testListId="8c84fa94-04c1-424b-9868-57a2d4851a1d" relativeResultsDirectory="776d06ad-80cc-43d5-b466-4ca8172457ac">
    </UnitTestResult>
    <UnitTestResult executionId="5b2d5d1f-976f-4ff3-a824-c8d831c06138" testId="2b7e328f-6321-4faa-4f85-a74ea89855b4" testName="Exercise2o2o3" computerName="USSLCL00134" duration="00:00:00.0034053" startTime="2012-06-22T16:44:40.5229171-06:00" endTime="2012-06-22T16:44:40.5369179-06:00" testType="13cdc9d9-ddb5-4fa4-a97d-d965ccfc6d4b" outcome="Passed" testListId="8c84fa94-04c1-424b-9868-57a2d4851a1d" relativeResultsDirectory="5b2d5d1f-976f-4ff3-a824-c8d831c06138">
    </UnitTestResult>
    <UnitTestResult executionId="2dbab8e2-bb11-4af6-a298-ecbc12f0af58" testId="afec4393-b7fa-2c17-aed2-743a831c3492" testName="Exercise2o2o5" computerName="USSLCL00134" duration="00:00:00.0023374" startTime="2012-06-22T16:44:40.5419181-06:00" endTime="2012-06-22T16:44:40.5539188-06:00" testType="13cdc9d9-ddb5-4fa4-a97d-d965ccfc6d4b" outcome="Passed" testListId="8c84fa94-04c1-424b-9868-57a2d4851a1d" relativeResultsDirectory="2dbab8e2-bb11-4af6-a298-ecbc12f0af58">
    </UnitTestResult>
    <UnitTestResult executionId="7a8209ad-e1f8-42bc-af68-e60353f8e2ff" testId="183ae838-6eb2-ddd1-fc18-d3ab32673286" testName="Exercise2o2o6" computerName="USSLCL00134" duration="00:00:00.0067444" startTime="2012-06-22T16:44:40.5599192-06:00" endTime="2012-06-22T16:44:40.5759201-06:00" testType="13cdc9d9-ddb5-4fa4-a97d-d965ccfc6d4b" outcome="Passed" testListId="8c84fa94-04c1-424b-9868-57a2d4851a1d" relativeResultsDirectory="7a8209ad-e1f8-42bc-af68-e60353f8e2ff">
    </UnitTestResult>
    <UnitTestResult executionId="5a03eb98-d280-4296-bd8b-b75778dfb28c" testId="0a0f56e1-2426-9c27-75c5-72e83aa4f18c" testName="Exercise2o2o8" computerName="USSLCL00134" duration="00:00:00.0020533" startTime="2012-06-22T16:44:40.5809204-06:00" endTime="2012-06-22T16:44:40.5919210-06:00" testType="13cdc9d9-ddb5-4fa4-a97d-d965ccfc6d4b" outcome="Passed" testListId="8c84fa94-04c1-424b-9868-57a2d4851a1d" relativeResultsDirectory="5a03eb98-d280-4296-bd8b-b75778dfb28c">
    </UnitTestResult>
    <UnitTestResult executionId="c2093dfc-2c98-4114-9d81-84eb98284a61" testId="6ffdc6d3-cefb-3296-5e75-ac13fe3afd03" testName="Exercise2o2o9" computerName="USSLCL00134" duration="00:00:00.0141482" startTime="2012-06-22T16:44:40.5979213-06:00" endTime="2012-06-22T16:44:40.6219227-06:00" testType="13cdc9d9-ddb5-4fa4-a97d-d965ccfc6d4b" outcome="Passed" testListId="8c84fa94-04c1-424b-9868-57a2d4851a1d" relativeResultsDirectory="c2093dfc-2c98-4114-9d81-84eb98284a61">
    </UnitTestResult>
    <UnitTestResult executionId="3bfe08c2-de66-4135-9c60-34d63a5a45f9" testId="2940acf1-9b67-2da0-4ad9-484d74cbdbc9" testName="Example2o3o5" computerName="USSLCL00134" duration="00:00:00.0013254" startTime="2012-06-22T16:44:40.6279231-06:00" endTime="2012-06-22T16:44:40.6389237-06:00" testType="13cdc9d9-ddb5-4fa4-a97d-d965ccfc6d4b" outcome="Passed" testListId="8c84fa94-04c1-424b-9868-57a2d4851a1d" relativeResultsDirectory="3bfe08c2-de66-4135-9c60-34d63a5a45f9">
    </UnitTestResult>
    <UnitTestResult executionId="e68f268f-95b8-4efa-80d6-280fe5dcfe99" testId="f4a6d75b-22de-c9be-71c8-5150c846f601" testName="Example2o3o3" computerName="USSLCL00134" duration="00:00:00.0012430" startTime="2012-06-22T16:44:40.6439240-06:00" endTime="2012-06-22T16:44:40.6549246-06:00" testType="13cdc9d9-ddb5-4fa4-a97d-d965ccfc6d4b" outcome="Passed" testListId="8c84fa94-04c1-424b-9868-57a2d4851a1d" relativeResultsDirectory="e68f268f-95b8-4efa-80d6-280fe5dcfe99">
    </UnitTestResult>
    <UnitTestResult executionId="8eebf405-48a9-4ef5-ba57-9acc9bed05dc" testId="06f73701-65f7-da2b-e94f-6c850186d97a" testName="Exercise2o4o1" computerName="USSLCL00134" duration="00:00:00.0016091" startTime="2012-06-22T16:44:40.6609250-06:00" endTime="2012-06-22T16:44:40.6729256-06:00" testType="13cdc9d9-ddb5-4fa4-a97d-d965ccfc6d4b" outcome="Passed" testListId="8c84fa94-04c1-424b-9868-57a2d4851a1d" relativeResultsDirectory="8eebf405-48a9-4ef5-ba57-9acc9bed05dc">
    </UnitTestResult>
    <UnitTestResult executionId="2cc1f792-f7f3-4f1c-aeeb-b3f850c90ab8" testId="c75fc2ac-fde7-2038-d9a8-d86e951811a0" testName="Exercise2o4o3" computerName="USSLCL00134" duration="00:00:00.0034076" startTime="2012-06-22T16:44:40.6769259-06:00" endTime="2012-06-22T16:44:40.6909267-06:00" testType="13cdc9d9-ddb5-4fa4-a97d-d965ccfc6d4b" outcome="Passed" testListId="8c84fa94-04c1-424b-9868-57a2d4851a1d" relativeResultsDirectory="2cc1f792-f7f3-4f1c-aeeb-b3f850c90ab8">
    </UnitTestResult>
    <UnitTestResult executionId="5116a8aa-799c-4559-9a1d-30b16866e978" testId="cf3f4348-6cc3-43d1-c760-65208684009c" testName="Exercise2o4o5" computerName="USSLCL00134" duration="00:00:00.0016437" startTime="2012-06-22T16:44:40.6969270-06:00" endTime="2012-06-22T16:44:40.7079276-06:00" testType="13cdc9d9-ddb5-4fa4-a97d-d965ccfc6d4b" outcome="Passed" testListId="8c84fa94-04c1-424b-9868-57a2d4851a1d" relativeResultsDirectory="5116a8aa-799c-4559-9a1d-30b16866e978">
    </UnitTestResult>
    <UnitTestResult executionId="73416220-4eb9-442d-bba5-7765985a3567" testId="70b0a96d-aaac-2125-44fa-4f6d63eb62a7" testName="Exercise2o4o6" computerName="USSLCL00134" duration="00:00:00.0009473" startTime="2012-06-22T16:44:40.7129279-06:00" endTime="2012-06-22T16:44:40.7239286-06:00" testType="13cdc9d9-ddb5-4fa4-a97d-d965ccfc6d4b" outcome="Passed" testListId="8c84fa94-04c1-424b-9868-57a2d4851a1d" relativeResultsDirectory="73416220-4eb9-442d-bba5-7765985a3567">
    </UnitTestResult>
    <UnitTestResult executionId="22071ba6-6c6c-4307-a32b-069f49a4bbca" testId="704f985a-5aa6-9a9c-79d7-6d97e84b7f0f" testName="Exercise2o4o7" computerName="USSLCL00134" duration="00:00:00.0006513" startTime="2012-06-22T16:44:40.7489300-06:00" endTime="2012-06-22T16:44:40.7589306-06:00" testType="13cdc9d9-ddb5-4fa4-a97d-d965ccfc6d4b" outcome="Passed" testListId="8c84fa94-04c1-424b-9868-57a2d4851a1d" relativeResultsDirectory="22071ba6-6c6c-4307-a32b-069f49a4bbca">
    </UnitTestResult>
    <UnitTestResult executionId="06c2ce70-c739-43ea-9ec5-f67de36ff9be" testId="df9d4979-ebf4-48fa-eaa6-d378215805ce" testName="Exercise2o4o8" computerName="USSLCL00134" duration="00:00:00.0010374" startTime="2012-06-22T16:44:40.7799318-06:00" endTime="2012-06-22T16:44:40.7899323-06:00" testType="13cdc9d9-ddb5-4fa4-a97d-d965ccfc6d4b" outcome="Passed" testListId="8c84fa94-04c1-424b-9868-57a2d4851a1d" relativeResultsDirectory="06c2ce70-c739-43ea-9ec5-f67de36ff9be">
    </UnitTestResult>
    <UnitTestResult executionId="80f4f035-2901-4359-bcea-a32539f08cfb" testId="715ebd6e-8b82-0185-36f5-00ae9c6bc485" testName="Exercise2o5o1" computerName="USSLCL00134" duration="00:00:00.0016437" startTime="2012-06-22T16:44:40.8139337-06:00" endTime="2012-06-22T16:44:40.8309347-06:00" testType="13cdc9d9-ddb5-4fa4-a97d-d965ccfc6d4b" outcome="Passed" testListId="8c84fa94-04c1-424b-9868-57a2d4851a1d" relativeResultsDirectory="80f4f035-2901-4359-bcea-a32539f08cfb">
    </UnitTestResult>
    <UnitTestResult executionId="e662319b-fd9f-4962-beaa-84de02902d7d" testId="bfd8552d-cec2-9ab5-c397-fd0fb67479e8" testName="Exercise2o6o1" computerName="USSLCL00134" duration="00:00:00.0007491" startTime="2012-06-22T16:44:40.8539360-06:00" endTime="2012-06-22T16:44:40.8639366-06:00" testType="13cdc9d9-ddb5-4fa4-a97d-d965ccfc6d4b" outcome="Passed" testListId="8c84fa94-04c1-424b-9868-57a2d4851a1d" relativeResultsDirectory="e662319b-fd9f-4962-beaa-84de02902d7d">
    </UnitTestResult>
    <UnitTestResult executionId="1a910b5c-e5fe-42e0-9ff1-e8a5ee41d4ec" testId="ee944308-05a6-64ab-5bf9-f0a0e7c8737a" testName="Exercise2o6o5" computerName="USSLCL00134" duration="00:00:00.0155802" startTime="2012-06-22T16:44:40.8689368-06:00" endTime="2012-06-22T16:44:40.8989386-06:00" testType="13cdc9d9-ddb5-4fa4-a97d-d965ccfc6d4b" outcome="Passed" testListId="8c84fa94-04c1-424b-9868-57a2d4851a1d" relativeResultsDirectory="1a910b5c-e5fe-42e0-9ff1-e8a5ee41d4ec">
    </UnitTestResult>
    <UnitTestResult executionId="bd09aad9-4ed3-4f77-ad17-8e9fc35106ec" testId="0627374f-baab-d288-a8a5-3146f1936a2d" testName="Exercise2o6o6" computerName="USSLCL00134" duration="00:00:00.0044547" startTime="2012-06-22T16:44:40.9139394-06:00" endTime="2012-06-22T16:44:40.9309404-06:00" testType="13cdc9d9-ddb5-4fa4-a97d-d965ccfc6d4b" outcome="Passed" testListId="8c84fa94-04c1-424b-9868-57a2d4851a1d" relativeResultsDirectory="bd09aad9-4ed3-4f77-ad17-8e9fc35106ec">
    </UnitTestResult>
    <UnitTestResult executionId="9eceba84-4a13-4e8d-b1c4-972409773ddc" testId="f1d86270-c9d8-c961-65be-24cc50d1fc4b" testName="Exercise2o6o8" computerName="USSLCL00134" duration="00:00:00.0032166" startTime="2012-06-22T16:44:40.9439411-06:00" endTime="2012-06-22T16:44:40.9579419-06:00" testType="13cdc9d9-ddb5-4fa4-a97d-d965ccfc6d4b" outcome="Passed" testListId="8c84fa94-04c1-424b-9868-57a2d4851a1d" relativeResultsDirectory="9eceba84-4a13-4e8d-b1c4-972409773ddc">
    </UnitTestResult>
    <UnitTestResult executionId="76d6d623-da5e-44b5-af18-480a65397321" testId="9c8a3a37-92aa-2f07-2535-a6f269371959" testName="Exercise2o6o9" computerName="USSLCL00134" duration="00:00:00.0055114" startTime="2012-06-22T16:44:40.9659424-06:00" endTime="2012-06-22T16:44:40.9819433-06:00" testType="13cdc9d9-ddb5-4fa4-a97d-d965ccfc6d4b" outcome="Passed" testListId="8c84fa94-04c1-424b-9868-57a2d4851a1d" relativeResultsDirectory="76d6d623-da5e-44b5-af18-480a65397321">
    </UnitTestResult>
    <UnitTestResult executionId="189b7fc7-4ea3-4729-8d2b-8fa4dc7e56e3" testId="3aefb9d4-9cc0-272d-dc50-69446f55302e" testName="Exercise2o7o1" computerName="USSLCL00134" duration="00:00:00.0021919" startTime="2012-06-22T16:44:40.9859435-06:00" endTime="2012-06-22T16:44:40.9999443-06:00" testType="13cdc9d9-ddb5-4fa4-a97d-d965ccfc6d4b" outcome="Passed" testListId="8c84fa94-04c1-424b-9868-57a2d4851a1d" relativeResultsDirectory="189b7fc7-4ea3-4729-8d2b-8fa4dc7e56e3">
    </UnitTestResult>
    <UnitTestResult executionId="a4b66bd1-da6e-48f3-aba2-9058d6ab9d42" testId="fcfa95f2-720f-8082-c577-4f9e22c76102" testName="Exercise2o7o3" computerName="USSLCL00134" duration="00:00:00.0106236" startTime="2012-06-22T16:44:41.0049446-06:00" endTime="2012-06-22T16:44:41.0249458-06:00" testType="13cdc9d9-ddb5-4fa4-a97d-d965ccfc6d4b" outcome="Passed" testListId="8c84fa94-04c1-424b-9868-57a2d4851a1d" relativeResultsDirectory="a4b66bd1-da6e-48f3-aba2-9058d6ab9d42">
    </UnitTestResult>
    <UnitTestResult executionId="e52601c9-c1fa-4227-8e3f-580076eea6ea" testId="ae083652-0bf7-c673-dce4-870a432603ee" testName="Exercise2o7o4" computerName="USSLCL00134" duration="00:00:00.0019132" startTime="2012-06-22T16:44:41.0309461-06:00" endTime="2012-06-22T16:44:41.0429468-06:00" testType="13cdc9d9-ddb5-4fa4-a97d-d965ccfc6d4b" outcome="Passed" testListId="8c84fa94-04c1-424b-9868-57a2d4851a1d" relativeResultsDirectory="e52601c9-c1fa-4227-8e3f-580076eea6ea">
    </UnitTestResult>
    <UnitTestResult executionId="e9bbc181-38b8-4c0a-b978-70e13d762c01" testId="c028a664-47e7-d1e0-a29b-c2782421ecca" testName="Exercise2o7o5" computerName="USSLCL00134" duration="00:00:00.0019567" startTime="2012-06-22T16:44:41.0479471-06:00" endTime="2012-06-22T16:44:41.0599478-06:00" testType="13cdc9d9-ddb5-4fa4-a97d-d965ccfc6d4b" outcome="Passed" testListId="8c84fa94-04c1-424b-9868-57a2d4851a1d" relativeResultsDirectory="e9bbc181-38b8-4c0a-b978-70e13d762c01">
    </UnitTestResult>
    <UnitTestResult executionId="d02bed40-5015-4cc3-af82-47258506bffd" testId="b02641ef-4dbb-1d38-fc9f-e1bd29220c37" testName="Exercise2o7o7" computerName="USSLCL00134" duration="00:00:00.0024829" startTime="2012-06-22T16:44:41.0649481-06:00" endTime="2012-06-22T16:44:41.0769487-06:00" testType="13cdc9d9-ddb5-4fa4-a97d-d965ccfc6d4b" outcome="Passed" testListId="8c84fa94-04c1-424b-9868-57a2d4851a1d" relativeResultsDirectory="d02bed40-5015-4cc3-af82-47258506bffd">
    </UnitTestResult>
    <UnitTestResult executionId="9e75102a-2f01-43cb-b3be-d2442a0474e9" testId="f2c9598d-6c11-6ff1-ac6e-8c319ed45aad" testName="Exercise2o7o9" computerName="USSLCL00134" duration="00:00:00.0015402" startTime="2012-06-22T16:44:41.0839491-06:00" endTime="2012-06-22T16:44:41.0949498-06:00" testType="13cdc9d9-ddb5-4fa4-a97d-d965ccfc6d4b" outcome="Passed" testListId="8c84fa94-04c1-424b-9868-57a2d4851a1d" relativeResultsDirectory="9e75102a-2f01-43cb-b3be-d2442a0474e9">
    </UnitTestResult>
    <UnitTestResult executionId="c9fb0dad-13c0-4cf1-b594-71ff69bac419" testId="c93ffe48-5243-dfb2-8a93-461c879cf606" testName="ZeroTest" computerName="USSLCL00134" duration="00:00:00.0003433" startTime="2012-06-22T16:44:41.1189511-06:00" endTime="2012-06-22T16:44:41.1289517-06:00" testType="13cdc9d9-ddb5-4fa4-a97d-d965ccfc6d4b" outcome="Passed" testListId="8c84fa94-04c1-424b-9868-57a2d4851a1d" relativeResultsDirectory="c9fb0dad-13c0-4cf1-b594-71ff69bac419">
    </UnitTestResult>
    <UnitTestResult executionId="7856e359-10f5-419c-b30c-07d67318ad03" testId="bc5ed1ac-46cb-3ce7-5958-bc8141b19b62" testName="OneTest" computerName="USSLCL00134" duration="00:00:00.0003995" startTime="2012-06-22T16:44:41.1339520-06:00" endTime="2012-06-22T16:44:41.1429525-06:00" testType="13cdc9d9-ddb5-4fa4-a97d-d965ccfc6d4b" outcome="Passed" testListId="8c84fa94-04c1-424b-9868-57a2d4851a1d" relativeResultsDirectory="7856e359-10f5-419c-b30c-07d67318ad03">
    </UnitTestResult>
    <UnitTestResult executionId="d4731a56-7b2a-4ee1-90ed-ad7f5116a6c6" testId="e817df08-1352-7924-6f37-9159ad0539e6" testName="NegativeOneTest" computerName="USSLCL00134" duration="00:00:00.0003618" startTime="2012-06-22T16:44:41.1479528-06:00" endTime="2012-06-22T16:44:41.1579534-06:00" testType="13cdc9d9-ddb5-4fa4-a97d-d965ccfc6d4b" outcome="Passed" testListId="8c84fa94-04c1-424b-9868-57a2d4851a1d" relativeResultsDirectory="d4731a56-7b2a-4ee1-90ed-ad7f5116a6c6">
    </UnitTestResult>
    <UnitTestResult executionId="6087f172-bda7-46e3-81c0-0c0fda72bc2d" testId="2705846c-0b46-907b-6d14-254e6bc6494a" testName="NegativeITest" computerName="USSLCL00134" duration="00:00:00.0003383" startTime="2012-06-22T16:44:41.1629537-06:00" endTime="2012-06-22T16:44:41.1739543-06:00" testType="13cdc9d9-ddb5-4fa4-a97d-d965ccfc6d4b" outcome="Passed" testListId="8c84fa94-04c1-424b-9868-57a2d4851a1d" relativeResultsDirectory="6087f172-bda7-46e3-81c0-0c0fda72bc2d">
    </UnitTestResult>
    <UnitTestResult executionId="d4997507-6eaf-4919-b6f8-3d95e4784ad1" testId="c184168b-7b90-1c26-9870-9e31f6f1dde3" testName="RealTest" computerName="USSLCL00134" duration="00:00:00.0003553" startTime="2012-06-22T16:44:41.1799546-06:00" endTime="2012-06-22T16:44:41.1899552-06:00" testType="13cdc9d9-ddb5-4fa4-a97d-d965ccfc6d4b" outcome="Passed" testListId="8c84fa94-04c1-424b-9868-57a2d4851a1d" relativeResultsDirectory="d4997507-6eaf-4919-b6f8-3d95e4784ad1">
    </UnitTestResult>
    <UnitTestResult executionId="7f3dfa3d-38dc-4393-a9c2-3a7b8f9d5b82" testId="f2fd9c40-ebed-2a46-34fc-5586a484fe11" testName="ImaginaryTest" computerName="USSLCL00134" duration="00:00:00.0002787" startTime="2012-06-22T16:44:41.1949555-06:00" endTime="2012-06-22T16:44:41.2049561-06:00" testType="13cdc9d9-ddb5-4fa4-a97d-d965ccfc6d4b" outcome="Passed" testListId="8c84fa94-04c1-424b-9868-57a2d4851a1d" relativeResultsDirectory="7f3dfa3d-38dc-4393-a9c2-3a7b8f9d5b82">
    </UnitTestResult>
    <UnitTestResult executionId="a2dbca6c-a889-40f8-ace8-068ccd5e2388" testId="48d6f10d-3141-2ae9-4d33-c4a338f334ee" testName="ITest" computerName="USSLCL00134" duration="00:00:00.0002636" startTime="2012-06-22T16:44:41.2099564-06:00" endTime="2012-06-22T16:44:41.2199569-06:00" testType="13cdc9d9-ddb5-4fa4-a97d-d965ccfc6d4b" outcome="Passed" testListId="8c84fa94-04c1-424b-9868-57a2d4851a1d" relativeResultsDirectory="a2dbca6c-a889-40f8-ace8-068ccd5e2388">
    </UnitTestResult>
    <UnitTestResult executionId="46649f8e-bdc8-458d-a289-2385882557af" testId="728da468-f507-e742-b2ad-f61f3c2f234c" testName="op_AdditionTest" computerName="USSLCL00134" duration="00:00:00.0004484" startTime="2012-06-22T16:44:41.2279574-06:00" endTime="2012-06-22T16:44:41.2379580-06:00" testType="13cdc9d9-ddb5-4fa4-a97d-d965ccfc6d4b" outcome="Passed" testListId="8c84fa94-04c1-424b-9868-57a2d4851a1d" relativeResultsDirectory="46649f8e-bdc8-458d-a289-2385882557af">
    </UnitTestResult>
    <UnitTestResult executionId="a0a24c90-ced4-4980-aa2f-7fa8626b2ea7" testId="e6cae91e-3af9-1d6d-3935-2160925e38e7" testName="ToStringTest" computerName="USSLCL00134" duration="00:00:00.0005920" startTime="2012-06-22T16:44:41.2429582-06:00" endTime="2012-06-22T16:44:41.2539589-06:00" testType="13cdc9d9-ddb5-4fa4-a97d-d965ccfc6d4b" outcome="Passed" testListId="8c84fa94-04c1-424b-9868-57a2d4851a1d" relativeResultsDirectory="a0a24c90-ced4-4980-aa2f-7fa8626b2ea7">
    </UnitTestResult>
    <UnitTestResult executionId="c500339b-ebbe-436d-a678-6a5837e2fd67" testId="a2a281b6-476e-eb5a-45e5-afa89a5fb8b5" testName="op_MultiplyTest" computerName="USSLCL00134" duration="00:00:00.0005639" startTime="2012-06-22T16:44:41.2589592-06:00" endTime="2012-06-22T16:44:41.2689597-06:00" testType="13cdc9d9-ddb5-4fa4-a97d-d965ccfc6d4b" outcome="Passed" testListId="8c84fa94-04c1-424b-9868-57a2d4851a1d" relativeResultsDirectory="c500339b-ebbe-436d-a678-6a5837e2fd67">
    </UnitTestResult>
    <UnitTestResult executionId="91572d5c-109a-4792-badd-fb131451ca57" testId="8071e8fe-9b4b-2580-cbc1-7f7b5fdb3e47" testName="op_DivisionTest" computerName="USSLCL00134" duration="00:00:00.0008145" startTime="2012-06-22T16:44:41.2739600-06:00" endTime="2012-06-22T16:44:41.2869608-06:00" testType="13cdc9d9-ddb5-4fa4-a97d-d965ccfc6d4b" outcome="Passed" testListId="8c84fa94-04c1-424b-9868-57a2d4851a1d" relativeResultsDirectory="91572d5c-109a-4792-badd-fb131451ca57">
    </UnitTestResult>
    <UnitTestResult executionId="112ab03b-f73a-475e-a856-e35d3f7d0053" testId="85bc1fba-aa1e-c1ef-9000-a508e9350978" testName="ModulusTest" computerName="USSLCL00134" duration="00:00:00.0003599" startTime="2012-06-22T16:44:41.2919610-06:00" endTime="2012-06-22T16:44:41.3029617-06:00" testType="13cdc9d9-ddb5-4fa4-a97d-d965ccfc6d4b" outcome="Passed" testListId="8c84fa94-04c1-424b-9868-57a2d4851a1d" relativeResultsDirectory="112ab03b-f73a-475e-a856-e35d3f7d0053">
    </UnitTestResult>
    <UnitTestResult executionId="19ea19e5-26b5-43b5-a3b5-35cbba447d45" testId="d1e32dc2-f33f-5363-4a8c-0ea170a9c822" testName="ConjugateTest" computerName="USSLCL00134" duration="00:00:00.0002640" startTime="2012-06-22T16:44:41.3099621-06:00" endTime="2012-06-22T16:44:41.3199626-06:00" testType="13cdc9d9-ddb5-4fa4-a97d-d965ccfc6d4b" outcome="Passed" testListId="8c84fa94-04c1-424b-9868-57a2d4851a1d" relativeResultsDirectory="19ea19e5-26b5-43b5-a3b5-35cbba447d45">
    </UnitTestResult>
    <UnitTestResult executionId="842e36db-bc16-4c60-a04e-32de3cb0cb54" testId="aaa025c4-539f-dc62-f50b-af3c4325c449" testName="GetAngleTest" computerName="USSLCL00134" duration="00:00:00.0005393" startTime="2012-06-22T16:44:41.3259630-06:00" endTime="2012-06-22T16:44:41.3369636-06:00" testType="13cdc9d9-ddb5-4fa4-a97d-d965ccfc6d4b" outcome="Passed" testListId="8c84fa94-04c1-424b-9868-57a2d4851a1d" relativeResultsDirectory="842e36db-bc16-4c60-a04e-32de3cb0cb54">
    </UnitTestResult>
    <UnitTestResult executionId="471b7202-a6a2-45dc-b66e-ef4c8fcd83e3" testId="9e43b977-3c91-5be2-de15-4f95a8e1f8c7" testName="GetAngleDegreesTest" computerName="USSLCL00134" duration="00:00:00.0005447" startTime="2012-06-22T16:44:41.3419639-06:00" endTime="2012-06-22T16:44:41.3519645-06:00" testType="13cdc9d9-ddb5-4fa4-a97d-d965ccfc6d4b" outcome="Passed" testListId="8c84fa94-04c1-424b-9868-57a2d4851a1d" relativeResultsDirectory="471b7202-a6a2-45dc-b66e-ef4c8fcd83e3">
    </UnitTestResult>
    <UnitTestResult executionId="133d8c83-9e8f-487e-a660-17c1b3115b81" testId="5783bddb-fec7-d995-a012-a4ea9e07bdbd" testName="SetPolarCoordinatesTest" computerName="USSLCL00134" duration="00:00:00.0007021" startTime="2012-06-22T16:44:41.3579648-06:00" endTime="2012-06-22T16:44:41.3669653-06:00" testType="13cdc9d9-ddb5-4fa4-a97d-d965ccfc6d4b" outcome="Passed" testListId="8c84fa94-04c1-424b-9868-57a2d4851a1d" relativeResultsDirectory="133d8c83-9e8f-487e-a660-17c1b3115b81">
    </UnitTestResult>
    <UnitTestResult executionId="3ecb0cde-689a-4967-ac40-2fef2f19adcd" testId="7f3420a7-c01c-ee16-8a61-460ee76e48af" testName="SetCartesianCoordinatesTest" computerName="USSLCL00134" duration="00:00:00.0005042" startTime="2012-06-22T16:44:41.3729657-06:00" endTime="2012-06-22T16:44:41.3829662-06:00" testType="13cdc9d9-ddb5-4fa4-a97d-d965ccfc6d4b" outcome="Passed" testListId="8c84fa94-04c1-424b-9868-57a2d4851a1d" relativeResultsDirectory="3ecb0cde-689a-4967-ac40-2fef2f19adcd">
    </UnitTestResult>
    <UnitTestResult executionId="86a0785a-2dce-4ea4-9e21-b6ec02d54094" testId="cad52bb7-add3-40f2-d3bf-b3532e5f7a63" testName="DivideTest" computerName="USSLCL00134" duration="00:00:00.0006051" startTime="2012-06-22T16:44:41.3889666-06:00" endTime="2012-06-22T16:44:41.3999672-06:00" testType="13cdc9d9-ddb5-4fa4-a97d-d965ccfc6d4b" outcome="Passed" testListId="8c84fa94-04c1-424b-9868-57a2d4851a1d" relativeResultsDirectory="86a0785a-2dce-4ea4-9e21-b6ec02d54094">
    </UnitTestResult>
    <UnitTestResult executionId="f7c9efa1-3775-42da-954b-eac566296b8b" testId="2461313c-95d1-07bf-c932-ab214f8a619b" testName="op_PowerTest" computerName="USSLCL00134" duration="00:00:00.0004450" startTime="2012-06-22T16:44:41.4049675-06:00" endTime="2012-06-22T16:44:41.4149681-06:00" testType="13cdc9d9-ddb5-4fa4-a97d-d965ccfc6d4b" outcome="Passed" testListId="8c84fa94-04c1-424b-9868-57a2d4851a1d" relativeResultsDirectory="f7c9efa1-3775-42da-954b-eac566296b8b">
    </UnitTestResult>
    <UnitTestResult executionId="31b0ab79-a03b-4ed0-a293-76fbb9b185d2" testId="b88b9ca8-ba65-70cd-81ce-345ab5fb1d53" testName="RootTest" computerName="USSLCL00134" duration="00:00:00.0005366" startTime="2012-06-22T16:44:41.4199684-06:00" endTime="2012-06-22T16:44:41.4309690-06:00" testType="13cdc9d9-ddb5-4fa4-a97d-d965ccfc6d4b" outcome="Passed" testListId="8c84fa94-04c1-424b-9868-57a2d4851a1d" relativeResultsDirectory="31b0ab79-a03b-4ed0-a293-76fbb9b185d2">
    </UnitTestResult>
    <UnitTestResult executionId="c778afd9-22b0-40fc-8c29-1e5b7562e2cb" testId="fb89f0d9-b250-f580-809f-a6350fa8fd66" testName="PolarCoordinatesTest" computerName="USSLCL00134" duration="00:00:00.0004792" startTime="2012-06-22T16:44:41.4569705-06:00" endTime="2012-06-22T16:44:41.4679711-06:00" testType="13cdc9d9-ddb5-4fa4-a97d-d965ccfc6d4b" outcome="Passed" testListId="8c84fa94-04c1-424b-9868-57a2d4851a1d" relativeResultsDirectory="c778afd9-22b0-40fc-8c29-1e5b7562e2cb">
    </UnitTestResult>
    <UnitTestResult executionId="3e9539c9-7bd4-4a32-b6c4-bf1e98856033" testId="33874d17-d7f8-330a-d70a-23c0ca497170" testName="CartesianCoordinatesTest" computerName="USSLCL00134" duration="00:00:00.0006551" startTime="2012-06-22T16:44:41.4859721-06:00" endTime="2012-06-22T16:44:41.4989729-06:00" testType="13cdc9d9-ddb5-4fa4-a97d-d965ccfc6d4b" outcome="Passed" testListId="8c84fa94-04c1-424b-9868-57a2d4851a1d" relativeResultsDirectory="3e9539c9-7bd4-4a32-b6c4-bf1e98856033">
    </UnitTestResult>
    <UnitTestResult executionId="f5a6881e-44f2-4053-9146-1463416c691a" testId="64c1c071-8523-ad97-417a-c762f98be0b4" testName="ExponentialFormTest" computerName="USSLCL00134" duration="00:00:00.0004696" startTime="2012-06-22T16:44:41.5129737-06:00" endTime="2012-06-22T16:44:41.5259744-06:00" testType="13cdc9d9-ddb5-4fa4-a97d-d965ccfc6d4b" outcome="Passed" testListId="8c84fa94-04c1-424b-9868-57a2d4851a1d" relativeResultsDirectory="f5a6881e-44f2-4053-9146-1463416c691a">
    </UnitTestResult>
    <UnitTestResult executionId="7132801f-7f1e-4531-90ee-2bee7b043f32" testId="7892f007-71df-5c3b-ebcf-6ef2c37fadc0" testName="op_SubtractionTest" computerName="USSLCL00134" duration="00:00:00.0004438" startTime="2012-06-22T16:44:41.5389752-06:00" endTime="2012-06-22T16:44:41.5499758-06:00" testType="13cdc9d9-ddb5-4fa4-a97d-d965ccfc6d4b" outcome="Passed" testListId="8c84fa94-04c1-424b-9868-57a2d4851a1d" relativeResultsDirectory="7132801f-7f1e-4531-90ee-2bee7b043f32">
    </UnitTestResult>
    <UnitTestResult executionId="05846f4b-812a-43c8-a044-0269a551e218" testId="a250f3fb-9de6-3396-c0f7-a3dadfe0ee2c" testName="op_MultiplyTest1" computerName="USSLCL00134" duration="00:00:00.0002725" startTime="2012-06-22T16:44:41.5559761-06:00" endTime="2012-06-22T16:44:41.5689769-06:00" testType="13cdc9d9-ddb5-4fa4-a97d-d965ccfc6d4b" outcome="Passed" testListId="8c84fa94-04c1-424b-9868-57a2d4851a1d" relativeResultsDirectory="05846f4b-812a-43c8-a044-0269a551e218">
    </UnitTestResult>
    <UnitTestResult executionId="a39e243f-944f-4228-9484-8850b08b63ac" testId="6453b38b-95cb-b6aa-9375-25acdc4c2487" testName="op_MultiplyTest2" computerName="USSLCL00134" duration="00:00:00.0002621" startTime="2012-06-22T16:44:41.5749772-06:00" endTime="2012-06-22T16:44:41.5859779-06:00" testType="13cdc9d9-ddb5-4fa4-a97d-d965ccfc6d4b" outcome="Passed" testListId="8c84fa94-04c1-424b-9868-57a2d4851a1d" relativeResultsDirectory="a39e243f-944f-4228-9484-8850b08b63ac">
    </UnitTestResult>
    <UnitTestResult executionId="b1d76a8f-b1db-4739-9d9e-917ea7bc6125" testId="7f620adb-a555-cf8e-6039-9aba1a009772" testName="InnerProductTest" computerName="USSLCL00134" duration="00:00:00.0004211" startTime="2012-06-22T16:44:41.5919782-06:00" endTime="2012-06-22T16:44:41.6029788-06:00" testType="13cdc9d9-ddb5-4fa4-a97d-d965ccfc6d4b" outcome="Passed" testListId="8c84fa94-04c1-424b-9868-57a2d4851a1d" relativeResultsDirectory="b1d76a8f-b1db-4739-9d9e-917ea7bc6125">
    </UnitTestResult>
    <UnitTestResult executionId="173ba7c9-ebcf-45db-a542-c98ab8a53290" testId="2c5f1bbd-c340-38e3-42f3-b2209263335f" testName="Exercise1o2o3" computerName="USSLCL00134" duration="00:00:00.0004288" startTime="2012-06-22T16:44:41.6089792-06:00" endTime="2012-06-22T16:44:41.6189797-06:00" testType="13cdc9d9-ddb5-4fa4-a97d-d965ccfc6d4b" outcome="Passed" testListId="8c84fa94-04c1-424b-9868-57a2d4851a1d" relativeResultsDirectory="173ba7c9-ebcf-45db-a542-c98ab8a53290">
    </UnitTestResult>
    <UnitTestResult executionId="9d11c850-44f8-408c-bf8b-5ac2ef26d000" testId="afbb9659-a5fc-9266-3d62-d7f0d8dcbab6" testName="Exercise1o2o4" computerName="USSLCL00134" duration="00:00:00.0003356" startTime="2012-06-22T16:44:41.6279803-06:00" endTime="2012-06-22T16:44:41.6379808-06:00" testType="13cdc9d9-ddb5-4fa4-a97d-d965ccfc6d4b" outcome="Passed" testListId="8c84fa94-04c1-424b-9868-57a2d4851a1d" relativeResultsDirectory="9d11c850-44f8-408c-bf8b-5ac2ef26d000">
    </UnitTestResult>
    <UnitTestResult executionId="2973431d-4725-4ced-bc57-885ab69f0748" testId="511a4f61-ce89-55d2-60bf-217e67e9f532" testName="Exercise1o2o12" computerName="USSLCL00134" duration="00:00:00.0003379" startTime="2012-06-22T16:44:41.6459813-06:00" endTime="2012-06-22T16:44:41.6559819-06:00" testType="13cdc9d9-ddb5-4fa4-a97d-d965ccfc6d4b" outcome="Passed" testListId="8c84fa94-04c1-424b-9868-57a2d4851a1d" relativeResultsDirectory="2973431d-4725-4ced-bc57-885ab69f0748">
    </UnitTestResult>
    <UnitTestResult executionId="e9436fe6-bee7-47bd-b4af-84754314b226" testId="69c0b0c9-79e3-762b-51b3-d77e96aed020" testName="Exercise1o3o2" computerName="USSLCL00134" duration="00:00:00.0004153" startTime="2012-06-22T16:44:41.6609822-06:00" endTime="2012-06-22T16:44:41.6709827-06:00" testType="13cdc9d9-ddb5-4fa4-a97d-d965ccfc6d4b" outcome="Passed" testListId="8c84fa94-04c1-424b-9868-57a2d4851a1d" relativeResultsDirectory="e9436fe6-bee7-47bd-b4af-84754314b226">
    </UnitTestResult>
    <UnitTestResult executionId="080d5a71-85f0-48f5-bcad-1f2527d2ad43" testId="70274760-027a-23e7-88b1-7688da4db4eb" testName="Exercise1o3o3" computerName="USSLCL00134" duration="00:00:00.0002521" startTime="2012-06-22T16:44:41.6779831-06:00" endTime="2012-06-22T16:44:41.6879837-06:00" testType="13cdc9d9-ddb5-4fa4-a97d-d965ccfc6d4b" outcome="Passed" testListId="8c84fa94-04c1-424b-9868-57a2d4851a1d" relativeResultsDirectory="080d5a71-85f0-48f5-bcad-1f2527d2ad43">
    </UnitTestResult>
    <UnitTestResult executionId="aaab71a8-e3d8-4ce1-8f23-5ed6c16ac16e" testId="07679b95-0c77-33dd-c8d5-e1376510063a" testName="Exercise1o3o4" computerName="USSLCL00134" duration="00:00:00.0005181" startTime="2012-06-22T16:44:41.6959842-06:00" endTime="2012-06-22T16:44:41.7069848-06:00" testType="13cdc9d9-ddb5-4fa4-a97d-d965ccfc6d4b" outcome="Passed" testListId="8c84fa94-04c1-424b-9868-57a2d4851a1d" relativeResultsDirectory="aaab71a8-e3d8-4ce1-8f23-5ed6c16ac16e">
    </UnitTestResult>
    <UnitTestResult executionId="498aa84e-4b29-4aed-87ca-7a49a1eed943" testId="b3de0653-64d2-8615-b480-d5f14ca81853" testName="Exercise1o3o7" computerName="USSLCL00134" duration="00:00:00.0002844" startTime="2012-06-22T16:44:41.7129851-06:00" endTime="2012-06-22T16:44:41.7219856-06:00" testType="13cdc9d9-ddb5-4fa4-a97d-d965ccfc6d4b" outcome="Passed" testListId="8c84fa94-04c1-424b-9868-57a2d4851a1d" relativeResultsDirectory="498aa84e-4b29-4aed-87ca-7a49a1eed943">
    </UnitTestResult>
    <UnitTestResult executionId="298b7c1d-bc18-4043-8cd3-7b708217c7b9" testId="4d151c41-de40-a77d-9114-a00800a2f22f" testName="Exercise1o3o8" computerName="USSLCL00134" duration="00:00:00.0002744" startTime="2012-06-22T16:44:41.7279860-06:00" endTime="2012-06-22T16:44:41.7379866-06:00" testType="13cdc9d9-ddb5-4fa4-a97d-d965ccfc6d4b" outcome="Passed" testListId="8c84fa94-04c1-424b-9868-57a2d4851a1d" relativeResultsDirectory="298b7c1d-bc18-4043-8cd3-7b708217c7b9">
    </UnitTestResult>
    <UnitTestResult executionId="8d9e4c8a-1cfe-4416-a3bd-9e0b7feb5091" testId="fa18e5a6-2bc3-12df-bb51-c37d30f52f95" testName="Exercise1o3o9" computerName="USSLCL00134" duration="00:00:00.0004765" startTime="2012-06-22T16:44:41.7439869-06:00" endTime="2012-06-22T16:44:41.7549875-06:00" testType="13cdc9d9-ddb5-4fa4-a97d-d965ccfc6d4b" outcome="Passed" testListId="8c84fa94-04c1-424b-9868-57a2d4851a1d" relativeResultsDirectory="8d9e4c8a-1cfe-4416-a3bd-9e0b7feb5091">
    </UnitTestResult>
    <UnitTestResult executionId="7c423a74-8267-4679-a102-222449f63128" testId="fa106201-6689-e149-ee9f-22bc394d4b15" testName="MatrixConstructorTest" computerName="USSLCL00134" duration="00:00:00.0014185" startTime="2012-06-22T16:44:41.7599878-06:00" endTime="2012-06-22T16:44:41.7699884-06:00" testType="13cdc9d9-ddb5-4fa4-a97d-d965ccfc6d4b" outcome="Passed" testListId="8c84fa94-04c1-424b-9868-57a2d4851a1d" relativeResultsDirectory="7c423a74-8267-4679-a102-222449f63128">
    </UnitTestResult>
    <UnitTestResult executionId="036bd5ca-6685-4ef5-b81d-f50292f192bd" testId="df464f9e-b112-5566-5b91-0946280686ed" testName="op_UnaryNegationTest" computerName="USSLCL00134" duration="00:00:00.0011025" startTime="2012-06-22T16:44:41.7759887-06:00" endTime="2012-06-22T16:44:41.7869894-06:00" testType="13cdc9d9-ddb5-4fa4-a97d-d965ccfc6d4b" outcome="Passed" testListId="8c84fa94-04c1-424b-9868-57a2d4851a1d" relativeResultsDirectory="036bd5ca-6685-4ef5-b81d-f50292f192bd">
    </UnitTestResult>
    <UnitTestResult executionId="4a4cf615-5e1b-4658-ad1a-cf65b43743c3" testId="8283d241-590a-b382-504b-bad3e64fc92e" testName="op_SubtractionTest" computerName="USSLCL00134" duration="00:00:00.0017076" startTime="2012-06-22T16:44:41.7909896-06:00" endTime="2012-06-22T16:44:41.8029903-06:00" testType="13cdc9d9-ddb5-4fa4-a97d-d965ccfc6d4b" outcome="Passed" testListId="8c84fa94-04c1-424b-9868-57a2d4851a1d" relativeResultsDirectory="4a4cf615-5e1b-4658-ad1a-cf65b43743c3">
    </UnitTestResult>
    <UnitTestResult executionId="2da72a87-64b3-40a2-9d92-2ae57b16fdd9" testId="843d4548-139b-668c-d827-42f4346b3ef0" testName="op_AdditionTest" computerName="USSLCL00134" duration="00:00:00.0017126" startTime="2012-06-22T16:44:41.8079906-06:00" endTime="2012-06-22T16:44:41.8199912-06:00" testType="13cdc9d9-ddb5-4fa4-a97d-d965ccfc6d4b" outcome="Passed" testListId="8c84fa94-04c1-424b-9868-57a2d4851a1d" relativeResultsDirectory="2da72a87-64b3-40a2-9d92-2ae57b16fdd9">
    </UnitTestResult>
    <UnitTestResult executionId="ef91ace2-6bce-4496-8c9f-4b71e682a3c1" testId="0599638c-2006-192a-49da-9fa79df3b55e" testName="op_MultiplyTest" computerName="USSLCL00134" duration="00:00:00.0029298" startTime="2012-06-22T16:44:41.8249915-06:00" endTime="2012-06-22T16:44:41.8379923-06:00" testType="13cdc9d9-ddb5-4fa4-a97d-d965ccfc6d4b" outcome="Passed" testListId="8c84fa94-04c1-424b-9868-57a2d4851a1d" relativeResultsDirectory="ef91ace2-6bce-4496-8c9f-4b71e682a3c1">
    </UnitTestResult>
    <UnitTestResult executionId="8a3ae879-dc51-425b-b6c0-9b1afaec999d" testId="84b36a15-9006-9254-a29b-b856bea432a4" testName="op_InequalityTest" computerName="USSLCL00134" duration="00:00:00.0010778" startTime="2012-06-22T16:44:41.8459927-06:00" endTime="2012-06-22T16:44:41.8559933-06:00" testType="13cdc9d9-ddb5-4fa4-a97d-d965ccfc6d4b" outcome="Passed" testListId="8c84fa94-04c1-424b-9868-57a2d4851a1d" relativeResultsDirectory="8a3ae879-dc51-425b-b6c0-9b1afaec999d">
    </UnitTestResult>
    <UnitTestResult executionId="08319744-8588-4320-8794-d98722b93f11" testId="9cca6d32-4a0b-e5dd-1a59-a901edd68fd6" testName="op_EqualityTest" computerName="USSLCL00134" duration="00:00:00.0014489" startTime="2012-06-22T16:44:41.8609936-06:00" endTime="2012-06-22T16:44:41.8719942-06:00" testType="13cdc9d9-ddb5-4fa4-a97d-d965ccfc6d4b" outcome="Passed" testListId="8c84fa94-04c1-424b-9868-57a2d4851a1d" relativeResultsDirectory="08319744-8588-4320-8794-d98722b93f11">
    </UnitTestResult>
    <UnitTestResult executionId="dc31a4c7-4020-4163-aa8a-87d2f3fdc25f" testId="e620761f-f36f-3a30-5a60-f84267c8154b" testName="EqualsTest" computerName="USSLCL00134" duration="00:00:00.0017808" startTime="2012-06-22T16:44:41.8779946-06:00" endTime="2012-06-22T16:44:41.8879951-06:00" testType="13cdc9d9-ddb5-4fa4-a97d-d965ccfc6d4b" outcome="Passed" testListId="8c84fa94-04c1-424b-9868-57a2d4851a1d" relativeResultsDirectory="dc31a4c7-4020-4163-aa8a-87d2f3fdc25f">
    </UnitTestResult>
    <UnitTestResult executionId="3d1c4967-9dba-4730-a854-80120f967fbd" testId="3b6c1979-5d5b-f7df-8831-5e65b0e818fd" testName="CompareSizeTest" computerName="USSLCL00134" duration="00:00:00.0005731" startTime="2012-06-22T16:44:41.8939955-06:00" endTime="2012-06-22T16:44:41.9039961-06:00" testType="13cdc9d9-ddb5-4fa4-a97d-d965ccfc6d4b" outcome="Passed" testListId="8c84fa94-04c1-424b-9868-57a2d4851a1d" relativeResultsDirectory="3d1c4967-9dba-4730-a854-80120f967fbd">
    </UnitTestResult>
    <UnitTestResult executionId="3cb6b07e-99ea-48d2-8f51-d1ff4ea44595" testId="10573e1f-0aa2-6e3a-c6a4-1a9a094661dc" testName="TransposeTest" computerName="USSLCL00134" duration="00:00:00.0014378" startTime="2012-06-22T16:44:41.9119965-06:00" endTime="2012-06-22T16:44:41.9229971-06:00" testType="13cdc9d9-ddb5-4fa4-a97d-d965ccfc6d4b" outcome="Passed" testListId="8c84fa94-04c1-424b-9868-57a2d4851a1d" relativeResultsDirectory="3cb6b07e-99ea-48d2-8f51-d1ff4ea44595">
    </UnitTestResult>
    <UnitTestResult executionId="99264c9b-932d-4adc-8a31-e710c1918a69" testId="194ba9b1-34c4-2b4a-2ba8-b132b9ebf998" testName="op_MultiplyTest1" computerName="USSLCL00134" duration="00:00:00.0054809" startTime="2012-06-22T16:44:41.9279974-06:00" endTime="2012-06-22T16:44:41.9419982-06:00" testType="13cdc9d9-ddb5-4fa4-a97d-d965ccfc6d4b" outcome="Passed" testListId="8c84fa94-04c1-424b-9868-57a2d4851a1d" relativeResultsDirectory="99264c9b-932d-4adc-8a31-e710c1918a69">
    </UnitTestResult>
    <UnitTestResult executionId="b79e54b1-fa16-498c-8133-bd977255a463" testId="c446db48-fe0d-6c23-577a-d3adf5810ca1" testName="op_MultiplyMatrixWithVector" computerName="USSLCL00134" duration="00:00:00.0021619" startTime="2012-06-22T16:44:41.9469985-06:00" endTime="2012-06-22T16:44:41.9599993-06:00" testType="13cdc9d9-ddb5-4fa4-a97d-d965ccfc6d4b" outcome="Passed" testListId="8c84fa94-04c1-424b-9868-57a2d4851a1d" relativeResultsDirectory="b79e54b1-fa16-498c-8133-bd977255a463">
    </UnitTestResult>
    <UnitTestResult executionId="447bded7-9fc8-4f46-a71a-f54f088409b6" testId="25da0ecb-8f65-f3a6-c92d-fed8f87247e6" testName="IdentityMatrixTest" computerName="USSLCL00134" duration="00:00:00.0013896" startTime="2012-06-22T16:44:41.9679997-06:00" endTime="2012-06-22T16:44:41.9810005-06:00" testType="13cdc9d9-ddb5-4fa4-a97d-d965ccfc6d4b" outcome="Passed" testListId="8c84fa94-04c1-424b-9868-57a2d4851a1d" relativeResultsDirectory="447bded7-9fc8-4f46-a71a-f54f088409b6">
    </UnitTestResult>
    <UnitTestResult executionId="17be496c-9ec0-4149-8cbf-363395541de6" testId="a462fc82-d08d-a927-6e82-ea09024ca4ef" testName="TraceTest" computerName="USSLCL00134" duration="00:00:00.0245520" startTime="2012-06-22T16:44:41.9860007-06:00" endTime="2012-06-22T16:44:42.0700055-06:00" testType="13cdc9d9-ddb5-4fa4-a97d-d965ccfc6d4b" outcome="Passed" testListId="8c84fa94-04c1-424b-9868-57a2d4851a1d" relativeResultsDirectory="17be496c-9ec0-4149-8cbf-363395541de6">
    </UnitTestResult>
    <UnitTestResult executionId="f2ae75e6-69c7-4f49-a7ba-8f112f0d48e4" testId="84a3a475-fcd9-a697-a886-bb4311389ff1" testName="InnerProductTest" computerName="USSLCL00134" duration="00:00:00.0016168" startTime="2012-06-22T16:44:42.0840063-06:00" endTime="2012-06-22T16:44:42.0960070-06:00" testType="13cdc9d9-ddb5-4fa4-a97d-d965ccfc6d4b" outcome="Passed" testListId="8c84fa94-04c1-424b-9868-57a2d4851a1d" relativeResultsDirectory="f2ae75e6-69c7-4f49-a7ba-8f112f0d48e4">
    </UnitTestResult>
    <UnitTestResult executionId="d78d2d81-34d6-4d77-a755-059d0d216d4c" testId="e34bbd78-70b7-8bee-c46b-6fb18c901aa2" testName="TensorProductTest" computerName="USSLCL00134" duration="00:00:00.0014458" startTime="2012-06-22T16:44:42.1070077-06:00" endTime="2012-06-22T16:44:42.1200084-06:00" testType="13cdc9d9-ddb5-4fa4-a97d-d965ccfc6d4b" outcome="Passed" testListId="8c84fa94-04c1-424b-9868-57a2d4851a1d" relativeResultsDirectory="d78d2d81-34d6-4d77-a755-059d0d216d4c">
    </UnitTestResult>
    <UnitTestResult executionId="17ebefaa-e597-485e-a70f-ba018342bff3" testId="59d167f3-98f7-3905-876e-bc940d58c269" testName="op_PowerTest" computerName="USSLCL00134" duration="00:00:00.0026935" startTime="2012-06-22T16:44:42.1270088-06:00" endTime="2012-06-22T16:44:42.1400095-06:00" testType="13cdc9d9-ddb5-4fa4-a97d-d965ccfc6d4b" outcome="Passed" testListId="8c84fa94-04c1-424b-9868-57a2d4851a1d" relativeResultsDirectory="17ebefaa-e597-485e-a70f-ba018342bff3">
    </UnitTestResult>
    <UnitTestResult executionId="4f092bb6-08eb-45aa-816f-e760c19cedd0" testId="8ddf2343-b416-72d4-fe07-7424be6bf3cc" testName="TakeModulusSquaredTest" computerName="USSLCL00134" duration="00:00:00.0020914" startTime="2012-06-22T16:44:42.1490101-06:00" endTime="2012-06-22T16:44:42.1620108-06:00" testType="13cdc9d9-ddb5-4fa4-a97d-d965ccfc6d4b" outcome="Passed" testListId="8c84fa94-04c1-424b-9868-57a2d4851a1d" relativeResultsDirectory="4f092bb6-08eb-45aa-816f-e760c19cedd0">
    </UnitTestResult>
    <UnitTestResult executionId="2562a893-bd38-4f6b-976c-e9004f84f066" testId="3c01b151-3119-7729-69fb-12ad4b09e592" testName="ComplexToDoubleTest" computerName="USSLCL00134" duration="00:00:00.0010355" startTime="2012-06-22T16:44:42.1680112-06:00" endTime="2012-06-22T16:44:42.1800118-06:00" testType="13cdc9d9-ddb5-4fa4-a97d-d965ccfc6d4b" outcome="Passed" testListId="8c84fa94-04c1-424b-9868-57a2d4851a1d" relativeResultsDirectory="2562a893-bd38-4f6b-976c-e9004f84f066">
    </UnitTestResult>
    <UnitTestResult executionId="119174c9-2338-43fe-bbbb-80c3238cc93e" testId="dd1468a1-9af3-1aa0-7b70-41b163e3c3e7" testName="CommutatorTest" computerName="USSLCL00134" duration="00:00:00.0018577" startTime="2012-06-22T16:44:42.1860122-06:00" endTime="2012-06-22T16:44:42.2000130-06:00" testType="13cdc9d9-ddb5-4fa4-a97d-d965ccfc6d4b" outcome="Passed" testListId="8c84fa94-04c1-424b-9868-57a2d4851a1d" relativeResultsDirectory="119174c9-2338-43fe-bbbb-80c3238cc93e">
    </UnitTestResult>
    <UnitTestResult executionId="d3921c1c-cca0-4713-88c0-c84241c8ac4a" testId="2691a8a8-cda7-2520-f88d-5b729c47edea" testName="Number7" computerName="USSLCL00134" duration="00:00:00.0004954" startTime="2012-06-22T16:44:42.2090135-06:00" endTime="2012-06-22T16:44:42.2200141-06:00" testType="13cdc9d9-ddb5-4fa4-a97d-d965ccfc6d4b" outcome="Passed" testListId="8c84fa94-04c1-424b-9868-57a2d4851a1d" relativeResultsDirectory="d3921c1c-cca0-4713-88c0-c84241c8ac4a">
    </UnitTestResult>
    <UnitTestResult executionId="a4974a8a-074f-42c1-9012-51602f3358a5" testId="6b99a904-39c7-b2a5-cb92-c1c5bd5d3c67" testName="Number9" computerName="USSLCL00134" duration="00:00:00.0003941" startTime="2012-06-22T16:44:42.2260145-06:00" endTime="2012-06-22T16:44:42.2370151-06:00" testType="13cdc9d9-ddb5-4fa4-a97d-d965ccfc6d4b" outcome="Passed" testListId="8c84fa94-04c1-424b-9868-57a2d4851a1d" relativeResultsDirectory="a4974a8a-074f-42c1-9012-51602f3358a5">
    </UnitTestResult>
    <UnitTestResult executionId="a30119d3-85d6-4c14-a930-134420d1b552" testId="45426eba-5da1-7927-75a6-85bf8e09818e" testName="Number11" computerName="USSLCL00134" duration="00:00:00.0006294" startTime="2012-06-22T16:44:42.2430154-06:00" endTime="2012-06-22T16:44:42.2540161-06:00" testType="13cdc9d9-ddb5-4fa4-a97d-d965ccfc6d4b" outcome="Passed" testListId="8c84fa94-04c1-424b-9868-57a2d4851a1d" relativeResultsDirectory="a30119d3-85d6-4c14-a930-134420d1b552">
    </UnitTestResult>
    <UnitTestResult executionId="f7f4ff28-de5d-4135-a23d-7df5a6320caa" testId="0ba55472-e42d-ce89-4611-b74239fe58fa" testName="Number13" computerName="USSLCL00134" duration="00:00:00.0007749" startTime="2012-06-22T16:44:42.2610165-06:00" endTime="2012-06-22T16:44:42.2720171-06:00" testType="13cdc9d9-ddb5-4fa4-a97d-d965ccfc6d4b" outcome="Passed" testListId="8c84fa94-04c1-424b-9868-57a2d4851a1d" relativeResultsDirectory="f7f4ff28-de5d-4135-a23d-7df5a6320caa">
    </UnitTestResult>
    <UnitTestResult executionId="cdcaa0cb-e8d7-4673-afe8-9121c051befa" testId="6dbfaaf3-0c2f-79c7-5448-3d9091ca07d2" testName="Example4o2o12" computerName="USSLCL00134" duration="00:00:00.0021703" startTime="2012-06-22T16:44:42.2770174-06:00" endTime="2012-06-22T16:44:42.2900181-06:00" testType="13cdc9d9-ddb5-4fa4-a97d-d965ccfc6d4b" outcome="Passed" testListId="8c84fa94-04c1-424b-9868-57a2d4851a1d" relativeResultsDirectory="cdcaa0cb-e8d7-4673-afe8-9121c051befa">
    </UnitTestResult>
    <UnitTestResult executionId="fb9c5059-4f11-477f-b38d-d4e68cacefb5" testId="a6320d81-84be-b348-18dd-019a5fed078d" testName="Example4o2o14" computerName="USSLCL00134" duration="00:00:00.0035161" startTime="2012-06-22T16:44:42.2950184-06:00" endTime="2012-06-22T16:44:42.3080192-06:00" testType="13cdc9d9-ddb5-4fa4-a97d-d965ccfc6d4b" outcome="Passed" testListId="8c84fa94-04c1-424b-9868-57a2d4851a1d" relativeResultsDirectory="fb9c5059-4f11-477f-b38d-d4e68cacefb5">
    </UnitTestResult>
    <UnitTestResult executionId="a0271683-6a13-47d5-b8f7-0f0eeeea5365" testId="26598c77-ae79-f56c-1115-9577c1ec0551" testName="Example4o3o1" computerName="USSLCL00134" duration="00:00:00.0012129" startTime="2012-06-22T16:44:42.3140195-06:00" endTime="2012-06-22T16:44:42.3240201-06:00" testType="13cdc9d9-ddb5-4fa4-a97d-d965ccfc6d4b" outcome="Passed" testListId="8c84fa94-04c1-424b-9868-57a2d4851a1d" relativeResultsDirectory="a0271683-6a13-47d5-b8f7-0f0eeeea5365">
    </UnitTestResult>
    <UnitTestResult executionId="c88b828a-651e-419f-b608-340b12c05ef9" testId="c73872e3-de49-0d4a-fbe2-3bd9c4a10210" testName="GetNormalizedVectorTest" computerName="USSLCL00134" duration="00:00:00.0011263" startTime="2012-06-22T16:44:42.3300204-06:00" endTime="2012-06-22T16:44:42.3400210-06:00" testType="13cdc9d9-ddb5-4fa4-a97d-d965ccfc6d4b" outcome="Passed" testListId="8c84fa94-04c1-424b-9868-57a2d4851a1d" relativeResultsDirectory="c88b828a-651e-419f-b608-340b12c05ef9">
    </UnitTestResult>
    <UnitTestResult executionId="80ca1624-1396-46a3-88a9-35c7bb834063" testId="d1cc7d48-afbd-466f-5015-ef2680fa4bcb" testName="op_DivisionTest" computerName="USSLCL00134" duration="00:00:00.0052334" startTime="2012-06-22T16:44:42.3460213-06:00" endTime="2012-06-22T16:44:42.3610222-06:00" testType="13cdc9d9-ddb5-4fa4-a97d-d965ccfc6d4b" outcome="Passed" testListId="8c84fa94-04c1-424b-9868-57a2d4851a1d" relativeResultsDirectory="80ca1624-1396-46a3-88a9-35c7bb834063">
    </UnitTestResult>
    <UnitTestResult executionId="ce61756e-2d1e-46f2-8d24-acb934ad8ef2" testId="7ce48d38-4867-2cfe-7006-39c642c6f124" testName="Example4o3o2" computerName="USSLCL00134" duration="00:06:29.2792655" startTime="2012-06-22T16:44:42.3660225-06:00" endTime="2012-06-22T16:51:11.6452880-06:00" testType="13cdc9d9-ddb5-4fa4-a97d-d965ccfc6d4b" outcome="Aborted" testListId="8c84fa94-04c1-424b-9868-57a2d4851a1d" relativeResultsDirectory="ce61756e-2d1e-46f2-8d24-acb934ad8ef2">
    </UnitTestResult>
  </Results>
</TestRun>