<?xml version="1.0" encoding="UTF-8"?>
<TestRun id="db1a8943-0612-4b74-a946-25063cc451be" name="nielsobr@USSLCL00134 2012-06-22 17:16:32" runUser="CORP\nielsobr" xmlns="http://microsoft.com/schemas/VisualStudio/TeamTest/2010">
  <TestSettings name="Local" id="8a64df0a-58a3-4d83-8a12-9a4d4c2701f1">
    <Description>These are default test settings for a local test run.</Description>
    <Deployment enabled="false" runDeploymentRoot="nielsobr_USSLCL00134 2012-06-22 17_16_32">
      <DeploymentItem filename="C:\Bruce N\Programming\Quantum Computing\LinearAlgebra\bin\Debug\LinearAlgebra.dll" />
    </Deployment>
    <Execution>
      <TestTypeSpecific />
      <AgentRule name="Execution Agents">
      </AgentRule>
    </Execution>
  </TestSettings>
  <Times creation="2012-06-22T17:16:32.6522846-06:00" queuing="2012-06-22T17:16:34.6363981-06:00" start="2012-06-22T17:16:34.7684056-06:00" finish="2012-06-22T17:16:42.5648516-06:00" />
  <ResultSummary outcome="Completed">
    <Counters total="151" executed="151" passed="151" error="0" failed="0" timeout="0" aborted="0" inconclusive="0" passedButRunAborted="0" notRunnable="0" notExecuted="0" disconnected="0" warning="0" completed="0" inProgress="0" pending="0" />
  </ResultSummary>
  <TestDefinitions>
    <UnitTest name="Exercise1o3o4" storage="c:\bruce n\programming\quantum computing\testcomplexnumber\bin\debug\testcomplexnumber.dll" id="07679b95-0c77-33dd-c8d5-e1376510063a">
      <Execution id="682c2b89-a968-4442-9e1f-9331d0430f3e" />
      <TestMethod codeBase="C:/Bruce N/Programming/Quantum Computing/TestComplexNumber/bin/Debug/TestComplexNumber.DLL" adapterTypeName="Microsoft.VisualStudio.TestTools.TestTypes.Unit.UnitTestAdapter, Microsoft.VisualStudio.QualityTools.Tips.UnitTest.Adapter, Version=10.0.0.0, Culture=neutral, PublicKeyToken=b03f5f7f11d50a3a" className="TestComplexNumber.QCExercisesChapter1, TestComplexNumber, Version=1.0.0.0, Culture=neutral, PublicKeyToken=null" name="Exercise1o3o4" />
    </UnitTest>
    <UnitTest name="Exercise3o1o4" storage="c:\bruce n\programming\quantum computing\testcomplexnumber\bin\debug\testcomplexnumber.dll" id="06c32b76-050d-0c74-e5e5-24e8d789eea7">
      <Execution id="6cda6c80-be86-4061-a4f7-d5a210596451" />
      <TestMethod codeBase="C:/Bruce N/Programming/Quantum Computing/TestComplexNumber/bin/Debug/TestComplexNumber.DLL" adapterTypeName="Microsoft.VisualStudio.TestTools.TestTypes.Unit.UnitTestAdapter, Microsoft.VisualStudio.QualityTools.Tips.UnitTest.Adapter, Version=10.0.0.0, Culture=neutral, PublicKeyToken=b03f5f7f11d50a3a" className="TestComplexNumber.QCExercisesChapter3, TestComplexNumber, Version=1.0.0.0, Culture=neutral, PublicKeyToken=null" name="Exercise3o1o4" />
    </UnitTest>
    <UnitTest name="Exercise2o7o3" storage="c:\bruce n\programming\quantum computing\testcomplexnumber\bin\debug\testcomplexnumber.dll" id="fcfa95f2-720f-8082-c577-4f9e22c76102">
      <Execution id="b177e16d-fb84-4f9c-9566-9db8d88e5618" />
      <TestMethod codeBase="C:/Bruce N/Programming/Quantum Computing/TestComplexNumber/bin/Debug/TestComplexNumber.DLL" adapterTypeName="Microsoft.VisualStudio.TestTools.TestTypes.Unit.UnitTestAdapter, Microsoft.VisualStudio.QualityTools.Tips.UnitTest.Adapter, Version=10.0.0.0, Culture=neutral, PublicKeyToken=b03f5f7f11d50a3a" className="TestComplexNumber.QCExercisesChapter2, TestComplexNumber, Version=1.0.0.0, Culture=neutral, PublicKeyToken=null" name="Exercise2o7o3" />
    </UnitTest>
    <UnitTest name="NegativeOneTest" storage="c:\bruce n\programming\quantum computing\testcomplexnumber\bin\debug\testcomplexnumber.dll" id="e817df08-1352-7924-6f37-9159ad0539e6">
      <Execution id="16048810-dfae-4b70-943e-1c14e5ed4974" />
      <TestMethod codeBase="C:/Bruce N/Programming/Quantum Computing/TestComplexNumber/bin/Debug/TestComplexNumber.DLL" adapterTypeName="Microsoft.VisualStudio.TestTools.TestTypes.Unit.UnitTestAdapter, Microsoft.VisualStudio.QualityTools.Tips.UnitTest.Adapter, Version=10.0.0.0, Culture=neutral, PublicKeyToken=b03f5f7f11d50a3a" className="TestComplexNumber.ComplexNumberTest, TestComplexNumber, Version=1.0.0.0, Culture=neutral, PublicKeyToken=null" name="NegativeOneTest" />
    </UnitTest>
    <UnitTest name="op_SubtractionTest" storage="c:\bruce n\programming\quantum computing\testcomplexnumber\bin\debug\testcomplexnumber.dll" id="ff295562-5e99-9434-0a6c-61d038c92b18">
      <Execution id="96de5da0-4a6a-4d6a-9026-10f7cf431091" />
      <TestMethod codeBase="C:/Bruce N/Programming/Quantum Computing/TestComplexNumber/bin/Debug/TestComplexNumber.DLL" adapterTypeName="Microsoft.VisualStudio.TestTools.TestTypes.Unit.UnitTestAdapter, Microsoft.VisualStudio.QualityTools.Tips.UnitTest.Adapter, Version=10.0.0.0, Culture=neutral, PublicKeyToken=b03f5f7f11d50a3a" className="TestComplexNumber.VectorTest, TestComplexNumber, Version=1.0.0.0, Culture=neutral, PublicKeyToken=null" name="op_SubtractionTest" />
    </UnitTest>
    <UnitTest name="GetAngleDegreesTest" storage="c:\bruce n\programming\quantum computing\testcomplexnumber\bin\debug\testcomplexnumber.dll" id="9e43b977-3c91-5be2-de15-4f95a8e1f8c7">
      <Execution id="11d07f5b-0995-422a-a407-79d2b7917a8c" />
      <TestMethod codeBase="C:/Bruce N/Programming/Quantum Computing/TestComplexNumber/bin/Debug/TestComplexNumber.DLL" adapterTypeName="Microsoft.VisualStudio.TestTools.TestTypes.Unit.UnitTestAdapter, Microsoft.VisualStudio.QualityTools.Tips.UnitTest.Adapter, Version=10.0.0.0, Culture=neutral, PublicKeyToken=b03f5f7f11d50a3a" className="TestComplexNumber.ComplexNumberTest, TestComplexNumber, Version=1.0.0.0, Culture=neutral, PublicKeyToken=null" name="GetAngleDegreesTest" />
    </UnitTest>
    <UnitTest name="CompareSizeTest" storage="c:\bruce n\programming\quantum computing\testcomplexnumber\bin\debug\testcomplexnumber.dll" id="3b6c1979-5d5b-f7df-8831-5e65b0e818fd">
      <Execution id="913d555f-a33f-4138-8c26-cbbef552d6e2" />
      <TestMethod codeBase="C:/Bruce N/Programming/Quantum Computing/TestComplexNumber/bin/Debug/TestComplexNumber.DLL" adapterTypeName="Microsoft.VisualStudio.TestTools.TestTypes.Unit.UnitTestAdapter, Microsoft.VisualStudio.QualityTools.Tips.UnitTest.Adapter, Version=10.0.0.0, Culture=neutral, PublicKeyToken=b03f5f7f11d50a3a" className="TestComplexNumber.MatrixTest, TestComplexNumber, Version=1.0.0.0, Culture=neutral, PublicKeyToken=null" name="CompareSizeTest" />
    </UnitTest>
    <UnitTest name="Exercise2o6o8" storage="c:\bruce n\programming\quantum computing\testcomplexnumber\bin\debug\testcomplexnumber.dll" id="f1d86270-c9d8-c961-65be-24cc50d1fc4b">
      <Execution id="77c2c14e-bb06-44a7-b87f-9e9a07dd0773" />
      <TestMethod codeBase="C:/Bruce N/Programming/Quantum Computing/TestComplexNumber/bin/Debug/TestComplexNumber.DLL" adapterTypeName="Microsoft.VisualStudio.TestTools.TestTypes.Unit.UnitTestAdapter, Microsoft.VisualStudio.QualityTools.Tips.UnitTest.Adapter, Version=10.0.0.0, Culture=neutral, PublicKeyToken=b03f5f7f11d50a3a" className="TestComplexNumber.QCExercisesChapter2, TestComplexNumber, Version=1.0.0.0, Culture=neutral, PublicKeyToken=null" name="Exercise2o6o8" />
    </UnitTest>
    <UnitTest name="Exercise2o2o8" storage="c:\bruce n\programming\quantum computing\testcomplexnumber\bin\debug\testcomplexnumber.dll" id="0a0f56e1-2426-9c27-75c5-72e83aa4f18c">
      <Execution id="60285436-71d2-4259-b188-eee0bced1ebf" />
      <TestMethod codeBase="C:/Bruce N/Programming/Quantum Computing/TestComplexNumber/bin/Debug/TestComplexNumber.DLL" adapterTypeName="Microsoft.VisualStudio.TestTools.TestTypes.Unit.UnitTestAdapter, Microsoft.VisualStudio.QualityTools.Tips.UnitTest.Adapter, Version=10.0.0.0, Culture=neutral, PublicKeyToken=b03f5f7f11d50a3a" className="TestComplexNumber.QCExercisesChapter2, TestComplexNumber, Version=1.0.0.0, Culture=neutral, PublicKeyToken=null" name="Exercise2o2o8" />
    </UnitTest>
    <UnitTest name="Exercise4o1o5" storage="c:\bruce n\programming\quantum computing\testcomplexnumber\bin\debug\testcomplexnumber.dll" id="b920ca27-2e1f-e8ec-c9ba-d4cbb754ace4">
      <Execution id="b285eb3d-c890-4cee-9e57-78c26ce95fee" />
      <TestMethod codeBase="C:/Bruce N/Programming/Quantum Computing/TestComplexNumber/bin/Debug/TestComplexNumber.DLL" adapterTypeName="Microsoft.VisualStudio.TestTools.TestTypes.Unit.UnitTestAdapter, Microsoft.VisualStudio.QualityTools.Tips.UnitTest.Adapter, Version=10.0.0.0, Culture=neutral, PublicKeyToken=b03f5f7f11d50a3a" className="TestComplexNumber.QCExercisesChapter4, TestComplexNumber, Version=1.0.0.0, Culture=neutral, PublicKeyToken=null" name="Exercise4o1o5" />
    </UnitTest>
    <UnitTest name="GetAngleTest" storage="c:\bruce n\programming\quantum computing\testcomplexnumber\bin\debug\testcomplexnumber.dll" id="aaa025c4-539f-dc62-f50b-af3c4325c449">
      <Execution id="b072e417-e680-4f94-a80d-871e02299fca" />
      <TestMethod codeBase="C:/Bruce N/Programming/Quantum Computing/TestComplexNumber/bin/Debug/TestComplexNumber.DLL" adapterTypeName="Microsoft.VisualStudio.TestTools.TestTypes.Unit.UnitTestAdapter, Microsoft.VisualStudio.QualityTools.Tips.UnitTest.Adapter, Version=10.0.0.0, Culture=neutral, PublicKeyToken=b03f5f7f11d50a3a" className="TestComplexNumber.ComplexNumberTest, TestComplexNumber, Version=1.0.0.0, Culture=neutral, PublicKeyToken=null" name="GetAngleTest" />
    </UnitTest>
    <UnitTest name="Exercise2o4o8" storage="c:\bruce n\programming\quantum computing\testcomplexnumber\bin\debug\testcomplexnumber.dll" id="df9d4979-ebf4-48fa-eaa6-d378215805ce">
      <Execution id="788e9967-5d2e-4b25-825a-ee6c95cd3c48" />
      <TestMethod codeBase="C:/Bruce N/Programming/Quantum Computing/TestComplexNumber/bin/Debug/TestComplexNumber.DLL" adapterTypeName="Microsoft.VisualStudio.TestTools.TestTypes.Unit.UnitTestAdapter, Microsoft.VisualStudio.QualityTools.Tips.UnitTest.Adapter, Version=10.0.0.0, Culture=neutral, PublicKeyToken=b03f5f7f11d50a3a" className="TestComplexNumber.QCExercisesChapter2, TestComplexNumber, Version=1.0.0.0, Culture=neutral, PublicKeyToken=null" name="Exercise2o4o8" />
    </UnitTest>
    <UnitTest name="TraceTest" storage="c:\bruce n\programming\quantum computing\testcomplexnumber\bin\debug\testcomplexnumber.dll" id="a462fc82-d08d-a927-6e82-ea09024ca4ef">
      <DeploymentItems>
        <DeploymentItem filename="LinearAlgebra.dll" />
      </DeploymentItems>
      <Execution id="98fb229d-f144-47d2-bc0b-1cd9f6b8a820" />
      <TestMethod codeBase="C:/Bruce N/Programming/Quantum Computing/TestComplexNumber/bin/Debug/TestComplexNumber.DLL" adapterTypeName="Microsoft.VisualStudio.TestTools.TestTypes.Unit.UnitTestAdapter, Microsoft.VisualStudio.QualityTools.Tips.UnitTest.Adapter, Version=10.0.0.0, Culture=neutral, PublicKeyToken=b03f5f7f11d50a3a" className="TestComplexNumber.MatrixTest, TestComplexNumber, Version=1.0.0.0, Culture=neutral, PublicKeyToken=null" name="TraceTest" />
    </UnitTest>
    <UnitTest name="TensorProductTest" storage="c:\bruce n\programming\quantum computing\testcomplexnumber\bin\debug\testcomplexnumber.dll" id="e34bbd78-70b7-8bee-c46b-6fb18c901aa2">
      <Execution id="57672ad9-bdec-4c8a-9a78-1552b535d299" />
      <TestMethod codeBase="C:/Bruce N/Programming/Quantum Computing/TestComplexNumber/bin/Debug/TestComplexNumber.DLL" adapterTypeName="Microsoft.VisualStudio.TestTools.TestTypes.Unit.UnitTestAdapter, Microsoft.VisualStudio.QualityTools.Tips.UnitTest.Adapter, Version=10.0.0.0, Culture=neutral, PublicKeyToken=b03f5f7f11d50a3a" className="TestComplexNumber.MatrixTest, TestComplexNumber, Version=1.0.0.0, Culture=neutral, PublicKeyToken=null" name="TensorProductTest" />
    </UnitTest>
    <UnitTest name="Exercise1o3o8" storage="c:\bruce n\programming\quantum computing\testcomplexnumber\bin\debug\testcomplexnumber.dll" id="4d151c41-de40-a77d-9114-a00800a2f22f">
      <Execution id="3a3e50cb-e99a-46ba-bd5d-64e00c70fd45" />
      <TestMethod codeBase="C:/Bruce N/Programming/Quantum Computing/TestComplexNumber/bin/Debug/TestComplexNumber.DLL" adapterTypeName="Microsoft.VisualStudio.TestTools.TestTypes.Unit.UnitTestAdapter, Microsoft.VisualStudio.QualityTools.Tips.UnitTest.Adapter, Version=10.0.0.0, Culture=neutral, PublicKeyToken=b03f5f7f11d50a3a" className="TestComplexNumber.QCExercisesChapter1, TestComplexNumber, Version=1.0.0.0, Culture=neutral, PublicKeyToken=null" name="Exercise1o3o8" />
    </UnitTest>
    <UnitTest name="VectorConstructorTest2" storage="c:\bruce n\programming\quantum computing\testcomplexnumber\bin\debug\testcomplexnumber.dll" id="9c92819f-751b-655e-72f6-604f0653711c">
      <Execution id="789ba158-e675-435a-a0c2-699c82157fef" />
      <TestMethod codeBase="C:/Bruce N/Programming/Quantum Computing/TestComplexNumber/bin/Debug/TestComplexNumber.DLL" adapterTypeName="Microsoft.VisualStudio.TestTools.TestTypes.Unit.UnitTestAdapter, Microsoft.VisualStudio.QualityTools.Tips.UnitTest.Adapter, Version=10.0.0.0, Culture=neutral, PublicKeyToken=b03f5f7f11d50a3a" className="TestComplexNumber.VectorTest, TestComplexNumber, Version=1.0.0.0, Culture=neutral, PublicKeyToken=null" name="VectorConstructorTest2" />
    </UnitTest>
    <UnitTest name="Exercise4o2o6" storage="c:\bruce n\programming\quantum computing\testcomplexnumber\bin\debug\testcomplexnumber.dll" id="1f1cd201-bd9b-d73b-7631-79422db50907">
      <Execution id="5d1214ea-e89f-4f93-81c8-80bfeed0c22a" />
      <TestMethod codeBase="C:/Bruce N/Programming/Quantum Computing/TestComplexNumber/bin/Debug/TestComplexNumber.DLL" adapterTypeName="Microsoft.VisualStudio.TestTools.TestTypes.Unit.UnitTestAdapter, Microsoft.VisualStudio.QualityTools.Tips.UnitTest.Adapter, Version=10.0.0.0, Culture=neutral, PublicKeyToken=b03f5f7f11d50a3a" className="TestComplexNumber.QCExercisesChapter4, TestComplexNumber, Version=1.0.0.0, Culture=neutral, PublicKeyToken=null" name="Exercise4o2o6" />
    </UnitTest>
    <UnitTest name="Example2o3o3" storage="c:\bruce n\programming\quantum computing\testcomplexnumber\bin\debug\testcomplexnumber.dll" id="f4a6d75b-22de-c9be-71c8-5150c846f601">
      <Execution id="76f05c23-3bd9-4d27-9599-eb894c6c9a52" />
      <TestMethod codeBase="C:/Bruce N/Programming/Quantum Computing/TestComplexNumber/bin/Debug/TestComplexNumber.DLL" adapterTypeName="Microsoft.VisualStudio.TestTools.TestTypes.Unit.UnitTestAdapter, Microsoft.VisualStudio.QualityTools.Tips.UnitTest.Adapter, Version=10.0.0.0, Culture=neutral, PublicKeyToken=b03f5f7f11d50a3a" className="TestComplexNumber.QCExercisesChapter2, TestComplexNumber, Version=1.0.0.0, Culture=neutral, PublicKeyToken=null" name="Example2o3o3" />
    </UnitTest>
    <UnitTest name="Exercise4o1o1" storage="c:\bruce n\programming\quantum computing\testcomplexnumber\bin\debug\testcomplexnumber.dll" id="56d4e2ab-80ac-74c9-cdc4-cd3967d0842f">
      <Execution id="4cc6b728-624a-43b4-b66a-debb83c3b781" />
      <TestMethod codeBase="C:/Bruce N/Programming/Quantum Computing/TestComplexNumber/bin/Debug/TestComplexNumber.DLL" adapterTypeName="Microsoft.VisualStudio.TestTools.TestTypes.Unit.UnitTestAdapter, Microsoft.VisualStudio.QualityTools.Tips.UnitTest.Adapter, Version=10.0.0.0, Culture=neutral, PublicKeyToken=b03f5f7f11d50a3a" className="TestComplexNumber.QCExercisesChapter4, TestComplexNumber, Version=1.0.0.0, Culture=neutral, PublicKeyToken=null" name="Exercise4o1o1" />
    </UnitTest>
    <UnitTest name="EqualsTest" storage="c:\bruce n\programming\quantum computing\testcomplexnumber\bin\debug\testcomplexnumber.dll" id="bc74a9f0-dfbc-1cfa-6718-f3d2cbf87b3b">
      <Execution id="4cd4fabf-699d-4bab-b24c-7a92a7984db7" />
      <TestMethod codeBase="C:/Bruce N/Programming/Quantum Computing/TestComplexNumber/bin/Debug/TestComplexNumber.DLL" adapterTypeName="Microsoft.VisualStudio.TestTools.TestTypes.Unit.UnitTestAdapter, Microsoft.VisualStudio.QualityTools.Tips.UnitTest.Adapter, Version=10.0.0.0, Culture=neutral, PublicKeyToken=b03f5f7f11d50a3a" className="TestComplexNumber.VectorTest, TestComplexNumber, Version=1.0.0.0, Culture=neutral, PublicKeyToken=null" name="EqualsTest" />
    </UnitTest>
    <UnitTest name="GetNormalizedVectorTest" storage="c:\bruce n\programming\quantum computing\testcomplexnumber\bin\debug\testcomplexnumber.dll" id="c73872e3-de49-0d4a-fbe2-3bd9c4a10210">
      <Execution id="34d66df0-5e0e-48bf-8f95-0bd0cdb19d97" />
      <TestMethod codeBase="C:/Bruce N/Programming/Quantum Computing/TestComplexNumber/bin/Debug/TestComplexNumber.DLL" adapterTypeName="Microsoft.VisualStudio.TestTools.TestTypes.Unit.UnitTestAdapter, Microsoft.VisualStudio.QualityTools.Tips.UnitTest.Adapter, Version=10.0.0.0, Culture=neutral, PublicKeyToken=b03f5f7f11d50a3a" className="TestComplexNumber.ComplexVectorTest, TestComplexNumber, Version=1.0.0.0, Culture=neutral, PublicKeyToken=null" name="GetNormalizedVectorTest" />
    </UnitTest>
    <UnitTest name="ZeroTest" storage="c:\bruce n\programming\quantum computing\testcomplexnumber\bin\debug\testcomplexnumber.dll" id="c93ffe48-5243-dfb2-8a93-461c879cf606">
      <Execution id="423a95d1-2466-4f60-b7dc-0b0c1dd03940" />
      <TestMethod codeBase="C:/Bruce N/Programming/Quantum Computing/TestComplexNumber/bin/Debug/TestComplexNumber.DLL" adapterTypeName="Microsoft.VisualStudio.TestTools.TestTypes.Unit.UnitTestAdapter, Microsoft.VisualStudio.QualityTools.Tips.UnitTest.Adapter, Version=10.0.0.0, Culture=neutral, PublicKeyToken=b03f5f7f11d50a3a" className="TestComplexNumber.ComplexNumberTest, TestComplexNumber, Version=1.0.0.0, Culture=neutral, PublicKeyToken=null" name="ZeroTest" />
    </UnitTest>
    <UnitTest name="EqualsTest" storage="c:\bruce n\programming\quantum computing\testcomplexnumber\bin\debug\testcomplexnumber.dll" id="191c732e-b797-fda9-14e6-f62313d93af1">
      <Execution id="35316298-c553-4de5-ae8d-8d5f6d62b8ad" />
      <TestMethod codeBase="C:/Bruce N/Programming/Quantum Computing/TestComplexNumber/bin/Debug/TestComplexNumber.DLL" adapterTypeName="Microsoft.VisualStudio.TestTools.TestTypes.Unit.UnitTestAdapter, Microsoft.VisualStudio.QualityTools.Tips.UnitTest.Adapter, Version=10.0.0.0, Culture=neutral, PublicKeyToken=b03f5f7f11d50a3a" className="TestComplexNumber.ComplexMatrixTest, TestComplexNumber, Version=1.0.0.0, Culture=neutral, PublicKeyToken=null" name="EqualsTest" />
    </UnitTest>
    <UnitTest name="IdentityMatrixTest" storage="c:\bruce n\programming\quantum computing\testcomplexnumber\bin\debug\testcomplexnumber.dll" id="aac142ce-38b2-6d3f-cd65-e8254c3e066b">
      <Execution id="250c97be-6976-457b-8c51-7ad7fada4cfd" />
      <TestMethod codeBase="C:/Bruce N/Programming/Quantum Computing/TestComplexNumber/bin/Debug/TestComplexNumber.DLL" adapterTypeName="Microsoft.VisualStudio.TestTools.TestTypes.Unit.UnitTestAdapter, Microsoft.VisualStudio.QualityTools.Tips.UnitTest.Adapter, Version=10.0.0.0, Culture=neutral, PublicKeyToken=b03f5f7f11d50a3a" className="TestComplexNumber.ComplexMatrixTest, TestComplexNumber, Version=1.0.0.0, Culture=neutral, PublicKeyToken=null" name="IdentityMatrixTest" />
    </UnitTest>
    <UnitTest name="Exercise2o4o1" storage="c:\bruce n\programming\quantum computing\testcomplexnumber\bin\debug\testcomplexnumber.dll" id="06f73701-65f7-da2b-e94f-6c850186d97a">
      <Execution id="db05eabc-e633-43d8-b905-a853febf5220" />
      <TestMethod codeBase="C:/Bruce N/Programming/Quantum Computing/TestComplexNumber/bin/Debug/TestComplexNumber.DLL" adapterTypeName="Microsoft.VisualStudio.TestTools.TestTypes.Unit.UnitTestAdapter, Microsoft.VisualStudio.QualityTools.Tips.UnitTest.Adapter, Version=10.0.0.0, Culture=neutral, PublicKeyToken=b03f5f7f11d50a3a" className="TestComplexNumber.QCExercisesChapter2, TestComplexNumber, Version=1.0.0.0, Culture=neutral, PublicKeyToken=null" name="Exercise2o4o1" />
    </UnitTest>
    <UnitTest name="Exercise3o2o1" storage="c:\bruce n\programming\quantum computing\testcomplexnumber\bin\debug\testcomplexnumber.dll" id="9cf4c4e1-7186-5bdb-2eef-3b22d03cb6e0">
      <Execution id="0058da89-6cd6-4e8f-8d5f-c76e4b5e80fb" />
      <TestMethod codeBase="C:/Bruce N/Programming/Quantum Computing/TestComplexNumber/bin/Debug/TestComplexNumber.DLL" adapterTypeName="Microsoft.VisualStudio.TestTools.TestTypes.Unit.UnitTestAdapter, Microsoft.VisualStudio.QualityTools.Tips.UnitTest.Adapter, Version=10.0.0.0, Culture=neutral, PublicKeyToken=b03f5f7f11d50a3a" className="TestComplexNumber.QCExercisesChapter3, TestComplexNumber, Version=1.0.0.0, Culture=neutral, PublicKeyToken=null" name="Exercise3o2o1" />
    </UnitTest>
    <UnitTest name="Exercise2o2o5" storage="c:\bruce n\programming\quantum computing\testcomplexnumber\bin\debug\testcomplexnumber.dll" id="afec4393-b7fa-2c17-aed2-743a831c3492">
      <Execution id="07af4f20-772d-450c-aac9-509aea0732fa" />
      <TestMethod codeBase="C:/Bruce N/Programming/Quantum Computing/TestComplexNumber/bin/Debug/TestComplexNumber.DLL" adapterTypeName="Microsoft.VisualStudio.TestTools.TestTypes.Unit.UnitTestAdapter, Microsoft.VisualStudio.QualityTools.Tips.UnitTest.Adapter, Version=10.0.0.0, Culture=neutral, PublicKeyToken=b03f5f7f11d50a3a" className="TestComplexNumber.QCExercisesChapter2, TestComplexNumber, Version=1.0.0.0, Culture=neutral, PublicKeyToken=null" name="Exercise2o2o5" />
    </UnitTest>
    <UnitTest name="Example4o3o2" storage="c:\bruce n\programming\quantum computing\testcomplexnumber\bin\debug\testcomplexnumber.dll" id="7ce48d38-4867-2cfe-7006-39c642c6f124">
      <Execution id="ff3027cd-6600-4e1f-9ac8-43b9604b52fb" />
      <TestMethod codeBase="C:/Bruce N/Programming/Quantum Computing/TestComplexNumber/bin/Debug/TestComplexNumber.DLL" adapterTypeName="Microsoft.VisualStudio.TestTools.TestTypes.Unit.UnitTestAdapter, Microsoft.VisualStudio.QualityTools.Tips.UnitTest.Adapter, Version=10.0.0.0, Culture=neutral, PublicKeyToken=b03f5f7f11d50a3a" className="TestComplexNumber.QCExercisesChapter4, TestComplexNumber, Version=1.0.0.0, Culture=neutral, PublicKeyToken=null" name="Example4o3o2" />
    </UnitTest>
    <UnitTest name="Exercise2o2o6" storage="c:\bruce n\programming\quantum computing\testcomplexnumber\bin\debug\testcomplexnumber.dll" id="183ae838-6eb2-ddd1-fc18-d3ab32673286">
      <Execution id="d1d4b1d9-e3bd-4b51-8d03-0476678e209d" />
      <TestMethod codeBase="C:/Bruce N/Programming/Quantum Computing/TestComplexNumber/bin/Debug/TestComplexNumber.DLL" adapterTypeName="Microsoft.VisualStudio.TestTools.TestTypes.Unit.UnitTestAdapter, Microsoft.VisualStudio.QualityTools.Tips.UnitTest.Adapter, Version=10.0.0.0, Culture=neutral, PublicKeyToken=b03f5f7f11d50a3a" className="TestComplexNumber.QCExercisesChapter2, TestComplexNumber, Version=1.0.0.0, Culture=neutral, PublicKeyToken=null" name="Exercise2o2o6" />
    </UnitTest>
    <UnitTest name="RealTest" storage="c:\bruce n\programming\quantum computing\testcomplexnumber\bin\debug\testcomplexnumber.dll" id="c184168b-7b90-1c26-9870-9e31f6f1dde3">
      <Execution id="c8540c62-e5f1-4c38-bde1-f71ab1e10cc9" />
      <TestMethod codeBase="C:/Bruce N/Programming/Quantum Computing/TestComplexNumber/bin/Debug/TestComplexNumber.DLL" adapterTypeName="Microsoft.VisualStudio.TestTools.TestTypes.Unit.UnitTestAdapter, Microsoft.VisualStudio.QualityTools.Tips.UnitTest.Adapter, Version=10.0.0.0, Culture=neutral, PublicKeyToken=b03f5f7f11d50a3a" className="TestComplexNumber.ComplexNumberTest, TestComplexNumber, Version=1.0.0.0, Culture=neutral, PublicKeyToken=null" name="RealTest" />
    </UnitTest>
    <UnitTest name="Exercise2o4o7" storage="c:\bruce n\programming\quantum computing\testcomplexnumber\bin\debug\testcomplexnumber.dll" id="704f985a-5aa6-9a9c-79d7-6d97e84b7f0f">
      <Execution id="2987791b-b4c0-4993-9c47-1851189b8bd4" />
      <TestMethod codeBase="C:/Bruce N/Programming/Quantum Computing/TestComplexNumber/bin/Debug/TestComplexNumber.DLL" adapterTypeName="Microsoft.VisualStudio.TestTools.TestTypes.Unit.UnitTestAdapter, Microsoft.VisualStudio.QualityTools.Tips.UnitTest.Adapter, Version=10.0.0.0, Culture=neutral, PublicKeyToken=b03f5f7f11d50a3a" className="TestComplexNumber.QCExercisesChapter2, TestComplexNumber, Version=1.0.0.0, Culture=neutral, PublicKeyToken=null" name="Exercise2o4o7" />
    </UnitTest>
    <UnitTest name="op_MultiplyTest1" storage="c:\bruce n\programming\quantum computing\testcomplexnumber\bin\debug\testcomplexnumber.dll" id="194ba9b1-34c4-2b4a-2ba8-b132b9ebf998">
      <Execution id="5754e7cd-c6f1-4d5f-a53b-d7775ec200a6" />
      <TestMethod codeBase="C:/Bruce N/Programming/Quantum Computing/TestComplexNumber/bin/Debug/TestComplexNumber.DLL" adapterTypeName="Microsoft.VisualStudio.TestTools.TestTypes.Unit.UnitTestAdapter, Microsoft.VisualStudio.QualityTools.Tips.UnitTest.Adapter, Version=10.0.0.0, Culture=neutral, PublicKeyToken=b03f5f7f11d50a3a" className="TestComplexNumber.MatrixTest, TestComplexNumber, Version=1.0.0.0, Culture=neutral, PublicKeyToken=null" name="op_MultiplyTest1" />
    </UnitTest>
    <UnitTest name="LengthTest" storage="c:\bruce n\programming\quantum computing\testcomplexnumber\bin\debug\testcomplexnumber.dll" id="81ff8154-7b8a-e690-97b4-6435aa07756d">
      <Execution id="fe71ed35-3379-4510-9b78-57362c2f6d99" />
      <TestMethod codeBase="C:/Bruce N/Programming/Quantum Computing/TestComplexNumber/bin/Debug/TestComplexNumber.DLL" adapterTypeName="Microsoft.VisualStudio.TestTools.TestTypes.Unit.UnitTestAdapter, Microsoft.VisualStudio.QualityTools.Tips.UnitTest.Adapter, Version=10.0.0.0, Culture=neutral, PublicKeyToken=b03f5f7f11d50a3a" className="TestComplexNumber.VectorTest, TestComplexNumber, Version=1.0.0.0, Culture=neutral, PublicKeyToken=null" name="LengthTest" />
    </UnitTest>
    <UnitTest name="Example4o2o14" storage="c:\bruce n\programming\quantum computing\testcomplexnumber\bin\debug\testcomplexnumber.dll" id="a6320d81-84be-b348-18dd-019a5fed078d">
      <Execution id="8a8438e2-453a-4f0b-867c-5af8d44c7639" />
      <TestMethod codeBase="C:/Bruce N/Programming/Quantum Computing/TestComplexNumber/bin/Debug/TestComplexNumber.DLL" adapterTypeName="Microsoft.VisualStudio.TestTools.TestTypes.Unit.UnitTestAdapter, Microsoft.VisualStudio.QualityTools.Tips.UnitTest.Adapter, Version=10.0.0.0, Culture=neutral, PublicKeyToken=b03f5f7f11d50a3a" className="TestComplexNumber.QCExercisesChapter4, TestComplexNumber, Version=1.0.0.0, Culture=neutral, PublicKeyToken=null" name="Example4o2o14" />
    </UnitTest>
    <UnitTest name="TransposeTest" storage="c:\bruce n\programming\quantum computing\testcomplexnumber\bin\debug\testcomplexnumber.dll" id="10573e1f-0aa2-6e3a-c6a4-1a9a094661dc">
      <Execution id="4f219b77-bdcf-4d14-9ab6-1c9f20f92ab9" />
      <TestMethod codeBase="C:/Bruce N/Programming/Quantum Computing/TestComplexNumber/bin/Debug/TestComplexNumber.DLL" adapterTypeName="Microsoft.VisualStudio.TestTools.TestTypes.Unit.UnitTestAdapter, Microsoft.VisualStudio.QualityTools.Tips.UnitTest.Adapter, Version=10.0.0.0, Culture=neutral, PublicKeyToken=b03f5f7f11d50a3a" className="TestComplexNumber.MatrixTest, TestComplexNumber, Version=1.0.0.0, Culture=neutral, PublicKeyToken=null" name="TransposeTest" />
    </UnitTest>
    <UnitTest name="op_AdditionTest" storage="c:\bruce n\programming\quantum computing\testcomplexnumber\bin\debug\testcomplexnumber.dll" id="38b23d36-491d-02f4-07c2-9d3cd23affc3">
      <Execution id="afd762b3-231c-4843-a81a-8b3e84d5cbe9" />
      <TestMethod codeBase="C:/Bruce N/Programming/Quantum Computing/TestComplexNumber/bin/Debug/TestComplexNumber.DLL" adapterTypeName="Microsoft.VisualStudio.TestTools.TestTypes.Unit.UnitTestAdapter, Microsoft.VisualStudio.QualityTools.Tips.UnitTest.Adapter, Version=10.0.0.0, Culture=neutral, PublicKeyToken=b03f5f7f11d50a3a" className="TestComplexNumber.VectorTest, TestComplexNumber, Version=1.0.0.0, Culture=neutral, PublicKeyToken=null" name="op_AdditionTest" />
    </UnitTest>
    <UnitTest name="VectorConstructorTest" storage="c:\bruce n\programming\quantum computing\testcomplexnumber\bin\debug\testcomplexnumber.dll" id="5b0b7f1b-1d05-7deb-83d6-f2293e41cb23">
      <Execution id="0a09362a-4736-4bcd-a88c-cf207e38f530" />
      <TestMethod codeBase="C:/Bruce N/Programming/Quantum Computing/TestComplexNumber/bin/Debug/TestComplexNumber.DLL" adapterTypeName="Microsoft.VisualStudio.TestTools.TestTypes.Unit.UnitTestAdapter, Microsoft.VisualStudio.QualityTools.Tips.UnitTest.Adapter, Version=10.0.0.0, Culture=neutral, PublicKeyToken=b03f5f7f11d50a3a" className="TestComplexNumber.VectorTest, TestComplexNumber, Version=1.0.0.0, Culture=neutral, PublicKeyToken=null" name="VectorConstructorTest" />
    </UnitTest>
    <UnitTest name="Exercise2o6o1" storage="c:\bruce n\programming\quantum computing\testcomplexnumber\bin\debug\testcomplexnumber.dll" id="bfd8552d-cec2-9ab5-c397-fd0fb67479e8">
      <Execution id="a3a878cb-e536-441c-979e-681ab28cde5e" />
      <TestMethod codeBase="C:/Bruce N/Programming/Quantum Computing/TestComplexNumber/bin/Debug/TestComplexNumber.DLL" adapterTypeName="Microsoft.VisualStudio.TestTools.TestTypes.Unit.UnitTestAdapter, Microsoft.VisualStudio.QualityTools.Tips.UnitTest.Adapter, Version=10.0.0.0, Culture=neutral, PublicKeyToken=b03f5f7f11d50a3a" className="TestComplexNumber.QCExercisesChapter2, TestComplexNumber, Version=1.0.0.0, Culture=neutral, PublicKeyToken=null" name="Exercise2o6o1" />
    </UnitTest>
    <UnitTest name="GetKetTest" storage="c:\bruce n\programming\quantum computing\testcomplexnumber\bin\debug\testcomplexnumber.dll" id="f0ba5c0b-8960-4edd-4fed-108844165cf0">
      <Execution id="2848e44c-e030-4cbf-a52d-da861d434b14" />
      <TestMethod codeBase="C:/Bruce N/Programming/Quantum Computing/TestComplexNumber/bin/Debug/TestComplexNumber.DLL" adapterTypeName="Microsoft.VisualStudio.TestTools.TestTypes.Unit.UnitTestAdapter, Microsoft.VisualStudio.QualityTools.Tips.UnitTest.Adapter, Version=10.0.0.0, Culture=neutral, PublicKeyToken=b03f5f7f11d50a3a" className="TestComplexNumber.ComplexVectorTest, TestComplexNumber, Version=1.0.0.0, Culture=neutral, PublicKeyToken=null" name="GetKetTest" />
    </UnitTest>
    <UnitTest name="op_DotProductTest" storage="c:\bruce n\programming\quantum computing\testcomplexnumber\bin\debug\testcomplexnumber.dll" id="45e4093b-3343-3a21-e7a7-e836435896d3">
      <Execution id="9f9ae8ee-453b-4c7c-818d-60d5d435f8dc" />
      <TestMethod codeBase="C:/Bruce N/Programming/Quantum Computing/TestComplexNumber/bin/Debug/TestComplexNumber.DLL" adapterTypeName="Microsoft.VisualStudio.TestTools.TestTypes.Unit.UnitTestAdapter, Microsoft.VisualStudio.QualityTools.Tips.UnitTest.Adapter, Version=10.0.0.0, Culture=neutral, PublicKeyToken=b03f5f7f11d50a3a" className="TestComplexNumber.VectorTest, TestComplexNumber, Version=1.0.0.0, Culture=neutral, PublicKeyToken=null" name="op_DotProductTest" />
    </UnitTest>
    <UnitTest name="Exercise2o6o9" storage="c:\bruce n\programming\quantum computing\testcomplexnumber\bin\debug\testcomplexnumber.dll" id="9c8a3a37-92aa-2f07-2535-a6f269371959">
      <Execution id="83fef958-1aa2-49a2-ba39-bfbf2bdd6648" />
      <TestMethod codeBase="C:/Bruce N/Programming/Quantum Computing/TestComplexNumber/bin/Debug/TestComplexNumber.DLL" adapterTypeName="Microsoft.VisualStudio.TestTools.TestTypes.Unit.UnitTestAdapter, Microsoft.VisualStudio.QualityTools.Tips.UnitTest.Adapter, Version=10.0.0.0, Culture=neutral, PublicKeyToken=b03f5f7f11d50a3a" className="TestComplexNumber.QCExercisesChapter2, TestComplexNumber, Version=1.0.0.0, Culture=neutral, PublicKeyToken=null" name="Exercise2o6o9" />
    </UnitTest>
    <UnitTest name="InnerProductTest" storage="c:\bruce n\programming\quantum computing\testcomplexnumber\bin\debug\testcomplexnumber.dll" id="4611c12d-ab9b-ec67-f03d-aef14139fd18">
      <Execution id="03cfdfa3-dc67-4638-b9de-6f4eb7137f83" />
      <TestMethod codeBase="C:/Bruce N/Programming/Quantum Computing/TestComplexNumber/bin/Debug/TestComplexNumber.DLL" adapterTypeName="Microsoft.VisualStudio.TestTools.TestTypes.Unit.UnitTestAdapter, Microsoft.VisualStudio.QualityTools.Tips.UnitTest.Adapter, Version=10.0.0.0, Culture=neutral, PublicKeyToken=b03f5f7f11d50a3a" className="TestComplexNumber.ComplexMatrixTest, TestComplexNumber, Version=1.0.0.0, Culture=neutral, PublicKeyToken=null" name="InnerProductTest" />
    </UnitTest>
    <UnitTest name="op_MultiplyTest" storage="c:\bruce n\programming\quantum computing\testcomplexnumber\bin\debug\testcomplexnumber.dll" id="0599638c-2006-192a-49da-9fa79df3b55e">
      <Execution id="002268e4-bcf9-48c0-9546-5f5ea6543a83" />
      <TestMethod codeBase="C:/Bruce N/Programming/Quantum Computing/TestComplexNumber/bin/Debug/TestComplexNumber.DLL" adapterTypeName="Microsoft.VisualStudio.TestTools.TestTypes.Unit.UnitTestAdapter, Microsoft.VisualStudio.QualityTools.Tips.UnitTest.Adapter, Version=10.0.0.0, Culture=neutral, PublicKeyToken=b03f5f7f11d50a3a" className="TestComplexNumber.MatrixTest, TestComplexNumber, Version=1.0.0.0, Culture=neutral, PublicKeyToken=null" name="op_MultiplyTest" />
    </UnitTest>
    <UnitTest name="Exercise2o6o6" storage="c:\bruce n\programming\quantum computing\testcomplexnumber\bin\debug\testcomplexnumber.dll" id="0627374f-baab-d288-a8a5-3146f1936a2d">
      <Execution id="fda2cdff-44c0-4791-9df5-6523f4c2a65d" />
      <TestMethod codeBase="C:/Bruce N/Programming/Quantum Computing/TestComplexNumber/bin/Debug/TestComplexNumber.DLL" adapterTypeName="Microsoft.VisualStudio.TestTools.TestTypes.Unit.UnitTestAdapter, Microsoft.VisualStudio.QualityTools.Tips.UnitTest.Adapter, Version=10.0.0.0, Culture=neutral, PublicKeyToken=b03f5f7f11d50a3a" className="TestComplexNumber.QCExercisesChapter2, TestComplexNumber, Version=1.0.0.0, Culture=neutral, PublicKeyToken=null" name="Exercise2o6o6" />
    </UnitTest>
    <UnitTest name="IdentityMatrixTest" storage="c:\bruce n\programming\quantum computing\testcomplexnumber\bin\debug\testcomplexnumber.dll" id="25da0ecb-8f65-f3a6-c92d-fed8f87247e6">
      <Execution id="c235a388-c240-45bd-bcd9-ff77a4a07612" />
      <TestMethod codeBase="C:/Bruce N/Programming/Quantum Computing/TestComplexNumber/bin/Debug/TestComplexNumber.DLL" adapterTypeName="Microsoft.VisualStudio.TestTools.TestTypes.Unit.UnitTestAdapter, Microsoft.VisualStudio.QualityTools.Tips.UnitTest.Adapter, Version=10.0.0.0, Culture=neutral, PublicKeyToken=b03f5f7f11d50a3a" className="TestComplexNumber.MatrixTest, TestComplexNumber, Version=1.0.0.0, Culture=neutral, PublicKeyToken=null" name="IdentityMatrixTest" />
    </UnitTest>
    <UnitTest name="Exercise1o3o3" storage="c:\bruce n\programming\quantum computing\testcomplexnumber\bin\debug\testcomplexnumber.dll" id="70274760-027a-23e7-88b1-7688da4db4eb">
      <Execution id="1d13c182-0234-4b0e-b230-541eff7750b3" />
      <TestMethod codeBase="C:/Bruce N/Programming/Quantum Computing/TestComplexNumber/bin/Debug/TestComplexNumber.DLL" adapterTypeName="Microsoft.VisualStudio.TestTools.TestTypes.Unit.UnitTestAdapter, Microsoft.VisualStudio.QualityTools.Tips.UnitTest.Adapter, Version=10.0.0.0, Culture=neutral, PublicKeyToken=b03f5f7f11d50a3a" className="TestComplexNumber.QCExercisesChapter1, TestComplexNumber, Version=1.0.0.0, Culture=neutral, PublicKeyToken=null" name="Exercise1o3o3" />
    </UnitTest>
    <UnitTest name="Exercise4o2o7" storage="c:\bruce n\programming\quantum computing\testcomplexnumber\bin\debug\testcomplexnumber.dll" id="f368b193-6b5a-1b14-7094-e125316b3e80">
      <Execution id="06139a98-a527-47d1-bf35-77046ae31595" />
      <TestMethod codeBase="C:/Bruce N/Programming/Quantum Computing/TestComplexNumber/bin/Debug/TestComplexNumber.DLL" adapterTypeName="Microsoft.VisualStudio.TestTools.TestTypes.Unit.UnitTestAdapter, Microsoft.VisualStudio.QualityTools.Tips.UnitTest.Adapter, Version=10.0.0.0, Culture=neutral, PublicKeyToken=b03f5f7f11d50a3a" className="TestComplexNumber.QCExercisesChapter4, TestComplexNumber, Version=1.0.0.0, Culture=neutral, PublicKeyToken=null" name="Exercise4o2o7" />
    </UnitTest>
    <UnitTest name="GetAngleTest" storage="c:\bruce n\programming\quantum computing\testcomplexnumber\bin\debug\testcomplexnumber.dll" id="05b12b43-1783-0ca5-6417-946a728e7bad">
      <Execution id="4fdc8e3a-12c9-4254-94a7-d2c99ffe2a61" />
      <TestMethod codeBase="C:/Bruce N/Programming/Quantum Computing/TestComplexNumber/bin/Debug/TestComplexNumber.DLL" adapterTypeName="Microsoft.VisualStudio.TestTools.TestTypes.Unit.UnitTestAdapter, Microsoft.VisualStudio.QualityTools.Tips.UnitTest.Adapter, Version=10.0.0.0, Culture=neutral, PublicKeyToken=b03f5f7f11d50a3a" className="TestComplexNumber.VectorTest, TestComplexNumber, Version=1.0.0.0, Culture=neutral, PublicKeyToken=null" name="GetAngleTest" />
    </UnitTest>
    <UnitTest name="Example4o2o1" storage="c:\bruce n\programming\quantum computing\testcomplexnumber\bin\debug\testcomplexnumber.dll" id="cfda23f5-8521-9279-3cfb-c362ea2104e6">
      <Execution id="aace125d-e6fc-47af-82b5-3053529dc02c" />
      <TestMethod codeBase="C:/Bruce N/Programming/Quantum Computing/TestComplexNumber/bin/Debug/TestComplexNumber.DLL" adapterTypeName="Microsoft.VisualStudio.TestTools.TestTypes.Unit.UnitTestAdapter, Microsoft.VisualStudio.QualityTools.Tips.UnitTest.Adapter, Version=10.0.0.0, Culture=neutral, PublicKeyToken=b03f5f7f11d50a3a" className="TestComplexNumber.QCExercisesChapter4, TestComplexNumber, Version=1.0.0.0, Culture=neutral, PublicKeyToken=null" name="Example4o2o1" />
    </UnitTest>
    <UnitTest name="op_DivisionTest" storage="c:\bruce n\programming\quantum computing\testcomplexnumber\bin\debug\testcomplexnumber.dll" id="8071e8fe-9b4b-2580-cbc1-7f7b5fdb3e47">
      <Execution id="d80d435f-d016-4ad9-8af2-fd4dcf3d20da" />
      <TestMethod codeBase="C:/Bruce N/Programming/Quantum Computing/TestComplexNumber/bin/Debug/TestComplexNumber.DLL" adapterTypeName="Microsoft.VisualStudio.TestTools.TestTypes.Unit.UnitTestAdapter, Microsoft.VisualStudio.QualityTools.Tips.UnitTest.Adapter, Version=10.0.0.0, Culture=neutral, PublicKeyToken=b03f5f7f11d50a3a" className="TestComplexNumber.ComplexNumberTest, TestComplexNumber, Version=1.0.0.0, Culture=neutral, PublicKeyToken=null" name="op_DivisionTest" />
    </UnitTest>
    <UnitTest name="CommutatorTest" storage="c:\bruce n\programming\quantum computing\testcomplexnumber\bin\debug\testcomplexnumber.dll" id="dd1468a1-9af3-1aa0-7b70-41b163e3c3e7">
      <Execution id="4ee40bac-aeb5-4a66-aad5-8b3ce152a36b" />
      <TestMethod codeBase="C:/Bruce N/Programming/Quantum Computing/TestComplexNumber/bin/Debug/TestComplexNumber.DLL" adapterTypeName="Microsoft.VisualStudio.TestTools.TestTypes.Unit.UnitTestAdapter, Microsoft.VisualStudio.QualityTools.Tips.UnitTest.Adapter, Version=10.0.0.0, Culture=neutral, PublicKeyToken=b03f5f7f11d50a3a" className="TestComplexNumber.MatrixTest, TestComplexNumber, Version=1.0.0.0, Culture=neutral, PublicKeyToken=null" name="CommutatorTest" />
    </UnitTest>
    <UnitTest name="ConjugateTest" storage="c:\bruce n\programming\quantum computing\testcomplexnumber\bin\debug\testcomplexnumber.dll" id="d1e32dc2-f33f-5363-4a8c-0ea170a9c822">
      <Execution id="314e243e-8140-4180-9602-6d4f4252c9e5" />
      <TestMethod codeBase="C:/Bruce N/Programming/Quantum Computing/TestComplexNumber/bin/Debug/TestComplexNumber.DLL" adapterTypeName="Microsoft.VisualStudio.TestTools.TestTypes.Unit.UnitTestAdapter, Microsoft.VisualStudio.QualityTools.Tips.UnitTest.Adapter, Version=10.0.0.0, Culture=neutral, PublicKeyToken=b03f5f7f11d50a3a" className="TestComplexNumber.ComplexNumberTest, TestComplexNumber, Version=1.0.0.0, Culture=neutral, PublicKeyToken=null" name="ConjugateTest" />
    </UnitTest>
    <UnitTest name="op_UnaryNegationTest" storage="c:\bruce n\programming\quantum computing\testcomplexnumber\bin\debug\testcomplexnumber.dll" id="8e039ac3-296f-0b32-1467-d43005f9a8c9">
      <Execution id="ced66e9b-3f00-42ae-9c2d-1c728620d731" />
      <TestMethod codeBase="C:/Bruce N/Programming/Quantum Computing/TestComplexNumber/bin/Debug/TestComplexNumber.DLL" adapterTypeName="Microsoft.VisualStudio.TestTools.TestTypes.Unit.UnitTestAdapter, Microsoft.VisualStudio.QualityTools.Tips.UnitTest.Adapter, Version=10.0.0.0, Culture=neutral, PublicKeyToken=b03f5f7f11d50a3a" className="TestComplexNumber.VectorTest, TestComplexNumber, Version=1.0.0.0, Culture=neutral, PublicKeyToken=null" name="op_UnaryNegationTest" />
    </UnitTest>
    <UnitTest name="Exercise2o4o3" storage="c:\bruce n\programming\quantum computing\testcomplexnumber\bin\debug\testcomplexnumber.dll" id="c75fc2ac-fde7-2038-d9a8-d86e951811a0">
      <Execution id="a4801d68-30de-43d2-8afa-0a6caae2c93d" />
      <TestMethod codeBase="C:/Bruce N/Programming/Quantum Computing/TestComplexNumber/bin/Debug/TestComplexNumber.DLL" adapterTypeName="Microsoft.VisualStudio.TestTools.TestTypes.Unit.UnitTestAdapter, Microsoft.VisualStudio.QualityTools.Tips.UnitTest.Adapter, Version=10.0.0.0, Culture=neutral, PublicKeyToken=b03f5f7f11d50a3a" className="TestComplexNumber.QCExercisesChapter2, TestComplexNumber, Version=1.0.0.0, Culture=neutral, PublicKeyToken=null" name="Exercise2o4o3" />
    </UnitTest>
    <UnitTest name="InnerProductTest" storage="c:\bruce n\programming\quantum computing\testcomplexnumber\bin\debug\testcomplexnumber.dll" id="84a3a475-fcd9-a697-a886-bb4311389ff1">
      <Execution id="e744cbb2-82a9-4c6e-b084-42bebea9f319" />
      <TestMethod codeBase="C:/Bruce N/Programming/Quantum Computing/TestComplexNumber/bin/Debug/TestComplexNumber.DLL" adapterTypeName="Microsoft.VisualStudio.TestTools.TestTypes.Unit.UnitTestAdapter, Microsoft.VisualStudio.QualityTools.Tips.UnitTest.Adapter, Version=10.0.0.0, Culture=neutral, PublicKeyToken=b03f5f7f11d50a3a" className="TestComplexNumber.MatrixTest, TestComplexNumber, Version=1.0.0.0, Culture=neutral, PublicKeyToken=null" name="InnerProductTest" />
    </UnitTest>
    <UnitTest name="DistanceTest" storage="c:\bruce n\programming\quantum computing\testcomplexnumber\bin\debug\testcomplexnumber.dll" id="89a43019-9aa1-6b73-f686-b9999e672584">
      <Execution id="a516b8f6-9d94-4241-b9c6-15f26800b7ee" />
      <TestMethod codeBase="C:/Bruce N/Programming/Quantum Computing/TestComplexNumber/bin/Debug/TestComplexNumber.DLL" adapterTypeName="Microsoft.VisualStudio.TestTools.TestTypes.Unit.UnitTestAdapter, Microsoft.VisualStudio.QualityTools.Tips.UnitTest.Adapter, Version=10.0.0.0, Culture=neutral, PublicKeyToken=b03f5f7f11d50a3a" className="TestComplexNumber.VectorTest, TestComplexNumber, Version=1.0.0.0, Culture=neutral, PublicKeyToken=null" name="DistanceTest" />
    </UnitTest>
    <UnitTest name="Exercise2o4o6" storage="c:\bruce n\programming\quantum computing\testcomplexnumber\bin\debug\testcomplexnumber.dll" id="70b0a96d-aaac-2125-44fa-4f6d63eb62a7">
      <Execution id="0857633b-6cc3-4211-9950-0bdf3c160d80" />
      <TestMethod codeBase="C:/Bruce N/Programming/Quantum Computing/TestComplexNumber/bin/Debug/TestComplexNumber.DLL" adapterTypeName="Microsoft.VisualStudio.TestTools.TestTypes.Unit.UnitTestAdapter, Microsoft.VisualStudio.QualityTools.Tips.UnitTest.Adapter, Version=10.0.0.0, Culture=neutral, PublicKeyToken=b03f5f7f11d50a3a" className="TestComplexNumber.QCExercisesChapter2, TestComplexNumber, Version=1.0.0.0, Culture=neutral, PublicKeyToken=null" name="Exercise2o4o6" />
    </UnitTest>
    <UnitTest name="EqualsTest" storage="c:\bruce n\programming\quantum computing\testcomplexnumber\bin\debug\testcomplexnumber.dll" id="e620761f-f36f-3a30-5a60-f84267c8154b">
      <Execution id="dbf5e893-d42c-43fa-b3c3-2409862f9cbf" />
      <TestMethod codeBase="C:/Bruce N/Programming/Quantum Computing/TestComplexNumber/bin/Debug/TestComplexNumber.DLL" adapterTypeName="Microsoft.VisualStudio.TestTools.TestTypes.Unit.UnitTestAdapter, Microsoft.VisualStudio.QualityTools.Tips.UnitTest.Adapter, Version=10.0.0.0, Culture=neutral, PublicKeyToken=b03f5f7f11d50a3a" className="TestComplexNumber.MatrixTest, TestComplexNumber, Version=1.0.0.0, Culture=neutral, PublicKeyToken=null" name="EqualsTest" />
    </UnitTest>
    <UnitTest name="Exercise3o3o1" storage="c:\bruce n\programming\quantum computing\testcomplexnumber\bin\debug\testcomplexnumber.dll" id="2495be45-e753-45de-32ff-e2c3eb28668d">
      <Execution id="4112f5e8-424d-4ffb-8774-dcccc1b6b879" />
      <TestMethod codeBase="C:/Bruce N/Programming/Quantum Computing/TestComplexNumber/bin/Debug/TestComplexNumber.DLL" adapterTypeName="Microsoft.VisualStudio.TestTools.TestTypes.Unit.UnitTestAdapter, Microsoft.VisualStudio.QualityTools.Tips.UnitTest.Adapter, Version=10.0.0.0, Culture=neutral, PublicKeyToken=b03f5f7f11d50a3a" className="TestComplexNumber.QCExercisesChapter3, TestComplexNumber, Version=1.0.0.0, Culture=neutral, PublicKeyToken=null" name="Exercise3o3o1" />
    </UnitTest>
    <UnitTest name="Exercise4o2o8" storage="c:\bruce n\programming\quantum computing\testcomplexnumber\bin\debug\testcomplexnumber.dll" id="8c87e582-c187-2428-641f-ac52b8bc8afb">
      <Execution id="6265654e-0798-4974-96ce-5892f7a151a5" />
      <TestMethod codeBase="C:/Bruce N/Programming/Quantum Computing/TestComplexNumber/bin/Debug/TestComplexNumber.DLL" adapterTypeName="Microsoft.VisualStudio.TestTools.TestTypes.Unit.UnitTestAdapter, Microsoft.VisualStudio.QualityTools.Tips.UnitTest.Adapter, Version=10.0.0.0, Culture=neutral, PublicKeyToken=b03f5f7f11d50a3a" className="TestComplexNumber.QCExercisesChapter4, TestComplexNumber, Version=1.0.0.0, Culture=neutral, PublicKeyToken=null" name="Exercise4o2o8" />
    </UnitTest>
    <UnitTest name="op_PowerTest" storage="c:\bruce n\programming\quantum computing\testcomplexnumber\bin\debug\testcomplexnumber.dll" id="2461313c-95d1-07bf-c932-ab214f8a619b">
      <Execution id="9a4eeb06-71b3-4128-b62b-453c2431cc39" />
      <TestMethod codeBase="C:/Bruce N/Programming/Quantum Computing/TestComplexNumber/bin/Debug/TestComplexNumber.DLL" adapterTypeName="Microsoft.VisualStudio.TestTools.TestTypes.Unit.UnitTestAdapter, Microsoft.VisualStudio.QualityTools.Tips.UnitTest.Adapter, Version=10.0.0.0, Culture=neutral, PublicKeyToken=b03f5f7f11d50a3a" className="TestComplexNumber.ComplexNumberTest, TestComplexNumber, Version=1.0.0.0, Culture=neutral, PublicKeyToken=null" name="op_PowerTest" />
    </UnitTest>
    <UnitTest name="GetNormalizedAmplitudeTest" storage="c:\bruce n\programming\quantum computing\testcomplexnumber\bin\debug\testcomplexnumber.dll" id="7c93be96-b5a0-1d46-8810-c4cc0920cb2c">
      <Execution id="5cf17208-3539-4221-85a1-54ffe830a90c" />
      <TestMethod codeBase="C:/Bruce N/Programming/Quantum Computing/TestComplexNumber/bin/Debug/TestComplexNumber.DLL" adapterTypeName="Microsoft.VisualStudio.TestTools.TestTypes.Unit.UnitTestAdapter, Microsoft.VisualStudio.QualityTools.Tips.UnitTest.Adapter, Version=10.0.0.0, Culture=neutral, PublicKeyToken=b03f5f7f11d50a3a" className="TestComplexNumber.ComplexVectorTest, TestComplexNumber, Version=1.0.0.0, Culture=neutral, PublicKeyToken=null" name="GetNormalizedAmplitudeTest" />
    </UnitTest>
    <UnitTest name="op_AdditionTest" storage="c:\bruce n\programming\quantum computing\testcomplexnumber\bin\debug\testcomplexnumber.dll" id="728da468-f507-e742-b2ad-f61f3c2f234c">
      <Execution id="c10d6a52-d9ee-4013-a870-0b380901651d" />
      <TestMethod codeBase="C:/Bruce N/Programming/Quantum Computing/TestComplexNumber/bin/Debug/TestComplexNumber.DLL" adapterTypeName="Microsoft.VisualStudio.TestTools.TestTypes.Unit.UnitTestAdapter, Microsoft.VisualStudio.QualityTools.Tips.UnitTest.Adapter, Version=10.0.0.0, Culture=neutral, PublicKeyToken=b03f5f7f11d50a3a" className="TestComplexNumber.ComplexNumberTest, TestComplexNumber, Version=1.0.0.0, Culture=neutral, PublicKeyToken=null" name="op_AdditionTest" />
    </UnitTest>
    <UnitTest name="EqualsTest" storage="c:\bruce n\programming\quantum computing\testcomplexnumber\bin\debug\testcomplexnumber.dll" id="2196f553-8d96-0cb1-ab6a-222290e750c6">
      <Execution id="b83fe4ab-cd9d-4b50-95d3-33211abb9fc9" />
      <TestMethod codeBase="C:/Bruce N/Programming/Quantum Computing/TestComplexNumber/bin/Debug/TestComplexNumber.DLL" adapterTypeName="Microsoft.VisualStudio.TestTools.TestTypes.Unit.UnitTestAdapter, Microsoft.VisualStudio.QualityTools.Tips.UnitTest.Adapter, Version=10.0.0.0, Culture=neutral, PublicKeyToken=b03f5f7f11d50a3a" className="TestComplexNumber.ComplexVectorTest, TestComplexNumber, Version=1.0.0.0, Culture=neutral, PublicKeyToken=null" name="EqualsTest" />
    </UnitTest>
    <UnitTest name="op_SubtractionTest" storage="c:\bruce n\programming\quantum computing\testcomplexnumber\bin\debug\testcomplexnumber.dll" id="8283d241-590a-b382-504b-bad3e64fc92e">
      <Execution id="085b9c83-5e82-4c72-ab2d-7892a28fc587" />
      <TestMethod codeBase="C:/Bruce N/Programming/Quantum Computing/TestComplexNumber/bin/Debug/TestComplexNumber.DLL" adapterTypeName="Microsoft.VisualStudio.TestTools.TestTypes.Unit.UnitTestAdapter, Microsoft.VisualStudio.QualityTools.Tips.UnitTest.Adapter, Version=10.0.0.0, Culture=neutral, PublicKeyToken=b03f5f7f11d50a3a" className="TestComplexNumber.MatrixTest, TestComplexNumber, Version=1.0.0.0, Culture=neutral, PublicKeyToken=null" name="op_SubtractionTest" />
    </UnitTest>
    <UnitTest name="Exercise3o2o6" storage="c:\bruce n\programming\quantum computing\testcomplexnumber\bin\debug\testcomplexnumber.dll" id="aec04687-b925-f293-88d7-b9bf8f00fc28">
      <Execution id="9e2d4149-6227-457b-a179-449dc8b44f60" />
      <TestMethod codeBase="C:/Bruce N/Programming/Quantum Computing/TestComplexNumber/bin/Debug/TestComplexNumber.DLL" adapterTypeName="Microsoft.VisualStudio.TestTools.TestTypes.Unit.UnitTestAdapter, Microsoft.VisualStudio.QualityTools.Tips.UnitTest.Adapter, Version=10.0.0.0, Culture=neutral, PublicKeyToken=b03f5f7f11d50a3a" className="TestComplexNumber.QCExercisesChapter3, TestComplexNumber, Version=1.0.0.0, Culture=neutral, PublicKeyToken=null" name="Exercise3o2o6" />
    </UnitTest>
    <UnitTest name="TransposeTest" storage="c:\bruce n\programming\quantum computing\testcomplexnumber\bin\debug\testcomplexnumber.dll" id="45c1478b-4df2-7873-3421-9c35cffff0b5">
      <Execution id="19de3c6d-2bf9-49ae-b8e3-9eaa5a73264a" />
      <TestMethod codeBase="C:/Bruce N/Programming/Quantum Computing/TestComplexNumber/bin/Debug/TestComplexNumber.DLL" adapterTypeName="Microsoft.VisualStudio.TestTools.TestTypes.Unit.UnitTestAdapter, Microsoft.VisualStudio.QualityTools.Tips.UnitTest.Adapter, Version=10.0.0.0, Culture=neutral, PublicKeyToken=b03f5f7f11d50a3a" className="TestComplexNumber.ComplexMatrixTest, TestComplexNumber, Version=1.0.0.0, Culture=neutral, PublicKeyToken=null" name="TransposeTest" />
    </UnitTest>
    <UnitTest name="ModulusTest" storage="c:\bruce n\programming\quantum computing\testcomplexnumber\bin\debug\testcomplexnumber.dll" id="85bc1fba-aa1e-c1ef-9000-a508e9350978">
      <Execution id="38a72ce4-47f1-42ad-8c23-6885d212e197" />
      <TestMethod codeBase="C:/Bruce N/Programming/Quantum Computing/TestComplexNumber/bin/Debug/TestComplexNumber.DLL" adapterTypeName="Microsoft.VisualStudio.TestTools.TestTypes.Unit.UnitTestAdapter, Microsoft.VisualStudio.QualityTools.Tips.UnitTest.Adapter, Version=10.0.0.0, Culture=neutral, PublicKeyToken=b03f5f7f11d50a3a" className="TestComplexNumber.ComplexNumberTest, TestComplexNumber, Version=1.0.0.0, Culture=neutral, PublicKeyToken=null" name="ModulusTest" />
    </UnitTest>
    <UnitTest name="SetCartesianCoordinatesTest" storage="c:\bruce n\programming\quantum computing\testcomplexnumber\bin\debug\testcomplexnumber.dll" id="7f3420a7-c01c-ee16-8a61-460ee76e48af">
      <Execution id="3a5c31a1-8e26-43e8-9f58-02bf1e45414f" />
      <TestMethod codeBase="C:/Bruce N/Programming/Quantum Computing/TestComplexNumber/bin/Debug/TestComplexNumber.DLL" adapterTypeName="Microsoft.VisualStudio.TestTools.TestTypes.Unit.UnitTestAdapter, Microsoft.VisualStudio.QualityTools.Tips.UnitTest.Adapter, Version=10.0.0.0, Culture=neutral, PublicKeyToken=b03f5f7f11d50a3a" className="TestComplexNumber.ComplexNumberTest, TestComplexNumber, Version=1.0.0.0, Culture=neutral, PublicKeyToken=null" name="SetCartesianCoordinatesTest" />
    </UnitTest>
    <UnitTest name="TestEquation2o13" storage="c:\bruce n\programming\quantum computing\testcomplexnumber\bin\debug\testcomplexnumber.dll" id="e3655047-245b-e2c7-2c26-19e72f979c1d">
      <Execution id="20817e9e-4b58-436b-b4c1-e54cc61688fc" />
      <TestMethod codeBase="C:/Bruce N/Programming/Quantum Computing/TestComplexNumber/bin/Debug/TestComplexNumber.DLL" adapterTypeName="Microsoft.VisualStudio.TestTools.TestTypes.Unit.UnitTestAdapter, Microsoft.VisualStudio.QualityTools.Tips.UnitTest.Adapter, Version=10.0.0.0, Culture=neutral, PublicKeyToken=b03f5f7f11d50a3a" className="TestComplexNumber.QCExercisesChapter2, TestComplexNumber, Version=1.0.0.0, Culture=neutral, PublicKeyToken=null" name="TestEquation2o13" />
    </UnitTest>
    <UnitTest name="PolarCoordinatesTest" storage="c:\bruce n\programming\quantum computing\testcomplexnumber\bin\debug\testcomplexnumber.dll" id="fb89f0d9-b250-f580-809f-a6350fa8fd66">
      <Execution id="40b40b40-ceb2-40c0-a435-4d14f46d55fa" />
      <TestMethod codeBase="C:/Bruce N/Programming/Quantum Computing/TestComplexNumber/bin/Debug/TestComplexNumber.DLL" adapterTypeName="Microsoft.VisualStudio.TestTools.TestTypes.Unit.UnitTestAdapter, Microsoft.VisualStudio.QualityTools.Tips.UnitTest.Adapter, Version=10.0.0.0, Culture=neutral, PublicKeyToken=b03f5f7f11d50a3a" className="TestComplexNumber.ComplexNumberTest, TestComplexNumber, Version=1.0.0.0, Culture=neutral, PublicKeyToken=null" name="PolarCoordinatesTest" />
    </UnitTest>
    <UnitTest name="Exercise3o1o1" storage="c:\bruce n\programming\quantum computing\testcomplexnumber\bin\debug\testcomplexnumber.dll" id="8948e81d-4481-f3a6-0a8b-92d5a21b0ed1">
      <Execution id="a2439555-77af-4aea-8edf-9ec8cb1924f3" />
      <TestMethod codeBase="C:/Bruce N/Programming/Quantum Computing/TestComplexNumber/bin/Debug/TestComplexNumber.DLL" adapterTypeName="Microsoft.VisualStudio.TestTools.TestTypes.Unit.UnitTestAdapter, Microsoft.VisualStudio.QualityTools.Tips.UnitTest.Adapter, Version=10.0.0.0, Culture=neutral, PublicKeyToken=b03f5f7f11d50a3a" className="TestComplexNumber.QCExercisesChapter3, TestComplexNumber, Version=1.0.0.0, Culture=neutral, PublicKeyToken=null" name="Exercise3o1o1" />
    </UnitTest>
    <UnitTest name="Exercise3o1o2" storage="c:\bruce n\programming\quantum computing\testcomplexnumber\bin\debug\testcomplexnumber.dll" id="1683eaf6-b230-9872-7e1d-e1c2509c0be1">
      <Execution id="2d67e323-330c-49c2-841f-93418037e614" />
      <TestMethod codeBase="C:/Bruce N/Programming/Quantum Computing/TestComplexNumber/bin/Debug/TestComplexNumber.DLL" adapterTypeName="Microsoft.VisualStudio.TestTools.TestTypes.Unit.UnitTestAdapter, Microsoft.VisualStudio.QualityTools.Tips.UnitTest.Adapter, Version=10.0.0.0, Culture=neutral, PublicKeyToken=b03f5f7f11d50a3a" className="TestComplexNumber.QCExercisesChapter3, TestComplexNumber, Version=1.0.0.0, Culture=neutral, PublicKeyToken=null" name="Exercise3o1o2" />
    </UnitTest>
    <UnitTest name="ToStringTest" storage="c:\bruce n\programming\quantum computing\testcomplexnumber\bin\debug\testcomplexnumber.dll" id="a742c746-5181-52e8-23a7-13e7e8c75d0d">
      <Execution id="cbb7337b-87bd-4d30-b000-8f290f693ca9" />
      <TestMethod codeBase="C:/Bruce N/Programming/Quantum Computing/TestComplexNumber/bin/Debug/TestComplexNumber.DLL" adapterTypeName="Microsoft.VisualStudio.TestTools.TestTypes.Unit.UnitTestAdapter, Microsoft.VisualStudio.QualityTools.Tips.UnitTest.Adapter, Version=10.0.0.0, Culture=neutral, PublicKeyToken=b03f5f7f11d50a3a" className="TestComplexNumber.VectorTest, TestComplexNumber, Version=1.0.0.0, Culture=neutral, PublicKeyToken=null" name="ToStringTest" />
    </UnitTest>
    <UnitTest name="IsOrthogonalTest" storage="c:\bruce n\programming\quantum computing\testcomplexnumber\bin\debug\testcomplexnumber.dll" id="f45ba4d9-1948-fd2a-d93c-c51eacddf456">
      <Execution id="b481d69f-a4e2-422a-b2e6-bd25994e7593" />
      <TestMethod codeBase="C:/Bruce N/Programming/Quantum Computing/TestComplexNumber/bin/Debug/TestComplexNumber.DLL" adapterTypeName="Microsoft.VisualStudio.TestTools.TestTypes.Unit.UnitTestAdapter, Microsoft.VisualStudio.QualityTools.Tips.UnitTest.Adapter, Version=10.0.0.0, Culture=neutral, PublicKeyToken=b03f5f7f11d50a3a" className="TestComplexNumber.VectorTest, TestComplexNumber, Version=1.0.0.0, Culture=neutral, PublicKeyToken=null" name="IsOrthogonalTest" />
    </UnitTest>
    <UnitTest name="Number13" storage="c:\bruce n\programming\quantum computing\testcomplexnumber\bin\debug\testcomplexnumber.dll" id="0ba55472-e42d-ce89-4611-b74239fe58fa">
      <Execution id="ca1ca96e-fcac-4ff1-95e2-3872a8b2f889" />
      <TestMethod codeBase="C:/Bruce N/Programming/Quantum Computing/TestComplexNumber/bin/Debug/TestComplexNumber.DLL" adapterTypeName="Microsoft.VisualStudio.TestTools.TestTypes.Unit.UnitTestAdapter, Microsoft.VisualStudio.QualityTools.Tips.UnitTest.Adapter, Version=10.0.0.0, Culture=neutral, PublicKeyToken=b03f5f7f11d50a3a" className="ExercisesChapter1Tests.LAExercise1o1, TestComplexNumber, Version=1.0.0.0, Culture=neutral, PublicKeyToken=null" name="Number13" />
    </UnitTest>
    <UnitTest name="SetToZeroTest" storage="c:\bruce n\programming\quantum computing\testcomplexnumber\bin\debug\testcomplexnumber.dll" id="965a50e8-2ef6-40c1-4122-e2170c7021eb">
      <Execution id="0830aed2-b12c-4594-b7d7-1f8f2b8c8dbb" />
      <TestMethod codeBase="C:/Bruce N/Programming/Quantum Computing/TestComplexNumber/bin/Debug/TestComplexNumber.DLL" adapterTypeName="Microsoft.VisualStudio.TestTools.TestTypes.Unit.UnitTestAdapter, Microsoft.VisualStudio.QualityTools.Tips.UnitTest.Adapter, Version=10.0.0.0, Culture=neutral, PublicKeyToken=b03f5f7f11d50a3a" className="TestComplexNumber.ComplexVectorTest, TestComplexNumber, Version=1.0.0.0, Culture=neutral, PublicKeyToken=null" name="SetToZeroTest" />
    </UnitTest>
    <UnitTest name="InnerProductTest" storage="c:\bruce n\programming\quantum computing\testcomplexnumber\bin\debug\testcomplexnumber.dll" id="7f620adb-a555-cf8e-6039-9aba1a009772">
      <Execution id="a3455610-835b-42be-b756-161a6fba69cf" />
      <TestMethod codeBase="C:/Bruce N/Programming/Quantum Computing/TestComplexNumber/bin/Debug/TestComplexNumber.DLL" adapterTypeName="Microsoft.VisualStudio.TestTools.TestTypes.Unit.UnitTestAdapter, Microsoft.VisualStudio.QualityTools.Tips.UnitTest.Adapter, Version=10.0.0.0, Culture=neutral, PublicKeyToken=b03f5f7f11d50a3a" className="TestComplexNumber.ComplexNumberTest, TestComplexNumber, Version=1.0.0.0, Culture=neutral, PublicKeyToken=null" name="InnerProductTest" />
    </UnitTest>
    <UnitTest name="Example4o2o7" storage="c:\bruce n\programming\quantum computing\testcomplexnumber\bin\debug\testcomplexnumber.dll" id="acd83d3c-1f09-56f5-c309-c66c3b56b876">
      <Execution id="d07527f8-4795-4ee8-b73c-b8d51d9b1ddc" />
      <TestMethod codeBase="C:/Bruce N/Programming/Quantum Computing/TestComplexNumber/bin/Debug/TestComplexNumber.DLL" adapterTypeName="Microsoft.VisualStudio.TestTools.TestTypes.Unit.UnitTestAdapter, Microsoft.VisualStudio.QualityTools.Tips.UnitTest.Adapter, Version=10.0.0.0, Culture=neutral, PublicKeyToken=b03f5f7f11d50a3a" className="TestComplexNumber.QCExercisesChapter4, TestComplexNumber, Version=1.0.0.0, Culture=neutral, PublicKeyToken=null" name="Example4o2o7" />
    </UnitTest>
    <UnitTest name="op_MultiplyTest1" storage="c:\bruce n\programming\quantum computing\testcomplexnumber\bin\debug\testcomplexnumber.dll" id="a250f3fb-9de6-3396-c0f7-a3dadfe0ee2c">
      <Execution id="e1808b1c-1eb5-4665-b6ce-e17d29993d50" />
      <TestMethod codeBase="C:/Bruce N/Programming/Quantum Computing/TestComplexNumber/bin/Debug/TestComplexNumber.DLL" adapterTypeName="Microsoft.VisualStudio.TestTools.TestTypes.Unit.UnitTestAdapter, Microsoft.VisualStudio.QualityTools.Tips.UnitTest.Adapter, Version=10.0.0.0, Culture=neutral, PublicKeyToken=b03f5f7f11d50a3a" className="TestComplexNumber.ComplexNumberTest, TestComplexNumber, Version=1.0.0.0, Culture=neutral, PublicKeyToken=null" name="op_MultiplyTest1" />
    </UnitTest>
    <UnitTest name="Exercise1o3o9" storage="c:\bruce n\programming\quantum computing\testcomplexnumber\bin\debug\testcomplexnumber.dll" id="fa18e5a6-2bc3-12df-bb51-c37d30f52f95">
      <Execution id="11590007-2a45-42d1-9ebf-c26797254b46" />
      <TestMethod codeBase="C:/Bruce N/Programming/Quantum Computing/TestComplexNumber/bin/Debug/TestComplexNumber.DLL" adapterTypeName="Microsoft.VisualStudio.TestTools.TestTypes.Unit.UnitTestAdapter, Microsoft.VisualStudio.QualityTools.Tips.UnitTest.Adapter, Version=10.0.0.0, Culture=neutral, PublicKeyToken=b03f5f7f11d50a3a" className="TestComplexNumber.QCExercisesChapter1, TestComplexNumber, Version=1.0.0.0, Culture=neutral, PublicKeyToken=null" name="Exercise1o3o9" />
    </UnitTest>
    <UnitTest name="op_UnaryNegationTest" storage="c:\bruce n\programming\quantum computing\testcomplexnumber\bin\debug\testcomplexnumber.dll" id="df464f9e-b112-5566-5b91-0946280686ed">
      <Execution id="b0bd51a9-a44e-4e33-9d11-b5bc7b93132e" />
      <TestMethod codeBase="C:/Bruce N/Programming/Quantum Computing/TestComplexNumber/bin/Debug/TestComplexNumber.DLL" adapterTypeName="Microsoft.VisualStudio.TestTools.TestTypes.Unit.UnitTestAdapter, Microsoft.VisualStudio.QualityTools.Tips.UnitTest.Adapter, Version=10.0.0.0, Culture=neutral, PublicKeyToken=b03f5f7f11d50a3a" className="TestComplexNumber.MatrixTest, TestComplexNumber, Version=1.0.0.0, Culture=neutral, PublicKeyToken=null" name="op_UnaryNegationTest" />
    </UnitTest>
    <UnitTest name="op_AdditionTest" storage="c:\bruce n\programming\quantum computing\testcomplexnumber\bin\debug\testcomplexnumber.dll" id="843d4548-139b-668c-d827-42f4346b3ef0">
      <Execution id="056992dc-4def-4604-9b07-cc885330704e" />
      <TestMethod codeBase="C:/Bruce N/Programming/Quantum Computing/TestComplexNumber/bin/Debug/TestComplexNumber.DLL" adapterTypeName="Microsoft.VisualStudio.TestTools.TestTypes.Unit.UnitTestAdapter, Microsoft.VisualStudio.QualityTools.Tips.UnitTest.Adapter, Version=10.0.0.0, Culture=neutral, PublicKeyToken=b03f5f7f11d50a3a" className="TestComplexNumber.MatrixTest, TestComplexNumber, Version=1.0.0.0, Culture=neutral, PublicKeyToken=null" name="op_AdditionTest" />
    </UnitTest>
    <UnitTest name="ImaginaryTest" storage="c:\bruce n\programming\quantum computing\testcomplexnumber\bin\debug\testcomplexnumber.dll" id="f2fd9c40-ebed-2a46-34fc-5586a484fe11">
      <Execution id="267cabd3-6db6-4876-b4fb-09bf1d101e19" />
      <TestMethod codeBase="C:/Bruce N/Programming/Quantum Computing/TestComplexNumber/bin/Debug/TestComplexNumber.DLL" adapterTypeName="Microsoft.VisualStudio.TestTools.TestTypes.Unit.UnitTestAdapter, Microsoft.VisualStudio.QualityTools.Tips.UnitTest.Adapter, Version=10.0.0.0, Culture=neutral, PublicKeyToken=b03f5f7f11d50a3a" className="TestComplexNumber.ComplexNumberTest, TestComplexNumber, Version=1.0.0.0, Culture=neutral, PublicKeyToken=null" name="ImaginaryTest" />
    </UnitTest>
    <UnitTest name="Exercise2o2o9" storage="c:\bruce n\programming\quantum computing\testcomplexnumber\bin\debug\testcomplexnumber.dll" id="6ffdc6d3-cefb-3296-5e75-ac13fe3afd03">
      <Execution id="aaa07436-1abd-40b0-8639-5aea10989b70" />
      <TestMethod codeBase="C:/Bruce N/Programming/Quantum Computing/TestComplexNumber/bin/Debug/TestComplexNumber.DLL" adapterTypeName="Microsoft.VisualStudio.TestTools.TestTypes.Unit.UnitTestAdapter, Microsoft.VisualStudio.QualityTools.Tips.UnitTest.Adapter, Version=10.0.0.0, Culture=neutral, PublicKeyToken=b03f5f7f11d50a3a" className="TestComplexNumber.QCExercisesChapter2, TestComplexNumber, Version=1.0.0.0, Culture=neutral, PublicKeyToken=null" name="Exercise2o2o9" />
    </UnitTest>
    <UnitTest name="Exercise2o1o1" storage="c:\bruce n\programming\quantum computing\testcomplexnumber\bin\debug\testcomplexnumber.dll" id="3ab0606d-4843-ff36-b97d-0c79e11782f1">
      <Execution id="0092cdb5-69a8-4893-9bdc-e4648f6179bb" />
      <TestMethod codeBase="C:/Bruce N/Programming/Quantum Computing/TestComplexNumber/bin/Debug/TestComplexNumber.DLL" adapterTypeName="Microsoft.VisualStudio.TestTools.TestTypes.Unit.UnitTestAdapter, Microsoft.VisualStudio.QualityTools.Tips.UnitTest.Adapter, Version=10.0.0.0, Culture=neutral, PublicKeyToken=b03f5f7f11d50a3a" className="TestComplexNumber.QCExercisesChapter2, TestComplexNumber, Version=1.0.0.0, Culture=neutral, PublicKeyToken=null" name="Exercise2o1o1" />
    </UnitTest>
    <UnitTest name="GetAmplitudeTest" storage="c:\bruce n\programming\quantum computing\testcomplexnumber\bin\debug\testcomplexnumber.dll" id="d5ba24d1-27d1-0b69-994f-a21952016180">
      <Execution id="862197b2-9d19-4ad2-841a-6d4a5cb85abb" />
      <TestMethod codeBase="C:/Bruce N/Programming/Quantum Computing/TestComplexNumber/bin/Debug/TestComplexNumber.DLL" adapterTypeName="Microsoft.VisualStudio.TestTools.TestTypes.Unit.UnitTestAdapter, Microsoft.VisualStudio.QualityTools.Tips.UnitTest.Adapter, Version=10.0.0.0, Culture=neutral, PublicKeyToken=b03f5f7f11d50a3a" className="TestComplexNumber.ComplexVectorTest, TestComplexNumber, Version=1.0.0.0, Culture=neutral, PublicKeyToken=null" name="GetAmplitudeTest" />
    </UnitTest>
    <UnitTest name="DivideTest" storage="c:\bruce n\programming\quantum computing\testcomplexnumber\bin\debug\testcomplexnumber.dll" id="cad52bb7-add3-40f2-d3bf-b3532e5f7a63">
      <Execution id="cdfde3ac-df30-4dda-9943-0ba83984cb69" />
      <TestMethod codeBase="C:/Bruce N/Programming/Quantum Computing/TestComplexNumber/bin/Debug/TestComplexNumber.DLL" adapterTypeName="Microsoft.VisualStudio.TestTools.TestTypes.Unit.UnitTestAdapter, Microsoft.VisualStudio.QualityTools.Tips.UnitTest.Adapter, Version=10.0.0.0, Culture=neutral, PublicKeyToken=b03f5f7f11d50a3a" className="TestComplexNumber.ComplexNumberTest, TestComplexNumber, Version=1.0.0.0, Culture=neutral, PublicKeyToken=null" name="DivideTest" />
    </UnitTest>
    <UnitTest name="op_MultiplyTest" storage="c:\bruce n\programming\quantum computing\testcomplexnumber\bin\debug\testcomplexnumber.dll" id="a2a281b6-476e-eb5a-45e5-afa89a5fb8b5">
      <Execution id="e885c5fd-79e1-42a6-bec3-860417eb554e" />
      <TestMethod codeBase="C:/Bruce N/Programming/Quantum Computing/TestComplexNumber/bin/Debug/TestComplexNumber.DLL" adapterTypeName="Microsoft.VisualStudio.TestTools.TestTypes.Unit.UnitTestAdapter, Microsoft.VisualStudio.QualityTools.Tips.UnitTest.Adapter, Version=10.0.0.0, Culture=neutral, PublicKeyToken=b03f5f7f11d50a3a" className="TestComplexNumber.ComplexNumberTest, TestComplexNumber, Version=1.0.0.0, Culture=neutral, PublicKeyToken=null" name="op_MultiplyTest" />
    </UnitTest>
    <UnitTest name="IsHermitianTest" storage="c:\bruce n\programming\quantum computing\testcomplexnumber\bin\debug\testcomplexnumber.dll" id="49e51852-7075-5008-f887-b580ee4d13af">
      <Execution id="874d4a57-1523-4042-adbe-e96633333a5f" />
      <TestMethod codeBase="C:/Bruce N/Programming/Quantum Computing/TestComplexNumber/bin/Debug/TestComplexNumber.DLL" adapterTypeName="Microsoft.VisualStudio.TestTools.TestTypes.Unit.UnitTestAdapter, Microsoft.VisualStudio.QualityTools.Tips.UnitTest.Adapter, Version=10.0.0.0, Culture=neutral, PublicKeyToken=b03f5f7f11d50a3a" className="TestComplexNumber.ComplexMatrixTest, TestComplexNumber, Version=1.0.0.0, Culture=neutral, PublicKeyToken=null" name="IsHermitianTest" />
    </UnitTest>
    <UnitTest name="ComplexToDoubleTest" storage="c:\bruce n\programming\quantum computing\testcomplexnumber\bin\debug\testcomplexnumber.dll" id="3c01b151-3119-7729-69fb-12ad4b09e592">
      <DeploymentItems>
        <DeploymentItem filename="LinearAlgebra.dll" />
      </DeploymentItems>
      <Execution id="da2eabfb-6cc4-4e56-a2cd-daadbd25ac02" />
      <TestMethod codeBase="C:/Bruce N/Programming/Quantum Computing/TestComplexNumber/bin/Debug/TestComplexNumber.DLL" adapterTypeName="Microsoft.VisualStudio.TestTools.TestTypes.Unit.UnitTestAdapter, Microsoft.VisualStudio.QualityTools.Tips.UnitTest.Adapter, Version=10.0.0.0, Culture=neutral, PublicKeyToken=b03f5f7f11d50a3a" className="TestComplexNumber.MatrixTest, TestComplexNumber, Version=1.0.0.0, Culture=neutral, PublicKeyToken=null" name="ComplexToDoubleTest" />
    </UnitTest>
    <UnitTest name="Exercise1o2o12" storage="c:\bruce n\programming\quantum computing\testcomplexnumber\bin\debug\testcomplexnumber.dll" id="511a4f61-ce89-55d2-60bf-217e67e9f532">
      <Execution id="5ec3dc7e-c8cc-4f23-b56d-b0565a79ce45" />
      <TestMethod codeBase="C:/Bruce N/Programming/Quantum Computing/TestComplexNumber/bin/Debug/TestComplexNumber.DLL" adapterTypeName="Microsoft.VisualStudio.TestTools.TestTypes.Unit.UnitTestAdapter, Microsoft.VisualStudio.QualityTools.Tips.UnitTest.Adapter, Version=10.0.0.0, Culture=neutral, PublicKeyToken=b03f5f7f11d50a3a" className="TestComplexNumber.QCExercisesChapter1, TestComplexNumber, Version=1.0.0.0, Culture=neutral, PublicKeyToken=null" name="Exercise1o2o12" />
    </UnitTest>
    <UnitTest name="Exercise1o2o4" storage="c:\bruce n\programming\quantum computing\testcomplexnumber\bin\debug\testcomplexnumber.dll" id="afbb9659-a5fc-9266-3d62-d7f0d8dcbab6">
      <Execution id="9d45cc2c-7246-4cd5-b688-b3fcfe46c3bd" />
      <TestMethod codeBase="C:/Bruce N/Programming/Quantum Computing/TestComplexNumber/bin/Debug/TestComplexNumber.DLL" adapterTypeName="Microsoft.VisualStudio.TestTools.TestTypes.Unit.UnitTestAdapter, Microsoft.VisualStudio.QualityTools.Tips.UnitTest.Adapter, Version=10.0.0.0, Culture=neutral, PublicKeyToken=b03f5f7f11d50a3a" className="TestComplexNumber.QCExercisesChapter1, TestComplexNumber, Version=1.0.0.0, Culture=neutral, PublicKeyToken=null" name="Exercise1o2o4" />
    </UnitTest>
    <UnitTest name="MatrixConstructorTest" storage="c:\bruce n\programming\quantum computing\testcomplexnumber\bin\debug\testcomplexnumber.dll" id="fa106201-6689-e149-ee9f-22bc394d4b15">
      <Execution id="152165f6-c46f-4227-bce5-228aa3d74c2b" />
      <TestMethod codeBase="C:/Bruce N/Programming/Quantum Computing/TestComplexNumber/bin/Debug/TestComplexNumber.DLL" adapterTypeName="Microsoft.VisualStudio.TestTools.TestTypes.Unit.UnitTestAdapter, Microsoft.VisualStudio.QualityTools.Tips.UnitTest.Adapter, Version=10.0.0.0, Culture=neutral, PublicKeyToken=b03f5f7f11d50a3a" className="TestComplexNumber.MatrixTest, TestComplexNumber, Version=1.0.0.0, Culture=neutral, PublicKeyToken=null" name="MatrixConstructorTest" />
    </UnitTest>
    <UnitTest name="Example4o2o12" storage="c:\bruce n\programming\quantum computing\testcomplexnumber\bin\debug\testcomplexnumber.dll" id="6dbfaaf3-0c2f-79c7-5448-3d9091ca07d2">
      <Execution id="53603612-5899-4690-9348-0d219e265a18" />
      <TestMethod codeBase="C:/Bruce N/Programming/Quantum Computing/TestComplexNumber/bin/Debug/TestComplexNumber.DLL" adapterTypeName="Microsoft.VisualStudio.TestTools.TestTypes.Unit.UnitTestAdapter, Microsoft.VisualStudio.QualityTools.Tips.UnitTest.Adapter, Version=10.0.0.0, Culture=neutral, PublicKeyToken=b03f5f7f11d50a3a" className="TestComplexNumber.QCExercisesChapter4, TestComplexNumber, Version=1.0.0.0, Culture=neutral, PublicKeyToken=null" name="Example4o2o12" />
    </UnitTest>
    <UnitTest name="Exercise2o4o5" storage="c:\bruce n\programming\quantum computing\testcomplexnumber\bin\debug\testcomplexnumber.dll" id="cf3f4348-6cc3-43d1-c760-65208684009c">
      <Execution id="6da29711-b40d-44d0-8824-40b97b55a726" />
      <TestMethod codeBase="C:/Bruce N/Programming/Quantum Computing/TestComplexNumber/bin/Debug/TestComplexNumber.DLL" adapterTypeName="Microsoft.VisualStudio.TestTools.TestTypes.Unit.UnitTestAdapter, Microsoft.VisualStudio.QualityTools.Tips.UnitTest.Adapter, Version=10.0.0.0, Culture=neutral, PublicKeyToken=b03f5f7f11d50a3a" className="TestComplexNumber.QCExercisesChapter2, TestComplexNumber, Version=1.0.0.0, Culture=neutral, PublicKeyToken=null" name="Exercise2o4o5" />
    </UnitTest>
    <UnitTest name="Exercise2o6o5" storage="c:\bruce n\programming\quantum computing\testcomplexnumber\bin\debug\testcomplexnumber.dll" id="ee944308-05a6-64ab-5bf9-f0a0e7c8737a">
      <Execution id="52acc4fb-96f2-47c7-8274-f2a798fa9e6b" />
      <TestMethod codeBase="C:/Bruce N/Programming/Quantum Computing/TestComplexNumber/bin/Debug/TestComplexNumber.DLL" adapterTypeName="Microsoft.VisualStudio.TestTools.TestTypes.Unit.UnitTestAdapter, Microsoft.VisualStudio.QualityTools.Tips.UnitTest.Adapter, Version=10.0.0.0, Culture=neutral, PublicKeyToken=b03f5f7f11d50a3a" className="TestComplexNumber.QCExercisesChapter2, TestComplexNumber, Version=1.0.0.0, Culture=neutral, PublicKeyToken=null" name="Exercise2o6o5" />
    </UnitTest>
    <UnitTest name="RootTest" storage="c:\bruce n\programming\quantum computing\testcomplexnumber\bin\debug\testcomplexnumber.dll" id="b88b9ca8-ba65-70cd-81ce-345ab5fb1d53">
      <Execution id="b54e2e1a-f0f3-4168-b740-e8c3631a5774" />
      <TestMethod codeBase="C:/Bruce N/Programming/Quantum Computing/TestComplexNumber/bin/Debug/TestComplexNumber.DLL" adapterTypeName="Microsoft.VisualStudio.TestTools.TestTypes.Unit.UnitTestAdapter, Microsoft.VisualStudio.QualityTools.Tips.UnitTest.Adapter, Version=10.0.0.0, Culture=neutral, PublicKeyToken=b03f5f7f11d50a3a" className="TestComplexNumber.ComplexNumberTest, TestComplexNumber, Version=1.0.0.0, Culture=neutral, PublicKeyToken=null" name="RootTest" />
    </UnitTest>
    <UnitTest name="Example3o2o1" storage="c:\bruce n\programming\quantum computing\testcomplexnumber\bin\debug\testcomplexnumber.dll" id="fc5f6b28-8f99-b5ff-6ec9-739c1fd6e416">
      <Execution id="d0f947b8-9d58-492c-972a-4672b16905b7" />
      <TestMethod codeBase="C:/Bruce N/Programming/Quantum Computing/TestComplexNumber/bin/Debug/TestComplexNumber.DLL" adapterTypeName="Microsoft.VisualStudio.TestTools.TestTypes.Unit.UnitTestAdapter, Microsoft.VisualStudio.QualityTools.Tips.UnitTest.Adapter, Version=10.0.0.0, Culture=neutral, PublicKeyToken=b03f5f7f11d50a3a" className="TestComplexNumber.QCExercisesChapter3, TestComplexNumber, Version=1.0.0.0, Culture=neutral, PublicKeyToken=null" name="Example3o2o1" />
    </UnitTest>
    <UnitTest name="Exercise2o1o3" storage="c:\bruce n\programming\quantum computing\testcomplexnumber\bin\debug\testcomplexnumber.dll" id="bfd5a48b-9b5c-d7ad-9048-7f444861126c">
      <Execution id="bc262aed-fc6f-4d4d-a27f-200369137192" />
      <TestMethod codeBase="C:/Bruce N/Programming/Quantum Computing/TestComplexNumber/bin/Debug/TestComplexNumber.DLL" adapterTypeName="Microsoft.VisualStudio.TestTools.TestTypes.Unit.UnitTestAdapter, Microsoft.VisualStudio.QualityTools.Tips.UnitTest.Adapter, Version=10.0.0.0, Culture=neutral, PublicKeyToken=b03f5f7f11d50a3a" className="TestComplexNumber.QCExercisesChapter2, TestComplexNumber, Version=1.0.0.0, Culture=neutral, PublicKeyToken=null" name="Exercise2o1o3" />
    </UnitTest>
    <UnitTest name="IsProbabilisticSystemTest" storage="c:\bruce n\programming\quantum computing\testcomplexnumber\bin\debug\testcomplexnumber.dll" id="257c1c06-b11a-4bb0-9757-e03ddfaada2b">
      <Execution id="a6873887-329c-4937-8560-00abfda2ad38" />
      <TestMethod codeBase="C:/Bruce N/Programming/Quantum Computing/TestComplexNumber/bin/Debug/TestComplexNumber.DLL" adapterTypeName="Microsoft.VisualStudio.TestTools.TestTypes.Unit.UnitTestAdapter, Microsoft.VisualStudio.QualityTools.Tips.UnitTest.Adapter, Version=10.0.0.0, Culture=neutral, PublicKeyToken=b03f5f7f11d50a3a" className="TestComplexNumber.DoubleMatrixTest, TestComplexNumber, Version=1.0.0.0, Culture=neutral, PublicKeyToken=null" name="IsProbabilisticSystemTest" />
    </UnitTest>
    <UnitTest name="op_SubtractionTest" storage="c:\bruce n\programming\quantum computing\testcomplexnumber\bin\debug\testcomplexnumber.dll" id="7892f007-71df-5c3b-ebcf-6ef2c37fadc0">
      <Execution id="4b97ceb8-f6c5-48dc-ac76-c2c62f7a8ec2" />
      <TestMethod codeBase="C:/Bruce N/Programming/Quantum Computing/TestComplexNumber/bin/Debug/TestComplexNumber.DLL" adapterTypeName="Microsoft.VisualStudio.TestTools.TestTypes.Unit.UnitTestAdapter, Microsoft.VisualStudio.QualityTools.Tips.UnitTest.Adapter, Version=10.0.0.0, Culture=neutral, PublicKeyToken=b03f5f7f11d50a3a" className="TestComplexNumber.ComplexNumberTest, TestComplexNumber, Version=1.0.0.0, Culture=neutral, PublicKeyToken=null" name="op_SubtractionTest" />
    </UnitTest>
    <UnitTest name="Exercise2o2o1" storage="c:\bruce n\programming\quantum computing\testcomplexnumber\bin\debug\testcomplexnumber.dll" id="992a5310-7fd9-eb34-e20d-949f0af01a8f">
      <Execution id="226428e6-225c-4488-9664-459edbe146cf" />
      <TestMethod codeBase="C:/Bruce N/Programming/Quantum Computing/TestComplexNumber/bin/Debug/TestComplexNumber.DLL" adapterTypeName="Microsoft.VisualStudio.TestTools.TestTypes.Unit.UnitTestAdapter, Microsoft.VisualStudio.QualityTools.Tips.UnitTest.Adapter, Version=10.0.0.0, Culture=neutral, PublicKeyToken=b03f5f7f11d50a3a" className="TestComplexNumber.QCExercisesChapter2, TestComplexNumber, Version=1.0.0.0, Culture=neutral, PublicKeyToken=null" name="Exercise2o2o1" />
    </UnitTest>
    <UnitTest name="Exercise2o5o1" storage="c:\bruce n\programming\quantum computing\testcomplexnumber\bin\debug\testcomplexnumber.dll" id="715ebd6e-8b82-0185-36f5-00ae9c6bc485">
      <Execution id="9f7a058d-06e4-4e1c-91f2-c452fc4a3888" />
      <TestMethod codeBase="C:/Bruce N/Programming/Quantum Computing/TestComplexNumber/bin/Debug/TestComplexNumber.DLL" adapterTypeName="Microsoft.VisualStudio.TestTools.TestTypes.Unit.UnitTestAdapter, Microsoft.VisualStudio.QualityTools.Tips.UnitTest.Adapter, Version=10.0.0.0, Culture=neutral, PublicKeyToken=b03f5f7f11d50a3a" className="TestComplexNumber.QCExercisesChapter2, TestComplexNumber, Version=1.0.0.0, Culture=neutral, PublicKeyToken=null" name="Exercise2o5o1" />
    </UnitTest>
    <UnitTest name="ItemTest" storage="c:\bruce n\programming\quantum computing\testcomplexnumber\bin\debug\testcomplexnumber.dll" id="d234dbe8-2eb3-6ce6-3747-7c6cec0f5c2b">
      <Execution id="15423e06-d63c-4625-a663-0557778749ad" />
      <TestMethod codeBase="C:/Bruce N/Programming/Quantum Computing/TestComplexNumber/bin/Debug/TestComplexNumber.DLL" adapterTypeName="Microsoft.VisualStudio.TestTools.TestTypes.Unit.UnitTestAdapter, Microsoft.VisualStudio.QualityTools.Tips.UnitTest.Adapter, Version=10.0.0.0, Culture=neutral, PublicKeyToken=b03f5f7f11d50a3a" className="TestComplexNumber.ComplexMatrixTest, TestComplexNumber, Version=1.0.0.0, Culture=neutral, PublicKeyToken=null" name="ItemTest" />
    </UnitTest>
    <UnitTest name="Number11" storage="c:\bruce n\programming\quantum computing\testcomplexnumber\bin\debug\testcomplexnumber.dll" id="45426eba-5da1-7927-75a6-85bf8e09818e">
      <Execution id="5ca3b499-1250-4682-a6b3-bb623bf651e0" />
      <TestMethod codeBase="C:/Bruce N/Programming/Quantum Computing/TestComplexNumber/bin/Debug/TestComplexNumber.DLL" adapterTypeName="Microsoft.VisualStudio.TestTools.TestTypes.Unit.UnitTestAdapter, Microsoft.VisualStudio.QualityTools.Tips.UnitTest.Adapter, Version=10.0.0.0, Culture=neutral, PublicKeyToken=b03f5f7f11d50a3a" className="ExercisesChapter1Tests.LAExercise1o1, TestComplexNumber, Version=1.0.0.0, Culture=neutral, PublicKeyToken=null" name="Number11" />
    </UnitTest>
    <UnitTest name="CartesianCoordinatesTest" storage="c:\bruce n\programming\quantum computing\testcomplexnumber\bin\debug\testcomplexnumber.dll" id="33874d17-d7f8-330a-d70a-23c0ca497170">
      <Execution id="9bc95e45-894f-4daf-abd7-f7bc1388bae7" />
      <TestMethod codeBase="C:/Bruce N/Programming/Quantum Computing/TestComplexNumber/bin/Debug/TestComplexNumber.DLL" adapterTypeName="Microsoft.VisualStudio.TestTools.TestTypes.Unit.UnitTestAdapter, Microsoft.VisualStudio.QualityTools.Tips.UnitTest.Adapter, Version=10.0.0.0, Culture=neutral, PublicKeyToken=b03f5f7f11d50a3a" className="TestComplexNumber.ComplexNumberTest, TestComplexNumber, Version=1.0.0.0, Culture=neutral, PublicKeyToken=null" name="CartesianCoordinatesTest" />
    </UnitTest>
    <UnitTest name="Example2o3o5" storage="c:\bruce n\programming\quantum computing\testcomplexnumber\bin\debug\testcomplexnumber.dll" id="2940acf1-9b67-2da0-4ad9-484d74cbdbc9">
      <Execution id="cad5409f-0ec7-448d-ae67-a446c442676f" />
      <TestMethod codeBase="C:/Bruce N/Programming/Quantum Computing/TestComplexNumber/bin/Debug/TestComplexNumber.DLL" adapterTypeName="Microsoft.VisualStudio.TestTools.TestTypes.Unit.UnitTestAdapter, Microsoft.VisualStudio.QualityTools.Tips.UnitTest.Adapter, Version=10.0.0.0, Culture=neutral, PublicKeyToken=b03f5f7f11d50a3a" className="TestComplexNumber.QCExercisesChapter2, TestComplexNumber, Version=1.0.0.0, Culture=neutral, PublicKeyToken=null" name="Example2o3o5" />
    </UnitTest>
    <UnitTest name="op_MultiplyTest1" storage="c:\bruce n\programming\quantum computing\testcomplexnumber\bin\debug\testcomplexnumber.dll" id="e58e75f5-82f4-68b3-9174-e83157c210fe">
      <Execution id="cd1197c9-f9ce-432e-b946-5a0cece285cb" />
      <TestMethod codeBase="C:/Bruce N/Programming/Quantum Computing/TestComplexNumber/bin/Debug/TestComplexNumber.DLL" adapterTypeName="Microsoft.VisualStudio.TestTools.TestTypes.Unit.UnitTestAdapter, Microsoft.VisualStudio.QualityTools.Tips.UnitTest.Adapter, Version=10.0.0.0, Culture=neutral, PublicKeyToken=b03f5f7f11d50a3a" className="TestComplexNumber.VectorTest, TestComplexNumber, Version=1.0.0.0, Culture=neutral, PublicKeyToken=null" name="op_MultiplyTest1" />
    </UnitTest>
    <UnitTest name="op_MultiplyTest2" storage="c:\bruce n\programming\quantum computing\testcomplexnumber\bin\debug\testcomplexnumber.dll" id="6453b38b-95cb-b6aa-9375-25acdc4c2487">
      <Execution id="6deb56f2-13e4-44d3-bc3e-bf19e8111d12" />
      <TestMethod codeBase="C:/Bruce N/Programming/Quantum Computing/TestComplexNumber/bin/Debug/TestComplexNumber.DLL" adapterTypeName="Microsoft.VisualStudio.TestTools.TestTypes.Unit.UnitTestAdapter, Microsoft.VisualStudio.QualityTools.Tips.UnitTest.Adapter, Version=10.0.0.0, Culture=neutral, PublicKeyToken=b03f5f7f11d50a3a" className="TestComplexNumber.ComplexNumberTest, TestComplexNumber, Version=1.0.0.0, Culture=neutral, PublicKeyToken=null" name="op_MultiplyTest2" />
    </UnitTest>
    <UnitTest name="Exercise1o3o7" storage="c:\bruce n\programming\quantum computing\testcomplexnumber\bin\debug\testcomplexnumber.dll" id="b3de0653-64d2-8615-b480-d5f14ca81853">
      <Execution id="92ff2ec0-576d-4b69-b694-bbd7a8c210b8" />
      <TestMethod codeBase="C:/Bruce N/Programming/Quantum Computing/TestComplexNumber/bin/Debug/TestComplexNumber.DLL" adapterTypeName="Microsoft.VisualStudio.TestTools.TestTypes.Unit.UnitTestAdapter, Microsoft.VisualStudio.QualityTools.Tips.UnitTest.Adapter, Version=10.0.0.0, Culture=neutral, PublicKeyToken=b03f5f7f11d50a3a" className="TestComplexNumber.QCExercisesChapter1, TestComplexNumber, Version=1.0.0.0, Culture=neutral, PublicKeyToken=null" name="Exercise1o3o7" />
    </UnitTest>
    <UnitTest name="Exercise4o2o2" storage="c:\bruce n\programming\quantum computing\testcomplexnumber\bin\debug\testcomplexnumber.dll" id="976f17c9-51e8-e105-25f5-c30dcb83cb62">
      <Execution id="c160fa38-897e-44ca-9da5-e4f867b33e31" />
      <TestMethod codeBase="C:/Bruce N/Programming/Quantum Computing/TestComplexNumber/bin/Debug/TestComplexNumber.DLL" adapterTypeName="Microsoft.VisualStudio.TestTools.TestTypes.Unit.UnitTestAdapter, Microsoft.VisualStudio.QualityTools.Tips.UnitTest.Adapter, Version=10.0.0.0, Culture=neutral, PublicKeyToken=b03f5f7f11d50a3a" className="TestComplexNumber.QCExercisesChapter4, TestComplexNumber, Version=1.0.0.0, Culture=neutral, PublicKeyToken=null" name="Exercise4o2o2" />
    </UnitTest>
    <UnitTest name="Exercise4o2o9" storage="c:\bruce n\programming\quantum computing\testcomplexnumber\bin\debug\testcomplexnumber.dll" id="7f80f8e7-2e2b-ea96-23b0-2d1d4cb799d4">
      <Execution id="6c8c25b6-b7c6-4607-bd69-2096e2a969aa" />
      <TestMethod codeBase="C:/Bruce N/Programming/Quantum Computing/TestComplexNumber/bin/Debug/TestComplexNumber.DLL" adapterTypeName="Microsoft.VisualStudio.TestTools.TestTypes.Unit.UnitTestAdapter, Microsoft.VisualStudio.QualityTools.Tips.UnitTest.Adapter, Version=10.0.0.0, Culture=neutral, PublicKeyToken=b03f5f7f11d50a3a" className="TestComplexNumber.QCExercisesChapter4, TestComplexNumber, Version=1.0.0.0, Culture=neutral, PublicKeyToken=null" name="Exercise4o2o9" />
    </UnitTest>
    <UnitTest name="Exercise2o7o4" storage="c:\bruce n\programming\quantum computing\testcomplexnumber\bin\debug\testcomplexnumber.dll" id="ae083652-0bf7-c673-dce4-870a432603ee">
      <Execution id="a30d2c09-a988-4e68-8031-4a62b092e807" />
      <TestMethod codeBase="C:/Bruce N/Programming/Quantum Computing/TestComplexNumber/bin/Debug/TestComplexNumber.DLL" adapterTypeName="Microsoft.VisualStudio.TestTools.TestTypes.Unit.UnitTestAdapter, Microsoft.VisualStudio.QualityTools.Tips.UnitTest.Adapter, Version=10.0.0.0, Culture=neutral, PublicKeyToken=b03f5f7f11d50a3a" className="TestComplexNumber.QCExercisesChapter2, TestComplexNumber, Version=1.0.0.0, Culture=neutral, PublicKeyToken=null" name="Exercise2o7o4" />
    </UnitTest>
    <UnitTest name="Number7" storage="c:\bruce n\programming\quantum computing\testcomplexnumber\bin\debug\testcomplexnumber.dll" id="2691a8a8-cda7-2520-f88d-5b729c47edea">
      <Execution id="83352eda-e2dd-477b-b6f2-65eb048c2d93" />
      <TestMethod codeBase="C:/Bruce N/Programming/Quantum Computing/TestComplexNumber/bin/Debug/TestComplexNumber.DLL" adapterTypeName="Microsoft.VisualStudio.TestTools.TestTypes.Unit.UnitTestAdapter, Microsoft.VisualStudio.QualityTools.Tips.UnitTest.Adapter, Version=10.0.0.0, Culture=neutral, PublicKeyToken=b03f5f7f11d50a3a" className="ExercisesChapter1Tests.LAExercise1o1, TestComplexNumber, Version=1.0.0.0, Culture=neutral, PublicKeyToken=null" name="Number7" />
    </UnitTest>
    <UnitTest name="Example4o3o1" storage="c:\bruce n\programming\quantum computing\testcomplexnumber\bin\debug\testcomplexnumber.dll" id="26598c77-ae79-f56c-1115-9577c1ec0551">
      <Execution id="81228188-069a-4b7d-8834-a3075ce72cd3" />
      <TestMethod codeBase="C:/Bruce N/Programming/Quantum Computing/TestComplexNumber/bin/Debug/TestComplexNumber.DLL" adapterTypeName="Microsoft.VisualStudio.TestTools.TestTypes.Unit.UnitTestAdapter, Microsoft.VisualStudio.QualityTools.Tips.UnitTest.Adapter, Version=10.0.0.0, Culture=neutral, PublicKeyToken=b03f5f7f11d50a3a" className="TestComplexNumber.QCExercisesChapter4, TestComplexNumber, Version=1.0.0.0, Culture=neutral, PublicKeyToken=null" name="Example4o3o1" />
    </UnitTest>
    <UnitTest name="op_DivisionTest" storage="c:\bruce n\programming\quantum computing\testcomplexnumber\bin\debug\testcomplexnumber.dll" id="d1cc7d48-afbd-466f-5015-ef2680fa4bcb">
      <Execution id="8ae77f4c-98ea-4df6-a79e-af9bc36b3619" />
      <TestMethod codeBase="C:/Bruce N/Programming/Quantum Computing/TestComplexNumber/bin/Debug/TestComplexNumber.DLL" adapterTypeName="Microsoft.VisualStudio.TestTools.TestTypes.Unit.UnitTestAdapter, Microsoft.VisualStudio.QualityTools.Tips.UnitTest.Adapter, Version=10.0.0.0, Culture=neutral, PublicKeyToken=b03f5f7f11d50a3a" className="TestComplexNumber.MatrixTest, TestComplexNumber, Version=1.0.0.0, Culture=neutral, PublicKeyToken=null" name="op_DivisionTest" />
    </UnitTest>
    <UnitTest name="op_PowerTest" storage="c:\bruce n\programming\quantum computing\testcomplexnumber\bin\debug\testcomplexnumber.dll" id="59d167f3-98f7-3905-876e-bc940d58c269">
      <Execution id="49822234-04d2-4aec-a07f-18f25b7aa2f5" />
      <TestMethod codeBase="C:/Bruce N/Programming/Quantum Computing/TestComplexNumber/bin/Debug/TestComplexNumber.DLL" adapterTypeName="Microsoft.VisualStudio.TestTools.TestTypes.Unit.UnitTestAdapter, Microsoft.VisualStudio.QualityTools.Tips.UnitTest.Adapter, Version=10.0.0.0, Culture=neutral, PublicKeyToken=b03f5f7f11d50a3a" className="TestComplexNumber.MatrixTest, TestComplexNumber, Version=1.0.0.0, Culture=neutral, PublicKeyToken=null" name="op_PowerTest" />
    </UnitTest>
    <UnitTest name="ExponentialFormTest" storage="c:\bruce n\programming\quantum computing\testcomplexnumber\bin\debug\testcomplexnumber.dll" id="64c1c071-8523-ad97-417a-c762f98be0b4">
      <Execution id="a46bc557-3446-4e6b-a26c-12cb1c80051c" />
      <TestMethod codeBase="C:/Bruce N/Programming/Quantum Computing/TestComplexNumber/bin/Debug/TestComplexNumber.DLL" adapterTypeName="Microsoft.VisualStudio.TestTools.TestTypes.Unit.UnitTestAdapter, Microsoft.VisualStudio.QualityTools.Tips.UnitTest.Adapter, Version=10.0.0.0, Culture=neutral, PublicKeyToken=b03f5f7f11d50a3a" className="TestComplexNumber.ComplexNumberTest, TestComplexNumber, Version=1.0.0.0, Culture=neutral, PublicKeyToken=null" name="ExponentialFormTest" />
    </UnitTest>
    <UnitTest name="Exercise2o2o3" storage="c:\bruce n\programming\quantum computing\testcomplexnumber\bin\debug\testcomplexnumber.dll" id="2b7e328f-6321-4faa-4f85-a74ea89855b4">
      <Execution id="6a289919-c269-4324-83f7-528c674905b2" />
      <TestMethod codeBase="C:/Bruce N/Programming/Quantum Computing/TestComplexNumber/bin/Debug/TestComplexNumber.DLL" adapterTypeName="Microsoft.VisualStudio.TestTools.TestTypes.Unit.UnitTestAdapter, Microsoft.VisualStudio.QualityTools.Tips.UnitTest.Adapter, Version=10.0.0.0, Culture=neutral, PublicKeyToken=b03f5f7f11d50a3a" className="TestComplexNumber.QCExercisesChapter2, TestComplexNumber, Version=1.0.0.0, Culture=neutral, PublicKeyToken=null" name="Exercise2o2o3" />
    </UnitTest>
    <UnitTest name="op_EqualityTest" storage="c:\bruce n\programming\quantum computing\testcomplexnumber\bin\debug\testcomplexnumber.dll" id="5f6e4234-ae47-44fc-62c5-b75e2f29c018">
      <Execution id="6a5cbc43-0dcb-446b-9d57-b2702c103878" />
      <TestMethod codeBase="C:/Bruce N/Programming/Quantum Computing/TestComplexNumber/bin/Debug/TestComplexNumber.DLL" adapterTypeName="Microsoft.VisualStudio.TestTools.TestTypes.Unit.UnitTestAdapter, Microsoft.VisualStudio.QualityTools.Tips.UnitTest.Adapter, Version=10.0.0.0, Culture=neutral, PublicKeyToken=b03f5f7f11d50a3a" className="TestComplexNumber.VectorTest, TestComplexNumber, Version=1.0.0.0, Culture=neutral, PublicKeyToken=null" name="op_EqualityTest" />
    </UnitTest>
    <UnitTest name="op_ImplicitTest" storage="c:\bruce n\programming\quantum computing\testcomplexnumber\bin\debug\testcomplexnumber.dll" id="86846568-9c1a-b5d9-8a2f-14b2fd1eb1c6">
      <Execution id="675a269d-00aa-4324-beff-0cf5412b9288" />
      <TestMethod codeBase="C:/Bruce N/Programming/Quantum Computing/TestComplexNumber/bin/Debug/TestComplexNumber.DLL" adapterTypeName="Microsoft.VisualStudio.TestTools.TestTypes.Unit.UnitTestAdapter, Microsoft.VisualStudio.QualityTools.Tips.UnitTest.Adapter, Version=10.0.0.0, Culture=neutral, PublicKeyToken=b03f5f7f11d50a3a" className="TestComplexNumber.ComplexMatrixTest, TestComplexNumber, Version=1.0.0.0, Culture=neutral, PublicKeyToken=null" name="op_ImplicitTest" />
    </UnitTest>
    <UnitTest name="VarianceTest" storage="c:\bruce n\programming\quantum computing\testcomplexnumber\bin\debug\testcomplexnumber.dll" id="a3e4879d-2ea1-a209-e3f3-b52750cb2d8b">
      <Execution id="f4a3095f-de6d-45a0-8652-f089fbd7dd4e" />
      <TestMethod codeBase="C:/Bruce N/Programming/Quantum Computing/TestComplexNumber/bin/Debug/TestComplexNumber.DLL" adapterTypeName="Microsoft.VisualStudio.TestTools.TestTypes.Unit.UnitTestAdapter, Microsoft.VisualStudio.QualityTools.Tips.UnitTest.Adapter, Version=10.0.0.0, Culture=neutral, PublicKeyToken=b03f5f7f11d50a3a" className="TestComplexNumber.ComplexMatrixTest, TestComplexNumber, Version=1.0.0.0, Culture=neutral, PublicKeyToken=null" name="VarianceTest" />
    </UnitTest>
    <UnitTest name="Exercise2o7o9" storage="c:\bruce n\programming\quantum computing\testcomplexnumber\bin\debug\testcomplexnumber.dll" id="f2c9598d-6c11-6ff1-ac6e-8c319ed45aad">
      <Execution id="72cd27bf-b82c-4ad6-a362-e61e2f53e632" />
      <TestMethod codeBase="C:/Bruce N/Programming/Quantum Computing/TestComplexNumber/bin/Debug/TestComplexNumber.DLL" adapterTypeName="Microsoft.VisualStudio.TestTools.TestTypes.Unit.UnitTestAdapter, Microsoft.VisualStudio.QualityTools.Tips.UnitTest.Adapter, Version=10.0.0.0, Culture=neutral, PublicKeyToken=b03f5f7f11d50a3a" className="TestComplexNumber.QCExercisesChapter2, TestComplexNumber, Version=1.0.0.0, Culture=neutral, PublicKeyToken=null" name="Exercise2o7o9" />
    </UnitTest>
    <UnitTest name="TakeModulusSquaredTest" storage="c:\bruce n\programming\quantum computing\testcomplexnumber\bin\debug\testcomplexnumber.dll" id="8ddf2343-b416-72d4-fe07-7424be6bf3cc">
      <DeploymentItems>
        <DeploymentItem filename="LinearAlgebra.dll" />
      </DeploymentItems>
      <Execution id="698ab757-8a38-4396-ac29-8f579eff87c1" />
      <TestMethod codeBase="C:/Bruce N/Programming/Quantum Computing/TestComplexNumber/bin/Debug/TestComplexNumber.DLL" adapterTypeName="Microsoft.VisualStudio.TestTools.TestTypes.Unit.UnitTestAdapter, Microsoft.VisualStudio.QualityTools.Tips.UnitTest.Adapter, Version=10.0.0.0, Culture=neutral, PublicKeyToken=b03f5f7f11d50a3a" className="TestComplexNumber.MatrixTest, TestComplexNumber, Version=1.0.0.0, Culture=neutral, PublicKeyToken=null" name="TakeModulusSquaredTest" />
    </UnitTest>
    <UnitTest name="ConjugateTest" storage="c:\bruce n\programming\quantum computing\testcomplexnumber\bin\debug\testcomplexnumber.dll" id="bb7a77ba-178f-5917-6d9f-a8ef964738e0">
      <Execution id="f200a364-dccc-4bb0-8644-eadb2d5a28ce" />
      <TestMethod codeBase="C:/Bruce N/Programming/Quantum Computing/TestComplexNumber/bin/Debug/TestComplexNumber.DLL" adapterTypeName="Microsoft.VisualStudio.TestTools.TestTypes.Unit.UnitTestAdapter, Microsoft.VisualStudio.QualityTools.Tips.UnitTest.Adapter, Version=10.0.0.0, Culture=neutral, PublicKeyToken=b03f5f7f11d50a3a" className="TestComplexNumber.ComplexMatrixTest, TestComplexNumber, Version=1.0.0.0, Culture=neutral, PublicKeyToken=null" name="ConjugateTest" />
    </UnitTest>
    <UnitTest name="op_MultiplyTest" storage="c:\bruce n\programming\quantum computing\testcomplexnumber\bin\debug\testcomplexnumber.dll" id="30603adb-abfd-1ae1-9190-dbf549cbf25b">
      <Execution id="e58d1d77-679d-4c17-a53a-ddb2ec3c5db0" />
      <TestMethod codeBase="C:/Bruce N/Programming/Quantum Computing/TestComplexNumber/bin/Debug/TestComplexNumber.DLL" adapterTypeName="Microsoft.VisualStudio.TestTools.TestTypes.Unit.UnitTestAdapter, Microsoft.VisualStudio.QualityTools.Tips.UnitTest.Adapter, Version=10.0.0.0, Culture=neutral, PublicKeyToken=b03f5f7f11d50a3a" className="TestComplexNumber.VectorTest, TestComplexNumber, Version=1.0.0.0, Culture=neutral, PublicKeyToken=null" name="op_MultiplyTest" />
    </UnitTest>
    <UnitTest name="op_InequalityTest" storage="c:\bruce n\programming\quantum computing\testcomplexnumber\bin\debug\testcomplexnumber.dll" id="84b36a15-9006-9254-a29b-b856bea432a4">
      <Execution id="b16b0200-3de5-40fc-8c6d-2d072a9ca094" />
      <TestMethod codeBase="C:/Bruce N/Programming/Quantum Computing/TestComplexNumber/bin/Debug/TestComplexNumber.DLL" adapterTypeName="Microsoft.VisualStudio.TestTools.TestTypes.Unit.UnitTestAdapter, Microsoft.VisualStudio.QualityTools.Tips.UnitTest.Adapter, Version=10.0.0.0, Culture=neutral, PublicKeyToken=b03f5f7f11d50a3a" className="TestComplexNumber.MatrixTest, TestComplexNumber, Version=1.0.0.0, Culture=neutral, PublicKeyToken=null" name="op_InequalityTest" />
    </UnitTest>
    <UnitTest name="op_MultiplyMatrixWithVector" storage="c:\bruce n\programming\quantum computing\testcomplexnumber\bin\debug\testcomplexnumber.dll" id="c446db48-fe0d-6c23-577a-d3adf5810ca1">
      <Execution id="91db6e9d-bcdb-47a0-b94f-c3bf6ba97077" />
      <TestMethod codeBase="C:/Bruce N/Programming/Quantum Computing/TestComplexNumber/bin/Debug/TestComplexNumber.DLL" adapterTypeName="Microsoft.VisualStudio.TestTools.TestTypes.Unit.UnitTestAdapter, Microsoft.VisualStudio.QualityTools.Tips.UnitTest.Adapter, Version=10.0.0.0, Culture=neutral, PublicKeyToken=b03f5f7f11d50a3a" className="TestComplexNumber.MatrixTest, TestComplexNumber, Version=1.0.0.0, Culture=neutral, PublicKeyToken=null" name="op_MultiplyMatrixWithVector" />
    </UnitTest>
    <UnitTest name="Exercise2o7o1" storage="c:\bruce n\programming\quantum computing\testcomplexnumber\bin\debug\testcomplexnumber.dll" id="3aefb9d4-9cc0-272d-dc50-69446f55302e">
      <Execution id="59497071-9903-4966-952e-5bd92297991a" />
      <TestMethod codeBase="C:/Bruce N/Programming/Quantum Computing/TestComplexNumber/bin/Debug/TestComplexNumber.DLL" adapterTypeName="Microsoft.VisualStudio.TestTools.TestTypes.Unit.UnitTestAdapter, Microsoft.VisualStudio.QualityTools.Tips.UnitTest.Adapter, Version=10.0.0.0, Culture=neutral, PublicKeyToken=b03f5f7f11d50a3a" className="TestComplexNumber.QCExercisesChapter2, TestComplexNumber, Version=1.0.0.0, Culture=neutral, PublicKeyToken=null" name="Exercise2o7o1" />
    </UnitTest>
    <UnitTest name="Exercise3o2o4" storage="c:\bruce n\programming\quantum computing\testcomplexnumber\bin\debug\testcomplexnumber.dll" id="85e31a7a-8f31-96c4-5236-3d22a4f800d8">
      <Execution id="d0b1c7a5-8f0d-4062-b4c3-0987a6bc7259" />
      <TestMethod codeBase="C:/Bruce N/Programming/Quantum Computing/TestComplexNumber/bin/Debug/TestComplexNumber.DLL" adapterTypeName="Microsoft.VisualStudio.TestTools.TestTypes.Unit.UnitTestAdapter, Microsoft.VisualStudio.QualityTools.Tips.UnitTest.Adapter, Version=10.0.0.0, Culture=neutral, PublicKeyToken=b03f5f7f11d50a3a" className="TestComplexNumber.QCExercisesChapter3, TestComplexNumber, Version=1.0.0.0, Culture=neutral, PublicKeyToken=null" name="Exercise3o2o4" />
    </UnitTest>
    <UnitTest name="op_PowerTest" storage="c:\bruce n\programming\quantum computing\testcomplexnumber\bin\debug\testcomplexnumber.dll" id="cd40d60c-7ba3-fd50-057a-8cb8ecef5565">
      <Execution id="bc1d4770-6f1b-4a56-94ed-b52b7fed6275" />
      <TestMethod codeBase="C:/Bruce N/Programming/Quantum Computing/TestComplexNumber/bin/Debug/TestComplexNumber.DLL" adapterTypeName="Microsoft.VisualStudio.TestTools.TestTypes.Unit.UnitTestAdapter, Microsoft.VisualStudio.QualityTools.Tips.UnitTest.Adapter, Version=10.0.0.0, Culture=neutral, PublicKeyToken=b03f5f7f11d50a3a" className="TestComplexNumber.ComplexMatrixTest, TestComplexNumber, Version=1.0.0.0, Culture=neutral, PublicKeyToken=null" name="op_PowerTest" />
    </UnitTest>
    <UnitTest name="Exercise2o1o4" storage="c:\bruce n\programming\quantum computing\testcomplexnumber\bin\debug\testcomplexnumber.dll" id="7aa98473-1098-0db5-704a-fcb553d21f64">
      <Execution id="ed9bafa8-a604-4335-96a2-1863febf3ab3" />
      <TestMethod codeBase="C:/Bruce N/Programming/Quantum Computing/TestComplexNumber/bin/Debug/TestComplexNumber.DLL" adapterTypeName="Microsoft.VisualStudio.TestTools.TestTypes.Unit.UnitTestAdapter, Microsoft.VisualStudio.QualityTools.Tips.UnitTest.Adapter, Version=10.0.0.0, Culture=neutral, PublicKeyToken=b03f5f7f11d50a3a" className="TestComplexNumber.QCExercisesChapter2, TestComplexNumber, Version=1.0.0.0, Culture=neutral, PublicKeyToken=null" name="Exercise2o1o4" />
    </UnitTest>
    <UnitTest name="Exercise3o4o3" storage="c:\bruce n\programming\quantum computing\testcomplexnumber\bin\debug\testcomplexnumber.dll" id="2c0938a7-7ed1-e7a6-af0a-563ef75e9dfc">
      <Execution id="30f52646-a3e1-423a-9aa1-a7a3c93f44a9" />
      <TestMethod codeBase="C:/Bruce N/Programming/Quantum Computing/TestComplexNumber/bin/Debug/TestComplexNumber.DLL" adapterTypeName="Microsoft.VisualStudio.TestTools.TestTypes.Unit.UnitTestAdapter, Microsoft.VisualStudio.QualityTools.Tips.UnitTest.Adapter, Version=10.0.0.0, Culture=neutral, PublicKeyToken=b03f5f7f11d50a3a" className="TestComplexNumber.QCExercisesChapter3, TestComplexNumber, Version=1.0.0.0, Culture=neutral, PublicKeyToken=null" name="Exercise3o4o3" />
    </UnitTest>
    <UnitTest name="AdjointTest" storage="c:\bruce n\programming\quantum computing\testcomplexnumber\bin\debug\testcomplexnumber.dll" id="bf6c2469-a2b3-a877-1023-ee9bd6de0e5b">
      <Execution id="679cb81d-cc36-4f93-9677-f9ba92db6248" />
      <TestMethod codeBase="C:/Bruce N/Programming/Quantum Computing/TestComplexNumber/bin/Debug/TestComplexNumber.DLL" adapterTypeName="Microsoft.VisualStudio.TestTools.TestTypes.Unit.UnitTestAdapter, Microsoft.VisualStudio.QualityTools.Tips.UnitTest.Adapter, Version=10.0.0.0, Culture=neutral, PublicKeyToken=b03f5f7f11d50a3a" className="TestComplexNumber.ComplexMatrixTest, TestComplexNumber, Version=1.0.0.0, Culture=neutral, PublicKeyToken=null" name="AdjointTest" />
    </UnitTest>
    <UnitTest name="ITest" storage="c:\bruce n\programming\quantum computing\testcomplexnumber\bin\debug\testcomplexnumber.dll" id="48d6f10d-3141-2ae9-4d33-c4a338f334ee">
      <Execution id="ccbeb858-1565-49af-8012-a1891acd9f6b" />
      <TestMethod codeBase="C:/Bruce N/Programming/Quantum Computing/TestComplexNumber/bin/Debug/TestComplexNumber.DLL" adapterTypeName="Microsoft.VisualStudio.TestTools.TestTypes.Unit.UnitTestAdapter, Microsoft.VisualStudio.QualityTools.Tips.UnitTest.Adapter, Version=10.0.0.0, Culture=neutral, PublicKeyToken=b03f5f7f11d50a3a" className="TestComplexNumber.ComplexNumberTest, TestComplexNumber, Version=1.0.0.0, Culture=neutral, PublicKeyToken=null" name="ITest" />
    </UnitTest>
    <UnitTest name="Exercise1o2o3" storage="c:\bruce n\programming\quantum computing\testcomplexnumber\bin\debug\testcomplexnumber.dll" id="2c5f1bbd-c340-38e3-42f3-b2209263335f">
      <Execution id="2ddfd6e9-b17c-4d4e-a112-009de67d9e1d" />
      <TestMethod codeBase="C:/Bruce N/Programming/Quantum Computing/TestComplexNumber/bin/Debug/TestComplexNumber.DLL" adapterTypeName="Microsoft.VisualStudio.TestTools.TestTypes.Unit.UnitTestAdapter, Microsoft.VisualStudio.QualityTools.Tips.UnitTest.Adapter, Version=10.0.0.0, Culture=neutral, PublicKeyToken=b03f5f7f11d50a3a" className="TestComplexNumber.QCExercisesChapter1, TestComplexNumber, Version=1.0.0.0, Culture=neutral, PublicKeyToken=null" name="Exercise1o2o3" />
    </UnitTest>
    <UnitTest name="op_EqualityTest" storage="c:\bruce n\programming\quantum computing\testcomplexnumber\bin\debug\testcomplexnumber.dll" id="9cca6d32-4a0b-e5dd-1a59-a901edd68fd6">
      <Execution id="21f6ba3d-3193-4bb0-9cdc-0a4e010e51fb" />
      <TestMethod codeBase="C:/Bruce N/Programming/Quantum Computing/TestComplexNumber/bin/Debug/TestComplexNumber.DLL" adapterTypeName="Microsoft.VisualStudio.TestTools.TestTypes.Unit.UnitTestAdapter, Microsoft.VisualStudio.QualityTools.Tips.UnitTest.Adapter, Version=10.0.0.0, Culture=neutral, PublicKeyToken=b03f5f7f11d50a3a" className="TestComplexNumber.MatrixTest, TestComplexNumber, Version=1.0.0.0, Culture=neutral, PublicKeyToken=null" name="op_EqualityTest" />
    </UnitTest>
    <UnitTest name="SetPolarCoordinatesTest" storage="c:\bruce n\programming\quantum computing\testcomplexnumber\bin\debug\testcomplexnumber.dll" id="5783bddb-fec7-d995-a012-a4ea9e07bdbd">
      <Execution id="00cc995c-48dc-4e0c-af7e-da36c367a1b4" />
      <TestMethod codeBase="C:/Bruce N/Programming/Quantum Computing/TestComplexNumber/bin/Debug/TestComplexNumber.DLL" adapterTypeName="Microsoft.VisualStudio.TestTools.TestTypes.Unit.UnitTestAdapter, Microsoft.VisualStudio.QualityTools.Tips.UnitTest.Adapter, Version=10.0.0.0, Culture=neutral, PublicKeyToken=b03f5f7f11d50a3a" className="TestComplexNumber.ComplexNumberTest, TestComplexNumber, Version=1.0.0.0, Culture=neutral, PublicKeyToken=null" name="SetPolarCoordinatesTest" />
    </UnitTest>
    <UnitTest name="Exercise2o7o7" storage="c:\bruce n\programming\quantum computing\testcomplexnumber\bin\debug\testcomplexnumber.dll" id="b02641ef-4dbb-1d38-fc9f-e1bd29220c37">
      <Execution id="26007ecc-d1fa-473c-b471-c7ab5e2510a7" />
      <TestMethod codeBase="C:/Bruce N/Programming/Quantum Computing/TestComplexNumber/bin/Debug/TestComplexNumber.DLL" adapterTypeName="Microsoft.VisualStudio.TestTools.TestTypes.Unit.UnitTestAdapter, Microsoft.VisualStudio.QualityTools.Tips.UnitTest.Adapter, Version=10.0.0.0, Culture=neutral, PublicKeyToken=b03f5f7f11d50a3a" className="TestComplexNumber.QCExercisesChapter2, TestComplexNumber, Version=1.0.0.0, Culture=neutral, PublicKeyToken=null" name="Exercise2o7o7" />
    </UnitTest>
    <UnitTest name="op_MultiplyMatrixAndVectorTest" storage="c:\bruce n\programming\quantum computing\testcomplexnumber\bin\debug\testcomplexnumber.dll" id="2f70a04a-052e-804a-c12d-8ce7e0d5829f">
      <Execution id="2f2b6109-cccd-483c-bb5d-1872ebc403bb" />
      <TestMethod codeBase="C:/Bruce N/Programming/Quantum Computing/TestComplexNumber/bin/Debug/TestComplexNumber.DLL" adapterTypeName="Microsoft.VisualStudio.TestTools.TestTypes.Unit.UnitTestAdapter, Microsoft.VisualStudio.QualityTools.Tips.UnitTest.Adapter, Version=10.0.0.0, Culture=neutral, PublicKeyToken=b03f5f7f11d50a3a" className="TestComplexNumber.ComplexMatrixTest, TestComplexNumber, Version=1.0.0.0, Culture=neutral, PublicKeyToken=null" name="op_MultiplyMatrixAndVectorTest" />
    </UnitTest>
    <UnitTest name="ExpectedValueTest" storage="c:\bruce n\programming\quantum computing\testcomplexnumber\bin\debug\testcomplexnumber.dll" id="0b103c37-48a5-eca8-d21a-8bbd6e27c98c">
      <Execution id="ac9037e0-98c5-4822-955f-92c85425e0f5" />
      <TestMethod codeBase="C:/Bruce N/Programming/Quantum Computing/TestComplexNumber/bin/Debug/TestComplexNumber.DLL" adapterTypeName="Microsoft.VisualStudio.TestTools.TestTypes.Unit.UnitTestAdapter, Microsoft.VisualStudio.QualityTools.Tips.UnitTest.Adapter, Version=10.0.0.0, Culture=neutral, PublicKeyToken=b03f5f7f11d50a3a" className="TestComplexNumber.ComplexMatrixTest, TestComplexNumber, Version=1.0.0.0, Culture=neutral, PublicKeyToken=null" name="ExpectedValueTest" />
    </UnitTest>
    <UnitTest name="VectorConstructorTest1" storage="c:\bruce n\programming\quantum computing\testcomplexnumber\bin\debug\testcomplexnumber.dll" id="1aac7064-31c6-c120-9e54-0819977db45a">
      <Execution id="bce814fc-9dce-4aa3-ad4b-d2e740b39be6" />
      <TestMethod codeBase="C:/Bruce N/Programming/Quantum Computing/TestComplexNumber/bin/Debug/TestComplexNumber.DLL" adapterTypeName="Microsoft.VisualStudio.TestTools.TestTypes.Unit.UnitTestAdapter, Microsoft.VisualStudio.QualityTools.Tips.UnitTest.Adapter, Version=10.0.0.0, Culture=neutral, PublicKeyToken=b03f5f7f11d50a3a" className="TestComplexNumber.VectorTest, TestComplexNumber, Version=1.0.0.0, Culture=neutral, PublicKeyToken=null" name="VectorConstructorTest1" />
    </UnitTest>
    <UnitTest name="NegativeITest" storage="c:\bruce n\programming\quantum computing\testcomplexnumber\bin\debug\testcomplexnumber.dll" id="2705846c-0b46-907b-6d14-254e6bc6494a">
      <Execution id="497e61ec-4ef8-4476-9563-06f7350af111" />
      <TestMethod codeBase="C:/Bruce N/Programming/Quantum Computing/TestComplexNumber/bin/Debug/TestComplexNumber.DLL" adapterTypeName="Microsoft.VisualStudio.TestTools.TestTypes.Unit.UnitTestAdapter, Microsoft.VisualStudio.QualityTools.Tips.UnitTest.Adapter, Version=10.0.0.0, Culture=neutral, PublicKeyToken=b03f5f7f11d50a3a" className="TestComplexNumber.ComplexNumberTest, TestComplexNumber, Version=1.0.0.0, Culture=neutral, PublicKeyToken=null" name="NegativeITest" />
    </UnitTest>
    <UnitTest name="OneTest" storage="c:\bruce n\programming\quantum computing\testcomplexnumber\bin\debug\testcomplexnumber.dll" id="bc5ed1ac-46cb-3ce7-5958-bc8141b19b62">
      <Execution id="b5dfaaa8-5e34-45b6-947c-cf895d81423c" />
      <TestMethod codeBase="C:/Bruce N/Programming/Quantum Computing/TestComplexNumber/bin/Debug/TestComplexNumber.DLL" adapterTypeName="Microsoft.VisualStudio.TestTools.TestTypes.Unit.UnitTestAdapter, Microsoft.VisualStudio.QualityTools.Tips.UnitTest.Adapter, Version=10.0.0.0, Culture=neutral, PublicKeyToken=b03f5f7f11d50a3a" className="TestComplexNumber.ComplexNumberTest, TestComplexNumber, Version=1.0.0.0, Culture=neutral, PublicKeyToken=null" name="OneTest" />
    </UnitTest>
    <UnitTest name="op_InequalityTest" storage="c:\bruce n\programming\quantum computing\testcomplexnumber\bin\debug\testcomplexnumber.dll" id="353600d6-8f81-a743-8f0c-ac1e5f0cc59e">
      <Execution id="250afc6b-ecdf-45cc-a561-b978f154c4f3" />
      <TestMethod codeBase="C:/Bruce N/Programming/Quantum Computing/TestComplexNumber/bin/Debug/TestComplexNumber.DLL" adapterTypeName="Microsoft.VisualStudio.TestTools.TestTypes.Unit.UnitTestAdapter, Microsoft.VisualStudio.QualityTools.Tips.UnitTest.Adapter, Version=10.0.0.0, Culture=neutral, PublicKeyToken=b03f5f7f11d50a3a" className="TestComplexNumber.VectorTest, TestComplexNumber, Version=1.0.0.0, Culture=neutral, PublicKeyToken=null" name="op_InequalityTest" />
    </UnitTest>
    <UnitTest name="Exercise3o4o2" storage="c:\bruce n\programming\quantum computing\testcomplexnumber\bin\debug\testcomplexnumber.dll" id="65483be5-ecd7-0f52-6a6b-f305d0d31089">
      <Execution id="cd1de52a-0022-4eaa-90b1-6715ae6e7858" />
      <TestMethod codeBase="C:/Bruce N/Programming/Quantum Computing/TestComplexNumber/bin/Debug/TestComplexNumber.DLL" adapterTypeName="Microsoft.VisualStudio.TestTools.TestTypes.Unit.UnitTestAdapter, Microsoft.VisualStudio.QualityTools.Tips.UnitTest.Adapter, Version=10.0.0.0, Culture=neutral, PublicKeyToken=b03f5f7f11d50a3a" className="TestComplexNumber.QCExercisesChapter3, TestComplexNumber, Version=1.0.0.0, Culture=neutral, PublicKeyToken=null" name="Exercise3o4o2" />
    </UnitTest>
    <UnitTest name="Number9" storage="c:\bruce n\programming\quantum computing\testcomplexnumber\bin\debug\testcomplexnumber.dll" id="6b99a904-39c7-b2a5-cb92-c1c5bd5d3c67">
      <Execution id="cb8c74c0-3940-4391-bf21-e83791444e6b" />
      <TestMethod codeBase="C:/Bruce N/Programming/Quantum Computing/TestComplexNumber/bin/Debug/TestComplexNumber.DLL" adapterTypeName="Microsoft.VisualStudio.TestTools.TestTypes.Unit.UnitTestAdapter, Microsoft.VisualStudio.QualityTools.Tips.UnitTest.Adapter, Version=10.0.0.0, Culture=neutral, PublicKeyToken=b03f5f7f11d50a3a" className="ExercisesChapter1Tests.LAExercise1o1, TestComplexNumber, Version=1.0.0.0, Culture=neutral, PublicKeyToken=null" name="Number9" />
    </UnitTest>
    <UnitTest name="ToStringTest" storage="c:\bruce n\programming\quantum computing\testcomplexnumber\bin\debug\testcomplexnumber.dll" id="e6cae91e-3af9-1d6d-3935-2160925e38e7">
      <Execution id="064f0c81-c0f0-45f5-b31f-b7c2412da65b" />
      <TestMethod codeBase="C:/Bruce N/Programming/Quantum Computing/TestComplexNumber/bin/Debug/TestComplexNumber.DLL" adapterTypeName="Microsoft.VisualStudio.TestTools.TestTypes.Unit.UnitTestAdapter, Microsoft.VisualStudio.QualityTools.Tips.UnitTest.Adapter, Version=10.0.0.0, Culture=neutral, PublicKeyToken=b03f5f7f11d50a3a" className="TestComplexNumber.ComplexNumberTest, TestComplexNumber, Version=1.0.0.0, Culture=neutral, PublicKeyToken=null" name="ToStringTest" />
    </UnitTest>
    <UnitTest name="Exercise1o3o2" storage="c:\bruce n\programming\quantum computing\testcomplexnumber\bin\debug\testcomplexnumber.dll" id="69c0b0c9-79e3-762b-51b3-d77e96aed020">
      <Execution id="dac0854b-a5b4-4dd1-9c8a-87db7af89ce0" />
      <TestMethod codeBase="C:/Bruce N/Programming/Quantum Computing/TestComplexNumber/bin/Debug/TestComplexNumber.DLL" adapterTypeName="Microsoft.VisualStudio.TestTools.TestTypes.Unit.UnitTestAdapter, Microsoft.VisualStudio.QualityTools.Tips.UnitTest.Adapter, Version=10.0.0.0, Culture=neutral, PublicKeyToken=b03f5f7f11d50a3a" className="TestComplexNumber.QCExercisesChapter1, TestComplexNumber, Version=1.0.0.0, Culture=neutral, PublicKeyToken=null" name="Exercise1o3o2" />
    </UnitTest>
    <UnitTest name="Exercise2o7o5" storage="c:\bruce n\programming\quantum computing\testcomplexnumber\bin\debug\testcomplexnumber.dll" id="c028a664-47e7-d1e0-a29b-c2782421ecca">
      <Execution id="392e637f-82f1-46b4-bca6-7cf71debc1d6" />
      <TestMethod codeBase="C:/Bruce N/Programming/Quantum Computing/TestComplexNumber/bin/Debug/TestComplexNumber.DLL" adapterTypeName="Microsoft.VisualStudio.TestTools.TestTypes.Unit.UnitTestAdapter, Microsoft.VisualStudio.QualityTools.Tips.UnitTest.Adapter, Version=10.0.0.0, Culture=neutral, PublicKeyToken=b03f5f7f11d50a3a" className="TestComplexNumber.QCExercisesChapter2, TestComplexNumber, Version=1.0.0.0, Culture=neutral, PublicKeyToken=null" name="Exercise2o7o5" />
    </UnitTest>
  </TestDefinitions>
  <TestLists>
    <TestList name="Results Not in a List" id="8c84fa94-04c1-424b-9868-57a2d4851a1d" />
    <TestList name="All Loaded Results" id="19431567-8539-422a-85d7-44ee4e166bda" />
  </TestLists>
  <TestEntries>
    <TestEntry testId="2196f553-8d96-0cb1-ab6a-222290e750c6" executionId="b83fe4ab-cd9d-4b50-95d3-33211abb9fc9" testListId="8c84fa94-04c1-424b-9868-57a2d4851a1d" />
    <TestEntry testId="965a50e8-2ef6-40c1-4122-e2170c7021eb" executionId="0830aed2-b12c-4594-b7d7-1f8f2b8c8dbb" testListId="8c84fa94-04c1-424b-9868-57a2d4851a1d" />
    <TestEntry testId="f0ba5c0b-8960-4edd-4fed-108844165cf0" executionId="2848e44c-e030-4cbf-a52d-da861d434b14" testListId="8c84fa94-04c1-424b-9868-57a2d4851a1d" />
    <TestEntry testId="d5ba24d1-27d1-0b69-994f-a21952016180" executionId="862197b2-9d19-4ad2-841a-6d4a5cb85abb" testListId="8c84fa94-04c1-424b-9868-57a2d4851a1d" />
    <TestEntry testId="7c93be96-b5a0-1d46-8810-c4cc0920cb2c" executionId="5cf17208-3539-4221-85a1-54ffe830a90c" testListId="8c84fa94-04c1-424b-9868-57a2d4851a1d" />
    <TestEntry testId="257c1c06-b11a-4bb0-9757-e03ddfaada2b" executionId="a6873887-329c-4937-8560-00abfda2ad38" testListId="8c84fa94-04c1-424b-9868-57a2d4851a1d" />
    <TestEntry testId="bb7a77ba-178f-5917-6d9f-a8ef964738e0" executionId="f200a364-dccc-4bb0-8644-eadb2d5a28ce" testListId="8c84fa94-04c1-424b-9868-57a2d4851a1d" />
    <TestEntry testId="191c732e-b797-fda9-14e6-f62313d93af1" executionId="35316298-c553-4de5-ae8d-8d5f6d62b8ad" testListId="8c84fa94-04c1-424b-9868-57a2d4851a1d" />
    <TestEntry testId="4611c12d-ab9b-ec67-f03d-aef14139fd18" executionId="03cfdfa3-dc67-4638-b9de-6f4eb7137f83" testListId="8c84fa94-04c1-424b-9868-57a2d4851a1d" />
    <TestEntry testId="bf6c2469-a2b3-a877-1023-ee9bd6de0e5b" executionId="679cb81d-cc36-4f93-9677-f9ba92db6248" testListId="8c84fa94-04c1-424b-9868-57a2d4851a1d" />
    <TestEntry testId="45c1478b-4df2-7873-3421-9c35cffff0b5" executionId="19de3c6d-2bf9-49ae-b8e3-9eaa5a73264a" testListId="8c84fa94-04c1-424b-9868-57a2d4851a1d" />
    <TestEntry testId="d234dbe8-2eb3-6ce6-3747-7c6cec0f5c2b" executionId="15423e06-d63c-4625-a663-0557778749ad" testListId="8c84fa94-04c1-424b-9868-57a2d4851a1d" />
    <TestEntry testId="aac142ce-38b2-6d3f-cd65-e8254c3e066b" executionId="250c97be-6976-457b-8c51-7ad7fada4cfd" testListId="8c84fa94-04c1-424b-9868-57a2d4851a1d" />
    <TestEntry testId="2f70a04a-052e-804a-c12d-8ce7e0d5829f" executionId="2f2b6109-cccd-483c-bb5d-1872ebc403bb" testListId="8c84fa94-04c1-424b-9868-57a2d4851a1d" />
    <TestEntry testId="49e51852-7075-5008-f887-b580ee4d13af" executionId="874d4a57-1523-4042-adbe-e96633333a5f" testListId="8c84fa94-04c1-424b-9868-57a2d4851a1d" />
    <TestEntry testId="86846568-9c1a-b5d9-8a2f-14b2fd1eb1c6" executionId="675a269d-00aa-4324-beff-0cf5412b9288" testListId="8c84fa94-04c1-424b-9868-57a2d4851a1d" />
    <TestEntry testId="cd40d60c-7ba3-fd50-057a-8cb8ecef5565" executionId="bc1d4770-6f1b-4a56-94ed-b52b7fed6275" testListId="8c84fa94-04c1-424b-9868-57a2d4851a1d" />
    <TestEntry testId="0b103c37-48a5-eca8-d21a-8bbd6e27c98c" executionId="ac9037e0-98c5-4822-955f-92c85425e0f5" testListId="8c84fa94-04c1-424b-9868-57a2d4851a1d" />
    <TestEntry testId="a3e4879d-2ea1-a209-e3f3-b52750cb2d8b" executionId="f4a3095f-de6d-45a0-8652-f089fbd7dd4e" testListId="8c84fa94-04c1-424b-9868-57a2d4851a1d" />
    <TestEntry testId="56d4e2ab-80ac-74c9-cdc4-cd3967d0842f" executionId="4cc6b728-624a-43b4-b66a-debb83c3b781" testListId="8c84fa94-04c1-424b-9868-57a2d4851a1d" />
    <TestEntry testId="b920ca27-2e1f-e8ec-c9ba-d4cbb754ace4" executionId="b285eb3d-c890-4cee-9e57-78c26ce95fee" testListId="8c84fa94-04c1-424b-9868-57a2d4851a1d" />
    <TestEntry testId="cfda23f5-8521-9279-3cfb-c362ea2104e6" executionId="aace125d-e6fc-47af-82b5-3053529dc02c" testListId="8c84fa94-04c1-424b-9868-57a2d4851a1d" />
    <TestEntry testId="976f17c9-51e8-e105-25f5-c30dcb83cb62" executionId="c160fa38-897e-44ca-9da5-e4f867b33e31" testListId="8c84fa94-04c1-424b-9868-57a2d4851a1d" />
    <TestEntry testId="1f1cd201-bd9b-d73b-7631-79422db50907" executionId="5d1214ea-e89f-4f93-81c8-80bfeed0c22a" testListId="8c84fa94-04c1-424b-9868-57a2d4851a1d" />
    <TestEntry testId="f368b193-6b5a-1b14-7094-e125316b3e80" executionId="06139a98-a527-47d1-bf35-77046ae31595" testListId="8c84fa94-04c1-424b-9868-57a2d4851a1d" />
    <TestEntry testId="8c87e582-c187-2428-641f-ac52b8bc8afb" executionId="6265654e-0798-4974-96ce-5892f7a151a5" testListId="8c84fa94-04c1-424b-9868-57a2d4851a1d" />
    <TestEntry testId="7f80f8e7-2e2b-ea96-23b0-2d1d4cb799d4" executionId="6c8c25b6-b7c6-4607-bd69-2096e2a969aa" testListId="8c84fa94-04c1-424b-9868-57a2d4851a1d" />
    <TestEntry testId="acd83d3c-1f09-56f5-c309-c66c3b56b876" executionId="d07527f8-4795-4ee8-b73c-b8d51d9b1ddc" testListId="8c84fa94-04c1-424b-9868-57a2d4851a1d" />
    <TestEntry testId="5b0b7f1b-1d05-7deb-83d6-f2293e41cb23" executionId="0a09362a-4736-4bcd-a88c-cf207e38f530" testListId="8c84fa94-04c1-424b-9868-57a2d4851a1d" />
    <TestEntry testId="1aac7064-31c6-c120-9e54-0819977db45a" executionId="bce814fc-9dce-4aa3-ad4b-d2e740b39be6" testListId="8c84fa94-04c1-424b-9868-57a2d4851a1d" />
    <TestEntry testId="9c92819f-751b-655e-72f6-604f0653711c" executionId="789ba158-e675-435a-a0c2-699c82157fef" testListId="8c84fa94-04c1-424b-9868-57a2d4851a1d" />
    <TestEntry testId="bc74a9f0-dfbc-1cfa-6718-f3d2cbf87b3b" executionId="4cd4fabf-699d-4bab-b24c-7a92a7984db7" testListId="8c84fa94-04c1-424b-9868-57a2d4851a1d" />
    <TestEntry testId="89a43019-9aa1-6b73-f686-b9999e672584" executionId="a516b8f6-9d94-4241-b9c6-15f26800b7ee" testListId="8c84fa94-04c1-424b-9868-57a2d4851a1d" />
    <TestEntry testId="81ff8154-7b8a-e690-97b4-6435aa07756d" executionId="fe71ed35-3379-4510-9b78-57362c2f6d99" testListId="8c84fa94-04c1-424b-9868-57a2d4851a1d" />
    <TestEntry testId="a742c746-5181-52e8-23a7-13e7e8c75d0d" executionId="cbb7337b-87bd-4d30-b000-8f290f693ca9" testListId="8c84fa94-04c1-424b-9868-57a2d4851a1d" />
    <TestEntry testId="38b23d36-491d-02f4-07c2-9d3cd23affc3" executionId="afd762b3-231c-4843-a81a-8b3e84d5cbe9" testListId="8c84fa94-04c1-424b-9868-57a2d4851a1d" />
    <TestEntry testId="5f6e4234-ae47-44fc-62c5-b75e2f29c018" executionId="6a5cbc43-0dcb-446b-9d57-b2702c103878" testListId="8c84fa94-04c1-424b-9868-57a2d4851a1d" />
    <TestEntry testId="353600d6-8f81-a743-8f0c-ac1e5f0cc59e" executionId="250afc6b-ecdf-45cc-a561-b978f154c4f3" testListId="8c84fa94-04c1-424b-9868-57a2d4851a1d" />
    <TestEntry testId="30603adb-abfd-1ae1-9190-dbf549cbf25b" executionId="e58d1d77-679d-4c17-a53a-ddb2ec3c5db0" testListId="8c84fa94-04c1-424b-9868-57a2d4851a1d" />
    <TestEntry testId="e58e75f5-82f4-68b3-9174-e83157c210fe" executionId="cd1197c9-f9ce-432e-b946-5a0cece285cb" testListId="8c84fa94-04c1-424b-9868-57a2d4851a1d" />
    <TestEntry testId="45e4093b-3343-3a21-e7a7-e836435896d3" executionId="9f9ae8ee-453b-4c7c-818d-60d5d435f8dc" testListId="8c84fa94-04c1-424b-9868-57a2d4851a1d" />
    <TestEntry testId="ff295562-5e99-9434-0a6c-61d038c92b18" executionId="96de5da0-4a6a-4d6a-9026-10f7cf431091" testListId="8c84fa94-04c1-424b-9868-57a2d4851a1d" />
    <TestEntry testId="05b12b43-1783-0ca5-6417-946a728e7bad" executionId="4fdc8e3a-12c9-4254-94a7-d2c99ffe2a61" testListId="8c84fa94-04c1-424b-9868-57a2d4851a1d" />
    <TestEntry testId="f45ba4d9-1948-fd2a-d93c-c51eacddf456" executionId="b481d69f-a4e2-422a-b2e6-bd25994e7593" testListId="8c84fa94-04c1-424b-9868-57a2d4851a1d" />
    <TestEntry testId="8e039ac3-296f-0b32-1467-d43005f9a8c9" executionId="ced66e9b-3f00-42ae-9c2d-1c728620d731" testListId="8c84fa94-04c1-424b-9868-57a2d4851a1d" />
    <TestEntry testId="8948e81d-4481-f3a6-0a8b-92d5a21b0ed1" executionId="a2439555-77af-4aea-8edf-9ec8cb1924f3" testListId="8c84fa94-04c1-424b-9868-57a2d4851a1d" />
    <TestEntry testId="1683eaf6-b230-9872-7e1d-e1c2509c0be1" executionId="2d67e323-330c-49c2-841f-93418037e614" testListId="8c84fa94-04c1-424b-9868-57a2d4851a1d" />
    <TestEntry testId="06c32b76-050d-0c74-e5e5-24e8d789eea7" executionId="6cda6c80-be86-4061-a4f7-d5a210596451" testListId="8c84fa94-04c1-424b-9868-57a2d4851a1d" />
    <TestEntry testId="fc5f6b28-8f99-b5ff-6ec9-739c1fd6e416" executionId="d0f947b8-9d58-492c-972a-4672b16905b7" testListId="8c84fa94-04c1-424b-9868-57a2d4851a1d" />
    <TestEntry testId="9cf4c4e1-7186-5bdb-2eef-3b22d03cb6e0" executionId="0058da89-6cd6-4e8f-8d5f-c76e4b5e80fb" testListId="8c84fa94-04c1-424b-9868-57a2d4851a1d" />
    <TestEntry testId="85e31a7a-8f31-96c4-5236-3d22a4f800d8" executionId="d0b1c7a5-8f0d-4062-b4c3-0987a6bc7259" testListId="8c84fa94-04c1-424b-9868-57a2d4851a1d" />
    <TestEntry testId="aec04687-b925-f293-88d7-b9bf8f00fc28" executionId="9e2d4149-6227-457b-a179-449dc8b44f60" testListId="8c84fa94-04c1-424b-9868-57a2d4851a1d" />
    <TestEntry testId="2495be45-e753-45de-32ff-e2c3eb28668d" executionId="4112f5e8-424d-4ffb-8774-dcccc1b6b879" testListId="8c84fa94-04c1-424b-9868-57a2d4851a1d" />
    <TestEntry testId="65483be5-ecd7-0f52-6a6b-f305d0d31089" executionId="cd1de52a-0022-4eaa-90b1-6715ae6e7858" testListId="8c84fa94-04c1-424b-9868-57a2d4851a1d" />
    <TestEntry testId="2c0938a7-7ed1-e7a6-af0a-563ef75e9dfc" executionId="30f52646-a3e1-423a-9aa1-a7a3c93f44a9" testListId="8c84fa94-04c1-424b-9868-57a2d4851a1d" />
    <TestEntry testId="3ab0606d-4843-ff36-b97d-0c79e11782f1" executionId="0092cdb5-69a8-4893-9bdc-e4648f6179bb" testListId="8c84fa94-04c1-424b-9868-57a2d4851a1d" />
    <TestEntry testId="e3655047-245b-e2c7-2c26-19e72f979c1d" executionId="20817e9e-4b58-436b-b4c1-e54cc61688fc" testListId="8c84fa94-04c1-424b-9868-57a2d4851a1d" />
    <TestEntry testId="bfd5a48b-9b5c-d7ad-9048-7f444861126c" executionId="bc262aed-fc6f-4d4d-a27f-200369137192" testListId="8c84fa94-04c1-424b-9868-57a2d4851a1d" />
    <TestEntry testId="7aa98473-1098-0db5-704a-fcb553d21f64" executionId="ed9bafa8-a604-4335-96a2-1863febf3ab3" testListId="8c84fa94-04c1-424b-9868-57a2d4851a1d" />
    <TestEntry testId="992a5310-7fd9-eb34-e20d-949f0af01a8f" executionId="226428e6-225c-4488-9664-459edbe146cf" testListId="8c84fa94-04c1-424b-9868-57a2d4851a1d" />
    <TestEntry testId="2b7e328f-6321-4faa-4f85-a74ea89855b4" executionId="6a289919-c269-4324-83f7-528c674905b2" testListId="8c84fa94-04c1-424b-9868-57a2d4851a1d" />
    <TestEntry testId="afec4393-b7fa-2c17-aed2-743a831c3492" executionId="07af4f20-772d-450c-aac9-509aea0732fa" testListId="8c84fa94-04c1-424b-9868-57a2d4851a1d" />
    <TestEntry testId="183ae838-6eb2-ddd1-fc18-d3ab32673286" executionId="d1d4b1d9-e3bd-4b51-8d03-0476678e209d" testListId="8c84fa94-04c1-424b-9868-57a2d4851a1d" />
    <TestEntry testId="0a0f56e1-2426-9c27-75c5-72e83aa4f18c" executionId="60285436-71d2-4259-b188-eee0bced1ebf" testListId="8c84fa94-04c1-424b-9868-57a2d4851a1d" />
    <TestEntry testId="6ffdc6d3-cefb-3296-5e75-ac13fe3afd03" executionId="aaa07436-1abd-40b0-8639-5aea10989b70" testListId="8c84fa94-04c1-424b-9868-57a2d4851a1d" />
    <TestEntry testId="2940acf1-9b67-2da0-4ad9-484d74cbdbc9" executionId="cad5409f-0ec7-448d-ae67-a446c442676f" testListId="8c84fa94-04c1-424b-9868-57a2d4851a1d" />
    <TestEntry testId="f4a6d75b-22de-c9be-71c8-5150c846f601" executionId="76f05c23-3bd9-4d27-9599-eb894c6c9a52" testListId="8c84fa94-04c1-424b-9868-57a2d4851a1d" />
    <TestEntry testId="06f73701-65f7-da2b-e94f-6c850186d97a" executionId="db05eabc-e633-43d8-b905-a853febf5220" testListId="8c84fa94-04c1-424b-9868-57a2d4851a1d" />
    <TestEntry testId="c75fc2ac-fde7-2038-d9a8-d86e951811a0" executionId="a4801d68-30de-43d2-8afa-0a6caae2c93d" testListId="8c84fa94-04c1-424b-9868-57a2d4851a1d" />
    <TestEntry testId="cf3f4348-6cc3-43d1-c760-65208684009c" executionId="6da29711-b40d-44d0-8824-40b97b55a726" testListId="8c84fa94-04c1-424b-9868-57a2d4851a1d" />
    <TestEntry testId="70b0a96d-aaac-2125-44fa-4f6d63eb62a7" executionId="0857633b-6cc3-4211-9950-0bdf3c160d80" testListId="8c84fa94-04c1-424b-9868-57a2d4851a1d" />
    <TestEntry testId="704f985a-5aa6-9a9c-79d7-6d97e84b7f0f" executionId="2987791b-b4c0-4993-9c47-1851189b8bd4" testListId="8c84fa94-04c1-424b-9868-57a2d4851a1d" />
    <TestEntry testId="df9d4979-ebf4-48fa-eaa6-d378215805ce" executionId="788e9967-5d2e-4b25-825a-ee6c95cd3c48" testListId="8c84fa94-04c1-424b-9868-57a2d4851a1d" />
    <TestEntry testId="715ebd6e-8b82-0185-36f5-00ae9c6bc485" executionId="9f7a058d-06e4-4e1c-91f2-c452fc4a3888" testListId="8c84fa94-04c1-424b-9868-57a2d4851a1d" />
    <TestEntry testId="bfd8552d-cec2-9ab5-c397-fd0fb67479e8" executionId="a3a878cb-e536-441c-979e-681ab28cde5e" testListId="8c84fa94-04c1-424b-9868-57a2d4851a1d" />
    <TestEntry testId="ee944308-05a6-64ab-5bf9-f0a0e7c8737a" executionId="52acc4fb-96f2-47c7-8274-f2a798fa9e6b" testListId="8c84fa94-04c1-424b-9868-57a2d4851a1d" />
    <TestEntry testId="0627374f-baab-d288-a8a5-3146f1936a2d" executionId="fda2cdff-44c0-4791-9df5-6523f4c2a65d" testListId="8c84fa94-04c1-424b-9868-57a2d4851a1d" />
    <TestEntry testId="f1d86270-c9d8-c961-65be-24cc50d1fc4b" executionId="77c2c14e-bb06-44a7-b87f-9e9a07dd0773" testListId="8c84fa94-04c1-424b-9868-57a2d4851a1d" />
    <TestEntry testId="9c8a3a37-92aa-2f07-2535-a6f269371959" executionId="83fef958-1aa2-49a2-ba39-bfbf2bdd6648" testListId="8c84fa94-04c1-424b-9868-57a2d4851a1d" />
    <TestEntry testId="3aefb9d4-9cc0-272d-dc50-69446f55302e" executionId="59497071-9903-4966-952e-5bd92297991a" testListId="8c84fa94-04c1-424b-9868-57a2d4851a1d" />
    <TestEntry testId="fcfa95f2-720f-8082-c577-4f9e22c76102" executionId="b177e16d-fb84-4f9c-9566-9db8d88e5618" testListId="8c84fa94-04c1-424b-9868-57a2d4851a1d" />
    <TestEntry testId="ae083652-0bf7-c673-dce4-870a432603ee" executionId="a30d2c09-a988-4e68-8031-4a62b092e807" testListId="8c84fa94-04c1-424b-9868-57a2d4851a1d" />
    <TestEntry testId="c028a664-47e7-d1e0-a29b-c2782421ecca" executionId="392e637f-82f1-46b4-bca6-7cf71debc1d6" testListId="8c84fa94-04c1-424b-9868-57a2d4851a1d" />
    <TestEntry testId="b02641ef-4dbb-1d38-fc9f-e1bd29220c37" executionId="26007ecc-d1fa-473c-b471-c7ab5e2510a7" testListId="8c84fa94-04c1-424b-9868-57a2d4851a1d" />
    <TestEntry testId="f2c9598d-6c11-6ff1-ac6e-8c319ed45aad" executionId="72cd27bf-b82c-4ad6-a362-e61e2f53e632" testListId="8c84fa94-04c1-424b-9868-57a2d4851a1d" />
    <TestEntry testId="c93ffe48-5243-dfb2-8a93-461c879cf606" executionId="423a95d1-2466-4f60-b7dc-0b0c1dd03940" testListId="8c84fa94-04c1-424b-9868-57a2d4851a1d" />
    <TestEntry testId="bc5ed1ac-46cb-3ce7-5958-bc8141b19b62" executionId="b5dfaaa8-5e34-45b6-947c-cf895d81423c" testListId="8c84fa94-04c1-424b-9868-57a2d4851a1d" />
    <TestEntry testId="e817df08-1352-7924-6f37-9159ad0539e6" executionId="16048810-dfae-4b70-943e-1c14e5ed4974" testListId="8c84fa94-04c1-424b-9868-57a2d4851a1d" />
    <TestEntry testId="2705846c-0b46-907b-6d14-254e6bc6494a" executionId="497e61ec-4ef8-4476-9563-06f7350af111" testListId="8c84fa94-04c1-424b-9868-57a2d4851a1d" />
    <TestEntry testId="c184168b-7b90-1c26-9870-9e31f6f1dde3" executionId="c8540c62-e5f1-4c38-bde1-f71ab1e10cc9" testListId="8c84fa94-04c1-424b-9868-57a2d4851a1d" />
    <TestEntry testId="f2fd9c40-ebed-2a46-34fc-5586a484fe11" executionId="267cabd3-6db6-4876-b4fb-09bf1d101e19" testListId="8c84fa94-04c1-424b-9868-57a2d4851a1d" />
    <TestEntry testId="48d6f10d-3141-2ae9-4d33-c4a338f334ee" executionId="ccbeb858-1565-49af-8012-a1891acd9f6b" testListId="8c84fa94-04c1-424b-9868-57a2d4851a1d" />
    <TestEntry testId="728da468-f507-e742-b2ad-f61f3c2f234c" executionId="c10d6a52-d9ee-4013-a870-0b380901651d" testListId="8c84fa94-04c1-424b-9868-57a2d4851a1d" />
    <TestEntry testId="e6cae91e-3af9-1d6d-3935-2160925e38e7" executionId="064f0c81-c0f0-45f5-b31f-b7c2412da65b" testListId="8c84fa94-04c1-424b-9868-57a2d4851a1d" />
    <TestEntry testId="a2a281b6-476e-eb5a-45e5-afa89a5fb8b5" executionId="e885c5fd-79e1-42a6-bec3-860417eb554e" testListId="8c84fa94-04c1-424b-9868-57a2d4851a1d" />
    <TestEntry testId="8071e8fe-9b4b-2580-cbc1-7f7b5fdb3e47" executionId="d80d435f-d016-4ad9-8af2-fd4dcf3d20da" testListId="8c84fa94-04c1-424b-9868-57a2d4851a1d" />
    <TestEntry testId="85bc1fba-aa1e-c1ef-9000-a508e9350978" executionId="38a72ce4-47f1-42ad-8c23-6885d212e197" testListId="8c84fa94-04c1-424b-9868-57a2d4851a1d" />
    <TestEntry testId="d1e32dc2-f33f-5363-4a8c-0ea170a9c822" executionId="314e243e-8140-4180-9602-6d4f4252c9e5" testListId="8c84fa94-04c1-424b-9868-57a2d4851a1d" />
    <TestEntry testId="aaa025c4-539f-dc62-f50b-af3c4325c449" executionId="b072e417-e680-4f94-a80d-871e02299fca" testListId="8c84fa94-04c1-424b-9868-57a2d4851a1d" />
    <TestEntry testId="9e43b977-3c91-5be2-de15-4f95a8e1f8c7" executionId="11d07f5b-0995-422a-a407-79d2b7917a8c" testListId="8c84fa94-04c1-424b-9868-57a2d4851a1d" />
    <TestEntry testId="5783bddb-fec7-d995-a012-a4ea9e07bdbd" executionId="00cc995c-48dc-4e0c-af7e-da36c367a1b4" testListId="8c84fa94-04c1-424b-9868-57a2d4851a1d" />
    <TestEntry testId="7f3420a7-c01c-ee16-8a61-460ee76e48af" executionId="3a5c31a1-8e26-43e8-9f58-02bf1e45414f" testListId="8c84fa94-04c1-424b-9868-57a2d4851a1d" />
    <TestEntry testId="cad52bb7-add3-40f2-d3bf-b3532e5f7a63" executionId="cdfde3ac-df30-4dda-9943-0ba83984cb69" testListId="8c84fa94-04c1-424b-9868-57a2d4851a1d" />
    <TestEntry testId="2461313c-95d1-07bf-c932-ab214f8a619b" executionId="9a4eeb06-71b3-4128-b62b-453c2431cc39" testListId="8c84fa94-04c1-424b-9868-57a2d4851a1d" />
    <TestEntry testId="b88b9ca8-ba65-70cd-81ce-345ab5fb1d53" executionId="b54e2e1a-f0f3-4168-b740-e8c3631a5774" testListId="8c84fa94-04c1-424b-9868-57a2d4851a1d" />
    <TestEntry testId="fb89f0d9-b250-f580-809f-a6350fa8fd66" executionId="40b40b40-ceb2-40c0-a435-4d14f46d55fa" testListId="8c84fa94-04c1-424b-9868-57a2d4851a1d" />
    <TestEntry testId="33874d17-d7f8-330a-d70a-23c0ca497170" executionId="9bc95e45-894f-4daf-abd7-f7bc1388bae7" testListId="8c84fa94-04c1-424b-9868-57a2d4851a1d" />
    <TestEntry testId="64c1c071-8523-ad97-417a-c762f98be0b4" executionId="a46bc557-3446-4e6b-a26c-12cb1c80051c" testListId="8c84fa94-04c1-424b-9868-57a2d4851a1d" />
    <TestEntry testId="7892f007-71df-5c3b-ebcf-6ef2c37fadc0" executionId="4b97ceb8-f6c5-48dc-ac76-c2c62f7a8ec2" testListId="8c84fa94-04c1-424b-9868-57a2d4851a1d" />
    <TestEntry testId="a250f3fb-9de6-3396-c0f7-a3dadfe0ee2c" executionId="e1808b1c-1eb5-4665-b6ce-e17d29993d50" testListId="8c84fa94-04c1-424b-9868-57a2d4851a1d" />
    <TestEntry testId="6453b38b-95cb-b6aa-9375-25acdc4c2487" executionId="6deb56f2-13e4-44d3-bc3e-bf19e8111d12" testListId="8c84fa94-04c1-424b-9868-57a2d4851a1d" />
    <TestEntry testId="7f620adb-a555-cf8e-6039-9aba1a009772" executionId="a3455610-835b-42be-b756-161a6fba69cf" testListId="8c84fa94-04c1-424b-9868-57a2d4851a1d" />
    <TestEntry testId="2c5f1bbd-c340-38e3-42f3-b2209263335f" executionId="2ddfd6e9-b17c-4d4e-a112-009de67d9e1d" testListId="8c84fa94-04c1-424b-9868-57a2d4851a1d" />
    <TestEntry testId="afbb9659-a5fc-9266-3d62-d7f0d8dcbab6" executionId="9d45cc2c-7246-4cd5-b688-b3fcfe46c3bd" testListId="8c84fa94-04c1-424b-9868-57a2d4851a1d" />
    <TestEntry testId="511a4f61-ce89-55d2-60bf-217e67e9f532" executionId="5ec3dc7e-c8cc-4f23-b56d-b0565a79ce45" testListId="8c84fa94-04c1-424b-9868-57a2d4851a1d" />
    <TestEntry testId="69c0b0c9-79e3-762b-51b3-d77e96aed020" executionId="dac0854b-a5b4-4dd1-9c8a-87db7af89ce0" testListId="8c84fa94-04c1-424b-9868-57a2d4851a1d" />
    <TestEntry testId="70274760-027a-23e7-88b1-7688da4db4eb" executionId="1d13c182-0234-4b0e-b230-541eff7750b3" testListId="8c84fa94-04c1-424b-9868-57a2d4851a1d" />
    <TestEntry testId="07679b95-0c77-33dd-c8d5-e1376510063a" executionId="682c2b89-a968-4442-9e1f-9331d0430f3e" testListId="8c84fa94-04c1-424b-9868-57a2d4851a1d" />
    <TestEntry testId="b3de0653-64d2-8615-b480-d5f14ca81853" executionId="92ff2ec0-576d-4b69-b694-bbd7a8c210b8" testListId="8c84fa94-04c1-424b-9868-57a2d4851a1d" />
    <TestEntry testId="4d151c41-de40-a77d-9114-a00800a2f22f" executionId="3a3e50cb-e99a-46ba-bd5d-64e00c70fd45" testListId="8c84fa94-04c1-424b-9868-57a2d4851a1d" />
    <TestEntry testId="fa18e5a6-2bc3-12df-bb51-c37d30f52f95" executionId="11590007-2a45-42d1-9ebf-c26797254b46" testListId="8c84fa94-04c1-424b-9868-57a2d4851a1d" />
    <TestEntry testId="fa106201-6689-e149-ee9f-22bc394d4b15" executionId="152165f6-c46f-4227-bce5-228aa3d74c2b" testListId="8c84fa94-04c1-424b-9868-57a2d4851a1d" />
    <TestEntry testId="df464f9e-b112-5566-5b91-0946280686ed" executionId="b0bd51a9-a44e-4e33-9d11-b5bc7b93132e" testListId="8c84fa94-04c1-424b-9868-57a2d4851a1d" />
    <TestEntry testId="8283d241-590a-b382-504b-bad3e64fc92e" executionId="085b9c83-5e82-4c72-ab2d-7892a28fc587" testListId="8c84fa94-04c1-424b-9868-57a2d4851a1d" />
    <TestEntry testId="843d4548-139b-668c-d827-42f4346b3ef0" executionId="056992dc-4def-4604-9b07-cc885330704e" testListId="8c84fa94-04c1-424b-9868-57a2d4851a1d" />
    <TestEntry testId="0599638c-2006-192a-49da-9fa79df3b55e" executionId="002268e4-bcf9-48c0-9546-5f5ea6543a83" testListId="8c84fa94-04c1-424b-9868-57a2d4851a1d" />
    <TestEntry testId="84b36a15-9006-9254-a29b-b856bea432a4" executionId="b16b0200-3de5-40fc-8c6d-2d072a9ca094" testListId="8c84fa94-04c1-424b-9868-57a2d4851a1d" />
    <TestEntry testId="9cca6d32-4a0b-e5dd-1a59-a901edd68fd6" executionId="21f6ba3d-3193-4bb0-9cdc-0a4e010e51fb" testListId="8c84fa94-04c1-424b-9868-57a2d4851a1d" />
    <TestEntry testId="e620761f-f36f-3a30-5a60-f84267c8154b" executionId="dbf5e893-d42c-43fa-b3c3-2409862f9cbf" testListId="8c84fa94-04c1-424b-9868-57a2d4851a1d" />
    <TestEntry testId="3b6c1979-5d5b-f7df-8831-5e65b0e818fd" executionId="913d555f-a33f-4138-8c26-cbbef552d6e2" testListId="8c84fa94-04c1-424b-9868-57a2d4851a1d" />
    <TestEntry testId="10573e1f-0aa2-6e3a-c6a4-1a9a094661dc" executionId="4f219b77-bdcf-4d14-9ab6-1c9f20f92ab9" testListId="8c84fa94-04c1-424b-9868-57a2d4851a1d" />
    <TestEntry testId="194ba9b1-34c4-2b4a-2ba8-b132b9ebf998" executionId="5754e7cd-c6f1-4d5f-a53b-d7775ec200a6" testListId="8c84fa94-04c1-424b-9868-57a2d4851a1d" />
    <TestEntry testId="c446db48-fe0d-6c23-577a-d3adf5810ca1" executionId="91db6e9d-bcdb-47a0-b94f-c3bf6ba97077" testListId="8c84fa94-04c1-424b-9868-57a2d4851a1d" />
    <TestEntry testId="25da0ecb-8f65-f3a6-c92d-fed8f87247e6" executionId="c235a388-c240-45bd-bcd9-ff77a4a07612" testListId="8c84fa94-04c1-424b-9868-57a2d4851a1d" />
    <TestEntry testId="a462fc82-d08d-a927-6e82-ea09024ca4ef" executionId="98fb229d-f144-47d2-bc0b-1cd9f6b8a820" testListId="8c84fa94-04c1-424b-9868-57a2d4851a1d" />
    <TestEntry testId="84a3a475-fcd9-a697-a886-bb4311389ff1" executionId="e744cbb2-82a9-4c6e-b084-42bebea9f319" testListId="8c84fa94-04c1-424b-9868-57a2d4851a1d" />
    <TestEntry testId="e34bbd78-70b7-8bee-c46b-6fb18c901aa2" executionId="57672ad9-bdec-4c8a-9a78-1552b535d299" testListId="8c84fa94-04c1-424b-9868-57a2d4851a1d" />
    <TestEntry testId="59d167f3-98f7-3905-876e-bc940d58c269" executionId="49822234-04d2-4aec-a07f-18f25b7aa2f5" testListId="8c84fa94-04c1-424b-9868-57a2d4851a1d" />
    <TestEntry testId="8ddf2343-b416-72d4-fe07-7424be6bf3cc" executionId="698ab757-8a38-4396-ac29-8f579eff87c1" testListId="8c84fa94-04c1-424b-9868-57a2d4851a1d" />
    <TestEntry testId="3c01b151-3119-7729-69fb-12ad4b09e592" executionId="da2eabfb-6cc4-4e56-a2cd-daadbd25ac02" testListId="8c84fa94-04c1-424b-9868-57a2d4851a1d" />
    <TestEntry testId="dd1468a1-9af3-1aa0-7b70-41b163e3c3e7" executionId="4ee40bac-aeb5-4a66-aad5-8b3ce152a36b" testListId="8c84fa94-04c1-424b-9868-57a2d4851a1d" />
    <TestEntry testId="2691a8a8-cda7-2520-f88d-5b729c47edea" executionId="83352eda-e2dd-477b-b6f2-65eb048c2d93" testListId="8c84fa94-04c1-424b-9868-57a2d4851a1d" />
    <TestEntry testId="6b99a904-39c7-b2a5-cb92-c1c5bd5d3c67" executionId="cb8c74c0-3940-4391-bf21-e83791444e6b" testListId="8c84fa94-04c1-424b-9868-57a2d4851a1d" />
    <TestEntry testId="45426eba-5da1-7927-75a6-85bf8e09818e" executionId="5ca3b499-1250-4682-a6b3-bb623bf651e0" testListId="8c84fa94-04c1-424b-9868-57a2d4851a1d" />
    <TestEntry testId="0ba55472-e42d-ce89-4611-b74239fe58fa" executionId="ca1ca96e-fcac-4ff1-95e2-3872a8b2f889" testListId="8c84fa94-04c1-424b-9868-57a2d4851a1d" />
    <TestEntry testId="6dbfaaf3-0c2f-79c7-5448-3d9091ca07d2" executionId="53603612-5899-4690-9348-0d219e265a18" testListId="8c84fa94-04c1-424b-9868-57a2d4851a1d" />
    <TestEntry testId="a6320d81-84be-b348-18dd-019a5fed078d" executionId="8a8438e2-453a-4f0b-867c-5af8d44c7639" testListId="8c84fa94-04c1-424b-9868-57a2d4851a1d" />
    <TestEntry testId="26598c77-ae79-f56c-1115-9577c1ec0551" executionId="81228188-069a-4b7d-8834-a3075ce72cd3" testListId="8c84fa94-04c1-424b-9868-57a2d4851a1d" />
    <TestEntry testId="c73872e3-de49-0d4a-fbe2-3bd9c4a10210" executionId="34d66df0-5e0e-48bf-8f95-0bd0cdb19d97" testListId="8c84fa94-04c1-424b-9868-57a2d4851a1d" />
    <TestEntry testId="d1cc7d48-afbd-466f-5015-ef2680fa4bcb" executionId="8ae77f4c-98ea-4df6-a79e-af9bc36b3619" testListId="8c84fa94-04c1-424b-9868-57a2d4851a1d" />
    <TestEntry testId="7ce48d38-4867-2cfe-7006-39c642c6f124" executionId="ff3027cd-6600-4e1f-9ac8-43b9604b52fb" testListId="8c84fa94-04c1-424b-9868-57a2d4851a1d" />
  </TestEntries>
  <Results>
    <UnitTestResult executionId="b83fe4ab-cd9d-4b50-95d3-33211abb9fc9" testId="2196f553-8d96-0cb1-ab6a-222290e750c6" testName="EqualsTest" computerName="USSLCL00134" duration="00:00:00.0244257" startTime="2012-06-22T17:16:34.8814121-06:00" endTime="2012-06-22T17:16:35.7104595-06:00" testType="13cdc9d9-ddb5-4fa4-a97d-d965ccfc6d4b" outcome="Passed" testListId="8c84fa94-04c1-424b-9868-57a2d4851a1d" relativeResultsDirectory="b83fe4ab-cd9d-4b50-95d3-33211abb9fc9">
    </UnitTestResult>
    <UnitTestResult executionId="0830aed2-b12c-4594-b7d7-1f8f2b8c8dbb" testId="965a50e8-2ef6-40c1-4122-e2170c7021eb" testName="SetToZeroTest" computerName="USSLCL00134" duration="00:00:00.0450228" startTime="2012-06-22T17:16:35.7254604-06:00" endTime="2012-06-22T17:16:35.7824636-06:00" testType="13cdc9d9-ddb5-4fa4-a97d-d965ccfc6d4b" outcome="Passed" testListId="8c84fa94-04c1-424b-9868-57a2d4851a1d" relativeResultsDirectory="0830aed2-b12c-4594-b7d7-1f8f2b8c8dbb">
    </UnitTestResult>
    <UnitTestResult executionId="2848e44c-e030-4cbf-a52d-da861d434b14" testId="f0ba5c0b-8960-4edd-4fed-108844165cf0" testName="GetKetTest" computerName="USSLCL00134" duration="00:00:00.0027720" startTime="2012-06-22T17:16:35.8214659-06:00" endTime="2012-06-22T17:16:35.8364667-06:00" testType="13cdc9d9-ddb5-4fa4-a97d-d965ccfc6d4b" outcome="Passed" testListId="8c84fa94-04c1-424b-9868-57a2d4851a1d" relativeResultsDirectory="2848e44c-e030-4cbf-a52d-da861d434b14">
    </UnitTestResult>
    <UnitTestResult executionId="862197b2-9d19-4ad2-841a-6d4a5cb85abb" testId="d5ba24d1-27d1-0b69-994f-a21952016180" testName="GetAmplitudeTest" computerName="USSLCL00134" duration="00:00:00.0439588" startTime="2012-06-22T17:16:35.8484674-06:00" endTime="2012-06-22T17:16:35.9054707-06:00" testType="13cdc9d9-ddb5-4fa4-a97d-d965ccfc6d4b" outcome="Passed" testListId="8c84fa94-04c1-424b-9868-57a2d4851a1d" relativeResultsDirectory="862197b2-9d19-4ad2-841a-6d4a5cb85abb">
    </UnitTestResult>
    <UnitTestResult executionId="5cf17208-3539-4221-85a1-54ffe830a90c" testId="7c93be96-b5a0-1d46-8810-c4cc0920cb2c" testName="GetNormalizedAmplitudeTest" computerName="USSLCL00134" duration="00:00:00.0099264" startTime="2012-06-22T17:16:35.9124711-06:00" endTime="2012-06-22T17:16:35.9334723-06:00" testType="13cdc9d9-ddb5-4fa4-a97d-d965ccfc6d4b" outcome="Passed" testListId="8c84fa94-04c1-424b-9868-57a2d4851a1d" relativeResultsDirectory="5cf17208-3539-4221-85a1-54ffe830a90c">
    </UnitTestResult>
    <UnitTestResult executionId="a6873887-329c-4937-8560-00abfda2ad38" testId="257c1c06-b11a-4bb0-9757-e03ddfaada2b" testName="IsProbabilisticSystemTest" computerName="USSLCL00134" duration="00:00:00.0185837" startTime="2012-06-22T17:16:35.9404727-06:00" endTime="2012-06-22T17:16:35.9694743-06:00" testType="13cdc9d9-ddb5-4fa4-a97d-d965ccfc6d4b" outcome="Passed" testListId="8c84fa94-04c1-424b-9868-57a2d4851a1d" relativeResultsDirectory="a6873887-329c-4937-8560-00abfda2ad38">
    </UnitTestResult>
    <UnitTestResult executionId="f200a364-dccc-4bb0-8644-eadb2d5a28ce" testId="bb7a77ba-178f-5917-6d9f-a8ef964738e0" testName="ConjugateTest" computerName="USSLCL00134" duration="00:00:00.0068306" startTime="2012-06-22T17:16:35.9794749-06:00" endTime="2012-06-22T17:16:35.9974759-06:00" testType="13cdc9d9-ddb5-4fa4-a97d-d965ccfc6d4b" outcome="Passed" testListId="8c84fa94-04c1-424b-9868-57a2d4851a1d" relativeResultsDirectory="f200a364-dccc-4bb0-8644-eadb2d5a28ce">
    </UnitTestResult>
    <UnitTestResult executionId="35316298-c553-4de5-ae8d-8d5f6d62b8ad" testId="191c732e-b797-fda9-14e6-f62313d93af1" testName="EqualsTest" computerName="USSLCL00134" duration="00:00:00.0015190" startTime="2012-06-22T17:16:36.0044763-06:00" endTime="2012-06-22T17:16:36.0194772-06:00" testType="13cdc9d9-ddb5-4fa4-a97d-d965ccfc6d4b" outcome="Passed" testListId="8c84fa94-04c1-424b-9868-57a2d4851a1d" relativeResultsDirectory="35316298-c553-4de5-ae8d-8d5f6d62b8ad">
    </UnitTestResult>
    <UnitTestResult executionId="03cfdfa3-dc67-4638-b9de-6f4eb7137f83" testId="4611c12d-ab9b-ec67-f03d-aef14139fd18" testName="InnerProductTest" computerName="USSLCL00134" duration="00:00:00.0039511" startTime="2012-06-22T17:16:36.0464787-06:00" endTime="2012-06-22T17:16:36.0614796-06:00" testType="13cdc9d9-ddb5-4fa4-a97d-d965ccfc6d4b" outcome="Passed" testListId="8c84fa94-04c1-424b-9868-57a2d4851a1d" relativeResultsDirectory="03cfdfa3-dc67-4638-b9de-6f4eb7137f83">
    </UnitTestResult>
    <UnitTestResult executionId="679cb81d-cc36-4f93-9677-f9ba92db6248" testId="bf6c2469-a2b3-a877-1023-ee9bd6de0e5b" testName="AdjointTest" computerName="USSLCL00134" duration="00:00:00.0015271" startTime="2012-06-22T17:16:36.0664799-06:00" endTime="2012-06-22T17:16:36.0774805-06:00" testType="13cdc9d9-ddb5-4fa4-a97d-d965ccfc6d4b" outcome="Passed" testListId="8c84fa94-04c1-424b-9868-57a2d4851a1d" relativeResultsDirectory="679cb81d-cc36-4f93-9677-f9ba92db6248">
    </UnitTestResult>
    <UnitTestResult executionId="19de3c6d-2bf9-49ae-b8e3-9eaa5a73264a" testId="45c1478b-4df2-7873-3421-9c35cffff0b5" testName="TransposeTest" computerName="USSLCL00134" duration="00:00:00.0015224" startTime="2012-06-22T17:16:36.0834809-06:00" endTime="2012-06-22T17:16:36.0954815-06:00" testType="13cdc9d9-ddb5-4fa4-a97d-d965ccfc6d4b" outcome="Passed" testListId="8c84fa94-04c1-424b-9868-57a2d4851a1d" relativeResultsDirectory="19de3c6d-2bf9-49ae-b8e3-9eaa5a73264a">
    </UnitTestResult>
    <UnitTestResult executionId="15423e06-d63c-4625-a663-0557778749ad" testId="d234dbe8-2eb3-6ce6-3747-7c6cec0f5c2b" testName="ItemTest" computerName="USSLCL00134" duration="00:00:00.0005331" startTime="2012-06-22T17:16:36.1004818-06:00" endTime="2012-06-22T17:16:36.1114825-06:00" testType="13cdc9d9-ddb5-4fa4-a97d-d965ccfc6d4b" outcome="Passed" testListId="8c84fa94-04c1-424b-9868-57a2d4851a1d" relativeResultsDirectory="15423e06-d63c-4625-a663-0557778749ad">
    </UnitTestResult>
    <UnitTestResult executionId="250c97be-6976-457b-8c51-7ad7fada4cfd" testId="aac142ce-38b2-6d3f-cd65-e8254c3e066b" testName="IdentityMatrixTest" computerName="USSLCL00134" duration="00:00:00.0016645" startTime="2012-06-22T17:16:36.1174828-06:00" endTime="2012-06-22T17:16:36.1284834-06:00" testType="13cdc9d9-ddb5-4fa4-a97d-d965ccfc6d4b" outcome="Passed" testListId="8c84fa94-04c1-424b-9868-57a2d4851a1d" relativeResultsDirectory="250c97be-6976-457b-8c51-7ad7fada4cfd">
    </UnitTestResult>
    <UnitTestResult executionId="2f2b6109-cccd-483c-bb5d-1872ebc403bb" testId="2f70a04a-052e-804a-c12d-8ce7e0d5829f" testName="op_MultiplyMatrixAndVectorTest" computerName="USSLCL00134" duration="00:00:00.0017592" startTime="2012-06-22T17:16:36.1334837-06:00" endTime="2012-06-22T17:16:36.1444843-06:00" testType="13cdc9d9-ddb5-4fa4-a97d-d965ccfc6d4b" outcome="Passed" testListId="8c84fa94-04c1-424b-9868-57a2d4851a1d" relativeResultsDirectory="2f2b6109-cccd-483c-bb5d-1872ebc403bb">
    </UnitTestResult>
    <UnitTestResult executionId="874d4a57-1523-4042-adbe-e96633333a5f" testId="49e51852-7075-5008-f887-b580ee4d13af" testName="IsHermitianTest" computerName="USSLCL00134" duration="00:00:00.0074750" startTime="2012-06-22T17:16:36.1504847-06:00" endTime="2012-06-22T17:16:36.1674857-06:00" testType="13cdc9d9-ddb5-4fa4-a97d-d965ccfc6d4b" outcome="Passed" testListId="8c84fa94-04c1-424b-9868-57a2d4851a1d" relativeResultsDirectory="874d4a57-1523-4042-adbe-e96633333a5f">
    </UnitTestResult>
    <UnitTestResult executionId="675a269d-00aa-4324-beff-0cf5412b9288" testId="86846568-9c1a-b5d9-8a2f-14b2fd1eb1c6" testName="op_ImplicitTest" computerName="USSLCL00134" duration="00:00:00.0040312" startTime="2012-06-22T17:16:36.1724859-06:00" endTime="2012-06-22T17:16:36.1844866-06:00" testType="13cdc9d9-ddb5-4fa4-a97d-d965ccfc6d4b" outcome="Passed" testListId="8c84fa94-04c1-424b-9868-57a2d4851a1d" relativeResultsDirectory="675a269d-00aa-4324-beff-0cf5412b9288">
    </UnitTestResult>
    <UnitTestResult executionId="bc1d4770-6f1b-4a56-94ed-b52b7fed6275" testId="cd40d60c-7ba3-fd50-057a-8cb8ecef5565" testName="op_PowerTest" computerName="USSLCL00134" duration="00:00:00.0038010" startTime="2012-06-22T17:16:36.2104881-06:00" endTime="2012-06-22T17:16:36.2244889-06:00" testType="13cdc9d9-ddb5-4fa4-a97d-d965ccfc6d4b" outcome="Passed" testListId="8c84fa94-04c1-424b-9868-57a2d4851a1d" relativeResultsDirectory="bc1d4770-6f1b-4a56-94ed-b52b7fed6275">
    </UnitTestResult>
    <UnitTestResult executionId="ac9037e0-98c5-4822-955f-92c85425e0f5" testId="0b103c37-48a5-eca8-d21a-8bbd6e27c98c" testName="ExpectedValueTest" computerName="USSLCL00134" duration="00:00:00.0020641" startTime="2012-06-22T17:16:36.2324894-06:00" endTime="2012-06-22T17:16:36.2434900-06:00" testType="13cdc9d9-ddb5-4fa4-a97d-d965ccfc6d4b" outcome="Passed" testListId="8c84fa94-04c1-424b-9868-57a2d4851a1d" relativeResultsDirectory="ac9037e0-98c5-4822-955f-92c85425e0f5">
    </UnitTestResult>
    <UnitTestResult executionId="f4a3095f-de6d-45a0-8652-f089fbd7dd4e" testId="a3e4879d-2ea1-a209-e3f3-b52750cb2d8b" testName="VarianceTest" computerName="USSLCL00134" duration="00:00:00.0052812" startTime="2012-06-22T17:16:36.2524905-06:00" endTime="2012-06-22T17:16:36.2674914-06:00" testType="13cdc9d9-ddb5-4fa4-a97d-d965ccfc6d4b" outcome="Passed" testListId="8c84fa94-04c1-424b-9868-57a2d4851a1d" relativeResultsDirectory="f4a3095f-de6d-45a0-8652-f089fbd7dd4e">
    </UnitTestResult>
    <UnitTestResult executionId="4cc6b728-624a-43b4-b66a-debb83c3b781" testId="56d4e2ab-80ac-74c9-cdc4-cd3967d0842f" testName="Exercise4o1o1" computerName="USSLCL00134" duration="00:00:00.0011983" startTime="2012-06-22T17:16:36.2744918-06:00" endTime="2012-06-22T17:16:36.2984932-06:00" testType="13cdc9d9-ddb5-4fa4-a97d-d965ccfc6d4b" outcome="Passed" testListId="8c84fa94-04c1-424b-9868-57a2d4851a1d" relativeResultsDirectory="4cc6b728-624a-43b4-b66a-debb83c3b781">
    </UnitTestResult>
    <UnitTestResult executionId="b285eb3d-c890-4cee-9e57-78c26ce95fee" testId="b920ca27-2e1f-e8ec-c9ba-d4cbb754ace4" testName="Exercise4o1o5" computerName="USSLCL00134" duration="00:00:00.0022646" startTime="2012-06-22T17:16:36.3064936-06:00" endTime="2012-06-22T17:16:36.3194944-06:00" testType="13cdc9d9-ddb5-4fa4-a97d-d965ccfc6d4b" outcome="Passed" testListId="8c84fa94-04c1-424b-9868-57a2d4851a1d" relativeResultsDirectory="b285eb3d-c890-4cee-9e57-78c26ce95fee">
    </UnitTestResult>
    <UnitTestResult executionId="aace125d-e6fc-47af-82b5-3053529dc02c" testId="cfda23f5-8521-9279-3cfb-c362ea2104e6" testName="Example4o2o1" computerName="USSLCL00134" duration="00:00:00.0011121" startTime="2012-06-22T17:16:36.3274948-06:00" endTime="2012-06-22T17:16:36.3374954-06:00" testType="13cdc9d9-ddb5-4fa4-a97d-d965ccfc6d4b" outcome="Passed" testListId="8c84fa94-04c1-424b-9868-57a2d4851a1d" relativeResultsDirectory="aace125d-e6fc-47af-82b5-3053529dc02c">
    </UnitTestResult>
    <UnitTestResult executionId="c160fa38-897e-44ca-9da5-e4f867b33e31" testId="976f17c9-51e8-e105-25f5-c30dcb83cb62" testName="Exercise4o2o2" computerName="USSLCL00134" duration="00:00:00.0009073" startTime="2012-06-22T17:16:36.3454958-06:00" endTime="2012-06-22T17:16:36.3564965-06:00" testType="13cdc9d9-ddb5-4fa4-a97d-d965ccfc6d4b" outcome="Passed" testListId="8c84fa94-04c1-424b-9868-57a2d4851a1d" relativeResultsDirectory="c160fa38-897e-44ca-9da5-e4f867b33e31">
    </UnitTestResult>
    <UnitTestResult executionId="5d1214ea-e89f-4f93-81c8-80bfeed0c22a" testId="1f1cd201-bd9b-d73b-7631-79422db50907" testName="Exercise4o2o6" computerName="USSLCL00134" duration="00:00:00.0014224" startTime="2012-06-22T17:16:36.3604967-06:00" endTime="2012-06-22T17:16:36.3714973-06:00" testType="13cdc9d9-ddb5-4fa4-a97d-d965ccfc6d4b" outcome="Passed" testListId="8c84fa94-04c1-424b-9868-57a2d4851a1d" relativeResultsDirectory="5d1214ea-e89f-4f93-81c8-80bfeed0c22a">
    </UnitTestResult>
    <UnitTestResult executionId="06139a98-a527-47d1-bf35-77046ae31595" testId="f368b193-6b5a-1b14-7094-e125316b3e80" testName="Exercise4o2o7" computerName="USSLCL00134" duration="00:00:00.0027139" startTime="2012-06-22T17:16:36.3794978-06:00" endTime="2012-06-22T17:16:36.3934986-06:00" testType="13cdc9d9-ddb5-4fa4-a97d-d965ccfc6d4b" outcome="Passed" testListId="8c84fa94-04c1-424b-9868-57a2d4851a1d" relativeResultsDirectory="06139a98-a527-47d1-bf35-77046ae31595">
    </UnitTestResult>
    <UnitTestResult executionId="6265654e-0798-4974-96ce-5892f7a151a5" testId="8c87e582-c187-2428-641f-ac52b8bc8afb" testName="Exercise4o2o8" computerName="USSLCL00134" duration="00:00:00.0067082" startTime="2012-06-22T17:16:36.4185000-06:00" endTime="2012-06-22T17:16:36.4365010-06:00" testType="13cdc9d9-ddb5-4fa4-a97d-d965ccfc6d4b" outcome="Passed" testListId="8c84fa94-04c1-424b-9868-57a2d4851a1d" relativeResultsDirectory="6265654e-0798-4974-96ce-5892f7a151a5">
    </UnitTestResult>
    <UnitTestResult executionId="6c8c25b6-b7c6-4607-bd69-2096e2a969aa" testId="7f80f8e7-2e2b-ea96-23b0-2d1d4cb799d4" testName="Exercise4o2o9" computerName="USSLCL00134" duration="00:00:00.0020779" startTime="2012-06-22T17:16:36.4445015-06:00" endTime="2012-06-22T17:16:36.4575022-06:00" testType="13cdc9d9-ddb5-4fa4-a97d-d965ccfc6d4b" outcome="Passed" testListId="8c84fa94-04c1-424b-9868-57a2d4851a1d" relativeResultsDirectory="6c8c25b6-b7c6-4607-bd69-2096e2a969aa">
    </UnitTestResult>
    <UnitTestResult executionId="d07527f8-4795-4ee8-b73c-b8d51d9b1ddc" testId="acd83d3c-1f09-56f5-c309-c66c3b56b876" testName="Example4o2o7" computerName="USSLCL00134" duration="00:00:00.0038576" startTime="2012-06-22T17:16:36.4615025-06:00" endTime="2012-06-22T17:16:36.4765033-06:00" testType="13cdc9d9-ddb5-4fa4-a97d-d965ccfc6d4b" outcome="Passed" testListId="8c84fa94-04c1-424b-9868-57a2d4851a1d" relativeResultsDirectory="d07527f8-4795-4ee8-b73c-b8d51d9b1ddc">
    </UnitTestResult>
    <UnitTestResult executionId="0a09362a-4736-4bcd-a88c-cf207e38f530" testId="5b0b7f1b-1d05-7deb-83d6-f2293e41cb23" testName="VectorConstructorTest" computerName="USSLCL00134" duration="00:00:00.0022038" startTime="2012-06-22T17:16:36.4815036-06:00" endTime="2012-06-22T17:16:36.4935043-06:00" testType="13cdc9d9-ddb5-4fa4-a97d-d965ccfc6d4b" outcome="Passed" testListId="8c84fa94-04c1-424b-9868-57a2d4851a1d" relativeResultsDirectory="0a09362a-4736-4bcd-a88c-cf207e38f530">
    </UnitTestResult>
    <UnitTestResult executionId="bce814fc-9dce-4aa3-ad4b-d2e740b39be6" testId="1aac7064-31c6-c120-9e54-0819977db45a" testName="VectorConstructorTest1" computerName="USSLCL00134" duration="00:00:00.0008080" startTime="2012-06-22T17:16:36.4985046-06:00" endTime="2012-06-22T17:16:36.5105053-06:00" testType="13cdc9d9-ddb5-4fa4-a97d-d965ccfc6d4b" outcome="Passed" testListId="8c84fa94-04c1-424b-9868-57a2d4851a1d" relativeResultsDirectory="bce814fc-9dce-4aa3-ad4b-d2e740b39be6">
    </UnitTestResult>
    <UnitTestResult executionId="789ba158-e675-435a-a0c2-699c82157fef" testId="9c92819f-751b-655e-72f6-604f0653711c" testName="VectorConstructorTest2" computerName="USSLCL00134" duration="00:00:00.0004145" startTime="2012-06-22T17:16:36.5185057-06:00" endTime="2012-06-22T17:16:36.5285063-06:00" testType="13cdc9d9-ddb5-4fa4-a97d-d965ccfc6d4b" outcome="Passed" testListId="8c84fa94-04c1-424b-9868-57a2d4851a1d" relativeResultsDirectory="789ba158-e675-435a-a0c2-699c82157fef">
    </UnitTestResult>
    <UnitTestResult executionId="4cd4fabf-699d-4bab-b24c-7a92a7984db7" testId="bc74a9f0-dfbc-1cfa-6718-f3d2cbf87b3b" testName="EqualsTest" computerName="USSLCL00134" duration="00:00:00.0004484" startTime="2012-06-22T17:16:36.5335066-06:00" endTime="2012-06-22T17:16:36.5445072-06:00" testType="13cdc9d9-ddb5-4fa4-a97d-d965ccfc6d4b" outcome="Passed" testListId="8c84fa94-04c1-424b-9868-57a2d4851a1d" relativeResultsDirectory="4cd4fabf-699d-4bab-b24c-7a92a7984db7">
    </UnitTestResult>
    <UnitTestResult executionId="a516b8f6-9d94-4241-b9c6-15f26800b7ee" testId="89a43019-9aa1-6b73-f686-b9999e672584" testName="DistanceTest" computerName="USSLCL00134" duration="00:00:00.0143291" startTime="2012-06-22T17:16:36.5495075-06:00" endTime="2012-06-22T17:16:36.5725088-06:00" testType="13cdc9d9-ddb5-4fa4-a97d-d965ccfc6d4b" outcome="Passed" testListId="8c84fa94-04c1-424b-9868-57a2d4851a1d" relativeResultsDirectory="a516b8f6-9d94-4241-b9c6-15f26800b7ee">
    </UnitTestResult>
    <UnitTestResult executionId="fe71ed35-3379-4510-9b78-57362c2f6d99" testId="81ff8154-7b8a-e690-97b4-6435aa07756d" testName="LengthTest" computerName="USSLCL00134" duration="00:00:00.0007060" startTime="2012-06-22T17:16:36.5775091-06:00" endTime="2012-06-22T17:16:36.5875097-06:00" testType="13cdc9d9-ddb5-4fa4-a97d-d965ccfc6d4b" outcome="Passed" testListId="8c84fa94-04c1-424b-9868-57a2d4851a1d" relativeResultsDirectory="fe71ed35-3379-4510-9b78-57362c2f6d99">
    </UnitTestResult>
    <UnitTestResult executionId="cbb7337b-87bd-4d30-b000-8f290f693ca9" testId="a742c746-5181-52e8-23a7-13e7e8c75d0d" testName="ToStringTest" computerName="USSLCL00134" duration="00:00:00.0012491" startTime="2012-06-22T17:16:36.5925100-06:00" endTime="2012-06-22T17:16:36.6035106-06:00" testType="13cdc9d9-ddb5-4fa4-a97d-d965ccfc6d4b" outcome="Passed" testListId="8c84fa94-04c1-424b-9868-57a2d4851a1d" relativeResultsDirectory="cbb7337b-87bd-4d30-b000-8f290f693ca9">
    </UnitTestResult>
    <UnitTestResult executionId="afd762b3-231c-4843-a81a-8b3e84d5cbe9" testId="38b23d36-491d-02f4-07c2-9d3cd23affc3" testName="op_AdditionTest" computerName="USSLCL00134" duration="00:00:00.0040886" startTime="2012-06-22T17:16:36.6085109-06:00" endTime="2012-06-22T17:16:36.6225117-06:00" testType="13cdc9d9-ddb5-4fa4-a97d-d965ccfc6d4b" outcome="Passed" testListId="8c84fa94-04c1-424b-9868-57a2d4851a1d" relativeResultsDirectory="afd762b3-231c-4843-a81a-8b3e84d5cbe9">
    </UnitTestResult>
    <UnitTestResult executionId="6a5cbc43-0dcb-446b-9d57-b2702c103878" testId="5f6e4234-ae47-44fc-62c5-b75e2f29c018" testName="op_EqualityTest" computerName="USSLCL00134" duration="00:00:00.0035735" startTime="2012-06-22T17:16:36.6275120-06:00" endTime="2012-06-22T17:16:36.6415128-06:00" testType="13cdc9d9-ddb5-4fa4-a97d-d965ccfc6d4b" outcome="Passed" testListId="8c84fa94-04c1-424b-9868-57a2d4851a1d" relativeResultsDirectory="6a5cbc43-0dcb-446b-9d57-b2702c103878">
    </UnitTestResult>
    <UnitTestResult executionId="250afc6b-ecdf-45cc-a561-b978f154c4f3" testId="353600d6-8f81-a743-8f0c-ac1e5f0cc59e" testName="op_InequalityTest" computerName="USSLCL00134" duration="00:00:00.0004688" startTime="2012-06-22T17:16:36.6485132-06:00" endTime="2012-06-22T17:16:36.6585137-06:00" testType="13cdc9d9-ddb5-4fa4-a97d-d965ccfc6d4b" outcome="Passed" testListId="8c84fa94-04c1-424b-9868-57a2d4851a1d" relativeResultsDirectory="250afc6b-ecdf-45cc-a561-b978f154c4f3">
    </UnitTestResult>
    <UnitTestResult executionId="e58d1d77-679d-4c17-a53a-ddb2ec3c5db0" testId="30603adb-abfd-1ae1-9190-dbf549cbf25b" testName="op_MultiplyTest" computerName="USSLCL00134" duration="00:00:00.0039507" startTime="2012-06-22T17:16:36.6635140-06:00" endTime="2012-06-22T17:16:36.6765148-06:00" testType="13cdc9d9-ddb5-4fa4-a97d-d965ccfc6d4b" outcome="Passed" testListId="8c84fa94-04c1-424b-9868-57a2d4851a1d" relativeResultsDirectory="e58d1d77-679d-4c17-a53a-ddb2ec3c5db0">
    </UnitTestResult>
    <UnitTestResult executionId="cd1197c9-f9ce-432e-b946-5a0cece285cb" testId="e58e75f5-82f4-68b3-9174-e83157c210fe" testName="op_MultiplyTest1" computerName="USSLCL00134" duration="00:00:00.0004958" startTime="2012-06-22T17:16:36.6815151-06:00" endTime="2012-06-22T17:16:36.6925157-06:00" testType="13cdc9d9-ddb5-4fa4-a97d-d965ccfc6d4b" outcome="Passed" testListId="8c84fa94-04c1-424b-9868-57a2d4851a1d" relativeResultsDirectory="cd1197c9-f9ce-432e-b946-5a0cece285cb">
    </UnitTestResult>
    <UnitTestResult executionId="9f9ae8ee-453b-4c7c-818d-60d5d435f8dc" testId="45e4093b-3343-3a21-e7a7-e836435896d3" testName="op_DotProductTest" computerName="USSLCL00134" duration="00:00:00.0009265" startTime="2012-06-22T17:16:36.6975160-06:00" endTime="2012-06-22T17:16:36.7075165-06:00" testType="13cdc9d9-ddb5-4fa4-a97d-d965ccfc6d4b" outcome="Passed" testListId="8c84fa94-04c1-424b-9868-57a2d4851a1d" relativeResultsDirectory="9f9ae8ee-453b-4c7c-818d-60d5d435f8dc">
    </UnitTestResult>
    <UnitTestResult executionId="96de5da0-4a6a-4d6a-9026-10f7cf431091" testId="ff295562-5e99-9434-0a6c-61d038c92b18" testName="op_SubtractionTest" computerName="USSLCL00134" duration="00:00:00.0007137" startTime="2012-06-22T17:16:36.7125168-06:00" endTime="2012-06-22T17:16:36.7235175-06:00" testType="13cdc9d9-ddb5-4fa4-a97d-d965ccfc6d4b" outcome="Passed" testListId="8c84fa94-04c1-424b-9868-57a2d4851a1d" relativeResultsDirectory="96de5da0-4a6a-4d6a-9026-10f7cf431091">
    </UnitTestResult>
    <UnitTestResult executionId="4fdc8e3a-12c9-4254-94a7-d2c99ffe2a61" testId="05b12b43-1783-0ca5-6417-946a728e7bad" testName="GetAngleTest" computerName="USSLCL00134" duration="00:00:00.0018108" startTime="2012-06-22T17:16:36.7275177-06:00" endTime="2012-06-22T17:16:36.7405184-06:00" testType="13cdc9d9-ddb5-4fa4-a97d-d965ccfc6d4b" outcome="Passed" testListId="8c84fa94-04c1-424b-9868-57a2d4851a1d" relativeResultsDirectory="4fdc8e3a-12c9-4254-94a7-d2c99ffe2a61">
    </UnitTestResult>
    <UnitTestResult executionId="b481d69f-a4e2-422a-b2e6-bd25994e7593" testId="f45ba4d9-1948-fd2a-d93c-c51eacddf456" testName="IsOrthogonalTest" computerName="USSLCL00134" duration="00:00:00.0075605" startTime="2012-06-22T17:16:36.7465188-06:00" endTime="2012-06-22T17:16:36.7635198-06:00" testType="13cdc9d9-ddb5-4fa4-a97d-d965ccfc6d4b" outcome="Passed" testListId="8c84fa94-04c1-424b-9868-57a2d4851a1d" relativeResultsDirectory="b481d69f-a4e2-422a-b2e6-bd25994e7593">
    </UnitTestResult>
    <UnitTestResult executionId="ced66e9b-3f00-42ae-9c2d-1c728620d731" testId="8e039ac3-296f-0b32-1467-d43005f9a8c9" testName="op_UnaryNegationTest" computerName="USSLCL00134" duration="00:00:00.0060953" startTime="2012-06-22T17:16:36.7685200-06:00" endTime="2012-06-22T17:16:36.7835209-06:00" testType="13cdc9d9-ddb5-4fa4-a97d-d965ccfc6d4b" outcome="Passed" testListId="8c84fa94-04c1-424b-9868-57a2d4851a1d" relativeResultsDirectory="ced66e9b-3f00-42ae-9c2d-1c728620d731">
    </UnitTestResult>
    <UnitTestResult executionId="a2439555-77af-4aea-8edf-9ec8cb1924f3" testId="8948e81d-4481-f3a6-0a8b-92d5a21b0ed1" testName="Exercise3o1o1" computerName="USSLCL00134" duration="00:00:00.0021969" startTime="2012-06-22T17:16:36.7885212-06:00" endTime="2012-06-22T17:16:36.8005219-06:00" testType="13cdc9d9-ddb5-4fa4-a97d-d965ccfc6d4b" outcome="Passed" testListId="8c84fa94-04c1-424b-9868-57a2d4851a1d" relativeResultsDirectory="a2439555-77af-4aea-8edf-9ec8cb1924f3">
    </UnitTestResult>
    <UnitTestResult executionId="2d67e323-330c-49c2-841f-93418037e614" testId="1683eaf6-b230-9872-7e1d-e1c2509c0be1" testName="Exercise3o1o2" computerName="USSLCL00134" duration="00:00:00.0062100" startTime="2012-06-22T17:16:36.8075223-06:00" endTime="2012-06-22T17:16:36.8235232-06:00" testType="13cdc9d9-ddb5-4fa4-a97d-d965ccfc6d4b" outcome="Passed" testListId="8c84fa94-04c1-424b-9868-57a2d4851a1d" relativeResultsDirectory="2d67e323-330c-49c2-841f-93418037e614">
    </UnitTestResult>
    <UnitTestResult executionId="6cda6c80-be86-4061-a4f7-d5a210596451" testId="06c32b76-050d-0c74-e5e5-24e8d789eea7" testName="Exercise3o1o4" computerName="USSLCL00134" duration="00:00:00.0022196" startTime="2012-06-22T17:16:36.8285235-06:00" endTime="2012-06-22T17:16:36.8405242-06:00" testType="13cdc9d9-ddb5-4fa4-a97d-d965ccfc6d4b" outcome="Passed" testListId="8c84fa94-04c1-424b-9868-57a2d4851a1d" relativeResultsDirectory="6cda6c80-be86-4061-a4f7-d5a210596451">
    </UnitTestResult>
    <UnitTestResult executionId="d0f947b8-9d58-492c-972a-4672b16905b7" testId="fc5f6b28-8f99-b5ff-6ec9-739c1fd6e416" testName="Example3o2o1" computerName="USSLCL00134" duration="00:00:00.0010647" startTime="2012-06-22T17:16:36.8455244-06:00" endTime="2012-06-22T17:16:36.8555250-06:00" testType="13cdc9d9-ddb5-4fa4-a97d-d965ccfc6d4b" outcome="Passed" testListId="8c84fa94-04c1-424b-9868-57a2d4851a1d" relativeResultsDirectory="d0f947b8-9d58-492c-972a-4672b16905b7">
    </UnitTestResult>
    <UnitTestResult executionId="0058da89-6cd6-4e8f-8d5f-c76e4b5e80fb" testId="9cf4c4e1-7186-5bdb-2eef-3b22d03cb6e0" testName="Exercise3o2o1" computerName="USSLCL00134" duration="00:00:00.0008715" startTime="2012-06-22T17:16:36.8605253-06:00" endTime="2012-06-22T17:16:36.8705259-06:00" testType="13cdc9d9-ddb5-4fa4-a97d-d965ccfc6d4b" outcome="Passed" testListId="8c84fa94-04c1-424b-9868-57a2d4851a1d" relativeResultsDirectory="0058da89-6cd6-4e8f-8d5f-c76e4b5e80fb">
    </UnitTestResult>
    <UnitTestResult executionId="d0b1c7a5-8f0d-4062-b4c3-0987a6bc7259" testId="85e31a7a-8f31-96c4-5236-3d22a4f800d8" testName="Exercise3o2o4" computerName="USSLCL00134" duration="00:00:00.0010832" startTime="2012-06-22T17:16:36.8755262-06:00" endTime="2012-06-22T17:16:36.8875268-06:00" testType="13cdc9d9-ddb5-4fa4-a97d-d965ccfc6d4b" outcome="Passed" testListId="8c84fa94-04c1-424b-9868-57a2d4851a1d" relativeResultsDirectory="d0b1c7a5-8f0d-4062-b4c3-0987a6bc7259">
    </UnitTestResult>
    <UnitTestResult executionId="9e2d4149-6227-457b-a179-449dc8b44f60" testId="aec04687-b925-f293-88d7-b9bf8f00fc28" testName="Exercise3o2o6" computerName="USSLCL00134" duration="00:00:00.0062358" startTime="2012-06-22T17:16:36.8925271-06:00" endTime="2012-06-22T17:16:36.9075280-06:00" testType="13cdc9d9-ddb5-4fa4-a97d-d965ccfc6d4b" outcome="Passed" testListId="8c84fa94-04c1-424b-9868-57a2d4851a1d" relativeResultsDirectory="9e2d4149-6227-457b-a179-449dc8b44f60">
    </UnitTestResult>
    <UnitTestResult executionId="4112f5e8-424d-4ffb-8774-dcccc1b6b879" testId="2495be45-e753-45de-32ff-e2c3eb28668d" testName="Exercise3o3o1" computerName="USSLCL00134" duration="00:00:00.0254166" startTime="2012-06-22T17:16:36.9125283-06:00" endTime="2012-06-22T17:16:36.9485303-06:00" testType="13cdc9d9-ddb5-4fa4-a97d-d965ccfc6d4b" outcome="Passed" testListId="8c84fa94-04c1-424b-9868-57a2d4851a1d" relativeResultsDirectory="4112f5e8-424d-4ffb-8774-dcccc1b6b879">
    </UnitTestResult>
    <UnitTestResult executionId="cd1de52a-0022-4eaa-90b1-6715ae6e7858" testId="65483be5-ecd7-0f52-6a6b-f305d0d31089" testName="Exercise3o4o2" computerName="USSLCL00134" duration="00:00:00.0080159" startTime="2012-06-22T17:16:36.9535306-06:00" endTime="2012-06-22T17:16:36.9695315-06:00" testType="13cdc9d9-ddb5-4fa4-a97d-d965ccfc6d4b" outcome="Passed" testListId="8c84fa94-04c1-424b-9868-57a2d4851a1d" relativeResultsDirectory="cd1de52a-0022-4eaa-90b1-6715ae6e7858">
    </UnitTestResult>
    <UnitTestResult executionId="30f52646-a3e1-423a-9aa1-a7a3c93f44a9" testId="2c0938a7-7ed1-e7a6-af0a-563ef75e9dfc" testName="Exercise3o4o3" computerName="USSLCL00134" duration="00:00:00.0013084" startTime="2012-06-22T17:16:36.9805322-06:00" endTime="2012-06-22T17:16:36.9925328-06:00" testType="13cdc9d9-ddb5-4fa4-a97d-d965ccfc6d4b" outcome="Passed" testListId="8c84fa94-04c1-424b-9868-57a2d4851a1d" relativeResultsDirectory="30f52646-a3e1-423a-9aa1-a7a3c93f44a9">
    </UnitTestResult>
    <UnitTestResult executionId="0092cdb5-69a8-4893-9bdc-e4648f6179bb" testId="3ab0606d-4843-ff36-b97d-0c79e11782f1" testName="Exercise2o1o1" computerName="USSLCL00134" duration="00:00:00.0010655" startTime="2012-06-22T17:16:36.9975331-06:00" endTime="2012-06-22T17:16:37.0085338-06:00" testType="13cdc9d9-ddb5-4fa4-a97d-d965ccfc6d4b" outcome="Passed" testListId="8c84fa94-04c1-424b-9868-57a2d4851a1d" relativeResultsDirectory="0092cdb5-69a8-4893-9bdc-e4648f6179bb">
    </UnitTestResult>
    <UnitTestResult executionId="20817e9e-4b58-436b-b4c1-e54cc61688fc" testId="e3655047-245b-e2c7-2c26-19e72f979c1d" testName="TestEquation2o13" computerName="USSLCL00134" duration="00:00:00.0005882" startTime="2012-06-22T17:16:37.0145341-06:00" endTime="2012-06-22T17:16:37.0255347-06:00" testType="13cdc9d9-ddb5-4fa4-a97d-d965ccfc6d4b" outcome="Passed" testListId="8c84fa94-04c1-424b-9868-57a2d4851a1d" relativeResultsDirectory="20817e9e-4b58-436b-b4c1-e54cc61688fc">
    </UnitTestResult>
    <UnitTestResult executionId="bc262aed-fc6f-4d4d-a27f-200369137192" testId="bfd5a48b-9b5c-d7ad-9048-7f444861126c" testName="Exercise2o1o3" computerName="USSLCL00134" duration="00:00:00.0009824" startTime="2012-06-22T17:16:37.0325351-06:00" endTime="2012-06-22T17:16:37.0425357-06:00" testType="13cdc9d9-ddb5-4fa4-a97d-d965ccfc6d4b" outcome="Passed" testListId="8c84fa94-04c1-424b-9868-57a2d4851a1d" relativeResultsDirectory="bc262aed-fc6f-4d4d-a27f-200369137192">
    </UnitTestResult>
    <UnitTestResult executionId="ed9bafa8-a604-4335-96a2-1863febf3ab3" testId="7aa98473-1098-0db5-704a-fcb553d21f64" testName="Exercise2o1o4" computerName="USSLCL00134" duration="00:00:00.0005216" startTime="2012-06-22T17:16:37.0485361-06:00" endTime="2012-06-22T17:16:37.0585366-06:00" testType="13cdc9d9-ddb5-4fa4-a97d-d965ccfc6d4b" outcome="Passed" testListId="8c84fa94-04c1-424b-9868-57a2d4851a1d" relativeResultsDirectory="ed9bafa8-a604-4335-96a2-1863febf3ab3">
    </UnitTestResult>
    <UnitTestResult executionId="226428e6-225c-4488-9664-459edbe146cf" testId="992a5310-7fd9-eb34-e20d-949f0af01a8f" testName="Exercise2o2o1" computerName="USSLCL00134" duration="00:00:00.0004396" startTime="2012-06-22T17:16:37.0635369-06:00" endTime="2012-06-22T17:16:37.0745375-06:00" testType="13cdc9d9-ddb5-4fa4-a97d-d965ccfc6d4b" outcome="Passed" testListId="8c84fa94-04c1-424b-9868-57a2d4851a1d" relativeResultsDirectory="226428e6-225c-4488-9664-459edbe146cf">
    </UnitTestResult>
    <UnitTestResult executionId="6a289919-c269-4324-83f7-528c674905b2" testId="2b7e328f-6321-4faa-4f85-a74ea89855b4" testName="Exercise2o2o3" computerName="USSLCL00134" duration="00:00:00.0033025" startTime="2012-06-22T17:16:37.0835381-06:00" endTime="2012-06-22T17:16:37.0975389-06:00" testType="13cdc9d9-ddb5-4fa4-a97d-d965ccfc6d4b" outcome="Passed" testListId="8c84fa94-04c1-424b-9868-57a2d4851a1d" relativeResultsDirectory="6a289919-c269-4324-83f7-528c674905b2">
    </UnitTestResult>
    <UnitTestResult executionId="07af4f20-772d-450c-aac9-509aea0732fa" testId="afec4393-b7fa-2c17-aed2-743a831c3492" testName="Exercise2o2o5" computerName="USSLCL00134" duration="00:00:00.0028471" startTime="2012-06-22T17:16:37.1025391-06:00" endTime="2012-06-22T17:16:37.1155399-06:00" testType="13cdc9d9-ddb5-4fa4-a97d-d965ccfc6d4b" outcome="Passed" testListId="8c84fa94-04c1-424b-9868-57a2d4851a1d" relativeResultsDirectory="07af4f20-772d-450c-aac9-509aea0732fa">
    </UnitTestResult>
    <UnitTestResult executionId="d1d4b1d9-e3bd-4b51-8d03-0476678e209d" testId="183ae838-6eb2-ddd1-fc18-d3ab32673286" testName="Exercise2o2o6" computerName="USSLCL00134" duration="00:00:00.0133410" startTime="2012-06-22T17:16:37.1255405-06:00" endTime="2012-06-22T17:16:37.1475417-06:00" testType="13cdc9d9-ddb5-4fa4-a97d-d965ccfc6d4b" outcome="Passed" testListId="8c84fa94-04c1-424b-9868-57a2d4851a1d" relativeResultsDirectory="d1d4b1d9-e3bd-4b51-8d03-0476678e209d">
    </UnitTestResult>
    <UnitTestResult executionId="60285436-71d2-4259-b188-eee0bced1ebf" testId="0a0f56e1-2426-9c27-75c5-72e83aa4f18c" testName="Exercise2o2o8" computerName="USSLCL00134" duration="00:00:00.0019767" startTime="2012-06-22T17:16:37.1745433-06:00" endTime="2012-06-22T17:16:37.1855439-06:00" testType="13cdc9d9-ddb5-4fa4-a97d-d965ccfc6d4b" outcome="Passed" testListId="8c84fa94-04c1-424b-9868-57a2d4851a1d" relativeResultsDirectory="60285436-71d2-4259-b188-eee0bced1ebf">
    </UnitTestResult>
    <UnitTestResult executionId="aaa07436-1abd-40b0-8639-5aea10989b70" testId="6ffdc6d3-cefb-3296-5e75-ac13fe3afd03" testName="Exercise2o2o9" computerName="USSLCL00134" duration="00:00:00.0101959" startTime="2012-06-22T17:16:37.1905442-06:00" endTime="2012-06-22T17:16:37.2095453-06:00" testType="13cdc9d9-ddb5-4fa4-a97d-d965ccfc6d4b" outcome="Passed" testListId="8c84fa94-04c1-424b-9868-57a2d4851a1d" relativeResultsDirectory="aaa07436-1abd-40b0-8639-5aea10989b70">
    </UnitTestResult>
    <UnitTestResult executionId="cad5409f-0ec7-448d-ae67-a446c442676f" testId="2940acf1-9b67-2da0-4ad9-484d74cbdbc9" testName="Example2o3o5" computerName="USSLCL00134" duration="00:00:00.0016283" startTime="2012-06-22T17:16:37.2165457-06:00" endTime="2012-06-22T17:16:37.2275463-06:00" testType="13cdc9d9-ddb5-4fa4-a97d-d965ccfc6d4b" outcome="Passed" testListId="8c84fa94-04c1-424b-9868-57a2d4851a1d" relativeResultsDirectory="cad5409f-0ec7-448d-ae67-a446c442676f">
    </UnitTestResult>
    <UnitTestResult executionId="76f05c23-3bd9-4d27-9599-eb894c6c9a52" testId="f4a6d75b-22de-c9be-71c8-5150c846f601" testName="Example2o3o3" computerName="USSLCL00134" duration="00:00:00.0009154" startTime="2012-06-22T17:16:37.2325466-06:00" endTime="2012-06-22T17:16:37.2435472-06:00" testType="13cdc9d9-ddb5-4fa4-a97d-d965ccfc6d4b" outcome="Passed" testListId="8c84fa94-04c1-424b-9868-57a2d4851a1d" relativeResultsDirectory="76f05c23-3bd9-4d27-9599-eb894c6c9a52">
    </UnitTestResult>
    <UnitTestResult executionId="db05eabc-e633-43d8-b905-a853febf5220" testId="06f73701-65f7-da2b-e94f-6c850186d97a" testName="Exercise2o4o1" computerName="USSLCL00134" duration="00:00:00.0018004" startTime="2012-06-22T17:16:37.2485475-06:00" endTime="2012-06-22T17:16:37.2605482-06:00" testType="13cdc9d9-ddb5-4fa4-a97d-d965ccfc6d4b" outcome="Passed" testListId="8c84fa94-04c1-424b-9868-57a2d4851a1d" relativeResultsDirectory="db05eabc-e633-43d8-b905-a853febf5220">
    </UnitTestResult>
    <UnitTestResult executionId="a4801d68-30de-43d2-8afa-0a6caae2c93d" testId="c75fc2ac-fde7-2038-d9a8-d86e951811a0" testName="Exercise2o4o3" computerName="USSLCL00134" duration="00:00:00.0027659" startTime="2012-06-22T17:16:37.2655485-06:00" endTime="2012-06-22T17:16:37.2775492-06:00" testType="13cdc9d9-ddb5-4fa4-a97d-d965ccfc6d4b" outcome="Passed" testListId="8c84fa94-04c1-424b-9868-57a2d4851a1d" relativeResultsDirectory="a4801d68-30de-43d2-8afa-0a6caae2c93d">
    </UnitTestResult>
    <UnitTestResult executionId="6da29711-b40d-44d0-8824-40b97b55a726" testId="cf3f4348-6cc3-43d1-c760-65208684009c" testName="Exercise2o4o5" computerName="USSLCL00134" duration="00:00:00.0012068" startTime="2012-06-22T17:16:37.2825494-06:00" endTime="2012-06-22T17:16:37.2935501-06:00" testType="13cdc9d9-ddb5-4fa4-a97d-d965ccfc6d4b" outcome="Passed" testListId="8c84fa94-04c1-424b-9868-57a2d4851a1d" relativeResultsDirectory="6da29711-b40d-44d0-8824-40b97b55a726">
    </UnitTestResult>
    <UnitTestResult executionId="0857633b-6cc3-4211-9950-0bdf3c160d80" testId="70b0a96d-aaac-2125-44fa-4f6d63eb62a7" testName="Exercise2o4o6" computerName="USSLCL00134" duration="00:00:00.0010316" startTime="2012-06-22T17:16:37.2995504-06:00" endTime="2012-06-22T17:16:37.3085509-06:00" testType="13cdc9d9-ddb5-4fa4-a97d-d965ccfc6d4b" outcome="Passed" testListId="8c84fa94-04c1-424b-9868-57a2d4851a1d" relativeResultsDirectory="0857633b-6cc3-4211-9950-0bdf3c160d80">
    </UnitTestResult>
    <UnitTestResult executionId="2987791b-b4c0-4993-9c47-1851189b8bd4" testId="704f985a-5aa6-9a9c-79d7-6d97e84b7f0f" testName="Exercise2o4o7" computerName="USSLCL00134" duration="00:00:00.0007895" startTime="2012-06-22T17:16:37.3145513-06:00" endTime="2012-06-22T17:16:37.3245518-06:00" testType="13cdc9d9-ddb5-4fa4-a97d-d965ccfc6d4b" outcome="Passed" testListId="8c84fa94-04c1-424b-9868-57a2d4851a1d" relativeResultsDirectory="2987791b-b4c0-4993-9c47-1851189b8bd4">
    </UnitTestResult>
    <UnitTestResult executionId="788e9967-5d2e-4b25-825a-ee6c95cd3c48" testId="df9d4979-ebf4-48fa-eaa6-d378215805ce" testName="Exercise2o4o8" computerName="USSLCL00134" duration="00:00:00.0015817" startTime="2012-06-22T17:16:37.3305522-06:00" endTime="2012-06-22T17:16:37.3415528-06:00" testType="13cdc9d9-ddb5-4fa4-a97d-d965ccfc6d4b" outcome="Passed" testListId="8c84fa94-04c1-424b-9868-57a2d4851a1d" relativeResultsDirectory="788e9967-5d2e-4b25-825a-ee6c95cd3c48">
    </UnitTestResult>
    <UnitTestResult executionId="9f7a058d-06e4-4e1c-91f2-c452fc4a3888" testId="715ebd6e-8b82-0185-36f5-00ae9c6bc485" testName="Exercise2o5o1" computerName="USSLCL00134" duration="00:00:00.0021311" startTime="2012-06-22T17:16:37.3485532-06:00" endTime="2012-06-22T17:16:37.3605539-06:00" testType="13cdc9d9-ddb5-4fa4-a97d-d965ccfc6d4b" outcome="Passed" testListId="8c84fa94-04c1-424b-9868-57a2d4851a1d" relativeResultsDirectory="9f7a058d-06e4-4e1c-91f2-c452fc4a3888">
    </UnitTestResult>
    <UnitTestResult executionId="a3a878cb-e536-441c-979e-681ab28cde5e" testId="bfd8552d-cec2-9ab5-c397-fd0fb67479e8" testName="Exercise2o6o1" computerName="USSLCL00134" duration="00:00:00.0007333" startTime="2012-06-22T17:16:37.3655542-06:00" endTime="2012-06-22T17:16:37.3755548-06:00" testType="13cdc9d9-ddb5-4fa4-a97d-d965ccfc6d4b" outcome="Passed" testListId="8c84fa94-04c1-424b-9868-57a2d4851a1d" relativeResultsDirectory="a3a878cb-e536-441c-979e-681ab28cde5e">
    </UnitTestResult>
    <UnitTestResult executionId="52acc4fb-96f2-47c7-8274-f2a798fa9e6b" testId="ee944308-05a6-64ab-5bf9-f0a0e7c8737a" testName="Exercise2o6o5" computerName="USSLCL00134" duration="00:00:00.0211952" startTime="2012-06-22T17:16:37.3795550-06:00" endTime="2012-06-22T17:16:37.4105568-06:00" testType="13cdc9d9-ddb5-4fa4-a97d-d965ccfc6d4b" outcome="Passed" testListId="8c84fa94-04c1-424b-9868-57a2d4851a1d" relativeResultsDirectory="52acc4fb-96f2-47c7-8274-f2a798fa9e6b">
    </UnitTestResult>
    <UnitTestResult executionId="fda2cdff-44c0-4791-9df5-6523f4c2a65d" testId="0627374f-baab-d288-a8a5-3146f1936a2d" testName="Exercise2o6o6" computerName="USSLCL00134" duration="00:00:00.0027193" startTime="2012-06-22T17:16:37.4155570-06:00" endTime="2012-06-22T17:16:37.4265577-06:00" testType="13cdc9d9-ddb5-4fa4-a97d-d965ccfc6d4b" outcome="Passed" testListId="8c84fa94-04c1-424b-9868-57a2d4851a1d" relativeResultsDirectory="fda2cdff-44c0-4791-9df5-6523f4c2a65d">
    </UnitTestResult>
    <UnitTestResult executionId="77c2c14e-bb06-44a7-b87f-9e9a07dd0773" testId="f1d86270-c9d8-c961-65be-24cc50d1fc4b" testName="Exercise2o6o8" computerName="USSLCL00134" duration="00:00:00.0028186" startTime="2012-06-22T17:16:37.4315580-06:00" endTime="2012-06-22T17:16:37.4435586-06:00" testType="13cdc9d9-ddb5-4fa4-a97d-d965ccfc6d4b" outcome="Passed" testListId="8c84fa94-04c1-424b-9868-57a2d4851a1d" relativeResultsDirectory="77c2c14e-bb06-44a7-b87f-9e9a07dd0773">
    </UnitTestResult>
    <UnitTestResult executionId="83fef958-1aa2-49a2-ba39-bfbf2bdd6648" testId="9c8a3a37-92aa-2f07-2535-a6f269371959" testName="Exercise2o6o9" computerName="USSLCL00134" duration="00:00:00.0053936" startTime="2012-06-22T17:16:37.4475589-06:00" endTime="2012-06-22T17:16:37.4635598-06:00" testType="13cdc9d9-ddb5-4fa4-a97d-d965ccfc6d4b" outcome="Passed" testListId="8c84fa94-04c1-424b-9868-57a2d4851a1d" relativeResultsDirectory="83fef958-1aa2-49a2-ba39-bfbf2bdd6648">
    </UnitTestResult>
    <UnitTestResult executionId="59497071-9903-4966-952e-5bd92297991a" testId="3aefb9d4-9cc0-272d-dc50-69446f55302e" testName="Exercise2o7o1" computerName="USSLCL00134" duration="00:00:00.0018916" startTime="2012-06-22T17:16:37.4685601-06:00" endTime="2012-06-22T17:16:37.4805608-06:00" testType="13cdc9d9-ddb5-4fa4-a97d-d965ccfc6d4b" outcome="Passed" testListId="8c84fa94-04c1-424b-9868-57a2d4851a1d" relativeResultsDirectory="59497071-9903-4966-952e-5bd92297991a">
    </UnitTestResult>
    <UnitTestResult executionId="b177e16d-fb84-4f9c-9566-9db8d88e5618" testId="fcfa95f2-720f-8082-c577-4f9e22c76102" testName="Exercise2o7o3" computerName="USSLCL00134" duration="00:00:00.0099726" startTime="2012-06-22T17:16:37.4865611-06:00" endTime="2012-06-22T17:16:37.5125626-06:00" testType="13cdc9d9-ddb5-4fa4-a97d-d965ccfc6d4b" outcome="Passed" testListId="8c84fa94-04c1-424b-9868-57a2d4851a1d" relativeResultsDirectory="b177e16d-fb84-4f9c-9566-9db8d88e5618">
    </UnitTestResult>
    <UnitTestResult executionId="a30d2c09-a988-4e68-8031-4a62b092e807" testId="ae083652-0bf7-c673-dce4-870a432603ee" testName="Exercise2o7o4" computerName="USSLCL00134" duration="00:00:00.0024336" startTime="2012-06-22T17:16:37.5175629-06:00" endTime="2012-06-22T17:16:37.5305636-06:00" testType="13cdc9d9-ddb5-4fa4-a97d-d965ccfc6d4b" outcome="Passed" testListId="8c84fa94-04c1-424b-9868-57a2d4851a1d" relativeResultsDirectory="a30d2c09-a988-4e68-8031-4a62b092e807">
    </UnitTestResult>
    <UnitTestResult executionId="392e637f-82f1-46b4-bca6-7cf71debc1d6" testId="c028a664-47e7-d1e0-a29b-c2782421ecca" testName="Exercise2o7o5" computerName="USSLCL00134" duration="00:00:00.0019093" startTime="2012-06-22T17:16:37.5345639-06:00" endTime="2012-06-22T17:16:37.5465645-06:00" testType="13cdc9d9-ddb5-4fa4-a97d-d965ccfc6d4b" outcome="Passed" testListId="8c84fa94-04c1-424b-9868-57a2d4851a1d" relativeResultsDirectory="392e637f-82f1-46b4-bca6-7cf71debc1d6">
    </UnitTestResult>
    <UnitTestResult executionId="26007ecc-d1fa-473c-b471-c7ab5e2510a7" testId="b02641ef-4dbb-1d38-fc9f-e1bd29220c37" testName="Exercise2o7o7" computerName="USSLCL00134" duration="00:00:00.0023921" startTime="2012-06-22T17:16:37.5705659-06:00" endTime="2012-06-22T17:16:37.5825666-06:00" testType="13cdc9d9-ddb5-4fa4-a97d-d965ccfc6d4b" outcome="Passed" testListId="8c84fa94-04c1-424b-9868-57a2d4851a1d" relativeResultsDirectory="26007ecc-d1fa-473c-b471-c7ab5e2510a7">
    </UnitTestResult>
    <UnitTestResult executionId="72cd27bf-b82c-4ad6-a362-e61e2f53e632" testId="f2c9598d-6c11-6ff1-ac6e-8c319ed45aad" testName="Exercise2o7o9" computerName="USSLCL00134" duration="00:00:00.0019355" startTime="2012-06-22T17:16:37.5865668-06:00" endTime="2012-06-22T17:16:37.5975675-06:00" testType="13cdc9d9-ddb5-4fa4-a97d-d965ccfc6d4b" outcome="Passed" testListId="8c84fa94-04c1-424b-9868-57a2d4851a1d" relativeResultsDirectory="72cd27bf-b82c-4ad6-a362-e61e2f53e632">
    </UnitTestResult>
    <UnitTestResult executionId="423a95d1-2466-4f60-b7dc-0b0c1dd03940" testId="c93ffe48-5243-dfb2-8a93-461c879cf606" testName="ZeroTest" computerName="USSLCL00134" duration="00:00:00.0003487" startTime="2012-06-22T17:16:37.6015677-06:00" endTime="2012-06-22T17:16:37.6155685-06:00" testType="13cdc9d9-ddb5-4fa4-a97d-d965ccfc6d4b" outcome="Passed" testListId="8c84fa94-04c1-424b-9868-57a2d4851a1d" relativeResultsDirectory="423a95d1-2466-4f60-b7dc-0b0c1dd03940">
    </UnitTestResult>
    <UnitTestResult executionId="b5dfaaa8-5e34-45b6-947c-cf895d81423c" testId="bc5ed1ac-46cb-3ce7-5958-bc8141b19b62" testName="OneTest" computerName="USSLCL00134" duration="00:00:00.0004353" startTime="2012-06-22T17:16:37.6245690-06:00" endTime="2012-06-22T17:16:37.6395699-06:00" testType="13cdc9d9-ddb5-4fa4-a97d-d965ccfc6d4b" outcome="Passed" testListId="8c84fa94-04c1-424b-9868-57a2d4851a1d" relativeResultsDirectory="b5dfaaa8-5e34-45b6-947c-cf895d81423c">
    </UnitTestResult>
    <UnitTestResult executionId="16048810-dfae-4b70-943e-1c14e5ed4974" testId="e817df08-1352-7924-6f37-9159ad0539e6" testName="NegativeOneTest" computerName="USSLCL00134" duration="00:00:00.0004631" startTime="2012-06-22T17:16:37.6495704-06:00" endTime="2012-06-22T17:16:37.6715717-06:00" testType="13cdc9d9-ddb5-4fa4-a97d-d965ccfc6d4b" outcome="Passed" testListId="8c84fa94-04c1-424b-9868-57a2d4851a1d" relativeResultsDirectory="16048810-dfae-4b70-943e-1c14e5ed4974">
    </UnitTestResult>
    <UnitTestResult executionId="497e61ec-4ef8-4476-9563-06f7350af111" testId="2705846c-0b46-907b-6d14-254e6bc6494a" testName="NegativeITest" computerName="USSLCL00134" duration="00:00:00.0003329" startTime="2012-06-22T17:16:37.6825723-06:00" endTime="2012-06-22T17:16:37.6955731-06:00" testType="13cdc9d9-ddb5-4fa4-a97d-d965ccfc6d4b" outcome="Passed" testListId="8c84fa94-04c1-424b-9868-57a2d4851a1d" relativeResultsDirectory="497e61ec-4ef8-4476-9563-06f7350af111">
    </UnitTestResult>
    <UnitTestResult executionId="c8540c62-e5f1-4c38-bde1-f71ab1e10cc9" testId="c184168b-7b90-1c26-9870-9e31f6f1dde3" testName="RealTest" computerName="USSLCL00134" duration="00:00:00.0003583" startTime="2012-06-22T17:16:37.7005733-06:00" endTime="2012-06-22T17:16:37.7125740-06:00" testType="13cdc9d9-ddb5-4fa4-a97d-d965ccfc6d4b" outcome="Passed" testListId="8c84fa94-04c1-424b-9868-57a2d4851a1d" relativeResultsDirectory="c8540c62-e5f1-4c38-bde1-f71ab1e10cc9">
    </UnitTestResult>
    <UnitTestResult executionId="267cabd3-6db6-4876-b4fb-09bf1d101e19" testId="f2fd9c40-ebed-2a46-34fc-5586a484fe11" testName="ImaginaryTest" computerName="USSLCL00134" duration="00:00:00.0002933" startTime="2012-06-22T17:16:37.7245747-06:00" endTime="2012-06-22T17:16:37.7355753-06:00" testType="13cdc9d9-ddb5-4fa4-a97d-d965ccfc6d4b" outcome="Passed" testListId="8c84fa94-04c1-424b-9868-57a2d4851a1d" relativeResultsDirectory="267cabd3-6db6-4876-b4fb-09bf1d101e19">
    </UnitTestResult>
    <UnitTestResult executionId="ccbeb858-1565-49af-8012-a1891acd9f6b" testId="48d6f10d-3141-2ae9-4d33-c4a338f334ee" testName="ITest" computerName="USSLCL00134" duration="00:00:00.0003222" startTime="2012-06-22T17:16:37.7405756-06:00" endTime="2012-06-22T17:16:37.7505762-06:00" testType="13cdc9d9-ddb5-4fa4-a97d-d965ccfc6d4b" outcome="Passed" testListId="8c84fa94-04c1-424b-9868-57a2d4851a1d" relativeResultsDirectory="ccbeb858-1565-49af-8012-a1891acd9f6b">
    </UnitTestResult>
    <UnitTestResult executionId="c10d6a52-d9ee-4013-a870-0b380901651d" testId="728da468-f507-e742-b2ad-f61f3c2f234c" testName="op_AdditionTest" computerName="USSLCL00134" duration="00:00:00.0006936" startTime="2012-06-22T17:16:37.7555765-06:00" endTime="2012-06-22T17:16:37.7675772-06:00" testType="13cdc9d9-ddb5-4fa4-a97d-d965ccfc6d4b" outcome="Passed" testListId="8c84fa94-04c1-424b-9868-57a2d4851a1d" relativeResultsDirectory="c10d6a52-d9ee-4013-a870-0b380901651d">
    </UnitTestResult>
    <UnitTestResult executionId="064f0c81-c0f0-45f5-b31f-b7c2412da65b" testId="e6cae91e-3af9-1d6d-3935-2160925e38e7" testName="ToStringTest" computerName="USSLCL00134" duration="00:00:00.0004896" startTime="2012-06-22T17:16:37.7725775-06:00" endTime="2012-06-22T17:16:37.7825780-06:00" testType="13cdc9d9-ddb5-4fa4-a97d-d965ccfc6d4b" outcome="Passed" testListId="8c84fa94-04c1-424b-9868-57a2d4851a1d" relativeResultsDirectory="064f0c81-c0f0-45f5-b31f-b7c2412da65b">
    </UnitTestResult>
    <UnitTestResult executionId="e885c5fd-79e1-42a6-bec3-860417eb554e" testId="a2a281b6-476e-eb5a-45e5-afa89a5fb8b5" testName="op_MultiplyTest" computerName="USSLCL00134" duration="00:00:00.0005223" startTime="2012-06-22T17:16:37.7935787-06:00" endTime="2012-06-22T17:16:37.8045793-06:00" testType="13cdc9d9-ddb5-4fa4-a97d-d965ccfc6d4b" outcome="Passed" testListId="8c84fa94-04c1-424b-9868-57a2d4851a1d" relativeResultsDirectory="e885c5fd-79e1-42a6-bec3-860417eb554e">
    </UnitTestResult>
    <UnitTestResult executionId="d80d435f-d016-4ad9-8af2-fd4dcf3d20da" testId="8071e8fe-9b4b-2580-cbc1-7f7b5fdb3e47" testName="op_DivisionTest" computerName="USSLCL00134" duration="00:00:00.0008207" startTime="2012-06-22T17:16:37.8105796-06:00" endTime="2012-06-22T17:16:37.8215803-06:00" testType="13cdc9d9-ddb5-4fa4-a97d-d965ccfc6d4b" outcome="Passed" testListId="8c84fa94-04c1-424b-9868-57a2d4851a1d" relativeResultsDirectory="d80d435f-d016-4ad9-8af2-fd4dcf3d20da">
    </UnitTestResult>
    <UnitTestResult executionId="38a72ce4-47f1-42ad-8c23-6885d212e197" testId="85bc1fba-aa1e-c1ef-9000-a508e9350978" testName="ModulusTest" computerName="USSLCL00134" duration="00:00:00.0003518" startTime="2012-06-22T17:16:37.8255805-06:00" endTime="2012-06-22T17:16:37.8365811-06:00" testType="13cdc9d9-ddb5-4fa4-a97d-d965ccfc6d4b" outcome="Passed" testListId="8c84fa94-04c1-424b-9868-57a2d4851a1d" relativeResultsDirectory="38a72ce4-47f1-42ad-8c23-6885d212e197">
    </UnitTestResult>
    <UnitTestResult executionId="314e243e-8140-4180-9602-6d4f4252c9e5" testId="d1e32dc2-f33f-5363-4a8c-0ea170a9c822" testName="ConjugateTest" computerName="USSLCL00134" duration="00:00:00.0003553" startTime="2012-06-22T17:16:37.8435815-06:00" endTime="2012-06-22T17:16:37.8545822-06:00" testType="13cdc9d9-ddb5-4fa4-a97d-d965ccfc6d4b" outcome="Passed" testListId="8c84fa94-04c1-424b-9868-57a2d4851a1d" relativeResultsDirectory="314e243e-8140-4180-9602-6d4f4252c9e5">
    </UnitTestResult>
    <UnitTestResult executionId="b072e417-e680-4f94-a80d-871e02299fca" testId="aaa025c4-539f-dc62-f50b-af3c4325c449" testName="GetAngleTest" computerName="USSLCL00134" duration="00:00:00.0005373" startTime="2012-06-22T17:16:37.8615826-06:00" endTime="2012-06-22T17:16:37.8745833-06:00" testType="13cdc9d9-ddb5-4fa4-a97d-d965ccfc6d4b" outcome="Passed" testListId="8c84fa94-04c1-424b-9868-57a2d4851a1d" relativeResultsDirectory="b072e417-e680-4f94-a80d-871e02299fca">
    </UnitTestResult>
    <UnitTestResult executionId="11d07f5b-0995-422a-a407-79d2b7917a8c" testId="9e43b977-3c91-5be2-de15-4f95a8e1f8c7" testName="GetAngleDegreesTest" computerName="USSLCL00134" duration="00:00:00.0005539" startTime="2012-06-22T17:16:37.8785835-06:00" endTime="2012-06-22T17:16:37.8905842-06:00" testType="13cdc9d9-ddb5-4fa4-a97d-d965ccfc6d4b" outcome="Passed" testListId="8c84fa94-04c1-424b-9868-57a2d4851a1d" relativeResultsDirectory="11d07f5b-0995-422a-a407-79d2b7917a8c">
    </UnitTestResult>
    <UnitTestResult executionId="00cc995c-48dc-4e0c-af7e-da36c367a1b4" testId="5783bddb-fec7-d995-a012-a4ea9e07bdbd" testName="SetPolarCoordinatesTest" computerName="USSLCL00134" duration="00:00:00.0005339" startTime="2012-06-22T17:16:37.8955845-06:00" endTime="2012-06-22T17:16:37.9075852-06:00" testType="13cdc9d9-ddb5-4fa4-a97d-d965ccfc6d4b" outcome="Passed" testListId="8c84fa94-04c1-424b-9868-57a2d4851a1d" relativeResultsDirectory="00cc995c-48dc-4e0c-af7e-da36c367a1b4">
    </UnitTestResult>
    <UnitTestResult executionId="3a5c31a1-8e26-43e8-9f58-02bf1e45414f" testId="7f3420a7-c01c-ee16-8a61-460ee76e48af" testName="SetCartesianCoordinatesTest" computerName="USSLCL00134" duration="00:00:00.0004896" startTime="2012-06-22T17:16:37.9125855-06:00" endTime="2012-06-22T17:16:37.9235861-06:00" testType="13cdc9d9-ddb5-4fa4-a97d-d965ccfc6d4b" outcome="Passed" testListId="8c84fa94-04c1-424b-9868-57a2d4851a1d" relativeResultsDirectory="3a5c31a1-8e26-43e8-9f58-02bf1e45414f">
    </UnitTestResult>
    <UnitTestResult executionId="cdfde3ac-df30-4dda-9943-0ba83984cb69" testId="cad52bb7-add3-40f2-d3bf-b3532e5f7a63" testName="DivideTest" computerName="USSLCL00134" duration="00:00:00.0008091" startTime="2012-06-22T17:16:37.9285864-06:00" endTime="2012-06-22T17:16:37.9415871-06:00" testType="13cdc9d9-ddb5-4fa4-a97d-d965ccfc6d4b" outcome="Passed" testListId="8c84fa94-04c1-424b-9868-57a2d4851a1d" relativeResultsDirectory="cdfde3ac-df30-4dda-9943-0ba83984cb69">
    </UnitTestResult>
    <UnitTestResult executionId="9a4eeb06-71b3-4128-b62b-453c2431cc39" testId="2461313c-95d1-07bf-c932-ab214f8a619b" testName="op_PowerTest" computerName="USSLCL00134" duration="00:00:00.0006521" startTime="2012-06-22T17:16:37.9505876-06:00" endTime="2012-06-22T17:16:37.9615883-06:00" testType="13cdc9d9-ddb5-4fa4-a97d-d965ccfc6d4b" outcome="Passed" testListId="8c84fa94-04c1-424b-9868-57a2d4851a1d" relativeResultsDirectory="9a4eeb06-71b3-4128-b62b-453c2431cc39">
    </UnitTestResult>
    <UnitTestResult executionId="b54e2e1a-f0f3-4168-b740-e8c3631a5774" testId="b88b9ca8-ba65-70cd-81ce-345ab5fb1d53" testName="RootTest" computerName="USSLCL00134" duration="00:00:00.0006509" startTime="2012-06-22T17:16:37.9655885-06:00" endTime="2012-06-22T17:16:37.9765891-06:00" testType="13cdc9d9-ddb5-4fa4-a97d-d965ccfc6d4b" outcome="Passed" testListId="8c84fa94-04c1-424b-9868-57a2d4851a1d" relativeResultsDirectory="b54e2e1a-f0f3-4168-b740-e8c3631a5774">
    </UnitTestResult>
    <UnitTestResult executionId="40b40b40-ceb2-40c0-a435-4d14f46d55fa" testId="fb89f0d9-b250-f580-809f-a6350fa8fd66" testName="PolarCoordinatesTest" computerName="USSLCL00134" duration="00:00:00.0004854" startTime="2012-06-22T17:16:37.9815894-06:00" endTime="2012-06-22T17:16:37.9915900-06:00" testType="13cdc9d9-ddb5-4fa4-a97d-d965ccfc6d4b" outcome="Passed" testListId="8c84fa94-04c1-424b-9868-57a2d4851a1d" relativeResultsDirectory="40b40b40-ceb2-40c0-a435-4d14f46d55fa">
    </UnitTestResult>
    <UnitTestResult executionId="9bc95e45-894f-4daf-abd7-f7bc1388bae7" testId="33874d17-d7f8-330a-d70a-23c0ca497170" testName="CartesianCoordinatesTest" computerName="USSLCL00134" duration="00:00:00.0006447" startTime="2012-06-22T17:16:37.9965903-06:00" endTime="2012-06-22T17:16:38.0085910-06:00" testType="13cdc9d9-ddb5-4fa4-a97d-d965ccfc6d4b" outcome="Passed" testListId="8c84fa94-04c1-424b-9868-57a2d4851a1d" relativeResultsDirectory="9bc95e45-894f-4daf-abd7-f7bc1388bae7">
    </UnitTestResult>
    <UnitTestResult executionId="a46bc557-3446-4e6b-a26c-12cb1c80051c" testId="64c1c071-8523-ad97-417a-c762f98be0b4" testName="ExponentialFormTest" computerName="USSLCL00134" duration="00:00:00.0006590" startTime="2012-06-22T17:16:38.0175915-06:00" endTime="2012-06-22T17:16:38.0305922-06:00" testType="13cdc9d9-ddb5-4fa4-a97d-d965ccfc6d4b" outcome="Passed" testListId="8c84fa94-04c1-424b-9868-57a2d4851a1d" relativeResultsDirectory="a46bc557-3446-4e6b-a26c-12cb1c80051c">
    </UnitTestResult>
    <UnitTestResult executionId="4b97ceb8-f6c5-48dc-ac76-c2c62f7a8ec2" testId="7892f007-71df-5c3b-ebcf-6ef2c37fadc0" testName="op_SubtractionTest" computerName="USSLCL00134" duration="00:00:00.0006632" startTime="2012-06-22T17:16:38.0365926-06:00" endTime="2012-06-22T17:16:38.0485933-06:00" testType="13cdc9d9-ddb5-4fa4-a97d-d965ccfc6d4b" outcome="Passed" testListId="8c84fa94-04c1-424b-9868-57a2d4851a1d" relativeResultsDirectory="4b97ceb8-f6c5-48dc-ac76-c2c62f7a8ec2">
    </UnitTestResult>
    <UnitTestResult executionId="e1808b1c-1eb5-4665-b6ce-e17d29993d50" testId="a250f3fb-9de6-3396-c0f7-a3dadfe0ee2c" testName="op_MultiplyTest1" computerName="USSLCL00134" duration="00:00:00.0003607" startTime="2012-06-22T17:16:38.0535935-06:00" endTime="2012-06-22T17:16:38.0635941-06:00" testType="13cdc9d9-ddb5-4fa4-a97d-d965ccfc6d4b" outcome="Passed" testListId="8c84fa94-04c1-424b-9868-57a2d4851a1d" relativeResultsDirectory="e1808b1c-1eb5-4665-b6ce-e17d29993d50">
    </UnitTestResult>
    <UnitTestResult executionId="6deb56f2-13e4-44d3-bc3e-bf19e8111d12" testId="6453b38b-95cb-b6aa-9375-25acdc4c2487" testName="op_MultiplyTest2" computerName="USSLCL00134" duration="00:00:00.0003541" startTime="2012-06-22T17:16:38.0685944-06:00" endTime="2012-06-22T17:16:38.0795950-06:00" testType="13cdc9d9-ddb5-4fa4-a97d-d965ccfc6d4b" outcome="Passed" testListId="8c84fa94-04c1-424b-9868-57a2d4851a1d" relativeResultsDirectory="6deb56f2-13e4-44d3-bc3e-bf19e8111d12">
    </UnitTestResult>
    <UnitTestResult executionId="a3455610-835b-42be-b756-161a6fba69cf" testId="7f620adb-a555-cf8e-6039-9aba1a009772" testName="InnerProductTest" computerName="USSLCL00134" duration="00:00:00.0005851" startTime="2012-06-22T17:16:38.0845953-06:00" endTime="2012-06-22T17:16:38.0955959-06:00" testType="13cdc9d9-ddb5-4fa4-a97d-d965ccfc6d4b" outcome="Passed" testListId="8c84fa94-04c1-424b-9868-57a2d4851a1d" relativeResultsDirectory="a3455610-835b-42be-b756-161a6fba69cf">
    </UnitTestResult>
    <UnitTestResult executionId="2ddfd6e9-b17c-4d4e-a112-009de67d9e1d" testId="2c5f1bbd-c340-38e3-42f3-b2209263335f" testName="Exercise1o2o3" computerName="USSLCL00134" duration="00:00:00.0005477" startTime="2012-06-22T17:16:38.1005962-06:00" endTime="2012-06-22T17:16:38.1115969-06:00" testType="13cdc9d9-ddb5-4fa4-a97d-d965ccfc6d4b" outcome="Passed" testListId="8c84fa94-04c1-424b-9868-57a2d4851a1d" relativeResultsDirectory="2ddfd6e9-b17c-4d4e-a112-009de67d9e1d">
    </UnitTestResult>
    <UnitTestResult executionId="9d45cc2c-7246-4cd5-b688-b3fcfe46c3bd" testId="afbb9659-a5fc-9266-3d62-d7f0d8dcbab6" testName="Exercise1o2o4" computerName="USSLCL00134" duration="00:00:00.0003333" startTime="2012-06-22T17:16:38.1175972-06:00" endTime="2012-06-22T17:16:38.1275978-06:00" testType="13cdc9d9-ddb5-4fa4-a97d-d965ccfc6d4b" outcome="Passed" testListId="8c84fa94-04c1-424b-9868-57a2d4851a1d" relativeResultsDirectory="9d45cc2c-7246-4cd5-b688-b3fcfe46c3bd">
    </UnitTestResult>
    <UnitTestResult executionId="5ec3dc7e-c8cc-4f23-b56d-b0565a79ce45" testId="511a4f61-ce89-55d2-60bf-217e67e9f532" testName="Exercise1o2o12" computerName="USSLCL00134" duration="00:00:00.0003549" startTime="2012-06-22T17:16:38.1335981-06:00" endTime="2012-06-22T17:16:38.1435987-06:00" testType="13cdc9d9-ddb5-4fa4-a97d-d965ccfc6d4b" outcome="Passed" testListId="8c84fa94-04c1-424b-9868-57a2d4851a1d" relativeResultsDirectory="5ec3dc7e-c8cc-4f23-b56d-b0565a79ce45">
    </UnitTestResult>
    <UnitTestResult executionId="dac0854b-a5b4-4dd1-9c8a-87db7af89ce0" testId="69c0b0c9-79e3-762b-51b3-d77e96aed020" testName="Exercise1o3o2" computerName="USSLCL00134" duration="00:00:00.0004238" startTime="2012-06-22T17:16:38.1485990-06:00" endTime="2012-06-22T17:16:38.1806008-06:00" testType="13cdc9d9-ddb5-4fa4-a97d-d965ccfc6d4b" outcome="Passed" testListId="8c84fa94-04c1-424b-9868-57a2d4851a1d" relativeResultsDirectory="dac0854b-a5b4-4dd1-9c8a-87db7af89ce0">
    </UnitTestResult>
    <UnitTestResult executionId="1d13c182-0234-4b0e-b230-541eff7750b3" testId="70274760-027a-23e7-88b1-7688da4db4eb" testName="Exercise1o3o3" computerName="USSLCL00134" duration="00:00:00.0004392" startTime="2012-06-22T17:16:38.1886013-06:00" endTime="2012-06-22T17:16:38.2006019-06:00" testType="13cdc9d9-ddb5-4fa4-a97d-d965ccfc6d4b" outcome="Passed" testListId="8c84fa94-04c1-424b-9868-57a2d4851a1d" relativeResultsDirectory="1d13c182-0234-4b0e-b230-541eff7750b3">
    </UnitTestResult>
    <UnitTestResult executionId="682c2b89-a968-4442-9e1f-9331d0430f3e" testId="07679b95-0c77-33dd-c8d5-e1376510063a" testName="Exercise1o3o4" computerName="USSLCL00134" duration="00:00:00.0003553" startTime="2012-06-22T17:16:38.2126026-06:00" endTime="2012-06-22T17:16:38.2236033-06:00" testType="13cdc9d9-ddb5-4fa4-a97d-d965ccfc6d4b" outcome="Passed" testListId="8c84fa94-04c1-424b-9868-57a2d4851a1d" relativeResultsDirectory="682c2b89-a968-4442-9e1f-9331d0430f3e">
    </UnitTestResult>
    <UnitTestResult executionId="92ff2ec0-576d-4b69-b694-bbd7a8c210b8" testId="b3de0653-64d2-8615-b480-d5f14ca81853" testName="Exercise1o3o7" computerName="USSLCL00134" duration="00:00:00.0002783" startTime="2012-06-22T17:16:38.2356039-06:00" endTime="2012-06-22T17:16:38.2476046-06:00" testType="13cdc9d9-ddb5-4fa4-a97d-d965ccfc6d4b" outcome="Passed" testListId="8c84fa94-04c1-424b-9868-57a2d4851a1d" relativeResultsDirectory="92ff2ec0-576d-4b69-b694-bbd7a8c210b8">
    </UnitTestResult>
    <UnitTestResult executionId="3a3e50cb-e99a-46ba-bd5d-64e00c70fd45" testId="4d151c41-de40-a77d-9114-a00800a2f22f" testName="Exercise1o3o8" computerName="USSLCL00134" duration="00:00:00.0003006" startTime="2012-06-22T17:16:38.2576052-06:00" endTime="2012-06-22T17:16:38.2866069-06:00" testType="13cdc9d9-ddb5-4fa4-a97d-d965ccfc6d4b" outcome="Passed" testListId="8c84fa94-04c1-424b-9868-57a2d4851a1d" relativeResultsDirectory="3a3e50cb-e99a-46ba-bd5d-64e00c70fd45">
    </UnitTestResult>
    <UnitTestResult executionId="11590007-2a45-42d1-9ebf-c26797254b46" testId="fa18e5a6-2bc3-12df-bb51-c37d30f52f95" testName="Exercise1o3o9" computerName="USSLCL00134" duration="00:00:00.0003295" startTime="2012-06-22T17:16:38.2916072-06:00" endTime="2012-06-22T17:16:38.3026078-06:00" testType="13cdc9d9-ddb5-4fa4-a97d-d965ccfc6d4b" outcome="Passed" testListId="8c84fa94-04c1-424b-9868-57a2d4851a1d" relativeResultsDirectory="11590007-2a45-42d1-9ebf-c26797254b46">
    </UnitTestResult>
    <UnitTestResult executionId="152165f6-c46f-4227-bce5-228aa3d74c2b" testId="fa106201-6689-e149-ee9f-22bc394d4b15" testName="MatrixConstructorTest" computerName="USSLCL00134" duration="00:00:00.0014412" startTime="2012-06-22T17:16:38.3166086-06:00" endTime="2012-06-22T17:16:38.3286093-06:00" testType="13cdc9d9-ddb5-4fa4-a97d-d965ccfc6d4b" outcome="Passed" testListId="8c84fa94-04c1-424b-9868-57a2d4851a1d" relativeResultsDirectory="152165f6-c46f-4227-bce5-228aa3d74c2b">
    </UnitTestResult>
    <UnitTestResult executionId="b0bd51a9-a44e-4e33-9d11-b5bc7b93132e" testId="df464f9e-b112-5566-5b91-0946280686ed" testName="op_UnaryNegationTest" computerName="USSLCL00134" duration="00:00:00.0009146" startTime="2012-06-22T17:16:38.3366097-06:00" endTime="2012-06-22T17:16:38.3486104-06:00" testType="13cdc9d9-ddb5-4fa4-a97d-d965ccfc6d4b" outcome="Passed" testListId="8c84fa94-04c1-424b-9868-57a2d4851a1d" relativeResultsDirectory="b0bd51a9-a44e-4e33-9d11-b5bc7b93132e">
    </UnitTestResult>
    <UnitTestResult executionId="085b9c83-5e82-4c72-ab2d-7892a28fc587" testId="8283d241-590a-b382-504b-bad3e64fc92e" testName="op_SubtractionTest" computerName="USSLCL00134" duration="00:00:00.0011067" startTime="2012-06-22T17:16:38.3526106-06:00" endTime="2012-06-22T17:16:38.3626112-06:00" testType="13cdc9d9-ddb5-4fa4-a97d-d965ccfc6d4b" outcome="Passed" testListId="8c84fa94-04c1-424b-9868-57a2d4851a1d" relativeResultsDirectory="085b9c83-5e82-4c72-ab2d-7892a28fc587">
    </UnitTestResult>
    <UnitTestResult executionId="056992dc-4def-4604-9b07-cc885330704e" testId="843d4548-139b-668c-d827-42f4346b3ef0" testName="op_AdditionTest" computerName="USSLCL00134" duration="00:00:00.0012280" startTime="2012-06-22T17:16:38.3706117-06:00" endTime="2012-06-22T17:16:38.3816123-06:00" testType="13cdc9d9-ddb5-4fa4-a97d-d965ccfc6d4b" outcome="Passed" testListId="8c84fa94-04c1-424b-9868-57a2d4851a1d" relativeResultsDirectory="056992dc-4def-4604-9b07-cc885330704e">
    </UnitTestResult>
    <UnitTestResult executionId="002268e4-bcf9-48c0-9546-5f5ea6543a83" testId="0599638c-2006-192a-49da-9fa79df3b55e" testName="op_MultiplyTest" computerName="USSLCL00134" duration="00:00:00.0034965" startTime="2012-06-22T17:16:38.3876126-06:00" endTime="2012-06-22T17:16:38.4016134-06:00" testType="13cdc9d9-ddb5-4fa4-a97d-d965ccfc6d4b" outcome="Passed" testListId="8c84fa94-04c1-424b-9868-57a2d4851a1d" relativeResultsDirectory="002268e4-bcf9-48c0-9546-5f5ea6543a83">
    </UnitTestResult>
    <UnitTestResult executionId="b16b0200-3de5-40fc-8c6d-2d072a9ca094" testId="84b36a15-9006-9254-a29b-b856bea432a4" testName="op_InequalityTest" computerName="USSLCL00134" duration="00:00:00.0013411" startTime="2012-06-22T17:16:38.4066137-06:00" endTime="2012-06-22T17:16:38.4186144-06:00" testType="13cdc9d9-ddb5-4fa4-a97d-d965ccfc6d4b" outcome="Passed" testListId="8c84fa94-04c1-424b-9868-57a2d4851a1d" relativeResultsDirectory="b16b0200-3de5-40fc-8c6d-2d072a9ca094">
    </UnitTestResult>
    <UnitTestResult executionId="21f6ba3d-3193-4bb0-9cdc-0a4e010e51fb" testId="9cca6d32-4a0b-e5dd-1a59-a901edd68fd6" testName="op_EqualityTest" computerName="USSLCL00134" duration="00:00:00.0013758" startTime="2012-06-22T17:16:38.4236147-06:00" endTime="2012-06-22T17:16:38.4346153-06:00" testType="13cdc9d9-ddb5-4fa4-a97d-d965ccfc6d4b" outcome="Passed" testListId="8c84fa94-04c1-424b-9868-57a2d4851a1d" relativeResultsDirectory="21f6ba3d-3193-4bb0-9cdc-0a4e010e51fb">
    </UnitTestResult>
    <UnitTestResult executionId="dbf5e893-d42c-43fa-b3c3-2409862f9cbf" testId="e620761f-f36f-3a30-5a60-f84267c8154b" testName="EqualsTest" computerName="USSLCL00134" duration="00:00:00.0014116" startTime="2012-06-22T17:16:38.4416157-06:00" endTime="2012-06-22T17:16:38.4536164-06:00" testType="13cdc9d9-ddb5-4fa4-a97d-d965ccfc6d4b" outcome="Passed" testListId="8c84fa94-04c1-424b-9868-57a2d4851a1d" relativeResultsDirectory="dbf5e893-d42c-43fa-b3c3-2409862f9cbf">
    </UnitTestResult>
    <UnitTestResult executionId="913d555f-a33f-4138-8c26-cbbef552d6e2" testId="3b6c1979-5d5b-f7df-8831-5e65b0e818fd" testName="CompareSizeTest" computerName="USSLCL00134" duration="00:00:00.0007429" startTime="2012-06-22T17:16:38.4596168-06:00" endTime="2012-06-22T17:16:38.4706174-06:00" testType="13cdc9d9-ddb5-4fa4-a97d-d965ccfc6d4b" outcome="Passed" testListId="8c84fa94-04c1-424b-9868-57a2d4851a1d" relativeResultsDirectory="913d555f-a33f-4138-8c26-cbbef552d6e2">
    </UnitTestResult>
    <UnitTestResult executionId="4f219b77-bdcf-4d14-9ab6-1c9f20f92ab9" testId="10573e1f-0aa2-6e3a-c6a4-1a9a094661dc" testName="TransposeTest" computerName="USSLCL00134" duration="00:00:00.0021184" startTime="2012-06-22T17:16:38.4946188-06:00" endTime="2012-06-22T17:16:38.5066194-06:00" testType="13cdc9d9-ddb5-4fa4-a97d-d965ccfc6d4b" outcome="Passed" testListId="8c84fa94-04c1-424b-9868-57a2d4851a1d" relativeResultsDirectory="4f219b77-bdcf-4d14-9ab6-1c9f20f92ab9">
    </UnitTestResult>
    <UnitTestResult executionId="5754e7cd-c6f1-4d5f-a53b-d7775ec200a6" testId="194ba9b1-34c4-2b4a-2ba8-b132b9ebf998" testName="op_MultiplyTest1" computerName="USSLCL00134" duration="00:00:00.0060726" startTime="2012-06-22T17:16:38.5116197-06:00" endTime="2012-06-22T17:16:38.5276207-06:00" testType="13cdc9d9-ddb5-4fa4-a97d-d965ccfc6d4b" outcome="Passed" testListId="8c84fa94-04c1-424b-9868-57a2d4851a1d" relativeResultsDirectory="5754e7cd-c6f1-4d5f-a53b-d7775ec200a6">
    </UnitTestResult>
    <UnitTestResult executionId="91db6e9d-bcdb-47a0-b94f-c3bf6ba97077" testId="c446db48-fe0d-6c23-577a-d3adf5810ca1" testName="op_MultiplyMatrixWithVector" computerName="USSLCL00134" duration="00:00:00.0021919" startTime="2012-06-22T17:16:38.5326209-06:00" endTime="2012-06-22T17:16:38.5446216-06:00" testType="13cdc9d9-ddb5-4fa4-a97d-d965ccfc6d4b" outcome="Passed" testListId="8c84fa94-04c1-424b-9868-57a2d4851a1d" relativeResultsDirectory="91db6e9d-bcdb-47a0-b94f-c3bf6ba97077">
    </UnitTestResult>
    <UnitTestResult executionId="c235a388-c240-45bd-bcd9-ff77a4a07612" testId="25da0ecb-8f65-f3a6-c92d-fed8f87247e6" testName="IdentityMatrixTest" computerName="USSLCL00134" duration="00:00:00.0009004" startTime="2012-06-22T17:16:38.5496219-06:00" endTime="2012-06-22T17:16:38.5606225-06:00" testType="13cdc9d9-ddb5-4fa4-a97d-d965ccfc6d4b" outcome="Passed" testListId="8c84fa94-04c1-424b-9868-57a2d4851a1d" relativeResultsDirectory="c235a388-c240-45bd-bcd9-ff77a4a07612">
    </UnitTestResult>
    <UnitTestResult executionId="98fb229d-f144-47d2-bc0b-1cd9f6b8a820" testId="a462fc82-d08d-a927-6e82-ea09024ca4ef" testName="TraceTest" computerName="USSLCL00134" duration="00:00:00.0159560" startTime="2012-06-22T17:16:38.5656228-06:00" endTime="2012-06-22T17:16:38.5906243-06:00" testType="13cdc9d9-ddb5-4fa4-a97d-d965ccfc6d4b" outcome="Passed" testListId="8c84fa94-04c1-424b-9868-57a2d4851a1d" relativeResultsDirectory="98fb229d-f144-47d2-bc0b-1cd9f6b8a820">
    </UnitTestResult>
    <UnitTestResult executionId="e744cbb2-82a9-4c6e-b084-42bebea9f319" testId="84a3a475-fcd9-a697-a886-bb4311389ff1" testName="InnerProductTest" computerName="USSLCL00134" duration="00:00:00.0020233" startTime="2012-06-22T17:16:38.5956245-06:00" endTime="2012-06-22T17:16:38.6076252-06:00" testType="13cdc9d9-ddb5-4fa4-a97d-d965ccfc6d4b" outcome="Passed" testListId="8c84fa94-04c1-424b-9868-57a2d4851a1d" relativeResultsDirectory="e744cbb2-82a9-4c6e-b084-42bebea9f319">
    </UnitTestResult>
    <UnitTestResult executionId="57672ad9-bdec-4c8a-9a78-1552b535d299" testId="e34bbd78-70b7-8bee-c46b-6fb18c901aa2" testName="TensorProductTest" computerName="USSLCL00134" duration="00:00:00.0019151" startTime="2012-06-22T17:16:38.6126255-06:00" endTime="2012-06-22T17:16:38.6256263-06:00" testType="13cdc9d9-ddb5-4fa4-a97d-d965ccfc6d4b" outcome="Passed" testListId="8c84fa94-04c1-424b-9868-57a2d4851a1d" relativeResultsDirectory="57672ad9-bdec-4c8a-9a78-1552b535d299">
    </UnitTestResult>
    <UnitTestResult executionId="49822234-04d2-4aec-a07f-18f25b7aa2f5" testId="59d167f3-98f7-3905-876e-bc940d58c269" testName="op_PowerTest" computerName="USSLCL00134" duration="00:00:00.0037898" startTime="2012-06-22T17:16:38.6306265-06:00" endTime="2012-06-22T17:16:38.6436273-06:00" testType="13cdc9d9-ddb5-4fa4-a97d-d965ccfc6d4b" outcome="Passed" testListId="8c84fa94-04c1-424b-9868-57a2d4851a1d" relativeResultsDirectory="49822234-04d2-4aec-a07f-18f25b7aa2f5">
    </UnitTestResult>
    <UnitTestResult executionId="698ab757-8a38-4396-ac29-8f579eff87c1" testId="8ddf2343-b416-72d4-fe07-7424be6bf3cc" testName="TakeModulusSquaredTest" computerName="USSLCL00134" duration="00:00:00.0029914" startTime="2012-06-22T17:16:38.6486276-06:00" endTime="2012-06-22T17:16:38.6616283-06:00" testType="13cdc9d9-ddb5-4fa4-a97d-d965ccfc6d4b" outcome="Passed" testListId="8c84fa94-04c1-424b-9868-57a2d4851a1d" relativeResultsDirectory="698ab757-8a38-4396-ac29-8f579eff87c1">
    </UnitTestResult>
    <UnitTestResult executionId="da2eabfb-6cc4-4e56-a2cd-daadbd25ac02" testId="3c01b151-3119-7729-69fb-12ad4b09e592" testName="ComplexToDoubleTest" computerName="USSLCL00134" duration="00:00:00.0013842" startTime="2012-06-22T17:16:38.6666286-06:00" endTime="2012-06-22T17:16:38.6776292-06:00" testType="13cdc9d9-ddb5-4fa4-a97d-d965ccfc6d4b" outcome="Passed" testListId="8c84fa94-04c1-424b-9868-57a2d4851a1d" relativeResultsDirectory="da2eabfb-6cc4-4e56-a2cd-daadbd25ac02">
    </UnitTestResult>
    <UnitTestResult executionId="4ee40bac-aeb5-4a66-aad5-8b3ce152a36b" testId="dd1468a1-9af3-1aa0-7b70-41b163e3c3e7" testName="CommutatorTest" computerName="USSLCL00134" duration="00:00:00.0027293" startTime="2012-06-22T17:16:38.6836296-06:00" endTime="2012-06-22T17:16:38.6956303-06:00" testType="13cdc9d9-ddb5-4fa4-a97d-d965ccfc6d4b" outcome="Passed" testListId="8c84fa94-04c1-424b-9868-57a2d4851a1d" relativeResultsDirectory="4ee40bac-aeb5-4a66-aad5-8b3ce152a36b">
    </UnitTestResult>
    <UnitTestResult executionId="83352eda-e2dd-477b-b6f2-65eb048c2d93" testId="2691a8a8-cda7-2520-f88d-5b729c47edea" testName="Number7" computerName="USSLCL00134" duration="00:00:00.0004904" startTime="2012-06-22T17:16:38.6996305-06:00" endTime="2012-06-22T17:16:38.7106311-06:00" testType="13cdc9d9-ddb5-4fa4-a97d-d965ccfc6d4b" outcome="Passed" testListId="8c84fa94-04c1-424b-9868-57a2d4851a1d" relativeResultsDirectory="83352eda-e2dd-477b-b6f2-65eb048c2d93">
    </UnitTestResult>
    <UnitTestResult executionId="cb8c74c0-3940-4391-bf21-e83791444e6b" testId="6b99a904-39c7-b2a5-cb92-c1c5bd5d3c67" testName="Number9" computerName="USSLCL00134" duration="00:00:00.0005462" startTime="2012-06-22T17:16:38.7206317-06:00" endTime="2012-06-22T17:16:38.7296322-06:00" testType="13cdc9d9-ddb5-4fa4-a97d-d965ccfc6d4b" outcome="Passed" testListId="8c84fa94-04c1-424b-9868-57a2d4851a1d" relativeResultsDirectory="cb8c74c0-3940-4391-bf21-e83791444e6b">
    </UnitTestResult>
    <UnitTestResult executionId="5ca3b499-1250-4682-a6b3-bb623bf651e0" testId="45426eba-5da1-7927-75a6-85bf8e09818e" testName="Number11" computerName="USSLCL00134" duration="00:00:00.0006925" startTime="2012-06-22T17:16:38.7346325-06:00" endTime="2012-06-22T17:16:38.7466332-06:00" testType="13cdc9d9-ddb5-4fa4-a97d-d965ccfc6d4b" outcome="Passed" testListId="8c84fa94-04c1-424b-9868-57a2d4851a1d" relativeResultsDirectory="5ca3b499-1250-4682-a6b3-bb623bf651e0">
    </UnitTestResult>
    <UnitTestResult executionId="ca1ca96e-fcac-4ff1-95e2-3872a8b2f889" testId="0ba55472-e42d-ce89-4611-b74239fe58fa" testName="Number13" computerName="USSLCL00134" duration="00:00:00.0008187" startTime="2012-06-22T17:16:38.7536336-06:00" endTime="2012-06-22T17:16:38.7646342-06:00" testType="13cdc9d9-ddb5-4fa4-a97d-d965ccfc6d4b" outcome="Passed" testListId="8c84fa94-04c1-424b-9868-57a2d4851a1d" relativeResultsDirectory="ca1ca96e-fcac-4ff1-95e2-3872a8b2f889">
    </UnitTestResult>
    <UnitTestResult executionId="53603612-5899-4690-9348-0d219e265a18" testId="6dbfaaf3-0c2f-79c7-5448-3d9091ca07d2" testName="Example4o2o12" computerName="USSLCL00134" duration="00:00:00.0015082" startTime="2012-06-22T17:16:38.7706346-06:00" endTime="2012-06-22T17:16:38.7806351-06:00" testType="13cdc9d9-ddb5-4fa4-a97d-d965ccfc6d4b" outcome="Passed" testListId="8c84fa94-04c1-424b-9868-57a2d4851a1d" relativeResultsDirectory="53603612-5899-4690-9348-0d219e265a18">
    </UnitTestResult>
    <UnitTestResult executionId="8a8438e2-453a-4f0b-867c-5af8d44c7639" testId="a6320d81-84be-b348-18dd-019a5fed078d" testName="Example4o2o14" computerName="USSLCL00134" duration="00:00:00.0038014" startTime="2012-06-22T17:16:38.7866355-06:00" endTime="2012-06-22T17:16:38.8006363-06:00" testType="13cdc9d9-ddb5-4fa4-a97d-d965ccfc6d4b" outcome="Passed" testListId="8c84fa94-04c1-424b-9868-57a2d4851a1d" relativeResultsDirectory="8a8438e2-453a-4f0b-867c-5af8d44c7639">
    </UnitTestResult>
    <UnitTestResult executionId="81228188-069a-4b7d-8834-a3075ce72cd3" testId="26598c77-ae79-f56c-1115-9577c1ec0551" testName="Example4o3o1" computerName="USSLCL00134" duration="00:00:00.0012206" startTime="2012-06-22T17:16:38.8086367-06:00" endTime="2012-06-22T17:16:38.8196374-06:00" testType="13cdc9d9-ddb5-4fa4-a97d-d965ccfc6d4b" outcome="Passed" testListId="8c84fa94-04c1-424b-9868-57a2d4851a1d" relativeResultsDirectory="81228188-069a-4b7d-8834-a3075ce72cd3">
    </UnitTestResult>
    <UnitTestResult executionId="34d66df0-5e0e-48bf-8f95-0bd0cdb19d97" testId="c73872e3-de49-0d4a-fbe2-3bd9c4a10210" testName="GetNormalizedVectorTest" computerName="USSLCL00134" duration="00:00:00.0011410" startTime="2012-06-22T17:16:38.8256377-06:00" endTime="2012-06-22T17:16:38.8366383-06:00" testType="13cdc9d9-ddb5-4fa4-a97d-d965ccfc6d4b" outcome="Passed" testListId="8c84fa94-04c1-424b-9868-57a2d4851a1d" relativeResultsDirectory="34d66df0-5e0e-48bf-8f95-0bd0cdb19d97">
    </UnitTestResult>
    <UnitTestResult executionId="8ae77f4c-98ea-4df6-a79e-af9bc36b3619" testId="d1cc7d48-afbd-466f-5015-ef2680fa4bcb" testName="op_DivisionTest" computerName="USSLCL00134" duration="00:00:00.0046933" startTime="2012-06-22T17:16:38.8446388-06:00" endTime="2012-06-22T17:16:38.8586396-06:00" testType="13cdc9d9-ddb5-4fa4-a97d-d965ccfc6d4b" outcome="Passed" testListId="8c84fa94-04c1-424b-9868-57a2d4851a1d" relativeResultsDirectory="8ae77f4c-98ea-4df6-a79e-af9bc36b3619">
    </UnitTestResult>
    <UnitTestResult executionId="ff3027cd-6600-4e1f-9ac8-43b9604b52fb" testId="7ce48d38-4867-2cfe-7006-39c642c6f124" testName="Example4o3o2" computerName="USSLCL00134" duration="00:00:03.6051437" startTime="2012-06-22T17:16:38.8636399-06:00" endTime="2012-06-22T17:16:42.4798467-06:00" testType="13cdc9d9-ddb5-4fa4-a97d-d965ccfc6d4b" outcome="Passed" testListId="8c84fa94-04c1-424b-9868-57a2d4851a1d" relativeResultsDirectory="ff3027cd-6600-4e1f-9ac8-43b9604b52fb">
    </UnitTestResult>
  </Results>
</TestRun>